[2025-11-10T20:36:14.176+0000] {processor.py:161} INFO - Started process (PID=111) to work on /home/airflow/.local/lib/python3.8/site-packages/airflow/example_dags/example_skip_dag.py
[2025-11-10T20:36:14.178+0000] {processor.py:830} INFO - Processing file /home/airflow/.local/lib/python3.8/site-packages/airflow/example_dags/example_skip_dag.py for tasks to queue
[2025-11-10T20:36:14.180+0000] {logging_mixin.py:188} INFO - [2025-11-10T20:36:14.179+0000] {dagbag.py:540} INFO - Filling up the DagBag from /home/airflow/.local/lib/python3.8/site-packages/airflow/example_dags/example_skip_dag.py
[2025-11-10T20:36:14.187+0000] {processor.py:840} INFO - DAG(s) 'example_skip_dag' retrieved from /home/airflow/.local/lib/python3.8/site-packages/airflow/example_dags/example_skip_dag.py
[2025-11-10T20:36:14.285+0000] {logging_mixin.py:188} INFO - [2025-11-10T20:36:14.284+0000] {override.py:1769} INFO - Created Permission View: can read on DAG:example_skip_dag
[2025-11-10T20:36:14.295+0000] {logging_mixin.py:188} INFO - [2025-11-10T20:36:14.295+0000] {override.py:1769} INFO - Created Permission View: can edit on DAG:example_skip_dag
[2025-11-10T20:36:14.305+0000] {logging_mixin.py:188} INFO - [2025-11-10T20:36:14.304+0000] {override.py:1769} INFO - Created Permission View: can delete on DAG:example_skip_dag
[2025-11-10T20:36:14.306+0000] {logging_mixin.py:188} INFO - [2025-11-10T20:36:14.305+0000] {dag.py:3047} INFO - Sync 1 DAGs
[2025-11-10T20:36:14.316+0000] {logging_mixin.py:188} INFO - [2025-11-10T20:36:14.316+0000] {dag.py:3069} INFO - Creating ORM DAG for example_skip_dag
[2025-11-10T20:36:14.327+0000] {logging_mixin.py:188} INFO - [2025-11-10T20:36:14.327+0000] {dag.py:3834} INFO - Setting next_dagrun for example_skip_dag to 2025-11-09 00:00:00+00:00, run_after=2025-11-10 00:00:00+00:00
[2025-11-10T20:36:14.345+0000] {processor.py:183} INFO - Processing /home/airflow/.local/lib/python3.8/site-packages/airflow/example_dags/example_skip_dag.py took 0.172 seconds
[2025-11-10T20:36:44.871+0000] {processor.py:161} INFO - Started process (PID=166) to work on /home/airflow/.local/lib/python3.8/site-packages/airflow/example_dags/example_skip_dag.py
[2025-11-10T20:36:44.873+0000] {processor.py:830} INFO - Processing file /home/airflow/.local/lib/python3.8/site-packages/airflow/example_dags/example_skip_dag.py for tasks to queue
[2025-11-10T20:36:44.875+0000] {logging_mixin.py:188} INFO - [2025-11-10T20:36:44.875+0000] {dagbag.py:540} INFO - Filling up the DagBag from /home/airflow/.local/lib/python3.8/site-packages/airflow/example_dags/example_skip_dag.py
[2025-11-10T20:36:44.882+0000] {processor.py:840} INFO - DAG(s) 'example_skip_dag' retrieved from /home/airflow/.local/lib/python3.8/site-packages/airflow/example_dags/example_skip_dag.py
[2025-11-10T20:36:44.904+0000] {logging_mixin.py:188} INFO - [2025-11-10T20:36:44.904+0000] {dag.py:3047} INFO - Sync 1 DAGs
[2025-11-10T20:36:44.926+0000] {logging_mixin.py:188} INFO - [2025-11-10T20:36:44.926+0000] {dag.py:3834} INFO - Setting next_dagrun for example_skip_dag to 2025-11-09 00:00:00+00:00, run_after=2025-11-10 00:00:00+00:00
[2025-11-10T20:36:44.944+0000] {processor.py:183} INFO - Processing /home/airflow/.local/lib/python3.8/site-packages/airflow/example_dags/example_skip_dag.py took 0.076 seconds
[2025-11-10T20:37:15.766+0000] {processor.py:161} INFO - Started process (PID=221) to work on /home/airflow/.local/lib/python3.8/site-packages/airflow/example_dags/example_skip_dag.py
[2025-11-10T20:37:15.770+0000] {processor.py:830} INFO - Processing file /home/airflow/.local/lib/python3.8/site-packages/airflow/example_dags/example_skip_dag.py for tasks to queue
[2025-11-10T20:37:15.777+0000] {logging_mixin.py:188} INFO - [2025-11-10T20:37:15.775+0000] {dagbag.py:540} INFO - Filling up the DagBag from /home/airflow/.local/lib/python3.8/site-packages/airflow/example_dags/example_skip_dag.py
[2025-11-10T20:37:15.793+0000] {processor.py:840} INFO - DAG(s) 'example_skip_dag' retrieved from /home/airflow/.local/lib/python3.8/site-packages/airflow/example_dags/example_skip_dag.py
[2025-11-10T20:37:15.826+0000] {logging_mixin.py:188} INFO - [2025-11-10T20:37:15.825+0000] {dag.py:3047} INFO - Sync 1 DAGs
[2025-11-10T20:37:15.852+0000] {logging_mixin.py:188} INFO - [2025-11-10T20:37:15.852+0000] {dag.py:3834} INFO - Setting next_dagrun for example_skip_dag to 2025-11-09 00:00:00+00:00, run_after=2025-11-10 00:00:00+00:00
[2025-11-10T20:37:15.873+0000] {processor.py:183} INFO - Processing /home/airflow/.local/lib/python3.8/site-packages/airflow/example_dags/example_skip_dag.py took 0.118 seconds
[2025-11-10T20:37:46.074+0000] {processor.py:161} INFO - Started process (PID=276) to work on /home/airflow/.local/lib/python3.8/site-packages/airflow/example_dags/example_skip_dag.py
[2025-11-10T20:37:46.075+0000] {processor.py:830} INFO - Processing file /home/airflow/.local/lib/python3.8/site-packages/airflow/example_dags/example_skip_dag.py for tasks to queue
[2025-11-10T20:37:46.077+0000] {logging_mixin.py:188} INFO - [2025-11-10T20:37:46.077+0000] {dagbag.py:540} INFO - Filling up the DagBag from /home/airflow/.local/lib/python3.8/site-packages/airflow/example_dags/example_skip_dag.py
[2025-11-10T20:37:46.084+0000] {processor.py:840} INFO - DAG(s) 'example_skip_dag' retrieved from /home/airflow/.local/lib/python3.8/site-packages/airflow/example_dags/example_skip_dag.py
[2025-11-10T20:37:46.105+0000] {logging_mixin.py:188} INFO - [2025-11-10T20:37:46.105+0000] {dag.py:3047} INFO - Sync 1 DAGs
[2025-11-10T20:37:46.125+0000] {logging_mixin.py:188} INFO - [2025-11-10T20:37:46.125+0000] {dag.py:3834} INFO - Setting next_dagrun for example_skip_dag to 2025-11-09 00:00:00+00:00, run_after=2025-11-10 00:00:00+00:00
[2025-11-10T20:37:46.145+0000] {processor.py:183} INFO - Processing /home/airflow/.local/lib/python3.8/site-packages/airflow/example_dags/example_skip_dag.py took 0.075 seconds
[2025-11-10T20:38:16.496+0000] {processor.py:161} INFO - Started process (PID=331) to work on /home/airflow/.local/lib/python3.8/site-packages/airflow/example_dags/example_skip_dag.py
[2025-11-10T20:38:16.498+0000] {processor.py:830} INFO - Processing file /home/airflow/.local/lib/python3.8/site-packages/airflow/example_dags/example_skip_dag.py for tasks to queue
[2025-11-10T20:38:16.501+0000] {logging_mixin.py:188} INFO - [2025-11-10T20:38:16.500+0000] {dagbag.py:540} INFO - Filling up the DagBag from /home/airflow/.local/lib/python3.8/site-packages/airflow/example_dags/example_skip_dag.py
[2025-11-10T20:38:16.512+0000] {processor.py:840} INFO - DAG(s) 'example_skip_dag' retrieved from /home/airflow/.local/lib/python3.8/site-packages/airflow/example_dags/example_skip_dag.py
[2025-11-10T20:38:16.538+0000] {logging_mixin.py:188} INFO - [2025-11-10T20:38:16.538+0000] {dag.py:3047} INFO - Sync 1 DAGs
[2025-11-10T20:38:16.561+0000] {logging_mixin.py:188} INFO - [2025-11-10T20:38:16.561+0000] {dag.py:3834} INFO - Setting next_dagrun for example_skip_dag to 2025-11-09 00:00:00+00:00, run_after=2025-11-10 00:00:00+00:00
[2025-11-10T20:38:16.583+0000] {processor.py:183} INFO - Processing /home/airflow/.local/lib/python3.8/site-packages/airflow/example_dags/example_skip_dag.py took 0.096 seconds
[2025-11-10T20:38:46.746+0000] {processor.py:161} INFO - Started process (PID=386) to work on /home/airflow/.local/lib/python3.8/site-packages/airflow/example_dags/example_skip_dag.py
[2025-11-10T20:38:46.748+0000] {processor.py:830} INFO - Processing file /home/airflow/.local/lib/python3.8/site-packages/airflow/example_dags/example_skip_dag.py for tasks to queue
[2025-11-10T20:38:46.750+0000] {logging_mixin.py:188} INFO - [2025-11-10T20:38:46.750+0000] {dagbag.py:540} INFO - Filling up the DagBag from /home/airflow/.local/lib/python3.8/site-packages/airflow/example_dags/example_skip_dag.py
[2025-11-10T20:38:46.759+0000] {processor.py:840} INFO - DAG(s) 'example_skip_dag' retrieved from /home/airflow/.local/lib/python3.8/site-packages/airflow/example_dags/example_skip_dag.py
[2025-11-10T20:38:46.782+0000] {logging_mixin.py:188} INFO - [2025-11-10T20:38:46.782+0000] {dag.py:3047} INFO - Sync 1 DAGs
[2025-11-10T20:38:46.808+0000] {logging_mixin.py:188} INFO - [2025-11-10T20:38:46.807+0000] {dag.py:3834} INFO - Setting next_dagrun for example_skip_dag to 2025-11-09 00:00:00+00:00, run_after=2025-11-10 00:00:00+00:00
[2025-11-10T20:38:46.828+0000] {processor.py:183} INFO - Processing /home/airflow/.local/lib/python3.8/site-packages/airflow/example_dags/example_skip_dag.py took 0.085 seconds
[2025-11-10T20:39:16.931+0000] {processor.py:161} INFO - Started process (PID=441) to work on /home/airflow/.local/lib/python3.8/site-packages/airflow/example_dags/example_skip_dag.py
[2025-11-10T20:39:16.933+0000] {processor.py:830} INFO - Processing file /home/airflow/.local/lib/python3.8/site-packages/airflow/example_dags/example_skip_dag.py for tasks to queue
[2025-11-10T20:39:16.935+0000] {logging_mixin.py:188} INFO - [2025-11-10T20:39:16.935+0000] {dagbag.py:540} INFO - Filling up the DagBag from /home/airflow/.local/lib/python3.8/site-packages/airflow/example_dags/example_skip_dag.py
[2025-11-10T20:39:16.942+0000] {processor.py:840} INFO - DAG(s) 'example_skip_dag' retrieved from /home/airflow/.local/lib/python3.8/site-packages/airflow/example_dags/example_skip_dag.py
[2025-11-10T20:39:16.966+0000] {logging_mixin.py:188} INFO - [2025-11-10T20:39:16.965+0000] {dag.py:3047} INFO - Sync 1 DAGs
[2025-11-10T20:39:16.990+0000] {logging_mixin.py:188} INFO - [2025-11-10T20:39:16.990+0000] {dag.py:3834} INFO - Setting next_dagrun for example_skip_dag to 2025-11-09 00:00:00+00:00, run_after=2025-11-10 00:00:00+00:00
[2025-11-10T20:39:17.010+0000] {processor.py:183} INFO - Processing /home/airflow/.local/lib/python3.8/site-packages/airflow/example_dags/example_skip_dag.py took 0.082 seconds
[2025-11-10T20:39:47.164+0000] {processor.py:161} INFO - Started process (PID=496) to work on /home/airflow/.local/lib/python3.8/site-packages/airflow/example_dags/example_skip_dag.py
[2025-11-10T20:39:47.165+0000] {processor.py:830} INFO - Processing file /home/airflow/.local/lib/python3.8/site-packages/airflow/example_dags/example_skip_dag.py for tasks to queue
[2025-11-10T20:39:47.168+0000] {logging_mixin.py:188} INFO - [2025-11-10T20:39:47.167+0000] {dagbag.py:540} INFO - Filling up the DagBag from /home/airflow/.local/lib/python3.8/site-packages/airflow/example_dags/example_skip_dag.py
[2025-11-10T20:39:47.178+0000] {processor.py:840} INFO - DAG(s) 'example_skip_dag' retrieved from /home/airflow/.local/lib/python3.8/site-packages/airflow/example_dags/example_skip_dag.py
[2025-11-10T20:39:47.201+0000] {logging_mixin.py:188} INFO - [2025-11-10T20:39:47.200+0000] {dag.py:3047} INFO - Sync 1 DAGs
[2025-11-10T20:39:47.231+0000] {logging_mixin.py:188} INFO - [2025-11-10T20:39:47.230+0000] {dag.py:3834} INFO - Setting next_dagrun for example_skip_dag to 2025-11-09 00:00:00+00:00, run_after=2025-11-10 00:00:00+00:00
[2025-11-10T20:39:47.251+0000] {processor.py:183} INFO - Processing /home/airflow/.local/lib/python3.8/site-packages/airflow/example_dags/example_skip_dag.py took 0.092 seconds
[2025-11-10T20:40:17.553+0000] {processor.py:161} INFO - Started process (PID=551) to work on /home/airflow/.local/lib/python3.8/site-packages/airflow/example_dags/example_skip_dag.py
[2025-11-10T20:40:17.558+0000] {processor.py:830} INFO - Processing file /home/airflow/.local/lib/python3.8/site-packages/airflow/example_dags/example_skip_dag.py for tasks to queue
[2025-11-10T20:40:17.560+0000] {logging_mixin.py:188} INFO - [2025-11-10T20:40:17.560+0000] {dagbag.py:540} INFO - Filling up the DagBag from /home/airflow/.local/lib/python3.8/site-packages/airflow/example_dags/example_skip_dag.py
[2025-11-10T20:40:17.567+0000] {processor.py:840} INFO - DAG(s) 'example_skip_dag' retrieved from /home/airflow/.local/lib/python3.8/site-packages/airflow/example_dags/example_skip_dag.py
[2025-11-10T20:40:17.588+0000] {logging_mixin.py:188} INFO - [2025-11-10T20:40:17.588+0000] {dag.py:3047} INFO - Sync 1 DAGs
[2025-11-10T20:40:17.609+0000] {logging_mixin.py:188} INFO - [2025-11-10T20:40:17.608+0000] {dag.py:3834} INFO - Setting next_dagrun for example_skip_dag to 2025-11-09 00:00:00+00:00, run_after=2025-11-10 00:00:00+00:00
[2025-11-10T20:40:17.626+0000] {processor.py:183} INFO - Processing /home/airflow/.local/lib/python3.8/site-packages/airflow/example_dags/example_skip_dag.py took 0.076 seconds
[2025-11-10T20:40:48.203+0000] {processor.py:161} INFO - Started process (PID=606) to work on /home/airflow/.local/lib/python3.8/site-packages/airflow/example_dags/example_skip_dag.py
[2025-11-10T20:40:48.207+0000] {processor.py:830} INFO - Processing file /home/airflow/.local/lib/python3.8/site-packages/airflow/example_dags/example_skip_dag.py for tasks to queue
[2025-11-10T20:40:48.213+0000] {logging_mixin.py:188} INFO - [2025-11-10T20:40:48.212+0000] {dagbag.py:540} INFO - Filling up the DagBag from /home/airflow/.local/lib/python3.8/site-packages/airflow/example_dags/example_skip_dag.py
[2025-11-10T20:40:48.231+0000] {processor.py:840} INFO - DAG(s) 'example_skip_dag' retrieved from /home/airflow/.local/lib/python3.8/site-packages/airflow/example_dags/example_skip_dag.py
[2025-11-10T20:40:48.257+0000] {logging_mixin.py:188} INFO - [2025-11-10T20:40:48.257+0000] {dag.py:3047} INFO - Sync 1 DAGs
[2025-11-10T20:40:48.279+0000] {logging_mixin.py:188} INFO - [2025-11-10T20:40:48.278+0000] {dag.py:3834} INFO - Setting next_dagrun for example_skip_dag to 2025-11-09 00:00:00+00:00, run_after=2025-11-10 00:00:00+00:00
[2025-11-10T20:40:48.297+0000] {processor.py:183} INFO - Processing /home/airflow/.local/lib/python3.8/site-packages/airflow/example_dags/example_skip_dag.py took 0.102 seconds
[2025-11-10T20:41:18.611+0000] {processor.py:161} INFO - Started process (PID=661) to work on /home/airflow/.local/lib/python3.8/site-packages/airflow/example_dags/example_skip_dag.py
[2025-11-10T20:41:18.612+0000] {processor.py:830} INFO - Processing file /home/airflow/.local/lib/python3.8/site-packages/airflow/example_dags/example_skip_dag.py for tasks to queue
[2025-11-10T20:41:18.616+0000] {logging_mixin.py:188} INFO - [2025-11-10T20:41:18.615+0000] {dagbag.py:540} INFO - Filling up the DagBag from /home/airflow/.local/lib/python3.8/site-packages/airflow/example_dags/example_skip_dag.py
[2025-11-10T20:41:18.622+0000] {processor.py:840} INFO - DAG(s) 'example_skip_dag' retrieved from /home/airflow/.local/lib/python3.8/site-packages/airflow/example_dags/example_skip_dag.py
[2025-11-10T20:41:18.644+0000] {logging_mixin.py:188} INFO - [2025-11-10T20:41:18.644+0000] {dag.py:3047} INFO - Sync 1 DAGs
[2025-11-10T20:41:18.665+0000] {logging_mixin.py:188} INFO - [2025-11-10T20:41:18.665+0000] {dag.py:3834} INFO - Setting next_dagrun for example_skip_dag to 2025-11-09 00:00:00+00:00, run_after=2025-11-10 00:00:00+00:00
[2025-11-10T20:41:18.683+0000] {processor.py:183} INFO - Processing /home/airflow/.local/lib/python3.8/site-packages/airflow/example_dags/example_skip_dag.py took 0.075 seconds
[2025-11-10T20:41:49.231+0000] {processor.py:161} INFO - Started process (PID=716) to work on /home/airflow/.local/lib/python3.8/site-packages/airflow/example_dags/example_skip_dag.py
[2025-11-10T20:41:49.233+0000] {processor.py:830} INFO - Processing file /home/airflow/.local/lib/python3.8/site-packages/airflow/example_dags/example_skip_dag.py for tasks to queue
[2025-11-10T20:41:49.236+0000] {logging_mixin.py:188} INFO - [2025-11-10T20:41:49.235+0000] {dagbag.py:540} INFO - Filling up the DagBag from /home/airflow/.local/lib/python3.8/site-packages/airflow/example_dags/example_skip_dag.py
[2025-11-10T20:41:49.245+0000] {processor.py:840} INFO - DAG(s) 'example_skip_dag' retrieved from /home/airflow/.local/lib/python3.8/site-packages/airflow/example_dags/example_skip_dag.py
[2025-11-10T20:41:49.269+0000] {logging_mixin.py:188} INFO - [2025-11-10T20:41:49.269+0000] {dag.py:3047} INFO - Sync 1 DAGs
[2025-11-10T20:41:49.292+0000] {logging_mixin.py:188} INFO - [2025-11-10T20:41:49.292+0000] {dag.py:3834} INFO - Setting next_dagrun for example_skip_dag to 2025-11-09 00:00:00+00:00, run_after=2025-11-10 00:00:00+00:00
[2025-11-10T20:41:49.314+0000] {processor.py:183} INFO - Processing /home/airflow/.local/lib/python3.8/site-packages/airflow/example_dags/example_skip_dag.py took 0.089 seconds
[2025-11-10T20:42:19.741+0000] {processor.py:161} INFO - Started process (PID=771) to work on /home/airflow/.local/lib/python3.8/site-packages/airflow/example_dags/example_skip_dag.py
[2025-11-10T20:42:19.742+0000] {processor.py:830} INFO - Processing file /home/airflow/.local/lib/python3.8/site-packages/airflow/example_dags/example_skip_dag.py for tasks to queue
[2025-11-10T20:42:19.744+0000] {logging_mixin.py:188} INFO - [2025-11-10T20:42:19.744+0000] {dagbag.py:540} INFO - Filling up the DagBag from /home/airflow/.local/lib/python3.8/site-packages/airflow/example_dags/example_skip_dag.py
[2025-11-10T20:42:19.751+0000] {processor.py:840} INFO - DAG(s) 'example_skip_dag' retrieved from /home/airflow/.local/lib/python3.8/site-packages/airflow/example_dags/example_skip_dag.py
[2025-11-10T20:42:19.771+0000] {logging_mixin.py:188} INFO - [2025-11-10T20:42:19.770+0000] {dag.py:3047} INFO - Sync 1 DAGs
[2025-11-10T20:42:19.791+0000] {logging_mixin.py:188} INFO - [2025-11-10T20:42:19.791+0000] {dag.py:3834} INFO - Setting next_dagrun for example_skip_dag to 2025-11-09 00:00:00+00:00, run_after=2025-11-10 00:00:00+00:00
[2025-11-10T20:42:19.810+0000] {processor.py:183} INFO - Processing /home/airflow/.local/lib/python3.8/site-packages/airflow/example_dags/example_skip_dag.py took 0.073 seconds
[2025-11-10T20:42:50.578+0000] {processor.py:161} INFO - Started process (PID=826) to work on /home/airflow/.local/lib/python3.8/site-packages/airflow/example_dags/example_skip_dag.py
[2025-11-10T20:42:50.580+0000] {processor.py:830} INFO - Processing file /home/airflow/.local/lib/python3.8/site-packages/airflow/example_dags/example_skip_dag.py for tasks to queue
[2025-11-10T20:42:50.581+0000] {logging_mixin.py:188} INFO - [2025-11-10T20:42:50.581+0000] {dagbag.py:540} INFO - Filling up the DagBag from /home/airflow/.local/lib/python3.8/site-packages/airflow/example_dags/example_skip_dag.py
[2025-11-10T20:42:50.588+0000] {processor.py:840} INFO - DAG(s) 'example_skip_dag' retrieved from /home/airflow/.local/lib/python3.8/site-packages/airflow/example_dags/example_skip_dag.py
[2025-11-10T20:42:50.607+0000] {logging_mixin.py:188} INFO - [2025-11-10T20:42:50.607+0000] {dag.py:3047} INFO - Sync 1 DAGs
[2025-11-10T20:42:50.627+0000] {logging_mixin.py:188} INFO - [2025-11-10T20:42:50.626+0000] {dag.py:3834} INFO - Setting next_dagrun for example_skip_dag to 2025-11-09 00:00:00+00:00, run_after=2025-11-10 00:00:00+00:00
[2025-11-10T20:42:50.644+0000] {processor.py:183} INFO - Processing /home/airflow/.local/lib/python3.8/site-packages/airflow/example_dags/example_skip_dag.py took 0.069 seconds
[2025-11-10T20:43:20.785+0000] {processor.py:161} INFO - Started process (PID=881) to work on /home/airflow/.local/lib/python3.8/site-packages/airflow/example_dags/example_skip_dag.py
[2025-11-10T20:43:20.788+0000] {processor.py:830} INFO - Processing file /home/airflow/.local/lib/python3.8/site-packages/airflow/example_dags/example_skip_dag.py for tasks to queue
[2025-11-10T20:43:20.791+0000] {logging_mixin.py:188} INFO - [2025-11-10T20:43:20.791+0000] {dagbag.py:540} INFO - Filling up the DagBag from /home/airflow/.local/lib/python3.8/site-packages/airflow/example_dags/example_skip_dag.py
[2025-11-10T20:43:20.801+0000] {processor.py:840} INFO - DAG(s) 'example_skip_dag' retrieved from /home/airflow/.local/lib/python3.8/site-packages/airflow/example_dags/example_skip_dag.py
[2025-11-10T20:43:20.835+0000] {logging_mixin.py:188} INFO - [2025-11-10T20:43:20.834+0000] {dag.py:3047} INFO - Sync 1 DAGs
[2025-11-10T20:43:20.865+0000] {logging_mixin.py:188} INFO - [2025-11-10T20:43:20.864+0000] {dag.py:3834} INFO - Setting next_dagrun for example_skip_dag to 2025-11-09 00:00:00+00:00, run_after=2025-11-10 00:00:00+00:00
[2025-11-10T20:43:20.896+0000] {processor.py:183} INFO - Processing /home/airflow/.local/lib/python3.8/site-packages/airflow/example_dags/example_skip_dag.py took 0.115 seconds
[2025-11-10T20:43:51.333+0000] {processor.py:161} INFO - Started process (PID=935) to work on /home/airflow/.local/lib/python3.8/site-packages/airflow/example_dags/example_skip_dag.py
[2025-11-10T20:43:51.337+0000] {processor.py:830} INFO - Processing file /home/airflow/.local/lib/python3.8/site-packages/airflow/example_dags/example_skip_dag.py for tasks to queue
[2025-11-10T20:43:51.340+0000] {logging_mixin.py:188} INFO - [2025-11-10T20:43:51.340+0000] {dagbag.py:540} INFO - Filling up the DagBag from /home/airflow/.local/lib/python3.8/site-packages/airflow/example_dags/example_skip_dag.py
[2025-11-10T20:43:51.351+0000] {processor.py:840} INFO - DAG(s) 'example_skip_dag' retrieved from /home/airflow/.local/lib/python3.8/site-packages/airflow/example_dags/example_skip_dag.py
[2025-11-10T20:43:51.381+0000] {logging_mixin.py:188} INFO - [2025-11-10T20:43:51.380+0000] {dag.py:3047} INFO - Sync 1 DAGs
[2025-11-10T20:43:51.409+0000] {logging_mixin.py:188} INFO - [2025-11-10T20:43:51.409+0000] {dag.py:3834} INFO - Setting next_dagrun for example_skip_dag to 2025-11-09 00:00:00+00:00, run_after=2025-11-10 00:00:00+00:00
[2025-11-10T20:43:51.439+0000] {processor.py:183} INFO - Processing /home/airflow/.local/lib/python3.8/site-packages/airflow/example_dags/example_skip_dag.py took 0.112 seconds
[2025-11-10T20:44:22.234+0000] {processor.py:161} INFO - Started process (PID=990) to work on /home/airflow/.local/lib/python3.8/site-packages/airflow/example_dags/example_skip_dag.py
[2025-11-10T20:44:22.238+0000] {processor.py:830} INFO - Processing file /home/airflow/.local/lib/python3.8/site-packages/airflow/example_dags/example_skip_dag.py for tasks to queue
[2025-11-10T20:44:22.246+0000] {logging_mixin.py:188} INFO - [2025-11-10T20:44:22.244+0000] {dagbag.py:540} INFO - Filling up the DagBag from /home/airflow/.local/lib/python3.8/site-packages/airflow/example_dags/example_skip_dag.py
[2025-11-10T20:44:22.265+0000] {processor.py:840} INFO - DAG(s) 'example_skip_dag' retrieved from /home/airflow/.local/lib/python3.8/site-packages/airflow/example_dags/example_skip_dag.py
[2025-11-10T20:44:22.310+0000] {logging_mixin.py:188} INFO - [2025-11-10T20:44:22.310+0000] {dag.py:3047} INFO - Sync 1 DAGs
[2025-11-10T20:44:22.329+0000] {logging_mixin.py:188} INFO - [2025-11-10T20:44:22.329+0000] {dag.py:3834} INFO - Setting next_dagrun for example_skip_dag to 2025-11-09 00:00:00+00:00, run_after=2025-11-10 00:00:00+00:00
[2025-11-10T20:44:22.346+0000] {processor.py:183} INFO - Processing /home/airflow/.local/lib/python3.8/site-packages/airflow/example_dags/example_skip_dag.py took 0.124 seconds
[2025-11-10T20:44:52.826+0000] {processor.py:161} INFO - Started process (PID=1045) to work on /home/airflow/.local/lib/python3.8/site-packages/airflow/example_dags/example_skip_dag.py
[2025-11-10T20:44:52.828+0000] {processor.py:830} INFO - Processing file /home/airflow/.local/lib/python3.8/site-packages/airflow/example_dags/example_skip_dag.py for tasks to queue
[2025-11-10T20:44:52.831+0000] {logging_mixin.py:188} INFO - [2025-11-10T20:44:52.830+0000] {dagbag.py:540} INFO - Filling up the DagBag from /home/airflow/.local/lib/python3.8/site-packages/airflow/example_dags/example_skip_dag.py
[2025-11-10T20:44:52.842+0000] {processor.py:840} INFO - DAG(s) 'example_skip_dag' retrieved from /home/airflow/.local/lib/python3.8/site-packages/airflow/example_dags/example_skip_dag.py
[2025-11-10T20:44:52.896+0000] {logging_mixin.py:188} INFO - [2025-11-10T20:44:52.895+0000] {dag.py:3047} INFO - Sync 1 DAGs
[2025-11-10T20:44:52.953+0000] {logging_mixin.py:188} INFO - [2025-11-10T20:44:52.952+0000] {dag.py:3834} INFO - Setting next_dagrun for example_skip_dag to 2025-11-09 00:00:00+00:00, run_after=2025-11-10 00:00:00+00:00
[2025-11-10T20:44:52.991+0000] {processor.py:183} INFO - Processing /home/airflow/.local/lib/python3.8/site-packages/airflow/example_dags/example_skip_dag.py took 0.169 seconds
[2025-11-10T20:45:23.942+0000] {processor.py:161} INFO - Started process (PID=1100) to work on /home/airflow/.local/lib/python3.8/site-packages/airflow/example_dags/example_skip_dag.py
[2025-11-10T20:45:23.944+0000] {processor.py:830} INFO - Processing file /home/airflow/.local/lib/python3.8/site-packages/airflow/example_dags/example_skip_dag.py for tasks to queue
[2025-11-10T20:45:23.948+0000] {logging_mixin.py:188} INFO - [2025-11-10T20:45:23.948+0000] {dagbag.py:540} INFO - Filling up the DagBag from /home/airflow/.local/lib/python3.8/site-packages/airflow/example_dags/example_skip_dag.py
[2025-11-10T20:45:23.957+0000] {processor.py:840} INFO - DAG(s) 'example_skip_dag' retrieved from /home/airflow/.local/lib/python3.8/site-packages/airflow/example_dags/example_skip_dag.py
[2025-11-10T20:45:23.980+0000] {logging_mixin.py:188} INFO - [2025-11-10T20:45:23.979+0000] {dag.py:3047} INFO - Sync 1 DAGs
[2025-11-10T20:45:23.999+0000] {logging_mixin.py:188} INFO - [2025-11-10T20:45:23.999+0000] {dag.py:3834} INFO - Setting next_dagrun for example_skip_dag to 2025-11-09 00:00:00+00:00, run_after=2025-11-10 00:00:00+00:00
[2025-11-10T20:45:24.019+0000] {processor.py:183} INFO - Processing /home/airflow/.local/lib/python3.8/site-packages/airflow/example_dags/example_skip_dag.py took 0.080 seconds
[2025-11-10T20:45:54.496+0000] {processor.py:161} INFO - Started process (PID=1155) to work on /home/airflow/.local/lib/python3.8/site-packages/airflow/example_dags/example_skip_dag.py
[2025-11-10T20:45:54.500+0000] {processor.py:830} INFO - Processing file /home/airflow/.local/lib/python3.8/site-packages/airflow/example_dags/example_skip_dag.py for tasks to queue
[2025-11-10T20:45:54.508+0000] {logging_mixin.py:188} INFO - [2025-11-10T20:45:54.506+0000] {dagbag.py:540} INFO - Filling up the DagBag from /home/airflow/.local/lib/python3.8/site-packages/airflow/example_dags/example_skip_dag.py
[2025-11-10T20:45:54.530+0000] {processor.py:840} INFO - DAG(s) 'example_skip_dag' retrieved from /home/airflow/.local/lib/python3.8/site-packages/airflow/example_dags/example_skip_dag.py
[2025-11-10T20:45:54.575+0000] {logging_mixin.py:188} INFO - [2025-11-10T20:45:54.575+0000] {dag.py:3047} INFO - Sync 1 DAGs
[2025-11-10T20:45:54.597+0000] {logging_mixin.py:188} INFO - [2025-11-10T20:45:54.597+0000] {dag.py:3834} INFO - Setting next_dagrun for example_skip_dag to 2025-11-09 00:00:00+00:00, run_after=2025-11-10 00:00:00+00:00
[2025-11-10T20:45:54.621+0000] {processor.py:183} INFO - Processing /home/airflow/.local/lib/python3.8/site-packages/airflow/example_dags/example_skip_dag.py took 0.132 seconds
[2025-11-10T20:46:24.881+0000] {processor.py:161} INFO - Started process (PID=1210) to work on /home/airflow/.local/lib/python3.8/site-packages/airflow/example_dags/example_skip_dag.py
[2025-11-10T20:46:24.883+0000] {processor.py:830} INFO - Processing file /home/airflow/.local/lib/python3.8/site-packages/airflow/example_dags/example_skip_dag.py for tasks to queue
[2025-11-10T20:46:24.885+0000] {logging_mixin.py:188} INFO - [2025-11-10T20:46:24.885+0000] {dagbag.py:540} INFO - Filling up the DagBag from /home/airflow/.local/lib/python3.8/site-packages/airflow/example_dags/example_skip_dag.py
[2025-11-10T20:46:24.891+0000] {processor.py:840} INFO - DAG(s) 'example_skip_dag' retrieved from /home/airflow/.local/lib/python3.8/site-packages/airflow/example_dags/example_skip_dag.py
[2025-11-10T20:46:24.910+0000] {logging_mixin.py:188} INFO - [2025-11-10T20:46:24.910+0000] {dag.py:3047} INFO - Sync 1 DAGs
[2025-11-10T20:46:24.930+0000] {logging_mixin.py:188} INFO - [2025-11-10T20:46:24.929+0000] {dag.py:3834} INFO - Setting next_dagrun for example_skip_dag to 2025-11-09 00:00:00+00:00, run_after=2025-11-10 00:00:00+00:00
[2025-11-10T20:46:24.951+0000] {processor.py:183} INFO - Processing /home/airflow/.local/lib/python3.8/site-packages/airflow/example_dags/example_skip_dag.py took 0.072 seconds
[2025-11-10T20:46:55.782+0000] {processor.py:161} INFO - Started process (PID=1266) to work on /home/airflow/.local/lib/python3.8/site-packages/airflow/example_dags/example_skip_dag.py
[2025-11-10T20:46:55.784+0000] {processor.py:830} INFO - Processing file /home/airflow/.local/lib/python3.8/site-packages/airflow/example_dags/example_skip_dag.py for tasks to queue
[2025-11-10T20:46:55.786+0000] {logging_mixin.py:188} INFO - [2025-11-10T20:46:55.786+0000] {dagbag.py:540} INFO - Filling up the DagBag from /home/airflow/.local/lib/python3.8/site-packages/airflow/example_dags/example_skip_dag.py
[2025-11-10T20:46:55.805+0000] {processor.py:840} INFO - DAG(s) 'example_skip_dag' retrieved from /home/airflow/.local/lib/python3.8/site-packages/airflow/example_dags/example_skip_dag.py
[2025-11-10T20:46:55.825+0000] {logging_mixin.py:188} INFO - [2025-11-10T20:46:55.825+0000] {dag.py:3047} INFO - Sync 1 DAGs
[2025-11-10T20:46:55.845+0000] {logging_mixin.py:188} INFO - [2025-11-10T20:46:55.845+0000] {dag.py:3834} INFO - Setting next_dagrun for example_skip_dag to 2025-11-09 00:00:00+00:00, run_after=2025-11-10 00:00:00+00:00
[2025-11-10T20:46:55.862+0000] {processor.py:183} INFO - Processing /home/airflow/.local/lib/python3.8/site-packages/airflow/example_dags/example_skip_dag.py took 0.085 seconds
[2025-11-10T20:47:25.982+0000] {processor.py:161} INFO - Started process (PID=1321) to work on /home/airflow/.local/lib/python3.8/site-packages/airflow/example_dags/example_skip_dag.py
[2025-11-10T20:47:25.983+0000] {processor.py:830} INFO - Processing file /home/airflow/.local/lib/python3.8/site-packages/airflow/example_dags/example_skip_dag.py for tasks to queue
[2025-11-10T20:47:25.986+0000] {logging_mixin.py:188} INFO - [2025-11-10T20:47:25.985+0000] {dagbag.py:540} INFO - Filling up the DagBag from /home/airflow/.local/lib/python3.8/site-packages/airflow/example_dags/example_skip_dag.py
[2025-11-10T20:47:25.993+0000] {processor.py:840} INFO - DAG(s) 'example_skip_dag' retrieved from /home/airflow/.local/lib/python3.8/site-packages/airflow/example_dags/example_skip_dag.py
[2025-11-10T20:47:26.017+0000] {logging_mixin.py:188} INFO - [2025-11-10T20:47:26.017+0000] {dag.py:3047} INFO - Sync 1 DAGs
[2025-11-10T20:47:26.040+0000] {logging_mixin.py:188} INFO - [2025-11-10T20:47:26.039+0000] {dag.py:3834} INFO - Setting next_dagrun for example_skip_dag to 2025-11-09 00:00:00+00:00, run_after=2025-11-10 00:00:00+00:00
[2025-11-10T20:47:26.062+0000] {processor.py:183} INFO - Processing /home/airflow/.local/lib/python3.8/site-packages/airflow/example_dags/example_skip_dag.py took 0.084 seconds
[2025-11-10T20:47:56.577+0000] {processor.py:161} INFO - Started process (PID=1376) to work on /home/airflow/.local/lib/python3.8/site-packages/airflow/example_dags/example_skip_dag.py
[2025-11-10T20:47:56.582+0000] {processor.py:830} INFO - Processing file /home/airflow/.local/lib/python3.8/site-packages/airflow/example_dags/example_skip_dag.py for tasks to queue
[2025-11-10T20:47:56.587+0000] {logging_mixin.py:188} INFO - [2025-11-10T20:47:56.586+0000] {dagbag.py:540} INFO - Filling up the DagBag from /home/airflow/.local/lib/python3.8/site-packages/airflow/example_dags/example_skip_dag.py
[2025-11-10T20:47:56.602+0000] {processor.py:840} INFO - DAG(s) 'example_skip_dag' retrieved from /home/airflow/.local/lib/python3.8/site-packages/airflow/example_dags/example_skip_dag.py
[2025-11-10T20:47:56.634+0000] {logging_mixin.py:188} INFO - [2025-11-10T20:47:56.634+0000] {dag.py:3047} INFO - Sync 1 DAGs
[2025-11-10T20:47:56.658+0000] {logging_mixin.py:188} INFO - [2025-11-10T20:47:56.657+0000] {dag.py:3834} INFO - Setting next_dagrun for example_skip_dag to 2025-11-09 00:00:00+00:00, run_after=2025-11-10 00:00:00+00:00
[2025-11-10T20:47:56.677+0000] {processor.py:183} INFO - Processing /home/airflow/.local/lib/python3.8/site-packages/airflow/example_dags/example_skip_dag.py took 0.111 seconds
[2025-11-10T20:48:27.348+0000] {processor.py:161} INFO - Started process (PID=1431) to work on /home/airflow/.local/lib/python3.8/site-packages/airflow/example_dags/example_skip_dag.py
[2025-11-10T20:48:27.350+0000] {processor.py:830} INFO - Processing file /home/airflow/.local/lib/python3.8/site-packages/airflow/example_dags/example_skip_dag.py for tasks to queue
[2025-11-10T20:48:27.352+0000] {logging_mixin.py:188} INFO - [2025-11-10T20:48:27.352+0000] {dagbag.py:540} INFO - Filling up the DagBag from /home/airflow/.local/lib/python3.8/site-packages/airflow/example_dags/example_skip_dag.py
[2025-11-10T20:48:27.359+0000] {processor.py:840} INFO - DAG(s) 'example_skip_dag' retrieved from /home/airflow/.local/lib/python3.8/site-packages/airflow/example_dags/example_skip_dag.py
[2025-11-10T20:48:27.383+0000] {logging_mixin.py:188} INFO - [2025-11-10T20:48:27.383+0000] {dag.py:3047} INFO - Sync 1 DAGs
[2025-11-10T20:48:27.404+0000] {logging_mixin.py:188} INFO - [2025-11-10T20:48:27.403+0000] {dag.py:3834} INFO - Setting next_dagrun for example_skip_dag to 2025-11-09 00:00:00+00:00, run_after=2025-11-10 00:00:00+00:00
[2025-11-10T20:48:27.425+0000] {processor.py:183} INFO - Processing /home/airflow/.local/lib/python3.8/site-packages/airflow/example_dags/example_skip_dag.py took 0.081 seconds
[2025-11-10T20:48:58.070+0000] {processor.py:161} INFO - Started process (PID=1486) to work on /home/airflow/.local/lib/python3.8/site-packages/airflow/example_dags/example_skip_dag.py
[2025-11-10T20:48:58.071+0000] {processor.py:830} INFO - Processing file /home/airflow/.local/lib/python3.8/site-packages/airflow/example_dags/example_skip_dag.py for tasks to queue
[2025-11-10T20:48:58.073+0000] {logging_mixin.py:188} INFO - [2025-11-10T20:48:58.073+0000] {dagbag.py:540} INFO - Filling up the DagBag from /home/airflow/.local/lib/python3.8/site-packages/airflow/example_dags/example_skip_dag.py
[2025-11-10T20:48:58.079+0000] {processor.py:840} INFO - DAG(s) 'example_skip_dag' retrieved from /home/airflow/.local/lib/python3.8/site-packages/airflow/example_dags/example_skip_dag.py
[2025-11-10T20:48:58.100+0000] {logging_mixin.py:188} INFO - [2025-11-10T20:48:58.099+0000] {dag.py:3047} INFO - Sync 1 DAGs
[2025-11-10T20:48:58.119+0000] {logging_mixin.py:188} INFO - [2025-11-10T20:48:58.119+0000] {dag.py:3834} INFO - Setting next_dagrun for example_skip_dag to 2025-11-09 00:00:00+00:00, run_after=2025-11-10 00:00:00+00:00
[2025-11-10T20:48:58.140+0000] {processor.py:183} INFO - Processing /home/airflow/.local/lib/python3.8/site-packages/airflow/example_dags/example_skip_dag.py took 0.073 seconds
[2025-11-10T20:49:28.578+0000] {processor.py:161} INFO - Started process (PID=1542) to work on /home/airflow/.local/lib/python3.8/site-packages/airflow/example_dags/example_skip_dag.py
[2025-11-10T20:49:28.580+0000] {processor.py:830} INFO - Processing file /home/airflow/.local/lib/python3.8/site-packages/airflow/example_dags/example_skip_dag.py for tasks to queue
[2025-11-10T20:49:28.585+0000] {logging_mixin.py:188} INFO - [2025-11-10T20:49:28.585+0000] {dagbag.py:540} INFO - Filling up the DagBag from /home/airflow/.local/lib/python3.8/site-packages/airflow/example_dags/example_skip_dag.py
[2025-11-10T20:49:28.599+0000] {processor.py:840} INFO - DAG(s) 'example_skip_dag' retrieved from /home/airflow/.local/lib/python3.8/site-packages/airflow/example_dags/example_skip_dag.py
[2025-11-10T20:49:28.645+0000] {logging_mixin.py:188} INFO - [2025-11-10T20:49:28.645+0000] {dag.py:3047} INFO - Sync 1 DAGs
[2025-11-10T20:49:28.676+0000] {logging_mixin.py:188} INFO - [2025-11-10T20:49:28.675+0000] {dag.py:3834} INFO - Setting next_dagrun for example_skip_dag to 2025-11-09 00:00:00+00:00, run_after=2025-11-10 00:00:00+00:00
[2025-11-10T20:49:28.702+0000] {processor.py:183} INFO - Processing /home/airflow/.local/lib/python3.8/site-packages/airflow/example_dags/example_skip_dag.py took 0.128 seconds
[2025-11-10T20:49:58.843+0000] {processor.py:161} INFO - Started process (PID=1597) to work on /home/airflow/.local/lib/python3.8/site-packages/airflow/example_dags/example_skip_dag.py
[2025-11-10T20:49:58.847+0000] {processor.py:830} INFO - Processing file /home/airflow/.local/lib/python3.8/site-packages/airflow/example_dags/example_skip_dag.py for tasks to queue
[2025-11-10T20:49:58.852+0000] {logging_mixin.py:188} INFO - [2025-11-10T20:49:58.851+0000] {dagbag.py:540} INFO - Filling up the DagBag from /home/airflow/.local/lib/python3.8/site-packages/airflow/example_dags/example_skip_dag.py
[2025-11-10T20:49:58.864+0000] {processor.py:840} INFO - DAG(s) 'example_skip_dag' retrieved from /home/airflow/.local/lib/python3.8/site-packages/airflow/example_dags/example_skip_dag.py
[2025-11-10T20:49:58.886+0000] {logging_mixin.py:188} INFO - [2025-11-10T20:49:58.886+0000] {dag.py:3047} INFO - Sync 1 DAGs
[2025-11-10T20:49:58.907+0000] {logging_mixin.py:188} INFO - [2025-11-10T20:49:58.907+0000] {dag.py:3834} INFO - Setting next_dagrun for example_skip_dag to 2025-11-09 00:00:00+00:00, run_after=2025-11-10 00:00:00+00:00
[2025-11-10T20:49:58.932+0000] {processor.py:183} INFO - Processing /home/airflow/.local/lib/python3.8/site-packages/airflow/example_dags/example_skip_dag.py took 0.099 seconds
[2025-11-10T20:50:29.471+0000] {processor.py:161} INFO - Started process (PID=1652) to work on /home/airflow/.local/lib/python3.8/site-packages/airflow/example_dags/example_skip_dag.py
[2025-11-10T20:50:29.473+0000] {processor.py:830} INFO - Processing file /home/airflow/.local/lib/python3.8/site-packages/airflow/example_dags/example_skip_dag.py for tasks to queue
[2025-11-10T20:50:29.475+0000] {logging_mixin.py:188} INFO - [2025-11-10T20:50:29.475+0000] {dagbag.py:540} INFO - Filling up the DagBag from /home/airflow/.local/lib/python3.8/site-packages/airflow/example_dags/example_skip_dag.py
[2025-11-10T20:50:29.481+0000] {processor.py:840} INFO - DAG(s) 'example_skip_dag' retrieved from /home/airflow/.local/lib/python3.8/site-packages/airflow/example_dags/example_skip_dag.py
[2025-11-10T20:50:29.503+0000] {logging_mixin.py:188} INFO - [2025-11-10T20:50:29.503+0000] {dag.py:3047} INFO - Sync 1 DAGs
[2025-11-10T20:50:29.523+0000] {logging_mixin.py:188} INFO - [2025-11-10T20:50:29.523+0000] {dag.py:3834} INFO - Setting next_dagrun for example_skip_dag to 2025-11-09 00:00:00+00:00, run_after=2025-11-10 00:00:00+00:00
[2025-11-10T20:50:29.543+0000] {processor.py:183} INFO - Processing /home/airflow/.local/lib/python3.8/site-packages/airflow/example_dags/example_skip_dag.py took 0.075 seconds
[2025-11-10T20:51:00.109+0000] {processor.py:161} INFO - Started process (PID=1707) to work on /home/airflow/.local/lib/python3.8/site-packages/airflow/example_dags/example_skip_dag.py
[2025-11-10T20:51:00.111+0000] {processor.py:830} INFO - Processing file /home/airflow/.local/lib/python3.8/site-packages/airflow/example_dags/example_skip_dag.py for tasks to queue
[2025-11-10T20:51:00.115+0000] {logging_mixin.py:188} INFO - [2025-11-10T20:51:00.114+0000] {dagbag.py:540} INFO - Filling up the DagBag from /home/airflow/.local/lib/python3.8/site-packages/airflow/example_dags/example_skip_dag.py
[2025-11-10T20:51:00.126+0000] {processor.py:840} INFO - DAG(s) 'example_skip_dag' retrieved from /home/airflow/.local/lib/python3.8/site-packages/airflow/example_dags/example_skip_dag.py
[2025-11-10T20:51:00.161+0000] {logging_mixin.py:188} INFO - [2025-11-10T20:51:00.160+0000] {dag.py:3047} INFO - Sync 1 DAGs
[2025-11-10T20:51:00.196+0000] {logging_mixin.py:188} INFO - [2025-11-10T20:51:00.196+0000] {dag.py:3834} INFO - Setting next_dagrun for example_skip_dag to 2025-11-09 00:00:00+00:00, run_after=2025-11-10 00:00:00+00:00
[2025-11-10T20:51:00.224+0000] {processor.py:183} INFO - Processing /home/airflow/.local/lib/python3.8/site-packages/airflow/example_dags/example_skip_dag.py took 0.125 seconds
[2025-11-10T20:51:30.712+0000] {processor.py:161} INFO - Started process (PID=1762) to work on /home/airflow/.local/lib/python3.8/site-packages/airflow/example_dags/example_skip_dag.py
[2025-11-10T20:51:30.715+0000] {processor.py:830} INFO - Processing file /home/airflow/.local/lib/python3.8/site-packages/airflow/example_dags/example_skip_dag.py for tasks to queue
[2025-11-10T20:51:30.719+0000] {logging_mixin.py:188} INFO - [2025-11-10T20:51:30.718+0000] {dagbag.py:540} INFO - Filling up the DagBag from /home/airflow/.local/lib/python3.8/site-packages/airflow/example_dags/example_skip_dag.py
[2025-11-10T20:51:30.731+0000] {processor.py:840} INFO - DAG(s) 'example_skip_dag' retrieved from /home/airflow/.local/lib/python3.8/site-packages/airflow/example_dags/example_skip_dag.py
[2025-11-10T20:51:30.764+0000] {logging_mixin.py:188} INFO - [2025-11-10T20:51:30.764+0000] {dag.py:3047} INFO - Sync 1 DAGs
[2025-11-10T20:51:30.792+0000] {logging_mixin.py:188} INFO - [2025-11-10T20:51:30.792+0000] {dag.py:3834} INFO - Setting next_dagrun for example_skip_dag to 2025-11-09 00:00:00+00:00, run_after=2025-11-10 00:00:00+00:00
[2025-11-10T20:51:30.817+0000] {processor.py:183} INFO - Processing /home/airflow/.local/lib/python3.8/site-packages/airflow/example_dags/example_skip_dag.py took 0.110 seconds
[2025-11-10T20:52:01.108+0000] {processor.py:161} INFO - Started process (PID=1817) to work on /home/airflow/.local/lib/python3.8/site-packages/airflow/example_dags/example_skip_dag.py
[2025-11-10T20:52:01.109+0000] {processor.py:830} INFO - Processing file /home/airflow/.local/lib/python3.8/site-packages/airflow/example_dags/example_skip_dag.py for tasks to queue
[2025-11-10T20:52:01.113+0000] {logging_mixin.py:188} INFO - [2025-11-10T20:52:01.113+0000] {dagbag.py:540} INFO - Filling up the DagBag from /home/airflow/.local/lib/python3.8/site-packages/airflow/example_dags/example_skip_dag.py
[2025-11-10T20:52:01.122+0000] {processor.py:840} INFO - DAG(s) 'example_skip_dag' retrieved from /home/airflow/.local/lib/python3.8/site-packages/airflow/example_dags/example_skip_dag.py
[2025-11-10T20:52:01.141+0000] {logging_mixin.py:188} INFO - [2025-11-10T20:52:01.141+0000] {dag.py:3047} INFO - Sync 1 DAGs
[2025-11-10T20:52:01.160+0000] {logging_mixin.py:188} INFO - [2025-11-10T20:52:01.159+0000] {dag.py:3834} INFO - Setting next_dagrun for example_skip_dag to 2025-11-09 00:00:00+00:00, run_after=2025-11-10 00:00:00+00:00
[2025-11-10T20:52:01.177+0000] {processor.py:183} INFO - Processing /home/airflow/.local/lib/python3.8/site-packages/airflow/example_dags/example_skip_dag.py took 0.075 seconds
[2025-11-10T20:52:31.448+0000] {processor.py:161} INFO - Started process (PID=1872) to work on /home/airflow/.local/lib/python3.8/site-packages/airflow/example_dags/example_skip_dag.py
[2025-11-10T20:52:31.449+0000] {processor.py:830} INFO - Processing file /home/airflow/.local/lib/python3.8/site-packages/airflow/example_dags/example_skip_dag.py for tasks to queue
[2025-11-10T20:52:31.452+0000] {logging_mixin.py:188} INFO - [2025-11-10T20:52:31.452+0000] {dagbag.py:540} INFO - Filling up the DagBag from /home/airflow/.local/lib/python3.8/site-packages/airflow/example_dags/example_skip_dag.py
[2025-11-10T20:52:31.461+0000] {processor.py:840} INFO - DAG(s) 'example_skip_dag' retrieved from /home/airflow/.local/lib/python3.8/site-packages/airflow/example_dags/example_skip_dag.py
[2025-11-10T20:52:31.483+0000] {logging_mixin.py:188} INFO - [2025-11-10T20:52:31.483+0000] {dag.py:3047} INFO - Sync 1 DAGs
[2025-11-10T20:52:31.503+0000] {logging_mixin.py:188} INFO - [2025-11-10T20:52:31.503+0000] {dag.py:3834} INFO - Setting next_dagrun for example_skip_dag to 2025-11-09 00:00:00+00:00, run_after=2025-11-10 00:00:00+00:00
[2025-11-10T20:52:31.522+0000] {processor.py:183} INFO - Processing /home/airflow/.local/lib/python3.8/site-packages/airflow/example_dags/example_skip_dag.py took 0.080 seconds
[2025-11-10T20:53:01.761+0000] {processor.py:161} INFO - Started process (PID=1927) to work on /home/airflow/.local/lib/python3.8/site-packages/airflow/example_dags/example_skip_dag.py
[2025-11-10T20:53:01.764+0000] {processor.py:830} INFO - Processing file /home/airflow/.local/lib/python3.8/site-packages/airflow/example_dags/example_skip_dag.py for tasks to queue
[2025-11-10T20:53:01.766+0000] {logging_mixin.py:188} INFO - [2025-11-10T20:53:01.766+0000] {dagbag.py:540} INFO - Filling up the DagBag from /home/airflow/.local/lib/python3.8/site-packages/airflow/example_dags/example_skip_dag.py
[2025-11-10T20:53:01.773+0000] {processor.py:840} INFO - DAG(s) 'example_skip_dag' retrieved from /home/airflow/.local/lib/python3.8/site-packages/airflow/example_dags/example_skip_dag.py
[2025-11-10T20:53:01.793+0000] {logging_mixin.py:188} INFO - [2025-11-10T20:53:01.793+0000] {dag.py:3047} INFO - Sync 1 DAGs
[2025-11-10T20:53:01.813+0000] {logging_mixin.py:188} INFO - [2025-11-10T20:53:01.812+0000] {dag.py:3834} INFO - Setting next_dagrun for example_skip_dag to 2025-11-09 00:00:00+00:00, run_after=2025-11-10 00:00:00+00:00
[2025-11-10T20:53:01.831+0000] {processor.py:183} INFO - Processing /home/airflow/.local/lib/python3.8/site-packages/airflow/example_dags/example_skip_dag.py took 0.075 seconds
