[2025-11-10T20:36:08.867+0000] {processor.py:161} INFO - Started process (PID=73) to work on /home/airflow/.local/lib/python3.8/site-packages/airflow/example_dags/example_xcom.py
[2025-11-10T20:36:08.935+0000] {processor.py:830} INFO - Processing file /home/airflow/.local/lib/python3.8/site-packages/airflow/example_dags/example_xcom.py for tasks to queue
[2025-11-10T20:36:08.946+0000] {logging_mixin.py:188} INFO - [2025-11-10T20:36:08.941+0000] {dagbag.py:540} INFO - Filling up the DagBag from /home/airflow/.local/lib/python3.8/site-packages/airflow/example_dags/example_xcom.py
[2025-11-10T20:36:08.986+0000] {processor.py:840} INFO - DAG(s) 'example_xcom' retrieved from /home/airflow/.local/lib/python3.8/site-packages/airflow/example_dags/example_xcom.py
[2025-11-10T20:36:09.146+0000] {logging_mixin.py:188} INFO - [2025-11-10T20:36:09.145+0000] {override.py:1769} INFO - Created Permission View: can read on DAG:example_xcom
[2025-11-10T20:36:09.159+0000] {logging_mixin.py:188} INFO - [2025-11-10T20:36:09.158+0000] {override.py:1769} INFO - Created Permission View: can edit on DAG:example_xcom
[2025-11-10T20:36:09.168+0000] {logging_mixin.py:188} INFO - [2025-11-10T20:36:09.167+0000] {override.py:1769} INFO - Created Permission View: can delete on DAG:example_xcom
[2025-11-10T20:36:09.169+0000] {logging_mixin.py:188} INFO - [2025-11-10T20:36:09.168+0000] {dag.py:3047} INFO - Sync 1 DAGs
[2025-11-10T20:36:09.184+0000] {logging_mixin.py:188} INFO - [2025-11-10T20:36:09.184+0000] {dag.py:3069} INFO - Creating ORM DAG for example_xcom
[2025-11-10T20:36:09.196+0000] {logging_mixin.py:188} INFO - [2025-11-10T20:36:09.196+0000] {dag.py:3834} INFO - Setting next_dagrun for example_xcom to 2021-01-01 00:00:00+00:00, run_after=2021-01-01 00:00:00+00:00
[2025-11-10T20:36:09.222+0000] {processor.py:183} INFO - Processing /home/airflow/.local/lib/python3.8/site-packages/airflow/example_dags/example_xcom.py took 0.405 seconds
[2025-11-10T20:36:39.461+0000] {processor.py:161} INFO - Started process (PID=128) to work on /home/airflow/.local/lib/python3.8/site-packages/airflow/example_dags/example_xcom.py
[2025-11-10T20:36:39.464+0000] {processor.py:830} INFO - Processing file /home/airflow/.local/lib/python3.8/site-packages/airflow/example_dags/example_xcom.py for tasks to queue
[2025-11-10T20:36:39.467+0000] {logging_mixin.py:188} INFO - [2025-11-10T20:36:39.466+0000] {dagbag.py:540} INFO - Filling up the DagBag from /home/airflow/.local/lib/python3.8/site-packages/airflow/example_dags/example_xcom.py
[2025-11-10T20:36:39.478+0000] {processor.py:840} INFO - DAG(s) 'example_xcom' retrieved from /home/airflow/.local/lib/python3.8/site-packages/airflow/example_dags/example_xcom.py
[2025-11-10T20:36:39.501+0000] {logging_mixin.py:188} INFO - [2025-11-10T20:36:39.501+0000] {dag.py:3047} INFO - Sync 1 DAGs
[2025-11-10T20:36:39.522+0000] {logging_mixin.py:188} INFO - [2025-11-10T20:36:39.522+0000] {dag.py:3834} INFO - Setting next_dagrun for example_xcom to 2021-01-01 00:00:00+00:00, run_after=2021-01-01 00:00:00+00:00
[2025-11-10T20:36:39.539+0000] {processor.py:183} INFO - Processing /home/airflow/.local/lib/python3.8/site-packages/airflow/example_dags/example_xcom.py took 0.083 seconds
[2025-11-10T20:37:10.314+0000] {processor.py:161} INFO - Started process (PID=189) to work on /home/airflow/.local/lib/python3.8/site-packages/airflow/example_dags/example_xcom.py
[2025-11-10T20:37:10.315+0000] {processor.py:830} INFO - Processing file /home/airflow/.local/lib/python3.8/site-packages/airflow/example_dags/example_xcom.py for tasks to queue
[2025-11-10T20:37:10.318+0000] {logging_mixin.py:188} INFO - [2025-11-10T20:37:10.318+0000] {dagbag.py:540} INFO - Filling up the DagBag from /home/airflow/.local/lib/python3.8/site-packages/airflow/example_dags/example_xcom.py
[2025-11-10T20:37:10.327+0000] {processor.py:840} INFO - DAG(s) 'example_xcom' retrieved from /home/airflow/.local/lib/python3.8/site-packages/airflow/example_dags/example_xcom.py
[2025-11-10T20:37:10.357+0000] {logging_mixin.py:188} INFO - [2025-11-10T20:37:10.357+0000] {dag.py:3047} INFO - Sync 1 DAGs
[2025-11-10T20:37:10.390+0000] {logging_mixin.py:188} INFO - [2025-11-10T20:37:10.390+0000] {dag.py:3834} INFO - Setting next_dagrun for example_xcom to 2021-01-01 00:00:00+00:00, run_after=2021-01-01 00:00:00+00:00
[2025-11-10T20:37:10.425+0000] {processor.py:183} INFO - Processing /home/airflow/.local/lib/python3.8/site-packages/airflow/example_dags/example_xcom.py took 0.114 seconds
[2025-11-10T20:37:40.618+0000] {processor.py:161} INFO - Started process (PID=245) to work on /home/airflow/.local/lib/python3.8/site-packages/airflow/example_dags/example_xcom.py
[2025-11-10T20:37:40.620+0000] {processor.py:830} INFO - Processing file /home/airflow/.local/lib/python3.8/site-packages/airflow/example_dags/example_xcom.py for tasks to queue
[2025-11-10T20:37:40.623+0000] {logging_mixin.py:188} INFO - [2025-11-10T20:37:40.622+0000] {dagbag.py:540} INFO - Filling up the DagBag from /home/airflow/.local/lib/python3.8/site-packages/airflow/example_dags/example_xcom.py
[2025-11-10T20:37:40.632+0000] {processor.py:840} INFO - DAG(s) 'example_xcom' retrieved from /home/airflow/.local/lib/python3.8/site-packages/airflow/example_dags/example_xcom.py
[2025-11-10T20:37:40.656+0000] {logging_mixin.py:188} INFO - [2025-11-10T20:37:40.656+0000] {dag.py:3047} INFO - Sync 1 DAGs
[2025-11-10T20:37:40.679+0000] {logging_mixin.py:188} INFO - [2025-11-10T20:37:40.678+0000] {dag.py:3834} INFO - Setting next_dagrun for example_xcom to 2021-01-01 00:00:00+00:00, run_after=2021-01-01 00:00:00+00:00
[2025-11-10T20:37:40.702+0000] {processor.py:183} INFO - Processing /home/airflow/.local/lib/python3.8/site-packages/airflow/example_dags/example_xcom.py took 0.089 seconds
[2025-11-10T20:38:10.947+0000] {processor.py:161} INFO - Started process (PID=300) to work on /home/airflow/.local/lib/python3.8/site-packages/airflow/example_dags/example_xcom.py
[2025-11-10T20:38:10.949+0000] {processor.py:830} INFO - Processing file /home/airflow/.local/lib/python3.8/site-packages/airflow/example_dags/example_xcom.py for tasks to queue
[2025-11-10T20:38:10.951+0000] {logging_mixin.py:188} INFO - [2025-11-10T20:38:10.950+0000] {dagbag.py:540} INFO - Filling up the DagBag from /home/airflow/.local/lib/python3.8/site-packages/airflow/example_dags/example_xcom.py
[2025-11-10T20:38:10.958+0000] {processor.py:840} INFO - DAG(s) 'example_xcom' retrieved from /home/airflow/.local/lib/python3.8/site-packages/airflow/example_dags/example_xcom.py
[2025-11-10T20:38:10.978+0000] {logging_mixin.py:188} INFO - [2025-11-10T20:38:10.978+0000] {dag.py:3047} INFO - Sync 1 DAGs
[2025-11-10T20:38:10.999+0000] {logging_mixin.py:188} INFO - [2025-11-10T20:38:10.999+0000] {dag.py:3834} INFO - Setting next_dagrun for example_xcom to 2021-01-01 00:00:00+00:00, run_after=2021-01-01 00:00:00+00:00
[2025-11-10T20:38:11.018+0000] {processor.py:183} INFO - Processing /home/airflow/.local/lib/python3.8/site-packages/airflow/example_dags/example_xcom.py took 0.074 seconds
[2025-11-10T20:38:41.324+0000] {processor.py:161} INFO - Started process (PID=354) to work on /home/airflow/.local/lib/python3.8/site-packages/airflow/example_dags/example_xcom.py
[2025-11-10T20:38:41.326+0000] {processor.py:830} INFO - Processing file /home/airflow/.local/lib/python3.8/site-packages/airflow/example_dags/example_xcom.py for tasks to queue
[2025-11-10T20:38:41.328+0000] {logging_mixin.py:188} INFO - [2025-11-10T20:38:41.328+0000] {dagbag.py:540} INFO - Filling up the DagBag from /home/airflow/.local/lib/python3.8/site-packages/airflow/example_dags/example_xcom.py
[2025-11-10T20:38:41.336+0000] {processor.py:840} INFO - DAG(s) 'example_xcom' retrieved from /home/airflow/.local/lib/python3.8/site-packages/airflow/example_dags/example_xcom.py
[2025-11-10T20:38:41.360+0000] {logging_mixin.py:188} INFO - [2025-11-10T20:38:41.360+0000] {dag.py:3047} INFO - Sync 1 DAGs
[2025-11-10T20:38:41.380+0000] {logging_mixin.py:188} INFO - [2025-11-10T20:38:41.380+0000] {dag.py:3834} INFO - Setting next_dagrun for example_xcom to 2021-01-01 00:00:00+00:00, run_after=2021-01-01 00:00:00+00:00
[2025-11-10T20:38:41.403+0000] {processor.py:183} INFO - Processing /home/airflow/.local/lib/python3.8/site-packages/airflow/example_dags/example_xcom.py took 0.082 seconds
[2025-11-10T20:39:12.166+0000] {processor.py:161} INFO - Started process (PID=409) to work on /home/airflow/.local/lib/python3.8/site-packages/airflow/example_dags/example_xcom.py
[2025-11-10T20:39:12.167+0000] {processor.py:830} INFO - Processing file /home/airflow/.local/lib/python3.8/site-packages/airflow/example_dags/example_xcom.py for tasks to queue
[2025-11-10T20:39:12.169+0000] {logging_mixin.py:188} INFO - [2025-11-10T20:39:12.168+0000] {dagbag.py:540} INFO - Filling up the DagBag from /home/airflow/.local/lib/python3.8/site-packages/airflow/example_dags/example_xcom.py
[2025-11-10T20:39:12.176+0000] {processor.py:840} INFO - DAG(s) 'example_xcom' retrieved from /home/airflow/.local/lib/python3.8/site-packages/airflow/example_dags/example_xcom.py
[2025-11-10T20:39:12.195+0000] {logging_mixin.py:188} INFO - [2025-11-10T20:39:12.195+0000] {dag.py:3047} INFO - Sync 1 DAGs
[2025-11-10T20:39:12.221+0000] {logging_mixin.py:188} INFO - [2025-11-10T20:39:12.221+0000] {dag.py:3834} INFO - Setting next_dagrun for example_xcom to 2021-01-01 00:00:00+00:00, run_after=2021-01-01 00:00:00+00:00
[2025-11-10T20:39:12.242+0000] {processor.py:183} INFO - Processing /home/airflow/.local/lib/python3.8/site-packages/airflow/example_dags/example_xcom.py took 0.079 seconds
[2025-11-10T20:39:43.103+0000] {processor.py:161} INFO - Started process (PID=464) to work on /home/airflow/.local/lib/python3.8/site-packages/airflow/example_dags/example_xcom.py
[2025-11-10T20:39:43.106+0000] {processor.py:830} INFO - Processing file /home/airflow/.local/lib/python3.8/site-packages/airflow/example_dags/example_xcom.py for tasks to queue
[2025-11-10T20:39:43.110+0000] {logging_mixin.py:188} INFO - [2025-11-10T20:39:43.110+0000] {dagbag.py:540} INFO - Filling up the DagBag from /home/airflow/.local/lib/python3.8/site-packages/airflow/example_dags/example_xcom.py
[2025-11-10T20:39:43.132+0000] {processor.py:840} INFO - DAG(s) 'example_xcom' retrieved from /home/airflow/.local/lib/python3.8/site-packages/airflow/example_dags/example_xcom.py
[2025-11-10T20:39:43.168+0000] {logging_mixin.py:188} INFO - [2025-11-10T20:39:43.168+0000] {dag.py:3047} INFO - Sync 1 DAGs
[2025-11-10T20:39:43.201+0000] {logging_mixin.py:188} INFO - [2025-11-10T20:39:43.201+0000] {dag.py:3834} INFO - Setting next_dagrun for example_xcom to 2021-01-01 00:00:00+00:00, run_after=2021-01-01 00:00:00+00:00
[2025-11-10T20:39:43.245+0000] {processor.py:183} INFO - Processing /home/airflow/.local/lib/python3.8/site-packages/airflow/example_dags/example_xcom.py took 0.150 seconds
[2025-11-10T20:40:13.448+0000] {processor.py:161} INFO - Started process (PID=519) to work on /home/airflow/.local/lib/python3.8/site-packages/airflow/example_dags/example_xcom.py
[2025-11-10T20:40:13.450+0000] {processor.py:830} INFO - Processing file /home/airflow/.local/lib/python3.8/site-packages/airflow/example_dags/example_xcom.py for tasks to queue
[2025-11-10T20:40:13.452+0000] {logging_mixin.py:188} INFO - [2025-11-10T20:40:13.452+0000] {dagbag.py:540} INFO - Filling up the DagBag from /home/airflow/.local/lib/python3.8/site-packages/airflow/example_dags/example_xcom.py
[2025-11-10T20:40:13.463+0000] {processor.py:840} INFO - DAG(s) 'example_xcom' retrieved from /home/airflow/.local/lib/python3.8/site-packages/airflow/example_dags/example_xcom.py
[2025-11-10T20:40:13.486+0000] {logging_mixin.py:188} INFO - [2025-11-10T20:40:13.486+0000] {dag.py:3047} INFO - Sync 1 DAGs
[2025-11-10T20:40:13.508+0000] {logging_mixin.py:188} INFO - [2025-11-10T20:40:13.508+0000] {dag.py:3834} INFO - Setting next_dagrun for example_xcom to 2021-01-01 00:00:00+00:00, run_after=2021-01-01 00:00:00+00:00
[2025-11-10T20:40:13.526+0000] {processor.py:183} INFO - Processing /home/airflow/.local/lib/python3.8/site-packages/airflow/example_dags/example_xcom.py took 0.084 seconds
[2025-11-10T20:40:43.635+0000] {processor.py:161} INFO - Started process (PID=574) to work on /home/airflow/.local/lib/python3.8/site-packages/airflow/example_dags/example_xcom.py
[2025-11-10T20:40:43.640+0000] {processor.py:830} INFO - Processing file /home/airflow/.local/lib/python3.8/site-packages/airflow/example_dags/example_xcom.py for tasks to queue
[2025-11-10T20:40:43.646+0000] {logging_mixin.py:188} INFO - [2025-11-10T20:40:43.645+0000] {dagbag.py:540} INFO - Filling up the DagBag from /home/airflow/.local/lib/python3.8/site-packages/airflow/example_dags/example_xcom.py
[2025-11-10T20:40:43.659+0000] {processor.py:840} INFO - DAG(s) 'example_xcom' retrieved from /home/airflow/.local/lib/python3.8/site-packages/airflow/example_dags/example_xcom.py
[2025-11-10T20:40:43.680+0000] {logging_mixin.py:188} INFO - [2025-11-10T20:40:43.680+0000] {dag.py:3047} INFO - Sync 1 DAGs
[2025-11-10T20:40:43.701+0000] {logging_mixin.py:188} INFO - [2025-11-10T20:40:43.701+0000] {dag.py:3834} INFO - Setting next_dagrun for example_xcom to 2021-01-01 00:00:00+00:00, run_after=2021-01-01 00:00:00+00:00
[2025-11-10T20:40:43.721+0000] {processor.py:183} INFO - Processing /home/airflow/.local/lib/python3.8/site-packages/airflow/example_dags/example_xcom.py took 0.094 seconds
[2025-11-10T20:41:13.917+0000] {processor.py:161} INFO - Started process (PID=629) to work on /home/airflow/.local/lib/python3.8/site-packages/airflow/example_dags/example_xcom.py
[2025-11-10T20:41:13.920+0000] {processor.py:830} INFO - Processing file /home/airflow/.local/lib/python3.8/site-packages/airflow/example_dags/example_xcom.py for tasks to queue
[2025-11-10T20:41:13.924+0000] {logging_mixin.py:188} INFO - [2025-11-10T20:41:13.924+0000] {dagbag.py:540} INFO - Filling up the DagBag from /home/airflow/.local/lib/python3.8/site-packages/airflow/example_dags/example_xcom.py
[2025-11-10T20:41:13.938+0000] {processor.py:840} INFO - DAG(s) 'example_xcom' retrieved from /home/airflow/.local/lib/python3.8/site-packages/airflow/example_dags/example_xcom.py
[2025-11-10T20:41:13.963+0000] {logging_mixin.py:188} INFO - [2025-11-10T20:41:13.963+0000] {dag.py:3047} INFO - Sync 1 DAGs
[2025-11-10T20:41:13.984+0000] {logging_mixin.py:188} INFO - [2025-11-10T20:41:13.984+0000] {dag.py:3834} INFO - Setting next_dagrun for example_xcom to 2021-01-01 00:00:00+00:00, run_after=2021-01-01 00:00:00+00:00
[2025-11-10T20:41:14.005+0000] {processor.py:183} INFO - Processing /home/airflow/.local/lib/python3.8/site-packages/airflow/example_dags/example_xcom.py took 0.092 seconds
[2025-11-10T20:41:44.397+0000] {processor.py:161} INFO - Started process (PID=684) to work on /home/airflow/.local/lib/python3.8/site-packages/airflow/example_dags/example_xcom.py
[2025-11-10T20:41:44.398+0000] {processor.py:830} INFO - Processing file /home/airflow/.local/lib/python3.8/site-packages/airflow/example_dags/example_xcom.py for tasks to queue
[2025-11-10T20:41:44.401+0000] {logging_mixin.py:188} INFO - [2025-11-10T20:41:44.401+0000] {dagbag.py:540} INFO - Filling up the DagBag from /home/airflow/.local/lib/python3.8/site-packages/airflow/example_dags/example_xcom.py
[2025-11-10T20:41:44.410+0000] {processor.py:840} INFO - DAG(s) 'example_xcom' retrieved from /home/airflow/.local/lib/python3.8/site-packages/airflow/example_dags/example_xcom.py
[2025-11-10T20:41:44.440+0000] {logging_mixin.py:188} INFO - [2025-11-10T20:41:44.440+0000] {dag.py:3047} INFO - Sync 1 DAGs
[2025-11-10T20:41:44.486+0000] {logging_mixin.py:188} INFO - [2025-11-10T20:41:44.485+0000] {dag.py:3834} INFO - Setting next_dagrun for example_xcom to 2021-01-01 00:00:00+00:00, run_after=2021-01-01 00:00:00+00:00
[2025-11-10T20:41:44.521+0000] {processor.py:183} INFO - Processing /home/airflow/.local/lib/python3.8/site-packages/airflow/example_dags/example_xcom.py took 0.127 seconds
[2025-11-10T20:42:15.348+0000] {processor.py:161} INFO - Started process (PID=739) to work on /home/airflow/.local/lib/python3.8/site-packages/airflow/example_dags/example_xcom.py
[2025-11-10T20:42:15.349+0000] {processor.py:830} INFO - Processing file /home/airflow/.local/lib/python3.8/site-packages/airflow/example_dags/example_xcom.py for tasks to queue
[2025-11-10T20:42:15.352+0000] {logging_mixin.py:188} INFO - [2025-11-10T20:42:15.351+0000] {dagbag.py:540} INFO - Filling up the DagBag from /home/airflow/.local/lib/python3.8/site-packages/airflow/example_dags/example_xcom.py
[2025-11-10T20:42:15.362+0000] {processor.py:840} INFO - DAG(s) 'example_xcom' retrieved from /home/airflow/.local/lib/python3.8/site-packages/airflow/example_dags/example_xcom.py
[2025-11-10T20:42:15.384+0000] {logging_mixin.py:188} INFO - [2025-11-10T20:42:15.384+0000] {dag.py:3047} INFO - Sync 1 DAGs
[2025-11-10T20:42:15.410+0000] {logging_mixin.py:188} INFO - [2025-11-10T20:42:15.410+0000] {dag.py:3834} INFO - Setting next_dagrun for example_xcom to 2021-01-01 00:00:00+00:00, run_after=2021-01-01 00:00:00+00:00
[2025-11-10T20:42:15.450+0000] {processor.py:183} INFO - Processing /home/airflow/.local/lib/python3.8/site-packages/airflow/example_dags/example_xcom.py took 0.105 seconds
[2025-11-10T20:42:45.994+0000] {processor.py:161} INFO - Started process (PID=794) to work on /home/airflow/.local/lib/python3.8/site-packages/airflow/example_dags/example_xcom.py
[2025-11-10T20:42:45.996+0000] {processor.py:830} INFO - Processing file /home/airflow/.local/lib/python3.8/site-packages/airflow/example_dags/example_xcom.py for tasks to queue
[2025-11-10T20:42:45.999+0000] {logging_mixin.py:188} INFO - [2025-11-10T20:42:45.998+0000] {dagbag.py:540} INFO - Filling up the DagBag from /home/airflow/.local/lib/python3.8/site-packages/airflow/example_dags/example_xcom.py
[2025-11-10T20:42:46.007+0000] {processor.py:840} INFO - DAG(s) 'example_xcom' retrieved from /home/airflow/.local/lib/python3.8/site-packages/airflow/example_dags/example_xcom.py
[2025-11-10T20:42:46.026+0000] {logging_mixin.py:188} INFO - [2025-11-10T20:42:46.025+0000] {dag.py:3047} INFO - Sync 1 DAGs
[2025-11-10T20:42:46.045+0000] {logging_mixin.py:188} INFO - [2025-11-10T20:42:46.044+0000] {dag.py:3834} INFO - Setting next_dagrun for example_xcom to 2021-01-01 00:00:00+00:00, run_after=2021-01-01 00:00:00+00:00
[2025-11-10T20:42:46.065+0000] {processor.py:183} INFO - Processing /home/airflow/.local/lib/python3.8/site-packages/airflow/example_dags/example_xcom.py took 0.074 seconds
[2025-11-10T20:43:17.080+0000] {processor.py:161} INFO - Started process (PID=849) to work on /home/airflow/.local/lib/python3.8/site-packages/airflow/example_dags/example_xcom.py
[2025-11-10T20:43:17.083+0000] {processor.py:830} INFO - Processing file /home/airflow/.local/lib/python3.8/site-packages/airflow/example_dags/example_xcom.py for tasks to queue
[2025-11-10T20:43:17.094+0000] {logging_mixin.py:188} INFO - [2025-11-10T20:43:17.093+0000] {dagbag.py:540} INFO - Filling up the DagBag from /home/airflow/.local/lib/python3.8/site-packages/airflow/example_dags/example_xcom.py
[2025-11-10T20:43:17.105+0000] {processor.py:840} INFO - DAG(s) 'example_xcom' retrieved from /home/airflow/.local/lib/python3.8/site-packages/airflow/example_dags/example_xcom.py
[2025-11-10T20:43:17.127+0000] {logging_mixin.py:188} INFO - [2025-11-10T20:43:17.126+0000] {dag.py:3047} INFO - Sync 1 DAGs
[2025-11-10T20:43:17.146+0000] {logging_mixin.py:188} INFO - [2025-11-10T20:43:17.146+0000] {dag.py:3834} INFO - Setting next_dagrun for example_xcom to 2021-01-01 00:00:00+00:00, run_after=2021-01-01 00:00:00+00:00
[2025-11-10T20:43:17.164+0000] {processor.py:183} INFO - Processing /home/airflow/.local/lib/python3.8/site-packages/airflow/example_dags/example_xcom.py took 0.091 seconds
[2025-11-10T20:43:47.425+0000] {processor.py:161} INFO - Started process (PID=903) to work on /home/airflow/.local/lib/python3.8/site-packages/airflow/example_dags/example_xcom.py
[2025-11-10T20:43:47.429+0000] {processor.py:830} INFO - Processing file /home/airflow/.local/lib/python3.8/site-packages/airflow/example_dags/example_xcom.py for tasks to queue
[2025-11-10T20:43:47.433+0000] {logging_mixin.py:188} INFO - [2025-11-10T20:43:47.432+0000] {dagbag.py:540} INFO - Filling up the DagBag from /home/airflow/.local/lib/python3.8/site-packages/airflow/example_dags/example_xcom.py
[2025-11-10T20:43:47.444+0000] {processor.py:840} INFO - DAG(s) 'example_xcom' retrieved from /home/airflow/.local/lib/python3.8/site-packages/airflow/example_dags/example_xcom.py
[2025-11-10T20:43:47.464+0000] {logging_mixin.py:188} INFO - [2025-11-10T20:43:47.464+0000] {dag.py:3047} INFO - Sync 1 DAGs
[2025-11-10T20:43:47.483+0000] {logging_mixin.py:188} INFO - [2025-11-10T20:43:47.483+0000] {dag.py:3834} INFO - Setting next_dagrun for example_xcom to 2021-01-01 00:00:00+00:00, run_after=2021-01-01 00:00:00+00:00
[2025-11-10T20:43:47.509+0000] {processor.py:183} INFO - Processing /home/airflow/.local/lib/python3.8/site-packages/airflow/example_dags/example_xcom.py took 0.091 seconds
[2025-11-10T20:44:17.770+0000] {processor.py:161} INFO - Started process (PID=958) to work on /home/airflow/.local/lib/python3.8/site-packages/airflow/example_dags/example_xcom.py
[2025-11-10T20:44:17.772+0000] {processor.py:830} INFO - Processing file /home/airflow/.local/lib/python3.8/site-packages/airflow/example_dags/example_xcom.py for tasks to queue
[2025-11-10T20:44:17.774+0000] {logging_mixin.py:188} INFO - [2025-11-10T20:44:17.773+0000] {dagbag.py:540} INFO - Filling up the DagBag from /home/airflow/.local/lib/python3.8/site-packages/airflow/example_dags/example_xcom.py
[2025-11-10T20:44:17.781+0000] {processor.py:840} INFO - DAG(s) 'example_xcom' retrieved from /home/airflow/.local/lib/python3.8/site-packages/airflow/example_dags/example_xcom.py
[2025-11-10T20:44:17.799+0000] {logging_mixin.py:188} INFO - [2025-11-10T20:44:17.799+0000] {dag.py:3047} INFO - Sync 1 DAGs
[2025-11-10T20:44:17.819+0000] {logging_mixin.py:188} INFO - [2025-11-10T20:44:17.819+0000] {dag.py:3834} INFO - Setting next_dagrun for example_xcom to 2021-01-01 00:00:00+00:00, run_after=2021-01-01 00:00:00+00:00
[2025-11-10T20:44:17.836+0000] {processor.py:183} INFO - Processing /home/airflow/.local/lib/python3.8/site-packages/airflow/example_dags/example_xcom.py took 0.071 seconds
[2025-11-10T20:44:48.327+0000] {processor.py:161} INFO - Started process (PID=1013) to work on /home/airflow/.local/lib/python3.8/site-packages/airflow/example_dags/example_xcom.py
[2025-11-10T20:44:48.329+0000] {processor.py:830} INFO - Processing file /home/airflow/.local/lib/python3.8/site-packages/airflow/example_dags/example_xcom.py for tasks to queue
[2025-11-10T20:44:48.332+0000] {logging_mixin.py:188} INFO - [2025-11-10T20:44:48.331+0000] {dagbag.py:540} INFO - Filling up the DagBag from /home/airflow/.local/lib/python3.8/site-packages/airflow/example_dags/example_xcom.py
[2025-11-10T20:44:48.342+0000] {processor.py:840} INFO - DAG(s) 'example_xcom' retrieved from /home/airflow/.local/lib/python3.8/site-packages/airflow/example_dags/example_xcom.py
[2025-11-10T20:44:48.366+0000] {logging_mixin.py:188} INFO - [2025-11-10T20:44:48.366+0000] {dag.py:3047} INFO - Sync 1 DAGs
[2025-11-10T20:44:48.392+0000] {logging_mixin.py:188} INFO - [2025-11-10T20:44:48.392+0000] {dag.py:3834} INFO - Setting next_dagrun for example_xcom to 2021-01-01 00:00:00+00:00, run_after=2021-01-01 00:00:00+00:00
[2025-11-10T20:44:48.413+0000] {processor.py:183} INFO - Processing /home/airflow/.local/lib/python3.8/site-packages/airflow/example_dags/example_xcom.py took 0.089 seconds
[2025-11-10T20:45:18.605+0000] {processor.py:161} INFO - Started process (PID=1068) to work on /home/airflow/.local/lib/python3.8/site-packages/airflow/example_dags/example_xcom.py
[2025-11-10T20:45:18.607+0000] {processor.py:830} INFO - Processing file /home/airflow/.local/lib/python3.8/site-packages/airflow/example_dags/example_xcom.py for tasks to queue
[2025-11-10T20:45:18.610+0000] {logging_mixin.py:188} INFO - [2025-11-10T20:45:18.610+0000] {dagbag.py:540} INFO - Filling up the DagBag from /home/airflow/.local/lib/python3.8/site-packages/airflow/example_dags/example_xcom.py
[2025-11-10T20:45:18.619+0000] {processor.py:840} INFO - DAG(s) 'example_xcom' retrieved from /home/airflow/.local/lib/python3.8/site-packages/airflow/example_dags/example_xcom.py
[2025-11-10T20:45:18.640+0000] {logging_mixin.py:188} INFO - [2025-11-10T20:45:18.639+0000] {dag.py:3047} INFO - Sync 1 DAGs
[2025-11-10T20:45:18.659+0000] {logging_mixin.py:188} INFO - [2025-11-10T20:45:18.659+0000] {dag.py:3834} INFO - Setting next_dagrun for example_xcom to 2021-01-01 00:00:00+00:00, run_after=2021-01-01 00:00:00+00:00
[2025-11-10T20:45:18.677+0000] {processor.py:183} INFO - Processing /home/airflow/.local/lib/python3.8/site-packages/airflow/example_dags/example_xcom.py took 0.077 seconds
[2025-11-10T20:45:48.764+0000] {processor.py:161} INFO - Started process (PID=1123) to work on /home/airflow/.local/lib/python3.8/site-packages/airflow/example_dags/example_xcom.py
[2025-11-10T20:45:48.766+0000] {processor.py:830} INFO - Processing file /home/airflow/.local/lib/python3.8/site-packages/airflow/example_dags/example_xcom.py for tasks to queue
[2025-11-10T20:45:48.768+0000] {logging_mixin.py:188} INFO - [2025-11-10T20:45:48.768+0000] {dagbag.py:540} INFO - Filling up the DagBag from /home/airflow/.local/lib/python3.8/site-packages/airflow/example_dags/example_xcom.py
[2025-11-10T20:45:48.777+0000] {processor.py:840} INFO - DAG(s) 'example_xcom' retrieved from /home/airflow/.local/lib/python3.8/site-packages/airflow/example_dags/example_xcom.py
[2025-11-10T20:45:48.799+0000] {logging_mixin.py:188} INFO - [2025-11-10T20:45:48.799+0000] {dag.py:3047} INFO - Sync 1 DAGs
[2025-11-10T20:45:48.820+0000] {logging_mixin.py:188} INFO - [2025-11-10T20:45:48.819+0000] {dag.py:3834} INFO - Setting next_dagrun for example_xcom to 2021-01-01 00:00:00+00:00, run_after=2021-01-01 00:00:00+00:00
[2025-11-10T20:45:48.849+0000] {processor.py:183} INFO - Processing /home/airflow/.local/lib/python3.8/site-packages/airflow/example_dags/example_xcom.py took 0.089 seconds
[2025-11-10T20:46:19.003+0000] {processor.py:161} INFO - Started process (PID=1178) to work on /home/airflow/.local/lib/python3.8/site-packages/airflow/example_dags/example_xcom.py
[2025-11-10T20:46:19.005+0000] {processor.py:830} INFO - Processing file /home/airflow/.local/lib/python3.8/site-packages/airflow/example_dags/example_xcom.py for tasks to queue
[2025-11-10T20:46:19.007+0000] {logging_mixin.py:188} INFO - [2025-11-10T20:46:19.007+0000] {dagbag.py:540} INFO - Filling up the DagBag from /home/airflow/.local/lib/python3.8/site-packages/airflow/example_dags/example_xcom.py
[2025-11-10T20:46:19.016+0000] {processor.py:840} INFO - DAG(s) 'example_xcom' retrieved from /home/airflow/.local/lib/python3.8/site-packages/airflow/example_dags/example_xcom.py
[2025-11-10T20:46:19.034+0000] {logging_mixin.py:188} INFO - [2025-11-10T20:46:19.034+0000] {dag.py:3047} INFO - Sync 1 DAGs
[2025-11-10T20:46:19.054+0000] {logging_mixin.py:188} INFO - [2025-11-10T20:46:19.054+0000] {dag.py:3834} INFO - Setting next_dagrun for example_xcom to 2021-01-01 00:00:00+00:00, run_after=2021-01-01 00:00:00+00:00
[2025-11-10T20:46:19.074+0000] {processor.py:183} INFO - Processing /home/airflow/.local/lib/python3.8/site-packages/airflow/example_dags/example_xcom.py took 0.076 seconds
[2025-11-10T20:46:49.322+0000] {processor.py:161} INFO - Started process (PID=1234) to work on /home/airflow/.local/lib/python3.8/site-packages/airflow/example_dags/example_xcom.py
[2025-11-10T20:46:49.324+0000] {processor.py:830} INFO - Processing file /home/airflow/.local/lib/python3.8/site-packages/airflow/example_dags/example_xcom.py for tasks to queue
[2025-11-10T20:46:49.327+0000] {logging_mixin.py:188} INFO - [2025-11-10T20:46:49.327+0000] {dagbag.py:540} INFO - Filling up the DagBag from /home/airflow/.local/lib/python3.8/site-packages/airflow/example_dags/example_xcom.py
[2025-11-10T20:46:49.336+0000] {processor.py:840} INFO - DAG(s) 'example_xcom' retrieved from /home/airflow/.local/lib/python3.8/site-packages/airflow/example_dags/example_xcom.py
[2025-11-10T20:46:49.354+0000] {logging_mixin.py:188} INFO - [2025-11-10T20:46:49.354+0000] {dag.py:3047} INFO - Sync 1 DAGs
[2025-11-10T20:46:49.373+0000] {logging_mixin.py:188} INFO - [2025-11-10T20:46:49.373+0000] {dag.py:3834} INFO - Setting next_dagrun for example_xcom to 2021-01-01 00:00:00+00:00, run_after=2021-01-01 00:00:00+00:00
[2025-11-10T20:46:49.391+0000] {processor.py:183} INFO - Processing /home/airflow/.local/lib/python3.8/site-packages/airflow/example_dags/example_xcom.py took 0.075 seconds
[2025-11-10T20:47:19.829+0000] {processor.py:161} INFO - Started process (PID=1289) to work on /home/airflow/.local/lib/python3.8/site-packages/airflow/example_dags/example_xcom.py
[2025-11-10T20:47:19.831+0000] {processor.py:830} INFO - Processing file /home/airflow/.local/lib/python3.8/site-packages/airflow/example_dags/example_xcom.py for tasks to queue
[2025-11-10T20:47:19.836+0000] {logging_mixin.py:188} INFO - [2025-11-10T20:47:19.835+0000] {dagbag.py:540} INFO - Filling up the DagBag from /home/airflow/.local/lib/python3.8/site-packages/airflow/example_dags/example_xcom.py
[2025-11-10T20:47:19.851+0000] {processor.py:840} INFO - DAG(s) 'example_xcom' retrieved from /home/airflow/.local/lib/python3.8/site-packages/airflow/example_dags/example_xcom.py
[2025-11-10T20:47:19.872+0000] {logging_mixin.py:188} INFO - [2025-11-10T20:47:19.872+0000] {dag.py:3047} INFO - Sync 1 DAGs
[2025-11-10T20:47:19.891+0000] {logging_mixin.py:188} INFO - [2025-11-10T20:47:19.891+0000] {dag.py:3834} INFO - Setting next_dagrun for example_xcom to 2021-01-01 00:00:00+00:00, run_after=2021-01-01 00:00:00+00:00
[2025-11-10T20:47:19.912+0000] {processor.py:183} INFO - Processing /home/airflow/.local/lib/python3.8/site-packages/airflow/example_dags/example_xcom.py took 0.087 seconds
[2025-11-10T20:47:50.019+0000] {processor.py:161} INFO - Started process (PID=1344) to work on /home/airflow/.local/lib/python3.8/site-packages/airflow/example_dags/example_xcom.py
[2025-11-10T20:47:50.021+0000] {processor.py:830} INFO - Processing file /home/airflow/.local/lib/python3.8/site-packages/airflow/example_dags/example_xcom.py for tasks to queue
[2025-11-10T20:47:50.025+0000] {logging_mixin.py:188} INFO - [2025-11-10T20:47:50.025+0000] {dagbag.py:540} INFO - Filling up the DagBag from /home/airflow/.local/lib/python3.8/site-packages/airflow/example_dags/example_xcom.py
[2025-11-10T20:47:50.039+0000] {processor.py:840} INFO - DAG(s) 'example_xcom' retrieved from /home/airflow/.local/lib/python3.8/site-packages/airflow/example_dags/example_xcom.py
[2025-11-10T20:47:50.061+0000] {logging_mixin.py:188} INFO - [2025-11-10T20:47:50.061+0000] {dag.py:3047} INFO - Sync 1 DAGs
[2025-11-10T20:47:50.080+0000] {logging_mixin.py:188} INFO - [2025-11-10T20:47:50.079+0000] {dag.py:3834} INFO - Setting next_dagrun for example_xcom to 2021-01-01 00:00:00+00:00, run_after=2021-01-01 00:00:00+00:00
[2025-11-10T20:47:50.099+0000] {processor.py:183} INFO - Processing /home/airflow/.local/lib/python3.8/site-packages/airflow/example_dags/example_xcom.py took 0.088 seconds
[2025-11-10T20:48:20.440+0000] {processor.py:161} INFO - Started process (PID=1399) to work on /home/airflow/.local/lib/python3.8/site-packages/airflow/example_dags/example_xcom.py
[2025-11-10T20:48:20.442+0000] {processor.py:830} INFO - Processing file /home/airflow/.local/lib/python3.8/site-packages/airflow/example_dags/example_xcom.py for tasks to queue
[2025-11-10T20:48:20.445+0000] {logging_mixin.py:188} INFO - [2025-11-10T20:48:20.445+0000] {dagbag.py:540} INFO - Filling up the DagBag from /home/airflow/.local/lib/python3.8/site-packages/airflow/example_dags/example_xcom.py
[2025-11-10T20:48:20.456+0000] {processor.py:840} INFO - DAG(s) 'example_xcom' retrieved from /home/airflow/.local/lib/python3.8/site-packages/airflow/example_dags/example_xcom.py
[2025-11-10T20:48:20.475+0000] {logging_mixin.py:188} INFO - [2025-11-10T20:48:20.475+0000] {dag.py:3047} INFO - Sync 1 DAGs
[2025-11-10T20:48:20.495+0000] {logging_mixin.py:188} INFO - [2025-11-10T20:48:20.495+0000] {dag.py:3834} INFO - Setting next_dagrun for example_xcom to 2021-01-01 00:00:00+00:00, run_after=2021-01-01 00:00:00+00:00
[2025-11-10T20:48:20.515+0000] {processor.py:183} INFO - Processing /home/airflow/.local/lib/python3.8/site-packages/airflow/example_dags/example_xcom.py took 0.081 seconds
[2025-11-10T20:48:50.883+0000] {processor.py:161} INFO - Started process (PID=1454) to work on /home/airflow/.local/lib/python3.8/site-packages/airflow/example_dags/example_xcom.py
[2025-11-10T20:48:50.886+0000] {processor.py:830} INFO - Processing file /home/airflow/.local/lib/python3.8/site-packages/airflow/example_dags/example_xcom.py for tasks to queue
[2025-11-10T20:48:50.889+0000] {logging_mixin.py:188} INFO - [2025-11-10T20:48:50.889+0000] {dagbag.py:540} INFO - Filling up the DagBag from /home/airflow/.local/lib/python3.8/site-packages/airflow/example_dags/example_xcom.py
[2025-11-10T20:48:50.901+0000] {processor.py:840} INFO - DAG(s) 'example_xcom' retrieved from /home/airflow/.local/lib/python3.8/site-packages/airflow/example_dags/example_xcom.py
[2025-11-10T20:48:50.925+0000] {logging_mixin.py:188} INFO - [2025-11-10T20:48:50.925+0000] {dag.py:3047} INFO - Sync 1 DAGs
[2025-11-10T20:48:50.952+0000] {logging_mixin.py:188} INFO - [2025-11-10T20:48:50.952+0000] {dag.py:3834} INFO - Setting next_dagrun for example_xcom to 2021-01-01 00:00:00+00:00, run_after=2021-01-01 00:00:00+00:00
[2025-11-10T20:48:50.969+0000] {processor.py:183} INFO - Processing /home/airflow/.local/lib/python3.8/site-packages/airflow/example_dags/example_xcom.py took 0.093 seconds
[2025-11-10T20:49:21.500+0000] {processor.py:161} INFO - Started process (PID=1510) to work on /home/airflow/.local/lib/python3.8/site-packages/airflow/example_dags/example_xcom.py
[2025-11-10T20:49:21.501+0000] {processor.py:830} INFO - Processing file /home/airflow/.local/lib/python3.8/site-packages/airflow/example_dags/example_xcom.py for tasks to queue
[2025-11-10T20:49:21.503+0000] {logging_mixin.py:188} INFO - [2025-11-10T20:49:21.502+0000] {dagbag.py:540} INFO - Filling up the DagBag from /home/airflow/.local/lib/python3.8/site-packages/airflow/example_dags/example_xcom.py
[2025-11-10T20:49:21.510+0000] {processor.py:840} INFO - DAG(s) 'example_xcom' retrieved from /home/airflow/.local/lib/python3.8/site-packages/airflow/example_dags/example_xcom.py
[2025-11-10T20:49:21.531+0000] {logging_mixin.py:188} INFO - [2025-11-10T20:49:21.530+0000] {dag.py:3047} INFO - Sync 1 DAGs
[2025-11-10T20:49:21.553+0000] {logging_mixin.py:188} INFO - [2025-11-10T20:49:21.552+0000] {dag.py:3834} INFO - Setting next_dagrun for example_xcom to 2021-01-01 00:00:00+00:00, run_after=2021-01-01 00:00:00+00:00
[2025-11-10T20:49:21.571+0000] {processor.py:183} INFO - Processing /home/airflow/.local/lib/python3.8/site-packages/airflow/example_dags/example_xcom.py took 0.075 seconds
[2025-11-10T20:49:52.089+0000] {processor.py:161} INFO - Started process (PID=1565) to work on /home/airflow/.local/lib/python3.8/site-packages/airflow/example_dags/example_xcom.py
[2025-11-10T20:49:52.090+0000] {processor.py:830} INFO - Processing file /home/airflow/.local/lib/python3.8/site-packages/airflow/example_dags/example_xcom.py for tasks to queue
[2025-11-10T20:49:52.093+0000] {logging_mixin.py:188} INFO - [2025-11-10T20:49:52.093+0000] {dagbag.py:540} INFO - Filling up the DagBag from /home/airflow/.local/lib/python3.8/site-packages/airflow/example_dags/example_xcom.py
[2025-11-10T20:49:52.102+0000] {processor.py:840} INFO - DAG(s) 'example_xcom' retrieved from /home/airflow/.local/lib/python3.8/site-packages/airflow/example_dags/example_xcom.py
[2025-11-10T20:49:52.121+0000] {logging_mixin.py:188} INFO - [2025-11-10T20:49:52.121+0000] {dag.py:3047} INFO - Sync 1 DAGs
[2025-11-10T20:49:52.141+0000] {logging_mixin.py:188} INFO - [2025-11-10T20:49:52.141+0000] {dag.py:3834} INFO - Setting next_dagrun for example_xcom to 2021-01-01 00:00:00+00:00, run_after=2021-01-01 00:00:00+00:00
[2025-11-10T20:49:52.159+0000] {processor.py:183} INFO - Processing /home/airflow/.local/lib/python3.8/site-packages/airflow/example_dags/example_xcom.py took 0.075 seconds
[2025-11-10T20:50:22.335+0000] {processor.py:161} INFO - Started process (PID=1620) to work on /home/airflow/.local/lib/python3.8/site-packages/airflow/example_dags/example_xcom.py
[2025-11-10T20:50:22.337+0000] {processor.py:830} INFO - Processing file /home/airflow/.local/lib/python3.8/site-packages/airflow/example_dags/example_xcom.py for tasks to queue
[2025-11-10T20:50:22.340+0000] {logging_mixin.py:188} INFO - [2025-11-10T20:50:22.340+0000] {dagbag.py:540} INFO - Filling up the DagBag from /home/airflow/.local/lib/python3.8/site-packages/airflow/example_dags/example_xcom.py
[2025-11-10T20:50:22.354+0000] {processor.py:840} INFO - DAG(s) 'example_xcom' retrieved from /home/airflow/.local/lib/python3.8/site-packages/airflow/example_dags/example_xcom.py
[2025-11-10T20:50:22.385+0000] {logging_mixin.py:188} INFO - [2025-11-10T20:50:22.384+0000] {dag.py:3047} INFO - Sync 1 DAGs
[2025-11-10T20:50:22.420+0000] {logging_mixin.py:188} INFO - [2025-11-10T20:50:22.420+0000] {dag.py:3834} INFO - Setting next_dagrun for example_xcom to 2021-01-01 00:00:00+00:00, run_after=2021-01-01 00:00:00+00:00
[2025-11-10T20:50:22.445+0000] {processor.py:183} INFO - Processing /home/airflow/.local/lib/python3.8/site-packages/airflow/example_dags/example_xcom.py took 0.115 seconds
[2025-11-10T20:50:52.968+0000] {processor.py:161} INFO - Started process (PID=1675) to work on /home/airflow/.local/lib/python3.8/site-packages/airflow/example_dags/example_xcom.py
[2025-11-10T20:50:52.973+0000] {processor.py:830} INFO - Processing file /home/airflow/.local/lib/python3.8/site-packages/airflow/example_dags/example_xcom.py for tasks to queue
[2025-11-10T20:50:52.979+0000] {logging_mixin.py:188} INFO - [2025-11-10T20:50:52.978+0000] {dagbag.py:540} INFO - Filling up the DagBag from /home/airflow/.local/lib/python3.8/site-packages/airflow/example_dags/example_xcom.py
[2025-11-10T20:50:53.006+0000] {processor.py:840} INFO - DAG(s) 'example_xcom' retrieved from /home/airflow/.local/lib/python3.8/site-packages/airflow/example_dags/example_xcom.py
[2025-11-10T20:50:53.050+0000] {logging_mixin.py:188} INFO - [2025-11-10T20:50:53.050+0000] {dag.py:3047} INFO - Sync 1 DAGs
[2025-11-10T20:50:53.077+0000] {logging_mixin.py:188} INFO - [2025-11-10T20:50:53.077+0000] {dag.py:3834} INFO - Setting next_dagrun for example_xcom to 2021-01-01 00:00:00+00:00, run_after=2021-01-01 00:00:00+00:00
[2025-11-10T20:50:53.108+0000] {processor.py:183} INFO - Processing /home/airflow/.local/lib/python3.8/site-packages/airflow/example_dags/example_xcom.py took 0.150 seconds
[2025-11-10T20:51:23.293+0000] {processor.py:161} INFO - Started process (PID=1730) to work on /home/airflow/.local/lib/python3.8/site-packages/airflow/example_dags/example_xcom.py
[2025-11-10T20:51:23.297+0000] {processor.py:830} INFO - Processing file /home/airflow/.local/lib/python3.8/site-packages/airflow/example_dags/example_xcom.py for tasks to queue
[2025-11-10T20:51:23.304+0000] {logging_mixin.py:188} INFO - [2025-11-10T20:51:23.303+0000] {dagbag.py:540} INFO - Filling up the DagBag from /home/airflow/.local/lib/python3.8/site-packages/airflow/example_dags/example_xcom.py
[2025-11-10T20:51:23.333+0000] {processor.py:840} INFO - DAG(s) 'example_xcom' retrieved from /home/airflow/.local/lib/python3.8/site-packages/airflow/example_dags/example_xcom.py
[2025-11-10T20:51:23.373+0000] {logging_mixin.py:188} INFO - [2025-11-10T20:51:23.372+0000] {dag.py:3047} INFO - Sync 1 DAGs
[2025-11-10T20:51:23.402+0000] {logging_mixin.py:188} INFO - [2025-11-10T20:51:23.402+0000] {dag.py:3834} INFO - Setting next_dagrun for example_xcom to 2021-01-01 00:00:00+00:00, run_after=2021-01-01 00:00:00+00:00
[2025-11-10T20:51:23.431+0000] {processor.py:183} INFO - Processing /home/airflow/.local/lib/python3.8/site-packages/airflow/example_dags/example_xcom.py took 0.144 seconds
[2025-11-10T20:51:53.608+0000] {processor.py:161} INFO - Started process (PID=1785) to work on /home/airflow/.local/lib/python3.8/site-packages/airflow/example_dags/example_xcom.py
[2025-11-10T20:51:53.609+0000] {processor.py:830} INFO - Processing file /home/airflow/.local/lib/python3.8/site-packages/airflow/example_dags/example_xcom.py for tasks to queue
[2025-11-10T20:51:53.612+0000] {logging_mixin.py:188} INFO - [2025-11-10T20:51:53.611+0000] {dagbag.py:540} INFO - Filling up the DagBag from /home/airflow/.local/lib/python3.8/site-packages/airflow/example_dags/example_xcom.py
[2025-11-10T20:51:53.619+0000] {processor.py:840} INFO - DAG(s) 'example_xcom' retrieved from /home/airflow/.local/lib/python3.8/site-packages/airflow/example_dags/example_xcom.py
[2025-11-10T20:51:53.638+0000] {logging_mixin.py:188} INFO - [2025-11-10T20:51:53.638+0000] {dag.py:3047} INFO - Sync 1 DAGs
[2025-11-10T20:51:53.660+0000] {logging_mixin.py:188} INFO - [2025-11-10T20:51:53.659+0000] {dag.py:3834} INFO - Setting next_dagrun for example_xcom to 2021-01-01 00:00:00+00:00, run_after=2021-01-01 00:00:00+00:00
[2025-11-10T20:51:53.679+0000] {processor.py:183} INFO - Processing /home/airflow/.local/lib/python3.8/site-packages/airflow/example_dags/example_xcom.py took 0.075 seconds
[2025-11-10T20:52:23.964+0000] {processor.py:161} INFO - Started process (PID=1840) to work on /home/airflow/.local/lib/python3.8/site-packages/airflow/example_dags/example_xcom.py
[2025-11-10T20:52:23.966+0000] {processor.py:830} INFO - Processing file /home/airflow/.local/lib/python3.8/site-packages/airflow/example_dags/example_xcom.py for tasks to queue
[2025-11-10T20:52:23.969+0000] {logging_mixin.py:188} INFO - [2025-11-10T20:52:23.968+0000] {dagbag.py:540} INFO - Filling up the DagBag from /home/airflow/.local/lib/python3.8/site-packages/airflow/example_dags/example_xcom.py
[2025-11-10T20:52:23.978+0000] {processor.py:840} INFO - DAG(s) 'example_xcom' retrieved from /home/airflow/.local/lib/python3.8/site-packages/airflow/example_dags/example_xcom.py
[2025-11-10T20:52:23.996+0000] {logging_mixin.py:188} INFO - [2025-11-10T20:52:23.996+0000] {dag.py:3047} INFO - Sync 1 DAGs
[2025-11-10T20:52:24.015+0000] {logging_mixin.py:188} INFO - [2025-11-10T20:52:24.015+0000] {dag.py:3834} INFO - Setting next_dagrun for example_xcom to 2021-01-01 00:00:00+00:00, run_after=2021-01-01 00:00:00+00:00
[2025-11-10T20:52:24.040+0000] {processor.py:183} INFO - Processing /home/airflow/.local/lib/python3.8/site-packages/airflow/example_dags/example_xcom.py took 0.083 seconds
[2025-11-10T20:52:54.311+0000] {processor.py:161} INFO - Started process (PID=1895) to work on /home/airflow/.local/lib/python3.8/site-packages/airflow/example_dags/example_xcom.py
[2025-11-10T20:52:54.313+0000] {processor.py:830} INFO - Processing file /home/airflow/.local/lib/python3.8/site-packages/airflow/example_dags/example_xcom.py for tasks to queue
[2025-11-10T20:52:54.315+0000] {logging_mixin.py:188} INFO - [2025-11-10T20:52:54.314+0000] {dagbag.py:540} INFO - Filling up the DagBag from /home/airflow/.local/lib/python3.8/site-packages/airflow/example_dags/example_xcom.py
[2025-11-10T20:52:54.322+0000] {processor.py:840} INFO - DAG(s) 'example_xcom' retrieved from /home/airflow/.local/lib/python3.8/site-packages/airflow/example_dags/example_xcom.py
[2025-11-10T20:52:54.342+0000] {logging_mixin.py:188} INFO - [2025-11-10T20:52:54.342+0000] {dag.py:3047} INFO - Sync 1 DAGs
[2025-11-10T20:52:54.363+0000] {logging_mixin.py:188} INFO - [2025-11-10T20:52:54.363+0000] {dag.py:3834} INFO - Setting next_dagrun for example_xcom to 2021-01-01 00:00:00+00:00, run_after=2021-01-01 00:00:00+00:00
[2025-11-10T20:52:54.385+0000] {processor.py:183} INFO - Processing /home/airflow/.local/lib/python3.8/site-packages/airflow/example_dags/example_xcom.py took 0.078 seconds
[2025-11-10T20:53:24.738+0000] {processor.py:161} INFO - Started process (PID=1950) to work on /home/airflow/.local/lib/python3.8/site-packages/airflow/example_dags/example_xcom.py
[2025-11-10T20:53:24.740+0000] {processor.py:830} INFO - Processing file /home/airflow/.local/lib/python3.8/site-packages/airflow/example_dags/example_xcom.py for tasks to queue
[2025-11-10T20:53:24.742+0000] {logging_mixin.py:188} INFO - [2025-11-10T20:53:24.742+0000] {dagbag.py:540} INFO - Filling up the DagBag from /home/airflow/.local/lib/python3.8/site-packages/airflow/example_dags/example_xcom.py
[2025-11-10T20:53:24.752+0000] {processor.py:840} INFO - DAG(s) 'example_xcom' retrieved from /home/airflow/.local/lib/python3.8/site-packages/airflow/example_dags/example_xcom.py
[2025-11-10T20:53:24.774+0000] {logging_mixin.py:188} INFO - [2025-11-10T20:53:24.774+0000] {dag.py:3047} INFO - Sync 1 DAGs
[2025-11-10T20:53:24.799+0000] {logging_mixin.py:188} INFO - [2025-11-10T20:53:24.799+0000] {dag.py:3834} INFO - Setting next_dagrun for example_xcom to 2021-01-01 00:00:00+00:00, run_after=2021-01-01 00:00:00+00:00
[2025-11-10T20:53:24.818+0000] {processor.py:183} INFO - Processing /home/airflow/.local/lib/python3.8/site-packages/airflow/example_dags/example_xcom.py took 0.083 seconds
