[2025-11-10T20:36:12.705+0000] {processor.py:161} INFO - Started process (PID=99) to work on /home/airflow/.local/lib/python3.8/site-packages/airflow/example_dags/example_setup_teardown_taskflow.py
[2025-11-10T20:36:12.706+0000] {processor.py:830} INFO - Processing file /home/airflow/.local/lib/python3.8/site-packages/airflow/example_dags/example_setup_teardown_taskflow.py for tasks to queue
[2025-11-10T20:36:12.709+0000] {logging_mixin.py:188} INFO - [2025-11-10T20:36:12.708+0000] {dagbag.py:540} INFO - Filling up the DagBag from /home/airflow/.local/lib/python3.8/site-packages/airflow/example_dags/example_setup_teardown_taskflow.py
[2025-11-10T20:36:12.721+0000] {processor.py:840} INFO - DAG(s) 'example_setup_teardown_taskflow' retrieved from /home/airflow/.local/lib/python3.8/site-packages/airflow/example_dags/example_setup_teardown_taskflow.py
[2025-11-10T20:36:12.829+0000] {logging_mixin.py:188} INFO - [2025-11-10T20:36:12.828+0000] {override.py:1769} INFO - Created Permission View: can read on DAG:example_setup_teardown_taskflow
[2025-11-10T20:36:12.841+0000] {logging_mixin.py:188} INFO - [2025-11-10T20:36:12.841+0000] {override.py:1769} INFO - Created Permission View: can edit on DAG:example_setup_teardown_taskflow
[2025-11-10T20:36:12.849+0000] {logging_mixin.py:188} INFO - [2025-11-10T20:36:12.849+0000] {override.py:1769} INFO - Created Permission View: can delete on DAG:example_setup_teardown_taskflow
[2025-11-10T20:36:12.850+0000] {logging_mixin.py:188} INFO - [2025-11-10T20:36:12.850+0000] {dag.py:3047} INFO - Sync 1 DAGs
[2025-11-10T20:36:12.862+0000] {logging_mixin.py:188} INFO - [2025-11-10T20:36:12.862+0000] {dag.py:3069} INFO - Creating ORM DAG for example_setup_teardown_taskflow
[2025-11-10T20:36:12.872+0000] {logging_mixin.py:188} INFO - [2025-11-10T20:36:12.872+0000] {dag.py:3834} INFO - Setting next_dagrun for example_setup_teardown_taskflow to 2025-11-09 00:00:00+00:00, run_after=2025-11-10 00:00:00+00:00
[2025-11-10T20:36:12.892+0000] {processor.py:183} INFO - Processing /home/airflow/.local/lib/python3.8/site-packages/airflow/example_dags/example_setup_teardown_taskflow.py took 0.190 seconds
[2025-11-10T20:36:43.056+0000] {processor.py:161} INFO - Started process (PID=154) to work on /home/airflow/.local/lib/python3.8/site-packages/airflow/example_dags/example_setup_teardown_taskflow.py
[2025-11-10T20:36:43.057+0000] {processor.py:830} INFO - Processing file /home/airflow/.local/lib/python3.8/site-packages/airflow/example_dags/example_setup_teardown_taskflow.py for tasks to queue
[2025-11-10T20:36:43.060+0000] {logging_mixin.py:188} INFO - [2025-11-10T20:36:43.059+0000] {dagbag.py:540} INFO - Filling up the DagBag from /home/airflow/.local/lib/python3.8/site-packages/airflow/example_dags/example_setup_teardown_taskflow.py
[2025-11-10T20:36:43.072+0000] {processor.py:840} INFO - DAG(s) 'example_setup_teardown_taskflow' retrieved from /home/airflow/.local/lib/python3.8/site-packages/airflow/example_dags/example_setup_teardown_taskflow.py
[2025-11-10T20:36:43.095+0000] {logging_mixin.py:188} INFO - [2025-11-10T20:36:43.094+0000] {dag.py:3047} INFO - Sync 1 DAGs
[2025-11-10T20:36:43.115+0000] {logging_mixin.py:188} INFO - [2025-11-10T20:36:43.115+0000] {dag.py:3834} INFO - Setting next_dagrun for example_setup_teardown_taskflow to 2025-11-09 00:00:00+00:00, run_after=2025-11-10 00:00:00+00:00
[2025-11-10T20:36:43.134+0000] {processor.py:183} INFO - Processing /home/airflow/.local/lib/python3.8/site-packages/airflow/example_dags/example_setup_teardown_taskflow.py took 0.082 seconds
[2025-11-10T20:37:13.902+0000] {processor.py:161} INFO - Started process (PID=209) to work on /home/airflow/.local/lib/python3.8/site-packages/airflow/example_dags/example_setup_teardown_taskflow.py
[2025-11-10T20:37:13.905+0000] {processor.py:830} INFO - Processing file /home/airflow/.local/lib/python3.8/site-packages/airflow/example_dags/example_setup_teardown_taskflow.py for tasks to queue
[2025-11-10T20:37:13.907+0000] {logging_mixin.py:188} INFO - [2025-11-10T20:37:13.907+0000] {dagbag.py:540} INFO - Filling up the DagBag from /home/airflow/.local/lib/python3.8/site-packages/airflow/example_dags/example_setup_teardown_taskflow.py
[2025-11-10T20:37:13.918+0000] {processor.py:840} INFO - DAG(s) 'example_setup_teardown_taskflow' retrieved from /home/airflow/.local/lib/python3.8/site-packages/airflow/example_dags/example_setup_teardown_taskflow.py
[2025-11-10T20:37:13.944+0000] {logging_mixin.py:188} INFO - [2025-11-10T20:37:13.944+0000] {dag.py:3047} INFO - Sync 1 DAGs
[2025-11-10T20:37:13.970+0000] {logging_mixin.py:188} INFO - [2025-11-10T20:37:13.969+0000] {dag.py:3834} INFO - Setting next_dagrun for example_setup_teardown_taskflow to 2025-11-09 00:00:00+00:00, run_after=2025-11-10 00:00:00+00:00
[2025-11-10T20:37:13.991+0000] {processor.py:183} INFO - Processing /home/airflow/.local/lib/python3.8/site-packages/airflow/example_dags/example_setup_teardown_taskflow.py took 0.092 seconds
[2025-11-10T20:37:44.200+0000] {processor.py:161} INFO - Started process (PID=264) to work on /home/airflow/.local/lib/python3.8/site-packages/airflow/example_dags/example_setup_teardown_taskflow.py
[2025-11-10T20:37:44.202+0000] {processor.py:830} INFO - Processing file /home/airflow/.local/lib/python3.8/site-packages/airflow/example_dags/example_setup_teardown_taskflow.py for tasks to queue
[2025-11-10T20:37:44.206+0000] {logging_mixin.py:188} INFO - [2025-11-10T20:37:44.205+0000] {dagbag.py:540} INFO - Filling up the DagBag from /home/airflow/.local/lib/python3.8/site-packages/airflow/example_dags/example_setup_teardown_taskflow.py
[2025-11-10T20:37:44.228+0000] {processor.py:840} INFO - DAG(s) 'example_setup_teardown_taskflow' retrieved from /home/airflow/.local/lib/python3.8/site-packages/airflow/example_dags/example_setup_teardown_taskflow.py
[2025-11-10T20:37:44.270+0000] {logging_mixin.py:188} INFO - [2025-11-10T20:37:44.270+0000] {dag.py:3047} INFO - Sync 1 DAGs
[2025-11-10T20:37:44.312+0000] {logging_mixin.py:188} INFO - [2025-11-10T20:37:44.312+0000] {dag.py:3834} INFO - Setting next_dagrun for example_setup_teardown_taskflow to 2025-11-09 00:00:00+00:00, run_after=2025-11-10 00:00:00+00:00
[2025-11-10T20:37:44.349+0000] {processor.py:183} INFO - Processing /home/airflow/.local/lib/python3.8/site-packages/airflow/example_dags/example_setup_teardown_taskflow.py took 0.152 seconds
[2025-11-10T20:38:14.605+0000] {processor.py:161} INFO - Started process (PID=319) to work on /home/airflow/.local/lib/python3.8/site-packages/airflow/example_dags/example_setup_teardown_taskflow.py
[2025-11-10T20:38:14.606+0000] {processor.py:830} INFO - Processing file /home/airflow/.local/lib/python3.8/site-packages/airflow/example_dags/example_setup_teardown_taskflow.py for tasks to queue
[2025-11-10T20:38:14.608+0000] {logging_mixin.py:188} INFO - [2025-11-10T20:38:14.608+0000] {dagbag.py:540} INFO - Filling up the DagBag from /home/airflow/.local/lib/python3.8/site-packages/airflow/example_dags/example_setup_teardown_taskflow.py
[2025-11-10T20:38:14.618+0000] {processor.py:840} INFO - DAG(s) 'example_setup_teardown_taskflow' retrieved from /home/airflow/.local/lib/python3.8/site-packages/airflow/example_dags/example_setup_teardown_taskflow.py
[2025-11-10T20:38:14.639+0000] {logging_mixin.py:188} INFO - [2025-11-10T20:38:14.639+0000] {dag.py:3047} INFO - Sync 1 DAGs
[2025-11-10T20:38:14.661+0000] {logging_mixin.py:188} INFO - [2025-11-10T20:38:14.661+0000] {dag.py:3834} INFO - Setting next_dagrun for example_setup_teardown_taskflow to 2025-11-09 00:00:00+00:00, run_after=2025-11-10 00:00:00+00:00
[2025-11-10T20:38:14.679+0000] {processor.py:183} INFO - Processing /home/airflow/.local/lib/python3.8/site-packages/airflow/example_dags/example_setup_teardown_taskflow.py took 0.078 seconds
[2025-11-10T20:38:44.913+0000] {processor.py:161} INFO - Started process (PID=374) to work on /home/airflow/.local/lib/python3.8/site-packages/airflow/example_dags/example_setup_teardown_taskflow.py
[2025-11-10T20:38:44.915+0000] {processor.py:830} INFO - Processing file /home/airflow/.local/lib/python3.8/site-packages/airflow/example_dags/example_setup_teardown_taskflow.py for tasks to queue
[2025-11-10T20:38:44.917+0000] {logging_mixin.py:188} INFO - [2025-11-10T20:38:44.917+0000] {dagbag.py:540} INFO - Filling up the DagBag from /home/airflow/.local/lib/python3.8/site-packages/airflow/example_dags/example_setup_teardown_taskflow.py
[2025-11-10T20:38:44.927+0000] {processor.py:840} INFO - DAG(s) 'example_setup_teardown_taskflow' retrieved from /home/airflow/.local/lib/python3.8/site-packages/airflow/example_dags/example_setup_teardown_taskflow.py
[2025-11-10T20:38:44.947+0000] {logging_mixin.py:188} INFO - [2025-11-10T20:38:44.947+0000] {dag.py:3047} INFO - Sync 1 DAGs
[2025-11-10T20:38:44.967+0000] {logging_mixin.py:188} INFO - [2025-11-10T20:38:44.967+0000] {dag.py:3834} INFO - Setting next_dagrun for example_setup_teardown_taskflow to 2025-11-09 00:00:00+00:00, run_after=2025-11-10 00:00:00+00:00
[2025-11-10T20:38:44.986+0000] {processor.py:183} INFO - Processing /home/airflow/.local/lib/python3.8/site-packages/airflow/example_dags/example_setup_teardown_taskflow.py took 0.077 seconds
[2025-11-10T20:39:15.165+0000] {processor.py:161} INFO - Started process (PID=429) to work on /home/airflow/.local/lib/python3.8/site-packages/airflow/example_dags/example_setup_teardown_taskflow.py
[2025-11-10T20:39:15.166+0000] {processor.py:830} INFO - Processing file /home/airflow/.local/lib/python3.8/site-packages/airflow/example_dags/example_setup_teardown_taskflow.py for tasks to queue
[2025-11-10T20:39:15.169+0000] {logging_mixin.py:188} INFO - [2025-11-10T20:39:15.169+0000] {dagbag.py:540} INFO - Filling up the DagBag from /home/airflow/.local/lib/python3.8/site-packages/airflow/example_dags/example_setup_teardown_taskflow.py
[2025-11-10T20:39:15.180+0000] {processor.py:840} INFO - DAG(s) 'example_setup_teardown_taskflow' retrieved from /home/airflow/.local/lib/python3.8/site-packages/airflow/example_dags/example_setup_teardown_taskflow.py
[2025-11-10T20:39:15.202+0000] {logging_mixin.py:188} INFO - [2025-11-10T20:39:15.202+0000] {dag.py:3047} INFO - Sync 1 DAGs
[2025-11-10T20:39:15.225+0000] {logging_mixin.py:188} INFO - [2025-11-10T20:39:15.225+0000] {dag.py:3834} INFO - Setting next_dagrun for example_setup_teardown_taskflow to 2025-11-09 00:00:00+00:00, run_after=2025-11-10 00:00:00+00:00
[2025-11-10T20:39:15.243+0000] {processor.py:183} INFO - Processing /home/airflow/.local/lib/python3.8/site-packages/airflow/example_dags/example_setup_teardown_taskflow.py took 0.083 seconds
[2025-11-10T20:39:46.193+0000] {processor.py:161} INFO - Started process (PID=484) to work on /home/airflow/.local/lib/python3.8/site-packages/airflow/example_dags/example_setup_teardown_taskflow.py
[2025-11-10T20:39:46.196+0000] {processor.py:830} INFO - Processing file /home/airflow/.local/lib/python3.8/site-packages/airflow/example_dags/example_setup_teardown_taskflow.py for tasks to queue
[2025-11-10T20:39:46.198+0000] {logging_mixin.py:188} INFO - [2025-11-10T20:39:46.198+0000] {dagbag.py:540} INFO - Filling up the DagBag from /home/airflow/.local/lib/python3.8/site-packages/airflow/example_dags/example_setup_teardown_taskflow.py
[2025-11-10T20:39:46.209+0000] {processor.py:840} INFO - DAG(s) 'example_setup_teardown_taskflow' retrieved from /home/airflow/.local/lib/python3.8/site-packages/airflow/example_dags/example_setup_teardown_taskflow.py
[2025-11-10T20:39:46.234+0000] {logging_mixin.py:188} INFO - [2025-11-10T20:39:46.234+0000] {dag.py:3047} INFO - Sync 1 DAGs
[2025-11-10T20:39:46.255+0000] {logging_mixin.py:188} INFO - [2025-11-10T20:39:46.255+0000] {dag.py:3834} INFO - Setting next_dagrun for example_setup_teardown_taskflow to 2025-11-09 00:00:00+00:00, run_after=2025-11-10 00:00:00+00:00
[2025-11-10T20:39:46.278+0000] {processor.py:183} INFO - Processing /home/airflow/.local/lib/python3.8/site-packages/airflow/example_dags/example_setup_teardown_taskflow.py took 0.089 seconds
[2025-11-10T20:40:16.740+0000] {processor.py:161} INFO - Started process (PID=539) to work on /home/airflow/.local/lib/python3.8/site-packages/airflow/example_dags/example_setup_teardown_taskflow.py
[2025-11-10T20:40:16.742+0000] {processor.py:830} INFO - Processing file /home/airflow/.local/lib/python3.8/site-packages/airflow/example_dags/example_setup_teardown_taskflow.py for tasks to queue
[2025-11-10T20:40:16.745+0000] {logging_mixin.py:188} INFO - [2025-11-10T20:40:16.744+0000] {dagbag.py:540} INFO - Filling up the DagBag from /home/airflow/.local/lib/python3.8/site-packages/airflow/example_dags/example_setup_teardown_taskflow.py
[2025-11-10T20:40:16.755+0000] {processor.py:840} INFO - DAG(s) 'example_setup_teardown_taskflow' retrieved from /home/airflow/.local/lib/python3.8/site-packages/airflow/example_dags/example_setup_teardown_taskflow.py
[2025-11-10T20:40:16.776+0000] {logging_mixin.py:188} INFO - [2025-11-10T20:40:16.776+0000] {dag.py:3047} INFO - Sync 1 DAGs
[2025-11-10T20:40:16.796+0000] {logging_mixin.py:188} INFO - [2025-11-10T20:40:16.796+0000] {dag.py:3834} INFO - Setting next_dagrun for example_setup_teardown_taskflow to 2025-11-09 00:00:00+00:00, run_after=2025-11-10 00:00:00+00:00
[2025-11-10T20:40:16.815+0000] {processor.py:183} INFO - Processing /home/airflow/.local/lib/python3.8/site-packages/airflow/example_dags/example_setup_teardown_taskflow.py took 0.079 seconds
[2025-11-10T20:40:47.149+0000] {processor.py:161} INFO - Started process (PID=594) to work on /home/airflow/.local/lib/python3.8/site-packages/airflow/example_dags/example_setup_teardown_taskflow.py
[2025-11-10T20:40:47.151+0000] {processor.py:830} INFO - Processing file /home/airflow/.local/lib/python3.8/site-packages/airflow/example_dags/example_setup_teardown_taskflow.py for tasks to queue
[2025-11-10T20:40:47.153+0000] {logging_mixin.py:188} INFO - [2025-11-10T20:40:47.153+0000] {dagbag.py:540} INFO - Filling up the DagBag from /home/airflow/.local/lib/python3.8/site-packages/airflow/example_dags/example_setup_teardown_taskflow.py
[2025-11-10T20:40:47.164+0000] {processor.py:840} INFO - DAG(s) 'example_setup_teardown_taskflow' retrieved from /home/airflow/.local/lib/python3.8/site-packages/airflow/example_dags/example_setup_teardown_taskflow.py
[2025-11-10T20:40:47.188+0000] {logging_mixin.py:188} INFO - [2025-11-10T20:40:47.188+0000] {dag.py:3047} INFO - Sync 1 DAGs
[2025-11-10T20:40:47.215+0000] {logging_mixin.py:188} INFO - [2025-11-10T20:40:47.215+0000] {dag.py:3834} INFO - Setting next_dagrun for example_setup_teardown_taskflow to 2025-11-09 00:00:00+00:00, run_after=2025-11-10 00:00:00+00:00
[2025-11-10T20:40:47.235+0000] {processor.py:183} INFO - Processing /home/airflow/.local/lib/python3.8/site-packages/airflow/example_dags/example_setup_teardown_taskflow.py took 0.090 seconds
[2025-11-10T20:41:17.558+0000] {processor.py:161} INFO - Started process (PID=649) to work on /home/airflow/.local/lib/python3.8/site-packages/airflow/example_dags/example_setup_teardown_taskflow.py
[2025-11-10T20:41:17.559+0000] {processor.py:830} INFO - Processing file /home/airflow/.local/lib/python3.8/site-packages/airflow/example_dags/example_setup_teardown_taskflow.py for tasks to queue
[2025-11-10T20:41:17.562+0000] {logging_mixin.py:188} INFO - [2025-11-10T20:41:17.561+0000] {dagbag.py:540} INFO - Filling up the DagBag from /home/airflow/.local/lib/python3.8/site-packages/airflow/example_dags/example_setup_teardown_taskflow.py
[2025-11-10T20:41:17.571+0000] {processor.py:840} INFO - DAG(s) 'example_setup_teardown_taskflow' retrieved from /home/airflow/.local/lib/python3.8/site-packages/airflow/example_dags/example_setup_teardown_taskflow.py
[2025-11-10T20:41:17.594+0000] {logging_mixin.py:188} INFO - [2025-11-10T20:41:17.593+0000] {dag.py:3047} INFO - Sync 1 DAGs
[2025-11-10T20:41:17.614+0000] {logging_mixin.py:188} INFO - [2025-11-10T20:41:17.614+0000] {dag.py:3834} INFO - Setting next_dagrun for example_setup_teardown_taskflow to 2025-11-09 00:00:00+00:00, run_after=2025-11-10 00:00:00+00:00
[2025-11-10T20:41:17.639+0000] {processor.py:183} INFO - Processing /home/airflow/.local/lib/python3.8/site-packages/airflow/example_dags/example_setup_teardown_taskflow.py took 0.084 seconds
[2025-11-10T20:41:48.234+0000] {processor.py:161} INFO - Started process (PID=704) to work on /home/airflow/.local/lib/python3.8/site-packages/airflow/example_dags/example_setup_teardown_taskflow.py
[2025-11-10T20:41:48.236+0000] {processor.py:830} INFO - Processing file /home/airflow/.local/lib/python3.8/site-packages/airflow/example_dags/example_setup_teardown_taskflow.py for tasks to queue
[2025-11-10T20:41:48.239+0000] {logging_mixin.py:188} INFO - [2025-11-10T20:41:48.239+0000] {dagbag.py:540} INFO - Filling up the DagBag from /home/airflow/.local/lib/python3.8/site-packages/airflow/example_dags/example_setup_teardown_taskflow.py
[2025-11-10T20:41:48.250+0000] {processor.py:840} INFO - DAG(s) 'example_setup_teardown_taskflow' retrieved from /home/airflow/.local/lib/python3.8/site-packages/airflow/example_dags/example_setup_teardown_taskflow.py
[2025-11-10T20:41:48.270+0000] {logging_mixin.py:188} INFO - [2025-11-10T20:41:48.270+0000] {dag.py:3047} INFO - Sync 1 DAGs
[2025-11-10T20:41:48.291+0000] {logging_mixin.py:188} INFO - [2025-11-10T20:41:48.291+0000] {dag.py:3834} INFO - Setting next_dagrun for example_setup_teardown_taskflow to 2025-11-09 00:00:00+00:00, run_after=2025-11-10 00:00:00+00:00
[2025-11-10T20:41:48.308+0000] {processor.py:183} INFO - Processing /home/airflow/.local/lib/python3.8/site-packages/airflow/example_dags/example_setup_teardown_taskflow.py took 0.077 seconds
[2025-11-10T20:42:19.012+0000] {processor.py:161} INFO - Started process (PID=759) to work on /home/airflow/.local/lib/python3.8/site-packages/airflow/example_dags/example_setup_teardown_taskflow.py
[2025-11-10T20:42:19.014+0000] {processor.py:830} INFO - Processing file /home/airflow/.local/lib/python3.8/site-packages/airflow/example_dags/example_setup_teardown_taskflow.py for tasks to queue
[2025-11-10T20:42:19.016+0000] {logging_mixin.py:188} INFO - [2025-11-10T20:42:19.016+0000] {dagbag.py:540} INFO - Filling up the DagBag from /home/airflow/.local/lib/python3.8/site-packages/airflow/example_dags/example_setup_teardown_taskflow.py
[2025-11-10T20:42:19.026+0000] {processor.py:840} INFO - DAG(s) 'example_setup_teardown_taskflow' retrieved from /home/airflow/.local/lib/python3.8/site-packages/airflow/example_dags/example_setup_teardown_taskflow.py
[2025-11-10T20:42:19.047+0000] {logging_mixin.py:188} INFO - [2025-11-10T20:42:19.047+0000] {dag.py:3047} INFO - Sync 1 DAGs
[2025-11-10T20:42:19.067+0000] {logging_mixin.py:188} INFO - [2025-11-10T20:42:19.067+0000] {dag.py:3834} INFO - Setting next_dagrun for example_setup_teardown_taskflow to 2025-11-09 00:00:00+00:00, run_after=2025-11-10 00:00:00+00:00
[2025-11-10T20:42:19.087+0000] {processor.py:183} INFO - Processing /home/airflow/.local/lib/python3.8/site-packages/airflow/example_dags/example_setup_teardown_taskflow.py took 0.081 seconds
[2025-11-10T20:42:49.420+0000] {processor.py:161} INFO - Started process (PID=814) to work on /home/airflow/.local/lib/python3.8/site-packages/airflow/example_dags/example_setup_teardown_taskflow.py
[2025-11-10T20:42:49.421+0000] {processor.py:830} INFO - Processing file /home/airflow/.local/lib/python3.8/site-packages/airflow/example_dags/example_setup_teardown_taskflow.py for tasks to queue
[2025-11-10T20:42:49.424+0000] {logging_mixin.py:188} INFO - [2025-11-10T20:42:49.423+0000] {dagbag.py:540} INFO - Filling up the DagBag from /home/airflow/.local/lib/python3.8/site-packages/airflow/example_dags/example_setup_teardown_taskflow.py
[2025-11-10T20:42:49.433+0000] {processor.py:840} INFO - DAG(s) 'example_setup_teardown_taskflow' retrieved from /home/airflow/.local/lib/python3.8/site-packages/airflow/example_dags/example_setup_teardown_taskflow.py
[2025-11-10T20:42:49.458+0000] {logging_mixin.py:188} INFO - [2025-11-10T20:42:49.457+0000] {dag.py:3047} INFO - Sync 1 DAGs
[2025-11-10T20:42:49.479+0000] {logging_mixin.py:188} INFO - [2025-11-10T20:42:49.478+0000] {dag.py:3834} INFO - Setting next_dagrun for example_setup_teardown_taskflow to 2025-11-09 00:00:00+00:00, run_after=2025-11-10 00:00:00+00:00
[2025-11-10T20:42:49.501+0000] {processor.py:183} INFO - Processing /home/airflow/.local/lib/python3.8/site-packages/airflow/example_dags/example_setup_teardown_taskflow.py took 0.084 seconds
[2025-11-10T20:43:19.724+0000] {processor.py:161} INFO - Started process (PID=869) to work on /home/airflow/.local/lib/python3.8/site-packages/airflow/example_dags/example_setup_teardown_taskflow.py
[2025-11-10T20:43:19.726+0000] {processor.py:830} INFO - Processing file /home/airflow/.local/lib/python3.8/site-packages/airflow/example_dags/example_setup_teardown_taskflow.py for tasks to queue
[2025-11-10T20:43:19.728+0000] {logging_mixin.py:188} INFO - [2025-11-10T20:43:19.728+0000] {dagbag.py:540} INFO - Filling up the DagBag from /home/airflow/.local/lib/python3.8/site-packages/airflow/example_dags/example_setup_teardown_taskflow.py
[2025-11-10T20:43:19.738+0000] {processor.py:840} INFO - DAG(s) 'example_setup_teardown_taskflow' retrieved from /home/airflow/.local/lib/python3.8/site-packages/airflow/example_dags/example_setup_teardown_taskflow.py
[2025-11-10T20:43:19.758+0000] {logging_mixin.py:188} INFO - [2025-11-10T20:43:19.758+0000] {dag.py:3047} INFO - Sync 1 DAGs
[2025-11-10T20:43:19.778+0000] {logging_mixin.py:188} INFO - [2025-11-10T20:43:19.777+0000] {dag.py:3834} INFO - Setting next_dagrun for example_setup_teardown_taskflow to 2025-11-09 00:00:00+00:00, run_after=2025-11-10 00:00:00+00:00
[2025-11-10T20:43:19.795+0000] {processor.py:183} INFO - Processing /home/airflow/.local/lib/python3.8/site-packages/airflow/example_dags/example_setup_teardown_taskflow.py took 0.075 seconds
[2025-11-10T20:43:50.247+0000] {processor.py:161} INFO - Started process (PID=923) to work on /home/airflow/.local/lib/python3.8/site-packages/airflow/example_dags/example_setup_teardown_taskflow.py
[2025-11-10T20:43:50.249+0000] {processor.py:830} INFO - Processing file /home/airflow/.local/lib/python3.8/site-packages/airflow/example_dags/example_setup_teardown_taskflow.py for tasks to queue
[2025-11-10T20:43:50.252+0000] {logging_mixin.py:188} INFO - [2025-11-10T20:43:50.251+0000] {dagbag.py:540} INFO - Filling up the DagBag from /home/airflow/.local/lib/python3.8/site-packages/airflow/example_dags/example_setup_teardown_taskflow.py
[2025-11-10T20:43:50.269+0000] {processor.py:840} INFO - DAG(s) 'example_setup_teardown_taskflow' retrieved from /home/airflow/.local/lib/python3.8/site-packages/airflow/example_dags/example_setup_teardown_taskflow.py
[2025-11-10T20:43:50.294+0000] {logging_mixin.py:188} INFO - [2025-11-10T20:43:50.293+0000] {dag.py:3047} INFO - Sync 1 DAGs
[2025-11-10T20:43:50.315+0000] {logging_mixin.py:188} INFO - [2025-11-10T20:43:50.315+0000] {dag.py:3834} INFO - Setting next_dagrun for example_setup_teardown_taskflow to 2025-11-09 00:00:00+00:00, run_after=2025-11-10 00:00:00+00:00
[2025-11-10T20:43:50.335+0000] {processor.py:183} INFO - Processing /home/airflow/.local/lib/python3.8/site-packages/airflow/example_dags/example_setup_teardown_taskflow.py took 0.092 seconds
[2025-11-10T20:44:21.040+0000] {processor.py:161} INFO - Started process (PID=978) to work on /home/airflow/.local/lib/python3.8/site-packages/airflow/example_dags/example_setup_teardown_taskflow.py
[2025-11-10T20:44:21.041+0000] {processor.py:830} INFO - Processing file /home/airflow/.local/lib/python3.8/site-packages/airflow/example_dags/example_setup_teardown_taskflow.py for tasks to queue
[2025-11-10T20:44:21.044+0000] {logging_mixin.py:188} INFO - [2025-11-10T20:44:21.043+0000] {dagbag.py:540} INFO - Filling up the DagBag from /home/airflow/.local/lib/python3.8/site-packages/airflow/example_dags/example_setup_teardown_taskflow.py
[2025-11-10T20:44:21.054+0000] {processor.py:840} INFO - DAG(s) 'example_setup_teardown_taskflow' retrieved from /home/airflow/.local/lib/python3.8/site-packages/airflow/example_dags/example_setup_teardown_taskflow.py
[2025-11-10T20:44:21.075+0000] {logging_mixin.py:188} INFO - [2025-11-10T20:44:21.074+0000] {dag.py:3047} INFO - Sync 1 DAGs
[2025-11-10T20:44:21.095+0000] {logging_mixin.py:188} INFO - [2025-11-10T20:44:21.094+0000] {dag.py:3834} INFO - Setting next_dagrun for example_setup_teardown_taskflow to 2025-11-09 00:00:00+00:00, run_after=2025-11-10 00:00:00+00:00
[2025-11-10T20:44:21.116+0000] {processor.py:183} INFO - Processing /home/airflow/.local/lib/python3.8/site-packages/airflow/example_dags/example_setup_teardown_taskflow.py took 0.080 seconds
[2025-11-10T20:44:51.649+0000] {processor.py:161} INFO - Started process (PID=1033) to work on /home/airflow/.local/lib/python3.8/site-packages/airflow/example_dags/example_setup_teardown_taskflow.py
[2025-11-10T20:44:51.651+0000] {processor.py:830} INFO - Processing file /home/airflow/.local/lib/python3.8/site-packages/airflow/example_dags/example_setup_teardown_taskflow.py for tasks to queue
[2025-11-10T20:44:51.653+0000] {logging_mixin.py:188} INFO - [2025-11-10T20:44:51.653+0000] {dagbag.py:540} INFO - Filling up the DagBag from /home/airflow/.local/lib/python3.8/site-packages/airflow/example_dags/example_setup_teardown_taskflow.py
[2025-11-10T20:44:51.666+0000] {processor.py:840} INFO - DAG(s) 'example_setup_teardown_taskflow' retrieved from /home/airflow/.local/lib/python3.8/site-packages/airflow/example_dags/example_setup_teardown_taskflow.py
[2025-11-10T20:44:51.691+0000] {logging_mixin.py:188} INFO - [2025-11-10T20:44:51.691+0000] {dag.py:3047} INFO - Sync 1 DAGs
[2025-11-10T20:44:51.715+0000] {logging_mixin.py:188} INFO - [2025-11-10T20:44:51.715+0000] {dag.py:3834} INFO - Setting next_dagrun for example_setup_teardown_taskflow to 2025-11-09 00:00:00+00:00, run_after=2025-11-10 00:00:00+00:00
[2025-11-10T20:44:51.741+0000] {processor.py:183} INFO - Processing /home/airflow/.local/lib/python3.8/site-packages/airflow/example_dags/example_setup_teardown_taskflow.py took 0.096 seconds
[2025-11-10T20:45:22.069+0000] {processor.py:161} INFO - Started process (PID=1088) to work on /home/airflow/.local/lib/python3.8/site-packages/airflow/example_dags/example_setup_teardown_taskflow.py
[2025-11-10T20:45:22.070+0000] {processor.py:830} INFO - Processing file /home/airflow/.local/lib/python3.8/site-packages/airflow/example_dags/example_setup_teardown_taskflow.py for tasks to queue
[2025-11-10T20:45:22.072+0000] {logging_mixin.py:188} INFO - [2025-11-10T20:45:22.072+0000] {dagbag.py:540} INFO - Filling up the DagBag from /home/airflow/.local/lib/python3.8/site-packages/airflow/example_dags/example_setup_teardown_taskflow.py
[2025-11-10T20:45:22.082+0000] {processor.py:840} INFO - DAG(s) 'example_setup_teardown_taskflow' retrieved from /home/airflow/.local/lib/python3.8/site-packages/airflow/example_dags/example_setup_teardown_taskflow.py
[2025-11-10T20:45:22.105+0000] {logging_mixin.py:188} INFO - [2025-11-10T20:45:22.105+0000] {dag.py:3047} INFO - Sync 1 DAGs
[2025-11-10T20:45:22.128+0000] {logging_mixin.py:188} INFO - [2025-11-10T20:45:22.128+0000] {dag.py:3834} INFO - Setting next_dagrun for example_setup_teardown_taskflow to 2025-11-09 00:00:00+00:00, run_after=2025-11-10 00:00:00+00:00
[2025-11-10T20:45:22.158+0000] {processor.py:183} INFO - Processing /home/airflow/.local/lib/python3.8/site-packages/airflow/example_dags/example_setup_teardown_taskflow.py took 0.097 seconds
[2025-11-10T20:45:52.582+0000] {processor.py:161} INFO - Started process (PID=1143) to work on /home/airflow/.local/lib/python3.8/site-packages/airflow/example_dags/example_setup_teardown_taskflow.py
[2025-11-10T20:45:52.583+0000] {processor.py:830} INFO - Processing file /home/airflow/.local/lib/python3.8/site-packages/airflow/example_dags/example_setup_teardown_taskflow.py for tasks to queue
[2025-11-10T20:45:52.585+0000] {logging_mixin.py:188} INFO - [2025-11-10T20:45:52.585+0000] {dagbag.py:540} INFO - Filling up the DagBag from /home/airflow/.local/lib/python3.8/site-packages/airflow/example_dags/example_setup_teardown_taskflow.py
[2025-11-10T20:45:52.595+0000] {processor.py:840} INFO - DAG(s) 'example_setup_teardown_taskflow' retrieved from /home/airflow/.local/lib/python3.8/site-packages/airflow/example_dags/example_setup_teardown_taskflow.py
[2025-11-10T20:45:52.618+0000] {logging_mixin.py:188} INFO - [2025-11-10T20:45:52.618+0000] {dag.py:3047} INFO - Sync 1 DAGs
[2025-11-10T20:45:52.641+0000] {logging_mixin.py:188} INFO - [2025-11-10T20:45:52.641+0000] {dag.py:3834} INFO - Setting next_dagrun for example_setup_teardown_taskflow to 2025-11-09 00:00:00+00:00, run_after=2025-11-10 00:00:00+00:00
[2025-11-10T20:45:52.665+0000] {processor.py:183} INFO - Processing /home/airflow/.local/lib/python3.8/site-packages/airflow/example_dags/example_setup_teardown_taskflow.py took 0.086 seconds
[2025-11-10T20:46:22.769+0000] {processor.py:161} INFO - Started process (PID=1198) to work on /home/airflow/.local/lib/python3.8/site-packages/airflow/example_dags/example_setup_teardown_taskflow.py
[2025-11-10T20:46:22.774+0000] {processor.py:830} INFO - Processing file /home/airflow/.local/lib/python3.8/site-packages/airflow/example_dags/example_setup_teardown_taskflow.py for tasks to queue
[2025-11-10T20:46:22.782+0000] {logging_mixin.py:188} INFO - [2025-11-10T20:46:22.781+0000] {dagbag.py:540} INFO - Filling up the DagBag from /home/airflow/.local/lib/python3.8/site-packages/airflow/example_dags/example_setup_teardown_taskflow.py
[2025-11-10T20:46:22.801+0000] {processor.py:840} INFO - DAG(s) 'example_setup_teardown_taskflow' retrieved from /home/airflow/.local/lib/python3.8/site-packages/airflow/example_dags/example_setup_teardown_taskflow.py
[2025-11-10T20:46:22.823+0000] {logging_mixin.py:188} INFO - [2025-11-10T20:46:22.823+0000] {dag.py:3047} INFO - Sync 1 DAGs
[2025-11-10T20:46:22.859+0000] {logging_mixin.py:188} INFO - [2025-11-10T20:46:22.859+0000] {dag.py:3834} INFO - Setting next_dagrun for example_setup_teardown_taskflow to 2025-11-09 00:00:00+00:00, run_after=2025-11-10 00:00:00+00:00
[2025-11-10T20:46:22.890+0000] {processor.py:183} INFO - Processing /home/airflow/.local/lib/python3.8/site-packages/airflow/example_dags/example_setup_teardown_taskflow.py took 0.128 seconds
[2025-11-10T20:46:53.011+0000] {processor.py:161} INFO - Started process (PID=1254) to work on /home/airflow/.local/lib/python3.8/site-packages/airflow/example_dags/example_setup_teardown_taskflow.py
[2025-11-10T20:46:53.013+0000] {processor.py:830} INFO - Processing file /home/airflow/.local/lib/python3.8/site-packages/airflow/example_dags/example_setup_teardown_taskflow.py for tasks to queue
[2025-11-10T20:46:53.015+0000] {logging_mixin.py:188} INFO - [2025-11-10T20:46:53.014+0000] {dagbag.py:540} INFO - Filling up the DagBag from /home/airflow/.local/lib/python3.8/site-packages/airflow/example_dags/example_setup_teardown_taskflow.py
[2025-11-10T20:46:53.023+0000] {processor.py:840} INFO - DAG(s) 'example_setup_teardown_taskflow' retrieved from /home/airflow/.local/lib/python3.8/site-packages/airflow/example_dags/example_setup_teardown_taskflow.py
[2025-11-10T20:46:53.044+0000] {logging_mixin.py:188} INFO - [2025-11-10T20:46:53.044+0000] {dag.py:3047} INFO - Sync 1 DAGs
[2025-11-10T20:46:53.070+0000] {logging_mixin.py:188} INFO - [2025-11-10T20:46:53.070+0000] {dag.py:3834} INFO - Setting next_dagrun for example_setup_teardown_taskflow to 2025-11-09 00:00:00+00:00, run_after=2025-11-10 00:00:00+00:00
[2025-11-10T20:46:53.091+0000] {processor.py:183} INFO - Processing /home/airflow/.local/lib/python3.8/site-packages/airflow/example_dags/example_setup_teardown_taskflow.py took 0.083 seconds
[2025-11-10T20:47:23.320+0000] {processor.py:161} INFO - Started process (PID=1309) to work on /home/airflow/.local/lib/python3.8/site-packages/airflow/example_dags/example_setup_teardown_taskflow.py
[2025-11-10T20:47:23.321+0000] {processor.py:830} INFO - Processing file /home/airflow/.local/lib/python3.8/site-packages/airflow/example_dags/example_setup_teardown_taskflow.py for tasks to queue
[2025-11-10T20:47:23.323+0000] {logging_mixin.py:188} INFO - [2025-11-10T20:47:23.323+0000] {dagbag.py:540} INFO - Filling up the DagBag from /home/airflow/.local/lib/python3.8/site-packages/airflow/example_dags/example_setup_teardown_taskflow.py
[2025-11-10T20:47:23.333+0000] {processor.py:840} INFO - DAG(s) 'example_setup_teardown_taskflow' retrieved from /home/airflow/.local/lib/python3.8/site-packages/airflow/example_dags/example_setup_teardown_taskflow.py
[2025-11-10T20:47:23.353+0000] {logging_mixin.py:188} INFO - [2025-11-10T20:47:23.353+0000] {dag.py:3047} INFO - Sync 1 DAGs
[2025-11-10T20:47:23.376+0000] {logging_mixin.py:188} INFO - [2025-11-10T20:47:23.375+0000] {dag.py:3834} INFO - Setting next_dagrun for example_setup_teardown_taskflow to 2025-11-09 00:00:00+00:00, run_after=2025-11-10 00:00:00+00:00
[2025-11-10T20:47:23.394+0000] {processor.py:183} INFO - Processing /home/airflow/.local/lib/python3.8/site-packages/airflow/example_dags/example_setup_teardown_taskflow.py took 0.077 seconds
[2025-11-10T20:47:53.649+0000] {processor.py:161} INFO - Started process (PID=1364) to work on /home/airflow/.local/lib/python3.8/site-packages/airflow/example_dags/example_setup_teardown_taskflow.py
[2025-11-10T20:47:53.651+0000] {processor.py:830} INFO - Processing file /home/airflow/.local/lib/python3.8/site-packages/airflow/example_dags/example_setup_teardown_taskflow.py for tasks to queue
[2025-11-10T20:47:53.653+0000] {logging_mixin.py:188} INFO - [2025-11-10T20:47:53.653+0000] {dagbag.py:540} INFO - Filling up the DagBag from /home/airflow/.local/lib/python3.8/site-packages/airflow/example_dags/example_setup_teardown_taskflow.py
[2025-11-10T20:47:53.666+0000] {processor.py:840} INFO - DAG(s) 'example_setup_teardown_taskflow' retrieved from /home/airflow/.local/lib/python3.8/site-packages/airflow/example_dags/example_setup_teardown_taskflow.py
[2025-11-10T20:47:53.686+0000] {logging_mixin.py:188} INFO - [2025-11-10T20:47:53.686+0000] {dag.py:3047} INFO - Sync 1 DAGs
[2025-11-10T20:47:53.705+0000] {logging_mixin.py:188} INFO - [2025-11-10T20:47:53.705+0000] {dag.py:3834} INFO - Setting next_dagrun for example_setup_teardown_taskflow to 2025-11-09 00:00:00+00:00, run_after=2025-11-10 00:00:00+00:00
[2025-11-10T20:47:53.723+0000] {processor.py:183} INFO - Processing /home/airflow/.local/lib/python3.8/site-packages/airflow/example_dags/example_setup_teardown_taskflow.py took 0.079 seconds
[2025-11-10T20:48:24.061+0000] {processor.py:161} INFO - Started process (PID=1419) to work on /home/airflow/.local/lib/python3.8/site-packages/airflow/example_dags/example_setup_teardown_taskflow.py
[2025-11-10T20:48:24.062+0000] {processor.py:830} INFO - Processing file /home/airflow/.local/lib/python3.8/site-packages/airflow/example_dags/example_setup_teardown_taskflow.py for tasks to queue
[2025-11-10T20:48:24.064+0000] {logging_mixin.py:188} INFO - [2025-11-10T20:48:24.064+0000] {dagbag.py:540} INFO - Filling up the DagBag from /home/airflow/.local/lib/python3.8/site-packages/airflow/example_dags/example_setup_teardown_taskflow.py
[2025-11-10T20:48:24.074+0000] {processor.py:840} INFO - DAG(s) 'example_setup_teardown_taskflow' retrieved from /home/airflow/.local/lib/python3.8/site-packages/airflow/example_dags/example_setup_teardown_taskflow.py
[2025-11-10T20:48:24.104+0000] {logging_mixin.py:188} INFO - [2025-11-10T20:48:24.103+0000] {dag.py:3047} INFO - Sync 1 DAGs
[2025-11-10T20:48:24.126+0000] {logging_mixin.py:188} INFO - [2025-11-10T20:48:24.126+0000] {dag.py:3834} INFO - Setting next_dagrun for example_setup_teardown_taskflow to 2025-11-09 00:00:00+00:00, run_after=2025-11-10 00:00:00+00:00
[2025-11-10T20:48:24.149+0000] {processor.py:183} INFO - Processing /home/airflow/.local/lib/python3.8/site-packages/airflow/example_dags/example_setup_teardown_taskflow.py took 0.093 seconds
[2025-11-10T20:48:54.276+0000] {processor.py:161} INFO - Started process (PID=1474) to work on /home/airflow/.local/lib/python3.8/site-packages/airflow/example_dags/example_setup_teardown_taskflow.py
[2025-11-10T20:48:54.278+0000] {processor.py:830} INFO - Processing file /home/airflow/.local/lib/python3.8/site-packages/airflow/example_dags/example_setup_teardown_taskflow.py for tasks to queue
[2025-11-10T20:48:54.280+0000] {logging_mixin.py:188} INFO - [2025-11-10T20:48:54.279+0000] {dagbag.py:540} INFO - Filling up the DagBag from /home/airflow/.local/lib/python3.8/site-packages/airflow/example_dags/example_setup_teardown_taskflow.py
[2025-11-10T20:48:54.289+0000] {processor.py:840} INFO - DAG(s) 'example_setup_teardown_taskflow' retrieved from /home/airflow/.local/lib/python3.8/site-packages/airflow/example_dags/example_setup_teardown_taskflow.py
[2025-11-10T20:48:54.310+0000] {logging_mixin.py:188} INFO - [2025-11-10T20:48:54.309+0000] {dag.py:3047} INFO - Sync 1 DAGs
[2025-11-10T20:48:54.329+0000] {logging_mixin.py:188} INFO - [2025-11-10T20:48:54.329+0000] {dag.py:3834} INFO - Setting next_dagrun for example_setup_teardown_taskflow to 2025-11-09 00:00:00+00:00, run_after=2025-11-10 00:00:00+00:00
[2025-11-10T20:48:54.347+0000] {processor.py:183} INFO - Processing /home/airflow/.local/lib/python3.8/site-packages/airflow/example_dags/example_setup_teardown_taskflow.py took 0.074 seconds
[2025-11-10T20:49:24.859+0000] {processor.py:161} INFO - Started process (PID=1530) to work on /home/airflow/.local/lib/python3.8/site-packages/airflow/example_dags/example_setup_teardown_taskflow.py
[2025-11-10T20:49:24.861+0000] {processor.py:830} INFO - Processing file /home/airflow/.local/lib/python3.8/site-packages/airflow/example_dags/example_setup_teardown_taskflow.py for tasks to queue
[2025-11-10T20:49:24.865+0000] {logging_mixin.py:188} INFO - [2025-11-10T20:49:24.865+0000] {dagbag.py:540} INFO - Filling up the DagBag from /home/airflow/.local/lib/python3.8/site-packages/airflow/example_dags/example_setup_teardown_taskflow.py
[2025-11-10T20:49:24.875+0000] {processor.py:840} INFO - DAG(s) 'example_setup_teardown_taskflow' retrieved from /home/airflow/.local/lib/python3.8/site-packages/airflow/example_dags/example_setup_teardown_taskflow.py
[2025-11-10T20:49:24.899+0000] {logging_mixin.py:188} INFO - [2025-11-10T20:49:24.899+0000] {dag.py:3047} INFO - Sync 1 DAGs
[2025-11-10T20:49:24.921+0000] {logging_mixin.py:188} INFO - [2025-11-10T20:49:24.921+0000] {dag.py:3834} INFO - Setting next_dagrun for example_setup_teardown_taskflow to 2025-11-09 00:00:00+00:00, run_after=2025-11-10 00:00:00+00:00
[2025-11-10T20:49:24.941+0000] {processor.py:183} INFO - Processing /home/airflow/.local/lib/python3.8/site-packages/airflow/example_dags/example_setup_teardown_taskflow.py took 0.088 seconds
[2025-11-10T20:49:55.885+0000] {processor.py:161} INFO - Started process (PID=1585) to work on /home/airflow/.local/lib/python3.8/site-packages/airflow/example_dags/example_setup_teardown_taskflow.py
[2025-11-10T20:49:55.886+0000] {processor.py:830} INFO - Processing file /home/airflow/.local/lib/python3.8/site-packages/airflow/example_dags/example_setup_teardown_taskflow.py for tasks to queue
[2025-11-10T20:49:55.888+0000] {logging_mixin.py:188} INFO - [2025-11-10T20:49:55.888+0000] {dagbag.py:540} INFO - Filling up the DagBag from /home/airflow/.local/lib/python3.8/site-packages/airflow/example_dags/example_setup_teardown_taskflow.py
[2025-11-10T20:49:55.897+0000] {processor.py:840} INFO - DAG(s) 'example_setup_teardown_taskflow' retrieved from /home/airflow/.local/lib/python3.8/site-packages/airflow/example_dags/example_setup_teardown_taskflow.py
[2025-11-10T20:49:55.916+0000] {logging_mixin.py:188} INFO - [2025-11-10T20:49:55.916+0000] {dag.py:3047} INFO - Sync 1 DAGs
[2025-11-10T20:49:55.936+0000] {logging_mixin.py:188} INFO - [2025-11-10T20:49:55.936+0000] {dag.py:3834} INFO - Setting next_dagrun for example_setup_teardown_taskflow to 2025-11-09 00:00:00+00:00, run_after=2025-11-10 00:00:00+00:00
[2025-11-10T20:49:55.954+0000] {processor.py:183} INFO - Processing /home/airflow/.local/lib/python3.8/site-packages/airflow/example_dags/example_setup_teardown_taskflow.py took 0.072 seconds
[2025-11-10T20:50:26.819+0000] {processor.py:161} INFO - Started process (PID=1640) to work on /home/airflow/.local/lib/python3.8/site-packages/airflow/example_dags/example_setup_teardown_taskflow.py
[2025-11-10T20:50:26.820+0000] {processor.py:830} INFO - Processing file /home/airflow/.local/lib/python3.8/site-packages/airflow/example_dags/example_setup_teardown_taskflow.py for tasks to queue
[2025-11-10T20:50:26.822+0000] {logging_mixin.py:188} INFO - [2025-11-10T20:50:26.822+0000] {dagbag.py:540} INFO - Filling up the DagBag from /home/airflow/.local/lib/python3.8/site-packages/airflow/example_dags/example_setup_teardown_taskflow.py
[2025-11-10T20:50:26.831+0000] {processor.py:840} INFO - DAG(s) 'example_setup_teardown_taskflow' retrieved from /home/airflow/.local/lib/python3.8/site-packages/airflow/example_dags/example_setup_teardown_taskflow.py
[2025-11-10T20:50:26.853+0000] {logging_mixin.py:188} INFO - [2025-11-10T20:50:26.853+0000] {dag.py:3047} INFO - Sync 1 DAGs
[2025-11-10T20:50:26.875+0000] {logging_mixin.py:188} INFO - [2025-11-10T20:50:26.875+0000] {dag.py:3834} INFO - Setting next_dagrun for example_setup_teardown_taskflow to 2025-11-09 00:00:00+00:00, run_after=2025-11-10 00:00:00+00:00
[2025-11-10T20:50:26.892+0000] {processor.py:183} INFO - Processing /home/airflow/.local/lib/python3.8/site-packages/airflow/example_dags/example_setup_teardown_taskflow.py took 0.077 seconds
[2025-11-10T20:50:57.670+0000] {processor.py:161} INFO - Started process (PID=1695) to work on /home/airflow/.local/lib/python3.8/site-packages/airflow/example_dags/example_setup_teardown_taskflow.py
[2025-11-10T20:50:57.673+0000] {processor.py:830} INFO - Processing file /home/airflow/.local/lib/python3.8/site-packages/airflow/example_dags/example_setup_teardown_taskflow.py for tasks to queue
[2025-11-10T20:50:57.675+0000] {logging_mixin.py:188} INFO - [2025-11-10T20:50:57.675+0000] {dagbag.py:540} INFO - Filling up the DagBag from /home/airflow/.local/lib/python3.8/site-packages/airflow/example_dags/example_setup_teardown_taskflow.py
[2025-11-10T20:50:57.694+0000] {processor.py:840} INFO - DAG(s) 'example_setup_teardown_taskflow' retrieved from /home/airflow/.local/lib/python3.8/site-packages/airflow/example_dags/example_setup_teardown_taskflow.py
[2025-11-10T20:50:57.720+0000] {logging_mixin.py:188} INFO - [2025-11-10T20:50:57.720+0000] {dag.py:3047} INFO - Sync 1 DAGs
[2025-11-10T20:50:57.744+0000] {logging_mixin.py:188} INFO - [2025-11-10T20:50:57.744+0000] {dag.py:3834} INFO - Setting next_dagrun for example_setup_teardown_taskflow to 2025-11-09 00:00:00+00:00, run_after=2025-11-10 00:00:00+00:00
[2025-11-10T20:50:57.767+0000] {processor.py:183} INFO - Processing /home/airflow/.local/lib/python3.8/site-packages/airflow/example_dags/example_setup_teardown_taskflow.py took 0.102 seconds
[2025-11-10T20:51:28.017+0000] {processor.py:161} INFO - Started process (PID=1750) to work on /home/airflow/.local/lib/python3.8/site-packages/airflow/example_dags/example_setup_teardown_taskflow.py
[2025-11-10T20:51:28.018+0000] {processor.py:830} INFO - Processing file /home/airflow/.local/lib/python3.8/site-packages/airflow/example_dags/example_setup_teardown_taskflow.py for tasks to queue
[2025-11-10T20:51:28.021+0000] {logging_mixin.py:188} INFO - [2025-11-10T20:51:28.021+0000] {dagbag.py:540} INFO - Filling up the DagBag from /home/airflow/.local/lib/python3.8/site-packages/airflow/example_dags/example_setup_teardown_taskflow.py
[2025-11-10T20:51:28.038+0000] {processor.py:840} INFO - DAG(s) 'example_setup_teardown_taskflow' retrieved from /home/airflow/.local/lib/python3.8/site-packages/airflow/example_dags/example_setup_teardown_taskflow.py
[2025-11-10T20:51:28.068+0000] {logging_mixin.py:188} INFO - [2025-11-10T20:51:28.068+0000] {dag.py:3047} INFO - Sync 1 DAGs
[2025-11-10T20:51:28.089+0000] {logging_mixin.py:188} INFO - [2025-11-10T20:51:28.089+0000] {dag.py:3834} INFO - Setting next_dagrun for example_setup_teardown_taskflow to 2025-11-09 00:00:00+00:00, run_after=2025-11-10 00:00:00+00:00
[2025-11-10T20:51:28.111+0000] {processor.py:183} INFO - Processing /home/airflow/.local/lib/python3.8/site-packages/airflow/example_dags/example_setup_teardown_taskflow.py took 0.099 seconds
[2025-11-10T20:51:58.309+0000] {processor.py:161} INFO - Started process (PID=1805) to work on /home/airflow/.local/lib/python3.8/site-packages/airflow/example_dags/example_setup_teardown_taskflow.py
[2025-11-10T20:51:58.310+0000] {processor.py:830} INFO - Processing file /home/airflow/.local/lib/python3.8/site-packages/airflow/example_dags/example_setup_teardown_taskflow.py for tasks to queue
[2025-11-10T20:51:58.312+0000] {logging_mixin.py:188} INFO - [2025-11-10T20:51:58.312+0000] {dagbag.py:540} INFO - Filling up the DagBag from /home/airflow/.local/lib/python3.8/site-packages/airflow/example_dags/example_setup_teardown_taskflow.py
[2025-11-10T20:51:58.321+0000] {processor.py:840} INFO - DAG(s) 'example_setup_teardown_taskflow' retrieved from /home/airflow/.local/lib/python3.8/site-packages/airflow/example_dags/example_setup_teardown_taskflow.py
[2025-11-10T20:51:58.340+0000] {logging_mixin.py:188} INFO - [2025-11-10T20:51:58.340+0000] {dag.py:3047} INFO - Sync 1 DAGs
[2025-11-10T20:51:58.361+0000] {logging_mixin.py:188} INFO - [2025-11-10T20:51:58.361+0000] {dag.py:3834} INFO - Setting next_dagrun for example_setup_teardown_taskflow to 2025-11-09 00:00:00+00:00, run_after=2025-11-10 00:00:00+00:00
[2025-11-10T20:51:58.380+0000] {processor.py:183} INFO - Processing /home/airflow/.local/lib/python3.8/site-packages/airflow/example_dags/example_setup_teardown_taskflow.py took 0.075 seconds
[2025-11-10T20:52:28.563+0000] {processor.py:161} INFO - Started process (PID=1860) to work on /home/airflow/.local/lib/python3.8/site-packages/airflow/example_dags/example_setup_teardown_taskflow.py
[2025-11-10T20:52:28.565+0000] {processor.py:830} INFO - Processing file /home/airflow/.local/lib/python3.8/site-packages/airflow/example_dags/example_setup_teardown_taskflow.py for tasks to queue
[2025-11-10T20:52:28.569+0000] {logging_mixin.py:188} INFO - [2025-11-10T20:52:28.569+0000] {dagbag.py:540} INFO - Filling up the DagBag from /home/airflow/.local/lib/python3.8/site-packages/airflow/example_dags/example_setup_teardown_taskflow.py
[2025-11-10T20:52:28.593+0000] {processor.py:840} INFO - DAG(s) 'example_setup_teardown_taskflow' retrieved from /home/airflow/.local/lib/python3.8/site-packages/airflow/example_dags/example_setup_teardown_taskflow.py
[2025-11-10T20:52:28.641+0000] {logging_mixin.py:188} INFO - [2025-11-10T20:52:28.641+0000] {dag.py:3047} INFO - Sync 1 DAGs
[2025-11-10T20:52:28.667+0000] {logging_mixin.py:188} INFO - [2025-11-10T20:52:28.667+0000] {dag.py:3834} INFO - Setting next_dagrun for example_setup_teardown_taskflow to 2025-11-09 00:00:00+00:00, run_after=2025-11-10 00:00:00+00:00
[2025-11-10T20:52:28.695+0000] {processor.py:183} INFO - Processing /home/airflow/.local/lib/python3.8/site-packages/airflow/example_dags/example_setup_teardown_taskflow.py took 0.137 seconds
[2025-11-10T20:52:58.815+0000] {processor.py:161} INFO - Started process (PID=1915) to work on /home/airflow/.local/lib/python3.8/site-packages/airflow/example_dags/example_setup_teardown_taskflow.py
[2025-11-10T20:52:58.817+0000] {processor.py:830} INFO - Processing file /home/airflow/.local/lib/python3.8/site-packages/airflow/example_dags/example_setup_teardown_taskflow.py for tasks to queue
[2025-11-10T20:52:58.820+0000] {logging_mixin.py:188} INFO - [2025-11-10T20:52:58.819+0000] {dagbag.py:540} INFO - Filling up the DagBag from /home/airflow/.local/lib/python3.8/site-packages/airflow/example_dags/example_setup_teardown_taskflow.py
[2025-11-10T20:52:58.829+0000] {processor.py:840} INFO - DAG(s) 'example_setup_teardown_taskflow' retrieved from /home/airflow/.local/lib/python3.8/site-packages/airflow/example_dags/example_setup_teardown_taskflow.py
[2025-11-10T20:52:58.854+0000] {logging_mixin.py:188} INFO - [2025-11-10T20:52:58.854+0000] {dag.py:3047} INFO - Sync 1 DAGs
[2025-11-10T20:52:58.874+0000] {logging_mixin.py:188} INFO - [2025-11-10T20:52:58.874+0000] {dag.py:3834} INFO - Setting next_dagrun for example_setup_teardown_taskflow to 2025-11-09 00:00:00+00:00, run_after=2025-11-10 00:00:00+00:00
[2025-11-10T20:52:58.892+0000] {processor.py:183} INFO - Processing /home/airflow/.local/lib/python3.8/site-packages/airflow/example_dags/example_setup_teardown_taskflow.py took 0.080 seconds
[2025-11-10T20:53:29.315+0000] {processor.py:161} INFO - Started process (PID=1970) to work on /home/airflow/.local/lib/python3.8/site-packages/airflow/example_dags/example_setup_teardown_taskflow.py
[2025-11-10T20:53:29.316+0000] {processor.py:830} INFO - Processing file /home/airflow/.local/lib/python3.8/site-packages/airflow/example_dags/example_setup_teardown_taskflow.py for tasks to queue
[2025-11-10T20:53:29.318+0000] {logging_mixin.py:188} INFO - [2025-11-10T20:53:29.318+0000] {dagbag.py:540} INFO - Filling up the DagBag from /home/airflow/.local/lib/python3.8/site-packages/airflow/example_dags/example_setup_teardown_taskflow.py
[2025-11-10T20:53:29.330+0000] {processor.py:840} INFO - DAG(s) 'example_setup_teardown_taskflow' retrieved from /home/airflow/.local/lib/python3.8/site-packages/airflow/example_dags/example_setup_teardown_taskflow.py
[2025-11-10T20:53:29.353+0000] {logging_mixin.py:188} INFO - [2025-11-10T20:53:29.353+0000] {dag.py:3047} INFO - Sync 1 DAGs
[2025-11-10T20:53:29.391+0000] {logging_mixin.py:188} INFO - [2025-11-10T20:53:29.391+0000] {dag.py:3834} INFO - Setting next_dagrun for example_setup_teardown_taskflow to 2025-11-09 00:00:00+00:00, run_after=2025-11-10 00:00:00+00:00
[2025-11-10T20:53:29.410+0000] {processor.py:876} ERROR - Error logging import errors!
Traceback (most recent call last):
  File "/home/airflow/.local/lib/python3.8/site-packages/sqlalchemy/engine/base.py", line 1910, in _execute_context
    self.dialect.do_execute(
  File "/home/airflow/.local/lib/python3.8/site-packages/sqlalchemy/engine/default.py", line 736, in do_execute
    cursor.execute(statement, parameters)
psycopg2.OperationalError: server closed the connection unexpectedly
	This probably means the server terminated abnormally
	before or while processing the request.


The above exception was the direct cause of the following exception:

Traceback (most recent call last):
  File "/home/airflow/.local/lib/python3.8/site-packages/airflow/dag_processing/processor.py", line 869, in process_file
    DagFileProcessor.update_import_errors(
  File "/home/airflow/.local/lib/python3.8/site-packages/airflow/api_internal/internal_api_call.py", line 114, in wrapper
    return func(*args, **kwargs)
  File "/home/airflow/.local/lib/python3.8/site-packages/airflow/utils/session.py", line 76, in wrapper
    return func(*args, **kwargs)
  File "/home/airflow/.local/lib/python3.8/site-packages/airflow/dag_processing/processor.py", line 615, in update_import_errors
    session.execute(
  File "/home/airflow/.local/lib/python3.8/site-packages/sqlalchemy/orm/session.py", line 1717, in execute
    result = conn._execute_20(statement, params or {}, execution_options)
  File "/home/airflow/.local/lib/python3.8/site-packages/sqlalchemy/engine/base.py", line 1710, in _execute_20
    return meth(self, args_10style, kwargs_10style, execution_options)
  File "/home/airflow/.local/lib/python3.8/site-packages/sqlalchemy/sql/elements.py", line 334, in _execute_on_connection
    return connection._execute_clauseelement(
  File "/home/airflow/.local/lib/python3.8/site-packages/sqlalchemy/engine/base.py", line 1577, in _execute_clauseelement
    ret = self._execute_context(
  File "/home/airflow/.local/lib/python3.8/site-packages/sqlalchemy/engine/base.py", line 1953, in _execute_context
    self._handle_dbapi_exception(
  File "/home/airflow/.local/lib/python3.8/site-packages/sqlalchemy/engine/base.py", line 2134, in _handle_dbapi_exception
    util.raise_(
  File "/home/airflow/.local/lib/python3.8/site-packages/sqlalchemy/util/compat.py", line 211, in raise_
    raise exception
  File "/home/airflow/.local/lib/python3.8/site-packages/sqlalchemy/engine/base.py", line 1910, in _execute_context
    self.dialect.do_execute(
  File "/home/airflow/.local/lib/python3.8/site-packages/sqlalchemy/engine/default.py", line 736, in do_execute
    cursor.execute(statement, parameters)
sqlalchemy.exc.OperationalError: (psycopg2.OperationalError) server closed the connection unexpectedly
	This probably means the server terminated abnormally
	before or while processing the request.

[SQL: DELETE FROM import_error WHERE (import_error.filename LIKE %(filename_1)s || '%%') RETURNING import_error.id]
[parameters: {'filename_1': '/home/airflow/.local/lib/python3.8/site-packages/airflow/example_dags/example_setup_teardown_taskflow.py'}]
(Background on this error at: https://sqlalche.me/e/14/e3q8)
[2025-11-10T20:53:29.443+0000] {processor.py:882} ERROR - Error logging DAG warnings.
Traceback (most recent call last):
  File "/home/airflow/.local/lib/python3.8/site-packages/airflow/dag_processing/processor.py", line 880, in process_file
    self.update_dag_warnings(session=session, dagbag=dagbag)
  File "/home/airflow/.local/lib/python3.8/site-packages/airflow/dag_processing/processor.py", line 680, in update_dag_warnings
    self._validate_task_pools(dagbag=dagbag)
  File "/home/airflow/.local/lib/python3.8/site-packages/airflow/utils/session.py", line 79, in wrapper
    return func(*args, session=session, **kwargs)
  File "/home/airflow/.local/lib/python3.8/site-packages/airflow/dag_processing/processor.py", line 659, in _validate_task_pools
    pools = {p.pool for p in Pool.get_pools(session)}
  File "/home/airflow/.local/lib/python3.8/site-packages/airflow/utils/session.py", line 76, in wrapper
    return func(*args, **kwargs)
  File "/home/airflow/.local/lib/python3.8/site-packages/airflow/models/pool.py", line 68, in get_pools
    return session.scalars(select(Pool)).all()
  File "/home/airflow/.local/lib/python3.8/site-packages/sqlalchemy/orm/session.py", line 1778, in scalars
    return self.execute(
  File "/home/airflow/.local/lib/python3.8/site-packages/sqlalchemy/orm/session.py", line 1717, in execute
    result = conn._execute_20(statement, params or {}, execution_options)
  File "/home/airflow/.local/lib/python3.8/site-packages/sqlalchemy/engine/base.py", line 1710, in _execute_20
    return meth(self, args_10style, kwargs_10style, execution_options)
  File "/home/airflow/.local/lib/python3.8/site-packages/sqlalchemy/sql/elements.py", line 334, in _execute_on_connection
    return connection._execute_clauseelement(
  File "/home/airflow/.local/lib/python3.8/site-packages/sqlalchemy/engine/base.py", line 1577, in _execute_clauseelement
    ret = self._execute_context(
  File "/home/airflow/.local/lib/python3.8/site-packages/sqlalchemy/engine/base.py", line 1808, in _execute_context
    conn = self._revalidate_connection()
  File "/home/airflow/.local/lib/python3.8/site-packages/sqlalchemy/engine/base.py", line 650, in _revalidate_connection
    self._invalid_transaction()
  File "/home/airflow/.local/lib/python3.8/site-packages/sqlalchemy/engine/base.py", line 622, in _invalid_transaction
    raise exc.PendingRollbackError(
sqlalchemy.exc.PendingRollbackError: Can't reconnect until invalid transaction is rolled back. (Background on this error at: https://sqlalche.me/e/14/8s2b)
[2025-11-10T20:53:29.445+0000] {processor.py:183} INFO - Processing /home/airflow/.local/lib/python3.8/site-packages/airflow/example_dags/example_setup_teardown_taskflow.py took 0.134 seconds
