[2025-11-10T20:36:13.226+0000] {processor.py:161} INFO - Started process (PID=103) to work on /home/airflow/.local/lib/python3.8/site-packages/airflow/example_dags/example_sensors.py
[2025-11-10T20:36:13.227+0000] {processor.py:830} INFO - Processing file /home/airflow/.local/lib/python3.8/site-packages/airflow/example_dags/example_sensors.py for tasks to queue
[2025-11-10T20:36:13.230+0000] {logging_mixin.py:188} INFO - [2025-11-10T20:36:13.229+0000] {dagbag.py:540} INFO - Filling up the DagBag from /home/airflow/.local/lib/python3.8/site-packages/airflow/example_dags/example_sensors.py
[2025-11-10T20:36:13.242+0000] {processor.py:840} INFO - DAG(s) 'example_sensors' retrieved from /home/airflow/.local/lib/python3.8/site-packages/airflow/example_dags/example_sensors.py
[2025-11-10T20:36:13.366+0000] {logging_mixin.py:188} INFO - [2025-11-10T20:36:13.365+0000] {override.py:1769} INFO - Created Permission View: can read on DAG:example_sensors
[2025-11-10T20:36:13.377+0000] {logging_mixin.py:188} INFO - [2025-11-10T20:36:13.377+0000] {override.py:1769} INFO - Created Permission View: can edit on DAG:example_sensors
[2025-11-10T20:36:13.386+0000] {logging_mixin.py:188} INFO - [2025-11-10T20:36:13.386+0000] {override.py:1769} INFO - Created Permission View: can delete on DAG:example_sensors
[2025-11-10T20:36:13.388+0000] {logging_mixin.py:188} INFO - [2025-11-10T20:36:13.388+0000] {dag.py:3047} INFO - Sync 1 DAGs
[2025-11-10T20:36:13.400+0000] {logging_mixin.py:188} INFO - [2025-11-10T20:36:13.400+0000] {dag.py:3069} INFO - Creating ORM DAG for example_sensors
[2025-11-10T20:36:13.401+0000] {logging_mixin.py:188} INFO - [2025-11-10T20:36:13.401+0000] {dag.py:3834} INFO - Setting next_dagrun for example_sensors to None, run_after=None
[2025-11-10T20:36:13.419+0000] {processor.py:183} INFO - Processing /home/airflow/.local/lib/python3.8/site-packages/airflow/example_dags/example_sensors.py took 0.197 seconds
[2025-11-10T20:36:43.473+0000] {processor.py:161} INFO - Started process (PID=158) to work on /home/airflow/.local/lib/python3.8/site-packages/airflow/example_dags/example_sensors.py
[2025-11-10T20:36:43.477+0000] {processor.py:830} INFO - Processing file /home/airflow/.local/lib/python3.8/site-packages/airflow/example_dags/example_sensors.py for tasks to queue
[2025-11-10T20:36:43.478+0000] {logging_mixin.py:188} INFO - [2025-11-10T20:36:43.478+0000] {dagbag.py:540} INFO - Filling up the DagBag from /home/airflow/.local/lib/python3.8/site-packages/airflow/example_dags/example_sensors.py
[2025-11-10T20:36:43.488+0000] {processor.py:840} INFO - DAG(s) 'example_sensors' retrieved from /home/airflow/.local/lib/python3.8/site-packages/airflow/example_dags/example_sensors.py
[2025-11-10T20:36:43.514+0000] {logging_mixin.py:188} INFO - [2025-11-10T20:36:43.514+0000] {dag.py:3047} INFO - Sync 1 DAGs
[2025-11-10T20:36:43.526+0000] {logging_mixin.py:188} INFO - [2025-11-10T20:36:43.525+0000] {dag.py:3834} INFO - Setting next_dagrun for example_sensors to None, run_after=None
[2025-11-10T20:36:43.553+0000] {processor.py:183} INFO - Processing /home/airflow/.local/lib/python3.8/site-packages/airflow/example_dags/example_sensors.py took 0.083 seconds
[2025-11-10T20:37:14.147+0000] {processor.py:161} INFO - Started process (PID=213) to work on /home/airflow/.local/lib/python3.8/site-packages/airflow/example_dags/example_sensors.py
[2025-11-10T20:37:14.148+0000] {processor.py:830} INFO - Processing file /home/airflow/.local/lib/python3.8/site-packages/airflow/example_dags/example_sensors.py for tasks to queue
[2025-11-10T20:37:14.150+0000] {logging_mixin.py:188} INFO - [2025-11-10T20:37:14.150+0000] {dagbag.py:540} INFO - Filling up the DagBag from /home/airflow/.local/lib/python3.8/site-packages/airflow/example_dags/example_sensors.py
[2025-11-10T20:37:14.160+0000] {processor.py:840} INFO - DAG(s) 'example_sensors' retrieved from /home/airflow/.local/lib/python3.8/site-packages/airflow/example_dags/example_sensors.py
[2025-11-10T20:37:14.187+0000] {logging_mixin.py:188} INFO - [2025-11-10T20:37:14.187+0000] {dag.py:3047} INFO - Sync 1 DAGs
[2025-11-10T20:37:14.200+0000] {logging_mixin.py:188} INFO - [2025-11-10T20:37:14.200+0000] {dag.py:3834} INFO - Setting next_dagrun for example_sensors to None, run_after=None
[2025-11-10T20:37:14.222+0000] {processor.py:183} INFO - Processing /home/airflow/.local/lib/python3.8/site-packages/airflow/example_dags/example_sensors.py took 0.079 seconds
[2025-11-10T20:37:44.570+0000] {processor.py:161} INFO - Started process (PID=268) to work on /home/airflow/.local/lib/python3.8/site-packages/airflow/example_dags/example_sensors.py
[2025-11-10T20:37:44.572+0000] {processor.py:830} INFO - Processing file /home/airflow/.local/lib/python3.8/site-packages/airflow/example_dags/example_sensors.py for tasks to queue
[2025-11-10T20:37:44.574+0000] {logging_mixin.py:188} INFO - [2025-11-10T20:37:44.574+0000] {dagbag.py:540} INFO - Filling up the DagBag from /home/airflow/.local/lib/python3.8/site-packages/airflow/example_dags/example_sensors.py
[2025-11-10T20:37:44.585+0000] {processor.py:840} INFO - DAG(s) 'example_sensors' retrieved from /home/airflow/.local/lib/python3.8/site-packages/airflow/example_dags/example_sensors.py
[2025-11-10T20:37:44.614+0000] {logging_mixin.py:188} INFO - [2025-11-10T20:37:44.614+0000] {dag.py:3047} INFO - Sync 1 DAGs
[2025-11-10T20:37:44.630+0000] {logging_mixin.py:188} INFO - [2025-11-10T20:37:44.630+0000] {dag.py:3834} INFO - Setting next_dagrun for example_sensors to None, run_after=None
[2025-11-10T20:37:44.669+0000] {processor.py:183} INFO - Processing /home/airflow/.local/lib/python3.8/site-packages/airflow/example_dags/example_sensors.py took 0.102 seconds
[2025-11-10T20:38:14.963+0000] {processor.py:161} INFO - Started process (PID=323) to work on /home/airflow/.local/lib/python3.8/site-packages/airflow/example_dags/example_sensors.py
[2025-11-10T20:38:14.965+0000] {processor.py:830} INFO - Processing file /home/airflow/.local/lib/python3.8/site-packages/airflow/example_dags/example_sensors.py for tasks to queue
[2025-11-10T20:38:14.967+0000] {logging_mixin.py:188} INFO - [2025-11-10T20:38:14.966+0000] {dagbag.py:540} INFO - Filling up the DagBag from /home/airflow/.local/lib/python3.8/site-packages/airflow/example_dags/example_sensors.py
[2025-11-10T20:38:14.976+0000] {processor.py:840} INFO - DAG(s) 'example_sensors' retrieved from /home/airflow/.local/lib/python3.8/site-packages/airflow/example_dags/example_sensors.py
[2025-11-10T20:38:15.002+0000] {logging_mixin.py:188} INFO - [2025-11-10T20:38:15.002+0000] {dag.py:3047} INFO - Sync 1 DAGs
[2025-11-10T20:38:15.016+0000] {logging_mixin.py:188} INFO - [2025-11-10T20:38:15.016+0000] {dag.py:3834} INFO - Setting next_dagrun for example_sensors to None, run_after=None
[2025-11-10T20:38:15.037+0000] {processor.py:183} INFO - Processing /home/airflow/.local/lib/python3.8/site-packages/airflow/example_dags/example_sensors.py took 0.077 seconds
[2025-11-10T20:38:45.200+0000] {processor.py:161} INFO - Started process (PID=378) to work on /home/airflow/.local/lib/python3.8/site-packages/airflow/example_dags/example_sensors.py
[2025-11-10T20:38:45.201+0000] {processor.py:830} INFO - Processing file /home/airflow/.local/lib/python3.8/site-packages/airflow/example_dags/example_sensors.py for tasks to queue
[2025-11-10T20:38:45.203+0000] {logging_mixin.py:188} INFO - [2025-11-10T20:38:45.203+0000] {dagbag.py:540} INFO - Filling up the DagBag from /home/airflow/.local/lib/python3.8/site-packages/airflow/example_dags/example_sensors.py
[2025-11-10T20:38:45.224+0000] {processor.py:840} INFO - DAG(s) 'example_sensors' retrieved from /home/airflow/.local/lib/python3.8/site-packages/airflow/example_dags/example_sensors.py
[2025-11-10T20:38:45.253+0000] {logging_mixin.py:188} INFO - [2025-11-10T20:38:45.253+0000] {dag.py:3047} INFO - Sync 1 DAGs
[2025-11-10T20:38:45.266+0000] {logging_mixin.py:188} INFO - [2025-11-10T20:38:45.265+0000] {dag.py:3834} INFO - Setting next_dagrun for example_sensors to None, run_after=None
[2025-11-10T20:38:45.285+0000] {processor.py:183} INFO - Processing /home/airflow/.local/lib/python3.8/site-packages/airflow/example_dags/example_sensors.py took 0.091 seconds
[2025-11-10T20:39:15.398+0000] {processor.py:161} INFO - Started process (PID=433) to work on /home/airflow/.local/lib/python3.8/site-packages/airflow/example_dags/example_sensors.py
[2025-11-10T20:39:15.399+0000] {processor.py:830} INFO - Processing file /home/airflow/.local/lib/python3.8/site-packages/airflow/example_dags/example_sensors.py for tasks to queue
[2025-11-10T20:39:15.402+0000] {logging_mixin.py:188} INFO - [2025-11-10T20:39:15.401+0000] {dagbag.py:540} INFO - Filling up the DagBag from /home/airflow/.local/lib/python3.8/site-packages/airflow/example_dags/example_sensors.py
[2025-11-10T20:39:15.411+0000] {processor.py:840} INFO - DAG(s) 'example_sensors' retrieved from /home/airflow/.local/lib/python3.8/site-packages/airflow/example_dags/example_sensors.py
[2025-11-10T20:39:15.436+0000] {logging_mixin.py:188} INFO - [2025-11-10T20:39:15.436+0000] {dag.py:3047} INFO - Sync 1 DAGs
[2025-11-10T20:39:15.448+0000] {logging_mixin.py:188} INFO - [2025-11-10T20:39:15.448+0000] {dag.py:3834} INFO - Setting next_dagrun for example_sensors to None, run_after=None
[2025-11-10T20:39:15.465+0000] {processor.py:183} INFO - Processing /home/airflow/.local/lib/python3.8/site-packages/airflow/example_dags/example_sensors.py took 0.072 seconds
[2025-11-10T20:39:46.554+0000] {processor.py:161} INFO - Started process (PID=488) to work on /home/airflow/.local/lib/python3.8/site-packages/airflow/example_dags/example_sensors.py
[2025-11-10T20:39:46.559+0000] {processor.py:830} INFO - Processing file /home/airflow/.local/lib/python3.8/site-packages/airflow/example_dags/example_sensors.py for tasks to queue
[2025-11-10T20:39:46.565+0000] {logging_mixin.py:188} INFO - [2025-11-10T20:39:46.565+0000] {dagbag.py:540} INFO - Filling up the DagBag from /home/airflow/.local/lib/python3.8/site-packages/airflow/example_dags/example_sensors.py
[2025-11-10T20:39:46.581+0000] {processor.py:840} INFO - DAG(s) 'example_sensors' retrieved from /home/airflow/.local/lib/python3.8/site-packages/airflow/example_dags/example_sensors.py
[2025-11-10T20:39:46.609+0000] {logging_mixin.py:188} INFO - [2025-11-10T20:39:46.609+0000] {dag.py:3047} INFO - Sync 1 DAGs
[2025-11-10T20:39:46.622+0000] {logging_mixin.py:188} INFO - [2025-11-10T20:39:46.622+0000] {dag.py:3834} INFO - Setting next_dagrun for example_sensors to None, run_after=None
[2025-11-10T20:39:46.644+0000] {processor.py:183} INFO - Processing /home/airflow/.local/lib/python3.8/site-packages/airflow/example_dags/example_sensors.py took 0.096 seconds
[2025-11-10T20:40:17.117+0000] {processor.py:161} INFO - Started process (PID=543) to work on /home/airflow/.local/lib/python3.8/site-packages/airflow/example_dags/example_sensors.py
[2025-11-10T20:40:17.119+0000] {processor.py:830} INFO - Processing file /home/airflow/.local/lib/python3.8/site-packages/airflow/example_dags/example_sensors.py for tasks to queue
[2025-11-10T20:40:17.121+0000] {logging_mixin.py:188} INFO - [2025-11-10T20:40:17.120+0000] {dagbag.py:540} INFO - Filling up the DagBag from /home/airflow/.local/lib/python3.8/site-packages/airflow/example_dags/example_sensors.py
[2025-11-10T20:40:17.129+0000] {processor.py:840} INFO - DAG(s) 'example_sensors' retrieved from /home/airflow/.local/lib/python3.8/site-packages/airflow/example_dags/example_sensors.py
[2025-11-10T20:40:17.154+0000] {logging_mixin.py:188} INFO - [2025-11-10T20:40:17.153+0000] {dag.py:3047} INFO - Sync 1 DAGs
[2025-11-10T20:40:17.165+0000] {logging_mixin.py:188} INFO - [2025-11-10T20:40:17.165+0000] {dag.py:3834} INFO - Setting next_dagrun for example_sensors to None, run_after=None
[2025-11-10T20:40:17.185+0000] {processor.py:183} INFO - Processing /home/airflow/.local/lib/python3.8/site-packages/airflow/example_dags/example_sensors.py took 0.071 seconds
[2025-11-10T20:40:47.396+0000] {processor.py:161} INFO - Started process (PID=598) to work on /home/airflow/.local/lib/python3.8/site-packages/airflow/example_dags/example_sensors.py
[2025-11-10T20:40:47.398+0000] {processor.py:830} INFO - Processing file /home/airflow/.local/lib/python3.8/site-packages/airflow/example_dags/example_sensors.py for tasks to queue
[2025-11-10T20:40:47.400+0000] {logging_mixin.py:188} INFO - [2025-11-10T20:40:47.400+0000] {dagbag.py:540} INFO - Filling up the DagBag from /home/airflow/.local/lib/python3.8/site-packages/airflow/example_dags/example_sensors.py
[2025-11-10T20:40:47.409+0000] {processor.py:840} INFO - DAG(s) 'example_sensors' retrieved from /home/airflow/.local/lib/python3.8/site-packages/airflow/example_dags/example_sensors.py
[2025-11-10T20:40:47.439+0000] {logging_mixin.py:188} INFO - [2025-11-10T20:40:47.439+0000] {dag.py:3047} INFO - Sync 1 DAGs
[2025-11-10T20:40:47.451+0000] {logging_mixin.py:188} INFO - [2025-11-10T20:40:47.451+0000] {dag.py:3834} INFO - Setting next_dagrun for example_sensors to None, run_after=None
[2025-11-10T20:40:47.471+0000] {processor.py:183} INFO - Processing /home/airflow/.local/lib/python3.8/site-packages/airflow/example_dags/example_sensors.py took 0.079 seconds
[2025-11-10T20:41:17.814+0000] {processor.py:161} INFO - Started process (PID=653) to work on /home/airflow/.local/lib/python3.8/site-packages/airflow/example_dags/example_sensors.py
[2025-11-10T20:41:17.816+0000] {processor.py:830} INFO - Processing file /home/airflow/.local/lib/python3.8/site-packages/airflow/example_dags/example_sensors.py for tasks to queue
[2025-11-10T20:41:17.819+0000] {logging_mixin.py:188} INFO - [2025-11-10T20:41:17.818+0000] {dagbag.py:540} INFO - Filling up the DagBag from /home/airflow/.local/lib/python3.8/site-packages/airflow/example_dags/example_sensors.py
[2025-11-10T20:41:17.834+0000] {processor.py:840} INFO - DAG(s) 'example_sensors' retrieved from /home/airflow/.local/lib/python3.8/site-packages/airflow/example_dags/example_sensors.py
[2025-11-10T20:41:17.863+0000] {logging_mixin.py:188} INFO - [2025-11-10T20:41:17.862+0000] {dag.py:3047} INFO - Sync 1 DAGs
[2025-11-10T20:41:17.875+0000] {logging_mixin.py:188} INFO - [2025-11-10T20:41:17.874+0000] {dag.py:3834} INFO - Setting next_dagrun for example_sensors to None, run_after=None
[2025-11-10T20:41:17.894+0000] {processor.py:183} INFO - Processing /home/airflow/.local/lib/python3.8/site-packages/airflow/example_dags/example_sensors.py took 0.083 seconds
[2025-11-10T20:41:48.445+0000] {processor.py:161} INFO - Started process (PID=708) to work on /home/airflow/.local/lib/python3.8/site-packages/airflow/example_dags/example_sensors.py
[2025-11-10T20:41:48.446+0000] {processor.py:830} INFO - Processing file /home/airflow/.local/lib/python3.8/site-packages/airflow/example_dags/example_sensors.py for tasks to queue
[2025-11-10T20:41:48.448+0000] {logging_mixin.py:188} INFO - [2025-11-10T20:41:48.448+0000] {dagbag.py:540} INFO - Filling up the DagBag from /home/airflow/.local/lib/python3.8/site-packages/airflow/example_dags/example_sensors.py
[2025-11-10T20:41:48.458+0000] {processor.py:840} INFO - DAG(s) 'example_sensors' retrieved from /home/airflow/.local/lib/python3.8/site-packages/airflow/example_dags/example_sensors.py
[2025-11-10T20:41:48.500+0000] {logging_mixin.py:188} INFO - [2025-11-10T20:41:48.500+0000] {dag.py:3047} INFO - Sync 1 DAGs
[2025-11-10T20:41:48.513+0000] {logging_mixin.py:188} INFO - [2025-11-10T20:41:48.513+0000] {dag.py:3834} INFO - Setting next_dagrun for example_sensors to None, run_after=None
[2025-11-10T20:41:48.533+0000] {processor.py:183} INFO - Processing /home/airflow/.local/lib/python3.8/site-packages/airflow/example_dags/example_sensors.py took 0.092 seconds
[2025-11-10T20:42:19.232+0000] {processor.py:161} INFO - Started process (PID=763) to work on /home/airflow/.local/lib/python3.8/site-packages/airflow/example_dags/example_sensors.py
[2025-11-10T20:42:19.234+0000] {processor.py:830} INFO - Processing file /home/airflow/.local/lib/python3.8/site-packages/airflow/example_dags/example_sensors.py for tasks to queue
[2025-11-10T20:42:19.238+0000] {logging_mixin.py:188} INFO - [2025-11-10T20:42:19.238+0000] {dagbag.py:540} INFO - Filling up the DagBag from /home/airflow/.local/lib/python3.8/site-packages/airflow/example_dags/example_sensors.py
[2025-11-10T20:42:19.248+0000] {processor.py:840} INFO - DAG(s) 'example_sensors' retrieved from /home/airflow/.local/lib/python3.8/site-packages/airflow/example_dags/example_sensors.py
[2025-11-10T20:42:19.273+0000] {logging_mixin.py:188} INFO - [2025-11-10T20:42:19.273+0000] {dag.py:3047} INFO - Sync 1 DAGs
[2025-11-10T20:42:19.286+0000] {logging_mixin.py:188} INFO - [2025-11-10T20:42:19.285+0000] {dag.py:3834} INFO - Setting next_dagrun for example_sensors to None, run_after=None
[2025-11-10T20:42:19.307+0000] {processor.py:183} INFO - Processing /home/airflow/.local/lib/python3.8/site-packages/airflow/example_dags/example_sensors.py took 0.079 seconds
[2025-11-10T20:42:49.678+0000] {processor.py:161} INFO - Started process (PID=818) to work on /home/airflow/.local/lib/python3.8/site-packages/airflow/example_dags/example_sensors.py
[2025-11-10T20:42:49.680+0000] {processor.py:830} INFO - Processing file /home/airflow/.local/lib/python3.8/site-packages/airflow/example_dags/example_sensors.py for tasks to queue
[2025-11-10T20:42:49.682+0000] {logging_mixin.py:188} INFO - [2025-11-10T20:42:49.681+0000] {dagbag.py:540} INFO - Filling up the DagBag from /home/airflow/.local/lib/python3.8/site-packages/airflow/example_dags/example_sensors.py
[2025-11-10T20:42:49.691+0000] {processor.py:840} INFO - DAG(s) 'example_sensors' retrieved from /home/airflow/.local/lib/python3.8/site-packages/airflow/example_dags/example_sensors.py
[2025-11-10T20:42:49.721+0000] {logging_mixin.py:188} INFO - [2025-11-10T20:42:49.721+0000] {dag.py:3047} INFO - Sync 1 DAGs
[2025-11-10T20:42:49.735+0000] {logging_mixin.py:188} INFO - [2025-11-10T20:42:49.735+0000] {dag.py:3834} INFO - Setting next_dagrun for example_sensors to None, run_after=None
[2025-11-10T20:42:49.753+0000] {processor.py:183} INFO - Processing /home/airflow/.local/lib/python3.8/site-packages/airflow/example_dags/example_sensors.py took 0.079 seconds
[2025-11-10T20:43:20.213+0000] {processor.py:161} INFO - Started process (PID=873) to work on /home/airflow/.local/lib/python3.8/site-packages/airflow/example_dags/example_sensors.py
[2025-11-10T20:43:20.214+0000] {processor.py:830} INFO - Processing file /home/airflow/.local/lib/python3.8/site-packages/airflow/example_dags/example_sensors.py for tasks to queue
[2025-11-10T20:43:20.217+0000] {logging_mixin.py:188} INFO - [2025-11-10T20:43:20.216+0000] {dagbag.py:540} INFO - Filling up the DagBag from /home/airflow/.local/lib/python3.8/site-packages/airflow/example_dags/example_sensors.py
[2025-11-10T20:43:20.225+0000] {processor.py:840} INFO - DAG(s) 'example_sensors' retrieved from /home/airflow/.local/lib/python3.8/site-packages/airflow/example_dags/example_sensors.py
[2025-11-10T20:43:20.248+0000] {logging_mixin.py:188} INFO - [2025-11-10T20:43:20.247+0000] {dag.py:3047} INFO - Sync 1 DAGs
[2025-11-10T20:43:20.259+0000] {logging_mixin.py:188} INFO - [2025-11-10T20:43:20.259+0000] {dag.py:3834} INFO - Setting next_dagrun for example_sensors to None, run_after=None
[2025-11-10T20:43:20.289+0000] {processor.py:183} INFO - Processing /home/airflow/.local/lib/python3.8/site-packages/airflow/example_dags/example_sensors.py took 0.081 seconds
[2025-11-10T20:43:50.467+0000] {processor.py:161} INFO - Started process (PID=927) to work on /home/airflow/.local/lib/python3.8/site-packages/airflow/example_dags/example_sensors.py
[2025-11-10T20:43:50.469+0000] {processor.py:830} INFO - Processing file /home/airflow/.local/lib/python3.8/site-packages/airflow/example_dags/example_sensors.py for tasks to queue
[2025-11-10T20:43:50.470+0000] {logging_mixin.py:188} INFO - [2025-11-10T20:43:50.470+0000] {dagbag.py:540} INFO - Filling up the DagBag from /home/airflow/.local/lib/python3.8/site-packages/airflow/example_dags/example_sensors.py
[2025-11-10T20:43:50.480+0000] {processor.py:840} INFO - DAG(s) 'example_sensors' retrieved from /home/airflow/.local/lib/python3.8/site-packages/airflow/example_dags/example_sensors.py
[2025-11-10T20:43:50.504+0000] {logging_mixin.py:188} INFO - [2025-11-10T20:43:50.503+0000] {dag.py:3047} INFO - Sync 1 DAGs
[2025-11-10T20:43:50.515+0000] {logging_mixin.py:188} INFO - [2025-11-10T20:43:50.515+0000] {dag.py:3834} INFO - Setting next_dagrun for example_sensors to None, run_after=None
[2025-11-10T20:43:50.544+0000] {processor.py:183} INFO - Processing /home/airflow/.local/lib/python3.8/site-packages/airflow/example_dags/example_sensors.py took 0.081 seconds
[2025-11-10T20:44:21.302+0000] {processor.py:161} INFO - Started process (PID=982) to work on /home/airflow/.local/lib/python3.8/site-packages/airflow/example_dags/example_sensors.py
[2025-11-10T20:44:21.303+0000] {processor.py:830} INFO - Processing file /home/airflow/.local/lib/python3.8/site-packages/airflow/example_dags/example_sensors.py for tasks to queue
[2025-11-10T20:44:21.306+0000] {logging_mixin.py:188} INFO - [2025-11-10T20:44:21.305+0000] {dagbag.py:540} INFO - Filling up the DagBag from /home/airflow/.local/lib/python3.8/site-packages/airflow/example_dags/example_sensors.py
[2025-11-10T20:44:21.315+0000] {processor.py:840} INFO - DAG(s) 'example_sensors' retrieved from /home/airflow/.local/lib/python3.8/site-packages/airflow/example_dags/example_sensors.py
[2025-11-10T20:44:21.342+0000] {logging_mixin.py:188} INFO - [2025-11-10T20:44:21.342+0000] {dag.py:3047} INFO - Sync 1 DAGs
[2025-11-10T20:44:21.355+0000] {logging_mixin.py:188} INFO - [2025-11-10T20:44:21.355+0000] {dag.py:3834} INFO - Setting next_dagrun for example_sensors to None, run_after=None
[2025-11-10T20:44:21.373+0000] {processor.py:183} INFO - Processing /home/airflow/.local/lib/python3.8/site-packages/airflow/example_dags/example_sensors.py took 0.075 seconds
[2025-11-10T20:44:51.918+0000] {processor.py:161} INFO - Started process (PID=1037) to work on /home/airflow/.local/lib/python3.8/site-packages/airflow/example_dags/example_sensors.py
[2025-11-10T20:44:51.920+0000] {processor.py:830} INFO - Processing file /home/airflow/.local/lib/python3.8/site-packages/airflow/example_dags/example_sensors.py for tasks to queue
[2025-11-10T20:44:51.922+0000] {logging_mixin.py:188} INFO - [2025-11-10T20:44:51.922+0000] {dagbag.py:540} INFO - Filling up the DagBag from /home/airflow/.local/lib/python3.8/site-packages/airflow/example_dags/example_sensors.py
[2025-11-10T20:44:51.931+0000] {processor.py:840} INFO - DAG(s) 'example_sensors' retrieved from /home/airflow/.local/lib/python3.8/site-packages/airflow/example_dags/example_sensors.py
[2025-11-10T20:44:51.956+0000] {logging_mixin.py:188} INFO - [2025-11-10T20:44:51.956+0000] {dag.py:3047} INFO - Sync 1 DAGs
[2025-11-10T20:44:51.970+0000] {logging_mixin.py:188} INFO - [2025-11-10T20:44:51.970+0000] {dag.py:3834} INFO - Setting next_dagrun for example_sensors to None, run_after=None
[2025-11-10T20:44:51.991+0000] {processor.py:183} INFO - Processing /home/airflow/.local/lib/python3.8/site-packages/airflow/example_dags/example_sensors.py took 0.076 seconds
[2025-11-10T20:45:22.319+0000] {processor.py:161} INFO - Started process (PID=1092) to work on /home/airflow/.local/lib/python3.8/site-packages/airflow/example_dags/example_sensors.py
[2025-11-10T20:45:22.325+0000] {processor.py:830} INFO - Processing file /home/airflow/.local/lib/python3.8/site-packages/airflow/example_dags/example_sensors.py for tasks to queue
[2025-11-10T20:45:22.330+0000] {logging_mixin.py:188} INFO - [2025-11-10T20:45:22.330+0000] {dagbag.py:540} INFO - Filling up the DagBag from /home/airflow/.local/lib/python3.8/site-packages/airflow/example_dags/example_sensors.py
[2025-11-10T20:45:22.340+0000] {processor.py:840} INFO - DAG(s) 'example_sensors' retrieved from /home/airflow/.local/lib/python3.8/site-packages/airflow/example_dags/example_sensors.py
[2025-11-10T20:45:22.368+0000] {logging_mixin.py:188} INFO - [2025-11-10T20:45:22.367+0000] {dag.py:3047} INFO - Sync 1 DAGs
[2025-11-10T20:45:22.380+0000] {logging_mixin.py:188} INFO - [2025-11-10T20:45:22.379+0000] {dag.py:3834} INFO - Setting next_dagrun for example_sensors to None, run_after=None
[2025-11-10T20:45:22.401+0000] {processor.py:183} INFO - Processing /home/airflow/.local/lib/python3.8/site-packages/airflow/example_dags/example_sensors.py took 0.086 seconds
[2025-11-10T20:45:52.996+0000] {processor.py:161} INFO - Started process (PID=1147) to work on /home/airflow/.local/lib/python3.8/site-packages/airflow/example_dags/example_sensors.py
[2025-11-10T20:45:52.997+0000] {processor.py:830} INFO - Processing file /home/airflow/.local/lib/python3.8/site-packages/airflow/example_dags/example_sensors.py for tasks to queue
[2025-11-10T20:45:52.999+0000] {logging_mixin.py:188} INFO - [2025-11-10T20:45:52.999+0000] {dagbag.py:540} INFO - Filling up the DagBag from /home/airflow/.local/lib/python3.8/site-packages/airflow/example_dags/example_sensors.py
[2025-11-10T20:45:53.008+0000] {processor.py:840} INFO - DAG(s) 'example_sensors' retrieved from /home/airflow/.local/lib/python3.8/site-packages/airflow/example_dags/example_sensors.py
[2025-11-10T20:45:53.032+0000] {logging_mixin.py:188} INFO - [2025-11-10T20:45:53.032+0000] {dag.py:3047} INFO - Sync 1 DAGs
[2025-11-10T20:45:53.044+0000] {logging_mixin.py:188} INFO - [2025-11-10T20:45:53.044+0000] {dag.py:3834} INFO - Setting next_dagrun for example_sensors to None, run_after=None
[2025-11-10T20:45:53.067+0000] {processor.py:183} INFO - Processing /home/airflow/.local/lib/python3.8/site-packages/airflow/example_dags/example_sensors.py took 0.074 seconds
[2025-11-10T20:46:23.318+0000] {processor.py:161} INFO - Started process (PID=1202) to work on /home/airflow/.local/lib/python3.8/site-packages/airflow/example_dags/example_sensors.py
[2025-11-10T20:46:23.321+0000] {processor.py:830} INFO - Processing file /home/airflow/.local/lib/python3.8/site-packages/airflow/example_dags/example_sensors.py for tasks to queue
[2025-11-10T20:46:23.325+0000] {logging_mixin.py:188} INFO - [2025-11-10T20:46:23.325+0000] {dagbag.py:540} INFO - Filling up the DagBag from /home/airflow/.local/lib/python3.8/site-packages/airflow/example_dags/example_sensors.py
[2025-11-10T20:46:23.350+0000] {processor.py:840} INFO - DAG(s) 'example_sensors' retrieved from /home/airflow/.local/lib/python3.8/site-packages/airflow/example_dags/example_sensors.py
[2025-11-10T20:46:23.396+0000] {logging_mixin.py:188} INFO - [2025-11-10T20:46:23.396+0000] {dag.py:3047} INFO - Sync 1 DAGs
[2025-11-10T20:46:23.408+0000] {logging_mixin.py:188} INFO - [2025-11-10T20:46:23.408+0000] {dag.py:3834} INFO - Setting next_dagrun for example_sensors to None, run_after=None
[2025-11-10T20:46:23.430+0000] {processor.py:183} INFO - Processing /home/airflow/.local/lib/python3.8/site-packages/airflow/example_dags/example_sensors.py took 0.119 seconds
[2025-11-10T20:46:54.292+0000] {processor.py:161} INFO - Started process (PID=1258) to work on /home/airflow/.local/lib/python3.8/site-packages/airflow/example_dags/example_sensors.py
[2025-11-10T20:46:54.293+0000] {processor.py:830} INFO - Processing file /home/airflow/.local/lib/python3.8/site-packages/airflow/example_dags/example_sensors.py for tasks to queue
[2025-11-10T20:46:54.296+0000] {logging_mixin.py:188} INFO - [2025-11-10T20:46:54.295+0000] {dagbag.py:540} INFO - Filling up the DagBag from /home/airflow/.local/lib/python3.8/site-packages/airflow/example_dags/example_sensors.py
[2025-11-10T20:46:54.304+0000] {processor.py:840} INFO - DAG(s) 'example_sensors' retrieved from /home/airflow/.local/lib/python3.8/site-packages/airflow/example_dags/example_sensors.py
[2025-11-10T20:46:54.332+0000] {logging_mixin.py:188} INFO - [2025-11-10T20:46:54.331+0000] {dag.py:3047} INFO - Sync 1 DAGs
[2025-11-10T20:46:54.347+0000] {logging_mixin.py:188} INFO - [2025-11-10T20:46:54.347+0000] {dag.py:3834} INFO - Setting next_dagrun for example_sensors to None, run_after=None
[2025-11-10T20:46:54.366+0000] {processor.py:183} INFO - Processing /home/airflow/.local/lib/python3.8/site-packages/airflow/example_dags/example_sensors.py took 0.077 seconds
[2025-11-10T20:47:24.553+0000] {processor.py:161} INFO - Started process (PID=1313) to work on /home/airflow/.local/lib/python3.8/site-packages/airflow/example_dags/example_sensors.py
[2025-11-10T20:47:24.554+0000] {processor.py:830} INFO - Processing file /home/airflow/.local/lib/python3.8/site-packages/airflow/example_dags/example_sensors.py for tasks to queue
[2025-11-10T20:47:24.556+0000] {logging_mixin.py:188} INFO - [2025-11-10T20:47:24.556+0000] {dagbag.py:540} INFO - Filling up the DagBag from /home/airflow/.local/lib/python3.8/site-packages/airflow/example_dags/example_sensors.py
[2025-11-10T20:47:24.565+0000] {processor.py:840} INFO - DAG(s) 'example_sensors' retrieved from /home/airflow/.local/lib/python3.8/site-packages/airflow/example_dags/example_sensors.py
[2025-11-10T20:47:24.588+0000] {logging_mixin.py:188} INFO - [2025-11-10T20:47:24.588+0000] {dag.py:3047} INFO - Sync 1 DAGs
[2025-11-10T20:47:24.601+0000] {logging_mixin.py:188} INFO - [2025-11-10T20:47:24.600+0000] {dag.py:3834} INFO - Setting next_dagrun for example_sensors to None, run_after=None
[2025-11-10T20:47:24.619+0000] {processor.py:183} INFO - Processing /home/airflow/.local/lib/python3.8/site-packages/airflow/example_dags/example_sensors.py took 0.069 seconds
[2025-11-10T20:47:55.043+0000] {processor.py:161} INFO - Started process (PID=1368) to work on /home/airflow/.local/lib/python3.8/site-packages/airflow/example_dags/example_sensors.py
[2025-11-10T20:47:55.045+0000] {processor.py:830} INFO - Processing file /home/airflow/.local/lib/python3.8/site-packages/airflow/example_dags/example_sensors.py for tasks to queue
[2025-11-10T20:47:55.048+0000] {logging_mixin.py:188} INFO - [2025-11-10T20:47:55.047+0000] {dagbag.py:540} INFO - Filling up the DagBag from /home/airflow/.local/lib/python3.8/site-packages/airflow/example_dags/example_sensors.py
[2025-11-10T20:47:55.060+0000] {processor.py:840} INFO - DAG(s) 'example_sensors' retrieved from /home/airflow/.local/lib/python3.8/site-packages/airflow/example_dags/example_sensors.py
[2025-11-10T20:47:55.091+0000] {logging_mixin.py:188} INFO - [2025-11-10T20:47:55.091+0000] {dag.py:3047} INFO - Sync 1 DAGs
[2025-11-10T20:47:55.104+0000] {logging_mixin.py:188} INFO - [2025-11-10T20:47:55.104+0000] {dag.py:3834} INFO - Setting next_dagrun for example_sensors to None, run_after=None
[2025-11-10T20:47:55.125+0000] {processor.py:183} INFO - Processing /home/airflow/.local/lib/python3.8/site-packages/airflow/example_dags/example_sensors.py took 0.087 seconds
[2025-11-10T20:48:25.461+0000] {processor.py:161} INFO - Started process (PID=1423) to work on /home/airflow/.local/lib/python3.8/site-packages/airflow/example_dags/example_sensors.py
[2025-11-10T20:48:25.465+0000] {processor.py:830} INFO - Processing file /home/airflow/.local/lib/python3.8/site-packages/airflow/example_dags/example_sensors.py for tasks to queue
[2025-11-10T20:48:25.471+0000] {logging_mixin.py:188} INFO - [2025-11-10T20:48:25.470+0000] {dagbag.py:540} INFO - Filling up the DagBag from /home/airflow/.local/lib/python3.8/site-packages/airflow/example_dags/example_sensors.py
[2025-11-10T20:48:25.495+0000] {processor.py:840} INFO - DAG(s) 'example_sensors' retrieved from /home/airflow/.local/lib/python3.8/site-packages/airflow/example_dags/example_sensors.py
[2025-11-10T20:48:25.527+0000] {logging_mixin.py:188} INFO - [2025-11-10T20:48:25.527+0000] {dag.py:3047} INFO - Sync 1 DAGs
[2025-11-10T20:48:25.539+0000] {logging_mixin.py:188} INFO - [2025-11-10T20:48:25.539+0000] {dag.py:3834} INFO - Setting next_dagrun for example_sensors to None, run_after=None
[2025-11-10T20:48:25.560+0000] {processor.py:183} INFO - Processing /home/airflow/.local/lib/python3.8/site-packages/airflow/example_dags/example_sensors.py took 0.111 seconds
[2025-11-10T20:48:55.652+0000] {processor.py:161} INFO - Started process (PID=1478) to work on /home/airflow/.local/lib/python3.8/site-packages/airflow/example_dags/example_sensors.py
[2025-11-10T20:48:55.653+0000] {processor.py:830} INFO - Processing file /home/airflow/.local/lib/python3.8/site-packages/airflow/example_dags/example_sensors.py for tasks to queue
[2025-11-10T20:48:55.656+0000] {logging_mixin.py:188} INFO - [2025-11-10T20:48:55.655+0000] {dagbag.py:540} INFO - Filling up the DagBag from /home/airflow/.local/lib/python3.8/site-packages/airflow/example_dags/example_sensors.py
[2025-11-10T20:48:55.665+0000] {processor.py:840} INFO - DAG(s) 'example_sensors' retrieved from /home/airflow/.local/lib/python3.8/site-packages/airflow/example_dags/example_sensors.py
[2025-11-10T20:48:55.690+0000] {logging_mixin.py:188} INFO - [2025-11-10T20:48:55.689+0000] {dag.py:3047} INFO - Sync 1 DAGs
[2025-11-10T20:48:55.702+0000] {logging_mixin.py:188} INFO - [2025-11-10T20:48:55.702+0000] {dag.py:3834} INFO - Setting next_dagrun for example_sensors to None, run_after=None
[2025-11-10T20:48:55.724+0000] {processor.py:183} INFO - Processing /home/airflow/.local/lib/python3.8/site-packages/airflow/example_dags/example_sensors.py took 0.076 seconds
[2025-11-10T20:49:25.994+0000] {processor.py:161} INFO - Started process (PID=1534) to work on /home/airflow/.local/lib/python3.8/site-packages/airflow/example_dags/example_sensors.py
[2025-11-10T20:49:25.995+0000] {processor.py:830} INFO - Processing file /home/airflow/.local/lib/python3.8/site-packages/airflow/example_dags/example_sensors.py for tasks to queue
[2025-11-10T20:49:25.998+0000] {logging_mixin.py:188} INFO - [2025-11-10T20:49:25.997+0000] {dagbag.py:540} INFO - Filling up the DagBag from /home/airflow/.local/lib/python3.8/site-packages/airflow/example_dags/example_sensors.py
[2025-11-10T20:49:26.007+0000] {processor.py:840} INFO - DAG(s) 'example_sensors' retrieved from /home/airflow/.local/lib/python3.8/site-packages/airflow/example_dags/example_sensors.py
[2025-11-10T20:49:26.038+0000] {logging_mixin.py:188} INFO - [2025-11-10T20:49:26.038+0000] {dag.py:3047} INFO - Sync 1 DAGs
[2025-11-10T20:49:26.050+0000] {logging_mixin.py:188} INFO - [2025-11-10T20:49:26.050+0000] {dag.py:3834} INFO - Setting next_dagrun for example_sensors to None, run_after=None
[2025-11-10T20:49:26.070+0000] {processor.py:183} INFO - Processing /home/airflow/.local/lib/python3.8/site-packages/airflow/example_dags/example_sensors.py took 0.079 seconds
[2025-11-10T20:49:56.344+0000] {processor.py:161} INFO - Started process (PID=1589) to work on /home/airflow/.local/lib/python3.8/site-packages/airflow/example_dags/example_sensors.py
[2025-11-10T20:49:56.346+0000] {processor.py:830} INFO - Processing file /home/airflow/.local/lib/python3.8/site-packages/airflow/example_dags/example_sensors.py for tasks to queue
[2025-11-10T20:49:56.348+0000] {logging_mixin.py:188} INFO - [2025-11-10T20:49:56.347+0000] {dagbag.py:540} INFO - Filling up the DagBag from /home/airflow/.local/lib/python3.8/site-packages/airflow/example_dags/example_sensors.py
[2025-11-10T20:49:56.357+0000] {processor.py:840} INFO - DAG(s) 'example_sensors' retrieved from /home/airflow/.local/lib/python3.8/site-packages/airflow/example_dags/example_sensors.py
[2025-11-10T20:49:56.384+0000] {logging_mixin.py:188} INFO - [2025-11-10T20:49:56.384+0000] {dag.py:3047} INFO - Sync 1 DAGs
[2025-11-10T20:49:56.396+0000] {logging_mixin.py:188} INFO - [2025-11-10T20:49:56.396+0000] {dag.py:3834} INFO - Setting next_dagrun for example_sensors to None, run_after=None
[2025-11-10T20:49:56.415+0000] {processor.py:183} INFO - Processing /home/airflow/.local/lib/python3.8/site-packages/airflow/example_dags/example_sensors.py took 0.075 seconds
[2025-11-10T20:50:27.075+0000] {processor.py:161} INFO - Started process (PID=1644) to work on /home/airflow/.local/lib/python3.8/site-packages/airflow/example_dags/example_sensors.py
[2025-11-10T20:50:27.076+0000] {processor.py:830} INFO - Processing file /home/airflow/.local/lib/python3.8/site-packages/airflow/example_dags/example_sensors.py for tasks to queue
[2025-11-10T20:50:27.079+0000] {logging_mixin.py:188} INFO - [2025-11-10T20:50:27.078+0000] {dagbag.py:540} INFO - Filling up the DagBag from /home/airflow/.local/lib/python3.8/site-packages/airflow/example_dags/example_sensors.py
[2025-11-10T20:50:27.088+0000] {processor.py:840} INFO - DAG(s) 'example_sensors' retrieved from /home/airflow/.local/lib/python3.8/site-packages/airflow/example_dags/example_sensors.py
[2025-11-10T20:50:27.110+0000] {logging_mixin.py:188} INFO - [2025-11-10T20:50:27.110+0000] {dag.py:3047} INFO - Sync 1 DAGs
[2025-11-10T20:50:27.121+0000] {logging_mixin.py:188} INFO - [2025-11-10T20:50:27.120+0000] {dag.py:3834} INFO - Setting next_dagrun for example_sensors to None, run_after=None
[2025-11-10T20:50:27.139+0000] {processor.py:183} INFO - Processing /home/airflow/.local/lib/python3.8/site-packages/airflow/example_dags/example_sensors.py took 0.068 seconds
[2025-11-10T20:50:58.310+0000] {processor.py:161} INFO - Started process (PID=1699) to work on /home/airflow/.local/lib/python3.8/site-packages/airflow/example_dags/example_sensors.py
[2025-11-10T20:50:58.312+0000] {processor.py:830} INFO - Processing file /home/airflow/.local/lib/python3.8/site-packages/airflow/example_dags/example_sensors.py for tasks to queue
[2025-11-10T20:50:58.314+0000] {logging_mixin.py:188} INFO - [2025-11-10T20:50:58.314+0000] {dagbag.py:540} INFO - Filling up the DagBag from /home/airflow/.local/lib/python3.8/site-packages/airflow/example_dags/example_sensors.py
[2025-11-10T20:50:58.324+0000] {processor.py:840} INFO - DAG(s) 'example_sensors' retrieved from /home/airflow/.local/lib/python3.8/site-packages/airflow/example_dags/example_sensors.py
[2025-11-10T20:50:58.411+0000] {logging_mixin.py:188} INFO - [2025-11-10T20:50:58.410+0000] {dag.py:3047} INFO - Sync 1 DAGs
[2025-11-10T20:50:58.434+0000] {logging_mixin.py:188} INFO - [2025-11-10T20:50:58.434+0000] {dag.py:3834} INFO - Setting next_dagrun for example_sensors to None, run_after=None
[2025-11-10T20:50:58.463+0000] {processor.py:183} INFO - Processing /home/airflow/.local/lib/python3.8/site-packages/airflow/example_dags/example_sensors.py took 0.160 seconds
[2025-11-10T20:51:29.282+0000] {processor.py:161} INFO - Started process (PID=1754) to work on /home/airflow/.local/lib/python3.8/site-packages/airflow/example_dags/example_sensors.py
[2025-11-10T20:51:29.285+0000] {processor.py:830} INFO - Processing file /home/airflow/.local/lib/python3.8/site-packages/airflow/example_dags/example_sensors.py for tasks to queue
[2025-11-10T20:51:29.287+0000] {logging_mixin.py:188} INFO - [2025-11-10T20:51:29.287+0000] {dagbag.py:540} INFO - Filling up the DagBag from /home/airflow/.local/lib/python3.8/site-packages/airflow/example_dags/example_sensors.py
[2025-11-10T20:51:29.297+0000] {processor.py:840} INFO - DAG(s) 'example_sensors' retrieved from /home/airflow/.local/lib/python3.8/site-packages/airflow/example_dags/example_sensors.py
[2025-11-10T20:51:29.321+0000] {logging_mixin.py:188} INFO - [2025-11-10T20:51:29.320+0000] {dag.py:3047} INFO - Sync 1 DAGs
[2025-11-10T20:51:29.335+0000] {logging_mixin.py:188} INFO - [2025-11-10T20:51:29.335+0000] {dag.py:3834} INFO - Setting next_dagrun for example_sensors to None, run_after=None
[2025-11-10T20:51:29.358+0000] {processor.py:183} INFO - Processing /home/airflow/.local/lib/python3.8/site-packages/airflow/example_dags/example_sensors.py took 0.079 seconds
[2025-11-10T20:51:59.584+0000] {processor.py:161} INFO - Started process (PID=1809) to work on /home/airflow/.local/lib/python3.8/site-packages/airflow/example_dags/example_sensors.py
[2025-11-10T20:51:59.587+0000] {processor.py:830} INFO - Processing file /home/airflow/.local/lib/python3.8/site-packages/airflow/example_dags/example_sensors.py for tasks to queue
[2025-11-10T20:51:59.595+0000] {logging_mixin.py:188} INFO - [2025-11-10T20:51:59.594+0000] {dagbag.py:540} INFO - Filling up the DagBag from /home/airflow/.local/lib/python3.8/site-packages/airflow/example_dags/example_sensors.py
[2025-11-10T20:51:59.622+0000] {processor.py:840} INFO - DAG(s) 'example_sensors' retrieved from /home/airflow/.local/lib/python3.8/site-packages/airflow/example_dags/example_sensors.py
[2025-11-10T20:51:59.656+0000] {logging_mixin.py:188} INFO - [2025-11-10T20:51:59.655+0000] {dag.py:3047} INFO - Sync 1 DAGs
[2025-11-10T20:51:59.669+0000] {logging_mixin.py:188} INFO - [2025-11-10T20:51:59.669+0000] {dag.py:3834} INFO - Setting next_dagrun for example_sensors to None, run_after=None
[2025-11-10T20:51:59.692+0000] {processor.py:183} INFO - Processing /home/airflow/.local/lib/python3.8/site-packages/airflow/example_dags/example_sensors.py took 0.120 seconds
[2025-11-10T20:52:29.915+0000] {processor.py:161} INFO - Started process (PID=1864) to work on /home/airflow/.local/lib/python3.8/site-packages/airflow/example_dags/example_sensors.py
[2025-11-10T20:52:29.917+0000] {processor.py:830} INFO - Processing file /home/airflow/.local/lib/python3.8/site-packages/airflow/example_dags/example_sensors.py for tasks to queue
[2025-11-10T20:52:29.921+0000] {logging_mixin.py:188} INFO - [2025-11-10T20:52:29.920+0000] {dagbag.py:540} INFO - Filling up the DagBag from /home/airflow/.local/lib/python3.8/site-packages/airflow/example_dags/example_sensors.py
[2025-11-10T20:52:29.938+0000] {processor.py:840} INFO - DAG(s) 'example_sensors' retrieved from /home/airflow/.local/lib/python3.8/site-packages/airflow/example_dags/example_sensors.py
[2025-11-10T20:52:29.964+0000] {logging_mixin.py:188} INFO - [2025-11-10T20:52:29.963+0000] {dag.py:3047} INFO - Sync 1 DAGs
[2025-11-10T20:52:29.975+0000] {logging_mixin.py:188} INFO - [2025-11-10T20:52:29.975+0000] {dag.py:3834} INFO - Setting next_dagrun for example_sensors to None, run_after=None
[2025-11-10T20:52:29.994+0000] {processor.py:183} INFO - Processing /home/airflow/.local/lib/python3.8/site-packages/airflow/example_dags/example_sensors.py took 0.086 seconds
[2025-11-10T20:53:00.114+0000] {processor.py:161} INFO - Started process (PID=1919) to work on /home/airflow/.local/lib/python3.8/site-packages/airflow/example_dags/example_sensors.py
[2025-11-10T20:53:00.116+0000] {processor.py:830} INFO - Processing file /home/airflow/.local/lib/python3.8/site-packages/airflow/example_dags/example_sensors.py for tasks to queue
[2025-11-10T20:53:00.120+0000] {logging_mixin.py:188} INFO - [2025-11-10T20:53:00.119+0000] {dagbag.py:540} INFO - Filling up the DagBag from /home/airflow/.local/lib/python3.8/site-packages/airflow/example_dags/example_sensors.py
[2025-11-10T20:53:00.133+0000] {processor.py:840} INFO - DAG(s) 'example_sensors' retrieved from /home/airflow/.local/lib/python3.8/site-packages/airflow/example_dags/example_sensors.py
[2025-11-10T20:53:00.160+0000] {logging_mixin.py:188} INFO - [2025-11-10T20:53:00.159+0000] {dag.py:3047} INFO - Sync 1 DAGs
[2025-11-10T20:53:00.172+0000] {logging_mixin.py:188} INFO - [2025-11-10T20:53:00.171+0000] {dag.py:3834} INFO - Setting next_dagrun for example_sensors to None, run_after=None
[2025-11-10T20:53:00.195+0000] {processor.py:183} INFO - Processing /home/airflow/.local/lib/python3.8/site-packages/airflow/example_dags/example_sensors.py took 0.092 seconds
