[2025-11-10T20:36:12.931+0000] {processor.py:161} INFO - Started process (PID=101) to work on /home/airflow/.local/lib/python3.8/site-packages/airflow/example_dags/example_external_task_marker_dag.py
[2025-11-10T20:36:12.933+0000] {processor.py:830} INFO - Processing file /home/airflow/.local/lib/python3.8/site-packages/airflow/example_dags/example_external_task_marker_dag.py for tasks to queue
[2025-11-10T20:36:12.935+0000] {logging_mixin.py:188} INFO - [2025-11-10T20:36:12.935+0000] {dagbag.py:540} INFO - Filling up the DagBag from /home/airflow/.local/lib/python3.8/site-packages/airflow/example_dags/example_external_task_marker_dag.py
[2025-11-10T20:36:12.943+0000] {processor.py:840} INFO - DAG(s) 'example_external_task_marker_child', 'example_external_task_marker_parent' retrieved from /home/airflow/.local/lib/python3.8/site-packages/airflow/example_dags/example_external_task_marker_dag.py
[2025-11-10T20:36:13.047+0000] {logging_mixin.py:188} INFO - [2025-11-10T20:36:13.046+0000] {override.py:1769} INFO - Created Permission View: can read on DAG:example_external_task_marker_child
[2025-11-10T20:36:13.061+0000] {logging_mixin.py:188} INFO - [2025-11-10T20:36:13.060+0000] {override.py:1769} INFO - Created Permission View: can edit on DAG:example_external_task_marker_child
[2025-11-10T20:36:13.069+0000] {logging_mixin.py:188} INFO - [2025-11-10T20:36:13.069+0000] {override.py:1769} INFO - Created Permission View: can delete on DAG:example_external_task_marker_child
[2025-11-10T20:36:13.088+0000] {logging_mixin.py:188} INFO - [2025-11-10T20:36:13.087+0000] {override.py:1769} INFO - Created Permission View: can read on DAG:example_external_task_marker_parent
[2025-11-10T20:36:13.098+0000] {logging_mixin.py:188} INFO - [2025-11-10T20:36:13.098+0000] {override.py:1769} INFO - Created Permission View: can edit on DAG:example_external_task_marker_parent
[2025-11-10T20:36:13.108+0000] {logging_mixin.py:188} INFO - [2025-11-10T20:36:13.107+0000] {override.py:1769} INFO - Created Permission View: can delete on DAG:example_external_task_marker_parent
[2025-11-10T20:36:13.109+0000] {logging_mixin.py:188} INFO - [2025-11-10T20:36:13.108+0000] {dag.py:3047} INFO - Sync 2 DAGs
[2025-11-10T20:36:13.120+0000] {logging_mixin.py:188} INFO - [2025-11-10T20:36:13.119+0000] {dag.py:3069} INFO - Creating ORM DAG for example_external_task_marker_child
[2025-11-10T20:36:13.121+0000] {logging_mixin.py:188} INFO - [2025-11-10T20:36:13.121+0000] {dag.py:3069} INFO - Creating ORM DAG for example_external_task_marker_parent
[2025-11-10T20:36:13.122+0000] {logging_mixin.py:188} INFO - [2025-11-10T20:36:13.122+0000] {dag.py:3834} INFO - Setting next_dagrun for example_external_task_marker_child to None, run_after=None
[2025-11-10T20:36:13.123+0000] {logging_mixin.py:188} INFO - [2025-11-10T20:36:13.123+0000] {dag.py:3834} INFO - Setting next_dagrun for example_external_task_marker_parent to None, run_after=None
[2025-11-10T20:36:13.143+0000] {processor.py:183} INFO - Processing /home/airflow/.local/lib/python3.8/site-packages/airflow/example_dags/example_external_task_marker_dag.py took 0.215 seconds
[2025-11-10T20:36:43.320+0000] {processor.py:161} INFO - Started process (PID=156) to work on /home/airflow/.local/lib/python3.8/site-packages/airflow/example_dags/example_external_task_marker_dag.py
[2025-11-10T20:36:43.322+0000] {processor.py:830} INFO - Processing file /home/airflow/.local/lib/python3.8/site-packages/airflow/example_dags/example_external_task_marker_dag.py for tasks to queue
[2025-11-10T20:36:43.324+0000] {logging_mixin.py:188} INFO - [2025-11-10T20:36:43.323+0000] {dagbag.py:540} INFO - Filling up the DagBag from /home/airflow/.local/lib/python3.8/site-packages/airflow/example_dags/example_external_task_marker_dag.py
[2025-11-10T20:36:43.329+0000] {processor.py:840} INFO - DAG(s) 'example_external_task_marker_child', 'example_external_task_marker_parent' retrieved from /home/airflow/.local/lib/python3.8/site-packages/airflow/example_dags/example_external_task_marker_dag.py
[2025-11-10T20:36:43.357+0000] {logging_mixin.py:188} INFO - [2025-11-10T20:36:43.357+0000] {dag.py:3047} INFO - Sync 2 DAGs
[2025-11-10T20:36:43.372+0000] {logging_mixin.py:188} INFO - [2025-11-10T20:36:43.372+0000] {dag.py:3834} INFO - Setting next_dagrun for example_external_task_marker_child to None, run_after=None
[2025-11-10T20:36:43.377+0000] {logging_mixin.py:188} INFO - [2025-11-10T20:36:43.376+0000] {dag.py:3834} INFO - Setting next_dagrun for example_external_task_marker_parent to None, run_after=None
[2025-11-10T20:36:43.399+0000] {processor.py:183} INFO - Processing /home/airflow/.local/lib/python3.8/site-packages/airflow/example_dags/example_external_task_marker_dag.py took 0.081 seconds
[2025-11-10T20:37:14.029+0000] {processor.py:161} INFO - Started process (PID=211) to work on /home/airflow/.local/lib/python3.8/site-packages/airflow/example_dags/example_external_task_marker_dag.py
[2025-11-10T20:37:14.030+0000] {processor.py:830} INFO - Processing file /home/airflow/.local/lib/python3.8/site-packages/airflow/example_dags/example_external_task_marker_dag.py for tasks to queue
[2025-11-10T20:37:14.033+0000] {logging_mixin.py:188} INFO - [2025-11-10T20:37:14.032+0000] {dagbag.py:540} INFO - Filling up the DagBag from /home/airflow/.local/lib/python3.8/site-packages/airflow/example_dags/example_external_task_marker_dag.py
[2025-11-10T20:37:14.040+0000] {processor.py:840} INFO - DAG(s) 'example_external_task_marker_child', 'example_external_task_marker_parent' retrieved from /home/airflow/.local/lib/python3.8/site-packages/airflow/example_dags/example_external_task_marker_dag.py
[2025-11-10T20:37:14.071+0000] {logging_mixin.py:188} INFO - [2025-11-10T20:37:14.070+0000] {dag.py:3047} INFO - Sync 2 DAGs
[2025-11-10T20:37:14.084+0000] {logging_mixin.py:188} INFO - [2025-11-10T20:37:14.084+0000] {dag.py:3834} INFO - Setting next_dagrun for example_external_task_marker_child to None, run_after=None
[2025-11-10T20:37:14.089+0000] {logging_mixin.py:188} INFO - [2025-11-10T20:37:14.089+0000] {dag.py:3834} INFO - Setting next_dagrun for example_external_task_marker_parent to None, run_after=None
[2025-11-10T20:37:14.108+0000] {processor.py:183} INFO - Processing /home/airflow/.local/lib/python3.8/site-packages/airflow/example_dags/example_external_task_marker_dag.py took 0.084 seconds
[2025-11-10T20:37:44.397+0000] {processor.py:161} INFO - Started process (PID=266) to work on /home/airflow/.local/lib/python3.8/site-packages/airflow/example_dags/example_external_task_marker_dag.py
[2025-11-10T20:37:44.399+0000] {processor.py:830} INFO - Processing file /home/airflow/.local/lib/python3.8/site-packages/airflow/example_dags/example_external_task_marker_dag.py for tasks to queue
[2025-11-10T20:37:44.402+0000] {logging_mixin.py:188} INFO - [2025-11-10T20:37:44.402+0000] {dagbag.py:540} INFO - Filling up the DagBag from /home/airflow/.local/lib/python3.8/site-packages/airflow/example_dags/example_external_task_marker_dag.py
[2025-11-10T20:37:44.414+0000] {processor.py:840} INFO - DAG(s) 'example_external_task_marker_parent', 'example_external_task_marker_child' retrieved from /home/airflow/.local/lib/python3.8/site-packages/airflow/example_dags/example_external_task_marker_dag.py
[2025-11-10T20:37:44.448+0000] {logging_mixin.py:188} INFO - [2025-11-10T20:37:44.448+0000] {dag.py:3047} INFO - Sync 2 DAGs
[2025-11-10T20:37:44.470+0000] {logging_mixin.py:188} INFO - [2025-11-10T20:37:44.469+0000] {dag.py:3834} INFO - Setting next_dagrun for example_external_task_marker_child to None, run_after=None
[2025-11-10T20:37:44.478+0000] {logging_mixin.py:188} INFO - [2025-11-10T20:37:44.477+0000] {dag.py:3834} INFO - Setting next_dagrun for example_external_task_marker_parent to None, run_after=None
[2025-11-10T20:37:44.516+0000] {processor.py:183} INFO - Processing /home/airflow/.local/lib/python3.8/site-packages/airflow/example_dags/example_external_task_marker_dag.py took 0.123 seconds
[2025-11-10T20:38:14.716+0000] {processor.py:161} INFO - Started process (PID=321) to work on /home/airflow/.local/lib/python3.8/site-packages/airflow/example_dags/example_external_task_marker_dag.py
[2025-11-10T20:38:14.717+0000] {processor.py:830} INFO - Processing file /home/airflow/.local/lib/python3.8/site-packages/airflow/example_dags/example_external_task_marker_dag.py for tasks to queue
[2025-11-10T20:38:14.719+0000] {logging_mixin.py:188} INFO - [2025-11-10T20:38:14.719+0000] {dagbag.py:540} INFO - Filling up the DagBag from /home/airflow/.local/lib/python3.8/site-packages/airflow/example_dags/example_external_task_marker_dag.py
[2025-11-10T20:38:14.726+0000] {processor.py:840} INFO - DAG(s) 'example_external_task_marker_child', 'example_external_task_marker_parent' retrieved from /home/airflow/.local/lib/python3.8/site-packages/airflow/example_dags/example_external_task_marker_dag.py
[2025-11-10T20:38:14.751+0000] {logging_mixin.py:188} INFO - [2025-11-10T20:38:14.751+0000] {dag.py:3047} INFO - Sync 2 DAGs
[2025-11-10T20:38:14.763+0000] {logging_mixin.py:188} INFO - [2025-11-10T20:38:14.763+0000] {dag.py:3834} INFO - Setting next_dagrun for example_external_task_marker_child to None, run_after=None
[2025-11-10T20:38:14.768+0000] {logging_mixin.py:188} INFO - [2025-11-10T20:38:14.767+0000] {dag.py:3834} INFO - Setting next_dagrun for example_external_task_marker_parent to None, run_after=None
[2025-11-10T20:38:14.786+0000] {processor.py:183} INFO - Processing /home/airflow/.local/lib/python3.8/site-packages/airflow/example_dags/example_external_task_marker_dag.py took 0.073 seconds
[2025-11-10T20:38:45.047+0000] {processor.py:161} INFO - Started process (PID=376) to work on /home/airflow/.local/lib/python3.8/site-packages/airflow/example_dags/example_external_task_marker_dag.py
[2025-11-10T20:38:45.049+0000] {processor.py:830} INFO - Processing file /home/airflow/.local/lib/python3.8/site-packages/airflow/example_dags/example_external_task_marker_dag.py for tasks to queue
[2025-11-10T20:38:45.051+0000] {logging_mixin.py:188} INFO - [2025-11-10T20:38:45.051+0000] {dagbag.py:540} INFO - Filling up the DagBag from /home/airflow/.local/lib/python3.8/site-packages/airflow/example_dags/example_external_task_marker_dag.py
[2025-11-10T20:38:45.060+0000] {processor.py:840} INFO - DAG(s) 'example_external_task_marker_child', 'example_external_task_marker_parent' retrieved from /home/airflow/.local/lib/python3.8/site-packages/airflow/example_dags/example_external_task_marker_dag.py
[2025-11-10T20:38:45.084+0000] {logging_mixin.py:188} INFO - [2025-11-10T20:38:45.084+0000] {dag.py:3047} INFO - Sync 2 DAGs
[2025-11-10T20:38:45.098+0000] {logging_mixin.py:188} INFO - [2025-11-10T20:38:45.097+0000] {dag.py:3834} INFO - Setting next_dagrun for example_external_task_marker_child to None, run_after=None
[2025-11-10T20:38:45.102+0000] {logging_mixin.py:188} INFO - [2025-11-10T20:38:45.102+0000] {dag.py:3834} INFO - Setting next_dagrun for example_external_task_marker_parent to None, run_after=None
[2025-11-10T20:38:45.119+0000] {processor.py:183} INFO - Processing /home/airflow/.local/lib/python3.8/site-packages/airflow/example_dags/example_external_task_marker_dag.py took 0.075 seconds
[2025-11-10T20:39:15.294+0000] {processor.py:161} INFO - Started process (PID=431) to work on /home/airflow/.local/lib/python3.8/site-packages/airflow/example_dags/example_external_task_marker_dag.py
[2025-11-10T20:39:15.296+0000] {processor.py:830} INFO - Processing file /home/airflow/.local/lib/python3.8/site-packages/airflow/example_dags/example_external_task_marker_dag.py for tasks to queue
[2025-11-10T20:39:15.298+0000] {logging_mixin.py:188} INFO - [2025-11-10T20:39:15.298+0000] {dagbag.py:540} INFO - Filling up the DagBag from /home/airflow/.local/lib/python3.8/site-packages/airflow/example_dags/example_external_task_marker_dag.py
[2025-11-10T20:39:15.304+0000] {processor.py:840} INFO - DAG(s) 'example_external_task_marker_parent', 'example_external_task_marker_child' retrieved from /home/airflow/.local/lib/python3.8/site-packages/airflow/example_dags/example_external_task_marker_dag.py
[2025-11-10T20:39:15.328+0000] {logging_mixin.py:188} INFO - [2025-11-10T20:39:15.327+0000] {dag.py:3047} INFO - Sync 2 DAGs
[2025-11-10T20:39:15.340+0000] {logging_mixin.py:188} INFO - [2025-11-10T20:39:15.340+0000] {dag.py:3834} INFO - Setting next_dagrun for example_external_task_marker_child to None, run_after=None
[2025-11-10T20:39:15.344+0000] {logging_mixin.py:188} INFO - [2025-11-10T20:39:15.344+0000] {dag.py:3834} INFO - Setting next_dagrun for example_external_task_marker_parent to None, run_after=None
[2025-11-10T20:39:15.361+0000] {processor.py:183} INFO - Processing /home/airflow/.local/lib/python3.8/site-packages/airflow/example_dags/example_external_task_marker_dag.py took 0.070 seconds
[2025-11-10T20:39:46.361+0000] {processor.py:161} INFO - Started process (PID=486) to work on /home/airflow/.local/lib/python3.8/site-packages/airflow/example_dags/example_external_task_marker_dag.py
[2025-11-10T20:39:46.365+0000] {processor.py:830} INFO - Processing file /home/airflow/.local/lib/python3.8/site-packages/airflow/example_dags/example_external_task_marker_dag.py for tasks to queue
[2025-11-10T20:39:46.371+0000] {logging_mixin.py:188} INFO - [2025-11-10T20:39:46.370+0000] {dagbag.py:540} INFO - Filling up the DagBag from /home/airflow/.local/lib/python3.8/site-packages/airflow/example_dags/example_external_task_marker_dag.py
[2025-11-10T20:39:46.384+0000] {processor.py:840} INFO - DAG(s) 'example_external_task_marker_parent', 'example_external_task_marker_child' retrieved from /home/airflow/.local/lib/python3.8/site-packages/airflow/example_dags/example_external_task_marker_dag.py
[2025-11-10T20:39:46.425+0000] {logging_mixin.py:188} INFO - [2025-11-10T20:39:46.425+0000] {dag.py:3047} INFO - Sync 2 DAGs
[2025-11-10T20:39:46.443+0000] {logging_mixin.py:188} INFO - [2025-11-10T20:39:46.443+0000] {dag.py:3834} INFO - Setting next_dagrun for example_external_task_marker_child to None, run_after=None
[2025-11-10T20:39:46.448+0000] {logging_mixin.py:188} INFO - [2025-11-10T20:39:46.448+0000] {dag.py:3834} INFO - Setting next_dagrun for example_external_task_marker_parent to None, run_after=None
[2025-11-10T20:39:46.467+0000] {processor.py:183} INFO - Processing /home/airflow/.local/lib/python3.8/site-packages/airflow/example_dags/example_external_task_marker_dag.py took 0.114 seconds
[2025-11-10T20:40:16.870+0000] {processor.py:161} INFO - Started process (PID=541) to work on /home/airflow/.local/lib/python3.8/site-packages/airflow/example_dags/example_external_task_marker_dag.py
[2025-11-10T20:40:16.872+0000] {processor.py:830} INFO - Processing file /home/airflow/.local/lib/python3.8/site-packages/airflow/example_dags/example_external_task_marker_dag.py for tasks to queue
[2025-11-10T20:40:16.875+0000] {logging_mixin.py:188} INFO - [2025-11-10T20:40:16.874+0000] {dagbag.py:540} INFO - Filling up the DagBag from /home/airflow/.local/lib/python3.8/site-packages/airflow/example_dags/example_external_task_marker_dag.py
[2025-11-10T20:40:16.882+0000] {processor.py:840} INFO - DAG(s) 'example_external_task_marker_child', 'example_external_task_marker_parent' retrieved from /home/airflow/.local/lib/python3.8/site-packages/airflow/example_dags/example_external_task_marker_dag.py
[2025-11-10T20:40:16.903+0000] {logging_mixin.py:188} INFO - [2025-11-10T20:40:16.903+0000] {dag.py:3047} INFO - Sync 2 DAGs
[2025-11-10T20:40:16.916+0000] {logging_mixin.py:188} INFO - [2025-11-10T20:40:16.915+0000] {dag.py:3834} INFO - Setting next_dagrun for example_external_task_marker_child to None, run_after=None
[2025-11-10T20:40:16.920+0000] {logging_mixin.py:188} INFO - [2025-11-10T20:40:16.920+0000] {dag.py:3834} INFO - Setting next_dagrun for example_external_task_marker_parent to None, run_after=None
[2025-11-10T20:40:16.937+0000] {processor.py:183} INFO - Processing /home/airflow/.local/lib/python3.8/site-packages/airflow/example_dags/example_external_task_marker_dag.py took 0.071 seconds
[2025-11-10T20:40:47.269+0000] {processor.py:161} INFO - Started process (PID=596) to work on /home/airflow/.local/lib/python3.8/site-packages/airflow/example_dags/example_external_task_marker_dag.py
[2025-11-10T20:40:47.271+0000] {processor.py:830} INFO - Processing file /home/airflow/.local/lib/python3.8/site-packages/airflow/example_dags/example_external_task_marker_dag.py for tasks to queue
[2025-11-10T20:40:47.274+0000] {logging_mixin.py:188} INFO - [2025-11-10T20:40:47.273+0000] {dagbag.py:540} INFO - Filling up the DagBag from /home/airflow/.local/lib/python3.8/site-packages/airflow/example_dags/example_external_task_marker_dag.py
[2025-11-10T20:40:47.284+0000] {processor.py:840} INFO - DAG(s) 'example_external_task_marker_parent', 'example_external_task_marker_child' retrieved from /home/airflow/.local/lib/python3.8/site-packages/airflow/example_dags/example_external_task_marker_dag.py
[2025-11-10T20:40:47.321+0000] {logging_mixin.py:188} INFO - [2025-11-10T20:40:47.320+0000] {dag.py:3047} INFO - Sync 2 DAGs
[2025-11-10T20:40:47.333+0000] {logging_mixin.py:188} INFO - [2025-11-10T20:40:47.333+0000] {dag.py:3834} INFO - Setting next_dagrun for example_external_task_marker_child to None, run_after=None
[2025-11-10T20:40:47.337+0000] {logging_mixin.py:188} INFO - [2025-11-10T20:40:47.337+0000] {dag.py:3834} INFO - Setting next_dagrun for example_external_task_marker_parent to None, run_after=None
[2025-11-10T20:40:47.356+0000] {processor.py:183} INFO - Processing /home/airflow/.local/lib/python3.8/site-packages/airflow/example_dags/example_external_task_marker_dag.py took 0.090 seconds
[2025-11-10T20:41:17.684+0000] {processor.py:161} INFO - Started process (PID=651) to work on /home/airflow/.local/lib/python3.8/site-packages/airflow/example_dags/example_external_task_marker_dag.py
[2025-11-10T20:41:17.686+0000] {processor.py:830} INFO - Processing file /home/airflow/.local/lib/python3.8/site-packages/airflow/example_dags/example_external_task_marker_dag.py for tasks to queue
[2025-11-10T20:41:17.688+0000] {logging_mixin.py:188} INFO - [2025-11-10T20:41:17.688+0000] {dagbag.py:540} INFO - Filling up the DagBag from /home/airflow/.local/lib/python3.8/site-packages/airflow/example_dags/example_external_task_marker_dag.py
[2025-11-10T20:41:17.695+0000] {processor.py:840} INFO - DAG(s) 'example_external_task_marker_parent', 'example_external_task_marker_child' retrieved from /home/airflow/.local/lib/python3.8/site-packages/airflow/example_dags/example_external_task_marker_dag.py
[2025-11-10T20:41:17.725+0000] {logging_mixin.py:188} INFO - [2025-11-10T20:41:17.725+0000] {dag.py:3047} INFO - Sync 2 DAGs
[2025-11-10T20:41:17.738+0000] {logging_mixin.py:188} INFO - [2025-11-10T20:41:17.738+0000] {dag.py:3834} INFO - Setting next_dagrun for example_external_task_marker_child to None, run_after=None
[2025-11-10T20:41:17.743+0000] {logging_mixin.py:188} INFO - [2025-11-10T20:41:17.743+0000] {dag.py:3834} INFO - Setting next_dagrun for example_external_task_marker_parent to None, run_after=None
[2025-11-10T20:41:17.763+0000] {processor.py:183} INFO - Processing /home/airflow/.local/lib/python3.8/site-packages/airflow/example_dags/example_external_task_marker_dag.py took 0.082 seconds
[2025-11-10T20:41:48.334+0000] {processor.py:161} INFO - Started process (PID=706) to work on /home/airflow/.local/lib/python3.8/site-packages/airflow/example_dags/example_external_task_marker_dag.py
[2025-11-10T20:41:48.336+0000] {processor.py:830} INFO - Processing file /home/airflow/.local/lib/python3.8/site-packages/airflow/example_dags/example_external_task_marker_dag.py for tasks to queue
[2025-11-10T20:41:48.339+0000] {logging_mixin.py:188} INFO - [2025-11-10T20:41:48.338+0000] {dagbag.py:540} INFO - Filling up the DagBag from /home/airflow/.local/lib/python3.8/site-packages/airflow/example_dags/example_external_task_marker_dag.py
[2025-11-10T20:41:48.345+0000] {processor.py:840} INFO - DAG(s) 'example_external_task_marker_child', 'example_external_task_marker_parent' retrieved from /home/airflow/.local/lib/python3.8/site-packages/airflow/example_dags/example_external_task_marker_dag.py
[2025-11-10T20:41:48.370+0000] {logging_mixin.py:188} INFO - [2025-11-10T20:41:48.369+0000] {dag.py:3047} INFO - Sync 2 DAGs
[2025-11-10T20:41:48.383+0000] {logging_mixin.py:188} INFO - [2025-11-10T20:41:48.382+0000] {dag.py:3834} INFO - Setting next_dagrun for example_external_task_marker_child to None, run_after=None
[2025-11-10T20:41:48.388+0000] {logging_mixin.py:188} INFO - [2025-11-10T20:41:48.387+0000] {dag.py:3834} INFO - Setting next_dagrun for example_external_task_marker_parent to None, run_after=None
[2025-11-10T20:41:48.405+0000] {processor.py:183} INFO - Processing /home/airflow/.local/lib/python3.8/site-packages/airflow/example_dags/example_external_task_marker_dag.py took 0.073 seconds
[2025-11-10T20:42:19.120+0000] {processor.py:161} INFO - Started process (PID=761) to work on /home/airflow/.local/lib/python3.8/site-packages/airflow/example_dags/example_external_task_marker_dag.py
[2025-11-10T20:42:19.121+0000] {processor.py:830} INFO - Processing file /home/airflow/.local/lib/python3.8/site-packages/airflow/example_dags/example_external_task_marker_dag.py for tasks to queue
[2025-11-10T20:42:19.123+0000] {logging_mixin.py:188} INFO - [2025-11-10T20:42:19.123+0000] {dagbag.py:540} INFO - Filling up the DagBag from /home/airflow/.local/lib/python3.8/site-packages/airflow/example_dags/example_external_task_marker_dag.py
[2025-11-10T20:42:19.132+0000] {processor.py:840} INFO - DAG(s) 'example_external_task_marker_child', 'example_external_task_marker_parent' retrieved from /home/airflow/.local/lib/python3.8/site-packages/airflow/example_dags/example_external_task_marker_dag.py
[2025-11-10T20:42:19.156+0000] {logging_mixin.py:188} INFO - [2025-11-10T20:42:19.156+0000] {dag.py:3047} INFO - Sync 2 DAGs
[2025-11-10T20:42:19.168+0000] {logging_mixin.py:188} INFO - [2025-11-10T20:42:19.167+0000] {dag.py:3834} INFO - Setting next_dagrun for example_external_task_marker_child to None, run_after=None
[2025-11-10T20:42:19.171+0000] {logging_mixin.py:188} INFO - [2025-11-10T20:42:19.171+0000] {dag.py:3834} INFO - Setting next_dagrun for example_external_task_marker_parent to None, run_after=None
[2025-11-10T20:42:19.188+0000] {processor.py:183} INFO - Processing /home/airflow/.local/lib/python3.8/site-packages/airflow/example_dags/example_external_task_marker_dag.py took 0.072 seconds
[2025-11-10T20:42:49.555+0000] {processor.py:161} INFO - Started process (PID=816) to work on /home/airflow/.local/lib/python3.8/site-packages/airflow/example_dags/example_external_task_marker_dag.py
[2025-11-10T20:42:49.557+0000] {processor.py:830} INFO - Processing file /home/airflow/.local/lib/python3.8/site-packages/airflow/example_dags/example_external_task_marker_dag.py for tasks to queue
[2025-11-10T20:42:49.563+0000] {logging_mixin.py:188} INFO - [2025-11-10T20:42:49.561+0000] {dagbag.py:540} INFO - Filling up the DagBag from /home/airflow/.local/lib/python3.8/site-packages/airflow/example_dags/example_external_task_marker_dag.py
[2025-11-10T20:42:49.578+0000] {processor.py:840} INFO - DAG(s) 'example_external_task_marker_child', 'example_external_task_marker_parent' retrieved from /home/airflow/.local/lib/python3.8/site-packages/airflow/example_dags/example_external_task_marker_dag.py
[2025-11-10T20:42:49.611+0000] {logging_mixin.py:188} INFO - [2025-11-10T20:42:49.610+0000] {dag.py:3047} INFO - Sync 2 DAGs
[2025-11-10T20:42:49.623+0000] {logging_mixin.py:188} INFO - [2025-11-10T20:42:49.623+0000] {dag.py:3834} INFO - Setting next_dagrun for example_external_task_marker_child to None, run_after=None
[2025-11-10T20:42:49.627+0000] {logging_mixin.py:188} INFO - [2025-11-10T20:42:49.627+0000] {dag.py:3834} INFO - Setting next_dagrun for example_external_task_marker_parent to None, run_after=None
[2025-11-10T20:42:49.646+0000] {processor.py:183} INFO - Processing /home/airflow/.local/lib/python3.8/site-packages/airflow/example_dags/example_external_task_marker_dag.py took 0.098 seconds
[2025-11-10T20:43:19.828+0000] {processor.py:161} INFO - Started process (PID=871) to work on /home/airflow/.local/lib/python3.8/site-packages/airflow/example_dags/example_external_task_marker_dag.py
[2025-11-10T20:43:19.830+0000] {processor.py:830} INFO - Processing file /home/airflow/.local/lib/python3.8/site-packages/airflow/example_dags/example_external_task_marker_dag.py for tasks to queue
[2025-11-10T20:43:19.834+0000] {logging_mixin.py:188} INFO - [2025-11-10T20:43:19.834+0000] {dagbag.py:540} INFO - Filling up the DagBag from /home/airflow/.local/lib/python3.8/site-packages/airflow/example_dags/example_external_task_marker_dag.py
[2025-11-10T20:43:19.844+0000] {processor.py:840} INFO - DAG(s) 'example_external_task_marker_child', 'example_external_task_marker_parent' retrieved from /home/airflow/.local/lib/python3.8/site-packages/airflow/example_dags/example_external_task_marker_dag.py
[2025-11-10T20:43:19.866+0000] {logging_mixin.py:188} INFO - [2025-11-10T20:43:19.866+0000] {dag.py:3047} INFO - Sync 2 DAGs
[2025-11-10T20:43:19.878+0000] {logging_mixin.py:188} INFO - [2025-11-10T20:43:19.878+0000] {dag.py:3834} INFO - Setting next_dagrun for example_external_task_marker_child to None, run_after=None
[2025-11-10T20:43:19.882+0000] {logging_mixin.py:188} INFO - [2025-11-10T20:43:19.882+0000] {dag.py:3834} INFO - Setting next_dagrun for example_external_task_marker_parent to None, run_after=None
[2025-11-10T20:43:19.899+0000] {processor.py:183} INFO - Processing /home/airflow/.local/lib/python3.8/site-packages/airflow/example_dags/example_external_task_marker_dag.py took 0.075 seconds
[2025-11-10T20:43:50.364+0000] {processor.py:161} INFO - Started process (PID=925) to work on /home/airflow/.local/lib/python3.8/site-packages/airflow/example_dags/example_external_task_marker_dag.py
[2025-11-10T20:43:50.365+0000] {processor.py:830} INFO - Processing file /home/airflow/.local/lib/python3.8/site-packages/airflow/example_dags/example_external_task_marker_dag.py for tasks to queue
[2025-11-10T20:43:50.367+0000] {logging_mixin.py:188} INFO - [2025-11-10T20:43:50.367+0000] {dagbag.py:540} INFO - Filling up the DagBag from /home/airflow/.local/lib/python3.8/site-packages/airflow/example_dags/example_external_task_marker_dag.py
[2025-11-10T20:43:50.373+0000] {processor.py:840} INFO - DAG(s) 'example_external_task_marker_parent', 'example_external_task_marker_child' retrieved from /home/airflow/.local/lib/python3.8/site-packages/airflow/example_dags/example_external_task_marker_dag.py
[2025-11-10T20:43:50.396+0000] {logging_mixin.py:188} INFO - [2025-11-10T20:43:50.396+0000] {dag.py:3047} INFO - Sync 2 DAGs
[2025-11-10T20:43:50.408+0000] {logging_mixin.py:188} INFO - [2025-11-10T20:43:50.408+0000] {dag.py:3834} INFO - Setting next_dagrun for example_external_task_marker_child to None, run_after=None
[2025-11-10T20:43:50.412+0000] {logging_mixin.py:188} INFO - [2025-11-10T20:43:50.411+0000] {dag.py:3834} INFO - Setting next_dagrun for example_external_task_marker_parent to None, run_after=None
[2025-11-10T20:43:50.432+0000] {processor.py:183} INFO - Processing /home/airflow/.local/lib/python3.8/site-packages/airflow/example_dags/example_external_task_marker_dag.py took 0.072 seconds
[2025-11-10T20:44:21.186+0000] {processor.py:161} INFO - Started process (PID=980) to work on /home/airflow/.local/lib/python3.8/site-packages/airflow/example_dags/example_external_task_marker_dag.py
[2025-11-10T20:44:21.187+0000] {processor.py:830} INFO - Processing file /home/airflow/.local/lib/python3.8/site-packages/airflow/example_dags/example_external_task_marker_dag.py for tasks to queue
[2025-11-10T20:44:21.190+0000] {logging_mixin.py:188} INFO - [2025-11-10T20:44:21.190+0000] {dagbag.py:540} INFO - Filling up the DagBag from /home/airflow/.local/lib/python3.8/site-packages/airflow/example_dags/example_external_task_marker_dag.py
[2025-11-10T20:44:21.198+0000] {processor.py:840} INFO - DAG(s) 'example_external_task_marker_child', 'example_external_task_marker_parent' retrieved from /home/airflow/.local/lib/python3.8/site-packages/airflow/example_dags/example_external_task_marker_dag.py
[2025-11-10T20:44:21.226+0000] {logging_mixin.py:188} INFO - [2025-11-10T20:44:21.226+0000] {dag.py:3047} INFO - Sync 2 DAGs
[2025-11-10T20:44:21.239+0000] {logging_mixin.py:188} INFO - [2025-11-10T20:44:21.239+0000] {dag.py:3834} INFO - Setting next_dagrun for example_external_task_marker_child to None, run_after=None
[2025-11-10T20:44:21.243+0000] {logging_mixin.py:188} INFO - [2025-11-10T20:44:21.243+0000] {dag.py:3834} INFO - Setting next_dagrun for example_external_task_marker_parent to None, run_after=None
[2025-11-10T20:44:21.260+0000] {processor.py:183} INFO - Processing /home/airflow/.local/lib/python3.8/site-packages/airflow/example_dags/example_external_task_marker_dag.py took 0.079 seconds
[2025-11-10T20:44:51.778+0000] {processor.py:161} INFO - Started process (PID=1035) to work on /home/airflow/.local/lib/python3.8/site-packages/airflow/example_dags/example_external_task_marker_dag.py
[2025-11-10T20:44:51.779+0000] {processor.py:830} INFO - Processing file /home/airflow/.local/lib/python3.8/site-packages/airflow/example_dags/example_external_task_marker_dag.py for tasks to queue
[2025-11-10T20:44:51.781+0000] {logging_mixin.py:188} INFO - [2025-11-10T20:44:51.781+0000] {dagbag.py:540} INFO - Filling up the DagBag from /home/airflow/.local/lib/python3.8/site-packages/airflow/example_dags/example_external_task_marker_dag.py
[2025-11-10T20:44:51.789+0000] {processor.py:840} INFO - DAG(s) 'example_external_task_marker_child', 'example_external_task_marker_parent' retrieved from /home/airflow/.local/lib/python3.8/site-packages/airflow/example_dags/example_external_task_marker_dag.py
[2025-11-10T20:44:51.825+0000] {logging_mixin.py:188} INFO - [2025-11-10T20:44:51.825+0000] {dag.py:3047} INFO - Sync 2 DAGs
[2025-11-10T20:44:51.844+0000] {logging_mixin.py:188} INFO - [2025-11-10T20:44:51.844+0000] {dag.py:3834} INFO - Setting next_dagrun for example_external_task_marker_child to None, run_after=None
[2025-11-10T20:44:51.851+0000] {logging_mixin.py:188} INFO - [2025-11-10T20:44:51.851+0000] {dag.py:3834} INFO - Setting next_dagrun for example_external_task_marker_parent to None, run_after=None
[2025-11-10T20:44:51.878+0000] {processor.py:183} INFO - Processing /home/airflow/.local/lib/python3.8/site-packages/airflow/example_dags/example_external_task_marker_dag.py took 0.103 seconds
[2025-11-10T20:45:22.206+0000] {processor.py:161} INFO - Started process (PID=1090) to work on /home/airflow/.local/lib/python3.8/site-packages/airflow/example_dags/example_external_task_marker_dag.py
[2025-11-10T20:45:22.207+0000] {processor.py:830} INFO - Processing file /home/airflow/.local/lib/python3.8/site-packages/airflow/example_dags/example_external_task_marker_dag.py for tasks to queue
[2025-11-10T20:45:22.211+0000] {logging_mixin.py:188} INFO - [2025-11-10T20:45:22.210+0000] {dagbag.py:540} INFO - Filling up the DagBag from /home/airflow/.local/lib/python3.8/site-packages/airflow/example_dags/example_external_task_marker_dag.py
[2025-11-10T20:45:22.219+0000] {processor.py:840} INFO - DAG(s) 'example_external_task_marker_child', 'example_external_task_marker_parent' retrieved from /home/airflow/.local/lib/python3.8/site-packages/airflow/example_dags/example_external_task_marker_dag.py
[2025-11-10T20:45:22.244+0000] {logging_mixin.py:188} INFO - [2025-11-10T20:45:22.243+0000] {dag.py:3047} INFO - Sync 2 DAGs
[2025-11-10T20:45:22.257+0000] {logging_mixin.py:188} INFO - [2025-11-10T20:45:22.257+0000] {dag.py:3834} INFO - Setting next_dagrun for example_external_task_marker_child to None, run_after=None
[2025-11-10T20:45:22.261+0000] {logging_mixin.py:188} INFO - [2025-11-10T20:45:22.261+0000] {dag.py:3834} INFO - Setting next_dagrun for example_external_task_marker_parent to None, run_after=None
[2025-11-10T20:45:22.278+0000] {processor.py:183} INFO - Processing /home/airflow/.local/lib/python3.8/site-packages/airflow/example_dags/example_external_task_marker_dag.py took 0.076 seconds
[2025-11-10T20:45:52.853+0000] {processor.py:161} INFO - Started process (PID=1145) to work on /home/airflow/.local/lib/python3.8/site-packages/airflow/example_dags/example_external_task_marker_dag.py
[2025-11-10T20:45:52.855+0000] {processor.py:830} INFO - Processing file /home/airflow/.local/lib/python3.8/site-packages/airflow/example_dags/example_external_task_marker_dag.py for tasks to queue
[2025-11-10T20:45:52.859+0000] {logging_mixin.py:188} INFO - [2025-11-10T20:45:52.858+0000] {dagbag.py:540} INFO - Filling up the DagBag from /home/airflow/.local/lib/python3.8/site-packages/airflow/example_dags/example_external_task_marker_dag.py
[2025-11-10T20:45:52.871+0000] {processor.py:840} INFO - DAG(s) 'example_external_task_marker_parent', 'example_external_task_marker_child' retrieved from /home/airflow/.local/lib/python3.8/site-packages/airflow/example_dags/example_external_task_marker_dag.py
[2025-11-10T20:45:52.915+0000] {logging_mixin.py:188} INFO - [2025-11-10T20:45:52.914+0000] {dag.py:3047} INFO - Sync 2 DAGs
[2025-11-10T20:45:52.934+0000] {logging_mixin.py:188} INFO - [2025-11-10T20:45:52.934+0000] {dag.py:3834} INFO - Setting next_dagrun for example_external_task_marker_child to None, run_after=None
[2025-11-10T20:45:52.939+0000] {logging_mixin.py:188} INFO - [2025-11-10T20:45:52.938+0000] {dag.py:3834} INFO - Setting next_dagrun for example_external_task_marker_parent to None, run_after=None
[2025-11-10T20:45:52.960+0000] {processor.py:183} INFO - Processing /home/airflow/.local/lib/python3.8/site-packages/airflow/example_dags/example_external_task_marker_dag.py took 0.113 seconds
[2025-11-10T20:46:23.112+0000] {processor.py:161} INFO - Started process (PID=1200) to work on /home/airflow/.local/lib/python3.8/site-packages/airflow/example_dags/example_external_task_marker_dag.py
[2025-11-10T20:46:23.113+0000] {processor.py:830} INFO - Processing file /home/airflow/.local/lib/python3.8/site-packages/airflow/example_dags/example_external_task_marker_dag.py for tasks to queue
[2025-11-10T20:46:23.116+0000] {logging_mixin.py:188} INFO - [2025-11-10T20:46:23.115+0000] {dagbag.py:540} INFO - Filling up the DagBag from /home/airflow/.local/lib/python3.8/site-packages/airflow/example_dags/example_external_task_marker_dag.py
[2025-11-10T20:46:23.122+0000] {processor.py:840} INFO - DAG(s) 'example_external_task_marker_parent', 'example_external_task_marker_child' retrieved from /home/airflow/.local/lib/python3.8/site-packages/airflow/example_dags/example_external_task_marker_dag.py
[2025-11-10T20:46:23.153+0000] {logging_mixin.py:188} INFO - [2025-11-10T20:46:23.152+0000] {dag.py:3047} INFO - Sync 2 DAGs
[2025-11-10T20:46:23.166+0000] {logging_mixin.py:188} INFO - [2025-11-10T20:46:23.165+0000] {dag.py:3834} INFO - Setting next_dagrun for example_external_task_marker_child to None, run_after=None
[2025-11-10T20:46:23.170+0000] {logging_mixin.py:188} INFO - [2025-11-10T20:46:23.170+0000] {dag.py:3834} INFO - Setting next_dagrun for example_external_task_marker_parent to None, run_after=None
[2025-11-10T20:46:23.212+0000] {processor.py:183} INFO - Processing /home/airflow/.local/lib/python3.8/site-packages/airflow/example_dags/example_external_task_marker_dag.py took 0.107 seconds
[2025-11-10T20:46:54.152+0000] {processor.py:161} INFO - Started process (PID=1256) to work on /home/airflow/.local/lib/python3.8/site-packages/airflow/example_dags/example_external_task_marker_dag.py
[2025-11-10T20:46:54.155+0000] {processor.py:830} INFO - Processing file /home/airflow/.local/lib/python3.8/site-packages/airflow/example_dags/example_external_task_marker_dag.py for tasks to queue
[2025-11-10T20:46:54.158+0000] {logging_mixin.py:188} INFO - [2025-11-10T20:46:54.157+0000] {dagbag.py:540} INFO - Filling up the DagBag from /home/airflow/.local/lib/python3.8/site-packages/airflow/example_dags/example_external_task_marker_dag.py
[2025-11-10T20:46:54.169+0000] {processor.py:840} INFO - DAG(s) 'example_external_task_marker_parent', 'example_external_task_marker_child' retrieved from /home/airflow/.local/lib/python3.8/site-packages/airflow/example_dags/example_external_task_marker_dag.py
[2025-11-10T20:46:54.201+0000] {logging_mixin.py:188} INFO - [2025-11-10T20:46:54.200+0000] {dag.py:3047} INFO - Sync 2 DAGs
[2025-11-10T20:46:54.218+0000] {logging_mixin.py:188} INFO - [2025-11-10T20:46:54.218+0000] {dag.py:3834} INFO - Setting next_dagrun for example_external_task_marker_child to None, run_after=None
[2025-11-10T20:46:54.223+0000] {logging_mixin.py:188} INFO - [2025-11-10T20:46:54.223+0000] {dag.py:3834} INFO - Setting next_dagrun for example_external_task_marker_parent to None, run_after=None
[2025-11-10T20:46:54.249+0000] {processor.py:183} INFO - Processing /home/airflow/.local/lib/python3.8/site-packages/airflow/example_dags/example_external_task_marker_dag.py took 0.102 seconds
[2025-11-10T20:47:24.434+0000] {processor.py:161} INFO - Started process (PID=1311) to work on /home/airflow/.local/lib/python3.8/site-packages/airflow/example_dags/example_external_task_marker_dag.py
[2025-11-10T20:47:24.435+0000] {processor.py:830} INFO - Processing file /home/airflow/.local/lib/python3.8/site-packages/airflow/example_dags/example_external_task_marker_dag.py for tasks to queue
[2025-11-10T20:47:24.437+0000] {logging_mixin.py:188} INFO - [2025-11-10T20:47:24.437+0000] {dagbag.py:540} INFO - Filling up the DagBag from /home/airflow/.local/lib/python3.8/site-packages/airflow/example_dags/example_external_task_marker_dag.py
[2025-11-10T20:47:24.443+0000] {processor.py:840} INFO - DAG(s) 'example_external_task_marker_parent', 'example_external_task_marker_child' retrieved from /home/airflow/.local/lib/python3.8/site-packages/airflow/example_dags/example_external_task_marker_dag.py
[2025-11-10T20:47:24.465+0000] {logging_mixin.py:188} INFO - [2025-11-10T20:47:24.465+0000] {dag.py:3047} INFO - Sync 2 DAGs
[2025-11-10T20:47:24.476+0000] {logging_mixin.py:188} INFO - [2025-11-10T20:47:24.476+0000] {dag.py:3834} INFO - Setting next_dagrun for example_external_task_marker_child to None, run_after=None
[2025-11-10T20:47:24.480+0000] {logging_mixin.py:188} INFO - [2025-11-10T20:47:24.480+0000] {dag.py:3834} INFO - Setting next_dagrun for example_external_task_marker_parent to None, run_after=None
[2025-11-10T20:47:24.499+0000] {processor.py:183} INFO - Processing /home/airflow/.local/lib/python3.8/site-packages/airflow/example_dags/example_external_task_marker_dag.py took 0.068 seconds
[2025-11-10T20:47:54.812+0000] {processor.py:161} INFO - Started process (PID=1366) to work on /home/airflow/.local/lib/python3.8/site-packages/airflow/example_dags/example_external_task_marker_dag.py
[2025-11-10T20:47:54.814+0000] {processor.py:830} INFO - Processing file /home/airflow/.local/lib/python3.8/site-packages/airflow/example_dags/example_external_task_marker_dag.py for tasks to queue
[2025-11-10T20:47:54.822+0000] {logging_mixin.py:188} INFO - [2025-11-10T20:47:54.820+0000] {dagbag.py:540} INFO - Filling up the DagBag from /home/airflow/.local/lib/python3.8/site-packages/airflow/example_dags/example_external_task_marker_dag.py
[2025-11-10T20:47:54.840+0000] {processor.py:840} INFO - DAG(s) 'example_external_task_marker_child', 'example_external_task_marker_parent' retrieved from /home/airflow/.local/lib/python3.8/site-packages/airflow/example_dags/example_external_task_marker_dag.py
[2025-11-10T20:47:54.930+0000] {logging_mixin.py:188} INFO - [2025-11-10T20:47:54.929+0000] {dag.py:3047} INFO - Sync 2 DAGs
[2025-11-10T20:47:54.959+0000] {logging_mixin.py:188} INFO - [2025-11-10T20:47:54.959+0000] {dag.py:3834} INFO - Setting next_dagrun for example_external_task_marker_child to None, run_after=None
[2025-11-10T20:47:54.964+0000] {logging_mixin.py:188} INFO - [2025-11-10T20:47:54.964+0000] {dag.py:3834} INFO - Setting next_dagrun for example_external_task_marker_parent to None, run_after=None
[2025-11-10T20:47:54.992+0000] {processor.py:183} INFO - Processing /home/airflow/.local/lib/python3.8/site-packages/airflow/example_dags/example_external_task_marker_dag.py took 0.189 seconds
[2025-11-10T20:48:25.237+0000] {processor.py:161} INFO - Started process (PID=1421) to work on /home/airflow/.local/lib/python3.8/site-packages/airflow/example_dags/example_external_task_marker_dag.py
[2025-11-10T20:48:25.241+0000] {processor.py:830} INFO - Processing file /home/airflow/.local/lib/python3.8/site-packages/airflow/example_dags/example_external_task_marker_dag.py for tasks to queue
[2025-11-10T20:48:25.248+0000] {logging_mixin.py:188} INFO - [2025-11-10T20:48:25.246+0000] {dagbag.py:540} INFO - Filling up the DagBag from /home/airflow/.local/lib/python3.8/site-packages/airflow/example_dags/example_external_task_marker_dag.py
[2025-11-10T20:48:25.269+0000] {processor.py:840} INFO - DAG(s) 'example_external_task_marker_parent', 'example_external_task_marker_child' retrieved from /home/airflow/.local/lib/python3.8/site-packages/airflow/example_dags/example_external_task_marker_dag.py
[2025-11-10T20:48:25.305+0000] {logging_mixin.py:188} INFO - [2025-11-10T20:48:25.305+0000] {dag.py:3047} INFO - Sync 2 DAGs
[2025-11-10T20:48:25.324+0000] {logging_mixin.py:188} INFO - [2025-11-10T20:48:25.324+0000] {dag.py:3834} INFO - Setting next_dagrun for example_external_task_marker_child to None, run_after=None
[2025-11-10T20:48:25.329+0000] {logging_mixin.py:188} INFO - [2025-11-10T20:48:25.328+0000] {dag.py:3834} INFO - Setting next_dagrun for example_external_task_marker_parent to None, run_after=None
[2025-11-10T20:48:25.348+0000] {processor.py:183} INFO - Processing /home/airflow/.local/lib/python3.8/site-packages/airflow/example_dags/example_external_task_marker_dag.py took 0.120 seconds
[2025-11-10T20:48:55.448+0000] {processor.py:161} INFO - Started process (PID=1476) to work on /home/airflow/.local/lib/python3.8/site-packages/airflow/example_dags/example_external_task_marker_dag.py
[2025-11-10T20:48:55.449+0000] {processor.py:830} INFO - Processing file /home/airflow/.local/lib/python3.8/site-packages/airflow/example_dags/example_external_task_marker_dag.py for tasks to queue
[2025-11-10T20:48:55.454+0000] {logging_mixin.py:188} INFO - [2025-11-10T20:48:55.453+0000] {dagbag.py:540} INFO - Filling up the DagBag from /home/airflow/.local/lib/python3.8/site-packages/airflow/example_dags/example_external_task_marker_dag.py
[2025-11-10T20:48:55.466+0000] {processor.py:840} INFO - DAG(s) 'example_external_task_marker_child', 'example_external_task_marker_parent' retrieved from /home/airflow/.local/lib/python3.8/site-packages/airflow/example_dags/example_external_task_marker_dag.py
[2025-11-10T20:48:55.501+0000] {logging_mixin.py:188} INFO - [2025-11-10T20:48:55.500+0000] {dag.py:3047} INFO - Sync 2 DAGs
[2025-11-10T20:48:55.514+0000] {logging_mixin.py:188} INFO - [2025-11-10T20:48:55.514+0000] {dag.py:3834} INFO - Setting next_dagrun for example_external_task_marker_child to None, run_after=None
[2025-11-10T20:48:55.519+0000] {logging_mixin.py:188} INFO - [2025-11-10T20:48:55.518+0000] {dag.py:3834} INFO - Setting next_dagrun for example_external_task_marker_parent to None, run_after=None
[2025-11-10T20:48:55.539+0000] {processor.py:183} INFO - Processing /home/airflow/.local/lib/python3.8/site-packages/airflow/example_dags/example_external_task_marker_dag.py took 0.098 seconds
[2025-11-10T20:49:25.881+0000] {processor.py:161} INFO - Started process (PID=1532) to work on /home/airflow/.local/lib/python3.8/site-packages/airflow/example_dags/example_external_task_marker_dag.py
[2025-11-10T20:49:25.883+0000] {processor.py:830} INFO - Processing file /home/airflow/.local/lib/python3.8/site-packages/airflow/example_dags/example_external_task_marker_dag.py for tasks to queue
[2025-11-10T20:49:25.888+0000] {logging_mixin.py:188} INFO - [2025-11-10T20:49:25.887+0000] {dagbag.py:540} INFO - Filling up the DagBag from /home/airflow/.local/lib/python3.8/site-packages/airflow/example_dags/example_external_task_marker_dag.py
[2025-11-10T20:49:25.898+0000] {processor.py:840} INFO - DAG(s) 'example_external_task_marker_child', 'example_external_task_marker_parent' retrieved from /home/airflow/.local/lib/python3.8/site-packages/airflow/example_dags/example_external_task_marker_dag.py
[2025-11-10T20:49:25.921+0000] {logging_mixin.py:188} INFO - [2025-11-10T20:49:25.921+0000] {dag.py:3047} INFO - Sync 2 DAGs
[2025-11-10T20:49:25.934+0000] {logging_mixin.py:188} INFO - [2025-11-10T20:49:25.933+0000] {dag.py:3834} INFO - Setting next_dagrun for example_external_task_marker_child to None, run_after=None
[2025-11-10T20:49:25.937+0000] {logging_mixin.py:188} INFO - [2025-11-10T20:49:25.937+0000] {dag.py:3834} INFO - Setting next_dagrun for example_external_task_marker_parent to None, run_after=None
[2025-11-10T20:49:25.954+0000] {processor.py:183} INFO - Processing /home/airflow/.local/lib/python3.8/site-packages/airflow/example_dags/example_external_task_marker_dag.py took 0.079 seconds
[2025-11-10T20:49:56.019+0000] {processor.py:161} INFO - Started process (PID=1587) to work on /home/airflow/.local/lib/python3.8/site-packages/airflow/example_dags/example_external_task_marker_dag.py
[2025-11-10T20:49:56.021+0000] {processor.py:830} INFO - Processing file /home/airflow/.local/lib/python3.8/site-packages/airflow/example_dags/example_external_task_marker_dag.py for tasks to queue
[2025-11-10T20:49:56.024+0000] {logging_mixin.py:188} INFO - [2025-11-10T20:49:56.024+0000] {dagbag.py:540} INFO - Filling up the DagBag from /home/airflow/.local/lib/python3.8/site-packages/airflow/example_dags/example_external_task_marker_dag.py
[2025-11-10T20:49:56.033+0000] {processor.py:840} INFO - DAG(s) 'example_external_task_marker_child', 'example_external_task_marker_parent' retrieved from /home/airflow/.local/lib/python3.8/site-packages/airflow/example_dags/example_external_task_marker_dag.py
[2025-11-10T20:49:56.056+0000] {logging_mixin.py:188} INFO - [2025-11-10T20:49:56.055+0000] {dag.py:3047} INFO - Sync 2 DAGs
[2025-11-10T20:49:56.067+0000] {logging_mixin.py:188} INFO - [2025-11-10T20:49:56.066+0000] {dag.py:3834} INFO - Setting next_dagrun for example_external_task_marker_child to None, run_after=None
[2025-11-10T20:49:56.071+0000] {logging_mixin.py:188} INFO - [2025-11-10T20:49:56.070+0000] {dag.py:3834} INFO - Setting next_dagrun for example_external_task_marker_parent to None, run_after=None
[2025-11-10T20:49:56.088+0000] {processor.py:183} INFO - Processing /home/airflow/.local/lib/python3.8/site-packages/airflow/example_dags/example_external_task_marker_dag.py took 0.075 seconds
[2025-11-10T20:50:26.960+0000] {processor.py:161} INFO - Started process (PID=1642) to work on /home/airflow/.local/lib/python3.8/site-packages/airflow/example_dags/example_external_task_marker_dag.py
[2025-11-10T20:50:26.962+0000] {processor.py:830} INFO - Processing file /home/airflow/.local/lib/python3.8/site-packages/airflow/example_dags/example_external_task_marker_dag.py for tasks to queue
[2025-11-10T20:50:26.965+0000] {logging_mixin.py:188} INFO - [2025-11-10T20:50:26.965+0000] {dagbag.py:540} INFO - Filling up the DagBag from /home/airflow/.local/lib/python3.8/site-packages/airflow/example_dags/example_external_task_marker_dag.py
[2025-11-10T20:50:26.976+0000] {processor.py:840} INFO - DAG(s) 'example_external_task_marker_parent', 'example_external_task_marker_child' retrieved from /home/airflow/.local/lib/python3.8/site-packages/airflow/example_dags/example_external_task_marker_dag.py
[2025-11-10T20:50:26.999+0000] {logging_mixin.py:188} INFO - [2025-11-10T20:50:26.998+0000] {dag.py:3047} INFO - Sync 2 DAGs
[2025-11-10T20:50:27.015+0000] {logging_mixin.py:188} INFO - [2025-11-10T20:50:27.014+0000] {dag.py:3834} INFO - Setting next_dagrun for example_external_task_marker_child to None, run_after=None
[2025-11-10T20:50:27.019+0000] {logging_mixin.py:188} INFO - [2025-11-10T20:50:27.018+0000] {dag.py:3834} INFO - Setting next_dagrun for example_external_task_marker_parent to None, run_after=None
[2025-11-10T20:50:27.034+0000] {processor.py:183} INFO - Processing /home/airflow/.local/lib/python3.8/site-packages/airflow/example_dags/example_external_task_marker_dag.py took 0.080 seconds
[2025-11-10T20:50:57.827+0000] {processor.py:161} INFO - Started process (PID=1697) to work on /home/airflow/.local/lib/python3.8/site-packages/airflow/example_dags/example_external_task_marker_dag.py
[2025-11-10T20:50:57.830+0000] {processor.py:830} INFO - Processing file /home/airflow/.local/lib/python3.8/site-packages/airflow/example_dags/example_external_task_marker_dag.py for tasks to queue
[2025-11-10T20:50:57.833+0000] {logging_mixin.py:188} INFO - [2025-11-10T20:50:57.833+0000] {dagbag.py:540} INFO - Filling up the DagBag from /home/airflow/.local/lib/python3.8/site-packages/airflow/example_dags/example_external_task_marker_dag.py
[2025-11-10T20:50:57.844+0000] {processor.py:840} INFO - DAG(s) 'example_external_task_marker_child', 'example_external_task_marker_parent' retrieved from /home/airflow/.local/lib/python3.8/site-packages/airflow/example_dags/example_external_task_marker_dag.py
[2025-11-10T20:50:57.898+0000] {logging_mixin.py:188} INFO - [2025-11-10T20:50:57.898+0000] {dag.py:3047} INFO - Sync 2 DAGs
[2025-11-10T20:50:57.914+0000] {logging_mixin.py:188} INFO - [2025-11-10T20:50:57.914+0000] {dag.py:3834} INFO - Setting next_dagrun for example_external_task_marker_child to None, run_after=None
[2025-11-10T20:50:57.919+0000] {logging_mixin.py:188} INFO - [2025-11-10T20:50:57.919+0000] {dag.py:3834} INFO - Setting next_dagrun for example_external_task_marker_parent to None, run_after=None
[2025-11-10T20:50:57.938+0000] {processor.py:183} INFO - Processing /home/airflow/.local/lib/python3.8/site-packages/airflow/example_dags/example_external_task_marker_dag.py took 0.116 seconds
[2025-11-10T20:51:28.157+0000] {processor.py:161} INFO - Started process (PID=1752) to work on /home/airflow/.local/lib/python3.8/site-packages/airflow/example_dags/example_external_task_marker_dag.py
[2025-11-10T20:51:28.159+0000] {processor.py:830} INFO - Processing file /home/airflow/.local/lib/python3.8/site-packages/airflow/example_dags/example_external_task_marker_dag.py for tasks to queue
[2025-11-10T20:51:28.162+0000] {logging_mixin.py:188} INFO - [2025-11-10T20:51:28.161+0000] {dagbag.py:540} INFO - Filling up the DagBag from /home/airflow/.local/lib/python3.8/site-packages/airflow/example_dags/example_external_task_marker_dag.py
[2025-11-10T20:51:28.168+0000] {processor.py:840} INFO - DAG(s) 'example_external_task_marker_parent', 'example_external_task_marker_child' retrieved from /home/airflow/.local/lib/python3.8/site-packages/airflow/example_dags/example_external_task_marker_dag.py
[2025-11-10T20:51:28.193+0000] {logging_mixin.py:188} INFO - [2025-11-10T20:51:28.192+0000] {dag.py:3047} INFO - Sync 2 DAGs
[2025-11-10T20:51:28.206+0000] {logging_mixin.py:188} INFO - [2025-11-10T20:51:28.206+0000] {dag.py:3834} INFO - Setting next_dagrun for example_external_task_marker_child to None, run_after=None
[2025-11-10T20:51:28.210+0000] {logging_mixin.py:188} INFO - [2025-11-10T20:51:28.210+0000] {dag.py:3834} INFO - Setting next_dagrun for example_external_task_marker_parent to None, run_after=None
[2025-11-10T20:51:28.228+0000] {processor.py:183} INFO - Processing /home/airflow/.local/lib/python3.8/site-packages/airflow/example_dags/example_external_task_marker_dag.py took 0.074 seconds
[2025-11-10T20:51:58.424+0000] {processor.py:161} INFO - Started process (PID=1807) to work on /home/airflow/.local/lib/python3.8/site-packages/airflow/example_dags/example_external_task_marker_dag.py
[2025-11-10T20:51:58.425+0000] {processor.py:830} INFO - Processing file /home/airflow/.local/lib/python3.8/site-packages/airflow/example_dags/example_external_task_marker_dag.py for tasks to queue
[2025-11-10T20:51:58.428+0000] {logging_mixin.py:188} INFO - [2025-11-10T20:51:58.428+0000] {dagbag.py:540} INFO - Filling up the DagBag from /home/airflow/.local/lib/python3.8/site-packages/airflow/example_dags/example_external_task_marker_dag.py
[2025-11-10T20:51:58.437+0000] {processor.py:840} INFO - DAG(s) 'example_external_task_marker_parent', 'example_external_task_marker_child' retrieved from /home/airflow/.local/lib/python3.8/site-packages/airflow/example_dags/example_external_task_marker_dag.py
[2025-11-10T20:51:58.462+0000] {logging_mixin.py:188} INFO - [2025-11-10T20:51:58.462+0000] {dag.py:3047} INFO - Sync 2 DAGs
[2025-11-10T20:51:58.474+0000] {logging_mixin.py:188} INFO - [2025-11-10T20:51:58.474+0000] {dag.py:3834} INFO - Setting next_dagrun for example_external_task_marker_child to None, run_after=None
[2025-11-10T20:51:58.478+0000] {logging_mixin.py:188} INFO - [2025-11-10T20:51:58.478+0000] {dag.py:3834} INFO - Setting next_dagrun for example_external_task_marker_parent to None, run_after=None
[2025-11-10T20:51:58.494+0000] {processor.py:183} INFO - Processing /home/airflow/.local/lib/python3.8/site-packages/airflow/example_dags/example_external_task_marker_dag.py took 0.075 seconds
[2025-11-10T20:52:28.756+0000] {processor.py:161} INFO - Started process (PID=1862) to work on /home/airflow/.local/lib/python3.8/site-packages/airflow/example_dags/example_external_task_marker_dag.py
[2025-11-10T20:52:28.758+0000] {processor.py:830} INFO - Processing file /home/airflow/.local/lib/python3.8/site-packages/airflow/example_dags/example_external_task_marker_dag.py for tasks to queue
[2025-11-10T20:52:28.761+0000] {logging_mixin.py:188} INFO - [2025-11-10T20:52:28.760+0000] {dagbag.py:540} INFO - Filling up the DagBag from /home/airflow/.local/lib/python3.8/site-packages/airflow/example_dags/example_external_task_marker_dag.py
[2025-11-10T20:52:28.769+0000] {processor.py:840} INFO - DAG(s) 'example_external_task_marker_parent', 'example_external_task_marker_child' retrieved from /home/airflow/.local/lib/python3.8/site-packages/airflow/example_dags/example_external_task_marker_dag.py
[2025-11-10T20:52:28.795+0000] {logging_mixin.py:188} INFO - [2025-11-10T20:52:28.794+0000] {dag.py:3047} INFO - Sync 2 DAGs
[2025-11-10T20:52:28.807+0000] {logging_mixin.py:188} INFO - [2025-11-10T20:52:28.807+0000] {dag.py:3834} INFO - Setting next_dagrun for example_external_task_marker_child to None, run_after=None
[2025-11-10T20:52:28.811+0000] {logging_mixin.py:188} INFO - [2025-11-10T20:52:28.811+0000] {dag.py:3834} INFO - Setting next_dagrun for example_external_task_marker_parent to None, run_after=None
[2025-11-10T20:52:28.829+0000] {processor.py:183} INFO - Processing /home/airflow/.local/lib/python3.8/site-packages/airflow/example_dags/example_external_task_marker_dag.py took 0.077 seconds
[2025-11-10T20:52:58.941+0000] {processor.py:161} INFO - Started process (PID=1917) to work on /home/airflow/.local/lib/python3.8/site-packages/airflow/example_dags/example_external_task_marker_dag.py
[2025-11-10T20:52:58.943+0000] {processor.py:830} INFO - Processing file /home/airflow/.local/lib/python3.8/site-packages/airflow/example_dags/example_external_task_marker_dag.py for tasks to queue
[2025-11-10T20:52:58.946+0000] {logging_mixin.py:188} INFO - [2025-11-10T20:52:58.945+0000] {dagbag.py:540} INFO - Filling up the DagBag from /home/airflow/.local/lib/python3.8/site-packages/airflow/example_dags/example_external_task_marker_dag.py
[2025-11-10T20:52:58.957+0000] {processor.py:840} INFO - DAG(s) 'example_external_task_marker_child', 'example_external_task_marker_parent' retrieved from /home/airflow/.local/lib/python3.8/site-packages/airflow/example_dags/example_external_task_marker_dag.py
[2025-11-10T20:52:58.983+0000] {logging_mixin.py:188} INFO - [2025-11-10T20:52:58.983+0000] {dag.py:3047} INFO - Sync 2 DAGs
[2025-11-10T20:52:58.994+0000] {logging_mixin.py:188} INFO - [2025-11-10T20:52:58.994+0000] {dag.py:3834} INFO - Setting next_dagrun for example_external_task_marker_child to None, run_after=None
[2025-11-10T20:52:58.998+0000] {logging_mixin.py:188} INFO - [2025-11-10T20:52:58.998+0000] {dag.py:3834} INFO - Setting next_dagrun for example_external_task_marker_parent to None, run_after=None
[2025-11-10T20:52:59.016+0000] {processor.py:183} INFO - Processing /home/airflow/.local/lib/python3.8/site-packages/airflow/example_dags/example_external_task_marker_dag.py took 0.081 seconds
