[2025-11-10T20:36:06.098+0000] {processor.py:161} INFO - Started process (PID=67) to work on /home/airflow/.local/lib/python3.8/site-packages/airflow/example_dags/example_trigger_target_dag.py
[2025-11-10T20:36:06.101+0000] {processor.py:830} INFO - Processing file /home/airflow/.local/lib/python3.8/site-packages/airflow/example_dags/example_trigger_target_dag.py for tasks to queue
[2025-11-10T20:36:06.125+0000] {logging_mixin.py:188} INFO - [2025-11-10T20:36:06.124+0000] {dagbag.py:540} INFO - Filling up the DagBag from /home/airflow/.local/lib/python3.8/site-packages/airflow/example_dags/example_trigger_target_dag.py
[2025-11-10T20:36:06.198+0000] {processor.py:840} INFO - DAG(s) 'example_trigger_target_dag' retrieved from /home/airflow/.local/lib/python3.8/site-packages/airflow/example_dags/example_trigger_target_dag.py
[2025-11-10T20:36:06.692+0000] {logging_mixin.py:188} INFO - [2025-11-10T20:36:06.690+0000] {override.py:1769} INFO - Created Permission View: can read on DAG:example_trigger_target_dag
[2025-11-10T20:36:06.706+0000] {logging_mixin.py:188} INFO - [2025-11-10T20:36:06.705+0000] {override.py:1769} INFO - Created Permission View: can edit on DAG:example_trigger_target_dag
[2025-11-10T20:36:06.716+0000] {logging_mixin.py:188} INFO - [2025-11-10T20:36:06.715+0000] {override.py:1769} INFO - Created Permission View: can delete on DAG:example_trigger_target_dag
[2025-11-10T20:36:06.717+0000] {logging_mixin.py:188} INFO - [2025-11-10T20:36:06.717+0000] {dag.py:3047} INFO - Sync 1 DAGs
[2025-11-10T20:36:06.735+0000] {logging_mixin.py:188} INFO - [2025-11-10T20:36:06.735+0000] {dag.py:3069} INFO - Creating ORM DAG for example_trigger_target_dag
[2025-11-10T20:36:06.737+0000] {logging_mixin.py:188} INFO - [2025-11-10T20:36:06.737+0000] {dag.py:3834} INFO - Setting next_dagrun for example_trigger_target_dag to None, run_after=None
[2025-11-10T20:36:06.764+0000] {processor.py:183} INFO - Processing /home/airflow/.local/lib/python3.8/site-packages/airflow/example_dags/example_trigger_target_dag.py took 0.673 seconds
[2025-11-10T20:36:36.934+0000] {processor.py:161} INFO - Started process (PID=122) to work on /home/airflow/.local/lib/python3.8/site-packages/airflow/example_dags/example_trigger_target_dag.py
[2025-11-10T20:36:36.939+0000] {processor.py:830} INFO - Processing file /home/airflow/.local/lib/python3.8/site-packages/airflow/example_dags/example_trigger_target_dag.py for tasks to queue
[2025-11-10T20:36:36.942+0000] {logging_mixin.py:188} INFO - [2025-11-10T20:36:36.942+0000] {dagbag.py:540} INFO - Filling up the DagBag from /home/airflow/.local/lib/python3.8/site-packages/airflow/example_dags/example_trigger_target_dag.py
[2025-11-10T20:36:36.949+0000] {processor.py:840} INFO - DAG(s) 'example_trigger_target_dag' retrieved from /home/airflow/.local/lib/python3.8/site-packages/airflow/example_dags/example_trigger_target_dag.py
[2025-11-10T20:36:36.968+0000] {logging_mixin.py:188} INFO - [2025-11-10T20:36:36.968+0000] {dag.py:3047} INFO - Sync 1 DAGs
[2025-11-10T20:36:36.979+0000] {logging_mixin.py:188} INFO - [2025-11-10T20:36:36.979+0000] {dag.py:3834} INFO - Setting next_dagrun for example_trigger_target_dag to None, run_after=None
[2025-11-10T20:36:36.999+0000] {processor.py:183} INFO - Processing /home/airflow/.local/lib/python3.8/site-packages/airflow/example_dags/example_trigger_target_dag.py took 0.068 seconds
[2025-11-10T20:37:07.796+0000] {processor.py:161} INFO - Started process (PID=177) to work on /home/airflow/.local/lib/python3.8/site-packages/airflow/example_dags/example_trigger_target_dag.py
[2025-11-10T20:37:07.798+0000] {processor.py:830} INFO - Processing file /home/airflow/.local/lib/python3.8/site-packages/airflow/example_dags/example_trigger_target_dag.py for tasks to queue
[2025-11-10T20:37:07.801+0000] {logging_mixin.py:188} INFO - [2025-11-10T20:37:07.800+0000] {dagbag.py:540} INFO - Filling up the DagBag from /home/airflow/.local/lib/python3.8/site-packages/airflow/example_dags/example_trigger_target_dag.py
[2025-11-10T20:37:07.808+0000] {processor.py:840} INFO - DAG(s) 'example_trigger_target_dag' retrieved from /home/airflow/.local/lib/python3.8/site-packages/airflow/example_dags/example_trigger_target_dag.py
[2025-11-10T20:37:07.836+0000] {logging_mixin.py:188} INFO - [2025-11-10T20:37:07.836+0000] {dag.py:3047} INFO - Sync 1 DAGs
[2025-11-10T20:37:07.859+0000] {logging_mixin.py:188} INFO - [2025-11-10T20:37:07.858+0000] {dag.py:3834} INFO - Setting next_dagrun for example_trigger_target_dag to None, run_after=None
[2025-11-10T20:37:07.887+0000] {processor.py:183} INFO - Processing /home/airflow/.local/lib/python3.8/site-packages/airflow/example_dags/example_trigger_target_dag.py took 0.098 seconds
[2025-11-10T20:37:38.002+0000] {processor.py:161} INFO - Started process (PID=232) to work on /home/airflow/.local/lib/python3.8/site-packages/airflow/example_dags/example_trigger_target_dag.py
[2025-11-10T20:37:38.004+0000] {processor.py:830} INFO - Processing file /home/airflow/.local/lib/python3.8/site-packages/airflow/example_dags/example_trigger_target_dag.py for tasks to queue
[2025-11-10T20:37:38.006+0000] {logging_mixin.py:188} INFO - [2025-11-10T20:37:38.006+0000] {dagbag.py:540} INFO - Filling up the DagBag from /home/airflow/.local/lib/python3.8/site-packages/airflow/example_dags/example_trigger_target_dag.py
[2025-11-10T20:37:38.013+0000] {processor.py:840} INFO - DAG(s) 'example_trigger_target_dag' retrieved from /home/airflow/.local/lib/python3.8/site-packages/airflow/example_dags/example_trigger_target_dag.py
[2025-11-10T20:37:38.032+0000] {logging_mixin.py:188} INFO - [2025-11-10T20:37:38.032+0000] {dag.py:3047} INFO - Sync 1 DAGs
[2025-11-10T20:37:38.043+0000] {logging_mixin.py:188} INFO - [2025-11-10T20:37:38.043+0000] {dag.py:3834} INFO - Setting next_dagrun for example_trigger_target_dag to None, run_after=None
[2025-11-10T20:37:38.061+0000] {processor.py:183} INFO - Processing /home/airflow/.local/lib/python3.8/site-packages/airflow/example_dags/example_trigger_target_dag.py took 0.063 seconds
[2025-11-10T20:38:08.209+0000] {processor.py:161} INFO - Started process (PID=287) to work on /home/airflow/.local/lib/python3.8/site-packages/airflow/example_dags/example_trigger_target_dag.py
[2025-11-10T20:38:08.211+0000] {processor.py:830} INFO - Processing file /home/airflow/.local/lib/python3.8/site-packages/airflow/example_dags/example_trigger_target_dag.py for tasks to queue
[2025-11-10T20:38:08.213+0000] {logging_mixin.py:188} INFO - [2025-11-10T20:38:08.213+0000] {dagbag.py:540} INFO - Filling up the DagBag from /home/airflow/.local/lib/python3.8/site-packages/airflow/example_dags/example_trigger_target_dag.py
[2025-11-10T20:38:08.221+0000] {processor.py:840} INFO - DAG(s) 'example_trigger_target_dag' retrieved from /home/airflow/.local/lib/python3.8/site-packages/airflow/example_dags/example_trigger_target_dag.py
[2025-11-10T20:38:08.239+0000] {logging_mixin.py:188} INFO - [2025-11-10T20:38:08.239+0000] {dag.py:3047} INFO - Sync 1 DAGs
[2025-11-10T20:38:08.252+0000] {logging_mixin.py:188} INFO - [2025-11-10T20:38:08.252+0000] {dag.py:3834} INFO - Setting next_dagrun for example_trigger_target_dag to None, run_after=None
[2025-11-10T20:38:08.270+0000] {processor.py:183} INFO - Processing /home/airflow/.local/lib/python3.8/site-packages/airflow/example_dags/example_trigger_target_dag.py took 0.064 seconds
[2025-11-10T20:38:38.626+0000] {processor.py:161} INFO - Started process (PID=342) to work on /home/airflow/.local/lib/python3.8/site-packages/airflow/example_dags/example_trigger_target_dag.py
[2025-11-10T20:38:38.627+0000] {processor.py:830} INFO - Processing file /home/airflow/.local/lib/python3.8/site-packages/airflow/example_dags/example_trigger_target_dag.py for tasks to queue
[2025-11-10T20:38:38.630+0000] {logging_mixin.py:188} INFO - [2025-11-10T20:38:38.629+0000] {dagbag.py:540} INFO - Filling up the DagBag from /home/airflow/.local/lib/python3.8/site-packages/airflow/example_dags/example_trigger_target_dag.py
[2025-11-10T20:38:38.636+0000] {processor.py:840} INFO - DAG(s) 'example_trigger_target_dag' retrieved from /home/airflow/.local/lib/python3.8/site-packages/airflow/example_dags/example_trigger_target_dag.py
[2025-11-10T20:38:38.662+0000] {logging_mixin.py:188} INFO - [2025-11-10T20:38:38.662+0000] {dag.py:3047} INFO - Sync 1 DAGs
[2025-11-10T20:38:38.676+0000] {logging_mixin.py:188} INFO - [2025-11-10T20:38:38.676+0000] {dag.py:3834} INFO - Setting next_dagrun for example_trigger_target_dag to None, run_after=None
[2025-11-10T20:38:38.696+0000] {processor.py:183} INFO - Processing /home/airflow/.local/lib/python3.8/site-packages/airflow/example_dags/example_trigger_target_dag.py took 0.074 seconds
[2025-11-10T20:39:08.820+0000] {processor.py:161} INFO - Started process (PID=397) to work on /home/airflow/.local/lib/python3.8/site-packages/airflow/example_dags/example_trigger_target_dag.py
[2025-11-10T20:39:08.821+0000] {processor.py:830} INFO - Processing file /home/airflow/.local/lib/python3.8/site-packages/airflow/example_dags/example_trigger_target_dag.py for tasks to queue
[2025-11-10T20:39:08.825+0000] {logging_mixin.py:188} INFO - [2025-11-10T20:39:08.825+0000] {dagbag.py:540} INFO - Filling up the DagBag from /home/airflow/.local/lib/python3.8/site-packages/airflow/example_dags/example_trigger_target_dag.py
[2025-11-10T20:39:08.832+0000] {processor.py:840} INFO - DAG(s) 'example_trigger_target_dag' retrieved from /home/airflow/.local/lib/python3.8/site-packages/airflow/example_dags/example_trigger_target_dag.py
[2025-11-10T20:39:08.856+0000] {logging_mixin.py:188} INFO - [2025-11-10T20:39:08.856+0000] {dag.py:3047} INFO - Sync 1 DAGs
[2025-11-10T20:39:08.868+0000] {logging_mixin.py:188} INFO - [2025-11-10T20:39:08.867+0000] {dag.py:3834} INFO - Setting next_dagrun for example_trigger_target_dag to None, run_after=None
[2025-11-10T20:39:08.886+0000] {processor.py:183} INFO - Processing /home/airflow/.local/lib/python3.8/site-packages/airflow/example_dags/example_trigger_target_dag.py took 0.069 seconds
[2025-11-10T20:39:39.621+0000] {processor.py:161} INFO - Started process (PID=452) to work on /home/airflow/.local/lib/python3.8/site-packages/airflow/example_dags/example_trigger_target_dag.py
[2025-11-10T20:39:39.624+0000] {processor.py:830} INFO - Processing file /home/airflow/.local/lib/python3.8/site-packages/airflow/example_dags/example_trigger_target_dag.py for tasks to queue
[2025-11-10T20:39:39.630+0000] {logging_mixin.py:188} INFO - [2025-11-10T20:39:39.630+0000] {dagbag.py:540} INFO - Filling up the DagBag from /home/airflow/.local/lib/python3.8/site-packages/airflow/example_dags/example_trigger_target_dag.py
[2025-11-10T20:39:39.640+0000] {processor.py:840} INFO - DAG(s) 'example_trigger_target_dag' retrieved from /home/airflow/.local/lib/python3.8/site-packages/airflow/example_dags/example_trigger_target_dag.py
[2025-11-10T20:39:39.671+0000] {logging_mixin.py:188} INFO - [2025-11-10T20:39:39.671+0000] {dag.py:3047} INFO - Sync 1 DAGs
[2025-11-10T20:39:39.691+0000] {logging_mixin.py:188} INFO - [2025-11-10T20:39:39.690+0000] {dag.py:3834} INFO - Setting next_dagrun for example_trigger_target_dag to None, run_after=None
[2025-11-10T20:39:39.733+0000] {processor.py:183} INFO - Processing /home/airflow/.local/lib/python3.8/site-packages/airflow/example_dags/example_trigger_target_dag.py took 0.117 seconds
[2025-11-10T20:40:09.839+0000] {processor.py:161} INFO - Started process (PID=506) to work on /home/airflow/.local/lib/python3.8/site-packages/airflow/example_dags/example_trigger_target_dag.py
[2025-11-10T20:40:09.843+0000] {processor.py:830} INFO - Processing file /home/airflow/.local/lib/python3.8/site-packages/airflow/example_dags/example_trigger_target_dag.py for tasks to queue
[2025-11-10T20:40:09.850+0000] {logging_mixin.py:188} INFO - [2025-11-10T20:40:09.849+0000] {dagbag.py:540} INFO - Filling up the DagBag from /home/airflow/.local/lib/python3.8/site-packages/airflow/example_dags/example_trigger_target_dag.py
[2025-11-10T20:40:09.866+0000] {processor.py:840} INFO - DAG(s) 'example_trigger_target_dag' retrieved from /home/airflow/.local/lib/python3.8/site-packages/airflow/example_dags/example_trigger_target_dag.py
[2025-11-10T20:40:09.903+0000] {logging_mixin.py:188} INFO - [2025-11-10T20:40:09.903+0000] {dag.py:3047} INFO - Sync 1 DAGs
[2025-11-10T20:40:09.919+0000] {logging_mixin.py:188} INFO - [2025-11-10T20:40:09.919+0000] {dag.py:3834} INFO - Setting next_dagrun for example_trigger_target_dag to None, run_after=None
[2025-11-10T20:40:09.943+0000] {processor.py:183} INFO - Processing /home/airflow/.local/lib/python3.8/site-packages/airflow/example_dags/example_trigger_target_dag.py took 0.114 seconds
[2025-11-10T20:40:40.186+0000] {processor.py:161} INFO - Started process (PID=560) to work on /home/airflow/.local/lib/python3.8/site-packages/airflow/example_dags/example_trigger_target_dag.py
[2025-11-10T20:40:40.189+0000] {processor.py:830} INFO - Processing file /home/airflow/.local/lib/python3.8/site-packages/airflow/example_dags/example_trigger_target_dag.py for tasks to queue
[2025-11-10T20:40:40.192+0000] {logging_mixin.py:188} INFO - [2025-11-10T20:40:40.192+0000] {dagbag.py:540} INFO - Filling up the DagBag from /home/airflow/.local/lib/python3.8/site-packages/airflow/example_dags/example_trigger_target_dag.py
[2025-11-10T20:40:40.200+0000] {processor.py:840} INFO - DAG(s) 'example_trigger_target_dag' retrieved from /home/airflow/.local/lib/python3.8/site-packages/airflow/example_dags/example_trigger_target_dag.py
[2025-11-10T20:40:40.226+0000] {logging_mixin.py:188} INFO - [2025-11-10T20:40:40.225+0000] {dag.py:3047} INFO - Sync 1 DAGs
[2025-11-10T20:40:40.241+0000] {logging_mixin.py:188} INFO - [2025-11-10T20:40:40.240+0000] {dag.py:3834} INFO - Setting next_dagrun for example_trigger_target_dag to None, run_after=None
[2025-11-10T20:40:40.263+0000] {processor.py:183} INFO - Processing /home/airflow/.local/lib/python3.8/site-packages/airflow/example_dags/example_trigger_target_dag.py took 0.090 seconds
[2025-11-10T20:41:10.435+0000] {processor.py:161} INFO - Started process (PID=616) to work on /home/airflow/.local/lib/python3.8/site-packages/airflow/example_dags/example_trigger_target_dag.py
[2025-11-10T20:41:10.438+0000] {processor.py:830} INFO - Processing file /home/airflow/.local/lib/python3.8/site-packages/airflow/example_dags/example_trigger_target_dag.py for tasks to queue
[2025-11-10T20:41:10.444+0000] {logging_mixin.py:188} INFO - [2025-11-10T20:41:10.443+0000] {dagbag.py:540} INFO - Filling up the DagBag from /home/airflow/.local/lib/python3.8/site-packages/airflow/example_dags/example_trigger_target_dag.py
[2025-11-10T20:41:10.453+0000] {processor.py:840} INFO - DAG(s) 'example_trigger_target_dag' retrieved from /home/airflow/.local/lib/python3.8/site-packages/airflow/example_dags/example_trigger_target_dag.py
[2025-11-10T20:41:10.477+0000] {logging_mixin.py:188} INFO - [2025-11-10T20:41:10.477+0000] {dag.py:3047} INFO - Sync 1 DAGs
[2025-11-10T20:41:10.490+0000] {logging_mixin.py:188} INFO - [2025-11-10T20:41:10.490+0000] {dag.py:3834} INFO - Setting next_dagrun for example_trigger_target_dag to None, run_after=None
[2025-11-10T20:41:10.511+0000] {processor.py:183} INFO - Processing /home/airflow/.local/lib/python3.8/site-packages/airflow/example_dags/example_trigger_target_dag.py took 0.085 seconds
[2025-11-10T20:41:41.081+0000] {processor.py:161} INFO - Started process (PID=678) to work on /home/airflow/.local/lib/python3.8/site-packages/airflow/example_dags/example_trigger_target_dag.py
[2025-11-10T20:41:41.087+0000] {processor.py:830} INFO - Processing file /home/airflow/.local/lib/python3.8/site-packages/airflow/example_dags/example_trigger_target_dag.py for tasks to queue
[2025-11-10T20:41:41.092+0000] {logging_mixin.py:188} INFO - [2025-11-10T20:41:41.091+0000] {dagbag.py:540} INFO - Filling up the DagBag from /home/airflow/.local/lib/python3.8/site-packages/airflow/example_dags/example_trigger_target_dag.py
[2025-11-10T20:41:41.105+0000] {processor.py:840} INFO - DAG(s) 'example_trigger_target_dag' retrieved from /home/airflow/.local/lib/python3.8/site-packages/airflow/example_dags/example_trigger_target_dag.py
[2025-11-10T20:41:41.139+0000] {logging_mixin.py:188} INFO - [2025-11-10T20:41:41.138+0000] {dag.py:3047} INFO - Sync 1 DAGs
[2025-11-10T20:41:41.158+0000] {logging_mixin.py:188} INFO - [2025-11-10T20:41:41.157+0000] {dag.py:3834} INFO - Setting next_dagrun for example_trigger_target_dag to None, run_after=None
[2025-11-10T20:41:41.194+0000] {processor.py:183} INFO - Processing /home/airflow/.local/lib/python3.8/site-packages/airflow/example_dags/example_trigger_target_dag.py took 0.121 seconds
[2025-11-10T20:42:11.996+0000] {processor.py:161} INFO - Started process (PID=733) to work on /home/airflow/.local/lib/python3.8/site-packages/airflow/example_dags/example_trigger_target_dag.py
[2025-11-10T20:42:11.998+0000] {processor.py:830} INFO - Processing file /home/airflow/.local/lib/python3.8/site-packages/airflow/example_dags/example_trigger_target_dag.py for tasks to queue
[2025-11-10T20:42:12.000+0000] {logging_mixin.py:188} INFO - [2025-11-10T20:42:12.000+0000] {dagbag.py:540} INFO - Filling up the DagBag from /home/airflow/.local/lib/python3.8/site-packages/airflow/example_dags/example_trigger_target_dag.py
[2025-11-10T20:42:12.007+0000] {processor.py:840} INFO - DAG(s) 'example_trigger_target_dag' retrieved from /home/airflow/.local/lib/python3.8/site-packages/airflow/example_dags/example_trigger_target_dag.py
[2025-11-10T20:42:12.026+0000] {logging_mixin.py:188} INFO - [2025-11-10T20:42:12.026+0000] {dag.py:3047} INFO - Sync 1 DAGs
[2025-11-10T20:42:12.039+0000] {logging_mixin.py:188} INFO - [2025-11-10T20:42:12.039+0000] {dag.py:3834} INFO - Setting next_dagrun for example_trigger_target_dag to None, run_after=None
[2025-11-10T20:42:12.061+0000] {processor.py:183} INFO - Processing /home/airflow/.local/lib/python3.8/site-packages/airflow/example_dags/example_trigger_target_dag.py took 0.070 seconds
[2025-11-10T20:42:42.637+0000] {processor.py:161} INFO - Started process (PID=788) to work on /home/airflow/.local/lib/python3.8/site-packages/airflow/example_dags/example_trigger_target_dag.py
[2025-11-10T20:42:42.638+0000] {processor.py:830} INFO - Processing file /home/airflow/.local/lib/python3.8/site-packages/airflow/example_dags/example_trigger_target_dag.py for tasks to queue
[2025-11-10T20:42:42.642+0000] {logging_mixin.py:188} INFO - [2025-11-10T20:42:42.641+0000] {dagbag.py:540} INFO - Filling up the DagBag from /home/airflow/.local/lib/python3.8/site-packages/airflow/example_dags/example_trigger_target_dag.py
[2025-11-10T20:42:42.655+0000] {processor.py:840} INFO - DAG(s) 'example_trigger_target_dag' retrieved from /home/airflow/.local/lib/python3.8/site-packages/airflow/example_dags/example_trigger_target_dag.py
[2025-11-10T20:42:42.707+0000] {logging_mixin.py:188} INFO - [2025-11-10T20:42:42.707+0000] {dag.py:3047} INFO - Sync 1 DAGs
[2025-11-10T20:42:42.737+0000] {logging_mixin.py:188} INFO - [2025-11-10T20:42:42.737+0000] {dag.py:3834} INFO - Setting next_dagrun for example_trigger_target_dag to None, run_after=None
[2025-11-10T20:42:42.764+0000] {processor.py:183} INFO - Processing /home/airflow/.local/lib/python3.8/site-packages/airflow/example_dags/example_trigger_target_dag.py took 0.132 seconds
[2025-11-10T20:43:13.742+0000] {processor.py:161} INFO - Started process (PID=843) to work on /home/airflow/.local/lib/python3.8/site-packages/airflow/example_dags/example_trigger_target_dag.py
[2025-11-10T20:43:13.744+0000] {processor.py:830} INFO - Processing file /home/airflow/.local/lib/python3.8/site-packages/airflow/example_dags/example_trigger_target_dag.py for tasks to queue
[2025-11-10T20:43:13.746+0000] {logging_mixin.py:188} INFO - [2025-11-10T20:43:13.746+0000] {dagbag.py:540} INFO - Filling up the DagBag from /home/airflow/.local/lib/python3.8/site-packages/airflow/example_dags/example_trigger_target_dag.py
[2025-11-10T20:43:13.752+0000] {processor.py:840} INFO - DAG(s) 'example_trigger_target_dag' retrieved from /home/airflow/.local/lib/python3.8/site-packages/airflow/example_dags/example_trigger_target_dag.py
[2025-11-10T20:43:13.770+0000] {logging_mixin.py:188} INFO - [2025-11-10T20:43:13.770+0000] {dag.py:3047} INFO - Sync 1 DAGs
[2025-11-10T20:43:13.783+0000] {logging_mixin.py:188} INFO - [2025-11-10T20:43:13.783+0000] {dag.py:3834} INFO - Setting next_dagrun for example_trigger_target_dag to None, run_after=None
[2025-11-10T20:43:13.804+0000] {processor.py:183} INFO - Processing /home/airflow/.local/lib/python3.8/site-packages/airflow/example_dags/example_trigger_target_dag.py took 0.065 seconds
[2025-11-10T20:43:44.160+0000] {processor.py:161} INFO - Started process (PID=897) to work on /home/airflow/.local/lib/python3.8/site-packages/airflow/example_dags/example_trigger_target_dag.py
[2025-11-10T20:43:44.162+0000] {processor.py:830} INFO - Processing file /home/airflow/.local/lib/python3.8/site-packages/airflow/example_dags/example_trigger_target_dag.py for tasks to queue
[2025-11-10T20:43:44.164+0000] {logging_mixin.py:188} INFO - [2025-11-10T20:43:44.163+0000] {dagbag.py:540} INFO - Filling up the DagBag from /home/airflow/.local/lib/python3.8/site-packages/airflow/example_dags/example_trigger_target_dag.py
[2025-11-10T20:43:44.169+0000] {processor.py:840} INFO - DAG(s) 'example_trigger_target_dag' retrieved from /home/airflow/.local/lib/python3.8/site-packages/airflow/example_dags/example_trigger_target_dag.py
[2025-11-10T20:43:44.187+0000] {logging_mixin.py:188} INFO - [2025-11-10T20:43:44.187+0000] {dag.py:3047} INFO - Sync 1 DAGs
[2025-11-10T20:43:44.198+0000] {logging_mixin.py:188} INFO - [2025-11-10T20:43:44.198+0000] {dag.py:3834} INFO - Setting next_dagrun for example_trigger_target_dag to None, run_after=None
[2025-11-10T20:43:44.219+0000] {processor.py:183} INFO - Processing /home/airflow/.local/lib/python3.8/site-packages/airflow/example_dags/example_trigger_target_dag.py took 0.062 seconds
[2025-11-10T20:44:14.561+0000] {processor.py:161} INFO - Started process (PID=952) to work on /home/airflow/.local/lib/python3.8/site-packages/airflow/example_dags/example_trigger_target_dag.py
[2025-11-10T20:44:14.562+0000] {processor.py:830} INFO - Processing file /home/airflow/.local/lib/python3.8/site-packages/airflow/example_dags/example_trigger_target_dag.py for tasks to queue
[2025-11-10T20:44:14.565+0000] {logging_mixin.py:188} INFO - [2025-11-10T20:44:14.564+0000] {dagbag.py:540} INFO - Filling up the DagBag from /home/airflow/.local/lib/python3.8/site-packages/airflow/example_dags/example_trigger_target_dag.py
[2025-11-10T20:44:14.573+0000] {processor.py:840} INFO - DAG(s) 'example_trigger_target_dag' retrieved from /home/airflow/.local/lib/python3.8/site-packages/airflow/example_dags/example_trigger_target_dag.py
[2025-11-10T20:44:14.602+0000] {logging_mixin.py:188} INFO - [2025-11-10T20:44:14.601+0000] {dag.py:3047} INFO - Sync 1 DAGs
[2025-11-10T20:44:14.615+0000] {logging_mixin.py:188} INFO - [2025-11-10T20:44:14.615+0000] {dag.py:3834} INFO - Setting next_dagrun for example_trigger_target_dag to None, run_after=None
[2025-11-10T20:44:14.635+0000] {processor.py:183} INFO - Processing /home/airflow/.local/lib/python3.8/site-packages/airflow/example_dags/example_trigger_target_dag.py took 0.079 seconds
[2025-11-10T20:44:45.076+0000] {processor.py:161} INFO - Started process (PID=1007) to work on /home/airflow/.local/lib/python3.8/site-packages/airflow/example_dags/example_trigger_target_dag.py
[2025-11-10T20:44:45.078+0000] {processor.py:830} INFO - Processing file /home/airflow/.local/lib/python3.8/site-packages/airflow/example_dags/example_trigger_target_dag.py for tasks to queue
[2025-11-10T20:44:45.081+0000] {logging_mixin.py:188} INFO - [2025-11-10T20:44:45.080+0000] {dagbag.py:540} INFO - Filling up the DagBag from /home/airflow/.local/lib/python3.8/site-packages/airflow/example_dags/example_trigger_target_dag.py
[2025-11-10T20:44:45.088+0000] {processor.py:840} INFO - DAG(s) 'example_trigger_target_dag' retrieved from /home/airflow/.local/lib/python3.8/site-packages/airflow/example_dags/example_trigger_target_dag.py
[2025-11-10T20:44:45.111+0000] {logging_mixin.py:188} INFO - [2025-11-10T20:44:45.111+0000] {dag.py:3047} INFO - Sync 1 DAGs
[2025-11-10T20:44:45.126+0000] {logging_mixin.py:188} INFO - [2025-11-10T20:44:45.126+0000] {dag.py:3834} INFO - Setting next_dagrun for example_trigger_target_dag to None, run_after=None
[2025-11-10T20:44:45.163+0000] {processor.py:183} INFO - Processing /home/airflow/.local/lib/python3.8/site-packages/airflow/example_dags/example_trigger_target_dag.py took 0.092 seconds
[2025-11-10T20:45:15.337+0000] {processor.py:161} INFO - Started process (PID=1062) to work on /home/airflow/.local/lib/python3.8/site-packages/airflow/example_dags/example_trigger_target_dag.py
[2025-11-10T20:45:15.338+0000] {processor.py:830} INFO - Processing file /home/airflow/.local/lib/python3.8/site-packages/airflow/example_dags/example_trigger_target_dag.py for tasks to queue
[2025-11-10T20:45:15.340+0000] {logging_mixin.py:188} INFO - [2025-11-10T20:45:15.340+0000] {dagbag.py:540} INFO - Filling up the DagBag from /home/airflow/.local/lib/python3.8/site-packages/airflow/example_dags/example_trigger_target_dag.py
[2025-11-10T20:45:15.346+0000] {processor.py:840} INFO - DAG(s) 'example_trigger_target_dag' retrieved from /home/airflow/.local/lib/python3.8/site-packages/airflow/example_dags/example_trigger_target_dag.py
[2025-11-10T20:45:15.368+0000] {logging_mixin.py:188} INFO - [2025-11-10T20:45:15.367+0000] {dag.py:3047} INFO - Sync 1 DAGs
[2025-11-10T20:45:15.384+0000] {logging_mixin.py:188} INFO - [2025-11-10T20:45:15.384+0000] {dag.py:3834} INFO - Setting next_dagrun for example_trigger_target_dag to None, run_after=None
[2025-11-10T20:45:15.406+0000] {processor.py:183} INFO - Processing /home/airflow/.local/lib/python3.8/site-packages/airflow/example_dags/example_trigger_target_dag.py took 0.073 seconds
[2025-11-10T20:45:45.556+0000] {processor.py:161} INFO - Started process (PID=1117) to work on /home/airflow/.local/lib/python3.8/site-packages/airflow/example_dags/example_trigger_target_dag.py
[2025-11-10T20:45:45.559+0000] {processor.py:830} INFO - Processing file /home/airflow/.local/lib/python3.8/site-packages/airflow/example_dags/example_trigger_target_dag.py for tasks to queue
[2025-11-10T20:45:45.562+0000] {logging_mixin.py:188} INFO - [2025-11-10T20:45:45.561+0000] {dagbag.py:540} INFO - Filling up the DagBag from /home/airflow/.local/lib/python3.8/site-packages/airflow/example_dags/example_trigger_target_dag.py
[2025-11-10T20:45:45.570+0000] {processor.py:840} INFO - DAG(s) 'example_trigger_target_dag' retrieved from /home/airflow/.local/lib/python3.8/site-packages/airflow/example_dags/example_trigger_target_dag.py
[2025-11-10T20:45:45.589+0000] {logging_mixin.py:188} INFO - [2025-11-10T20:45:45.589+0000] {dag.py:3047} INFO - Sync 1 DAGs
[2025-11-10T20:45:45.601+0000] {logging_mixin.py:188} INFO - [2025-11-10T20:45:45.601+0000] {dag.py:3834} INFO - Setting next_dagrun for example_trigger_target_dag to None, run_after=None
[2025-11-10T20:45:45.619+0000] {processor.py:183} INFO - Processing /home/airflow/.local/lib/python3.8/site-packages/airflow/example_dags/example_trigger_target_dag.py took 0.066 seconds
[2025-11-10T20:46:15.727+0000] {processor.py:161} INFO - Started process (PID=1172) to work on /home/airflow/.local/lib/python3.8/site-packages/airflow/example_dags/example_trigger_target_dag.py
[2025-11-10T20:46:15.728+0000] {processor.py:830} INFO - Processing file /home/airflow/.local/lib/python3.8/site-packages/airflow/example_dags/example_trigger_target_dag.py for tasks to queue
[2025-11-10T20:46:15.730+0000] {logging_mixin.py:188} INFO - [2025-11-10T20:46:15.730+0000] {dagbag.py:540} INFO - Filling up the DagBag from /home/airflow/.local/lib/python3.8/site-packages/airflow/example_dags/example_trigger_target_dag.py
[2025-11-10T20:46:15.737+0000] {processor.py:840} INFO - DAG(s) 'example_trigger_target_dag' retrieved from /home/airflow/.local/lib/python3.8/site-packages/airflow/example_dags/example_trigger_target_dag.py
[2025-11-10T20:46:15.757+0000] {logging_mixin.py:188} INFO - [2025-11-10T20:46:15.757+0000] {dag.py:3047} INFO - Sync 1 DAGs
[2025-11-10T20:46:15.769+0000] {logging_mixin.py:188} INFO - [2025-11-10T20:46:15.769+0000] {dag.py:3834} INFO - Setting next_dagrun for example_trigger_target_dag to None, run_after=None
[2025-11-10T20:46:15.786+0000] {processor.py:183} INFO - Processing /home/airflow/.local/lib/python3.8/site-packages/airflow/example_dags/example_trigger_target_dag.py took 0.062 seconds
[2025-11-10T20:46:46.009+0000] {processor.py:161} INFO - Started process (PID=1228) to work on /home/airflow/.local/lib/python3.8/site-packages/airflow/example_dags/example_trigger_target_dag.py
[2025-11-10T20:46:46.011+0000] {processor.py:830} INFO - Processing file /home/airflow/.local/lib/python3.8/site-packages/airflow/example_dags/example_trigger_target_dag.py for tasks to queue
[2025-11-10T20:46:46.014+0000] {logging_mixin.py:188} INFO - [2025-11-10T20:46:46.013+0000] {dagbag.py:540} INFO - Filling up the DagBag from /home/airflow/.local/lib/python3.8/site-packages/airflow/example_dags/example_trigger_target_dag.py
[2025-11-10T20:46:46.021+0000] {processor.py:840} INFO - DAG(s) 'example_trigger_target_dag' retrieved from /home/airflow/.local/lib/python3.8/site-packages/airflow/example_dags/example_trigger_target_dag.py
[2025-11-10T20:46:46.042+0000] {logging_mixin.py:188} INFO - [2025-11-10T20:46:46.041+0000] {dag.py:3047} INFO - Sync 1 DAGs
[2025-11-10T20:46:46.054+0000] {logging_mixin.py:188} INFO - [2025-11-10T20:46:46.054+0000] {dag.py:3834} INFO - Setting next_dagrun for example_trigger_target_dag to None, run_after=None
[2025-11-10T20:46:46.071+0000] {processor.py:183} INFO - Processing /home/airflow/.local/lib/python3.8/site-packages/airflow/example_dags/example_trigger_target_dag.py took 0.065 seconds
[2025-11-10T20:47:16.574+0000] {processor.py:161} INFO - Started process (PID=1283) to work on /home/airflow/.local/lib/python3.8/site-packages/airflow/example_dags/example_trigger_target_dag.py
[2025-11-10T20:47:16.577+0000] {processor.py:830} INFO - Processing file /home/airflow/.local/lib/python3.8/site-packages/airflow/example_dags/example_trigger_target_dag.py for tasks to queue
[2025-11-10T20:47:16.585+0000] {logging_mixin.py:188} INFO - [2025-11-10T20:47:16.582+0000] {dagbag.py:540} INFO - Filling up the DagBag from /home/airflow/.local/lib/python3.8/site-packages/airflow/example_dags/example_trigger_target_dag.py
[2025-11-10T20:47:16.596+0000] {processor.py:840} INFO - DAG(s) 'example_trigger_target_dag' retrieved from /home/airflow/.local/lib/python3.8/site-packages/airflow/example_dags/example_trigger_target_dag.py
[2025-11-10T20:47:16.636+0000] {logging_mixin.py:188} INFO - [2025-11-10T20:47:16.635+0000] {dag.py:3047} INFO - Sync 1 DAGs
[2025-11-10T20:47:16.653+0000] {logging_mixin.py:188} INFO - [2025-11-10T20:47:16.653+0000] {dag.py:3834} INFO - Setting next_dagrun for example_trigger_target_dag to None, run_after=None
[2025-11-10T20:47:16.672+0000] {processor.py:183} INFO - Processing /home/airflow/.local/lib/python3.8/site-packages/airflow/example_dags/example_trigger_target_dag.py took 0.102 seconds
[2025-11-10T20:47:46.718+0000] {processor.py:161} INFO - Started process (PID=1338) to work on /home/airflow/.local/lib/python3.8/site-packages/airflow/example_dags/example_trigger_target_dag.py
[2025-11-10T20:47:46.719+0000] {processor.py:830} INFO - Processing file /home/airflow/.local/lib/python3.8/site-packages/airflow/example_dags/example_trigger_target_dag.py for tasks to queue
[2025-11-10T20:47:46.721+0000] {logging_mixin.py:188} INFO - [2025-11-10T20:47:46.721+0000] {dagbag.py:540} INFO - Filling up the DagBag from /home/airflow/.local/lib/python3.8/site-packages/airflow/example_dags/example_trigger_target_dag.py
[2025-11-10T20:47:46.727+0000] {processor.py:840} INFO - DAG(s) 'example_trigger_target_dag' retrieved from /home/airflow/.local/lib/python3.8/site-packages/airflow/example_dags/example_trigger_target_dag.py
[2025-11-10T20:47:46.746+0000] {logging_mixin.py:188} INFO - [2025-11-10T20:47:46.746+0000] {dag.py:3047} INFO - Sync 1 DAGs
[2025-11-10T20:47:46.762+0000] {logging_mixin.py:188} INFO - [2025-11-10T20:47:46.761+0000] {dag.py:3834} INFO - Setting next_dagrun for example_trigger_target_dag to None, run_after=None
[2025-11-10T20:47:46.784+0000] {processor.py:183} INFO - Processing /home/airflow/.local/lib/python3.8/site-packages/airflow/example_dags/example_trigger_target_dag.py took 0.069 seconds
[2025-11-10T20:48:17.178+0000] {processor.py:161} INFO - Started process (PID=1393) to work on /home/airflow/.local/lib/python3.8/site-packages/airflow/example_dags/example_trigger_target_dag.py
[2025-11-10T20:48:17.185+0000] {processor.py:830} INFO - Processing file /home/airflow/.local/lib/python3.8/site-packages/airflow/example_dags/example_trigger_target_dag.py for tasks to queue
[2025-11-10T20:48:17.188+0000] {logging_mixin.py:188} INFO - [2025-11-10T20:48:17.188+0000] {dagbag.py:540} INFO - Filling up the DagBag from /home/airflow/.local/lib/python3.8/site-packages/airflow/example_dags/example_trigger_target_dag.py
[2025-11-10T20:48:17.198+0000] {processor.py:840} INFO - DAG(s) 'example_trigger_target_dag' retrieved from /home/airflow/.local/lib/python3.8/site-packages/airflow/example_dags/example_trigger_target_dag.py
[2025-11-10T20:48:17.224+0000] {logging_mixin.py:188} INFO - [2025-11-10T20:48:17.224+0000] {dag.py:3047} INFO - Sync 1 DAGs
[2025-11-10T20:48:17.239+0000] {logging_mixin.py:188} INFO - [2025-11-10T20:48:17.239+0000] {dag.py:3834} INFO - Setting next_dagrun for example_trigger_target_dag to None, run_after=None
[2025-11-10T20:48:17.262+0000] {processor.py:183} INFO - Processing /home/airflow/.local/lib/python3.8/site-packages/airflow/example_dags/example_trigger_target_dag.py took 0.087 seconds
[2025-11-10T20:48:47.590+0000] {processor.py:161} INFO - Started process (PID=1448) to work on /home/airflow/.local/lib/python3.8/site-packages/airflow/example_dags/example_trigger_target_dag.py
[2025-11-10T20:48:47.591+0000] {processor.py:830} INFO - Processing file /home/airflow/.local/lib/python3.8/site-packages/airflow/example_dags/example_trigger_target_dag.py for tasks to queue
[2025-11-10T20:48:47.593+0000] {logging_mixin.py:188} INFO - [2025-11-10T20:48:47.593+0000] {dagbag.py:540} INFO - Filling up the DagBag from /home/airflow/.local/lib/python3.8/site-packages/airflow/example_dags/example_trigger_target_dag.py
[2025-11-10T20:48:47.601+0000] {processor.py:840} INFO - DAG(s) 'example_trigger_target_dag' retrieved from /home/airflow/.local/lib/python3.8/site-packages/airflow/example_dags/example_trigger_target_dag.py
[2025-11-10T20:48:47.623+0000] {logging_mixin.py:188} INFO - [2025-11-10T20:48:47.622+0000] {dag.py:3047} INFO - Sync 1 DAGs
[2025-11-10T20:48:47.644+0000] {logging_mixin.py:188} INFO - [2025-11-10T20:48:47.643+0000] {dag.py:3834} INFO - Setting next_dagrun for example_trigger_target_dag to None, run_after=None
[2025-11-10T20:48:47.669+0000] {processor.py:183} INFO - Processing /home/airflow/.local/lib/python3.8/site-packages/airflow/example_dags/example_trigger_target_dag.py took 0.083 seconds
[2025-11-10T20:49:18.266+0000] {processor.py:161} INFO - Started process (PID=1504) to work on /home/airflow/.local/lib/python3.8/site-packages/airflow/example_dags/example_trigger_target_dag.py
[2025-11-10T20:49:18.268+0000] {processor.py:830} INFO - Processing file /home/airflow/.local/lib/python3.8/site-packages/airflow/example_dags/example_trigger_target_dag.py for tasks to queue
[2025-11-10T20:49:18.270+0000] {logging_mixin.py:188} INFO - [2025-11-10T20:49:18.270+0000] {dagbag.py:540} INFO - Filling up the DagBag from /home/airflow/.local/lib/python3.8/site-packages/airflow/example_dags/example_trigger_target_dag.py
[2025-11-10T20:49:18.276+0000] {processor.py:840} INFO - DAG(s) 'example_trigger_target_dag' retrieved from /home/airflow/.local/lib/python3.8/site-packages/airflow/example_dags/example_trigger_target_dag.py
[2025-11-10T20:49:18.299+0000] {logging_mixin.py:188} INFO - [2025-11-10T20:49:18.299+0000] {dag.py:3047} INFO - Sync 1 DAGs
[2025-11-10T20:49:18.311+0000] {logging_mixin.py:188} INFO - [2025-11-10T20:49:18.311+0000] {dag.py:3834} INFO - Setting next_dagrun for example_trigger_target_dag to None, run_after=None
[2025-11-10T20:49:18.330+0000] {processor.py:183} INFO - Processing /home/airflow/.local/lib/python3.8/site-packages/airflow/example_dags/example_trigger_target_dag.py took 0.067 seconds
[2025-11-10T20:49:48.882+0000] {processor.py:161} INFO - Started process (PID=1559) to work on /home/airflow/.local/lib/python3.8/site-packages/airflow/example_dags/example_trigger_target_dag.py
[2025-11-10T20:49:48.884+0000] {processor.py:830} INFO - Processing file /home/airflow/.local/lib/python3.8/site-packages/airflow/example_dags/example_trigger_target_dag.py for tasks to queue
[2025-11-10T20:49:48.886+0000] {logging_mixin.py:188} INFO - [2025-11-10T20:49:48.885+0000] {dagbag.py:540} INFO - Filling up the DagBag from /home/airflow/.local/lib/python3.8/site-packages/airflow/example_dags/example_trigger_target_dag.py
[2025-11-10T20:49:48.893+0000] {processor.py:840} INFO - DAG(s) 'example_trigger_target_dag' retrieved from /home/airflow/.local/lib/python3.8/site-packages/airflow/example_dags/example_trigger_target_dag.py
[2025-11-10T20:49:48.915+0000] {logging_mixin.py:188} INFO - [2025-11-10T20:49:48.915+0000] {dag.py:3047} INFO - Sync 1 DAGs
[2025-11-10T20:49:48.928+0000] {logging_mixin.py:188} INFO - [2025-11-10T20:49:48.928+0000] {dag.py:3834} INFO - Setting next_dagrun for example_trigger_target_dag to None, run_after=None
[2025-11-10T20:49:48.947+0000] {processor.py:183} INFO - Processing /home/airflow/.local/lib/python3.8/site-packages/airflow/example_dags/example_trigger_target_dag.py took 0.070 seconds
[2025-11-10T20:50:19.034+0000] {processor.py:161} INFO - Started process (PID=1614) to work on /home/airflow/.local/lib/python3.8/site-packages/airflow/example_dags/example_trigger_target_dag.py
[2025-11-10T20:50:19.035+0000] {processor.py:830} INFO - Processing file /home/airflow/.local/lib/python3.8/site-packages/airflow/example_dags/example_trigger_target_dag.py for tasks to queue
[2025-11-10T20:50:19.038+0000] {logging_mixin.py:188} INFO - [2025-11-10T20:50:19.037+0000] {dagbag.py:540} INFO - Filling up the DagBag from /home/airflow/.local/lib/python3.8/site-packages/airflow/example_dags/example_trigger_target_dag.py
[2025-11-10T20:50:19.046+0000] {processor.py:840} INFO - DAG(s) 'example_trigger_target_dag' retrieved from /home/airflow/.local/lib/python3.8/site-packages/airflow/example_dags/example_trigger_target_dag.py
[2025-11-10T20:50:19.070+0000] {logging_mixin.py:188} INFO - [2025-11-10T20:50:19.069+0000] {dag.py:3047} INFO - Sync 1 DAGs
[2025-11-10T20:50:19.082+0000] {logging_mixin.py:188} INFO - [2025-11-10T20:50:19.082+0000] {dag.py:3834} INFO - Setting next_dagrun for example_trigger_target_dag to None, run_after=None
[2025-11-10T20:50:19.103+0000] {processor.py:183} INFO - Processing /home/airflow/.local/lib/python3.8/site-packages/airflow/example_dags/example_trigger_target_dag.py took 0.073 seconds
[2025-11-10T20:50:49.673+0000] {processor.py:161} INFO - Started process (PID=1669) to work on /home/airflow/.local/lib/python3.8/site-packages/airflow/example_dags/example_trigger_target_dag.py
[2025-11-10T20:50:49.674+0000] {processor.py:830} INFO - Processing file /home/airflow/.local/lib/python3.8/site-packages/airflow/example_dags/example_trigger_target_dag.py for tasks to queue
[2025-11-10T20:50:49.676+0000] {logging_mixin.py:188} INFO - [2025-11-10T20:50:49.676+0000] {dagbag.py:540} INFO - Filling up the DagBag from /home/airflow/.local/lib/python3.8/site-packages/airflow/example_dags/example_trigger_target_dag.py
[2025-11-10T20:50:49.686+0000] {processor.py:840} INFO - DAG(s) 'example_trigger_target_dag' retrieved from /home/airflow/.local/lib/python3.8/site-packages/airflow/example_dags/example_trigger_target_dag.py
[2025-11-10T20:50:49.722+0000] {logging_mixin.py:188} INFO - [2025-11-10T20:50:49.721+0000] {dag.py:3047} INFO - Sync 1 DAGs
[2025-11-10T20:50:49.743+0000] {logging_mixin.py:188} INFO - [2025-11-10T20:50:49.742+0000] {dag.py:3834} INFO - Setting next_dagrun for example_trigger_target_dag to None, run_after=None
[2025-11-10T20:50:49.780+0000] {processor.py:183} INFO - Processing /home/airflow/.local/lib/python3.8/site-packages/airflow/example_dags/example_trigger_target_dag.py took 0.110 seconds
[2025-11-10T20:51:20.046+0000] {processor.py:161} INFO - Started process (PID=1724) to work on /home/airflow/.local/lib/python3.8/site-packages/airflow/example_dags/example_trigger_target_dag.py
[2025-11-10T20:51:20.047+0000] {processor.py:830} INFO - Processing file /home/airflow/.local/lib/python3.8/site-packages/airflow/example_dags/example_trigger_target_dag.py for tasks to queue
[2025-11-10T20:51:20.049+0000] {logging_mixin.py:188} INFO - [2025-11-10T20:51:20.049+0000] {dagbag.py:540} INFO - Filling up the DagBag from /home/airflow/.local/lib/python3.8/site-packages/airflow/example_dags/example_trigger_target_dag.py
[2025-11-10T20:51:20.056+0000] {processor.py:840} INFO - DAG(s) 'example_trigger_target_dag' retrieved from /home/airflow/.local/lib/python3.8/site-packages/airflow/example_dags/example_trigger_target_dag.py
[2025-11-10T20:51:20.078+0000] {logging_mixin.py:188} INFO - [2025-11-10T20:51:20.078+0000] {dag.py:3047} INFO - Sync 1 DAGs
[2025-11-10T20:51:20.091+0000] {logging_mixin.py:188} INFO - [2025-11-10T20:51:20.091+0000] {dag.py:3834} INFO - Setting next_dagrun for example_trigger_target_dag to None, run_after=None
[2025-11-10T20:51:20.111+0000] {processor.py:183} INFO - Processing /home/airflow/.local/lib/python3.8/site-packages/airflow/example_dags/example_trigger_target_dag.py took 0.069 seconds
[2025-11-10T20:51:50.383+0000] {processor.py:161} INFO - Started process (PID=1779) to work on /home/airflow/.local/lib/python3.8/site-packages/airflow/example_dags/example_trigger_target_dag.py
[2025-11-10T20:51:50.386+0000] {processor.py:830} INFO - Processing file /home/airflow/.local/lib/python3.8/site-packages/airflow/example_dags/example_trigger_target_dag.py for tasks to queue
[2025-11-10T20:51:50.391+0000] {logging_mixin.py:188} INFO - [2025-11-10T20:51:50.390+0000] {dagbag.py:540} INFO - Filling up the DagBag from /home/airflow/.local/lib/python3.8/site-packages/airflow/example_dags/example_trigger_target_dag.py
[2025-11-10T20:51:50.399+0000] {processor.py:840} INFO - DAG(s) 'example_trigger_target_dag' retrieved from /home/airflow/.local/lib/python3.8/site-packages/airflow/example_dags/example_trigger_target_dag.py
[2025-11-10T20:51:50.419+0000] {logging_mixin.py:188} INFO - [2025-11-10T20:51:50.419+0000] {dag.py:3047} INFO - Sync 1 DAGs
[2025-11-10T20:51:50.436+0000] {logging_mixin.py:188} INFO - [2025-11-10T20:51:50.435+0000] {dag.py:3834} INFO - Setting next_dagrun for example_trigger_target_dag to None, run_after=None
[2025-11-10T20:51:50.459+0000] {processor.py:183} INFO - Processing /home/airflow/.local/lib/python3.8/site-packages/airflow/example_dags/example_trigger_target_dag.py took 0.085 seconds
[2025-11-10T20:52:20.717+0000] {processor.py:161} INFO - Started process (PID=1834) to work on /home/airflow/.local/lib/python3.8/site-packages/airflow/example_dags/example_trigger_target_dag.py
[2025-11-10T20:52:20.718+0000] {processor.py:830} INFO - Processing file /home/airflow/.local/lib/python3.8/site-packages/airflow/example_dags/example_trigger_target_dag.py for tasks to queue
[2025-11-10T20:52:20.721+0000] {logging_mixin.py:188} INFO - [2025-11-10T20:52:20.720+0000] {dagbag.py:540} INFO - Filling up the DagBag from /home/airflow/.local/lib/python3.8/site-packages/airflow/example_dags/example_trigger_target_dag.py
[2025-11-10T20:52:20.727+0000] {processor.py:840} INFO - DAG(s) 'example_trigger_target_dag' retrieved from /home/airflow/.local/lib/python3.8/site-packages/airflow/example_dags/example_trigger_target_dag.py
[2025-11-10T20:52:20.743+0000] {logging_mixin.py:188} INFO - [2025-11-10T20:52:20.743+0000] {dag.py:3047} INFO - Sync 1 DAGs
[2025-11-10T20:52:20.755+0000] {logging_mixin.py:188} INFO - [2025-11-10T20:52:20.754+0000] {dag.py:3834} INFO - Setting next_dagrun for example_trigger_target_dag to None, run_after=None
[2025-11-10T20:52:20.773+0000] {processor.py:183} INFO - Processing /home/airflow/.local/lib/python3.8/site-packages/airflow/example_dags/example_trigger_target_dag.py took 0.059 seconds
[2025-11-10T20:52:51.111+0000] {processor.py:161} INFO - Started process (PID=1889) to work on /home/airflow/.local/lib/python3.8/site-packages/airflow/example_dags/example_trigger_target_dag.py
[2025-11-10T20:52:51.112+0000] {processor.py:830} INFO - Processing file /home/airflow/.local/lib/python3.8/site-packages/airflow/example_dags/example_trigger_target_dag.py for tasks to queue
[2025-11-10T20:52:51.115+0000] {logging_mixin.py:188} INFO - [2025-11-10T20:52:51.114+0000] {dagbag.py:540} INFO - Filling up the DagBag from /home/airflow/.local/lib/python3.8/site-packages/airflow/example_dags/example_trigger_target_dag.py
[2025-11-10T20:52:51.121+0000] {processor.py:840} INFO - DAG(s) 'example_trigger_target_dag' retrieved from /home/airflow/.local/lib/python3.8/site-packages/airflow/example_dags/example_trigger_target_dag.py
[2025-11-10T20:52:51.143+0000] {logging_mixin.py:188} INFO - [2025-11-10T20:52:51.142+0000] {dag.py:3047} INFO - Sync 1 DAGs
[2025-11-10T20:52:51.156+0000] {logging_mixin.py:188} INFO - [2025-11-10T20:52:51.156+0000] {dag.py:3834} INFO - Setting next_dagrun for example_trigger_target_dag to None, run_after=None
[2025-11-10T20:52:51.176+0000] {processor.py:183} INFO - Processing /home/airflow/.local/lib/python3.8/site-packages/airflow/example_dags/example_trigger_target_dag.py took 0.070 seconds
[2025-11-10T20:53:21.473+0000] {processor.py:161} INFO - Started process (PID=1944) to work on /home/airflow/.local/lib/python3.8/site-packages/airflow/example_dags/example_trigger_target_dag.py
[2025-11-10T20:53:21.474+0000] {processor.py:830} INFO - Processing file /home/airflow/.local/lib/python3.8/site-packages/airflow/example_dags/example_trigger_target_dag.py for tasks to queue
[2025-11-10T20:53:21.477+0000] {logging_mixin.py:188} INFO - [2025-11-10T20:53:21.477+0000] {dagbag.py:540} INFO - Filling up the DagBag from /home/airflow/.local/lib/python3.8/site-packages/airflow/example_dags/example_trigger_target_dag.py
[2025-11-10T20:53:21.486+0000] {processor.py:840} INFO - DAG(s) 'example_trigger_target_dag' retrieved from /home/airflow/.local/lib/python3.8/site-packages/airflow/example_dags/example_trigger_target_dag.py
[2025-11-10T20:53:21.506+0000] {logging_mixin.py:188} INFO - [2025-11-10T20:53:21.506+0000] {dag.py:3047} INFO - Sync 1 DAGs
[2025-11-10T20:53:21.525+0000] {logging_mixin.py:188} INFO - [2025-11-10T20:53:21.525+0000] {dag.py:3834} INFO - Setting next_dagrun for example_trigger_target_dag to None, run_after=None
[2025-11-10T20:53:21.553+0000] {processor.py:183} INFO - Processing /home/airflow/.local/lib/python3.8/site-packages/airflow/example_dags/example_trigger_target_dag.py took 0.084 seconds
