[2025-11-10T20:36:12.831+0000] {processor.py:161} INFO - Started process (PID=100) to work on /home/airflow/.local/lib/python3.8/site-packages/airflow/example_dags/example_branch_day_of_week_operator.py
[2025-11-10T20:36:12.833+0000] {processor.py:830} INFO - Processing file /home/airflow/.local/lib/python3.8/site-packages/airflow/example_dags/example_branch_day_of_week_operator.py for tasks to queue
[2025-11-10T20:36:12.835+0000] {logging_mixin.py:188} INFO - [2025-11-10T20:36:12.835+0000] {dagbag.py:540} INFO - Filling up the DagBag from /home/airflow/.local/lib/python3.8/site-packages/airflow/example_dags/example_branch_day_of_week_operator.py
[2025-11-10T20:36:12.845+0000] {processor.py:840} INFO - DAG(s) 'example_weekday_branch_operator' retrieved from /home/airflow/.local/lib/python3.8/site-packages/airflow/example_dags/example_branch_day_of_week_operator.py
[2025-11-10T20:36:12.942+0000] {logging_mixin.py:188} INFO - [2025-11-10T20:36:12.942+0000] {override.py:1769} INFO - Created Permission View: can read on DAG:example_weekday_branch_operator
[2025-11-10T20:36:12.954+0000] {logging_mixin.py:188} INFO - [2025-11-10T20:36:12.954+0000] {override.py:1769} INFO - Created Permission View: can edit on DAG:example_weekday_branch_operator
[2025-11-10T20:36:12.963+0000] {logging_mixin.py:188} INFO - [2025-11-10T20:36:12.962+0000] {override.py:1769} INFO - Created Permission View: can delete on DAG:example_weekday_branch_operator
[2025-11-10T20:36:12.964+0000] {logging_mixin.py:188} INFO - [2025-11-10T20:36:12.963+0000] {dag.py:3047} INFO - Sync 1 DAGs
[2025-11-10T20:36:12.974+0000] {logging_mixin.py:188} INFO - [2025-11-10T20:36:12.974+0000] {dag.py:3069} INFO - Creating ORM DAG for example_weekday_branch_operator
[2025-11-10T20:36:12.986+0000] {logging_mixin.py:188} INFO - [2025-11-10T20:36:12.986+0000] {dag.py:3834} INFO - Setting next_dagrun for example_weekday_branch_operator to 2025-11-09 00:00:00+00:00, run_after=2025-11-10 00:00:00+00:00
[2025-11-10T20:36:13.007+0000] {processor.py:183} INFO - Processing /home/airflow/.local/lib/python3.8/site-packages/airflow/example_dags/example_branch_day_of_week_operator.py took 0.180 seconds
[2025-11-10T20:36:43.200+0000] {processor.py:161} INFO - Started process (PID=155) to work on /home/airflow/.local/lib/python3.8/site-packages/airflow/example_dags/example_branch_day_of_week_operator.py
[2025-11-10T20:36:43.201+0000] {processor.py:830} INFO - Processing file /home/airflow/.local/lib/python3.8/site-packages/airflow/example_dags/example_branch_day_of_week_operator.py for tasks to queue
[2025-11-10T20:36:43.204+0000] {logging_mixin.py:188} INFO - [2025-11-10T20:36:43.204+0000] {dagbag.py:540} INFO - Filling up the DagBag from /home/airflow/.local/lib/python3.8/site-packages/airflow/example_dags/example_branch_day_of_week_operator.py
[2025-11-10T20:36:43.212+0000] {processor.py:840} INFO - DAG(s) 'example_weekday_branch_operator' retrieved from /home/airflow/.local/lib/python3.8/site-packages/airflow/example_dags/example_branch_day_of_week_operator.py
[2025-11-10T20:36:43.233+0000] {logging_mixin.py:188} INFO - [2025-11-10T20:36:43.233+0000] {dag.py:3047} INFO - Sync 1 DAGs
[2025-11-10T20:36:43.254+0000] {logging_mixin.py:188} INFO - [2025-11-10T20:36:43.253+0000] {dag.py:3834} INFO - Setting next_dagrun for example_weekday_branch_operator to 2025-11-09 00:00:00+00:00, run_after=2025-11-10 00:00:00+00:00
[2025-11-10T20:36:43.274+0000] {processor.py:183} INFO - Processing /home/airflow/.local/lib/python3.8/site-packages/airflow/example_dags/example_branch_day_of_week_operator.py took 0.078 seconds
[2025-11-10T20:37:13.954+0000] {processor.py:161} INFO - Started process (PID=210) to work on /home/airflow/.local/lib/python3.8/site-packages/airflow/example_dags/example_branch_day_of_week_operator.py
[2025-11-10T20:37:13.955+0000] {processor.py:830} INFO - Processing file /home/airflow/.local/lib/python3.8/site-packages/airflow/example_dags/example_branch_day_of_week_operator.py for tasks to queue
[2025-11-10T20:37:13.958+0000] {logging_mixin.py:188} INFO - [2025-11-10T20:37:13.957+0000] {dagbag.py:540} INFO - Filling up the DagBag from /home/airflow/.local/lib/python3.8/site-packages/airflow/example_dags/example_branch_day_of_week_operator.py
[2025-11-10T20:37:13.966+0000] {processor.py:840} INFO - DAG(s) 'example_weekday_branch_operator' retrieved from /home/airflow/.local/lib/python3.8/site-packages/airflow/example_dags/example_branch_day_of_week_operator.py
[2025-11-10T20:37:13.987+0000] {logging_mixin.py:188} INFO - [2025-11-10T20:37:13.987+0000] {dag.py:3047} INFO - Sync 1 DAGs
[2025-11-10T20:37:14.011+0000] {logging_mixin.py:188} INFO - [2025-11-10T20:37:14.011+0000] {dag.py:3834} INFO - Setting next_dagrun for example_weekday_branch_operator to 2025-11-09 00:00:00+00:00, run_after=2025-11-10 00:00:00+00:00
[2025-11-10T20:37:14.033+0000] {processor.py:183} INFO - Processing /home/airflow/.local/lib/python3.8/site-packages/airflow/example_dags/example_branch_day_of_week_operator.py took 0.082 seconds
[2025-11-10T20:37:44.216+0000] {processor.py:161} INFO - Started process (PID=265) to work on /home/airflow/.local/lib/python3.8/site-packages/airflow/example_dags/example_branch_day_of_week_operator.py
[2025-11-10T20:37:44.219+0000] {processor.py:830} INFO - Processing file /home/airflow/.local/lib/python3.8/site-packages/airflow/example_dags/example_branch_day_of_week_operator.py for tasks to queue
[2025-11-10T20:37:44.225+0000] {logging_mixin.py:188} INFO - [2025-11-10T20:37:44.225+0000] {dagbag.py:540} INFO - Filling up the DagBag from /home/airflow/.local/lib/python3.8/site-packages/airflow/example_dags/example_branch_day_of_week_operator.py
[2025-11-10T20:37:44.236+0000] {processor.py:840} INFO - DAG(s) 'example_weekday_branch_operator' retrieved from /home/airflow/.local/lib/python3.8/site-packages/airflow/example_dags/example_branch_day_of_week_operator.py
[2025-11-10T20:37:44.296+0000] {logging_mixin.py:188} INFO - [2025-11-10T20:37:44.296+0000] {dag.py:3047} INFO - Sync 1 DAGs
[2025-11-10T20:37:44.337+0000] {logging_mixin.py:188} INFO - [2025-11-10T20:37:44.337+0000] {dag.py:3834} INFO - Setting next_dagrun for example_weekday_branch_operator to 2025-11-09 00:00:00+00:00, run_after=2025-11-10 00:00:00+00:00
[2025-11-10T20:37:44.376+0000] {processor.py:183} INFO - Processing /home/airflow/.local/lib/python3.8/site-packages/airflow/example_dags/example_branch_day_of_week_operator.py took 0.170 seconds
[2025-11-10T20:38:14.716+0000] {processor.py:161} INFO - Started process (PID=320) to work on /home/airflow/.local/lib/python3.8/site-packages/airflow/example_dags/example_branch_day_of_week_operator.py
[2025-11-10T20:38:14.717+0000] {processor.py:830} INFO - Processing file /home/airflow/.local/lib/python3.8/site-packages/airflow/example_dags/example_branch_day_of_week_operator.py for tasks to queue
[2025-11-10T20:38:14.719+0000] {logging_mixin.py:188} INFO - [2025-11-10T20:38:14.719+0000] {dagbag.py:540} INFO - Filling up the DagBag from /home/airflow/.local/lib/python3.8/site-packages/airflow/example_dags/example_branch_day_of_week_operator.py
[2025-11-10T20:38:14.727+0000] {processor.py:840} INFO - DAG(s) 'example_weekday_branch_operator' retrieved from /home/airflow/.local/lib/python3.8/site-packages/airflow/example_dags/example_branch_day_of_week_operator.py
[2025-11-10T20:38:14.749+0000] {logging_mixin.py:188} INFO - [2025-11-10T20:38:14.748+0000] {dag.py:3047} INFO - Sync 1 DAGs
[2025-11-10T20:38:14.772+0000] {logging_mixin.py:188} INFO - [2025-11-10T20:38:14.771+0000] {dag.py:3834} INFO - Setting next_dagrun for example_weekday_branch_operator to 2025-11-09 00:00:00+00:00, run_after=2025-11-10 00:00:00+00:00
[2025-11-10T20:38:14.790+0000] {processor.py:183} INFO - Processing /home/airflow/.local/lib/python3.8/site-packages/airflow/example_dags/example_branch_day_of_week_operator.py took 0.078 seconds
[2025-11-10T20:38:44.913+0000] {processor.py:161} INFO - Started process (PID=375) to work on /home/airflow/.local/lib/python3.8/site-packages/airflow/example_dags/example_branch_day_of_week_operator.py
[2025-11-10T20:38:44.916+0000] {processor.py:830} INFO - Processing file /home/airflow/.local/lib/python3.8/site-packages/airflow/example_dags/example_branch_day_of_week_operator.py for tasks to queue
[2025-11-10T20:38:44.918+0000] {logging_mixin.py:188} INFO - [2025-11-10T20:38:44.918+0000] {dagbag.py:540} INFO - Filling up the DagBag from /home/airflow/.local/lib/python3.8/site-packages/airflow/example_dags/example_branch_day_of_week_operator.py
[2025-11-10T20:38:44.926+0000] {processor.py:840} INFO - DAG(s) 'example_weekday_branch_operator' retrieved from /home/airflow/.local/lib/python3.8/site-packages/airflow/example_dags/example_branch_day_of_week_operator.py
[2025-11-10T20:38:44.946+0000] {logging_mixin.py:188} INFO - [2025-11-10T20:38:44.946+0000] {dag.py:3047} INFO - Sync 1 DAGs
[2025-11-10T20:38:44.968+0000] {logging_mixin.py:188} INFO - [2025-11-10T20:38:44.968+0000] {dag.py:3834} INFO - Setting next_dagrun for example_weekday_branch_operator to 2025-11-09 00:00:00+00:00, run_after=2025-11-10 00:00:00+00:00
[2025-11-10T20:38:44.989+0000] {processor.py:183} INFO - Processing /home/airflow/.local/lib/python3.8/site-packages/airflow/example_dags/example_branch_day_of_week_operator.py took 0.080 seconds
[2025-11-10T20:39:15.277+0000] {processor.py:161} INFO - Started process (PID=430) to work on /home/airflow/.local/lib/python3.8/site-packages/airflow/example_dags/example_branch_day_of_week_operator.py
[2025-11-10T20:39:15.279+0000] {processor.py:830} INFO - Processing file /home/airflow/.local/lib/python3.8/site-packages/airflow/example_dags/example_branch_day_of_week_operator.py for tasks to queue
[2025-11-10T20:39:15.281+0000] {logging_mixin.py:188} INFO - [2025-11-10T20:39:15.281+0000] {dagbag.py:540} INFO - Filling up the DagBag from /home/airflow/.local/lib/python3.8/site-packages/airflow/example_dags/example_branch_day_of_week_operator.py
[2025-11-10T20:39:15.289+0000] {processor.py:840} INFO - DAG(s) 'example_weekday_branch_operator' retrieved from /home/airflow/.local/lib/python3.8/site-packages/airflow/example_dags/example_branch_day_of_week_operator.py
[2025-11-10T20:39:15.309+0000] {logging_mixin.py:188} INFO - [2025-11-10T20:39:15.309+0000] {dag.py:3047} INFO - Sync 1 DAGs
[2025-11-10T20:39:15.331+0000] {logging_mixin.py:188} INFO - [2025-11-10T20:39:15.331+0000] {dag.py:3834} INFO - Setting next_dagrun for example_weekday_branch_operator to 2025-11-09 00:00:00+00:00, run_after=2025-11-10 00:00:00+00:00
[2025-11-10T20:39:15.347+0000] {processor.py:183} INFO - Processing /home/airflow/.local/lib/python3.8/site-packages/airflow/example_dags/example_branch_day_of_week_operator.py took 0.074 seconds
[2025-11-10T20:39:46.194+0000] {processor.py:161} INFO - Started process (PID=485) to work on /home/airflow/.local/lib/python3.8/site-packages/airflow/example_dags/example_branch_day_of_week_operator.py
[2025-11-10T20:39:46.196+0000] {processor.py:830} INFO - Processing file /home/airflow/.local/lib/python3.8/site-packages/airflow/example_dags/example_branch_day_of_week_operator.py for tasks to queue
[2025-11-10T20:39:46.199+0000] {logging_mixin.py:188} INFO - [2025-11-10T20:39:46.198+0000] {dagbag.py:540} INFO - Filling up the DagBag from /home/airflow/.local/lib/python3.8/site-packages/airflow/example_dags/example_branch_day_of_week_operator.py
[2025-11-10T20:39:46.207+0000] {processor.py:840} INFO - DAG(s) 'example_weekday_branch_operator' retrieved from /home/airflow/.local/lib/python3.8/site-packages/airflow/example_dags/example_branch_day_of_week_operator.py
[2025-11-10T20:39:46.233+0000] {logging_mixin.py:188} INFO - [2025-11-10T20:39:46.233+0000] {dag.py:3047} INFO - Sync 1 DAGs
[2025-11-10T20:39:46.255+0000] {logging_mixin.py:188} INFO - [2025-11-10T20:39:46.255+0000] {dag.py:3834} INFO - Setting next_dagrun for example_weekday_branch_operator to 2025-11-09 00:00:00+00:00, run_after=2025-11-10 00:00:00+00:00
[2025-11-10T20:39:46.277+0000] {processor.py:183} INFO - Processing /home/airflow/.local/lib/python3.8/site-packages/airflow/example_dags/example_branch_day_of_week_operator.py took 0.087 seconds
[2025-11-10T20:40:16.868+0000] {processor.py:161} INFO - Started process (PID=540) to work on /home/airflow/.local/lib/python3.8/site-packages/airflow/example_dags/example_branch_day_of_week_operator.py
[2025-11-10T20:40:16.870+0000] {processor.py:830} INFO - Processing file /home/airflow/.local/lib/python3.8/site-packages/airflow/example_dags/example_branch_day_of_week_operator.py for tasks to queue
[2025-11-10T20:40:16.873+0000] {logging_mixin.py:188} INFO - [2025-11-10T20:40:16.872+0000] {dagbag.py:540} INFO - Filling up the DagBag from /home/airflow/.local/lib/python3.8/site-packages/airflow/example_dags/example_branch_day_of_week_operator.py
[2025-11-10T20:40:16.881+0000] {processor.py:840} INFO - DAG(s) 'example_weekday_branch_operator' retrieved from /home/airflow/.local/lib/python3.8/site-packages/airflow/example_dags/example_branch_day_of_week_operator.py
[2025-11-10T20:40:16.901+0000] {logging_mixin.py:188} INFO - [2025-11-10T20:40:16.901+0000] {dag.py:3047} INFO - Sync 1 DAGs
[2025-11-10T20:40:16.923+0000] {logging_mixin.py:188} INFO - [2025-11-10T20:40:16.923+0000] {dag.py:3834} INFO - Setting next_dagrun for example_weekday_branch_operator to 2025-11-09 00:00:00+00:00, run_after=2025-11-10 00:00:00+00:00
[2025-11-10T20:40:16.940+0000] {processor.py:183} INFO - Processing /home/airflow/.local/lib/python3.8/site-packages/airflow/example_dags/example_branch_day_of_week_operator.py took 0.077 seconds
[2025-11-10T20:40:47.191+0000] {processor.py:161} INFO - Started process (PID=595) to work on /home/airflow/.local/lib/python3.8/site-packages/airflow/example_dags/example_branch_day_of_week_operator.py
[2025-11-10T20:40:47.192+0000] {processor.py:830} INFO - Processing file /home/airflow/.local/lib/python3.8/site-packages/airflow/example_dags/example_branch_day_of_week_operator.py for tasks to queue
[2025-11-10T20:40:47.195+0000] {logging_mixin.py:188} INFO - [2025-11-10T20:40:47.194+0000] {dagbag.py:540} INFO - Filling up the DagBag from /home/airflow/.local/lib/python3.8/site-packages/airflow/example_dags/example_branch_day_of_week_operator.py
[2025-11-10T20:40:47.203+0000] {processor.py:840} INFO - DAG(s) 'example_weekday_branch_operator' retrieved from /home/airflow/.local/lib/python3.8/site-packages/airflow/example_dags/example_branch_day_of_week_operator.py
[2025-11-10T20:40:47.228+0000] {logging_mixin.py:188} INFO - [2025-11-10T20:40:47.228+0000] {dag.py:3047} INFO - Sync 1 DAGs
[2025-11-10T20:40:47.252+0000] {logging_mixin.py:188} INFO - [2025-11-10T20:40:47.251+0000] {dag.py:3834} INFO - Setting next_dagrun for example_weekday_branch_operator to 2025-11-09 00:00:00+00:00, run_after=2025-11-10 00:00:00+00:00
[2025-11-10T20:40:47.276+0000] {processor.py:183} INFO - Processing /home/airflow/.local/lib/python3.8/site-packages/airflow/example_dags/example_branch_day_of_week_operator.py took 0.089 seconds
[2025-11-10T20:41:17.656+0000] {processor.py:161} INFO - Started process (PID=650) to work on /home/airflow/.local/lib/python3.8/site-packages/airflow/example_dags/example_branch_day_of_week_operator.py
[2025-11-10T20:41:17.658+0000] {processor.py:830} INFO - Processing file /home/airflow/.local/lib/python3.8/site-packages/airflow/example_dags/example_branch_day_of_week_operator.py for tasks to queue
[2025-11-10T20:41:17.661+0000] {logging_mixin.py:188} INFO - [2025-11-10T20:41:17.660+0000] {dagbag.py:540} INFO - Filling up the DagBag from /home/airflow/.local/lib/python3.8/site-packages/airflow/example_dags/example_branch_day_of_week_operator.py
[2025-11-10T20:41:17.672+0000] {processor.py:840} INFO - DAG(s) 'example_weekday_branch_operator' retrieved from /home/airflow/.local/lib/python3.8/site-packages/airflow/example_dags/example_branch_day_of_week_operator.py
[2025-11-10T20:41:17.695+0000] {logging_mixin.py:188} INFO - [2025-11-10T20:41:17.694+0000] {dag.py:3047} INFO - Sync 1 DAGs
[2025-11-10T20:41:17.722+0000] {logging_mixin.py:188} INFO - [2025-11-10T20:41:17.722+0000] {dag.py:3834} INFO - Setting next_dagrun for example_weekday_branch_operator to 2025-11-09 00:00:00+00:00, run_after=2025-11-10 00:00:00+00:00
[2025-11-10T20:41:17.744+0000] {processor.py:183} INFO - Processing /home/airflow/.local/lib/python3.8/site-packages/airflow/example_dags/example_branch_day_of_week_operator.py took 0.092 seconds
[2025-11-10T20:41:48.254+0000] {processor.py:161} INFO - Started process (PID=705) to work on /home/airflow/.local/lib/python3.8/site-packages/airflow/example_dags/example_branch_day_of_week_operator.py
[2025-11-10T20:41:48.255+0000] {processor.py:830} INFO - Processing file /home/airflow/.local/lib/python3.8/site-packages/airflow/example_dags/example_branch_day_of_week_operator.py for tasks to queue
[2025-11-10T20:41:48.257+0000] {logging_mixin.py:188} INFO - [2025-11-10T20:41:48.257+0000] {dagbag.py:540} INFO - Filling up the DagBag from /home/airflow/.local/lib/python3.8/site-packages/airflow/example_dags/example_branch_day_of_week_operator.py
[2025-11-10T20:41:48.265+0000] {processor.py:840} INFO - DAG(s) 'example_weekday_branch_operator' retrieved from /home/airflow/.local/lib/python3.8/site-packages/airflow/example_dags/example_branch_day_of_week_operator.py
[2025-11-10T20:41:48.285+0000] {logging_mixin.py:188} INFO - [2025-11-10T20:41:48.285+0000] {dag.py:3047} INFO - Sync 1 DAGs
[2025-11-10T20:41:48.305+0000] {logging_mixin.py:188} INFO - [2025-11-10T20:41:48.304+0000] {dag.py:3834} INFO - Setting next_dagrun for example_weekday_branch_operator to 2025-11-09 00:00:00+00:00, run_after=2025-11-10 00:00:00+00:00
[2025-11-10T20:41:48.322+0000] {processor.py:183} INFO - Processing /home/airflow/.local/lib/python3.8/site-packages/airflow/example_dags/example_branch_day_of_week_operator.py took 0.071 seconds
[2025-11-10T20:42:19.099+0000] {processor.py:161} INFO - Started process (PID=760) to work on /home/airflow/.local/lib/python3.8/site-packages/airflow/example_dags/example_branch_day_of_week_operator.py
[2025-11-10T20:42:19.100+0000] {processor.py:830} INFO - Processing file /home/airflow/.local/lib/python3.8/site-packages/airflow/example_dags/example_branch_day_of_week_operator.py for tasks to queue
[2025-11-10T20:42:19.102+0000] {logging_mixin.py:188} INFO - [2025-11-10T20:42:19.102+0000] {dagbag.py:540} INFO - Filling up the DagBag from /home/airflow/.local/lib/python3.8/site-packages/airflow/example_dags/example_branch_day_of_week_operator.py
[2025-11-10T20:42:19.111+0000] {processor.py:840} INFO - DAG(s) 'example_weekday_branch_operator' retrieved from /home/airflow/.local/lib/python3.8/site-packages/airflow/example_dags/example_branch_day_of_week_operator.py
[2025-11-10T20:42:19.134+0000] {logging_mixin.py:188} INFO - [2025-11-10T20:42:19.134+0000] {dag.py:3047} INFO - Sync 1 DAGs
[2025-11-10T20:42:19.156+0000] {logging_mixin.py:188} INFO - [2025-11-10T20:42:19.156+0000] {dag.py:3834} INFO - Setting next_dagrun for example_weekday_branch_operator to 2025-11-09 00:00:00+00:00, run_after=2025-11-10 00:00:00+00:00
[2025-11-10T20:42:19.173+0000] {processor.py:183} INFO - Processing /home/airflow/.local/lib/python3.8/site-packages/airflow/example_dags/example_branch_day_of_week_operator.py took 0.077 seconds
[2025-11-10T20:42:49.492+0000] {processor.py:161} INFO - Started process (PID=815) to work on /home/airflow/.local/lib/python3.8/site-packages/airflow/example_dags/example_branch_day_of_week_operator.py
[2025-11-10T20:42:49.493+0000] {processor.py:830} INFO - Processing file /home/airflow/.local/lib/python3.8/site-packages/airflow/example_dags/example_branch_day_of_week_operator.py for tasks to queue
[2025-11-10T20:42:49.495+0000] {logging_mixin.py:188} INFO - [2025-11-10T20:42:49.495+0000] {dagbag.py:540} INFO - Filling up the DagBag from /home/airflow/.local/lib/python3.8/site-packages/airflow/example_dags/example_branch_day_of_week_operator.py
[2025-11-10T20:42:49.503+0000] {processor.py:840} INFO - DAG(s) 'example_weekday_branch_operator' retrieved from /home/airflow/.local/lib/python3.8/site-packages/airflow/example_dags/example_branch_day_of_week_operator.py
[2025-11-10T20:42:49.523+0000] {logging_mixin.py:188} INFO - [2025-11-10T20:42:49.523+0000] {dag.py:3047} INFO - Sync 1 DAGs
[2025-11-10T20:42:49.553+0000] {logging_mixin.py:188} INFO - [2025-11-10T20:42:49.552+0000] {dag.py:3834} INFO - Setting next_dagrun for example_weekday_branch_operator to 2025-11-09 00:00:00+00:00, run_after=2025-11-10 00:00:00+00:00
[2025-11-10T20:42:49.587+0000] {processor.py:183} INFO - Processing /home/airflow/.local/lib/python3.8/site-packages/airflow/example_dags/example_branch_day_of_week_operator.py took 0.098 seconds
[2025-11-10T20:43:19.820+0000] {processor.py:161} INFO - Started process (PID=870) to work on /home/airflow/.local/lib/python3.8/site-packages/airflow/example_dags/example_branch_day_of_week_operator.py
[2025-11-10T20:43:19.821+0000] {processor.py:830} INFO - Processing file /home/airflow/.local/lib/python3.8/site-packages/airflow/example_dags/example_branch_day_of_week_operator.py for tasks to queue
[2025-11-10T20:43:19.824+0000] {logging_mixin.py:188} INFO - [2025-11-10T20:43:19.823+0000] {dagbag.py:540} INFO - Filling up the DagBag from /home/airflow/.local/lib/python3.8/site-packages/airflow/example_dags/example_branch_day_of_week_operator.py
[2025-11-10T20:43:19.835+0000] {processor.py:840} INFO - DAG(s) 'example_weekday_branch_operator' retrieved from /home/airflow/.local/lib/python3.8/site-packages/airflow/example_dags/example_branch_day_of_week_operator.py
[2025-11-10T20:43:19.858+0000] {logging_mixin.py:188} INFO - [2025-11-10T20:43:19.858+0000] {dag.py:3047} INFO - Sync 1 DAGs
[2025-11-10T20:43:19.879+0000] {logging_mixin.py:188} INFO - [2025-11-10T20:43:19.879+0000] {dag.py:3834} INFO - Setting next_dagrun for example_weekday_branch_operator to 2025-11-09 00:00:00+00:00, run_after=2025-11-10 00:00:00+00:00
[2025-11-10T20:43:19.899+0000] {processor.py:183} INFO - Processing /home/airflow/.local/lib/python3.8/site-packages/airflow/example_dags/example_branch_day_of_week_operator.py took 0.082 seconds
[2025-11-10T20:43:50.339+0000] {processor.py:161} INFO - Started process (PID=924) to work on /home/airflow/.local/lib/python3.8/site-packages/airflow/example_dags/example_branch_day_of_week_operator.py
[2025-11-10T20:43:50.341+0000] {processor.py:830} INFO - Processing file /home/airflow/.local/lib/python3.8/site-packages/airflow/example_dags/example_branch_day_of_week_operator.py for tasks to queue
[2025-11-10T20:43:50.343+0000] {logging_mixin.py:188} INFO - [2025-11-10T20:43:50.343+0000] {dagbag.py:540} INFO - Filling up the DagBag from /home/airflow/.local/lib/python3.8/site-packages/airflow/example_dags/example_branch_day_of_week_operator.py
[2025-11-10T20:43:50.351+0000] {processor.py:840} INFO - DAG(s) 'example_weekday_branch_operator' retrieved from /home/airflow/.local/lib/python3.8/site-packages/airflow/example_dags/example_branch_day_of_week_operator.py
[2025-11-10T20:43:50.373+0000] {logging_mixin.py:188} INFO - [2025-11-10T20:43:50.373+0000] {dag.py:3047} INFO - Sync 1 DAGs
[2025-11-10T20:43:50.397+0000] {logging_mixin.py:188} INFO - [2025-11-10T20:43:50.397+0000] {dag.py:3834} INFO - Setting next_dagrun for example_weekday_branch_operator to 2025-11-09 00:00:00+00:00, run_after=2025-11-10 00:00:00+00:00
[2025-11-10T20:43:50.415+0000] {processor.py:183} INFO - Processing /home/airflow/.local/lib/python3.8/site-packages/airflow/example_dags/example_branch_day_of_week_operator.py took 0.079 seconds
[2025-11-10T20:44:21.073+0000] {processor.py:161} INFO - Started process (PID=979) to work on /home/airflow/.local/lib/python3.8/site-packages/airflow/example_dags/example_branch_day_of_week_operator.py
[2025-11-10T20:44:21.075+0000] {processor.py:830} INFO - Processing file /home/airflow/.local/lib/python3.8/site-packages/airflow/example_dags/example_branch_day_of_week_operator.py for tasks to queue
[2025-11-10T20:44:21.077+0000] {logging_mixin.py:188} INFO - [2025-11-10T20:44:21.077+0000] {dagbag.py:540} INFO - Filling up the DagBag from /home/airflow/.local/lib/python3.8/site-packages/airflow/example_dags/example_branch_day_of_week_operator.py
[2025-11-10T20:44:21.084+0000] {processor.py:840} INFO - DAG(s) 'example_weekday_branch_operator' retrieved from /home/airflow/.local/lib/python3.8/site-packages/airflow/example_dags/example_branch_day_of_week_operator.py
[2025-11-10T20:44:21.105+0000] {logging_mixin.py:188} INFO - [2025-11-10T20:44:21.105+0000] {dag.py:3047} INFO - Sync 1 DAGs
[2025-11-10T20:44:21.151+0000] {logging_mixin.py:188} INFO - [2025-11-10T20:44:21.151+0000] {dag.py:3834} INFO - Setting next_dagrun for example_weekday_branch_operator to 2025-11-09 00:00:00+00:00, run_after=2025-11-10 00:00:00+00:00
[2025-11-10T20:44:21.187+0000] {processor.py:183} INFO - Processing /home/airflow/.local/lib/python3.8/site-packages/airflow/example_dags/example_branch_day_of_week_operator.py took 0.117 seconds
[2025-11-10T20:44:51.746+0000] {processor.py:161} INFO - Started process (PID=1034) to work on /home/airflow/.local/lib/python3.8/site-packages/airflow/example_dags/example_branch_day_of_week_operator.py
[2025-11-10T20:44:51.748+0000] {processor.py:830} INFO - Processing file /home/airflow/.local/lib/python3.8/site-packages/airflow/example_dags/example_branch_day_of_week_operator.py for tasks to queue
[2025-11-10T20:44:51.750+0000] {logging_mixin.py:188} INFO - [2025-11-10T20:44:51.750+0000] {dagbag.py:540} INFO - Filling up the DagBag from /home/airflow/.local/lib/python3.8/site-packages/airflow/example_dags/example_branch_day_of_week_operator.py
[2025-11-10T20:44:51.763+0000] {processor.py:840} INFO - DAG(s) 'example_weekday_branch_operator' retrieved from /home/airflow/.local/lib/python3.8/site-packages/airflow/example_dags/example_branch_day_of_week_operator.py
[2025-11-10T20:44:51.787+0000] {logging_mixin.py:188} INFO - [2025-11-10T20:44:51.787+0000] {dag.py:3047} INFO - Sync 1 DAGs
[2025-11-10T20:44:51.827+0000] {logging_mixin.py:188} INFO - [2025-11-10T20:44:51.826+0000] {dag.py:3834} INFO - Setting next_dagrun for example_weekday_branch_operator to 2025-11-09 00:00:00+00:00, run_after=2025-11-10 00:00:00+00:00
[2025-11-10T20:44:51.862+0000] {processor.py:183} INFO - Processing /home/airflow/.local/lib/python3.8/site-packages/airflow/example_dags/example_branch_day_of_week_operator.py took 0.120 seconds
[2025-11-10T20:45:22.171+0000] {processor.py:161} INFO - Started process (PID=1089) to work on /home/airflow/.local/lib/python3.8/site-packages/airflow/example_dags/example_branch_day_of_week_operator.py
[2025-11-10T20:45:22.175+0000] {processor.py:830} INFO - Processing file /home/airflow/.local/lib/python3.8/site-packages/airflow/example_dags/example_branch_day_of_week_operator.py for tasks to queue
[2025-11-10T20:45:22.180+0000] {logging_mixin.py:188} INFO - [2025-11-10T20:45:22.179+0000] {dagbag.py:540} INFO - Filling up the DagBag from /home/airflow/.local/lib/python3.8/site-packages/airflow/example_dags/example_branch_day_of_week_operator.py
[2025-11-10T20:45:22.192+0000] {processor.py:840} INFO - DAG(s) 'example_weekday_branch_operator' retrieved from /home/airflow/.local/lib/python3.8/site-packages/airflow/example_dags/example_branch_day_of_week_operator.py
[2025-11-10T20:45:22.217+0000] {logging_mixin.py:188} INFO - [2025-11-10T20:45:22.216+0000] {dag.py:3047} INFO - Sync 1 DAGs
[2025-11-10T20:45:22.240+0000] {logging_mixin.py:188} INFO - [2025-11-10T20:45:22.240+0000] {dag.py:3834} INFO - Setting next_dagrun for example_weekday_branch_operator to 2025-11-09 00:00:00+00:00, run_after=2025-11-10 00:00:00+00:00
[2025-11-10T20:45:22.260+0000] {processor.py:183} INFO - Processing /home/airflow/.local/lib/python3.8/site-packages/airflow/example_dags/example_branch_day_of_week_operator.py took 0.100 seconds
[2025-11-10T20:45:52.719+0000] {processor.py:161} INFO - Started process (PID=1144) to work on /home/airflow/.local/lib/python3.8/site-packages/airflow/example_dags/example_branch_day_of_week_operator.py
[2025-11-10T20:45:52.721+0000] {processor.py:830} INFO - Processing file /home/airflow/.local/lib/python3.8/site-packages/airflow/example_dags/example_branch_day_of_week_operator.py for tasks to queue
[2025-11-10T20:45:52.723+0000] {logging_mixin.py:188} INFO - [2025-11-10T20:45:52.723+0000] {dagbag.py:540} INFO - Filling up the DagBag from /home/airflow/.local/lib/python3.8/site-packages/airflow/example_dags/example_branch_day_of_week_operator.py
[2025-11-10T20:45:52.731+0000] {processor.py:840} INFO - DAG(s) 'example_weekday_branch_operator' retrieved from /home/airflow/.local/lib/python3.8/site-packages/airflow/example_dags/example_branch_day_of_week_operator.py
[2025-11-10T20:45:52.754+0000] {logging_mixin.py:188} INFO - [2025-11-10T20:45:52.754+0000] {dag.py:3047} INFO - Sync 1 DAGs
[2025-11-10T20:45:52.776+0000] {logging_mixin.py:188} INFO - [2025-11-10T20:45:52.776+0000] {dag.py:3834} INFO - Setting next_dagrun for example_weekday_branch_operator to 2025-11-09 00:00:00+00:00, run_after=2025-11-10 00:00:00+00:00
[2025-11-10T20:45:52.797+0000] {processor.py:183} INFO - Processing /home/airflow/.local/lib/python3.8/site-packages/airflow/example_dags/example_branch_day_of_week_operator.py took 0.082 seconds
[2025-11-10T20:46:22.934+0000] {processor.py:161} INFO - Started process (PID=1199) to work on /home/airflow/.local/lib/python3.8/site-packages/airflow/example_dags/example_branch_day_of_week_operator.py
[2025-11-10T20:46:22.936+0000] {processor.py:830} INFO - Processing file /home/airflow/.local/lib/python3.8/site-packages/airflow/example_dags/example_branch_day_of_week_operator.py for tasks to queue
[2025-11-10T20:46:22.941+0000] {logging_mixin.py:188} INFO - [2025-11-10T20:46:22.940+0000] {dagbag.py:540} INFO - Filling up the DagBag from /home/airflow/.local/lib/python3.8/site-packages/airflow/example_dags/example_branch_day_of_week_operator.py
[2025-11-10T20:46:22.953+0000] {processor.py:840} INFO - DAG(s) 'example_weekday_branch_operator' retrieved from /home/airflow/.local/lib/python3.8/site-packages/airflow/example_dags/example_branch_day_of_week_operator.py
[2025-11-10T20:46:22.982+0000] {logging_mixin.py:188} INFO - [2025-11-10T20:46:22.981+0000] {dag.py:3047} INFO - Sync 1 DAGs
[2025-11-10T20:46:23.005+0000] {logging_mixin.py:188} INFO - [2025-11-10T20:46:23.005+0000] {dag.py:3834} INFO - Setting next_dagrun for example_weekday_branch_operator to 2025-11-09 00:00:00+00:00, run_after=2025-11-10 00:00:00+00:00
[2025-11-10T20:46:23.026+0000] {processor.py:183} INFO - Processing /home/airflow/.local/lib/python3.8/site-packages/airflow/example_dags/example_branch_day_of_week_operator.py took 0.096 seconds
[2025-11-10T20:46:53.128+0000] {processor.py:161} INFO - Started process (PID=1255) to work on /home/airflow/.local/lib/python3.8/site-packages/airflow/example_dags/example_branch_day_of_week_operator.py
[2025-11-10T20:46:53.130+0000] {processor.py:830} INFO - Processing file /home/airflow/.local/lib/python3.8/site-packages/airflow/example_dags/example_branch_day_of_week_operator.py for tasks to queue
[2025-11-10T20:46:53.133+0000] {logging_mixin.py:188} INFO - [2025-11-10T20:46:53.132+0000] {dagbag.py:540} INFO - Filling up the DagBag from /home/airflow/.local/lib/python3.8/site-packages/airflow/example_dags/example_branch_day_of_week_operator.py
[2025-11-10T20:46:53.145+0000] {processor.py:840} INFO - DAG(s) 'example_weekday_branch_operator' retrieved from /home/airflow/.local/lib/python3.8/site-packages/airflow/example_dags/example_branch_day_of_week_operator.py
[2025-11-10T20:46:53.166+0000] {logging_mixin.py:188} INFO - [2025-11-10T20:46:53.166+0000] {dag.py:3047} INFO - Sync 1 DAGs
[2025-11-10T20:46:53.191+0000] {logging_mixin.py:188} INFO - [2025-11-10T20:46:53.190+0000] {dag.py:3834} INFO - Setting next_dagrun for example_weekday_branch_operator to 2025-11-09 00:00:00+00:00, run_after=2025-11-10 00:00:00+00:00
[2025-11-10T20:46:53.208+0000] {processor.py:183} INFO - Processing /home/airflow/.local/lib/python3.8/site-packages/airflow/example_dags/example_branch_day_of_week_operator.py took 0.084 seconds
[2025-11-10T20:47:23.394+0000] {processor.py:161} INFO - Started process (PID=1310) to work on /home/airflow/.local/lib/python3.8/site-packages/airflow/example_dags/example_branch_day_of_week_operator.py
[2025-11-10T20:47:23.395+0000] {processor.py:830} INFO - Processing file /home/airflow/.local/lib/python3.8/site-packages/airflow/example_dags/example_branch_day_of_week_operator.py for tasks to queue
[2025-11-10T20:47:23.397+0000] {logging_mixin.py:188} INFO - [2025-11-10T20:47:23.397+0000] {dagbag.py:540} INFO - Filling up the DagBag from /home/airflow/.local/lib/python3.8/site-packages/airflow/example_dags/example_branch_day_of_week_operator.py
[2025-11-10T20:47:23.405+0000] {processor.py:840} INFO - DAG(s) 'example_weekday_branch_operator' retrieved from /home/airflow/.local/lib/python3.8/site-packages/airflow/example_dags/example_branch_day_of_week_operator.py
[2025-11-10T20:47:23.425+0000] {logging_mixin.py:188} INFO - [2025-11-10T20:47:23.425+0000] {dag.py:3047} INFO - Sync 1 DAGs
[2025-11-10T20:47:23.448+0000] {logging_mixin.py:188} INFO - [2025-11-10T20:47:23.447+0000] {dag.py:3834} INFO - Setting next_dagrun for example_weekday_branch_operator to 2025-11-09 00:00:00+00:00, run_after=2025-11-10 00:00:00+00:00
[2025-11-10T20:47:23.470+0000] {processor.py:183} INFO - Processing /home/airflow/.local/lib/python3.8/site-packages/airflow/example_dags/example_branch_day_of_week_operator.py took 0.079 seconds
[2025-11-10T20:47:53.788+0000] {processor.py:161} INFO - Started process (PID=1365) to work on /home/airflow/.local/lib/python3.8/site-packages/airflow/example_dags/example_branch_day_of_week_operator.py
[2025-11-10T20:47:53.791+0000] {processor.py:830} INFO - Processing file /home/airflow/.local/lib/python3.8/site-packages/airflow/example_dags/example_branch_day_of_week_operator.py for tasks to queue
[2025-11-10T20:47:53.794+0000] {logging_mixin.py:188} INFO - [2025-11-10T20:47:53.794+0000] {dagbag.py:540} INFO - Filling up the DagBag from /home/airflow/.local/lib/python3.8/site-packages/airflow/example_dags/example_branch_day_of_week_operator.py
[2025-11-10T20:47:53.806+0000] {processor.py:840} INFO - DAG(s) 'example_weekday_branch_operator' retrieved from /home/airflow/.local/lib/python3.8/site-packages/airflow/example_dags/example_branch_day_of_week_operator.py
[2025-11-10T20:47:53.830+0000] {logging_mixin.py:188} INFO - [2025-11-10T20:47:53.829+0000] {dag.py:3047} INFO - Sync 1 DAGs
[2025-11-10T20:47:53.855+0000] {logging_mixin.py:188} INFO - [2025-11-10T20:47:53.855+0000] {dag.py:3834} INFO - Setting next_dagrun for example_weekday_branch_operator to 2025-11-09 00:00:00+00:00, run_after=2025-11-10 00:00:00+00:00
[2025-11-10T20:47:53.877+0000] {processor.py:183} INFO - Processing /home/airflow/.local/lib/python3.8/site-packages/airflow/example_dags/example_branch_day_of_week_operator.py took 0.095 seconds
[2025-11-10T20:48:24.233+0000] {processor.py:161} INFO - Started process (PID=1420) to work on /home/airflow/.local/lib/python3.8/site-packages/airflow/example_dags/example_branch_day_of_week_operator.py
[2025-11-10T20:48:24.237+0000] {processor.py:830} INFO - Processing file /home/airflow/.local/lib/python3.8/site-packages/airflow/example_dags/example_branch_day_of_week_operator.py for tasks to queue
[2025-11-10T20:48:24.241+0000] {logging_mixin.py:188} INFO - [2025-11-10T20:48:24.241+0000] {dagbag.py:540} INFO - Filling up the DagBag from /home/airflow/.local/lib/python3.8/site-packages/airflow/example_dags/example_branch_day_of_week_operator.py
[2025-11-10T20:48:24.253+0000] {processor.py:840} INFO - DAG(s) 'example_weekday_branch_operator' retrieved from /home/airflow/.local/lib/python3.8/site-packages/airflow/example_dags/example_branch_day_of_week_operator.py
[2025-11-10T20:48:24.280+0000] {logging_mixin.py:188} INFO - [2025-11-10T20:48:24.280+0000] {dag.py:3047} INFO - Sync 1 DAGs
[2025-11-10T20:48:24.314+0000] {logging_mixin.py:188} INFO - [2025-11-10T20:48:24.313+0000] {dag.py:3834} INFO - Setting next_dagrun for example_weekday_branch_operator to 2025-11-09 00:00:00+00:00, run_after=2025-11-10 00:00:00+00:00
[2025-11-10T20:48:24.332+0000] {processor.py:183} INFO - Processing /home/airflow/.local/lib/python3.8/site-packages/airflow/example_dags/example_branch_day_of_week_operator.py took 0.109 seconds
[2025-11-10T20:48:54.400+0000] {processor.py:161} INFO - Started process (PID=1475) to work on /home/airflow/.local/lib/python3.8/site-packages/airflow/example_dags/example_branch_day_of_week_operator.py
[2025-11-10T20:48:54.402+0000] {processor.py:830} INFO - Processing file /home/airflow/.local/lib/python3.8/site-packages/airflow/example_dags/example_branch_day_of_week_operator.py for tasks to queue
[2025-11-10T20:48:54.404+0000] {logging_mixin.py:188} INFO - [2025-11-10T20:48:54.404+0000] {dagbag.py:540} INFO - Filling up the DagBag from /home/airflow/.local/lib/python3.8/site-packages/airflow/example_dags/example_branch_day_of_week_operator.py
[2025-11-10T20:48:54.412+0000] {processor.py:840} INFO - DAG(s) 'example_weekday_branch_operator' retrieved from /home/airflow/.local/lib/python3.8/site-packages/airflow/example_dags/example_branch_day_of_week_operator.py
[2025-11-10T20:48:54.431+0000] {logging_mixin.py:188} INFO - [2025-11-10T20:48:54.431+0000] {dag.py:3047} INFO - Sync 1 DAGs
[2025-11-10T20:48:54.455+0000] {logging_mixin.py:188} INFO - [2025-11-10T20:48:54.455+0000] {dag.py:3834} INFO - Setting next_dagrun for example_weekday_branch_operator to 2025-11-09 00:00:00+00:00, run_after=2025-11-10 00:00:00+00:00
[2025-11-10T20:48:54.472+0000] {processor.py:183} INFO - Processing /home/airflow/.local/lib/python3.8/site-packages/airflow/example_dags/example_branch_day_of_week_operator.py took 0.077 seconds
[2025-11-10T20:49:24.859+0000] {processor.py:161} INFO - Started process (PID=1531) to work on /home/airflow/.local/lib/python3.8/site-packages/airflow/example_dags/example_branch_day_of_week_operator.py
[2025-11-10T20:49:24.861+0000] {processor.py:830} INFO - Processing file /home/airflow/.local/lib/python3.8/site-packages/airflow/example_dags/example_branch_day_of_week_operator.py for tasks to queue
[2025-11-10T20:49:24.865+0000] {logging_mixin.py:188} INFO - [2025-11-10T20:49:24.865+0000] {dagbag.py:540} INFO - Filling up the DagBag from /home/airflow/.local/lib/python3.8/site-packages/airflow/example_dags/example_branch_day_of_week_operator.py
[2025-11-10T20:49:24.873+0000] {processor.py:840} INFO - DAG(s) 'example_weekday_branch_operator' retrieved from /home/airflow/.local/lib/python3.8/site-packages/airflow/example_dags/example_branch_day_of_week_operator.py
[2025-11-10T20:49:24.897+0000] {logging_mixin.py:188} INFO - [2025-11-10T20:49:24.896+0000] {dag.py:3047} INFO - Sync 1 DAGs
[2025-11-10T20:49:24.919+0000] {logging_mixin.py:188} INFO - [2025-11-10T20:49:24.918+0000] {dag.py:3834} INFO - Setting next_dagrun for example_weekday_branch_operator to 2025-11-09 00:00:00+00:00, run_after=2025-11-10 00:00:00+00:00
[2025-11-10T20:49:24.937+0000] {processor.py:183} INFO - Processing /home/airflow/.local/lib/python3.8/site-packages/airflow/example_dags/example_branch_day_of_week_operator.py took 0.084 seconds
[2025-11-10T20:49:56.018+0000] {processor.py:161} INFO - Started process (PID=1586) to work on /home/airflow/.local/lib/python3.8/site-packages/airflow/example_dags/example_branch_day_of_week_operator.py
[2025-11-10T20:49:56.020+0000] {processor.py:830} INFO - Processing file /home/airflow/.local/lib/python3.8/site-packages/airflow/example_dags/example_branch_day_of_week_operator.py for tasks to queue
[2025-11-10T20:49:56.023+0000] {logging_mixin.py:188} INFO - [2025-11-10T20:49:56.023+0000] {dagbag.py:540} INFO - Filling up the DagBag from /home/airflow/.local/lib/python3.8/site-packages/airflow/example_dags/example_branch_day_of_week_operator.py
[2025-11-10T20:49:56.034+0000] {processor.py:840} INFO - DAG(s) 'example_weekday_branch_operator' retrieved from /home/airflow/.local/lib/python3.8/site-packages/airflow/example_dags/example_branch_day_of_week_operator.py
[2025-11-10T20:49:56.053+0000] {logging_mixin.py:188} INFO - [2025-11-10T20:49:56.053+0000] {dag.py:3047} INFO - Sync 1 DAGs
[2025-11-10T20:49:56.074+0000] {logging_mixin.py:188} INFO - [2025-11-10T20:49:56.074+0000] {dag.py:3834} INFO - Setting next_dagrun for example_weekday_branch_operator to 2025-11-09 00:00:00+00:00, run_after=2025-11-10 00:00:00+00:00
[2025-11-10T20:49:56.090+0000] {processor.py:183} INFO - Processing /home/airflow/.local/lib/python3.8/site-packages/airflow/example_dags/example_branch_day_of_week_operator.py took 0.078 seconds
[2025-11-10T20:50:26.931+0000] {processor.py:161} INFO - Started process (PID=1641) to work on /home/airflow/.local/lib/python3.8/site-packages/airflow/example_dags/example_branch_day_of_week_operator.py
[2025-11-10T20:50:26.933+0000] {processor.py:830} INFO - Processing file /home/airflow/.local/lib/python3.8/site-packages/airflow/example_dags/example_branch_day_of_week_operator.py for tasks to queue
[2025-11-10T20:50:26.938+0000] {logging_mixin.py:188} INFO - [2025-11-10T20:50:26.937+0000] {dagbag.py:540} INFO - Filling up the DagBag from /home/airflow/.local/lib/python3.8/site-packages/airflow/example_dags/example_branch_day_of_week_operator.py
[2025-11-10T20:50:26.953+0000] {processor.py:840} INFO - DAG(s) 'example_weekday_branch_operator' retrieved from /home/airflow/.local/lib/python3.8/site-packages/airflow/example_dags/example_branch_day_of_week_operator.py
[2025-11-10T20:50:26.983+0000] {logging_mixin.py:188} INFO - [2025-11-10T20:50:26.982+0000] {dag.py:3047} INFO - Sync 1 DAGs
[2025-11-10T20:50:27.003+0000] {logging_mixin.py:188} INFO - [2025-11-10T20:50:27.003+0000] {dag.py:3834} INFO - Setting next_dagrun for example_weekday_branch_operator to 2025-11-09 00:00:00+00:00, run_after=2025-11-10 00:00:00+00:00
[2025-11-10T20:50:27.023+0000] {processor.py:183} INFO - Processing /home/airflow/.local/lib/python3.8/site-packages/airflow/example_dags/example_branch_day_of_week_operator.py took 0.095 seconds
[2025-11-10T20:50:57.821+0000] {processor.py:161} INFO - Started process (PID=1696) to work on /home/airflow/.local/lib/python3.8/site-packages/airflow/example_dags/example_branch_day_of_week_operator.py
[2025-11-10T20:50:57.822+0000] {processor.py:830} INFO - Processing file /home/airflow/.local/lib/python3.8/site-packages/airflow/example_dags/example_branch_day_of_week_operator.py for tasks to queue
[2025-11-10T20:50:57.826+0000] {logging_mixin.py:188} INFO - [2025-11-10T20:50:57.824+0000] {dagbag.py:540} INFO - Filling up the DagBag from /home/airflow/.local/lib/python3.8/site-packages/airflow/example_dags/example_branch_day_of_week_operator.py
[2025-11-10T20:50:57.838+0000] {processor.py:840} INFO - DAG(s) 'example_weekday_branch_operator' retrieved from /home/airflow/.local/lib/python3.8/site-packages/airflow/example_dags/example_branch_day_of_week_operator.py
[2025-11-10T20:50:57.891+0000] {logging_mixin.py:188} INFO - [2025-11-10T20:50:57.891+0000] {dag.py:3047} INFO - Sync 1 DAGs
[2025-11-10T20:50:57.918+0000] {logging_mixin.py:188} INFO - [2025-11-10T20:50:57.918+0000] {dag.py:3834} INFO - Setting next_dagrun for example_weekday_branch_operator to 2025-11-09 00:00:00+00:00, run_after=2025-11-10 00:00:00+00:00
[2025-11-10T20:50:57.939+0000] {processor.py:183} INFO - Processing /home/airflow/.local/lib/python3.8/site-packages/airflow/example_dags/example_branch_day_of_week_operator.py took 0.122 seconds
[2025-11-10T20:51:28.157+0000] {processor.py:161} INFO - Started process (PID=1751) to work on /home/airflow/.local/lib/python3.8/site-packages/airflow/example_dags/example_branch_day_of_week_operator.py
[2025-11-10T20:51:28.159+0000] {processor.py:830} INFO - Processing file /home/airflow/.local/lib/python3.8/site-packages/airflow/example_dags/example_branch_day_of_week_operator.py for tasks to queue
[2025-11-10T20:51:28.162+0000] {logging_mixin.py:188} INFO - [2025-11-10T20:51:28.161+0000] {dagbag.py:540} INFO - Filling up the DagBag from /home/airflow/.local/lib/python3.8/site-packages/airflow/example_dags/example_branch_day_of_week_operator.py
[2025-11-10T20:51:28.169+0000] {processor.py:840} INFO - DAG(s) 'example_weekday_branch_operator' retrieved from /home/airflow/.local/lib/python3.8/site-packages/airflow/example_dags/example_branch_day_of_week_operator.py
[2025-11-10T20:51:28.190+0000] {logging_mixin.py:188} INFO - [2025-11-10T20:51:28.190+0000] {dag.py:3047} INFO - Sync 1 DAGs
[2025-11-10T20:51:28.213+0000] {logging_mixin.py:188} INFO - [2025-11-10T20:51:28.213+0000] {dag.py:3834} INFO - Setting next_dagrun for example_weekday_branch_operator to 2025-11-09 00:00:00+00:00, run_after=2025-11-10 00:00:00+00:00
[2025-11-10T20:51:28.232+0000] {processor.py:183} INFO - Processing /home/airflow/.local/lib/python3.8/site-packages/airflow/example_dags/example_branch_day_of_week_operator.py took 0.078 seconds
[2025-11-10T20:51:58.309+0000] {processor.py:161} INFO - Started process (PID=1806) to work on /home/airflow/.local/lib/python3.8/site-packages/airflow/example_dags/example_branch_day_of_week_operator.py
[2025-11-10T20:51:58.310+0000] {processor.py:830} INFO - Processing file /home/airflow/.local/lib/python3.8/site-packages/airflow/example_dags/example_branch_day_of_week_operator.py for tasks to queue
[2025-11-10T20:51:58.312+0000] {logging_mixin.py:188} INFO - [2025-11-10T20:51:58.312+0000] {dagbag.py:540} INFO - Filling up the DagBag from /home/airflow/.local/lib/python3.8/site-packages/airflow/example_dags/example_branch_day_of_week_operator.py
[2025-11-10T20:51:58.319+0000] {processor.py:840} INFO - DAG(s) 'example_weekday_branch_operator' retrieved from /home/airflow/.local/lib/python3.8/site-packages/airflow/example_dags/example_branch_day_of_week_operator.py
[2025-11-10T20:51:58.340+0000] {logging_mixin.py:188} INFO - [2025-11-10T20:51:58.339+0000] {dag.py:3047} INFO - Sync 1 DAGs
[2025-11-10T20:51:58.361+0000] {logging_mixin.py:188} INFO - [2025-11-10T20:51:58.361+0000] {dag.py:3834} INFO - Setting next_dagrun for example_weekday_branch_operator to 2025-11-09 00:00:00+00:00, run_after=2025-11-10 00:00:00+00:00
[2025-11-10T20:51:58.379+0000] {processor.py:183} INFO - Processing /home/airflow/.local/lib/python3.8/site-packages/airflow/example_dags/example_branch_day_of_week_operator.py took 0.073 seconds
[2025-11-10T20:52:28.563+0000] {processor.py:161} INFO - Started process (PID=1861) to work on /home/airflow/.local/lib/python3.8/site-packages/airflow/example_dags/example_branch_day_of_week_operator.py
[2025-11-10T20:52:28.565+0000] {processor.py:830} INFO - Processing file /home/airflow/.local/lib/python3.8/site-packages/airflow/example_dags/example_branch_day_of_week_operator.py for tasks to queue
[2025-11-10T20:52:28.569+0000] {logging_mixin.py:188} INFO - [2025-11-10T20:52:28.568+0000] {dagbag.py:540} INFO - Filling up the DagBag from /home/airflow/.local/lib/python3.8/site-packages/airflow/example_dags/example_branch_day_of_week_operator.py
[2025-11-10T20:52:28.583+0000] {processor.py:840} INFO - DAG(s) 'example_weekday_branch_operator' retrieved from /home/airflow/.local/lib/python3.8/site-packages/airflow/example_dags/example_branch_day_of_week_operator.py
[2025-11-10T20:52:28.636+0000] {logging_mixin.py:188} INFO - [2025-11-10T20:52:28.636+0000] {dag.py:3047} INFO - Sync 1 DAGs
[2025-11-10T20:52:28.665+0000] {logging_mixin.py:188} INFO - [2025-11-10T20:52:28.665+0000] {dag.py:3834} INFO - Setting next_dagrun for example_weekday_branch_operator to 2025-11-09 00:00:00+00:00, run_after=2025-11-10 00:00:00+00:00
[2025-11-10T20:52:28.695+0000] {processor.py:183} INFO - Processing /home/airflow/.local/lib/python3.8/site-packages/airflow/example_dags/example_branch_day_of_week_operator.py took 0.137 seconds
[2025-11-10T20:52:58.816+0000] {processor.py:161} INFO - Started process (PID=1916) to work on /home/airflow/.local/lib/python3.8/site-packages/airflow/example_dags/example_branch_day_of_week_operator.py
[2025-11-10T20:52:58.817+0000] {processor.py:830} INFO - Processing file /home/airflow/.local/lib/python3.8/site-packages/airflow/example_dags/example_branch_day_of_week_operator.py for tasks to queue
[2025-11-10T20:52:58.820+0000] {logging_mixin.py:188} INFO - [2025-11-10T20:52:58.819+0000] {dagbag.py:540} INFO - Filling up the DagBag from /home/airflow/.local/lib/python3.8/site-packages/airflow/example_dags/example_branch_day_of_week_operator.py
[2025-11-10T20:52:58.828+0000] {processor.py:840} INFO - DAG(s) 'example_weekday_branch_operator' retrieved from /home/airflow/.local/lib/python3.8/site-packages/airflow/example_dags/example_branch_day_of_week_operator.py
[2025-11-10T20:52:58.853+0000] {logging_mixin.py:188} INFO - [2025-11-10T20:52:58.853+0000] {dag.py:3047} INFO - Sync 1 DAGs
[2025-11-10T20:52:58.874+0000] {logging_mixin.py:188} INFO - [2025-11-10T20:52:58.874+0000] {dag.py:3834} INFO - Setting next_dagrun for example_weekday_branch_operator to 2025-11-09 00:00:00+00:00, run_after=2025-11-10 00:00:00+00:00
[2025-11-10T20:52:58.892+0000] {processor.py:183} INFO - Processing /home/airflow/.local/lib/python3.8/site-packages/airflow/example_dags/example_branch_day_of_week_operator.py took 0.080 seconds
[2025-11-10T20:53:29.376+0000] {processor.py:161} INFO - Started process (PID=1971) to work on /home/airflow/.local/lib/python3.8/site-packages/airflow/example_dags/example_branch_day_of_week_operator.py
[2025-11-10T20:53:29.379+0000] {processor.py:830} INFO - Processing file /home/airflow/.local/lib/python3.8/site-packages/airflow/example_dags/example_branch_day_of_week_operator.py for tasks to queue
[2025-11-10T20:53:29.382+0000] {logging_mixin.py:188} INFO - [2025-11-10T20:53:29.382+0000] {dagbag.py:540} INFO - Filling up the DagBag from /home/airflow/.local/lib/python3.8/site-packages/airflow/example_dags/example_branch_day_of_week_operator.py
[2025-11-10T20:53:29.392+0000] {processor.py:840} INFO - DAG(s) 'example_weekday_branch_operator' retrieved from /home/airflow/.local/lib/python3.8/site-packages/airflow/example_dags/example_branch_day_of_week_operator.py
[2025-11-10T20:53:38.003+0000] {processor.py:186} ERROR - Got an exception! Propagating...
Traceback (most recent call last):
  File "/home/airflow/.local/lib/python3.8/site-packages/sqlalchemy/engine/base.py", line 3371, in _wrap_pool_connect
    return fn()
  File "/home/airflow/.local/lib/python3.8/site-packages/sqlalchemy/pool/base.py", line 327, in connect
    return _ConnectionFairy._checkout(self)
  File "/home/airflow/.local/lib/python3.8/site-packages/sqlalchemy/pool/base.py", line 894, in _checkout
    fairy = _ConnectionRecord.checkout(pool)
  File "/home/airflow/.local/lib/python3.8/site-packages/sqlalchemy/pool/base.py", line 498, in checkout
    rec._checkin_failed(err, _fairy_was_created=False)
  File "/home/airflow/.local/lib/python3.8/site-packages/sqlalchemy/util/langhelpers.py", line 70, in __exit__
    compat.raise_(
  File "/home/airflow/.local/lib/python3.8/site-packages/sqlalchemy/util/compat.py", line 211, in raise_
    raise exception
  File "/home/airflow/.local/lib/python3.8/site-packages/sqlalchemy/pool/base.py", line 495, in checkout
    dbapi_connection = rec.get_connection()
  File "/home/airflow/.local/lib/python3.8/site-packages/sqlalchemy/pool/base.py", line 630, in get_connection
    self.__connect()
  File "/home/airflow/.local/lib/python3.8/site-packages/sqlalchemy/pool/base.py", line 691, in __connect
    pool.logger.debug("Error on connect(): %s", e)
  File "/home/airflow/.local/lib/python3.8/site-packages/sqlalchemy/util/langhelpers.py", line 70, in __exit__
    compat.raise_(
  File "/home/airflow/.local/lib/python3.8/site-packages/sqlalchemy/util/compat.py", line 211, in raise_
    raise exception
  File "/home/airflow/.local/lib/python3.8/site-packages/sqlalchemy/pool/base.py", line 686, in __connect
    self.dbapi_connection = connection = pool._invoke_creator(self)
  File "/home/airflow/.local/lib/python3.8/site-packages/sqlalchemy/engine/create.py", line 574, in connect
    return dialect.connect(*cargs, **cparams)
  File "/home/airflow/.local/lib/python3.8/site-packages/sqlalchemy/engine/default.py", line 598, in connect
    return self.dbapi.connect(*cargs, **cparams)
  File "/home/airflow/.local/lib/python3.8/site-packages/psycopg2/__init__.py", line 122, in connect
    conn = _connect(dsn, connection_factory=connection_factory, **kwasync)
psycopg2.OperationalError: could not translate host name "postgres" to address: Name or service not known


The above exception was the direct cause of the following exception:

Traceback (most recent call last):
  File "/home/airflow/.local/lib/python3.8/site-packages/airflow/dag_processing/processor.py", line 182, in _run_file_processor
    _handle_dag_file_processing()
  File "/home/airflow/.local/lib/python3.8/site-packages/airflow/dag_processing/processor.py", line 163, in _handle_dag_file_processing
    result: tuple[int, int] = dag_file_processor.process_file(
  File "/home/airflow/.local/lib/python3.8/site-packages/airflow/utils/session.py", line 79, in wrapper
    return func(*args, session=session, **kwargs)
  File "/home/airflow/.local/lib/python3.8/site-packages/airflow/dag_processing/processor.py", line 859, in process_file
    serialize_errors = DagFileProcessor.save_dag_to_db(
  File "/home/airflow/.local/lib/python3.8/site-packages/airflow/api_internal/internal_api_call.py", line 114, in wrapper
    return func(*args, **kwargs)
  File "/home/airflow/.local/lib/python3.8/site-packages/airflow/utils/session.py", line 79, in wrapper
    return func(*args, session=session, **kwargs)
  File "/home/airflow/.local/lib/python3.8/site-packages/airflow/dag_processing/processor.py", line 895, in save_dag_to_db
    import_errors = DagBag._sync_to_db(dags=dags, processor_subdir=dag_directory, session=session)
  File "/home/airflow/.local/lib/python3.8/site-packages/airflow/utils/session.py", line 76, in wrapper
    return func(*args, **kwargs)
  File "/home/airflow/.local/lib/python3.8/site-packages/airflow/models/dagbag.py", line 659, in _sync_to_db
    for attempt in run_with_db_retries(logger=log):
  File "/home/airflow/.local/lib/python3.8/site-packages/tenacity/__init__.py", line 347, in __iter__
    do = self.iter(retry_state=retry_state)
  File "/home/airflow/.local/lib/python3.8/site-packages/tenacity/__init__.py", line 325, in iter
    raise retry_exc.reraise()
  File "/home/airflow/.local/lib/python3.8/site-packages/tenacity/__init__.py", line 158, in reraise
    raise self.last_attempt.result()
  File "/usr/local/lib/python3.8/concurrent/futures/_base.py", line 437, in result
    return self.__get_result()
  File "/usr/local/lib/python3.8/concurrent/futures/_base.py", line 389, in __get_result
    raise self._exception
  File "/home/airflow/.local/lib/python3.8/site-packages/airflow/models/dagbag.py", line 672, in _sync_to_db
    _serialize_dag_capturing_errors(dag, session, processor_subdir)
  File "/home/airflow/.local/lib/python3.8/site-packages/airflow/models/dagbag.py", line 637, in _serialize_dag_capturing_errors
    dag_was_updated = SerializedDagModel.write_dag(
  File "/home/airflow/.local/lib/python3.8/site-packages/airflow/utils/session.py", line 76, in wrapper
    return func(*args, **kwargs)
  File "/home/airflow/.local/lib/python3.8/site-packages/airflow/models/serialized_dag.py", line 157, in write_dag
    if session.scalar(
  File "/home/airflow/.local/lib/python3.8/site-packages/sqlalchemy/orm/session.py", line 1747, in scalar
    return self.execute(
  File "/home/airflow/.local/lib/python3.8/site-packages/sqlalchemy/orm/session.py", line 1716, in execute
    conn = self._connection_for_bind(bind)
  File "/home/airflow/.local/lib/python3.8/site-packages/sqlalchemy/orm/session.py", line 1555, in _connection_for_bind
    return self._transaction._connection_for_bind(
  File "/home/airflow/.local/lib/python3.8/site-packages/sqlalchemy/orm/session.py", line 750, in _connection_for_bind
    conn = bind.connect()
  File "/home/airflow/.local/lib/python3.8/site-packages/sqlalchemy/future/engine.py", line 412, in connect
    return super(Engine, self).connect()
  File "/home/airflow/.local/lib/python3.8/site-packages/sqlalchemy/engine/base.py", line 3325, in connect
    return self._connection_cls(self, close_with_result=close_with_result)
  File "/home/airflow/.local/lib/python3.8/site-packages/sqlalchemy/engine/base.py", line 96, in __init__
    else engine.raw_connection()
  File "/home/airflow/.local/lib/python3.8/site-packages/sqlalchemy/engine/base.py", line 3404, in raw_connection
    return self._wrap_pool_connect(self.pool.connect, _connection)
  File "/home/airflow/.local/lib/python3.8/site-packages/sqlalchemy/engine/base.py", line 3374, in _wrap_pool_connect
    Connection._handle_dbapi_exception_noconnection(
  File "/home/airflow/.local/lib/python3.8/site-packages/sqlalchemy/engine/base.py", line 2208, in _handle_dbapi_exception_noconnection
    util.raise_(
  File "/home/airflow/.local/lib/python3.8/site-packages/sqlalchemy/util/compat.py", line 211, in raise_
    raise exception
  File "/home/airflow/.local/lib/python3.8/site-packages/sqlalchemy/engine/base.py", line 3371, in _wrap_pool_connect
    return fn()
  File "/home/airflow/.local/lib/python3.8/site-packages/sqlalchemy/pool/base.py", line 327, in connect
    return _ConnectionFairy._checkout(self)
  File "/home/airflow/.local/lib/python3.8/site-packages/sqlalchemy/pool/base.py", line 894, in _checkout
    fairy = _ConnectionRecord.checkout(pool)
  File "/home/airflow/.local/lib/python3.8/site-packages/sqlalchemy/pool/base.py", line 498, in checkout
    rec._checkin_failed(err, _fairy_was_created=False)
  File "/home/airflow/.local/lib/python3.8/site-packages/sqlalchemy/util/langhelpers.py", line 70, in __exit__
    compat.raise_(
  File "/home/airflow/.local/lib/python3.8/site-packages/sqlalchemy/util/compat.py", line 211, in raise_
    raise exception
  File "/home/airflow/.local/lib/python3.8/site-packages/sqlalchemy/pool/base.py", line 495, in checkout
    dbapi_connection = rec.get_connection()
  File "/home/airflow/.local/lib/python3.8/site-packages/sqlalchemy/pool/base.py", line 630, in get_connection
    self.__connect()
  File "/home/airflow/.local/lib/python3.8/site-packages/sqlalchemy/pool/base.py", line 691, in __connect
    pool.logger.debug("Error on connect(): %s", e)
  File "/home/airflow/.local/lib/python3.8/site-packages/sqlalchemy/util/langhelpers.py", line 70, in __exit__
    compat.raise_(
  File "/home/airflow/.local/lib/python3.8/site-packages/sqlalchemy/util/compat.py", line 211, in raise_
    raise exception
  File "/home/airflow/.local/lib/python3.8/site-packages/sqlalchemy/pool/base.py", line 686, in __connect
    self.dbapi_connection = connection = pool._invoke_creator(self)
  File "/home/airflow/.local/lib/python3.8/site-packages/sqlalchemy/engine/create.py", line 574, in connect
    return dialect.connect(*cargs, **cparams)
  File "/home/airflow/.local/lib/python3.8/site-packages/sqlalchemy/engine/default.py", line 598, in connect
    return self.dbapi.connect(*cargs, **cparams)
  File "/home/airflow/.local/lib/python3.8/site-packages/psycopg2/__init__.py", line 122, in connect
    conn = _connect(dsn, connection_factory=connection_factory, **kwasync)
sqlalchemy.exc.OperationalError: (psycopg2.OperationalError) could not translate host name "postgres" to address: Name or service not known

(Background on this error at: https://sqlalche.me/e/14/e3q8)
