[2025-11-10T20:36:13.890+0000] {processor.py:161} INFO - Started process (PID=108) to work on /home/airflow/.local/lib/python3.8/site-packages/airflow/example_dags/example_python_operator.py
[2025-11-10T20:36:13.892+0000] {processor.py:830} INFO - Processing file /home/airflow/.local/lib/python3.8/site-packages/airflow/example_dags/example_python_operator.py for tasks to queue
[2025-11-10T20:36:13.895+0000] {logging_mixin.py:188} INFO - [2025-11-10T20:36:13.895+0000] {dagbag.py:540} INFO - Filling up the DagBag from /home/airflow/.local/lib/python3.8/site-packages/airflow/example_dags/example_python_operator.py
[2025-11-10T20:36:13.906+0000] {processor.py:840} INFO - DAG(s) 'example_python_operator' retrieved from /home/airflow/.local/lib/python3.8/site-packages/airflow/example_dags/example_python_operator.py
[2025-11-10T20:36:14.001+0000] {logging_mixin.py:188} INFO - [2025-11-10T20:36:14.000+0000] {override.py:1769} INFO - Created Permission View: can read on DAG:example_python_operator
[2025-11-10T20:36:14.011+0000] {logging_mixin.py:188} INFO - [2025-11-10T20:36:14.011+0000] {override.py:1769} INFO - Created Permission View: can edit on DAG:example_python_operator
[2025-11-10T20:36:14.019+0000] {logging_mixin.py:188} INFO - [2025-11-10T20:36:14.019+0000] {override.py:1769} INFO - Created Permission View: can delete on DAG:example_python_operator
[2025-11-10T20:36:14.020+0000] {logging_mixin.py:188} INFO - [2025-11-10T20:36:14.020+0000] {dag.py:3047} INFO - Sync 1 DAGs
[2025-11-10T20:36:14.031+0000] {logging_mixin.py:188} INFO - [2025-11-10T20:36:14.031+0000] {dag.py:3069} INFO - Creating ORM DAG for example_python_operator
[2025-11-10T20:36:14.032+0000] {logging_mixin.py:188} INFO - [2025-11-10T20:36:14.032+0000] {dag.py:3834} INFO - Setting next_dagrun for example_python_operator to None, run_after=None
[2025-11-10T20:36:14.052+0000] {processor.py:183} INFO - Processing /home/airflow/.local/lib/python3.8/site-packages/airflow/example_dags/example_python_operator.py took 0.171 seconds
[2025-11-10T20:36:44.711+0000] {processor.py:161} INFO - Started process (PID=163) to work on /home/airflow/.local/lib/python3.8/site-packages/airflow/example_dags/example_python_operator.py
[2025-11-10T20:36:44.713+0000] {processor.py:830} INFO - Processing file /home/airflow/.local/lib/python3.8/site-packages/airflow/example_dags/example_python_operator.py for tasks to queue
[2025-11-10T20:36:44.715+0000] {logging_mixin.py:188} INFO - [2025-11-10T20:36:44.715+0000] {dagbag.py:540} INFO - Filling up the DagBag from /home/airflow/.local/lib/python3.8/site-packages/airflow/example_dags/example_python_operator.py
[2025-11-10T20:36:44.725+0000] {processor.py:840} INFO - DAG(s) 'example_python_operator' retrieved from /home/airflow/.local/lib/python3.8/site-packages/airflow/example_dags/example_python_operator.py
[2025-11-10T20:36:44.746+0000] {logging_mixin.py:188} INFO - [2025-11-10T20:36:44.746+0000] {dag.py:3047} INFO - Sync 1 DAGs
[2025-11-10T20:36:44.758+0000] {logging_mixin.py:188} INFO - [2025-11-10T20:36:44.758+0000] {dag.py:3834} INFO - Setting next_dagrun for example_python_operator to None, run_after=None
[2025-11-10T20:36:44.776+0000] {processor.py:183} INFO - Processing /home/airflow/.local/lib/python3.8/site-packages/airflow/example_dags/example_python_operator.py took 0.068 seconds
[2025-11-10T20:37:15.535+0000] {processor.py:161} INFO - Started process (PID=218) to work on /home/airflow/.local/lib/python3.8/site-packages/airflow/example_dags/example_python_operator.py
[2025-11-10T20:37:15.537+0000] {processor.py:830} INFO - Processing file /home/airflow/.local/lib/python3.8/site-packages/airflow/example_dags/example_python_operator.py for tasks to queue
[2025-11-10T20:37:15.539+0000] {logging_mixin.py:188} INFO - [2025-11-10T20:37:15.539+0000] {dagbag.py:540} INFO - Filling up the DagBag from /home/airflow/.local/lib/python3.8/site-packages/airflow/example_dags/example_python_operator.py
[2025-11-10T20:37:15.550+0000] {processor.py:840} INFO - DAG(s) 'example_python_operator' retrieved from /home/airflow/.local/lib/python3.8/site-packages/airflow/example_dags/example_python_operator.py
[2025-11-10T20:37:15.577+0000] {logging_mixin.py:188} INFO - [2025-11-10T20:37:15.575+0000] {dag.py:3047} INFO - Sync 1 DAGs
[2025-11-10T20:37:15.592+0000] {logging_mixin.py:188} INFO - [2025-11-10T20:37:15.591+0000] {dag.py:3834} INFO - Setting next_dagrun for example_python_operator to None, run_after=None
[2025-11-10T20:37:15.612+0000] {processor.py:183} INFO - Processing /home/airflow/.local/lib/python3.8/site-packages/airflow/example_dags/example_python_operator.py took 0.081 seconds
[2025-11-10T20:37:45.902+0000] {processor.py:161} INFO - Started process (PID=273) to work on /home/airflow/.local/lib/python3.8/site-packages/airflow/example_dags/example_python_operator.py
[2025-11-10T20:37:45.903+0000] {processor.py:830} INFO - Processing file /home/airflow/.local/lib/python3.8/site-packages/airflow/example_dags/example_python_operator.py for tasks to queue
[2025-11-10T20:37:45.906+0000] {logging_mixin.py:188} INFO - [2025-11-10T20:37:45.905+0000] {dagbag.py:540} INFO - Filling up the DagBag from /home/airflow/.local/lib/python3.8/site-packages/airflow/example_dags/example_python_operator.py
[2025-11-10T20:37:45.917+0000] {processor.py:840} INFO - DAG(s) 'example_python_operator' retrieved from /home/airflow/.local/lib/python3.8/site-packages/airflow/example_dags/example_python_operator.py
[2025-11-10T20:37:45.939+0000] {logging_mixin.py:188} INFO - [2025-11-10T20:37:45.939+0000] {dag.py:3047} INFO - Sync 1 DAGs
[2025-11-10T20:37:45.952+0000] {logging_mixin.py:188} INFO - [2025-11-10T20:37:45.952+0000] {dag.py:3834} INFO - Setting next_dagrun for example_python_operator to None, run_after=None
[2025-11-10T20:37:45.973+0000] {processor.py:183} INFO - Processing /home/airflow/.local/lib/python3.8/site-packages/airflow/example_dags/example_python_operator.py took 0.074 seconds
[2025-11-10T20:38:16.287+0000] {processor.py:161} INFO - Started process (PID=328) to work on /home/airflow/.local/lib/python3.8/site-packages/airflow/example_dags/example_python_operator.py
[2025-11-10T20:38:16.289+0000] {processor.py:830} INFO - Processing file /home/airflow/.local/lib/python3.8/site-packages/airflow/example_dags/example_python_operator.py for tasks to queue
[2025-11-10T20:38:16.292+0000] {logging_mixin.py:188} INFO - [2025-11-10T20:38:16.291+0000] {dagbag.py:540} INFO - Filling up the DagBag from /home/airflow/.local/lib/python3.8/site-packages/airflow/example_dags/example_python_operator.py
[2025-11-10T20:38:16.304+0000] {processor.py:840} INFO - DAG(s) 'example_python_operator' retrieved from /home/airflow/.local/lib/python3.8/site-packages/airflow/example_dags/example_python_operator.py
[2025-11-10T20:38:16.330+0000] {logging_mixin.py:188} INFO - [2025-11-10T20:38:16.330+0000] {dag.py:3047} INFO - Sync 1 DAGs
[2025-11-10T20:38:16.344+0000] {logging_mixin.py:188} INFO - [2025-11-10T20:38:16.343+0000] {dag.py:3834} INFO - Setting next_dagrun for example_python_operator to None, run_after=None
[2025-11-10T20:38:16.364+0000] {processor.py:183} INFO - Processing /home/airflow/.local/lib/python3.8/site-packages/airflow/example_dags/example_python_operator.py took 0.080 seconds
[2025-11-10T20:38:46.564+0000] {processor.py:161} INFO - Started process (PID=383) to work on /home/airflow/.local/lib/python3.8/site-packages/airflow/example_dags/example_python_operator.py
[2025-11-10T20:38:46.566+0000] {processor.py:830} INFO - Processing file /home/airflow/.local/lib/python3.8/site-packages/airflow/example_dags/example_python_operator.py for tasks to queue
[2025-11-10T20:38:46.568+0000] {logging_mixin.py:188} INFO - [2025-11-10T20:38:46.568+0000] {dagbag.py:540} INFO - Filling up the DagBag from /home/airflow/.local/lib/python3.8/site-packages/airflow/example_dags/example_python_operator.py
[2025-11-10T20:38:46.579+0000] {processor.py:840} INFO - DAG(s) 'example_python_operator' retrieved from /home/airflow/.local/lib/python3.8/site-packages/airflow/example_dags/example_python_operator.py
[2025-11-10T20:38:46.603+0000] {logging_mixin.py:188} INFO - [2025-11-10T20:38:46.603+0000] {dag.py:3047} INFO - Sync 1 DAGs
[2025-11-10T20:38:46.615+0000] {logging_mixin.py:188} INFO - [2025-11-10T20:38:46.615+0000] {dag.py:3834} INFO - Setting next_dagrun for example_python_operator to None, run_after=None
[2025-11-10T20:38:46.634+0000] {processor.py:183} INFO - Processing /home/airflow/.local/lib/python3.8/site-packages/airflow/example_dags/example_python_operator.py took 0.073 seconds
[2025-11-10T20:39:16.780+0000] {processor.py:161} INFO - Started process (PID=438) to work on /home/airflow/.local/lib/python3.8/site-packages/airflow/example_dags/example_python_operator.py
[2025-11-10T20:39:16.781+0000] {processor.py:830} INFO - Processing file /home/airflow/.local/lib/python3.8/site-packages/airflow/example_dags/example_python_operator.py for tasks to queue
[2025-11-10T20:39:16.785+0000] {logging_mixin.py:188} INFO - [2025-11-10T20:39:16.784+0000] {dagbag.py:540} INFO - Filling up the DagBag from /home/airflow/.local/lib/python3.8/site-packages/airflow/example_dags/example_python_operator.py
[2025-11-10T20:39:16.795+0000] {processor.py:840} INFO - DAG(s) 'example_python_operator' retrieved from /home/airflow/.local/lib/python3.8/site-packages/airflow/example_dags/example_python_operator.py
[2025-11-10T20:39:16.819+0000] {logging_mixin.py:188} INFO - [2025-11-10T20:39:16.819+0000] {dag.py:3047} INFO - Sync 1 DAGs
[2025-11-10T20:39:16.833+0000] {logging_mixin.py:188} INFO - [2025-11-10T20:39:16.833+0000] {dag.py:3834} INFO - Setting next_dagrun for example_python_operator to None, run_after=None
[2025-11-10T20:39:16.854+0000] {processor.py:183} INFO - Processing /home/airflow/.local/lib/python3.8/site-packages/airflow/example_dags/example_python_operator.py took 0.078 seconds
[2025-11-10T20:39:46.957+0000] {processor.py:161} INFO - Started process (PID=493) to work on /home/airflow/.local/lib/python3.8/site-packages/airflow/example_dags/example_python_operator.py
[2025-11-10T20:39:46.958+0000] {processor.py:830} INFO - Processing file /home/airflow/.local/lib/python3.8/site-packages/airflow/example_dags/example_python_operator.py for tasks to queue
[2025-11-10T20:39:46.962+0000] {logging_mixin.py:188} INFO - [2025-11-10T20:39:46.962+0000] {dagbag.py:540} INFO - Filling up the DagBag from /home/airflow/.local/lib/python3.8/site-packages/airflow/example_dags/example_python_operator.py
[2025-11-10T20:39:46.976+0000] {processor.py:840} INFO - DAG(s) 'example_python_operator' retrieved from /home/airflow/.local/lib/python3.8/site-packages/airflow/example_dags/example_python_operator.py
[2025-11-10T20:39:47.006+0000] {logging_mixin.py:188} INFO - [2025-11-10T20:39:47.006+0000] {dag.py:3047} INFO - Sync 1 DAGs
[2025-11-10T20:39:47.026+0000] {logging_mixin.py:188} INFO - [2025-11-10T20:39:47.025+0000] {dag.py:3834} INFO - Setting next_dagrun for example_python_operator to None, run_after=None
[2025-11-10T20:39:47.048+0000] {processor.py:183} INFO - Processing /home/airflow/.local/lib/python3.8/site-packages/airflow/example_dags/example_python_operator.py took 0.095 seconds
[2025-11-10T20:40:17.413+0000] {processor.py:161} INFO - Started process (PID=548) to work on /home/airflow/.local/lib/python3.8/site-packages/airflow/example_dags/example_python_operator.py
[2025-11-10T20:40:17.415+0000] {processor.py:830} INFO - Processing file /home/airflow/.local/lib/python3.8/site-packages/airflow/example_dags/example_python_operator.py for tasks to queue
[2025-11-10T20:40:17.417+0000] {logging_mixin.py:188} INFO - [2025-11-10T20:40:17.417+0000] {dagbag.py:540} INFO - Filling up the DagBag from /home/airflow/.local/lib/python3.8/site-packages/airflow/example_dags/example_python_operator.py
[2025-11-10T20:40:17.433+0000] {processor.py:840} INFO - DAG(s) 'example_python_operator' retrieved from /home/airflow/.local/lib/python3.8/site-packages/airflow/example_dags/example_python_operator.py
[2025-11-10T20:40:17.455+0000] {logging_mixin.py:188} INFO - [2025-11-10T20:40:17.455+0000] {dag.py:3047} INFO - Sync 1 DAGs
[2025-11-10T20:40:17.467+0000] {logging_mixin.py:188} INFO - [2025-11-10T20:40:17.467+0000] {dag.py:3834} INFO - Setting next_dagrun for example_python_operator to None, run_after=None
[2025-11-10T20:40:17.486+0000] {processor.py:183} INFO - Processing /home/airflow/.local/lib/python3.8/site-packages/airflow/example_dags/example_python_operator.py took 0.077 seconds
[2025-11-10T20:40:47.840+0000] {processor.py:161} INFO - Started process (PID=603) to work on /home/airflow/.local/lib/python3.8/site-packages/airflow/example_dags/example_python_operator.py
[2025-11-10T20:40:47.844+0000] {processor.py:830} INFO - Processing file /home/airflow/.local/lib/python3.8/site-packages/airflow/example_dags/example_python_operator.py for tasks to queue
[2025-11-10T20:40:47.849+0000] {logging_mixin.py:188} INFO - [2025-11-10T20:40:47.848+0000] {dagbag.py:540} INFO - Filling up the DagBag from /home/airflow/.local/lib/python3.8/site-packages/airflow/example_dags/example_python_operator.py
[2025-11-10T20:40:47.861+0000] {processor.py:840} INFO - DAG(s) 'example_python_operator' retrieved from /home/airflow/.local/lib/python3.8/site-packages/airflow/example_dags/example_python_operator.py
[2025-11-10T20:40:47.882+0000] {logging_mixin.py:188} INFO - [2025-11-10T20:40:47.881+0000] {dag.py:3047} INFO - Sync 1 DAGs
[2025-11-10T20:40:47.894+0000] {logging_mixin.py:188} INFO - [2025-11-10T20:40:47.894+0000] {dag.py:3834} INFO - Setting next_dagrun for example_python_operator to None, run_after=None
[2025-11-10T20:40:47.914+0000] {processor.py:183} INFO - Processing /home/airflow/.local/lib/python3.8/site-packages/airflow/example_dags/example_python_operator.py took 0.082 seconds
[2025-11-10T20:41:18.483+0000] {processor.py:161} INFO - Started process (PID=658) to work on /home/airflow/.local/lib/python3.8/site-packages/airflow/example_dags/example_python_operator.py
[2025-11-10T20:41:18.485+0000] {processor.py:830} INFO - Processing file /home/airflow/.local/lib/python3.8/site-packages/airflow/example_dags/example_python_operator.py for tasks to queue
[2025-11-10T20:41:18.490+0000] {logging_mixin.py:188} INFO - [2025-11-10T20:41:18.489+0000] {dagbag.py:540} INFO - Filling up the DagBag from /home/airflow/.local/lib/python3.8/site-packages/airflow/example_dags/example_python_operator.py
[2025-11-10T20:41:18.503+0000] {processor.py:840} INFO - DAG(s) 'example_python_operator' retrieved from /home/airflow/.local/lib/python3.8/site-packages/airflow/example_dags/example_python_operator.py
[2025-11-10T20:41:18.525+0000] {logging_mixin.py:188} INFO - [2025-11-10T20:41:18.525+0000] {dag.py:3047} INFO - Sync 1 DAGs
[2025-11-10T20:41:18.538+0000] {logging_mixin.py:188} INFO - [2025-11-10T20:41:18.538+0000] {dag.py:3834} INFO - Setting next_dagrun for example_python_operator to None, run_after=None
[2025-11-10T20:41:18.557+0000] {processor.py:183} INFO - Processing /home/airflow/.local/lib/python3.8/site-packages/airflow/example_dags/example_python_operator.py took 0.081 seconds
[2025-11-10T20:41:48.864+0000] {processor.py:161} INFO - Started process (PID=713) to work on /home/airflow/.local/lib/python3.8/site-packages/airflow/example_dags/example_python_operator.py
[2025-11-10T20:41:48.866+0000] {processor.py:830} INFO - Processing file /home/airflow/.local/lib/python3.8/site-packages/airflow/example_dags/example_python_operator.py for tasks to queue
[2025-11-10T20:41:48.871+0000] {logging_mixin.py:188} INFO - [2025-11-10T20:41:48.870+0000] {dagbag.py:540} INFO - Filling up the DagBag from /home/airflow/.local/lib/python3.8/site-packages/airflow/example_dags/example_python_operator.py
[2025-11-10T20:41:48.898+0000] {processor.py:840} INFO - DAG(s) 'example_python_operator' retrieved from /home/airflow/.local/lib/python3.8/site-packages/airflow/example_dags/example_python_operator.py
[2025-11-10T20:41:48.951+0000] {logging_mixin.py:188} INFO - [2025-11-10T20:41:48.951+0000] {dag.py:3047} INFO - Sync 1 DAGs
[2025-11-10T20:41:48.968+0000] {logging_mixin.py:188} INFO - [2025-11-10T20:41:48.967+0000] {dag.py:3834} INFO - Setting next_dagrun for example_python_operator to None, run_after=None
[2025-11-10T20:41:48.991+0000] {processor.py:183} INFO - Processing /home/airflow/.local/lib/python3.8/site-packages/airflow/example_dags/example_python_operator.py took 0.136 seconds
[2025-11-10T20:42:19.586+0000] {processor.py:161} INFO - Started process (PID=768) to work on /home/airflow/.local/lib/python3.8/site-packages/airflow/example_dags/example_python_operator.py
[2025-11-10T20:42:19.589+0000] {processor.py:830} INFO - Processing file /home/airflow/.local/lib/python3.8/site-packages/airflow/example_dags/example_python_operator.py for tasks to queue
[2025-11-10T20:42:19.591+0000] {logging_mixin.py:188} INFO - [2025-11-10T20:42:19.591+0000] {dagbag.py:540} INFO - Filling up the DagBag from /home/airflow/.local/lib/python3.8/site-packages/airflow/example_dags/example_python_operator.py
[2025-11-10T20:42:19.603+0000] {processor.py:840} INFO - DAG(s) 'example_python_operator' retrieved from /home/airflow/.local/lib/python3.8/site-packages/airflow/example_dags/example_python_operator.py
[2025-11-10T20:42:19.628+0000] {logging_mixin.py:188} INFO - [2025-11-10T20:42:19.627+0000] {dag.py:3047} INFO - Sync 1 DAGs
[2025-11-10T20:42:19.641+0000] {logging_mixin.py:188} INFO - [2025-11-10T20:42:19.640+0000] {dag.py:3834} INFO - Setting next_dagrun for example_python_operator to None, run_after=None
[2025-11-10T20:42:19.659+0000] {processor.py:183} INFO - Processing /home/airflow/.local/lib/python3.8/site-packages/airflow/example_dags/example_python_operator.py took 0.076 seconds
[2025-11-10T20:42:50.313+0000] {processor.py:161} INFO - Started process (PID=823) to work on /home/airflow/.local/lib/python3.8/site-packages/airflow/example_dags/example_python_operator.py
[2025-11-10T20:42:50.314+0000] {processor.py:830} INFO - Processing file /home/airflow/.local/lib/python3.8/site-packages/airflow/example_dags/example_python_operator.py for tasks to queue
[2025-11-10T20:42:50.317+0000] {logging_mixin.py:188} INFO - [2025-11-10T20:42:50.316+0000] {dagbag.py:540} INFO - Filling up the DagBag from /home/airflow/.local/lib/python3.8/site-packages/airflow/example_dags/example_python_operator.py
[2025-11-10T20:42:50.328+0000] {processor.py:840} INFO - DAG(s) 'example_python_operator' retrieved from /home/airflow/.local/lib/python3.8/site-packages/airflow/example_dags/example_python_operator.py
[2025-11-10T20:42:50.348+0000] {logging_mixin.py:188} INFO - [2025-11-10T20:42:50.348+0000] {dag.py:3047} INFO - Sync 1 DAGs
[2025-11-10T20:42:50.360+0000] {logging_mixin.py:188} INFO - [2025-11-10T20:42:50.359+0000] {dag.py:3834} INFO - Setting next_dagrun for example_python_operator to None, run_after=None
[2025-11-10T20:42:50.380+0000] {processor.py:183} INFO - Processing /home/airflow/.local/lib/python3.8/site-packages/airflow/example_dags/example_python_operator.py took 0.071 seconds
[2025-11-10T20:43:20.556+0000] {processor.py:161} INFO - Started process (PID=878) to work on /home/airflow/.local/lib/python3.8/site-packages/airflow/example_dags/example_python_operator.py
[2025-11-10T20:43:20.558+0000] {processor.py:830} INFO - Processing file /home/airflow/.local/lib/python3.8/site-packages/airflow/example_dags/example_python_operator.py for tasks to queue
[2025-11-10T20:43:20.562+0000] {logging_mixin.py:188} INFO - [2025-11-10T20:43:20.562+0000] {dagbag.py:540} INFO - Filling up the DagBag from /home/airflow/.local/lib/python3.8/site-packages/airflow/example_dags/example_python_operator.py
[2025-11-10T20:43:20.579+0000] {processor.py:840} INFO - DAG(s) 'example_python_operator' retrieved from /home/airflow/.local/lib/python3.8/site-packages/airflow/example_dags/example_python_operator.py
[2025-11-10T20:43:20.608+0000] {logging_mixin.py:188} INFO - [2025-11-10T20:43:20.608+0000] {dag.py:3047} INFO - Sync 1 DAGs
[2025-11-10T20:43:20.622+0000] {logging_mixin.py:188} INFO - [2025-11-10T20:43:20.621+0000] {dag.py:3834} INFO - Setting next_dagrun for example_python_operator to None, run_after=None
[2025-11-10T20:43:20.644+0000] {processor.py:183} INFO - Processing /home/airflow/.local/lib/python3.8/site-packages/airflow/example_dags/example_python_operator.py took 0.097 seconds
[2025-11-10T20:43:51.026+0000] {processor.py:161} INFO - Started process (PID=932) to work on /home/airflow/.local/lib/python3.8/site-packages/airflow/example_dags/example_python_operator.py
[2025-11-10T20:43:51.027+0000] {processor.py:830} INFO - Processing file /home/airflow/.local/lib/python3.8/site-packages/airflow/example_dags/example_python_operator.py for tasks to queue
[2025-11-10T20:43:51.029+0000] {logging_mixin.py:188} INFO - [2025-11-10T20:43:51.029+0000] {dagbag.py:540} INFO - Filling up the DagBag from /home/airflow/.local/lib/python3.8/site-packages/airflow/example_dags/example_python_operator.py
[2025-11-10T20:43:51.041+0000] {processor.py:840} INFO - DAG(s) 'example_python_operator' retrieved from /home/airflow/.local/lib/python3.8/site-packages/airflow/example_dags/example_python_operator.py
[2025-11-10T20:43:51.073+0000] {logging_mixin.py:188} INFO - [2025-11-10T20:43:51.073+0000] {dag.py:3047} INFO - Sync 1 DAGs
[2025-11-10T20:43:51.085+0000] {logging_mixin.py:188} INFO - [2025-11-10T20:43:51.085+0000] {dag.py:3834} INFO - Setting next_dagrun for example_python_operator to None, run_after=None
[2025-11-10T20:43:51.104+0000] {processor.py:183} INFO - Processing /home/airflow/.local/lib/python3.8/site-packages/airflow/example_dags/example_python_operator.py took 0.082 seconds
[2025-11-10T20:44:21.898+0000] {processor.py:161} INFO - Started process (PID=987) to work on /home/airflow/.local/lib/python3.8/site-packages/airflow/example_dags/example_python_operator.py
[2025-11-10T20:44:21.900+0000] {processor.py:830} INFO - Processing file /home/airflow/.local/lib/python3.8/site-packages/airflow/example_dags/example_python_operator.py for tasks to queue
[2025-11-10T20:44:21.903+0000] {logging_mixin.py:188} INFO - [2025-11-10T20:44:21.902+0000] {dagbag.py:540} INFO - Filling up the DagBag from /home/airflow/.local/lib/python3.8/site-packages/airflow/example_dags/example_python_operator.py
[2025-11-10T20:44:21.916+0000] {processor.py:840} INFO - DAG(s) 'example_python_operator' retrieved from /home/airflow/.local/lib/python3.8/site-packages/airflow/example_dags/example_python_operator.py
[2025-11-10T20:44:21.937+0000] {logging_mixin.py:188} INFO - [2025-11-10T20:44:21.937+0000] {dag.py:3047} INFO - Sync 1 DAGs
[2025-11-10T20:44:21.949+0000] {logging_mixin.py:188} INFO - [2025-11-10T20:44:21.949+0000] {dag.py:3834} INFO - Setting next_dagrun for example_python_operator to None, run_after=None
[2025-11-10T20:44:21.970+0000] {processor.py:183} INFO - Processing /home/airflow/.local/lib/python3.8/site-packages/airflow/example_dags/example_python_operator.py took 0.076 seconds
[2025-11-10T20:44:52.522+0000] {processor.py:161} INFO - Started process (PID=1042) to work on /home/airflow/.local/lib/python3.8/site-packages/airflow/example_dags/example_python_operator.py
[2025-11-10T20:44:52.523+0000] {processor.py:830} INFO - Processing file /home/airflow/.local/lib/python3.8/site-packages/airflow/example_dags/example_python_operator.py for tasks to queue
[2025-11-10T20:44:52.526+0000] {logging_mixin.py:188} INFO - [2025-11-10T20:44:52.525+0000] {dagbag.py:540} INFO - Filling up the DagBag from /home/airflow/.local/lib/python3.8/site-packages/airflow/example_dags/example_python_operator.py
[2025-11-10T20:44:52.533+0000] {processor.py:840} INFO - DAG(s) 'example_python_operator' retrieved from /home/airflow/.local/lib/python3.8/site-packages/airflow/example_dags/example_python_operator.py
[2025-11-10T20:44:52.562+0000] {logging_mixin.py:188} INFO - [2025-11-10T20:44:52.561+0000] {dag.py:3047} INFO - Sync 1 DAGs
[2025-11-10T20:44:52.577+0000] {logging_mixin.py:188} INFO - [2025-11-10T20:44:52.577+0000] {dag.py:3834} INFO - Setting next_dagrun for example_python_operator to None, run_after=None
[2025-11-10T20:44:52.605+0000] {processor.py:183} INFO - Processing /home/airflow/.local/lib/python3.8/site-packages/airflow/example_dags/example_python_operator.py took 0.089 seconds
[2025-11-10T20:45:22.744+0000] {processor.py:161} INFO - Started process (PID=1097) to work on /home/airflow/.local/lib/python3.8/site-packages/airflow/example_dags/example_python_operator.py
[2025-11-10T20:45:22.745+0000] {processor.py:830} INFO - Processing file /home/airflow/.local/lib/python3.8/site-packages/airflow/example_dags/example_python_operator.py for tasks to queue
[2025-11-10T20:45:22.748+0000] {logging_mixin.py:188} INFO - [2025-11-10T20:45:22.748+0000] {dagbag.py:540} INFO - Filling up the DagBag from /home/airflow/.local/lib/python3.8/site-packages/airflow/example_dags/example_python_operator.py
[2025-11-10T20:45:22.763+0000] {processor.py:840} INFO - DAG(s) 'example_python_operator' retrieved from /home/airflow/.local/lib/python3.8/site-packages/airflow/example_dags/example_python_operator.py
[2025-11-10T20:45:22.797+0000] {logging_mixin.py:188} INFO - [2025-11-10T20:45:22.797+0000] {dag.py:3047} INFO - Sync 1 DAGs
[2025-11-10T20:45:22.822+0000] {logging_mixin.py:188} INFO - [2025-11-10T20:45:22.821+0000] {dag.py:3834} INFO - Setting next_dagrun for example_python_operator to None, run_after=None
[2025-11-10T20:45:22.856+0000] {processor.py:183} INFO - Processing /home/airflow/.local/lib/python3.8/site-packages/airflow/example_dags/example_python_operator.py took 0.118 seconds
[2025-11-10T20:45:53.312+0000] {processor.py:161} INFO - Started process (PID=1152) to work on /home/airflow/.local/lib/python3.8/site-packages/airflow/example_dags/example_python_operator.py
[2025-11-10T20:45:53.313+0000] {processor.py:830} INFO - Processing file /home/airflow/.local/lib/python3.8/site-packages/airflow/example_dags/example_python_operator.py for tasks to queue
[2025-11-10T20:45:53.316+0000] {logging_mixin.py:188} INFO - [2025-11-10T20:45:53.315+0000] {dagbag.py:540} INFO - Filling up the DagBag from /home/airflow/.local/lib/python3.8/site-packages/airflow/example_dags/example_python_operator.py
[2025-11-10T20:45:53.328+0000] {processor.py:840} INFO - DAG(s) 'example_python_operator' retrieved from /home/airflow/.local/lib/python3.8/site-packages/airflow/example_dags/example_python_operator.py
[2025-11-10T20:45:53.352+0000] {logging_mixin.py:188} INFO - [2025-11-10T20:45:53.352+0000] {dag.py:3047} INFO - Sync 1 DAGs
[2025-11-10T20:45:53.364+0000] {logging_mixin.py:188} INFO - [2025-11-10T20:45:53.363+0000] {dag.py:3834} INFO - Setting next_dagrun for example_python_operator to None, run_after=None
[2025-11-10T20:45:53.387+0000] {processor.py:183} INFO - Processing /home/airflow/.local/lib/python3.8/site-packages/airflow/example_dags/example_python_operator.py took 0.078 seconds
[2025-11-10T20:46:23.652+0000] {processor.py:161} INFO - Started process (PID=1207) to work on /home/airflow/.local/lib/python3.8/site-packages/airflow/example_dags/example_python_operator.py
[2025-11-10T20:46:23.654+0000] {processor.py:830} INFO - Processing file /home/airflow/.local/lib/python3.8/site-packages/airflow/example_dags/example_python_operator.py for tasks to queue
[2025-11-10T20:46:23.656+0000] {logging_mixin.py:188} INFO - [2025-11-10T20:46:23.656+0000] {dagbag.py:540} INFO - Filling up the DagBag from /home/airflow/.local/lib/python3.8/site-packages/airflow/example_dags/example_python_operator.py
[2025-11-10T20:46:23.667+0000] {processor.py:840} INFO - DAG(s) 'example_python_operator' retrieved from /home/airflow/.local/lib/python3.8/site-packages/airflow/example_dags/example_python_operator.py
[2025-11-10T20:46:23.689+0000] {logging_mixin.py:188} INFO - [2025-11-10T20:46:23.689+0000] {dag.py:3047} INFO - Sync 1 DAGs
[2025-11-10T20:46:23.701+0000] {logging_mixin.py:188} INFO - [2025-11-10T20:46:23.701+0000] {dag.py:3834} INFO - Setting next_dagrun for example_python_operator to None, run_after=None
[2025-11-10T20:46:23.723+0000] {processor.py:183} INFO - Processing /home/airflow/.local/lib/python3.8/site-packages/airflow/example_dags/example_python_operator.py took 0.075 seconds
[2025-11-10T20:46:54.584+0000] {processor.py:161} INFO - Started process (PID=1263) to work on /home/airflow/.local/lib/python3.8/site-packages/airflow/example_dags/example_python_operator.py
[2025-11-10T20:46:54.586+0000] {processor.py:830} INFO - Processing file /home/airflow/.local/lib/python3.8/site-packages/airflow/example_dags/example_python_operator.py for tasks to queue
[2025-11-10T20:46:54.588+0000] {logging_mixin.py:188} INFO - [2025-11-10T20:46:54.588+0000] {dagbag.py:540} INFO - Filling up the DagBag from /home/airflow/.local/lib/python3.8/site-packages/airflow/example_dags/example_python_operator.py
[2025-11-10T20:46:54.598+0000] {processor.py:840} INFO - DAG(s) 'example_python_operator' retrieved from /home/airflow/.local/lib/python3.8/site-packages/airflow/example_dags/example_python_operator.py
[2025-11-10T20:46:54.620+0000] {logging_mixin.py:188} INFO - [2025-11-10T20:46:54.620+0000] {dag.py:3047} INFO - Sync 1 DAGs
[2025-11-10T20:46:54.633+0000] {logging_mixin.py:188} INFO - [2025-11-10T20:46:54.632+0000] {dag.py:3834} INFO - Setting next_dagrun for example_python_operator to None, run_after=None
[2025-11-10T20:46:54.652+0000] {processor.py:183} INFO - Processing /home/airflow/.local/lib/python3.8/site-packages/airflow/example_dags/example_python_operator.py took 0.071 seconds
[2025-11-10T20:47:24.809+0000] {processor.py:161} INFO - Started process (PID=1318) to work on /home/airflow/.local/lib/python3.8/site-packages/airflow/example_dags/example_python_operator.py
[2025-11-10T20:47:24.811+0000] {processor.py:830} INFO - Processing file /home/airflow/.local/lib/python3.8/site-packages/airflow/example_dags/example_python_operator.py for tasks to queue
[2025-11-10T20:47:24.813+0000] {logging_mixin.py:188} INFO - [2025-11-10T20:47:24.813+0000] {dagbag.py:540} INFO - Filling up the DagBag from /home/airflow/.local/lib/python3.8/site-packages/airflow/example_dags/example_python_operator.py
[2025-11-10T20:47:24.823+0000] {processor.py:840} INFO - DAG(s) 'example_python_operator' retrieved from /home/airflow/.local/lib/python3.8/site-packages/airflow/example_dags/example_python_operator.py
[2025-11-10T20:47:24.846+0000] {logging_mixin.py:188} INFO - [2025-11-10T20:47:24.846+0000] {dag.py:3047} INFO - Sync 1 DAGs
[2025-11-10T20:47:24.858+0000] {logging_mixin.py:188} INFO - [2025-11-10T20:47:24.858+0000] {dag.py:3834} INFO - Setting next_dagrun for example_python_operator to None, run_after=None
[2025-11-10T20:47:24.876+0000] {processor.py:183} INFO - Processing /home/airflow/.local/lib/python3.8/site-packages/airflow/example_dags/example_python_operator.py took 0.070 seconds
[2025-11-10T20:47:55.335+0000] {processor.py:161} INFO - Started process (PID=1373) to work on /home/airflow/.local/lib/python3.8/site-packages/airflow/example_dags/example_python_operator.py
[2025-11-10T20:47:55.336+0000] {processor.py:830} INFO - Processing file /home/airflow/.local/lib/python3.8/site-packages/airflow/example_dags/example_python_operator.py for tasks to queue
[2025-11-10T20:47:55.339+0000] {logging_mixin.py:188} INFO - [2025-11-10T20:47:55.338+0000] {dagbag.py:540} INFO - Filling up the DagBag from /home/airflow/.local/lib/python3.8/site-packages/airflow/example_dags/example_python_operator.py
[2025-11-10T20:47:55.351+0000] {processor.py:840} INFO - DAG(s) 'example_python_operator' retrieved from /home/airflow/.local/lib/python3.8/site-packages/airflow/example_dags/example_python_operator.py
[2025-11-10T20:47:55.373+0000] {logging_mixin.py:188} INFO - [2025-11-10T20:47:55.372+0000] {dag.py:3047} INFO - Sync 1 DAGs
[2025-11-10T20:47:55.388+0000] {logging_mixin.py:188} INFO - [2025-11-10T20:47:55.388+0000] {dag.py:3834} INFO - Setting next_dagrun for example_python_operator to None, run_after=None
[2025-11-10T20:47:55.410+0000] {processor.py:183} INFO - Processing /home/airflow/.local/lib/python3.8/site-packages/airflow/example_dags/example_python_operator.py took 0.080 seconds
[2025-11-10T20:48:26.127+0000] {processor.py:161} INFO - Started process (PID=1428) to work on /home/airflow/.local/lib/python3.8/site-packages/airflow/example_dags/example_python_operator.py
[2025-11-10T20:48:26.129+0000] {processor.py:830} INFO - Processing file /home/airflow/.local/lib/python3.8/site-packages/airflow/example_dags/example_python_operator.py for tasks to queue
[2025-11-10T20:48:26.131+0000] {logging_mixin.py:188} INFO - [2025-11-10T20:48:26.131+0000] {dagbag.py:540} INFO - Filling up the DagBag from /home/airflow/.local/lib/python3.8/site-packages/airflow/example_dags/example_python_operator.py
[2025-11-10T20:48:26.145+0000] {processor.py:840} INFO - DAG(s) 'example_python_operator' retrieved from /home/airflow/.local/lib/python3.8/site-packages/airflow/example_dags/example_python_operator.py
[2025-11-10T20:48:26.172+0000] {logging_mixin.py:188} INFO - [2025-11-10T20:48:26.171+0000] {dag.py:3047} INFO - Sync 1 DAGs
[2025-11-10T20:48:26.185+0000] {logging_mixin.py:188} INFO - [2025-11-10T20:48:26.185+0000] {dag.py:3834} INFO - Setting next_dagrun for example_python_operator to None, run_after=None
[2025-11-10T20:48:26.209+0000] {processor.py:183} INFO - Processing /home/airflow/.local/lib/python3.8/site-packages/airflow/example_dags/example_python_operator.py took 0.087 seconds
[2025-11-10T20:48:56.910+0000] {processor.py:161} INFO - Started process (PID=1483) to work on /home/airflow/.local/lib/python3.8/site-packages/airflow/example_dags/example_python_operator.py
[2025-11-10T20:48:56.912+0000] {processor.py:830} INFO - Processing file /home/airflow/.local/lib/python3.8/site-packages/airflow/example_dags/example_python_operator.py for tasks to queue
[2025-11-10T20:48:56.914+0000] {logging_mixin.py:188} INFO - [2025-11-10T20:48:56.914+0000] {dagbag.py:540} INFO - Filling up the DagBag from /home/airflow/.local/lib/python3.8/site-packages/airflow/example_dags/example_python_operator.py
[2025-11-10T20:48:56.926+0000] {processor.py:840} INFO - DAG(s) 'example_python_operator' retrieved from /home/airflow/.local/lib/python3.8/site-packages/airflow/example_dags/example_python_operator.py
[2025-11-10T20:48:56.947+0000] {logging_mixin.py:188} INFO - [2025-11-10T20:48:56.946+0000] {dag.py:3047} INFO - Sync 1 DAGs
[2025-11-10T20:48:56.958+0000] {logging_mixin.py:188} INFO - [2025-11-10T20:48:56.958+0000] {dag.py:3834} INFO - Setting next_dagrun for example_python_operator to None, run_after=None
[2025-11-10T20:48:56.976+0000] {processor.py:183} INFO - Processing /home/airflow/.local/lib/python3.8/site-packages/airflow/example_dags/example_python_operator.py took 0.069 seconds
[2025-11-10T20:49:27.359+0000] {processor.py:161} INFO - Started process (PID=1539) to work on /home/airflow/.local/lib/python3.8/site-packages/airflow/example_dags/example_python_operator.py
[2025-11-10T20:49:27.361+0000] {processor.py:830} INFO - Processing file /home/airflow/.local/lib/python3.8/site-packages/airflow/example_dags/example_python_operator.py for tasks to queue
[2025-11-10T20:49:27.364+0000] {logging_mixin.py:188} INFO - [2025-11-10T20:49:27.364+0000] {dagbag.py:540} INFO - Filling up the DagBag from /home/airflow/.local/lib/python3.8/site-packages/airflow/example_dags/example_python_operator.py
[2025-11-10T20:49:27.377+0000] {processor.py:840} INFO - DAG(s) 'example_python_operator' retrieved from /home/airflow/.local/lib/python3.8/site-packages/airflow/example_dags/example_python_operator.py
[2025-11-10T20:49:27.398+0000] {logging_mixin.py:188} INFO - [2025-11-10T20:49:27.398+0000] {dag.py:3047} INFO - Sync 1 DAGs
[2025-11-10T20:49:27.410+0000] {logging_mixin.py:188} INFO - [2025-11-10T20:49:27.410+0000] {dag.py:3834} INFO - Setting next_dagrun for example_python_operator to None, run_after=None
[2025-11-10T20:49:27.433+0000] {processor.py:183} INFO - Processing /home/airflow/.local/lib/python3.8/site-packages/airflow/example_dags/example_python_operator.py took 0.078 seconds
[2025-11-10T20:49:57.580+0000] {processor.py:161} INFO - Started process (PID=1594) to work on /home/airflow/.local/lib/python3.8/site-packages/airflow/example_dags/example_python_operator.py
[2025-11-10T20:49:57.582+0000] {processor.py:830} INFO - Processing file /home/airflow/.local/lib/python3.8/site-packages/airflow/example_dags/example_python_operator.py for tasks to queue
[2025-11-10T20:49:57.584+0000] {logging_mixin.py:188} INFO - [2025-11-10T20:49:57.583+0000] {dagbag.py:540} INFO - Filling up the DagBag from /home/airflow/.local/lib/python3.8/site-packages/airflow/example_dags/example_python_operator.py
[2025-11-10T20:49:57.597+0000] {processor.py:840} INFO - DAG(s) 'example_python_operator' retrieved from /home/airflow/.local/lib/python3.8/site-packages/airflow/example_dags/example_python_operator.py
[2025-11-10T20:49:57.623+0000] {logging_mixin.py:188} INFO - [2025-11-10T20:49:57.623+0000] {dag.py:3047} INFO - Sync 1 DAGs
[2025-11-10T20:49:57.636+0000] {logging_mixin.py:188} INFO - [2025-11-10T20:49:57.636+0000] {dag.py:3834} INFO - Setting next_dagrun for example_python_operator to None, run_after=None
[2025-11-10T20:49:57.656+0000] {processor.py:183} INFO - Processing /home/airflow/.local/lib/python3.8/site-packages/airflow/example_dags/example_python_operator.py took 0.079 seconds
[2025-11-10T20:50:28.321+0000] {processor.py:161} INFO - Started process (PID=1649) to work on /home/airflow/.local/lib/python3.8/site-packages/airflow/example_dags/example_python_operator.py
[2025-11-10T20:50:28.322+0000] {processor.py:830} INFO - Processing file /home/airflow/.local/lib/python3.8/site-packages/airflow/example_dags/example_python_operator.py for tasks to queue
[2025-11-10T20:50:28.324+0000] {logging_mixin.py:188} INFO - [2025-11-10T20:50:28.323+0000] {dagbag.py:540} INFO - Filling up the DagBag from /home/airflow/.local/lib/python3.8/site-packages/airflow/example_dags/example_python_operator.py
[2025-11-10T20:50:28.333+0000] {processor.py:840} INFO - DAG(s) 'example_python_operator' retrieved from /home/airflow/.local/lib/python3.8/site-packages/airflow/example_dags/example_python_operator.py
[2025-11-10T20:50:28.356+0000] {logging_mixin.py:188} INFO - [2025-11-10T20:50:28.356+0000] {dag.py:3047} INFO - Sync 1 DAGs
[2025-11-10T20:50:28.367+0000] {logging_mixin.py:188} INFO - [2025-11-10T20:50:28.367+0000] {dag.py:3834} INFO - Setting next_dagrun for example_python_operator to None, run_after=None
[2025-11-10T20:50:28.385+0000] {processor.py:183} INFO - Processing /home/airflow/.local/lib/python3.8/site-packages/airflow/example_dags/example_python_operator.py took 0.067 seconds
[2025-11-10T20:50:58.802+0000] {processor.py:161} INFO - Started process (PID=1704) to work on /home/airflow/.local/lib/python3.8/site-packages/airflow/example_dags/example_python_operator.py
[2025-11-10T20:50:58.804+0000] {processor.py:830} INFO - Processing file /home/airflow/.local/lib/python3.8/site-packages/airflow/example_dags/example_python_operator.py for tasks to queue
[2025-11-10T20:50:58.807+0000] {logging_mixin.py:188} INFO - [2025-11-10T20:50:58.807+0000] {dagbag.py:540} INFO - Filling up the DagBag from /home/airflow/.local/lib/python3.8/site-packages/airflow/example_dags/example_python_operator.py
[2025-11-10T20:50:58.824+0000] {processor.py:840} INFO - DAG(s) 'example_python_operator' retrieved from /home/airflow/.local/lib/python3.8/site-packages/airflow/example_dags/example_python_operator.py
[2025-11-10T20:50:58.895+0000] {logging_mixin.py:188} INFO - [2025-11-10T20:50:58.894+0000] {dag.py:3047} INFO - Sync 1 DAGs
[2025-11-10T20:50:58.925+0000] {logging_mixin.py:188} INFO - [2025-11-10T20:50:58.924+0000] {dag.py:3834} INFO - Setting next_dagrun for example_python_operator to None, run_after=None
[2025-11-10T20:50:58.947+0000] {processor.py:183} INFO - Processing /home/airflow/.local/lib/python3.8/site-packages/airflow/example_dags/example_python_operator.py took 0.153 seconds
[2025-11-10T20:51:29.580+0000] {processor.py:161} INFO - Started process (PID=1759) to work on /home/airflow/.local/lib/python3.8/site-packages/airflow/example_dags/example_python_operator.py
[2025-11-10T20:51:29.582+0000] {processor.py:830} INFO - Processing file /home/airflow/.local/lib/python3.8/site-packages/airflow/example_dags/example_python_operator.py for tasks to queue
[2025-11-10T20:51:29.584+0000] {logging_mixin.py:188} INFO - [2025-11-10T20:51:29.584+0000] {dagbag.py:540} INFO - Filling up the DagBag from /home/airflow/.local/lib/python3.8/site-packages/airflow/example_dags/example_python_operator.py
[2025-11-10T20:51:29.595+0000] {processor.py:840} INFO - DAG(s) 'example_python_operator' retrieved from /home/airflow/.local/lib/python3.8/site-packages/airflow/example_dags/example_python_operator.py
[2025-11-10T20:51:29.616+0000] {logging_mixin.py:188} INFO - [2025-11-10T20:51:29.616+0000] {dag.py:3047} INFO - Sync 1 DAGs
[2025-11-10T20:51:29.630+0000] {logging_mixin.py:188} INFO - [2025-11-10T20:51:29.630+0000] {dag.py:3834} INFO - Setting next_dagrun for example_python_operator to None, run_after=None
[2025-11-10T20:51:29.648+0000] {processor.py:183} INFO - Processing /home/airflow/.local/lib/python3.8/site-packages/airflow/example_dags/example_python_operator.py took 0.073 seconds
[2025-11-10T20:51:59.927+0000] {processor.py:161} INFO - Started process (PID=1814) to work on /home/airflow/.local/lib/python3.8/site-packages/airflow/example_dags/example_python_operator.py
[2025-11-10T20:51:59.929+0000] {processor.py:830} INFO - Processing file /home/airflow/.local/lib/python3.8/site-packages/airflow/example_dags/example_python_operator.py for tasks to queue
[2025-11-10T20:51:59.932+0000] {logging_mixin.py:188} INFO - [2025-11-10T20:51:59.931+0000] {dagbag.py:540} INFO - Filling up the DagBag from /home/airflow/.local/lib/python3.8/site-packages/airflow/example_dags/example_python_operator.py
[2025-11-10T20:51:59.942+0000] {processor.py:840} INFO - DAG(s) 'example_python_operator' retrieved from /home/airflow/.local/lib/python3.8/site-packages/airflow/example_dags/example_python_operator.py
[2025-11-10T20:51:59.963+0000] {logging_mixin.py:188} INFO - [2025-11-10T20:51:59.963+0000] {dag.py:3047} INFO - Sync 1 DAGs
[2025-11-10T20:51:59.977+0000] {logging_mixin.py:188} INFO - [2025-11-10T20:51:59.977+0000] {dag.py:3834} INFO - Setting next_dagrun for example_python_operator to None, run_after=None
[2025-11-10T20:51:59.994+0000] {processor.py:183} INFO - Processing /home/airflow/.local/lib/python3.8/site-packages/airflow/example_dags/example_python_operator.py took 0.070 seconds
[2025-11-10T20:52:30.185+0000] {processor.py:161} INFO - Started process (PID=1869) to work on /home/airflow/.local/lib/python3.8/site-packages/airflow/example_dags/example_python_operator.py
[2025-11-10T20:52:30.186+0000] {processor.py:830} INFO - Processing file /home/airflow/.local/lib/python3.8/site-packages/airflow/example_dags/example_python_operator.py for tasks to queue
[2025-11-10T20:52:30.188+0000] {logging_mixin.py:188} INFO - [2025-11-10T20:52:30.188+0000] {dagbag.py:540} INFO - Filling up the DagBag from /home/airflow/.local/lib/python3.8/site-packages/airflow/example_dags/example_python_operator.py
[2025-11-10T20:52:30.198+0000] {processor.py:840} INFO - DAG(s) 'example_python_operator' retrieved from /home/airflow/.local/lib/python3.8/site-packages/airflow/example_dags/example_python_operator.py
[2025-11-10T20:52:30.220+0000] {logging_mixin.py:188} INFO - [2025-11-10T20:52:30.220+0000] {dag.py:3047} INFO - Sync 1 DAGs
[2025-11-10T20:52:30.232+0000] {logging_mixin.py:188} INFO - [2025-11-10T20:52:30.232+0000] {dag.py:3834} INFO - Setting next_dagrun for example_python_operator to None, run_after=None
[2025-11-10T20:52:30.251+0000] {processor.py:183} INFO - Processing /home/airflow/.local/lib/python3.8/site-packages/airflow/example_dags/example_python_operator.py took 0.069 seconds
[2025-11-10T20:53:00.480+0000] {processor.py:161} INFO - Started process (PID=1924) to work on /home/airflow/.local/lib/python3.8/site-packages/airflow/example_dags/example_python_operator.py
[2025-11-10T20:53:00.483+0000] {processor.py:830} INFO - Processing file /home/airflow/.local/lib/python3.8/site-packages/airflow/example_dags/example_python_operator.py for tasks to queue
[2025-11-10T20:53:00.489+0000] {logging_mixin.py:188} INFO - [2025-11-10T20:53:00.488+0000] {dagbag.py:540} INFO - Filling up the DagBag from /home/airflow/.local/lib/python3.8/site-packages/airflow/example_dags/example_python_operator.py
[2025-11-10T20:53:00.518+0000] {processor.py:840} INFO - DAG(s) 'example_python_operator' retrieved from /home/airflow/.local/lib/python3.8/site-packages/airflow/example_dags/example_python_operator.py
[2025-11-10T20:53:00.578+0000] {logging_mixin.py:188} INFO - [2025-11-10T20:53:00.577+0000] {dag.py:3047} INFO - Sync 1 DAGs
[2025-11-10T20:53:00.621+0000] {logging_mixin.py:188} INFO - [2025-11-10T20:53:00.621+0000] {dag.py:3834} INFO - Setting next_dagrun for example_python_operator to None, run_after=None
[2025-11-10T20:53:00.661+0000] {processor.py:183} INFO - Processing /home/airflow/.local/lib/python3.8/site-packages/airflow/example_dags/example_python_operator.py took 0.188 seconds
