[2025-11-10T20:36:06.852+0000] {processor.py:161} INFO - Started process (PID=68) to work on /home/airflow/.local/lib/python3.8/site-packages/airflow/example_dags/example_params_ui_tutorial.py
[2025-11-10T20:36:06.856+0000] {processor.py:830} INFO - Processing file /home/airflow/.local/lib/python3.8/site-packages/airflow/example_dags/example_params_ui_tutorial.py for tasks to queue
[2025-11-10T20:36:06.861+0000] {logging_mixin.py:188} INFO - [2025-11-10T20:36:06.860+0000] {dagbag.py:540} INFO - Filling up the DagBag from /home/airflow/.local/lib/python3.8/site-packages/airflow/example_dags/example_params_ui_tutorial.py
[2025-11-10T20:36:06.895+0000] {processor.py:840} INFO - DAG(s) 'example_params_ui_tutorial' retrieved from /home/airflow/.local/lib/python3.8/site-packages/airflow/example_dags/example_params_ui_tutorial.py
[2025-11-10T20:36:07.393+0000] {logging_mixin.py:188} INFO - [2025-11-10T20:36:07.391+0000] {override.py:1769} INFO - Created Permission View: can read on DAG:example_params_ui_tutorial
[2025-11-10T20:36:07.409+0000] {logging_mixin.py:188} INFO - [2025-11-10T20:36:07.408+0000] {override.py:1769} INFO - Created Permission View: can edit on DAG:example_params_ui_tutorial
[2025-11-10T20:36:07.422+0000] {logging_mixin.py:188} INFO - [2025-11-10T20:36:07.422+0000] {override.py:1769} INFO - Created Permission View: can delete on DAG:example_params_ui_tutorial
[2025-11-10T20:36:07.424+0000] {logging_mixin.py:188} INFO - [2025-11-10T20:36:07.423+0000] {dag.py:3047} INFO - Sync 1 DAGs
[2025-11-10T20:36:07.445+0000] {logging_mixin.py:188} INFO - [2025-11-10T20:36:07.445+0000] {dag.py:3069} INFO - Creating ORM DAG for example_params_ui_tutorial
[2025-11-10T20:36:07.447+0000] {logging_mixin.py:188} INFO - [2025-11-10T20:36:07.447+0000] {dag.py:3834} INFO - Setting next_dagrun for example_params_ui_tutorial to None, run_after=None
[2025-11-10T20:36:07.476+0000] {processor.py:183} INFO - Processing /home/airflow/.local/lib/python3.8/site-packages/airflow/example_dags/example_params_ui_tutorial.py took 0.634 seconds
[2025-11-10T20:36:37.981+0000] {processor.py:161} INFO - Started process (PID=123) to work on /home/airflow/.local/lib/python3.8/site-packages/airflow/example_dags/example_params_ui_tutorial.py
[2025-11-10T20:36:37.983+0000] {processor.py:830} INFO - Processing file /home/airflow/.local/lib/python3.8/site-packages/airflow/example_dags/example_params_ui_tutorial.py for tasks to queue
[2025-11-10T20:36:37.986+0000] {logging_mixin.py:188} INFO - [2025-11-10T20:36:37.985+0000] {dagbag.py:540} INFO - Filling up the DagBag from /home/airflow/.local/lib/python3.8/site-packages/airflow/example_dags/example_params_ui_tutorial.py
[2025-11-10T20:36:38.000+0000] {processor.py:840} INFO - DAG(s) 'example_params_ui_tutorial' retrieved from /home/airflow/.local/lib/python3.8/site-packages/airflow/example_dags/example_params_ui_tutorial.py
[2025-11-10T20:36:38.056+0000] {logging_mixin.py:188} INFO - [2025-11-10T20:36:38.056+0000] {dag.py:3047} INFO - Sync 1 DAGs
[2025-11-10T20:36:38.067+0000] {logging_mixin.py:188} INFO - [2025-11-10T20:36:38.067+0000] {dag.py:3834} INFO - Setting next_dagrun for example_params_ui_tutorial to None, run_after=None
[2025-11-10T20:36:38.087+0000] {processor.py:183} INFO - Processing /home/airflow/.local/lib/python3.8/site-packages/airflow/example_dags/example_params_ui_tutorial.py took 0.110 seconds
[2025-11-10T20:37:08.847+0000] {processor.py:161} INFO - Started process (PID=178) to work on /home/airflow/.local/lib/python3.8/site-packages/airflow/example_dags/example_params_ui_tutorial.py
[2025-11-10T20:37:08.851+0000] {processor.py:830} INFO - Processing file /home/airflow/.local/lib/python3.8/site-packages/airflow/example_dags/example_params_ui_tutorial.py for tasks to queue
[2025-11-10T20:37:08.856+0000] {logging_mixin.py:188} INFO - [2025-11-10T20:37:08.855+0000] {dagbag.py:540} INFO - Filling up the DagBag from /home/airflow/.local/lib/python3.8/site-packages/airflow/example_dags/example_params_ui_tutorial.py
[2025-11-10T20:37:08.880+0000] {processor.py:840} INFO - DAG(s) 'example_params_ui_tutorial' retrieved from /home/airflow/.local/lib/python3.8/site-packages/airflow/example_dags/example_params_ui_tutorial.py
[2025-11-10T20:37:08.978+0000] {logging_mixin.py:188} INFO - [2025-11-10T20:37:08.977+0000] {dag.py:3047} INFO - Sync 1 DAGs
[2025-11-10T20:37:08.990+0000] {logging_mixin.py:188} INFO - [2025-11-10T20:37:08.990+0000] {dag.py:3834} INFO - Setting next_dagrun for example_params_ui_tutorial to None, run_after=None
[2025-11-10T20:37:09.013+0000] {processor.py:183} INFO - Processing /home/airflow/.local/lib/python3.8/site-packages/airflow/example_dags/example_params_ui_tutorial.py took 0.178 seconds
[2025-11-10T20:37:39.073+0000] {processor.py:161} INFO - Started process (PID=233) to work on /home/airflow/.local/lib/python3.8/site-packages/airflow/example_dags/example_params_ui_tutorial.py
[2025-11-10T20:37:39.075+0000] {processor.py:830} INFO - Processing file /home/airflow/.local/lib/python3.8/site-packages/airflow/example_dags/example_params_ui_tutorial.py for tasks to queue
[2025-11-10T20:37:39.077+0000] {logging_mixin.py:188} INFO - [2025-11-10T20:37:39.077+0000] {dagbag.py:540} INFO - Filling up the DagBag from /home/airflow/.local/lib/python3.8/site-packages/airflow/example_dags/example_params_ui_tutorial.py
[2025-11-10T20:37:39.089+0000] {processor.py:840} INFO - DAG(s) 'example_params_ui_tutorial' retrieved from /home/airflow/.local/lib/python3.8/site-packages/airflow/example_dags/example_params_ui_tutorial.py
[2025-11-10T20:37:39.146+0000] {logging_mixin.py:188} INFO - [2025-11-10T20:37:39.145+0000] {dag.py:3047} INFO - Sync 1 DAGs
[2025-11-10T20:37:39.159+0000] {logging_mixin.py:188} INFO - [2025-11-10T20:37:39.159+0000] {dag.py:3834} INFO - Setting next_dagrun for example_params_ui_tutorial to None, run_after=None
[2025-11-10T20:37:39.182+0000] {processor.py:183} INFO - Processing /home/airflow/.local/lib/python3.8/site-packages/airflow/example_dags/example_params_ui_tutorial.py took 0.113 seconds
[2025-11-10T20:38:09.317+0000] {processor.py:161} INFO - Started process (PID=288) to work on /home/airflow/.local/lib/python3.8/site-packages/airflow/example_dags/example_params_ui_tutorial.py
[2025-11-10T20:38:09.318+0000] {processor.py:830} INFO - Processing file /home/airflow/.local/lib/python3.8/site-packages/airflow/example_dags/example_params_ui_tutorial.py for tasks to queue
[2025-11-10T20:38:09.321+0000] {logging_mixin.py:188} INFO - [2025-11-10T20:38:09.321+0000] {dagbag.py:540} INFO - Filling up the DagBag from /home/airflow/.local/lib/python3.8/site-packages/airflow/example_dags/example_params_ui_tutorial.py
[2025-11-10T20:38:09.335+0000] {processor.py:840} INFO - DAG(s) 'example_params_ui_tutorial' retrieved from /home/airflow/.local/lib/python3.8/site-packages/airflow/example_dags/example_params_ui_tutorial.py
[2025-11-10T20:38:09.393+0000] {logging_mixin.py:188} INFO - [2025-11-10T20:38:09.393+0000] {dag.py:3047} INFO - Sync 1 DAGs
[2025-11-10T20:38:09.405+0000] {logging_mixin.py:188} INFO - [2025-11-10T20:38:09.404+0000] {dag.py:3834} INFO - Setting next_dagrun for example_params_ui_tutorial to None, run_after=None
[2025-11-10T20:38:09.424+0000] {processor.py:183} INFO - Processing /home/airflow/.local/lib/python3.8/site-packages/airflow/example_dags/example_params_ui_tutorial.py took 0.115 seconds
[2025-11-10T20:38:39.727+0000] {processor.py:161} INFO - Started process (PID=343) to work on /home/airflow/.local/lib/python3.8/site-packages/airflow/example_dags/example_params_ui_tutorial.py
[2025-11-10T20:38:39.732+0000] {processor.py:830} INFO - Processing file /home/airflow/.local/lib/python3.8/site-packages/airflow/example_dags/example_params_ui_tutorial.py for tasks to queue
[2025-11-10T20:38:39.736+0000] {logging_mixin.py:188} INFO - [2025-11-10T20:38:39.736+0000] {dagbag.py:540} INFO - Filling up the DagBag from /home/airflow/.local/lib/python3.8/site-packages/airflow/example_dags/example_params_ui_tutorial.py
[2025-11-10T20:38:39.753+0000] {processor.py:840} INFO - DAG(s) 'example_params_ui_tutorial' retrieved from /home/airflow/.local/lib/python3.8/site-packages/airflow/example_dags/example_params_ui_tutorial.py
[2025-11-10T20:38:39.853+0000] {logging_mixin.py:188} INFO - [2025-11-10T20:38:39.853+0000] {dag.py:3047} INFO - Sync 1 DAGs
[2025-11-10T20:38:39.866+0000] {logging_mixin.py:188} INFO - [2025-11-10T20:38:39.866+0000] {dag.py:3834} INFO - Setting next_dagrun for example_params_ui_tutorial to None, run_after=None
[2025-11-10T20:38:39.904+0000] {processor.py:183} INFO - Processing /home/airflow/.local/lib/python3.8/site-packages/airflow/example_dags/example_params_ui_tutorial.py took 0.185 seconds
[2025-11-10T20:39:09.994+0000] {processor.py:161} INFO - Started process (PID=399) to work on /home/airflow/.local/lib/python3.8/site-packages/airflow/example_dags/example_params_ui_tutorial.py
[2025-11-10T20:39:09.996+0000] {processor.py:830} INFO - Processing file /home/airflow/.local/lib/python3.8/site-packages/airflow/example_dags/example_params_ui_tutorial.py for tasks to queue
[2025-11-10T20:39:10.001+0000] {logging_mixin.py:188} INFO - [2025-11-10T20:39:10.000+0000] {dagbag.py:540} INFO - Filling up the DagBag from /home/airflow/.local/lib/python3.8/site-packages/airflow/example_dags/example_params_ui_tutorial.py
[2025-11-10T20:39:10.017+0000] {processor.py:840} INFO - DAG(s) 'example_params_ui_tutorial' retrieved from /home/airflow/.local/lib/python3.8/site-packages/airflow/example_dags/example_params_ui_tutorial.py
[2025-11-10T20:39:10.074+0000] {logging_mixin.py:188} INFO - [2025-11-10T20:39:10.073+0000] {dag.py:3047} INFO - Sync 1 DAGs
[2025-11-10T20:39:10.086+0000] {logging_mixin.py:188} INFO - [2025-11-10T20:39:10.086+0000] {dag.py:3834} INFO - Setting next_dagrun for example_params_ui_tutorial to None, run_after=None
[2025-11-10T20:39:10.106+0000] {processor.py:183} INFO - Processing /home/airflow/.local/lib/python3.8/site-packages/airflow/example_dags/example_params_ui_tutorial.py took 0.116 seconds
[2025-11-10T20:39:40.859+0000] {processor.py:161} INFO - Started process (PID=459) to work on /home/airflow/.local/lib/python3.8/site-packages/airflow/example_dags/example_params_ui_tutorial.py
[2025-11-10T20:39:40.862+0000] {processor.py:830} INFO - Processing file /home/airflow/.local/lib/python3.8/site-packages/airflow/example_dags/example_params_ui_tutorial.py for tasks to queue
[2025-11-10T20:39:40.865+0000] {logging_mixin.py:188} INFO - [2025-11-10T20:39:40.865+0000] {dagbag.py:540} INFO - Filling up the DagBag from /home/airflow/.local/lib/python3.8/site-packages/airflow/example_dags/example_params_ui_tutorial.py
[2025-11-10T20:39:40.880+0000] {processor.py:840} INFO - DAG(s) 'example_params_ui_tutorial' retrieved from /home/airflow/.local/lib/python3.8/site-packages/airflow/example_dags/example_params_ui_tutorial.py
[2025-11-10T20:39:40.942+0000] {logging_mixin.py:188} INFO - [2025-11-10T20:39:40.942+0000] {dag.py:3047} INFO - Sync 1 DAGs
[2025-11-10T20:39:40.959+0000] {logging_mixin.py:188} INFO - [2025-11-10T20:39:40.958+0000] {dag.py:3834} INFO - Setting next_dagrun for example_params_ui_tutorial to None, run_after=None
[2025-11-10T20:39:40.982+0000] {processor.py:183} INFO - Processing /home/airflow/.local/lib/python3.8/site-packages/airflow/example_dags/example_params_ui_tutorial.py took 0.128 seconds
[2025-11-10T20:40:11.074+0000] {processor.py:161} INFO - Started process (PID=514) to work on /home/airflow/.local/lib/python3.8/site-packages/airflow/example_dags/example_params_ui_tutorial.py
[2025-11-10T20:40:11.076+0000] {processor.py:830} INFO - Processing file /home/airflow/.local/lib/python3.8/site-packages/airflow/example_dags/example_params_ui_tutorial.py for tasks to queue
[2025-11-10T20:40:11.078+0000] {logging_mixin.py:188} INFO - [2025-11-10T20:40:11.078+0000] {dagbag.py:540} INFO - Filling up the DagBag from /home/airflow/.local/lib/python3.8/site-packages/airflow/example_dags/example_params_ui_tutorial.py
[2025-11-10T20:40:11.091+0000] {processor.py:840} INFO - DAG(s) 'example_params_ui_tutorial' retrieved from /home/airflow/.local/lib/python3.8/site-packages/airflow/example_dags/example_params_ui_tutorial.py
[2025-11-10T20:40:11.148+0000] {logging_mixin.py:188} INFO - [2025-11-10T20:40:11.148+0000] {dag.py:3047} INFO - Sync 1 DAGs
[2025-11-10T20:40:11.162+0000] {logging_mixin.py:188} INFO - [2025-11-10T20:40:11.162+0000] {dag.py:3834} INFO - Setting next_dagrun for example_params_ui_tutorial to None, run_after=None
[2025-11-10T20:40:11.181+0000] {processor.py:183} INFO - Processing /home/airflow/.local/lib/python3.8/site-packages/airflow/example_dags/example_params_ui_tutorial.py took 0.110 seconds
[2025-11-10T20:40:41.382+0000] {processor.py:161} INFO - Started process (PID=569) to work on /home/airflow/.local/lib/python3.8/site-packages/airflow/example_dags/example_params_ui_tutorial.py
[2025-11-10T20:40:41.387+0000] {processor.py:830} INFO - Processing file /home/airflow/.local/lib/python3.8/site-packages/airflow/example_dags/example_params_ui_tutorial.py for tasks to queue
[2025-11-10T20:40:41.392+0000] {logging_mixin.py:188} INFO - [2025-11-10T20:40:41.392+0000] {dagbag.py:540} INFO - Filling up the DagBag from /home/airflow/.local/lib/python3.8/site-packages/airflow/example_dags/example_params_ui_tutorial.py
[2025-11-10T20:40:41.410+0000] {processor.py:840} INFO - DAG(s) 'example_params_ui_tutorial' retrieved from /home/airflow/.local/lib/python3.8/site-packages/airflow/example_dags/example_params_ui_tutorial.py
[2025-11-10T20:40:41.500+0000] {logging_mixin.py:188} INFO - [2025-11-10T20:40:41.500+0000] {dag.py:3047} INFO - Sync 1 DAGs
[2025-11-10T20:40:41.518+0000] {logging_mixin.py:188} INFO - [2025-11-10T20:40:41.518+0000] {dag.py:3834} INFO - Setting next_dagrun for example_params_ui_tutorial to None, run_after=None
[2025-11-10T20:40:41.540+0000] {processor.py:183} INFO - Processing /home/airflow/.local/lib/python3.8/site-packages/airflow/example_dags/example_params_ui_tutorial.py took 0.161 seconds
[2025-11-10T20:41:11.680+0000] {processor.py:161} INFO - Started process (PID=624) to work on /home/airflow/.local/lib/python3.8/site-packages/airflow/example_dags/example_params_ui_tutorial.py
[2025-11-10T20:41:11.683+0000] {processor.py:830} INFO - Processing file /home/airflow/.local/lib/python3.8/site-packages/airflow/example_dags/example_params_ui_tutorial.py for tasks to queue
[2025-11-10T20:41:11.687+0000] {logging_mixin.py:188} INFO - [2025-11-10T20:41:11.687+0000] {dagbag.py:540} INFO - Filling up the DagBag from /home/airflow/.local/lib/python3.8/site-packages/airflow/example_dags/example_params_ui_tutorial.py
[2025-11-10T20:41:11.701+0000] {processor.py:840} INFO - DAG(s) 'example_params_ui_tutorial' retrieved from /home/airflow/.local/lib/python3.8/site-packages/airflow/example_dags/example_params_ui_tutorial.py
[2025-11-10T20:41:11.776+0000] {logging_mixin.py:188} INFO - [2025-11-10T20:41:11.776+0000] {dag.py:3047} INFO - Sync 1 DAGs
[2025-11-10T20:41:11.792+0000] {logging_mixin.py:188} INFO - [2025-11-10T20:41:11.792+0000] {dag.py:3834} INFO - Setting next_dagrun for example_params_ui_tutorial to None, run_after=None
[2025-11-10T20:41:11.811+0000] {processor.py:183} INFO - Processing /home/airflow/.local/lib/python3.8/site-packages/airflow/example_dags/example_params_ui_tutorial.py took 0.142 seconds
[2025-11-10T20:41:42.174+0000] {processor.py:161} INFO - Started process (PID=679) to work on /home/airflow/.local/lib/python3.8/site-packages/airflow/example_dags/example_params_ui_tutorial.py
[2025-11-10T20:41:42.178+0000] {processor.py:830} INFO - Processing file /home/airflow/.local/lib/python3.8/site-packages/airflow/example_dags/example_params_ui_tutorial.py for tasks to queue
[2025-11-10T20:41:42.183+0000] {logging_mixin.py:188} INFO - [2025-11-10T20:41:42.182+0000] {dagbag.py:540} INFO - Filling up the DagBag from /home/airflow/.local/lib/python3.8/site-packages/airflow/example_dags/example_params_ui_tutorial.py
[2025-11-10T20:41:42.207+0000] {processor.py:840} INFO - DAG(s) 'example_params_ui_tutorial' retrieved from /home/airflow/.local/lib/python3.8/site-packages/airflow/example_dags/example_params_ui_tutorial.py
[2025-11-10T20:41:42.282+0000] {logging_mixin.py:188} INFO - [2025-11-10T20:41:42.282+0000] {dag.py:3047} INFO - Sync 1 DAGs
[2025-11-10T20:41:42.294+0000] {logging_mixin.py:188} INFO - [2025-11-10T20:41:42.294+0000] {dag.py:3834} INFO - Setting next_dagrun for example_params_ui_tutorial to None, run_after=None
[2025-11-10T20:41:42.315+0000] {processor.py:183} INFO - Processing /home/airflow/.local/lib/python3.8/site-packages/airflow/example_dags/example_params_ui_tutorial.py took 0.153 seconds
[2025-11-10T20:42:13.089+0000] {processor.py:161} INFO - Started process (PID=734) to work on /home/airflow/.local/lib/python3.8/site-packages/airflow/example_dags/example_params_ui_tutorial.py
[2025-11-10T20:42:13.094+0000] {processor.py:830} INFO - Processing file /home/airflow/.local/lib/python3.8/site-packages/airflow/example_dags/example_params_ui_tutorial.py for tasks to queue
[2025-11-10T20:42:13.103+0000] {logging_mixin.py:188} INFO - [2025-11-10T20:42:13.101+0000] {dagbag.py:540} INFO - Filling up the DagBag from /home/airflow/.local/lib/python3.8/site-packages/airflow/example_dags/example_params_ui_tutorial.py
[2025-11-10T20:42:13.144+0000] {processor.py:840} INFO - DAG(s) 'example_params_ui_tutorial' retrieved from /home/airflow/.local/lib/python3.8/site-packages/airflow/example_dags/example_params_ui_tutorial.py
[2025-11-10T20:42:13.251+0000] {logging_mixin.py:188} INFO - [2025-11-10T20:42:13.250+0000] {dag.py:3047} INFO - Sync 1 DAGs
[2025-11-10T20:42:13.265+0000] {logging_mixin.py:188} INFO - [2025-11-10T20:42:13.265+0000] {dag.py:3834} INFO - Setting next_dagrun for example_params_ui_tutorial to None, run_after=None
[2025-11-10T20:42:13.290+0000] {processor.py:183} INFO - Processing /home/airflow/.local/lib/python3.8/site-packages/airflow/example_dags/example_params_ui_tutorial.py took 0.213 seconds
[2025-11-10T20:42:43.818+0000] {processor.py:161} INFO - Started process (PID=789) to work on /home/airflow/.local/lib/python3.8/site-packages/airflow/example_dags/example_params_ui_tutorial.py
[2025-11-10T20:42:43.820+0000] {processor.py:830} INFO - Processing file /home/airflow/.local/lib/python3.8/site-packages/airflow/example_dags/example_params_ui_tutorial.py for tasks to queue
[2025-11-10T20:42:43.821+0000] {logging_mixin.py:188} INFO - [2025-11-10T20:42:43.821+0000] {dagbag.py:540} INFO - Filling up the DagBag from /home/airflow/.local/lib/python3.8/site-packages/airflow/example_dags/example_params_ui_tutorial.py
[2025-11-10T20:42:43.833+0000] {processor.py:840} INFO - DAG(s) 'example_params_ui_tutorial' retrieved from /home/airflow/.local/lib/python3.8/site-packages/airflow/example_dags/example_params_ui_tutorial.py
[2025-11-10T20:42:43.889+0000] {logging_mixin.py:188} INFO - [2025-11-10T20:42:43.889+0000] {dag.py:3047} INFO - Sync 1 DAGs
[2025-11-10T20:42:43.905+0000] {logging_mixin.py:188} INFO - [2025-11-10T20:42:43.904+0000] {dag.py:3834} INFO - Setting next_dagrun for example_params_ui_tutorial to None, run_after=None
[2025-11-10T20:42:43.933+0000] {processor.py:183} INFO - Processing /home/airflow/.local/lib/python3.8/site-packages/airflow/example_dags/example_params_ui_tutorial.py took 0.118 seconds
[2025-11-10T20:43:14.821+0000] {processor.py:161} INFO - Started process (PID=844) to work on /home/airflow/.local/lib/python3.8/site-packages/airflow/example_dags/example_params_ui_tutorial.py
[2025-11-10T20:43:14.825+0000] {processor.py:830} INFO - Processing file /home/airflow/.local/lib/python3.8/site-packages/airflow/example_dags/example_params_ui_tutorial.py for tasks to queue
[2025-11-10T20:43:14.832+0000] {logging_mixin.py:188} INFO - [2025-11-10T20:43:14.831+0000] {dagbag.py:540} INFO - Filling up the DagBag from /home/airflow/.local/lib/python3.8/site-packages/airflow/example_dags/example_params_ui_tutorial.py
[2025-11-10T20:43:14.857+0000] {processor.py:840} INFO - DAG(s) 'example_params_ui_tutorial' retrieved from /home/airflow/.local/lib/python3.8/site-packages/airflow/example_dags/example_params_ui_tutorial.py
[2025-11-10T20:43:14.919+0000] {logging_mixin.py:188} INFO - [2025-11-10T20:43:14.919+0000] {dag.py:3047} INFO - Sync 1 DAGs
[2025-11-10T20:43:14.932+0000] {logging_mixin.py:188} INFO - [2025-11-10T20:43:14.931+0000] {dag.py:3834} INFO - Setting next_dagrun for example_params_ui_tutorial to None, run_after=None
[2025-11-10T20:43:14.952+0000] {processor.py:183} INFO - Processing /home/airflow/.local/lib/python3.8/site-packages/airflow/example_dags/example_params_ui_tutorial.py took 0.141 seconds
[2025-11-10T20:43:45.232+0000] {processor.py:161} INFO - Started process (PID=898) to work on /home/airflow/.local/lib/python3.8/site-packages/airflow/example_dags/example_params_ui_tutorial.py
[2025-11-10T20:43:45.235+0000] {processor.py:830} INFO - Processing file /home/airflow/.local/lib/python3.8/site-packages/airflow/example_dags/example_params_ui_tutorial.py for tasks to queue
[2025-11-10T20:43:45.240+0000] {logging_mixin.py:188} INFO - [2025-11-10T20:43:45.240+0000] {dagbag.py:540} INFO - Filling up the DagBag from /home/airflow/.local/lib/python3.8/site-packages/airflow/example_dags/example_params_ui_tutorial.py
[2025-11-10T20:43:45.263+0000] {processor.py:840} INFO - DAG(s) 'example_params_ui_tutorial' retrieved from /home/airflow/.local/lib/python3.8/site-packages/airflow/example_dags/example_params_ui_tutorial.py
[2025-11-10T20:43:45.321+0000] {logging_mixin.py:188} INFO - [2025-11-10T20:43:45.320+0000] {dag.py:3047} INFO - Sync 1 DAGs
[2025-11-10T20:43:45.335+0000] {logging_mixin.py:188} INFO - [2025-11-10T20:43:45.335+0000] {dag.py:3834} INFO - Setting next_dagrun for example_params_ui_tutorial to None, run_after=None
[2025-11-10T20:43:45.354+0000] {processor.py:183} INFO - Processing /home/airflow/.local/lib/python3.8/site-packages/airflow/example_dags/example_params_ui_tutorial.py took 0.131 seconds
[2025-11-10T20:44:15.610+0000] {processor.py:161} INFO - Started process (PID=953) to work on /home/airflow/.local/lib/python3.8/site-packages/airflow/example_dags/example_params_ui_tutorial.py
[2025-11-10T20:44:15.611+0000] {processor.py:830} INFO - Processing file /home/airflow/.local/lib/python3.8/site-packages/airflow/example_dags/example_params_ui_tutorial.py for tasks to queue
[2025-11-10T20:44:15.614+0000] {logging_mixin.py:188} INFO - [2025-11-10T20:44:15.613+0000] {dagbag.py:540} INFO - Filling up the DagBag from /home/airflow/.local/lib/python3.8/site-packages/airflow/example_dags/example_params_ui_tutorial.py
[2025-11-10T20:44:15.626+0000] {processor.py:840} INFO - DAG(s) 'example_params_ui_tutorial' retrieved from /home/airflow/.local/lib/python3.8/site-packages/airflow/example_dags/example_params_ui_tutorial.py
[2025-11-10T20:44:15.683+0000] {logging_mixin.py:188} INFO - [2025-11-10T20:44:15.682+0000] {dag.py:3047} INFO - Sync 1 DAGs
[2025-11-10T20:44:15.694+0000] {logging_mixin.py:188} INFO - [2025-11-10T20:44:15.694+0000] {dag.py:3834} INFO - Setting next_dagrun for example_params_ui_tutorial to None, run_after=None
[2025-11-10T20:44:15.712+0000] {processor.py:183} INFO - Processing /home/airflow/.local/lib/python3.8/site-packages/airflow/example_dags/example_params_ui_tutorial.py took 0.105 seconds
[2025-11-10T20:44:46.163+0000] {processor.py:161} INFO - Started process (PID=1008) to work on /home/airflow/.local/lib/python3.8/site-packages/airflow/example_dags/example_params_ui_tutorial.py
[2025-11-10T20:44:46.165+0000] {processor.py:830} INFO - Processing file /home/airflow/.local/lib/python3.8/site-packages/airflow/example_dags/example_params_ui_tutorial.py for tasks to queue
[2025-11-10T20:44:46.168+0000] {logging_mixin.py:188} INFO - [2025-11-10T20:44:46.168+0000] {dagbag.py:540} INFO - Filling up the DagBag from /home/airflow/.local/lib/python3.8/site-packages/airflow/example_dags/example_params_ui_tutorial.py
[2025-11-10T20:44:46.182+0000] {processor.py:840} INFO - DAG(s) 'example_params_ui_tutorial' retrieved from /home/airflow/.local/lib/python3.8/site-packages/airflow/example_dags/example_params_ui_tutorial.py
[2025-11-10T20:44:46.243+0000] {logging_mixin.py:188} INFO - [2025-11-10T20:44:46.243+0000] {dag.py:3047} INFO - Sync 1 DAGs
[2025-11-10T20:44:46.255+0000] {logging_mixin.py:188} INFO - [2025-11-10T20:44:46.255+0000] {dag.py:3834} INFO - Setting next_dagrun for example_params_ui_tutorial to None, run_after=None
[2025-11-10T20:44:46.276+0000] {processor.py:183} INFO - Processing /home/airflow/.local/lib/python3.8/site-packages/airflow/example_dags/example_params_ui_tutorial.py took 0.117 seconds
[2025-11-10T20:45:16.393+0000] {processor.py:161} INFO - Started process (PID=1063) to work on /home/airflow/.local/lib/python3.8/site-packages/airflow/example_dags/example_params_ui_tutorial.py
[2025-11-10T20:45:16.396+0000] {processor.py:830} INFO - Processing file /home/airflow/.local/lib/python3.8/site-packages/airflow/example_dags/example_params_ui_tutorial.py for tasks to queue
[2025-11-10T20:45:16.400+0000] {logging_mixin.py:188} INFO - [2025-11-10T20:45:16.399+0000] {dagbag.py:540} INFO - Filling up the DagBag from /home/airflow/.local/lib/python3.8/site-packages/airflow/example_dags/example_params_ui_tutorial.py
[2025-11-10T20:45:16.420+0000] {processor.py:840} INFO - DAG(s) 'example_params_ui_tutorial' retrieved from /home/airflow/.local/lib/python3.8/site-packages/airflow/example_dags/example_params_ui_tutorial.py
[2025-11-10T20:45:16.484+0000] {logging_mixin.py:188} INFO - [2025-11-10T20:45:16.484+0000] {dag.py:3047} INFO - Sync 1 DAGs
[2025-11-10T20:45:16.497+0000] {logging_mixin.py:188} INFO - [2025-11-10T20:45:16.497+0000] {dag.py:3834} INFO - Setting next_dagrun for example_params_ui_tutorial to None, run_after=None
[2025-11-10T20:45:16.517+0000] {processor.py:183} INFO - Processing /home/airflow/.local/lib/python3.8/site-packages/airflow/example_dags/example_params_ui_tutorial.py took 0.131 seconds
[2025-11-10T20:45:46.605+0000] {processor.py:161} INFO - Started process (PID=1118) to work on /home/airflow/.local/lib/python3.8/site-packages/airflow/example_dags/example_params_ui_tutorial.py
[2025-11-10T20:45:46.609+0000] {processor.py:830} INFO - Processing file /home/airflow/.local/lib/python3.8/site-packages/airflow/example_dags/example_params_ui_tutorial.py for tasks to queue
[2025-11-10T20:45:46.613+0000] {logging_mixin.py:188} INFO - [2025-11-10T20:45:46.613+0000] {dagbag.py:540} INFO - Filling up the DagBag from /home/airflow/.local/lib/python3.8/site-packages/airflow/example_dags/example_params_ui_tutorial.py
[2025-11-10T20:45:46.628+0000] {processor.py:840} INFO - DAG(s) 'example_params_ui_tutorial' retrieved from /home/airflow/.local/lib/python3.8/site-packages/airflow/example_dags/example_params_ui_tutorial.py
[2025-11-10T20:45:46.688+0000] {logging_mixin.py:188} INFO - [2025-11-10T20:45:46.688+0000] {dag.py:3047} INFO - Sync 1 DAGs
[2025-11-10T20:45:46.700+0000] {logging_mixin.py:188} INFO - [2025-11-10T20:45:46.699+0000] {dag.py:3834} INFO - Setting next_dagrun for example_params_ui_tutorial to None, run_after=None
[2025-11-10T20:45:46.718+0000] {processor.py:183} INFO - Processing /home/airflow/.local/lib/python3.8/site-packages/airflow/example_dags/example_params_ui_tutorial.py took 0.116 seconds
[2025-11-10T20:46:16.828+0000] {processor.py:161} INFO - Started process (PID=1173) to work on /home/airflow/.local/lib/python3.8/site-packages/airflow/example_dags/example_params_ui_tutorial.py
[2025-11-10T20:46:16.830+0000] {processor.py:830} INFO - Processing file /home/airflow/.local/lib/python3.8/site-packages/airflow/example_dags/example_params_ui_tutorial.py for tasks to queue
[2025-11-10T20:46:16.833+0000] {logging_mixin.py:188} INFO - [2025-11-10T20:46:16.832+0000] {dagbag.py:540} INFO - Filling up the DagBag from /home/airflow/.local/lib/python3.8/site-packages/airflow/example_dags/example_params_ui_tutorial.py
[2025-11-10T20:46:16.845+0000] {processor.py:840} INFO - DAG(s) 'example_params_ui_tutorial' retrieved from /home/airflow/.local/lib/python3.8/site-packages/airflow/example_dags/example_params_ui_tutorial.py
[2025-11-10T20:46:16.901+0000] {logging_mixin.py:188} INFO - [2025-11-10T20:46:16.901+0000] {dag.py:3047} INFO - Sync 1 DAGs
[2025-11-10T20:46:16.913+0000] {logging_mixin.py:188} INFO - [2025-11-10T20:46:16.913+0000] {dag.py:3834} INFO - Setting next_dagrun for example_params_ui_tutorial to None, run_after=None
[2025-11-10T20:46:16.933+0000] {processor.py:183} INFO - Processing /home/airflow/.local/lib/python3.8/site-packages/airflow/example_dags/example_params_ui_tutorial.py took 0.112 seconds
[2025-11-10T20:46:47.080+0000] {processor.py:161} INFO - Started process (PID=1229) to work on /home/airflow/.local/lib/python3.8/site-packages/airflow/example_dags/example_params_ui_tutorial.py
[2025-11-10T20:46:47.083+0000] {processor.py:830} INFO - Processing file /home/airflow/.local/lib/python3.8/site-packages/airflow/example_dags/example_params_ui_tutorial.py for tasks to queue
[2025-11-10T20:46:47.088+0000] {logging_mixin.py:188} INFO - [2025-11-10T20:46:47.087+0000] {dagbag.py:540} INFO - Filling up the DagBag from /home/airflow/.local/lib/python3.8/site-packages/airflow/example_dags/example_params_ui_tutorial.py
[2025-11-10T20:46:47.114+0000] {processor.py:840} INFO - DAG(s) 'example_params_ui_tutorial' retrieved from /home/airflow/.local/lib/python3.8/site-packages/airflow/example_dags/example_params_ui_tutorial.py
[2025-11-10T20:46:47.191+0000] {logging_mixin.py:188} INFO - [2025-11-10T20:46:47.191+0000] {dag.py:3047} INFO - Sync 1 DAGs
[2025-11-10T20:46:47.203+0000] {logging_mixin.py:188} INFO - [2025-11-10T20:46:47.203+0000] {dag.py:3834} INFO - Setting next_dagrun for example_params_ui_tutorial to None, run_after=None
[2025-11-10T20:46:47.230+0000] {processor.py:183} INFO - Processing /home/airflow/.local/lib/python3.8/site-packages/airflow/example_dags/example_params_ui_tutorial.py took 0.157 seconds
[2025-11-10T20:47:17.599+0000] {processor.py:161} INFO - Started process (PID=1284) to work on /home/airflow/.local/lib/python3.8/site-packages/airflow/example_dags/example_params_ui_tutorial.py
[2025-11-10T20:47:17.602+0000] {processor.py:830} INFO - Processing file /home/airflow/.local/lib/python3.8/site-packages/airflow/example_dags/example_params_ui_tutorial.py for tasks to queue
[2025-11-10T20:47:17.606+0000] {logging_mixin.py:188} INFO - [2025-11-10T20:47:17.606+0000] {dagbag.py:540} INFO - Filling up the DagBag from /home/airflow/.local/lib/python3.8/site-packages/airflow/example_dags/example_params_ui_tutorial.py
[2025-11-10T20:47:17.625+0000] {processor.py:840} INFO - DAG(s) 'example_params_ui_tutorial' retrieved from /home/airflow/.local/lib/python3.8/site-packages/airflow/example_dags/example_params_ui_tutorial.py
[2025-11-10T20:47:17.682+0000] {logging_mixin.py:188} INFO - [2025-11-10T20:47:17.682+0000] {dag.py:3047} INFO - Sync 1 DAGs
[2025-11-10T20:47:17.696+0000] {logging_mixin.py:188} INFO - [2025-11-10T20:47:17.696+0000] {dag.py:3834} INFO - Setting next_dagrun for example_params_ui_tutorial to None, run_after=None
[2025-11-10T20:47:17.717+0000] {processor.py:183} INFO - Processing /home/airflow/.local/lib/python3.8/site-packages/airflow/example_dags/example_params_ui_tutorial.py took 0.126 seconds
[2025-11-10T20:47:47.775+0000] {processor.py:161} INFO - Started process (PID=1339) to work on /home/airflow/.local/lib/python3.8/site-packages/airflow/example_dags/example_params_ui_tutorial.py
[2025-11-10T20:47:47.777+0000] {processor.py:830} INFO - Processing file /home/airflow/.local/lib/python3.8/site-packages/airflow/example_dags/example_params_ui_tutorial.py for tasks to queue
[2025-11-10T20:47:47.779+0000] {logging_mixin.py:188} INFO - [2025-11-10T20:47:47.779+0000] {dagbag.py:540} INFO - Filling up the DagBag from /home/airflow/.local/lib/python3.8/site-packages/airflow/example_dags/example_params_ui_tutorial.py
[2025-11-10T20:47:47.792+0000] {processor.py:840} INFO - DAG(s) 'example_params_ui_tutorial' retrieved from /home/airflow/.local/lib/python3.8/site-packages/airflow/example_dags/example_params_ui_tutorial.py
[2025-11-10T20:47:47.848+0000] {logging_mixin.py:188} INFO - [2025-11-10T20:47:47.848+0000] {dag.py:3047} INFO - Sync 1 DAGs
[2025-11-10T20:47:47.860+0000] {logging_mixin.py:188} INFO - [2025-11-10T20:47:47.860+0000] {dag.py:3834} INFO - Setting next_dagrun for example_params_ui_tutorial to None, run_after=None
[2025-11-10T20:47:47.904+0000] {processor.py:183} INFO - Processing /home/airflow/.local/lib/python3.8/site-packages/airflow/example_dags/example_params_ui_tutorial.py took 0.133 seconds
[2025-11-10T20:48:18.232+0000] {processor.py:161} INFO - Started process (PID=1394) to work on /home/airflow/.local/lib/python3.8/site-packages/airflow/example_dags/example_params_ui_tutorial.py
[2025-11-10T20:48:18.235+0000] {processor.py:830} INFO - Processing file /home/airflow/.local/lib/python3.8/site-packages/airflow/example_dags/example_params_ui_tutorial.py for tasks to queue
[2025-11-10T20:48:18.238+0000] {logging_mixin.py:188} INFO - [2025-11-10T20:48:18.238+0000] {dagbag.py:540} INFO - Filling up the DagBag from /home/airflow/.local/lib/python3.8/site-packages/airflow/example_dags/example_params_ui_tutorial.py
[2025-11-10T20:48:18.256+0000] {processor.py:840} INFO - DAG(s) 'example_params_ui_tutorial' retrieved from /home/airflow/.local/lib/python3.8/site-packages/airflow/example_dags/example_params_ui_tutorial.py
[2025-11-10T20:48:18.313+0000] {logging_mixin.py:188} INFO - [2025-11-10T20:48:18.312+0000] {dag.py:3047} INFO - Sync 1 DAGs
[2025-11-10T20:48:18.324+0000] {logging_mixin.py:188} INFO - [2025-11-10T20:48:18.324+0000] {dag.py:3834} INFO - Setting next_dagrun for example_params_ui_tutorial to None, run_after=None
[2025-11-10T20:48:18.342+0000] {processor.py:183} INFO - Processing /home/airflow/.local/lib/python3.8/site-packages/airflow/example_dags/example_params_ui_tutorial.py took 0.117 seconds
[2025-11-10T20:48:48.669+0000] {processor.py:161} INFO - Started process (PID=1449) to work on /home/airflow/.local/lib/python3.8/site-packages/airflow/example_dags/example_params_ui_tutorial.py
[2025-11-10T20:48:48.672+0000] {processor.py:830} INFO - Processing file /home/airflow/.local/lib/python3.8/site-packages/airflow/example_dags/example_params_ui_tutorial.py for tasks to queue
[2025-11-10T20:48:48.676+0000] {logging_mixin.py:188} INFO - [2025-11-10T20:48:48.675+0000] {dagbag.py:540} INFO - Filling up the DagBag from /home/airflow/.local/lib/python3.8/site-packages/airflow/example_dags/example_params_ui_tutorial.py
[2025-11-10T20:48:48.691+0000] {processor.py:840} INFO - DAG(s) 'example_params_ui_tutorial' retrieved from /home/airflow/.local/lib/python3.8/site-packages/airflow/example_dags/example_params_ui_tutorial.py
[2025-11-10T20:48:48.752+0000] {logging_mixin.py:188} INFO - [2025-11-10T20:48:48.751+0000] {dag.py:3047} INFO - Sync 1 DAGs
[2025-11-10T20:48:48.764+0000] {logging_mixin.py:188} INFO - [2025-11-10T20:48:48.764+0000] {dag.py:3834} INFO - Setting next_dagrun for example_params_ui_tutorial to None, run_after=None
[2025-11-10T20:48:48.782+0000] {processor.py:183} INFO - Processing /home/airflow/.local/lib/python3.8/site-packages/airflow/example_dags/example_params_ui_tutorial.py took 0.120 seconds
[2025-11-10T20:49:19.342+0000] {processor.py:161} INFO - Started process (PID=1505) to work on /home/airflow/.local/lib/python3.8/site-packages/airflow/example_dags/example_params_ui_tutorial.py
[2025-11-10T20:49:19.345+0000] {processor.py:830} INFO - Processing file /home/airflow/.local/lib/python3.8/site-packages/airflow/example_dags/example_params_ui_tutorial.py for tasks to queue
[2025-11-10T20:49:19.350+0000] {logging_mixin.py:188} INFO - [2025-11-10T20:49:19.349+0000] {dagbag.py:540} INFO - Filling up the DagBag from /home/airflow/.local/lib/python3.8/site-packages/airflow/example_dags/example_params_ui_tutorial.py
[2025-11-10T20:49:19.363+0000] {processor.py:840} INFO - DAG(s) 'example_params_ui_tutorial' retrieved from /home/airflow/.local/lib/python3.8/site-packages/airflow/example_dags/example_params_ui_tutorial.py
[2025-11-10T20:49:19.421+0000] {logging_mixin.py:188} INFO - [2025-11-10T20:49:19.421+0000] {dag.py:3047} INFO - Sync 1 DAGs
[2025-11-10T20:49:19.433+0000] {logging_mixin.py:188} INFO - [2025-11-10T20:49:19.433+0000] {dag.py:3834} INFO - Setting next_dagrun for example_params_ui_tutorial to None, run_after=None
[2025-11-10T20:49:19.453+0000] {processor.py:183} INFO - Processing /home/airflow/.local/lib/python3.8/site-packages/airflow/example_dags/example_params_ui_tutorial.py took 0.117 seconds
[2025-11-10T20:49:49.916+0000] {processor.py:161} INFO - Started process (PID=1560) to work on /home/airflow/.local/lib/python3.8/site-packages/airflow/example_dags/example_params_ui_tutorial.py
[2025-11-10T20:49:49.918+0000] {processor.py:830} INFO - Processing file /home/airflow/.local/lib/python3.8/site-packages/airflow/example_dags/example_params_ui_tutorial.py for tasks to queue
[2025-11-10T20:49:49.920+0000] {logging_mixin.py:188} INFO - [2025-11-10T20:49:49.919+0000] {dagbag.py:540} INFO - Filling up the DagBag from /home/airflow/.local/lib/python3.8/site-packages/airflow/example_dags/example_params_ui_tutorial.py
[2025-11-10T20:49:49.931+0000] {processor.py:840} INFO - DAG(s) 'example_params_ui_tutorial' retrieved from /home/airflow/.local/lib/python3.8/site-packages/airflow/example_dags/example_params_ui_tutorial.py
[2025-11-10T20:49:49.993+0000] {logging_mixin.py:188} INFO - [2025-11-10T20:49:49.992+0000] {dag.py:3047} INFO - Sync 1 DAGs
[2025-11-10T20:49:50.005+0000] {logging_mixin.py:188} INFO - [2025-11-10T20:49:50.005+0000] {dag.py:3834} INFO - Setting next_dagrun for example_params_ui_tutorial to None, run_after=None
[2025-11-10T20:49:50.024+0000] {processor.py:183} INFO - Processing /home/airflow/.local/lib/python3.8/site-packages/airflow/example_dags/example_params_ui_tutorial.py took 0.111 seconds
[2025-11-10T20:50:20.098+0000] {processor.py:161} INFO - Started process (PID=1615) to work on /home/airflow/.local/lib/python3.8/site-packages/airflow/example_dags/example_params_ui_tutorial.py
[2025-11-10T20:50:20.099+0000] {processor.py:830} INFO - Processing file /home/airflow/.local/lib/python3.8/site-packages/airflow/example_dags/example_params_ui_tutorial.py for tasks to queue
[2025-11-10T20:50:20.102+0000] {logging_mixin.py:188} INFO - [2025-11-10T20:50:20.101+0000] {dagbag.py:540} INFO - Filling up the DagBag from /home/airflow/.local/lib/python3.8/site-packages/airflow/example_dags/example_params_ui_tutorial.py
[2025-11-10T20:50:20.119+0000] {processor.py:840} INFO - DAG(s) 'example_params_ui_tutorial' retrieved from /home/airflow/.local/lib/python3.8/site-packages/airflow/example_dags/example_params_ui_tutorial.py
[2025-11-10T20:50:20.214+0000] {logging_mixin.py:188} INFO - [2025-11-10T20:50:20.213+0000] {dag.py:3047} INFO - Sync 1 DAGs
[2025-11-10T20:50:20.237+0000] {logging_mixin.py:188} INFO - [2025-11-10T20:50:20.236+0000] {dag.py:3834} INFO - Setting next_dagrun for example_params_ui_tutorial to None, run_after=None
[2025-11-10T20:50:20.271+0000] {processor.py:183} INFO - Processing /home/airflow/.local/lib/python3.8/site-packages/airflow/example_dags/example_params_ui_tutorial.py took 0.178 seconds
[2025-11-10T20:50:50.753+0000] {processor.py:161} INFO - Started process (PID=1670) to work on /home/airflow/.local/lib/python3.8/site-packages/airflow/example_dags/example_params_ui_tutorial.py
[2025-11-10T20:50:50.755+0000] {processor.py:830} INFO - Processing file /home/airflow/.local/lib/python3.8/site-packages/airflow/example_dags/example_params_ui_tutorial.py for tasks to queue
[2025-11-10T20:50:50.759+0000] {logging_mixin.py:188} INFO - [2025-11-10T20:50:50.759+0000] {dagbag.py:540} INFO - Filling up the DagBag from /home/airflow/.local/lib/python3.8/site-packages/airflow/example_dags/example_params_ui_tutorial.py
[2025-11-10T20:50:50.775+0000] {processor.py:840} INFO - DAG(s) 'example_params_ui_tutorial' retrieved from /home/airflow/.local/lib/python3.8/site-packages/airflow/example_dags/example_params_ui_tutorial.py
[2025-11-10T20:50:50.833+0000] {logging_mixin.py:188} INFO - [2025-11-10T20:50:50.833+0000] {dag.py:3047} INFO - Sync 1 DAGs
[2025-11-10T20:50:50.845+0000] {logging_mixin.py:188} INFO - [2025-11-10T20:50:50.845+0000] {dag.py:3834} INFO - Setting next_dagrun for example_params_ui_tutorial to None, run_after=None
[2025-11-10T20:50:50.875+0000] {processor.py:183} INFO - Processing /home/airflow/.local/lib/python3.8/site-packages/airflow/example_dags/example_params_ui_tutorial.py took 0.134 seconds
[2025-11-10T20:51:21.108+0000] {processor.py:161} INFO - Started process (PID=1725) to work on /home/airflow/.local/lib/python3.8/site-packages/airflow/example_dags/example_params_ui_tutorial.py
[2025-11-10T20:51:21.110+0000] {processor.py:830} INFO - Processing file /home/airflow/.local/lib/python3.8/site-packages/airflow/example_dags/example_params_ui_tutorial.py for tasks to queue
[2025-11-10T20:51:21.113+0000] {logging_mixin.py:188} INFO - [2025-11-10T20:51:21.113+0000] {dagbag.py:540} INFO - Filling up the DagBag from /home/airflow/.local/lib/python3.8/site-packages/airflow/example_dags/example_params_ui_tutorial.py
[2025-11-10T20:51:21.129+0000] {processor.py:840} INFO - DAG(s) 'example_params_ui_tutorial' retrieved from /home/airflow/.local/lib/python3.8/site-packages/airflow/example_dags/example_params_ui_tutorial.py
[2025-11-10T20:51:21.185+0000] {logging_mixin.py:188} INFO - [2025-11-10T20:51:21.184+0000] {dag.py:3047} INFO - Sync 1 DAGs
[2025-11-10T20:51:21.201+0000] {logging_mixin.py:188} INFO - [2025-11-10T20:51:21.201+0000] {dag.py:3834} INFO - Setting next_dagrun for example_params_ui_tutorial to None, run_after=None
[2025-11-10T20:51:21.222+0000] {processor.py:183} INFO - Processing /home/airflow/.local/lib/python3.8/site-packages/airflow/example_dags/example_params_ui_tutorial.py took 0.121 seconds
[2025-11-10T20:51:51.451+0000] {processor.py:161} INFO - Started process (PID=1780) to work on /home/airflow/.local/lib/python3.8/site-packages/airflow/example_dags/example_params_ui_tutorial.py
[2025-11-10T20:51:51.453+0000] {processor.py:830} INFO - Processing file /home/airflow/.local/lib/python3.8/site-packages/airflow/example_dags/example_params_ui_tutorial.py for tasks to queue
[2025-11-10T20:51:51.457+0000] {logging_mixin.py:188} INFO - [2025-11-10T20:51:51.457+0000] {dagbag.py:540} INFO - Filling up the DagBag from /home/airflow/.local/lib/python3.8/site-packages/airflow/example_dags/example_params_ui_tutorial.py
[2025-11-10T20:51:51.476+0000] {processor.py:840} INFO - DAG(s) 'example_params_ui_tutorial' retrieved from /home/airflow/.local/lib/python3.8/site-packages/airflow/example_dags/example_params_ui_tutorial.py
[2025-11-10T20:51:51.531+0000] {logging_mixin.py:188} INFO - [2025-11-10T20:51:51.530+0000] {dag.py:3047} INFO - Sync 1 DAGs
[2025-11-10T20:51:51.542+0000] {logging_mixin.py:188} INFO - [2025-11-10T20:51:51.542+0000] {dag.py:3834} INFO - Setting next_dagrun for example_params_ui_tutorial to None, run_after=None
[2025-11-10T20:51:51.561+0000] {processor.py:183} INFO - Processing /home/airflow/.local/lib/python3.8/site-packages/airflow/example_dags/example_params_ui_tutorial.py took 0.117 seconds
[2025-11-10T20:52:21.769+0000] {processor.py:161} INFO - Started process (PID=1835) to work on /home/airflow/.local/lib/python3.8/site-packages/airflow/example_dags/example_params_ui_tutorial.py
[2025-11-10T20:52:21.771+0000] {processor.py:830} INFO - Processing file /home/airflow/.local/lib/python3.8/site-packages/airflow/example_dags/example_params_ui_tutorial.py for tasks to queue
[2025-11-10T20:52:21.774+0000] {logging_mixin.py:188} INFO - [2025-11-10T20:52:21.773+0000] {dagbag.py:540} INFO - Filling up the DagBag from /home/airflow/.local/lib/python3.8/site-packages/airflow/example_dags/example_params_ui_tutorial.py
[2025-11-10T20:52:21.789+0000] {processor.py:840} INFO - DAG(s) 'example_params_ui_tutorial' retrieved from /home/airflow/.local/lib/python3.8/site-packages/airflow/example_dags/example_params_ui_tutorial.py
[2025-11-10T20:52:21.843+0000] {logging_mixin.py:188} INFO - [2025-11-10T20:52:21.843+0000] {dag.py:3047} INFO - Sync 1 DAGs
[2025-11-10T20:52:21.862+0000] {logging_mixin.py:188} INFO - [2025-11-10T20:52:21.862+0000] {dag.py:3834} INFO - Setting next_dagrun for example_params_ui_tutorial to None, run_after=None
[2025-11-10T20:52:21.899+0000] {processor.py:183} INFO - Processing /home/airflow/.local/lib/python3.8/site-packages/airflow/example_dags/example_params_ui_tutorial.py took 0.136 seconds
[2025-11-10T20:52:52.144+0000] {processor.py:161} INFO - Started process (PID=1890) to work on /home/airflow/.local/lib/python3.8/site-packages/airflow/example_dags/example_params_ui_tutorial.py
[2025-11-10T20:52:52.145+0000] {processor.py:830} INFO - Processing file /home/airflow/.local/lib/python3.8/site-packages/airflow/example_dags/example_params_ui_tutorial.py for tasks to queue
[2025-11-10T20:52:52.147+0000] {logging_mixin.py:188} INFO - [2025-11-10T20:52:52.146+0000] {dagbag.py:540} INFO - Filling up the DagBag from /home/airflow/.local/lib/python3.8/site-packages/airflow/example_dags/example_params_ui_tutorial.py
[2025-11-10T20:52:52.159+0000] {processor.py:840} INFO - DAG(s) 'example_params_ui_tutorial' retrieved from /home/airflow/.local/lib/python3.8/site-packages/airflow/example_dags/example_params_ui_tutorial.py
[2025-11-10T20:52:52.219+0000] {logging_mixin.py:188} INFO - [2025-11-10T20:52:52.218+0000] {dag.py:3047} INFO - Sync 1 DAGs
[2025-11-10T20:52:52.230+0000] {logging_mixin.py:188} INFO - [2025-11-10T20:52:52.229+0000] {dag.py:3834} INFO - Setting next_dagrun for example_params_ui_tutorial to None, run_after=None
[2025-11-10T20:52:52.251+0000] {processor.py:183} INFO - Processing /home/airflow/.local/lib/python3.8/site-packages/airflow/example_dags/example_params_ui_tutorial.py took 0.111 seconds
[2025-11-10T20:53:22.550+0000] {processor.py:161} INFO - Started process (PID=1945) to work on /home/airflow/.local/lib/python3.8/site-packages/airflow/example_dags/example_params_ui_tutorial.py
[2025-11-10T20:53:22.552+0000] {processor.py:830} INFO - Processing file /home/airflow/.local/lib/python3.8/site-packages/airflow/example_dags/example_params_ui_tutorial.py for tasks to queue
[2025-11-10T20:53:22.555+0000] {logging_mixin.py:188} INFO - [2025-11-10T20:53:22.555+0000] {dagbag.py:540} INFO - Filling up the DagBag from /home/airflow/.local/lib/python3.8/site-packages/airflow/example_dags/example_params_ui_tutorial.py
[2025-11-10T20:53:22.573+0000] {processor.py:840} INFO - DAG(s) 'example_params_ui_tutorial' retrieved from /home/airflow/.local/lib/python3.8/site-packages/airflow/example_dags/example_params_ui_tutorial.py
[2025-11-10T20:53:22.635+0000] {logging_mixin.py:188} INFO - [2025-11-10T20:53:22.634+0000] {dag.py:3047} INFO - Sync 1 DAGs
[2025-11-10T20:53:22.648+0000] {logging_mixin.py:188} INFO - [2025-11-10T20:53:22.648+0000] {dag.py:3834} INFO - Setting next_dagrun for example_params_ui_tutorial to None, run_after=None
[2025-11-10T20:53:22.668+0000] {processor.py:183} INFO - Processing /home/airflow/.local/lib/python3.8/site-packages/airflow/example_dags/example_params_ui_tutorial.py took 0.122 seconds
