[2025-11-10T20:36:10.188+0000] {processor.py:161} INFO - Started process (PID=84) to work on /home/airflow/.local/lib/python3.8/site-packages/airflow/example_dags/example_task_group_decorator.py
[2025-11-10T20:36:10.190+0000] {processor.py:830} INFO - Processing file /home/airflow/.local/lib/python3.8/site-packages/airflow/example_dags/example_task_group_decorator.py for tasks to queue
[2025-11-10T20:36:10.194+0000] {logging_mixin.py:188} INFO - [2025-11-10T20:36:10.193+0000] {dagbag.py:540} INFO - Filling up the DagBag from /home/airflow/.local/lib/python3.8/site-packages/airflow/example_dags/example_task_group_decorator.py
[2025-11-10T20:36:10.218+0000] {processor.py:840} INFO - DAG(s) 'example_task_group_decorator' retrieved from /home/airflow/.local/lib/python3.8/site-packages/airflow/example_dags/example_task_group_decorator.py
[2025-11-10T20:36:10.339+0000] {logging_mixin.py:188} INFO - [2025-11-10T20:36:10.338+0000] {override.py:1769} INFO - Created Permission View: can read on DAG:example_task_group_decorator
[2025-11-10T20:36:10.356+0000] {logging_mixin.py:188} INFO - [2025-11-10T20:36:10.355+0000] {override.py:1769} INFO - Created Permission View: can edit on DAG:example_task_group_decorator
[2025-11-10T20:36:10.366+0000] {logging_mixin.py:188} INFO - [2025-11-10T20:36:10.365+0000] {override.py:1769} INFO - Created Permission View: can delete on DAG:example_task_group_decorator
[2025-11-10T20:36:10.367+0000] {logging_mixin.py:188} INFO - [2025-11-10T20:36:10.366+0000] {dag.py:3047} INFO - Sync 1 DAGs
[2025-11-10T20:36:10.380+0000] {logging_mixin.py:188} INFO - [2025-11-10T20:36:10.379+0000] {dag.py:3069} INFO - Creating ORM DAG for example_task_group_decorator
[2025-11-10T20:36:10.393+0000] {logging_mixin.py:188} INFO - [2025-11-10T20:36:10.393+0000] {dag.py:3834} INFO - Setting next_dagrun for example_task_group_decorator to 2025-11-09 00:00:00+00:00, run_after=2025-11-10 00:00:00+00:00
[2025-11-10T20:36:10.416+0000] {processor.py:183} INFO - Processing /home/airflow/.local/lib/python3.8/site-packages/airflow/example_dags/example_task_group_decorator.py took 0.234 seconds
[2025-11-10T20:36:40.814+0000] {processor.py:161} INFO - Started process (PID=139) to work on /home/airflow/.local/lib/python3.8/site-packages/airflow/example_dags/example_task_group_decorator.py
[2025-11-10T20:36:40.816+0000] {processor.py:830} INFO - Processing file /home/airflow/.local/lib/python3.8/site-packages/airflow/example_dags/example_task_group_decorator.py for tasks to queue
[2025-11-10T20:36:40.819+0000] {logging_mixin.py:188} INFO - [2025-11-10T20:36:40.818+0000] {dagbag.py:540} INFO - Filling up the DagBag from /home/airflow/.local/lib/python3.8/site-packages/airflow/example_dags/example_task_group_decorator.py
[2025-11-10T20:36:40.860+0000] {processor.py:840} INFO - DAG(s) 'example_task_group_decorator' retrieved from /home/airflow/.local/lib/python3.8/site-packages/airflow/example_dags/example_task_group_decorator.py
[2025-11-10T20:36:40.888+0000] {logging_mixin.py:188} INFO - [2025-11-10T20:36:40.888+0000] {dag.py:3047} INFO - Sync 1 DAGs
[2025-11-10T20:36:40.908+0000] {logging_mixin.py:188} INFO - [2025-11-10T20:36:40.907+0000] {dag.py:3834} INFO - Setting next_dagrun for example_task_group_decorator to 2025-11-09 00:00:00+00:00, run_after=2025-11-10 00:00:00+00:00
[2025-11-10T20:36:40.940+0000] {processor.py:183} INFO - Processing /home/airflow/.local/lib/python3.8/site-packages/airflow/example_dags/example_task_group_decorator.py took 0.130 seconds
[2025-11-10T20:37:11.613+0000] {processor.py:161} INFO - Started process (PID=194) to work on /home/airflow/.local/lib/python3.8/site-packages/airflow/example_dags/example_task_group_decorator.py
[2025-11-10T20:37:11.614+0000] {processor.py:830} INFO - Processing file /home/airflow/.local/lib/python3.8/site-packages/airflow/example_dags/example_task_group_decorator.py for tasks to queue
[2025-11-10T20:37:11.617+0000] {logging_mixin.py:188} INFO - [2025-11-10T20:37:11.616+0000] {dagbag.py:540} INFO - Filling up the DagBag from /home/airflow/.local/lib/python3.8/site-packages/airflow/example_dags/example_task_group_decorator.py
[2025-11-10T20:37:11.632+0000] {processor.py:840} INFO - DAG(s) 'example_task_group_decorator' retrieved from /home/airflow/.local/lib/python3.8/site-packages/airflow/example_dags/example_task_group_decorator.py
[2025-11-10T20:37:11.659+0000] {logging_mixin.py:188} INFO - [2025-11-10T20:37:11.659+0000] {dag.py:3047} INFO - Sync 1 DAGs
[2025-11-10T20:37:11.682+0000] {logging_mixin.py:188} INFO - [2025-11-10T20:37:11.682+0000] {dag.py:3834} INFO - Setting next_dagrun for example_task_group_decorator to 2025-11-09 00:00:00+00:00, run_after=2025-11-10 00:00:00+00:00
[2025-11-10T20:37:11.704+0000] {processor.py:183} INFO - Processing /home/airflow/.local/lib/python3.8/site-packages/airflow/example_dags/example_task_group_decorator.py took 0.095 seconds
[2025-11-10T20:37:41.877+0000] {processor.py:161} INFO - Started process (PID=249) to work on /home/airflow/.local/lib/python3.8/site-packages/airflow/example_dags/example_task_group_decorator.py
[2025-11-10T20:37:41.879+0000] {processor.py:830} INFO - Processing file /home/airflow/.local/lib/python3.8/site-packages/airflow/example_dags/example_task_group_decorator.py for tasks to queue
[2025-11-10T20:37:41.881+0000] {logging_mixin.py:188} INFO - [2025-11-10T20:37:41.881+0000] {dagbag.py:540} INFO - Filling up the DagBag from /home/airflow/.local/lib/python3.8/site-packages/airflow/example_dags/example_task_group_decorator.py
[2025-11-10T20:37:41.896+0000] {processor.py:840} INFO - DAG(s) 'example_task_group_decorator' retrieved from /home/airflow/.local/lib/python3.8/site-packages/airflow/example_dags/example_task_group_decorator.py
[2025-11-10T20:37:41.919+0000] {logging_mixin.py:188} INFO - [2025-11-10T20:37:41.919+0000] {dag.py:3047} INFO - Sync 1 DAGs
[2025-11-10T20:37:41.939+0000] {logging_mixin.py:188} INFO - [2025-11-10T20:37:41.939+0000] {dag.py:3834} INFO - Setting next_dagrun for example_task_group_decorator to 2025-11-09 00:00:00+00:00, run_after=2025-11-10 00:00:00+00:00
[2025-11-10T20:37:41.956+0000] {processor.py:183} INFO - Processing /home/airflow/.local/lib/python3.8/site-packages/airflow/example_dags/example_task_group_decorator.py took 0.082 seconds
[2025-11-10T20:38:12.243+0000] {processor.py:161} INFO - Started process (PID=304) to work on /home/airflow/.local/lib/python3.8/site-packages/airflow/example_dags/example_task_group_decorator.py
[2025-11-10T20:38:12.246+0000] {processor.py:830} INFO - Processing file /home/airflow/.local/lib/python3.8/site-packages/airflow/example_dags/example_task_group_decorator.py for tasks to queue
[2025-11-10T20:38:12.250+0000] {logging_mixin.py:188} INFO - [2025-11-10T20:38:12.249+0000] {dagbag.py:540} INFO - Filling up the DagBag from /home/airflow/.local/lib/python3.8/site-packages/airflow/example_dags/example_task_group_decorator.py
[2025-11-10T20:38:12.269+0000] {processor.py:840} INFO - DAG(s) 'example_task_group_decorator' retrieved from /home/airflow/.local/lib/python3.8/site-packages/airflow/example_dags/example_task_group_decorator.py
[2025-11-10T20:38:12.296+0000] {logging_mixin.py:188} INFO - [2025-11-10T20:38:12.295+0000] {dag.py:3047} INFO - Sync 1 DAGs
[2025-11-10T20:38:12.316+0000] {logging_mixin.py:188} INFO - [2025-11-10T20:38:12.315+0000] {dag.py:3834} INFO - Setting next_dagrun for example_task_group_decorator to 2025-11-09 00:00:00+00:00, run_after=2025-11-10 00:00:00+00:00
[2025-11-10T20:38:12.334+0000] {processor.py:183} INFO - Processing /home/airflow/.local/lib/python3.8/site-packages/airflow/example_dags/example_task_group_decorator.py took 0.098 seconds
[2025-11-10T20:38:42.658+0000] {processor.py:161} INFO - Started process (PID=359) to work on /home/airflow/.local/lib/python3.8/site-packages/airflow/example_dags/example_task_group_decorator.py
[2025-11-10T20:38:42.660+0000] {processor.py:830} INFO - Processing file /home/airflow/.local/lib/python3.8/site-packages/airflow/example_dags/example_task_group_decorator.py for tasks to queue
[2025-11-10T20:38:42.664+0000] {logging_mixin.py:188} INFO - [2025-11-10T20:38:42.663+0000] {dagbag.py:540} INFO - Filling up the DagBag from /home/airflow/.local/lib/python3.8/site-packages/airflow/example_dags/example_task_group_decorator.py
[2025-11-10T20:38:42.685+0000] {processor.py:840} INFO - DAG(s) 'example_task_group_decorator' retrieved from /home/airflow/.local/lib/python3.8/site-packages/airflow/example_dags/example_task_group_decorator.py
[2025-11-10T20:38:42.717+0000] {logging_mixin.py:188} INFO - [2025-11-10T20:38:42.717+0000] {dag.py:3047} INFO - Sync 1 DAGs
[2025-11-10T20:38:42.742+0000] {logging_mixin.py:188} INFO - [2025-11-10T20:38:42.741+0000] {dag.py:3834} INFO - Setting next_dagrun for example_task_group_decorator to 2025-11-09 00:00:00+00:00, run_after=2025-11-10 00:00:00+00:00
[2025-11-10T20:38:42.762+0000] {processor.py:183} INFO - Processing /home/airflow/.local/lib/python3.8/site-packages/airflow/example_dags/example_task_group_decorator.py took 0.111 seconds
[2025-11-10T20:39:12.846+0000] {processor.py:161} INFO - Started process (PID=414) to work on /home/airflow/.local/lib/python3.8/site-packages/airflow/example_dags/example_task_group_decorator.py
[2025-11-10T20:39:12.850+0000] {processor.py:830} INFO - Processing file /home/airflow/.local/lib/python3.8/site-packages/airflow/example_dags/example_task_group_decorator.py for tasks to queue
[2025-11-10T20:39:12.856+0000] {logging_mixin.py:188} INFO - [2025-11-10T20:39:12.855+0000] {dagbag.py:540} INFO - Filling up the DagBag from /home/airflow/.local/lib/python3.8/site-packages/airflow/example_dags/example_task_group_decorator.py
[2025-11-10T20:39:12.872+0000] {processor.py:840} INFO - DAG(s) 'example_task_group_decorator' retrieved from /home/airflow/.local/lib/python3.8/site-packages/airflow/example_dags/example_task_group_decorator.py
[2025-11-10T20:39:12.908+0000] {logging_mixin.py:188} INFO - [2025-11-10T20:39:12.908+0000] {dag.py:3047} INFO - Sync 1 DAGs
[2025-11-10T20:39:12.948+0000] {logging_mixin.py:188} INFO - [2025-11-10T20:39:12.948+0000] {dag.py:3834} INFO - Setting next_dagrun for example_task_group_decorator to 2025-11-09 00:00:00+00:00, run_after=2025-11-10 00:00:00+00:00
[2025-11-10T20:39:12.976+0000] {processor.py:183} INFO - Processing /home/airflow/.local/lib/python3.8/site-packages/airflow/example_dags/example_task_group_decorator.py took 0.141 seconds
[2025-11-10T20:39:43.713+0000] {processor.py:161} INFO - Started process (PID=469) to work on /home/airflow/.local/lib/python3.8/site-packages/airflow/example_dags/example_task_group_decorator.py
[2025-11-10T20:39:43.716+0000] {processor.py:830} INFO - Processing file /home/airflow/.local/lib/python3.8/site-packages/airflow/example_dags/example_task_group_decorator.py for tasks to queue
[2025-11-10T20:39:43.718+0000] {logging_mixin.py:188} INFO - [2025-11-10T20:39:43.718+0000] {dagbag.py:540} INFO - Filling up the DagBag from /home/airflow/.local/lib/python3.8/site-packages/airflow/example_dags/example_task_group_decorator.py
[2025-11-10T20:39:43.733+0000] {processor.py:840} INFO - DAG(s) 'example_task_group_decorator' retrieved from /home/airflow/.local/lib/python3.8/site-packages/airflow/example_dags/example_task_group_decorator.py
[2025-11-10T20:39:43.759+0000] {logging_mixin.py:188} INFO - [2025-11-10T20:39:43.758+0000] {dag.py:3047} INFO - Sync 1 DAGs
[2025-11-10T20:39:43.782+0000] {logging_mixin.py:188} INFO - [2025-11-10T20:39:43.782+0000] {dag.py:3834} INFO - Setting next_dagrun for example_task_group_decorator to 2025-11-09 00:00:00+00:00, run_after=2025-11-10 00:00:00+00:00
[2025-11-10T20:39:43.803+0000] {processor.py:183} INFO - Processing /home/airflow/.local/lib/python3.8/site-packages/airflow/example_dags/example_task_group_decorator.py took 0.094 seconds
[2025-11-10T20:40:14.703+0000] {processor.py:161} INFO - Started process (PID=524) to work on /home/airflow/.local/lib/python3.8/site-packages/airflow/example_dags/example_task_group_decorator.py
[2025-11-10T20:40:14.705+0000] {processor.py:830} INFO - Processing file /home/airflow/.local/lib/python3.8/site-packages/airflow/example_dags/example_task_group_decorator.py for tasks to queue
[2025-11-10T20:40:14.707+0000] {logging_mixin.py:188} INFO - [2025-11-10T20:40:14.707+0000] {dagbag.py:540} INFO - Filling up the DagBag from /home/airflow/.local/lib/python3.8/site-packages/airflow/example_dags/example_task_group_decorator.py
[2025-11-10T20:40:14.721+0000] {processor.py:840} INFO - DAG(s) 'example_task_group_decorator' retrieved from /home/airflow/.local/lib/python3.8/site-packages/airflow/example_dags/example_task_group_decorator.py
[2025-11-10T20:40:14.746+0000] {logging_mixin.py:188} INFO - [2025-11-10T20:40:14.745+0000] {dag.py:3047} INFO - Sync 1 DAGs
[2025-11-10T20:40:14.765+0000] {logging_mixin.py:188} INFO - [2025-11-10T20:40:14.765+0000] {dag.py:3834} INFO - Setting next_dagrun for example_task_group_decorator to 2025-11-09 00:00:00+00:00, run_after=2025-11-10 00:00:00+00:00
[2025-11-10T20:40:14.785+0000] {processor.py:183} INFO - Processing /home/airflow/.local/lib/python3.8/site-packages/airflow/example_dags/example_task_group_decorator.py took 0.085 seconds
[2025-11-10T20:40:45.027+0000] {processor.py:161} INFO - Started process (PID=579) to work on /home/airflow/.local/lib/python3.8/site-packages/airflow/example_dags/example_task_group_decorator.py
[2025-11-10T20:40:45.030+0000] {processor.py:830} INFO - Processing file /home/airflow/.local/lib/python3.8/site-packages/airflow/example_dags/example_task_group_decorator.py for tasks to queue
[2025-11-10T20:40:45.033+0000] {logging_mixin.py:188} INFO - [2025-11-10T20:40:45.032+0000] {dagbag.py:540} INFO - Filling up the DagBag from /home/airflow/.local/lib/python3.8/site-packages/airflow/example_dags/example_task_group_decorator.py
[2025-11-10T20:40:45.049+0000] {processor.py:840} INFO - DAG(s) 'example_task_group_decorator' retrieved from /home/airflow/.local/lib/python3.8/site-packages/airflow/example_dags/example_task_group_decorator.py
[2025-11-10T20:40:45.078+0000] {logging_mixin.py:188} INFO - [2025-11-10T20:40:45.078+0000] {dag.py:3047} INFO - Sync 1 DAGs
[2025-11-10T20:40:45.106+0000] {logging_mixin.py:188} INFO - [2025-11-10T20:40:45.106+0000] {dag.py:3834} INFO - Setting next_dagrun for example_task_group_decorator to 2025-11-09 00:00:00+00:00, run_after=2025-11-10 00:00:00+00:00
[2025-11-10T20:40:45.132+0000] {processor.py:183} INFO - Processing /home/airflow/.local/lib/python3.8/site-packages/airflow/example_dags/example_task_group_decorator.py took 0.112 seconds
[2025-11-10T20:41:15.223+0000] {processor.py:161} INFO - Started process (PID=634) to work on /home/airflow/.local/lib/python3.8/site-packages/airflow/example_dags/example_task_group_decorator.py
[2025-11-10T20:41:15.224+0000] {processor.py:830} INFO - Processing file /home/airflow/.local/lib/python3.8/site-packages/airflow/example_dags/example_task_group_decorator.py for tasks to queue
[2025-11-10T20:41:15.227+0000] {logging_mixin.py:188} INFO - [2025-11-10T20:41:15.226+0000] {dagbag.py:540} INFO - Filling up the DagBag from /home/airflow/.local/lib/python3.8/site-packages/airflow/example_dags/example_task_group_decorator.py
[2025-11-10T20:41:15.244+0000] {processor.py:840} INFO - DAG(s) 'example_task_group_decorator' retrieved from /home/airflow/.local/lib/python3.8/site-packages/airflow/example_dags/example_task_group_decorator.py
[2025-11-10T20:41:15.270+0000] {logging_mixin.py:188} INFO - [2025-11-10T20:41:15.269+0000] {dag.py:3047} INFO - Sync 1 DAGs
[2025-11-10T20:41:15.291+0000] {logging_mixin.py:188} INFO - [2025-11-10T20:41:15.291+0000] {dag.py:3834} INFO - Setting next_dagrun for example_task_group_decorator to 2025-11-09 00:00:00+00:00, run_after=2025-11-10 00:00:00+00:00
[2025-11-10T20:41:15.311+0000] {processor.py:183} INFO - Processing /home/airflow/.local/lib/python3.8/site-packages/airflow/example_dags/example_task_group_decorator.py took 0.093 seconds
[2025-11-10T20:41:45.852+0000] {processor.py:161} INFO - Started process (PID=689) to work on /home/airflow/.local/lib/python3.8/site-packages/airflow/example_dags/example_task_group_decorator.py
[2025-11-10T20:41:45.854+0000] {processor.py:830} INFO - Processing file /home/airflow/.local/lib/python3.8/site-packages/airflow/example_dags/example_task_group_decorator.py for tasks to queue
[2025-11-10T20:41:45.857+0000] {logging_mixin.py:188} INFO - [2025-11-10T20:41:45.856+0000] {dagbag.py:540} INFO - Filling up the DagBag from /home/airflow/.local/lib/python3.8/site-packages/airflow/example_dags/example_task_group_decorator.py
[2025-11-10T20:41:45.872+0000] {processor.py:840} INFO - DAG(s) 'example_task_group_decorator' retrieved from /home/airflow/.local/lib/python3.8/site-packages/airflow/example_dags/example_task_group_decorator.py
[2025-11-10T20:41:45.898+0000] {logging_mixin.py:188} INFO - [2025-11-10T20:41:45.898+0000] {dag.py:3047} INFO - Sync 1 DAGs
[2025-11-10T20:41:45.929+0000] {logging_mixin.py:188} INFO - [2025-11-10T20:41:45.929+0000] {dag.py:3834} INFO - Setting next_dagrun for example_task_group_decorator to 2025-11-09 00:00:00+00:00, run_after=2025-11-10 00:00:00+00:00
[2025-11-10T20:41:45.951+0000] {processor.py:183} INFO - Processing /home/airflow/.local/lib/python3.8/site-packages/airflow/example_dags/example_task_group_decorator.py took 0.103 seconds
[2025-11-10T20:42:16.671+0000] {processor.py:161} INFO - Started process (PID=744) to work on /home/airflow/.local/lib/python3.8/site-packages/airflow/example_dags/example_task_group_decorator.py
[2025-11-10T20:42:16.673+0000] {processor.py:830} INFO - Processing file /home/airflow/.local/lib/python3.8/site-packages/airflow/example_dags/example_task_group_decorator.py for tasks to queue
[2025-11-10T20:42:16.675+0000] {logging_mixin.py:188} INFO - [2025-11-10T20:42:16.675+0000] {dagbag.py:540} INFO - Filling up the DagBag from /home/airflow/.local/lib/python3.8/site-packages/airflow/example_dags/example_task_group_decorator.py
[2025-11-10T20:42:16.691+0000] {processor.py:840} INFO - DAG(s) 'example_task_group_decorator' retrieved from /home/airflow/.local/lib/python3.8/site-packages/airflow/example_dags/example_task_group_decorator.py
[2025-11-10T20:42:16.717+0000] {logging_mixin.py:188} INFO - [2025-11-10T20:42:16.717+0000] {dag.py:3047} INFO - Sync 1 DAGs
[2025-11-10T20:42:16.738+0000] {logging_mixin.py:188} INFO - [2025-11-10T20:42:16.738+0000] {dag.py:3834} INFO - Setting next_dagrun for example_task_group_decorator to 2025-11-09 00:00:00+00:00, run_after=2025-11-10 00:00:00+00:00
[2025-11-10T20:42:16.758+0000] {processor.py:183} INFO - Processing /home/airflow/.local/lib/python3.8/site-packages/airflow/example_dags/example_task_group_decorator.py took 0.090 seconds
[2025-11-10T20:42:47.253+0000] {processor.py:161} INFO - Started process (PID=799) to work on /home/airflow/.local/lib/python3.8/site-packages/airflow/example_dags/example_task_group_decorator.py
[2025-11-10T20:42:47.255+0000] {processor.py:830} INFO - Processing file /home/airflow/.local/lib/python3.8/site-packages/airflow/example_dags/example_task_group_decorator.py for tasks to queue
[2025-11-10T20:42:47.258+0000] {logging_mixin.py:188} INFO - [2025-11-10T20:42:47.257+0000] {dagbag.py:540} INFO - Filling up the DagBag from /home/airflow/.local/lib/python3.8/site-packages/airflow/example_dags/example_task_group_decorator.py
[2025-11-10T20:42:47.272+0000] {processor.py:840} INFO - DAG(s) 'example_task_group_decorator' retrieved from /home/airflow/.local/lib/python3.8/site-packages/airflow/example_dags/example_task_group_decorator.py
[2025-11-10T20:42:47.297+0000] {logging_mixin.py:188} INFO - [2025-11-10T20:42:47.297+0000] {dag.py:3047} INFO - Sync 1 DAGs
[2025-11-10T20:42:47.319+0000] {logging_mixin.py:188} INFO - [2025-11-10T20:42:47.319+0000] {dag.py:3834} INFO - Setting next_dagrun for example_task_group_decorator to 2025-11-09 00:00:00+00:00, run_after=2025-11-10 00:00:00+00:00
[2025-11-10T20:42:47.340+0000] {processor.py:183} INFO - Processing /home/airflow/.local/lib/python3.8/site-packages/airflow/example_dags/example_task_group_decorator.py took 0.092 seconds
[2025-11-10T20:43:17.476+0000] {processor.py:161} INFO - Started process (PID=854) to work on /home/airflow/.local/lib/python3.8/site-packages/airflow/example_dags/example_task_group_decorator.py
[2025-11-10T20:43:17.478+0000] {processor.py:830} INFO - Processing file /home/airflow/.local/lib/python3.8/site-packages/airflow/example_dags/example_task_group_decorator.py for tasks to queue
[2025-11-10T20:43:17.481+0000] {logging_mixin.py:188} INFO - [2025-11-10T20:43:17.480+0000] {dagbag.py:540} INFO - Filling up the DagBag from /home/airflow/.local/lib/python3.8/site-packages/airflow/example_dags/example_task_group_decorator.py
[2025-11-10T20:43:17.497+0000] {processor.py:840} INFO - DAG(s) 'example_task_group_decorator' retrieved from /home/airflow/.local/lib/python3.8/site-packages/airflow/example_dags/example_task_group_decorator.py
[2025-11-10T20:43:17.523+0000] {logging_mixin.py:188} INFO - [2025-11-10T20:43:17.523+0000] {dag.py:3047} INFO - Sync 1 DAGs
[2025-11-10T20:43:17.542+0000] {logging_mixin.py:188} INFO - [2025-11-10T20:43:17.542+0000] {dag.py:3834} INFO - Setting next_dagrun for example_task_group_decorator to 2025-11-09 00:00:00+00:00, run_after=2025-11-10 00:00:00+00:00
[2025-11-10T20:43:17.559+0000] {processor.py:183} INFO - Processing /home/airflow/.local/lib/python3.8/site-packages/airflow/example_dags/example_task_group_decorator.py took 0.087 seconds
[2025-11-10T20:43:47.879+0000] {processor.py:161} INFO - Started process (PID=908) to work on /home/airflow/.local/lib/python3.8/site-packages/airflow/example_dags/example_task_group_decorator.py
[2025-11-10T20:43:47.881+0000] {processor.py:830} INFO - Processing file /home/airflow/.local/lib/python3.8/site-packages/airflow/example_dags/example_task_group_decorator.py for tasks to queue
[2025-11-10T20:43:47.888+0000] {logging_mixin.py:188} INFO - [2025-11-10T20:43:47.887+0000] {dagbag.py:540} INFO - Filling up the DagBag from /home/airflow/.local/lib/python3.8/site-packages/airflow/example_dags/example_task_group_decorator.py
[2025-11-10T20:43:47.907+0000] {processor.py:840} INFO - DAG(s) 'example_task_group_decorator' retrieved from /home/airflow/.local/lib/python3.8/site-packages/airflow/example_dags/example_task_group_decorator.py
[2025-11-10T20:43:47.933+0000] {logging_mixin.py:188} INFO - [2025-11-10T20:43:47.933+0000] {dag.py:3047} INFO - Sync 1 DAGs
[2025-11-10T20:43:47.954+0000] {logging_mixin.py:188} INFO - [2025-11-10T20:43:47.954+0000] {dag.py:3834} INFO - Setting next_dagrun for example_task_group_decorator to 2025-11-09 00:00:00+00:00, run_after=2025-11-10 00:00:00+00:00
[2025-11-10T20:43:47.974+0000] {processor.py:183} INFO - Processing /home/airflow/.local/lib/python3.8/site-packages/airflow/example_dags/example_task_group_decorator.py took 0.101 seconds
[2025-11-10T20:44:18.147+0000] {processor.py:161} INFO - Started process (PID=963) to work on /home/airflow/.local/lib/python3.8/site-packages/airflow/example_dags/example_task_group_decorator.py
[2025-11-10T20:44:18.149+0000] {processor.py:830} INFO - Processing file /home/airflow/.local/lib/python3.8/site-packages/airflow/example_dags/example_task_group_decorator.py for tasks to queue
[2025-11-10T20:44:18.151+0000] {logging_mixin.py:188} INFO - [2025-11-10T20:44:18.151+0000] {dagbag.py:540} INFO - Filling up the DagBag from /home/airflow/.local/lib/python3.8/site-packages/airflow/example_dags/example_task_group_decorator.py
[2025-11-10T20:44:18.165+0000] {processor.py:840} INFO - DAG(s) 'example_task_group_decorator' retrieved from /home/airflow/.local/lib/python3.8/site-packages/airflow/example_dags/example_task_group_decorator.py
[2025-11-10T20:44:18.189+0000] {logging_mixin.py:188} INFO - [2025-11-10T20:44:18.189+0000] {dag.py:3047} INFO - Sync 1 DAGs
[2025-11-10T20:44:18.214+0000] {logging_mixin.py:188} INFO - [2025-11-10T20:44:18.214+0000] {dag.py:3834} INFO - Setting next_dagrun for example_task_group_decorator to 2025-11-09 00:00:00+00:00, run_after=2025-11-10 00:00:00+00:00
[2025-11-10T20:44:18.232+0000] {processor.py:183} INFO - Processing /home/airflow/.local/lib/python3.8/site-packages/airflow/example_dags/example_task_group_decorator.py took 0.089 seconds
[2025-11-10T20:44:48.670+0000] {processor.py:161} INFO - Started process (PID=1018) to work on /home/airflow/.local/lib/python3.8/site-packages/airflow/example_dags/example_task_group_decorator.py
[2025-11-10T20:44:48.672+0000] {processor.py:830} INFO - Processing file /home/airflow/.local/lib/python3.8/site-packages/airflow/example_dags/example_task_group_decorator.py for tasks to queue
[2025-11-10T20:44:48.675+0000] {logging_mixin.py:188} INFO - [2025-11-10T20:44:48.674+0000] {dagbag.py:540} INFO - Filling up the DagBag from /home/airflow/.local/lib/python3.8/site-packages/airflow/example_dags/example_task_group_decorator.py
[2025-11-10T20:44:48.690+0000] {processor.py:840} INFO - DAG(s) 'example_task_group_decorator' retrieved from /home/airflow/.local/lib/python3.8/site-packages/airflow/example_dags/example_task_group_decorator.py
[2025-11-10T20:44:48.714+0000] {logging_mixin.py:188} INFO - [2025-11-10T20:44:48.714+0000] {dag.py:3047} INFO - Sync 1 DAGs
[2025-11-10T20:44:48.736+0000] {logging_mixin.py:188} INFO - [2025-11-10T20:44:48.735+0000] {dag.py:3834} INFO - Setting next_dagrun for example_task_group_decorator to 2025-11-09 00:00:00+00:00, run_after=2025-11-10 00:00:00+00:00
[2025-11-10T20:44:48.754+0000] {processor.py:183} INFO - Processing /home/airflow/.local/lib/python3.8/site-packages/airflow/example_dags/example_task_group_decorator.py took 0.088 seconds
[2025-11-10T20:45:18.977+0000] {processor.py:161} INFO - Started process (PID=1073) to work on /home/airflow/.local/lib/python3.8/site-packages/airflow/example_dags/example_task_group_decorator.py
[2025-11-10T20:45:18.978+0000] {processor.py:830} INFO - Processing file /home/airflow/.local/lib/python3.8/site-packages/airflow/example_dags/example_task_group_decorator.py for tasks to queue
[2025-11-10T20:45:18.981+0000] {logging_mixin.py:188} INFO - [2025-11-10T20:45:18.980+0000] {dagbag.py:540} INFO - Filling up the DagBag from /home/airflow/.local/lib/python3.8/site-packages/airflow/example_dags/example_task_group_decorator.py
[2025-11-10T20:45:18.996+0000] {processor.py:840} INFO - DAG(s) 'example_task_group_decorator' retrieved from /home/airflow/.local/lib/python3.8/site-packages/airflow/example_dags/example_task_group_decorator.py
[2025-11-10T20:45:19.019+0000] {logging_mixin.py:188} INFO - [2025-11-10T20:45:19.019+0000] {dag.py:3047} INFO - Sync 1 DAGs
[2025-11-10T20:45:19.040+0000] {logging_mixin.py:188} INFO - [2025-11-10T20:45:19.040+0000] {dag.py:3834} INFO - Setting next_dagrun for example_task_group_decorator to 2025-11-09 00:00:00+00:00, run_after=2025-11-10 00:00:00+00:00
[2025-11-10T20:45:19.059+0000] {processor.py:183} INFO - Processing /home/airflow/.local/lib/python3.8/site-packages/airflow/example_dags/example_task_group_decorator.py took 0.086 seconds
[2025-11-10T20:45:49.184+0000] {processor.py:161} INFO - Started process (PID=1128) to work on /home/airflow/.local/lib/python3.8/site-packages/airflow/example_dags/example_task_group_decorator.py
[2025-11-10T20:45:49.185+0000] {processor.py:830} INFO - Processing file /home/airflow/.local/lib/python3.8/site-packages/airflow/example_dags/example_task_group_decorator.py for tasks to queue
[2025-11-10T20:45:49.188+0000] {logging_mixin.py:188} INFO - [2025-11-10T20:45:49.187+0000] {dagbag.py:540} INFO - Filling up the DagBag from /home/airflow/.local/lib/python3.8/site-packages/airflow/example_dags/example_task_group_decorator.py
[2025-11-10T20:45:49.203+0000] {processor.py:840} INFO - DAG(s) 'example_task_group_decorator' retrieved from /home/airflow/.local/lib/python3.8/site-packages/airflow/example_dags/example_task_group_decorator.py
[2025-11-10T20:45:49.229+0000] {logging_mixin.py:188} INFO - [2025-11-10T20:45:49.229+0000] {dag.py:3047} INFO - Sync 1 DAGs
[2025-11-10T20:45:49.252+0000] {logging_mixin.py:188} INFO - [2025-11-10T20:45:49.251+0000] {dag.py:3834} INFO - Setting next_dagrun for example_task_group_decorator to 2025-11-09 00:00:00+00:00, run_after=2025-11-10 00:00:00+00:00
[2025-11-10T20:45:49.270+0000] {processor.py:183} INFO - Processing /home/airflow/.local/lib/python3.8/site-packages/airflow/example_dags/example_task_group_decorator.py took 0.089 seconds
[2025-11-10T20:46:19.419+0000] {processor.py:161} INFO - Started process (PID=1183) to work on /home/airflow/.local/lib/python3.8/site-packages/airflow/example_dags/example_task_group_decorator.py
[2025-11-10T20:46:19.421+0000] {processor.py:830} INFO - Processing file /home/airflow/.local/lib/python3.8/site-packages/airflow/example_dags/example_task_group_decorator.py for tasks to queue
[2025-11-10T20:46:19.423+0000] {logging_mixin.py:188} INFO - [2025-11-10T20:46:19.422+0000] {dagbag.py:540} INFO - Filling up the DagBag from /home/airflow/.local/lib/python3.8/site-packages/airflow/example_dags/example_task_group_decorator.py
[2025-11-10T20:46:19.437+0000] {processor.py:840} INFO - DAG(s) 'example_task_group_decorator' retrieved from /home/airflow/.local/lib/python3.8/site-packages/airflow/example_dags/example_task_group_decorator.py
[2025-11-10T20:46:19.459+0000] {logging_mixin.py:188} INFO - [2025-11-10T20:46:19.459+0000] {dag.py:3047} INFO - Sync 1 DAGs
[2025-11-10T20:46:19.480+0000] {logging_mixin.py:188} INFO - [2025-11-10T20:46:19.480+0000] {dag.py:3834} INFO - Setting next_dagrun for example_task_group_decorator to 2025-11-09 00:00:00+00:00, run_after=2025-11-10 00:00:00+00:00
[2025-11-10T20:46:19.503+0000] {processor.py:183} INFO - Processing /home/airflow/.local/lib/python3.8/site-packages/airflow/example_dags/example_task_group_decorator.py took 0.087 seconds
[2025-11-10T20:46:49.718+0000] {processor.py:161} INFO - Started process (PID=1239) to work on /home/airflow/.local/lib/python3.8/site-packages/airflow/example_dags/example_task_group_decorator.py
[2025-11-10T20:46:49.720+0000] {processor.py:830} INFO - Processing file /home/airflow/.local/lib/python3.8/site-packages/airflow/example_dags/example_task_group_decorator.py for tasks to queue
[2025-11-10T20:46:49.722+0000] {logging_mixin.py:188} INFO - [2025-11-10T20:46:49.722+0000] {dagbag.py:540} INFO - Filling up the DagBag from /home/airflow/.local/lib/python3.8/site-packages/airflow/example_dags/example_task_group_decorator.py
[2025-11-10T20:46:49.737+0000] {processor.py:840} INFO - DAG(s) 'example_task_group_decorator' retrieved from /home/airflow/.local/lib/python3.8/site-packages/airflow/example_dags/example_task_group_decorator.py
[2025-11-10T20:46:49.760+0000] {logging_mixin.py:188} INFO - [2025-11-10T20:46:49.760+0000] {dag.py:3047} INFO - Sync 1 DAGs
[2025-11-10T20:46:49.781+0000] {logging_mixin.py:188} INFO - [2025-11-10T20:46:49.781+0000] {dag.py:3834} INFO - Setting next_dagrun for example_task_group_decorator to 2025-11-09 00:00:00+00:00, run_after=2025-11-10 00:00:00+00:00
[2025-11-10T20:46:49.799+0000] {processor.py:183} INFO - Processing /home/airflow/.local/lib/python3.8/site-packages/airflow/example_dags/example_task_group_decorator.py took 0.086 seconds
[2025-11-10T20:47:20.328+0000] {processor.py:161} INFO - Started process (PID=1294) to work on /home/airflow/.local/lib/python3.8/site-packages/airflow/example_dags/example_task_group_decorator.py
[2025-11-10T20:47:20.334+0000] {processor.py:830} INFO - Processing file /home/airflow/.local/lib/python3.8/site-packages/airflow/example_dags/example_task_group_decorator.py for tasks to queue
[2025-11-10T20:47:20.340+0000] {logging_mixin.py:188} INFO - [2025-11-10T20:47:20.339+0000] {dagbag.py:540} INFO - Filling up the DagBag from /home/airflow/.local/lib/python3.8/site-packages/airflow/example_dags/example_task_group_decorator.py
[2025-11-10T20:47:20.362+0000] {processor.py:840} INFO - DAG(s) 'example_task_group_decorator' retrieved from /home/airflow/.local/lib/python3.8/site-packages/airflow/example_dags/example_task_group_decorator.py
[2025-11-10T20:47:20.388+0000] {logging_mixin.py:188} INFO - [2025-11-10T20:47:20.387+0000] {dag.py:3047} INFO - Sync 1 DAGs
[2025-11-10T20:47:20.408+0000] {logging_mixin.py:188} INFO - [2025-11-10T20:47:20.408+0000] {dag.py:3834} INFO - Setting next_dagrun for example_task_group_decorator to 2025-11-09 00:00:00+00:00, run_after=2025-11-10 00:00:00+00:00
[2025-11-10T20:47:20.428+0000] {processor.py:183} INFO - Processing /home/airflow/.local/lib/python3.8/site-packages/airflow/example_dags/example_task_group_decorator.py took 0.107 seconds
[2025-11-10T20:47:50.628+0000] {processor.py:161} INFO - Started process (PID=1349) to work on /home/airflow/.local/lib/python3.8/site-packages/airflow/example_dags/example_task_group_decorator.py
[2025-11-10T20:47:50.631+0000] {processor.py:830} INFO - Processing file /home/airflow/.local/lib/python3.8/site-packages/airflow/example_dags/example_task_group_decorator.py for tasks to queue
[2025-11-10T20:47:50.633+0000] {logging_mixin.py:188} INFO - [2025-11-10T20:47:50.632+0000] {dagbag.py:540} INFO - Filling up the DagBag from /home/airflow/.local/lib/python3.8/site-packages/airflow/example_dags/example_task_group_decorator.py
[2025-11-10T20:47:50.647+0000] {processor.py:840} INFO - DAG(s) 'example_task_group_decorator' retrieved from /home/airflow/.local/lib/python3.8/site-packages/airflow/example_dags/example_task_group_decorator.py
[2025-11-10T20:47:50.671+0000] {logging_mixin.py:188} INFO - [2025-11-10T20:47:50.670+0000] {dag.py:3047} INFO - Sync 1 DAGs
[2025-11-10T20:47:50.691+0000] {logging_mixin.py:188} INFO - [2025-11-10T20:47:50.691+0000] {dag.py:3834} INFO - Setting next_dagrun for example_task_group_decorator to 2025-11-09 00:00:00+00:00, run_after=2025-11-10 00:00:00+00:00
[2025-11-10T20:47:50.713+0000] {processor.py:183} INFO - Processing /home/airflow/.local/lib/python3.8/site-packages/airflow/example_dags/example_task_group_decorator.py took 0.088 seconds
[2025-11-10T20:48:21.019+0000] {processor.py:161} INFO - Started process (PID=1404) to work on /home/airflow/.local/lib/python3.8/site-packages/airflow/example_dags/example_task_group_decorator.py
[2025-11-10T20:48:21.021+0000] {processor.py:830} INFO - Processing file /home/airflow/.local/lib/python3.8/site-packages/airflow/example_dags/example_task_group_decorator.py for tasks to queue
[2025-11-10T20:48:21.025+0000] {logging_mixin.py:188} INFO - [2025-11-10T20:48:21.024+0000] {dagbag.py:540} INFO - Filling up the DagBag from /home/airflow/.local/lib/python3.8/site-packages/airflow/example_dags/example_task_group_decorator.py
[2025-11-10T20:48:21.043+0000] {processor.py:840} INFO - DAG(s) 'example_task_group_decorator' retrieved from /home/airflow/.local/lib/python3.8/site-packages/airflow/example_dags/example_task_group_decorator.py
[2025-11-10T20:48:21.068+0000] {logging_mixin.py:188} INFO - [2025-11-10T20:48:21.067+0000] {dag.py:3047} INFO - Sync 1 DAGs
[2025-11-10T20:48:21.089+0000] {logging_mixin.py:188} INFO - [2025-11-10T20:48:21.089+0000] {dag.py:3834} INFO - Setting next_dagrun for example_task_group_decorator to 2025-11-09 00:00:00+00:00, run_after=2025-11-10 00:00:00+00:00
[2025-11-10T20:48:21.109+0000] {processor.py:183} INFO - Processing /home/airflow/.local/lib/python3.8/site-packages/airflow/example_dags/example_task_group_decorator.py took 0.095 seconds
[2025-11-10T20:48:51.320+0000] {processor.py:161} INFO - Started process (PID=1459) to work on /home/airflow/.local/lib/python3.8/site-packages/airflow/example_dags/example_task_group_decorator.py
[2025-11-10T20:48:51.324+0000] {processor.py:830} INFO - Processing file /home/airflow/.local/lib/python3.8/site-packages/airflow/example_dags/example_task_group_decorator.py for tasks to queue
[2025-11-10T20:48:51.328+0000] {logging_mixin.py:188} INFO - [2025-11-10T20:48:51.327+0000] {dagbag.py:540} INFO - Filling up the DagBag from /home/airflow/.local/lib/python3.8/site-packages/airflow/example_dags/example_task_group_decorator.py
[2025-11-10T20:48:51.348+0000] {processor.py:840} INFO - DAG(s) 'example_task_group_decorator' retrieved from /home/airflow/.local/lib/python3.8/site-packages/airflow/example_dags/example_task_group_decorator.py
[2025-11-10T20:48:51.372+0000] {logging_mixin.py:188} INFO - [2025-11-10T20:48:51.372+0000] {dag.py:3047} INFO - Sync 1 DAGs
[2025-11-10T20:48:51.395+0000] {logging_mixin.py:188} INFO - [2025-11-10T20:48:51.394+0000] {dag.py:3834} INFO - Setting next_dagrun for example_task_group_decorator to 2025-11-09 00:00:00+00:00, run_after=2025-11-10 00:00:00+00:00
[2025-11-10T20:48:51.412+0000] {processor.py:183} INFO - Processing /home/airflow/.local/lib/python3.8/site-packages/airflow/example_dags/example_task_group_decorator.py took 0.099 seconds
[2025-11-10T20:49:21.794+0000] {processor.py:161} INFO - Started process (PID=1515) to work on /home/airflow/.local/lib/python3.8/site-packages/airflow/example_dags/example_task_group_decorator.py
[2025-11-10T20:49:21.796+0000] {processor.py:830} INFO - Processing file /home/airflow/.local/lib/python3.8/site-packages/airflow/example_dags/example_task_group_decorator.py for tasks to queue
[2025-11-10T20:49:21.799+0000] {logging_mixin.py:188} INFO - [2025-11-10T20:49:21.798+0000] {dagbag.py:540} INFO - Filling up the DagBag from /home/airflow/.local/lib/python3.8/site-packages/airflow/example_dags/example_task_group_decorator.py
[2025-11-10T20:49:21.813+0000] {processor.py:840} INFO - DAG(s) 'example_task_group_decorator' retrieved from /home/airflow/.local/lib/python3.8/site-packages/airflow/example_dags/example_task_group_decorator.py
[2025-11-10T20:49:21.838+0000] {logging_mixin.py:188} INFO - [2025-11-10T20:49:21.837+0000] {dag.py:3047} INFO - Sync 1 DAGs
[2025-11-10T20:49:21.862+0000] {logging_mixin.py:188} INFO - [2025-11-10T20:49:21.861+0000] {dag.py:3834} INFO - Setting next_dagrun for example_task_group_decorator to 2025-11-09 00:00:00+00:00, run_after=2025-11-10 00:00:00+00:00
[2025-11-10T20:49:21.880+0000] {processor.py:183} INFO - Processing /home/airflow/.local/lib/python3.8/site-packages/airflow/example_dags/example_task_group_decorator.py took 0.089 seconds
[2025-11-10T20:49:52.473+0000] {processor.py:161} INFO - Started process (PID=1570) to work on /home/airflow/.local/lib/python3.8/site-packages/airflow/example_dags/example_task_group_decorator.py
[2025-11-10T20:49:52.475+0000] {processor.py:830} INFO - Processing file /home/airflow/.local/lib/python3.8/site-packages/airflow/example_dags/example_task_group_decorator.py for tasks to queue
[2025-11-10T20:49:52.477+0000] {logging_mixin.py:188} INFO - [2025-11-10T20:49:52.477+0000] {dagbag.py:540} INFO - Filling up the DagBag from /home/airflow/.local/lib/python3.8/site-packages/airflow/example_dags/example_task_group_decorator.py
[2025-11-10T20:49:52.503+0000] {processor.py:840} INFO - DAG(s) 'example_task_group_decorator' retrieved from /home/airflow/.local/lib/python3.8/site-packages/airflow/example_dags/example_task_group_decorator.py
[2025-11-10T20:49:52.526+0000] {logging_mixin.py:188} INFO - [2025-11-10T20:49:52.526+0000] {dag.py:3047} INFO - Sync 1 DAGs
[2025-11-10T20:49:52.548+0000] {logging_mixin.py:188} INFO - [2025-11-10T20:49:52.547+0000] {dag.py:3834} INFO - Setting next_dagrun for example_task_group_decorator to 2025-11-09 00:00:00+00:00, run_after=2025-11-10 00:00:00+00:00
[2025-11-10T20:49:52.569+0000] {processor.py:183} INFO - Processing /home/airflow/.local/lib/python3.8/site-packages/airflow/example_dags/example_task_group_decorator.py took 0.099 seconds
[2025-11-10T20:50:22.741+0000] {processor.py:161} INFO - Started process (PID=1625) to work on /home/airflow/.local/lib/python3.8/site-packages/airflow/example_dags/example_task_group_decorator.py
[2025-11-10T20:50:22.742+0000] {processor.py:830} INFO - Processing file /home/airflow/.local/lib/python3.8/site-packages/airflow/example_dags/example_task_group_decorator.py for tasks to queue
[2025-11-10T20:50:22.744+0000] {logging_mixin.py:188} INFO - [2025-11-10T20:50:22.744+0000] {dagbag.py:540} INFO - Filling up the DagBag from /home/airflow/.local/lib/python3.8/site-packages/airflow/example_dags/example_task_group_decorator.py
[2025-11-10T20:50:22.760+0000] {processor.py:840} INFO - DAG(s) 'example_task_group_decorator' retrieved from /home/airflow/.local/lib/python3.8/site-packages/airflow/example_dags/example_task_group_decorator.py
[2025-11-10T20:50:22.784+0000] {logging_mixin.py:188} INFO - [2025-11-10T20:50:22.783+0000] {dag.py:3047} INFO - Sync 1 DAGs
[2025-11-10T20:50:22.805+0000] {logging_mixin.py:188} INFO - [2025-11-10T20:50:22.805+0000] {dag.py:3834} INFO - Setting next_dagrun for example_task_group_decorator to 2025-11-09 00:00:00+00:00, run_after=2025-11-10 00:00:00+00:00
[2025-11-10T20:50:22.826+0000] {processor.py:183} INFO - Processing /home/airflow/.local/lib/python3.8/site-packages/airflow/example_dags/example_task_group_decorator.py took 0.089 seconds
[2025-11-10T20:50:53.620+0000] {processor.py:161} INFO - Started process (PID=1680) to work on /home/airflow/.local/lib/python3.8/site-packages/airflow/example_dags/example_task_group_decorator.py
[2025-11-10T20:50:53.621+0000] {processor.py:830} INFO - Processing file /home/airflow/.local/lib/python3.8/site-packages/airflow/example_dags/example_task_group_decorator.py for tasks to queue
[2025-11-10T20:50:53.623+0000] {logging_mixin.py:188} INFO - [2025-11-10T20:50:53.623+0000] {dagbag.py:540} INFO - Filling up the DagBag from /home/airflow/.local/lib/python3.8/site-packages/airflow/example_dags/example_task_group_decorator.py
[2025-11-10T20:50:53.637+0000] {processor.py:840} INFO - DAG(s) 'example_task_group_decorator' retrieved from /home/airflow/.local/lib/python3.8/site-packages/airflow/example_dags/example_task_group_decorator.py
[2025-11-10T20:50:53.662+0000] {logging_mixin.py:188} INFO - [2025-11-10T20:50:53.662+0000] {dag.py:3047} INFO - Sync 1 DAGs
[2025-11-10T20:50:53.685+0000] {logging_mixin.py:188} INFO - [2025-11-10T20:50:53.685+0000] {dag.py:3834} INFO - Setting next_dagrun for example_task_group_decorator to 2025-11-09 00:00:00+00:00, run_after=2025-11-10 00:00:00+00:00
[2025-11-10T20:50:53.706+0000] {processor.py:183} INFO - Processing /home/airflow/.local/lib/python3.8/site-packages/airflow/example_dags/example_task_group_decorator.py took 0.090 seconds
[2025-11-10T20:51:23.785+0000] {processor.py:161} INFO - Started process (PID=1735) to work on /home/airflow/.local/lib/python3.8/site-packages/airflow/example_dags/example_task_group_decorator.py
[2025-11-10T20:51:23.787+0000] {processor.py:830} INFO - Processing file /home/airflow/.local/lib/python3.8/site-packages/airflow/example_dags/example_task_group_decorator.py for tasks to queue
[2025-11-10T20:51:23.790+0000] {logging_mixin.py:188} INFO - [2025-11-10T20:51:23.789+0000] {dagbag.py:540} INFO - Filling up the DagBag from /home/airflow/.local/lib/python3.8/site-packages/airflow/example_dags/example_task_group_decorator.py
[2025-11-10T20:51:23.803+0000] {processor.py:840} INFO - DAG(s) 'example_task_group_decorator' retrieved from /home/airflow/.local/lib/python3.8/site-packages/airflow/example_dags/example_task_group_decorator.py
[2025-11-10T20:51:23.829+0000] {logging_mixin.py:188} INFO - [2025-11-10T20:51:23.829+0000] {dag.py:3047} INFO - Sync 1 DAGs
[2025-11-10T20:51:23.850+0000] {logging_mixin.py:188} INFO - [2025-11-10T20:51:23.849+0000] {dag.py:3834} INFO - Setting next_dagrun for example_task_group_decorator to 2025-11-09 00:00:00+00:00, run_after=2025-11-10 00:00:00+00:00
[2025-11-10T20:51:23.869+0000] {processor.py:183} INFO - Processing /home/airflow/.local/lib/python3.8/site-packages/airflow/example_dags/example_task_group_decorator.py took 0.088 seconds
[2025-11-10T20:51:53.971+0000] {processor.py:161} INFO - Started process (PID=1790) to work on /home/airflow/.local/lib/python3.8/site-packages/airflow/example_dags/example_task_group_decorator.py
[2025-11-10T20:51:53.972+0000] {processor.py:830} INFO - Processing file /home/airflow/.local/lib/python3.8/site-packages/airflow/example_dags/example_task_group_decorator.py for tasks to queue
[2025-11-10T20:51:53.974+0000] {logging_mixin.py:188} INFO - [2025-11-10T20:51:53.974+0000] {dagbag.py:540} INFO - Filling up the DagBag from /home/airflow/.local/lib/python3.8/site-packages/airflow/example_dags/example_task_group_decorator.py
[2025-11-10T20:51:53.988+0000] {processor.py:840} INFO - DAG(s) 'example_task_group_decorator' retrieved from /home/airflow/.local/lib/python3.8/site-packages/airflow/example_dags/example_task_group_decorator.py
[2025-11-10T20:51:54.011+0000] {logging_mixin.py:188} INFO - [2025-11-10T20:51:54.010+0000] {dag.py:3047} INFO - Sync 1 DAGs
[2025-11-10T20:51:54.031+0000] {logging_mixin.py:188} INFO - [2025-11-10T20:51:54.031+0000] {dag.py:3834} INFO - Setting next_dagrun for example_task_group_decorator to 2025-11-09 00:00:00+00:00, run_after=2025-11-10 00:00:00+00:00
[2025-11-10T20:51:54.053+0000] {processor.py:183} INFO - Processing /home/airflow/.local/lib/python3.8/site-packages/airflow/example_dags/example_task_group_decorator.py took 0.085 seconds
[2025-11-10T20:52:24.317+0000] {processor.py:161} INFO - Started process (PID=1845) to work on /home/airflow/.local/lib/python3.8/site-packages/airflow/example_dags/example_task_group_decorator.py
[2025-11-10T20:52:24.318+0000] {processor.py:830} INFO - Processing file /home/airflow/.local/lib/python3.8/site-packages/airflow/example_dags/example_task_group_decorator.py for tasks to queue
[2025-11-10T20:52:24.321+0000] {logging_mixin.py:188} INFO - [2025-11-10T20:52:24.321+0000] {dagbag.py:540} INFO - Filling up the DagBag from /home/airflow/.local/lib/python3.8/site-packages/airflow/example_dags/example_task_group_decorator.py
[2025-11-10T20:52:24.337+0000] {processor.py:840} INFO - DAG(s) 'example_task_group_decorator' retrieved from /home/airflow/.local/lib/python3.8/site-packages/airflow/example_dags/example_task_group_decorator.py
[2025-11-10T20:52:24.362+0000] {logging_mixin.py:188} INFO - [2025-11-10T20:52:24.362+0000] {dag.py:3047} INFO - Sync 1 DAGs
[2025-11-10T20:52:24.394+0000] {logging_mixin.py:188} INFO - [2025-11-10T20:52:24.394+0000] {dag.py:3834} INFO - Setting next_dagrun for example_task_group_decorator to 2025-11-09 00:00:00+00:00, run_after=2025-11-10 00:00:00+00:00
[2025-11-10T20:52:24.415+0000] {processor.py:183} INFO - Processing /home/airflow/.local/lib/python3.8/site-packages/airflow/example_dags/example_task_group_decorator.py took 0.101 seconds
[2025-11-10T20:52:54.838+0000] {processor.py:161} INFO - Started process (PID=1900) to work on /home/airflow/.local/lib/python3.8/site-packages/airflow/example_dags/example_task_group_decorator.py
[2025-11-10T20:52:54.840+0000] {processor.py:830} INFO - Processing file /home/airflow/.local/lib/python3.8/site-packages/airflow/example_dags/example_task_group_decorator.py for tasks to queue
[2025-11-10T20:52:54.842+0000] {logging_mixin.py:188} INFO - [2025-11-10T20:52:54.841+0000] {dagbag.py:540} INFO - Filling up the DagBag from /home/airflow/.local/lib/python3.8/site-packages/airflow/example_dags/example_task_group_decorator.py
[2025-11-10T20:52:54.855+0000] {processor.py:840} INFO - DAG(s) 'example_task_group_decorator' retrieved from /home/airflow/.local/lib/python3.8/site-packages/airflow/example_dags/example_task_group_decorator.py
[2025-11-10T20:52:54.878+0000] {logging_mixin.py:188} INFO - [2025-11-10T20:52:54.877+0000] {dag.py:3047} INFO - Sync 1 DAGs
[2025-11-10T20:52:54.897+0000] {logging_mixin.py:188} INFO - [2025-11-10T20:52:54.897+0000] {dag.py:3834} INFO - Setting next_dagrun for example_task_group_decorator to 2025-11-09 00:00:00+00:00, run_after=2025-11-10 00:00:00+00:00
[2025-11-10T20:52:54.915+0000] {processor.py:183} INFO - Processing /home/airflow/.local/lib/python3.8/site-packages/airflow/example_dags/example_task_group_decorator.py took 0.080 seconds
[2025-11-10T20:53:25.089+0000] {processor.py:161} INFO - Started process (PID=1955) to work on /home/airflow/.local/lib/python3.8/site-packages/airflow/example_dags/example_task_group_decorator.py
[2025-11-10T20:53:25.091+0000] {processor.py:830} INFO - Processing file /home/airflow/.local/lib/python3.8/site-packages/airflow/example_dags/example_task_group_decorator.py for tasks to queue
[2025-11-10T20:53:25.093+0000] {logging_mixin.py:188} INFO - [2025-11-10T20:53:25.093+0000] {dagbag.py:540} INFO - Filling up the DagBag from /home/airflow/.local/lib/python3.8/site-packages/airflow/example_dags/example_task_group_decorator.py
[2025-11-10T20:53:25.107+0000] {processor.py:840} INFO - DAG(s) 'example_task_group_decorator' retrieved from /home/airflow/.local/lib/python3.8/site-packages/airflow/example_dags/example_task_group_decorator.py
[2025-11-10T20:53:25.132+0000] {logging_mixin.py:188} INFO - [2025-11-10T20:53:25.131+0000] {dag.py:3047} INFO - Sync 1 DAGs
[2025-11-10T20:53:25.155+0000] {logging_mixin.py:188} INFO - [2025-11-10T20:53:25.154+0000] {dag.py:3834} INFO - Setting next_dagrun for example_task_group_decorator to 2025-11-09 00:00:00+00:00, run_after=2025-11-10 00:00:00+00:00
[2025-11-10T20:53:25.177+0000] {processor.py:183} INFO - Processing /home/airflow/.local/lib/python3.8/site-packages/airflow/example_dags/example_task_group_decorator.py took 0.091 seconds
