[2025-11-10T20:36:13.717+0000] {processor.py:161} INFO - Started process (PID=107) to work on /home/airflow/.local/lib/python3.8/site-packages/airflow/example_dags/example_xcomargs.py
[2025-11-10T20:36:13.719+0000] {processor.py:830} INFO - Processing file /home/airflow/.local/lib/python3.8/site-packages/airflow/example_dags/example_xcomargs.py for tasks to queue
[2025-11-10T20:36:13.721+0000] {logging_mixin.py:188} INFO - [2025-11-10T20:36:13.721+0000] {dagbag.py:540} INFO - Filling up the DagBag from /home/airflow/.local/lib/python3.8/site-packages/airflow/example_dags/example_xcomargs.py
[2025-11-10T20:36:13.731+0000] {processor.py:840} INFO - DAG(s) 'example_xcom_args_with_operators', 'example_xcom_args' retrieved from /home/airflow/.local/lib/python3.8/site-packages/airflow/example_dags/example_xcomargs.py
[2025-11-10T20:36:13.826+0000] {logging_mixin.py:188} INFO - [2025-11-10T20:36:13.825+0000] {override.py:1769} INFO - Created Permission View: can read on DAG:example_xcom_args_with_operators
[2025-11-10T20:36:13.836+0000] {logging_mixin.py:188} INFO - [2025-11-10T20:36:13.836+0000] {override.py:1769} INFO - Created Permission View: can edit on DAG:example_xcom_args_with_operators
[2025-11-10T20:36:13.848+0000] {logging_mixin.py:188} INFO - [2025-11-10T20:36:13.848+0000] {override.py:1769} INFO - Created Permission View: can delete on DAG:example_xcom_args_with_operators
[2025-11-10T20:36:13.870+0000] {logging_mixin.py:188} INFO - [2025-11-10T20:36:13.870+0000] {override.py:1769} INFO - Created Permission View: can read on DAG:example_xcom_args
[2025-11-10T20:36:13.883+0000] {logging_mixin.py:188} INFO - [2025-11-10T20:36:13.882+0000] {override.py:1769} INFO - Created Permission View: can edit on DAG:example_xcom_args
[2025-11-10T20:36:13.897+0000] {logging_mixin.py:188} INFO - [2025-11-10T20:36:13.897+0000] {override.py:1769} INFO - Created Permission View: can delete on DAG:example_xcom_args
[2025-11-10T20:36:13.898+0000] {logging_mixin.py:188} INFO - [2025-11-10T20:36:13.898+0000] {dag.py:3047} INFO - Sync 2 DAGs
[2025-11-10T20:36:13.909+0000] {logging_mixin.py:188} INFO - [2025-11-10T20:36:13.909+0000] {dag.py:3069} INFO - Creating ORM DAG for example_xcom_args
[2025-11-10T20:36:13.910+0000] {logging_mixin.py:188} INFO - [2025-11-10T20:36:13.910+0000] {dag.py:3069} INFO - Creating ORM DAG for example_xcom_args_with_operators
[2025-11-10T20:36:13.911+0000] {logging_mixin.py:188} INFO - [2025-11-10T20:36:13.911+0000] {dag.py:3834} INFO - Setting next_dagrun for example_xcom_args to None, run_after=None
[2025-11-10T20:36:13.912+0000] {logging_mixin.py:188} INFO - [2025-11-10T20:36:13.912+0000] {dag.py:3834} INFO - Setting next_dagrun for example_xcom_args_with_operators to None, run_after=None
[2025-11-10T20:36:13.930+0000] {processor.py:183} INFO - Processing /home/airflow/.local/lib/python3.8/site-packages/airflow/example_dags/example_xcomargs.py took 0.217 seconds
[2025-11-10T20:36:44.646+0000] {processor.py:161} INFO - Started process (PID=162) to work on /home/airflow/.local/lib/python3.8/site-packages/airflow/example_dags/example_xcomargs.py
[2025-11-10T20:36:44.647+0000] {processor.py:830} INFO - Processing file /home/airflow/.local/lib/python3.8/site-packages/airflow/example_dags/example_xcomargs.py for tasks to queue
[2025-11-10T20:36:44.649+0000] {logging_mixin.py:188} INFO - [2025-11-10T20:36:44.648+0000] {dagbag.py:540} INFO - Filling up the DagBag from /home/airflow/.local/lib/python3.8/site-packages/airflow/example_dags/example_xcomargs.py
[2025-11-10T20:36:44.657+0000] {processor.py:840} INFO - DAG(s) 'example_xcom_args_with_operators', 'example_xcom_args' retrieved from /home/airflow/.local/lib/python3.8/site-packages/airflow/example_dags/example_xcomargs.py
[2025-11-10T20:36:44.681+0000] {logging_mixin.py:188} INFO - [2025-11-10T20:36:44.680+0000] {dag.py:3047} INFO - Sync 2 DAGs
[2025-11-10T20:36:44.696+0000] {logging_mixin.py:188} INFO - [2025-11-10T20:36:44.695+0000] {dag.py:3834} INFO - Setting next_dagrun for example_xcom_args to None, run_after=None
[2025-11-10T20:36:44.706+0000] {logging_mixin.py:188} INFO - [2025-11-10T20:36:44.706+0000] {dag.py:3834} INFO - Setting next_dagrun for example_xcom_args_with_operators to None, run_after=None
[2025-11-10T20:36:44.723+0000] {processor.py:183} INFO - Processing /home/airflow/.local/lib/python3.8/site-packages/airflow/example_dags/example_xcomargs.py took 0.081 seconds
[2025-11-10T20:37:15.442+0000] {processor.py:161} INFO - Started process (PID=217) to work on /home/airflow/.local/lib/python3.8/site-packages/airflow/example_dags/example_xcomargs.py
[2025-11-10T20:37:15.444+0000] {processor.py:830} INFO - Processing file /home/airflow/.local/lib/python3.8/site-packages/airflow/example_dags/example_xcomargs.py for tasks to queue
[2025-11-10T20:37:15.446+0000] {logging_mixin.py:188} INFO - [2025-11-10T20:37:15.446+0000] {dagbag.py:540} INFO - Filling up the DagBag from /home/airflow/.local/lib/python3.8/site-packages/airflow/example_dags/example_xcomargs.py
[2025-11-10T20:37:15.462+0000] {processor.py:840} INFO - DAG(s) 'example_xcom_args_with_operators', 'example_xcom_args' retrieved from /home/airflow/.local/lib/python3.8/site-packages/airflow/example_dags/example_xcomargs.py
[2025-11-10T20:37:15.501+0000] {logging_mixin.py:188} INFO - [2025-11-10T20:37:15.501+0000] {dag.py:3047} INFO - Sync 2 DAGs
[2025-11-10T20:37:15.519+0000] {logging_mixin.py:188} INFO - [2025-11-10T20:37:15.519+0000] {dag.py:3834} INFO - Setting next_dagrun for example_xcom_args to None, run_after=None
[2025-11-10T20:37:15.525+0000] {logging_mixin.py:188} INFO - [2025-11-10T20:37:15.525+0000] {dag.py:3834} INFO - Setting next_dagrun for example_xcom_args_with_operators to None, run_after=None
[2025-11-10T20:37:15.544+0000] {processor.py:183} INFO - Processing /home/airflow/.local/lib/python3.8/site-packages/airflow/example_dags/example_xcomargs.py took 0.106 seconds
[2025-11-10T20:37:45.832+0000] {processor.py:161} INFO - Started process (PID=272) to work on /home/airflow/.local/lib/python3.8/site-packages/airflow/example_dags/example_xcomargs.py
[2025-11-10T20:37:45.833+0000] {processor.py:830} INFO - Processing file /home/airflow/.local/lib/python3.8/site-packages/airflow/example_dags/example_xcomargs.py for tasks to queue
[2025-11-10T20:37:45.844+0000] {logging_mixin.py:188} INFO - [2025-11-10T20:37:45.843+0000] {dagbag.py:540} INFO - Filling up the DagBag from /home/airflow/.local/lib/python3.8/site-packages/airflow/example_dags/example_xcomargs.py
[2025-11-10T20:37:45.852+0000] {processor.py:840} INFO - DAG(s) 'example_xcom_args', 'example_xcom_args_with_operators' retrieved from /home/airflow/.local/lib/python3.8/site-packages/airflow/example_dags/example_xcomargs.py
[2025-11-10T20:37:45.878+0000] {logging_mixin.py:188} INFO - [2025-11-10T20:37:45.878+0000] {dag.py:3047} INFO - Sync 2 DAGs
[2025-11-10T20:37:45.892+0000] {logging_mixin.py:188} INFO - [2025-11-10T20:37:45.892+0000] {dag.py:3834} INFO - Setting next_dagrun for example_xcom_args to None, run_after=None
[2025-11-10T20:37:45.897+0000] {logging_mixin.py:188} INFO - [2025-11-10T20:37:45.897+0000] {dag.py:3834} INFO - Setting next_dagrun for example_xcom_args_with_operators to None, run_after=None
[2025-11-10T20:37:45.915+0000] {processor.py:183} INFO - Processing /home/airflow/.local/lib/python3.8/site-packages/airflow/example_dags/example_xcomargs.py took 0.086 seconds
[2025-11-10T20:38:16.216+0000] {processor.py:161} INFO - Started process (PID=327) to work on /home/airflow/.local/lib/python3.8/site-packages/airflow/example_dags/example_xcomargs.py
[2025-11-10T20:38:16.217+0000] {processor.py:830} INFO - Processing file /home/airflow/.local/lib/python3.8/site-packages/airflow/example_dags/example_xcomargs.py for tasks to queue
[2025-11-10T20:38:16.220+0000] {logging_mixin.py:188} INFO - [2025-11-10T20:38:16.219+0000] {dagbag.py:540} INFO - Filling up the DagBag from /home/airflow/.local/lib/python3.8/site-packages/airflow/example_dags/example_xcomargs.py
[2025-11-10T20:38:16.229+0000] {processor.py:840} INFO - DAG(s) 'example_xcom_args_with_operators', 'example_xcom_args' retrieved from /home/airflow/.local/lib/python3.8/site-packages/airflow/example_dags/example_xcomargs.py
[2025-11-10T20:38:16.254+0000] {logging_mixin.py:188} INFO - [2025-11-10T20:38:16.254+0000] {dag.py:3047} INFO - Sync 2 DAGs
[2025-11-10T20:38:16.267+0000] {logging_mixin.py:188} INFO - [2025-11-10T20:38:16.267+0000] {dag.py:3834} INFO - Setting next_dagrun for example_xcom_args to None, run_after=None
[2025-11-10T20:38:16.273+0000] {logging_mixin.py:188} INFO - [2025-11-10T20:38:16.273+0000] {dag.py:3834} INFO - Setting next_dagrun for example_xcom_args_with_operators to None, run_after=None
[2025-11-10T20:38:16.293+0000] {processor.py:183} INFO - Processing /home/airflow/.local/lib/python3.8/site-packages/airflow/example_dags/example_xcomargs.py took 0.080 seconds
[2025-11-10T20:38:46.493+0000] {processor.py:161} INFO - Started process (PID=382) to work on /home/airflow/.local/lib/python3.8/site-packages/airflow/example_dags/example_xcomargs.py
[2025-11-10T20:38:46.495+0000] {processor.py:830} INFO - Processing file /home/airflow/.local/lib/python3.8/site-packages/airflow/example_dags/example_xcomargs.py for tasks to queue
[2025-11-10T20:38:46.497+0000] {logging_mixin.py:188} INFO - [2025-11-10T20:38:46.497+0000] {dagbag.py:540} INFO - Filling up the DagBag from /home/airflow/.local/lib/python3.8/site-packages/airflow/example_dags/example_xcomargs.py
[2025-11-10T20:38:46.506+0000] {processor.py:840} INFO - DAG(s) 'example_xcom_args', 'example_xcom_args_with_operators' retrieved from /home/airflow/.local/lib/python3.8/site-packages/airflow/example_dags/example_xcomargs.py
[2025-11-10T20:38:46.536+0000] {logging_mixin.py:188} INFO - [2025-11-10T20:38:46.535+0000] {dag.py:3047} INFO - Sync 2 DAGs
[2025-11-10T20:38:46.550+0000] {logging_mixin.py:188} INFO - [2025-11-10T20:38:46.550+0000] {dag.py:3834} INFO - Setting next_dagrun for example_xcom_args to None, run_after=None
[2025-11-10T20:38:46.555+0000] {logging_mixin.py:188} INFO - [2025-11-10T20:38:46.555+0000] {dag.py:3834} INFO - Setting next_dagrun for example_xcom_args_with_operators to None, run_after=None
[2025-11-10T20:38:46.576+0000] {processor.py:183} INFO - Processing /home/airflow/.local/lib/python3.8/site-packages/airflow/example_dags/example_xcomargs.py took 0.085 seconds
[2025-11-10T20:39:16.701+0000] {processor.py:161} INFO - Started process (PID=437) to work on /home/airflow/.local/lib/python3.8/site-packages/airflow/example_dags/example_xcomargs.py
[2025-11-10T20:39:16.704+0000] {processor.py:830} INFO - Processing file /home/airflow/.local/lib/python3.8/site-packages/airflow/example_dags/example_xcomargs.py for tasks to queue
[2025-11-10T20:39:16.706+0000] {logging_mixin.py:188} INFO - [2025-11-10T20:39:16.706+0000] {dagbag.py:540} INFO - Filling up the DagBag from /home/airflow/.local/lib/python3.8/site-packages/airflow/example_dags/example_xcomargs.py
[2025-11-10T20:39:16.714+0000] {processor.py:840} INFO - DAG(s) 'example_xcom_args_with_operators', 'example_xcom_args' retrieved from /home/airflow/.local/lib/python3.8/site-packages/airflow/example_dags/example_xcomargs.py
[2025-11-10T20:39:16.735+0000] {logging_mixin.py:188} INFO - [2025-11-10T20:39:16.735+0000] {dag.py:3047} INFO - Sync 2 DAGs
[2025-11-10T20:39:16.748+0000] {logging_mixin.py:188} INFO - [2025-11-10T20:39:16.748+0000] {dag.py:3834} INFO - Setting next_dagrun for example_xcom_args to None, run_after=None
[2025-11-10T20:39:16.754+0000] {logging_mixin.py:188} INFO - [2025-11-10T20:39:16.753+0000] {dag.py:3834} INFO - Setting next_dagrun for example_xcom_args_with_operators to None, run_after=None
[2025-11-10T20:39:16.776+0000] {processor.py:183} INFO - Processing /home/airflow/.local/lib/python3.8/site-packages/airflow/example_dags/example_xcomargs.py took 0.079 seconds
[2025-11-10T20:39:46.886+0000] {processor.py:161} INFO - Started process (PID=492) to work on /home/airflow/.local/lib/python3.8/site-packages/airflow/example_dags/example_xcomargs.py
[2025-11-10T20:39:46.887+0000] {processor.py:830} INFO - Processing file /home/airflow/.local/lib/python3.8/site-packages/airflow/example_dags/example_xcomargs.py for tasks to queue
[2025-11-10T20:39:46.889+0000] {logging_mixin.py:188} INFO - [2025-11-10T20:39:46.889+0000] {dagbag.py:540} INFO - Filling up the DagBag from /home/airflow/.local/lib/python3.8/site-packages/airflow/example_dags/example_xcomargs.py
[2025-11-10T20:39:46.902+0000] {processor.py:840} INFO - DAG(s) 'example_xcom_args_with_operators', 'example_xcom_args' retrieved from /home/airflow/.local/lib/python3.8/site-packages/airflow/example_dags/example_xcomargs.py
[2025-11-10T20:39:46.937+0000] {logging_mixin.py:188} INFO - [2025-11-10T20:39:46.937+0000] {dag.py:3047} INFO - Sync 2 DAGs
[2025-11-10T20:39:46.958+0000] {logging_mixin.py:188} INFO - [2025-11-10T20:39:46.958+0000] {dag.py:3834} INFO - Setting next_dagrun for example_xcom_args to None, run_after=None
[2025-11-10T20:39:46.964+0000] {logging_mixin.py:188} INFO - [2025-11-10T20:39:46.964+0000] {dag.py:3834} INFO - Setting next_dagrun for example_xcom_args_with_operators to None, run_after=None
[2025-11-10T20:39:46.984+0000] {processor.py:183} INFO - Processing /home/airflow/.local/lib/python3.8/site-packages/airflow/example_dags/example_xcomargs.py took 0.102 seconds
[2025-11-10T20:40:17.321+0000] {processor.py:161} INFO - Started process (PID=547) to work on /home/airflow/.local/lib/python3.8/site-packages/airflow/example_dags/example_xcomargs.py
[2025-11-10T20:40:17.323+0000] {processor.py:830} INFO - Processing file /home/airflow/.local/lib/python3.8/site-packages/airflow/example_dags/example_xcomargs.py for tasks to queue
[2025-11-10T20:40:17.325+0000] {logging_mixin.py:188} INFO - [2025-11-10T20:40:17.324+0000] {dagbag.py:540} INFO - Filling up the DagBag from /home/airflow/.local/lib/python3.8/site-packages/airflow/example_dags/example_xcomargs.py
[2025-11-10T20:40:17.333+0000] {processor.py:840} INFO - DAG(s) 'example_xcom_args_with_operators', 'example_xcom_args' retrieved from /home/airflow/.local/lib/python3.8/site-packages/airflow/example_dags/example_xcomargs.py
[2025-11-10T20:40:17.357+0000] {logging_mixin.py:188} INFO - [2025-11-10T20:40:17.357+0000] {dag.py:3047} INFO - Sync 2 DAGs
[2025-11-10T20:40:17.370+0000] {logging_mixin.py:188} INFO - [2025-11-10T20:40:17.370+0000] {dag.py:3834} INFO - Setting next_dagrun for example_xcom_args to None, run_after=None
[2025-11-10T20:40:17.380+0000] {logging_mixin.py:188} INFO - [2025-11-10T20:40:17.380+0000] {dag.py:3834} INFO - Setting next_dagrun for example_xcom_args_with_operators to None, run_after=None
[2025-11-10T20:40:17.403+0000] {processor.py:183} INFO - Processing /home/airflow/.local/lib/python3.8/site-packages/airflow/example_dags/example_xcomargs.py took 0.085 seconds
[2025-11-10T20:40:47.840+0000] {processor.py:161} INFO - Started process (PID=602) to work on /home/airflow/.local/lib/python3.8/site-packages/airflow/example_dags/example_xcomargs.py
[2025-11-10T20:40:47.844+0000] {processor.py:830} INFO - Processing file /home/airflow/.local/lib/python3.8/site-packages/airflow/example_dags/example_xcomargs.py for tasks to queue
[2025-11-10T20:40:47.848+0000] {logging_mixin.py:188} INFO - [2025-11-10T20:40:47.848+0000] {dagbag.py:540} INFO - Filling up the DagBag from /home/airflow/.local/lib/python3.8/site-packages/airflow/example_dags/example_xcomargs.py
[2025-11-10T20:40:47.858+0000] {processor.py:840} INFO - DAG(s) 'example_xcom_args_with_operators', 'example_xcom_args' retrieved from /home/airflow/.local/lib/python3.8/site-packages/airflow/example_dags/example_xcomargs.py
[2025-11-10T20:40:47.882+0000] {logging_mixin.py:188} INFO - [2025-11-10T20:40:47.882+0000] {dag.py:3047} INFO - Sync 2 DAGs
[2025-11-10T20:40:47.895+0000] {logging_mixin.py:188} INFO - [2025-11-10T20:40:47.895+0000] {dag.py:3834} INFO - Setting next_dagrun for example_xcom_args to None, run_after=None
[2025-11-10T20:40:47.899+0000] {logging_mixin.py:188} INFO - [2025-11-10T20:40:47.899+0000] {dag.py:3834} INFO - Setting next_dagrun for example_xcom_args_with_operators to None, run_after=None
[2025-11-10T20:40:47.917+0000] {processor.py:183} INFO - Processing /home/airflow/.local/lib/python3.8/site-packages/airflow/example_dags/example_xcomargs.py took 0.084 seconds
[2025-11-10T20:41:18.308+0000] {processor.py:161} INFO - Started process (PID=657) to work on /home/airflow/.local/lib/python3.8/site-packages/airflow/example_dags/example_xcomargs.py
[2025-11-10T20:41:18.312+0000] {processor.py:830} INFO - Processing file /home/airflow/.local/lib/python3.8/site-packages/airflow/example_dags/example_xcomargs.py for tasks to queue
[2025-11-10T20:41:18.318+0000] {logging_mixin.py:188} INFO - [2025-11-10T20:41:18.317+0000] {dagbag.py:540} INFO - Filling up the DagBag from /home/airflow/.local/lib/python3.8/site-packages/airflow/example_dags/example_xcomargs.py
[2025-11-10T20:41:18.332+0000] {processor.py:840} INFO - DAG(s) 'example_xcom_args', 'example_xcom_args_with_operators' retrieved from /home/airflow/.local/lib/python3.8/site-packages/airflow/example_dags/example_xcomargs.py
[2025-11-10T20:41:18.362+0000] {logging_mixin.py:188} INFO - [2025-11-10T20:41:18.362+0000] {dag.py:3047} INFO - Sync 2 DAGs
[2025-11-10T20:41:18.375+0000] {logging_mixin.py:188} INFO - [2025-11-10T20:41:18.375+0000] {dag.py:3834} INFO - Setting next_dagrun for example_xcom_args to None, run_after=None
[2025-11-10T20:41:18.380+0000] {logging_mixin.py:188} INFO - [2025-11-10T20:41:18.380+0000] {dag.py:3834} INFO - Setting next_dagrun for example_xcom_args_with_operators to None, run_after=None
[2025-11-10T20:41:18.402+0000] {processor.py:183} INFO - Processing /home/airflow/.local/lib/python3.8/site-packages/airflow/example_dags/example_xcomargs.py took 0.099 seconds
[2025-11-10T20:41:48.690+0000] {processor.py:161} INFO - Started process (PID=712) to work on /home/airflow/.local/lib/python3.8/site-packages/airflow/example_dags/example_xcomargs.py
[2025-11-10T20:41:48.692+0000] {processor.py:830} INFO - Processing file /home/airflow/.local/lib/python3.8/site-packages/airflow/example_dags/example_xcomargs.py for tasks to queue
[2025-11-10T20:41:48.694+0000] {logging_mixin.py:188} INFO - [2025-11-10T20:41:48.694+0000] {dagbag.py:540} INFO - Filling up the DagBag from /home/airflow/.local/lib/python3.8/site-packages/airflow/example_dags/example_xcomargs.py
[2025-11-10T20:41:48.703+0000] {processor.py:840} INFO - DAG(s) 'example_xcom_args', 'example_xcom_args_with_operators' retrieved from /home/airflow/.local/lib/python3.8/site-packages/airflow/example_dags/example_xcomargs.py
[2025-11-10T20:41:48.727+0000] {logging_mixin.py:188} INFO - [2025-11-10T20:41:48.727+0000] {dag.py:3047} INFO - Sync 2 DAGs
[2025-11-10T20:41:48.739+0000] {logging_mixin.py:188} INFO - [2025-11-10T20:41:48.739+0000] {dag.py:3834} INFO - Setting next_dagrun for example_xcom_args to None, run_after=None
[2025-11-10T20:41:48.743+0000] {logging_mixin.py:188} INFO - [2025-11-10T20:41:48.743+0000] {dag.py:3834} INFO - Setting next_dagrun for example_xcom_args_with_operators to None, run_after=None
[2025-11-10T20:41:48.760+0000] {processor.py:183} INFO - Processing /home/airflow/.local/lib/python3.8/site-packages/airflow/example_dags/example_xcomargs.py took 0.078 seconds
[2025-11-10T20:42:19.508+0000] {processor.py:161} INFO - Started process (PID=767) to work on /home/airflow/.local/lib/python3.8/site-packages/airflow/example_dags/example_xcomargs.py
[2025-11-10T20:42:19.510+0000] {processor.py:830} INFO - Processing file /home/airflow/.local/lib/python3.8/site-packages/airflow/example_dags/example_xcomargs.py for tasks to queue
[2025-11-10T20:42:19.512+0000] {logging_mixin.py:188} INFO - [2025-11-10T20:42:19.512+0000] {dagbag.py:540} INFO - Filling up the DagBag from /home/airflow/.local/lib/python3.8/site-packages/airflow/example_dags/example_xcomargs.py
[2025-11-10T20:42:19.520+0000] {processor.py:840} INFO - DAG(s) 'example_xcom_args', 'example_xcom_args_with_operators' retrieved from /home/airflow/.local/lib/python3.8/site-packages/airflow/example_dags/example_xcomargs.py
[2025-11-10T20:42:19.543+0000] {logging_mixin.py:188} INFO - [2025-11-10T20:42:19.543+0000] {dag.py:3047} INFO - Sync 2 DAGs
[2025-11-10T20:42:19.555+0000] {logging_mixin.py:188} INFO - [2025-11-10T20:42:19.555+0000] {dag.py:3834} INFO - Setting next_dagrun for example_xcom_args to None, run_after=None
[2025-11-10T20:42:19.559+0000] {logging_mixin.py:188} INFO - [2025-11-10T20:42:19.559+0000] {dag.py:3834} INFO - Setting next_dagrun for example_xcom_args_with_operators to None, run_after=None
[2025-11-10T20:42:19.577+0000] {processor.py:183} INFO - Processing /home/airflow/.local/lib/python3.8/site-packages/airflow/example_dags/example_xcomargs.py took 0.072 seconds
[2025-11-10T20:42:50.194+0000] {processor.py:161} INFO - Started process (PID=822) to work on /home/airflow/.local/lib/python3.8/site-packages/airflow/example_dags/example_xcomargs.py
[2025-11-10T20:42:50.196+0000] {processor.py:830} INFO - Processing file /home/airflow/.local/lib/python3.8/site-packages/airflow/example_dags/example_xcomargs.py for tasks to queue
[2025-11-10T20:42:50.198+0000] {logging_mixin.py:188} INFO - [2025-11-10T20:42:50.197+0000] {dagbag.py:540} INFO - Filling up the DagBag from /home/airflow/.local/lib/python3.8/site-packages/airflow/example_dags/example_xcomargs.py
[2025-11-10T20:42:50.208+0000] {processor.py:840} INFO - DAG(s) 'example_xcom_args', 'example_xcom_args_with_operators' retrieved from /home/airflow/.local/lib/python3.8/site-packages/airflow/example_dags/example_xcomargs.py
[2025-11-10T20:42:50.234+0000] {logging_mixin.py:188} INFO - [2025-11-10T20:42:50.233+0000] {dag.py:3047} INFO - Sync 2 DAGs
[2025-11-10T20:42:50.247+0000] {logging_mixin.py:188} INFO - [2025-11-10T20:42:50.247+0000] {dag.py:3834} INFO - Setting next_dagrun for example_xcom_args to None, run_after=None
[2025-11-10T20:42:50.252+0000] {logging_mixin.py:188} INFO - [2025-11-10T20:42:50.251+0000] {dag.py:3834} INFO - Setting next_dagrun for example_xcom_args_with_operators to None, run_after=None
[2025-11-10T20:42:50.268+0000] {processor.py:183} INFO - Processing /home/airflow/.local/lib/python3.8/site-packages/airflow/example_dags/example_xcomargs.py took 0.077 seconds
[2025-11-10T20:43:20.445+0000] {processor.py:161} INFO - Started process (PID=877) to work on /home/airflow/.local/lib/python3.8/site-packages/airflow/example_dags/example_xcomargs.py
[2025-11-10T20:43:20.451+0000] {processor.py:830} INFO - Processing file /home/airflow/.local/lib/python3.8/site-packages/airflow/example_dags/example_xcomargs.py for tasks to queue
[2025-11-10T20:43:20.458+0000] {logging_mixin.py:188} INFO - [2025-11-10T20:43:20.457+0000] {dagbag.py:540} INFO - Filling up the DagBag from /home/airflow/.local/lib/python3.8/site-packages/airflow/example_dags/example_xcomargs.py
[2025-11-10T20:43:20.473+0000] {processor.py:840} INFO - DAG(s) 'example_xcom_args_with_operators', 'example_xcom_args' retrieved from /home/airflow/.local/lib/python3.8/site-packages/airflow/example_dags/example_xcomargs.py
[2025-11-10T20:43:20.503+0000] {logging_mixin.py:188} INFO - [2025-11-10T20:43:20.503+0000] {dag.py:3047} INFO - Sync 2 DAGs
[2025-11-10T20:43:20.530+0000] {logging_mixin.py:188} INFO - [2025-11-10T20:43:20.529+0000] {dag.py:3834} INFO - Setting next_dagrun for example_xcom_args to None, run_after=None
[2025-11-10T20:43:20.540+0000] {logging_mixin.py:188} INFO - [2025-11-10T20:43:20.540+0000] {dag.py:3834} INFO - Setting next_dagrun for example_xcom_args_with_operators to None, run_after=None
[2025-11-10T20:43:20.577+0000] {processor.py:183} INFO - Processing /home/airflow/.local/lib/python3.8/site-packages/airflow/example_dags/example_xcomargs.py took 0.136 seconds
[2025-11-10T20:43:50.927+0000] {processor.py:161} INFO - Started process (PID=931) to work on /home/airflow/.local/lib/python3.8/site-packages/airflow/example_dags/example_xcomargs.py
[2025-11-10T20:43:50.929+0000] {processor.py:830} INFO - Processing file /home/airflow/.local/lib/python3.8/site-packages/airflow/example_dags/example_xcomargs.py for tasks to queue
[2025-11-10T20:43:50.932+0000] {logging_mixin.py:188} INFO - [2025-11-10T20:43:50.932+0000] {dagbag.py:540} INFO - Filling up the DagBag from /home/airflow/.local/lib/python3.8/site-packages/airflow/example_dags/example_xcomargs.py
[2025-11-10T20:43:50.942+0000] {processor.py:840} INFO - DAG(s) 'example_xcom_args_with_operators', 'example_xcom_args' retrieved from /home/airflow/.local/lib/python3.8/site-packages/airflow/example_dags/example_xcomargs.py
[2025-11-10T20:43:50.964+0000] {logging_mixin.py:188} INFO - [2025-11-10T20:43:50.964+0000] {dag.py:3047} INFO - Sync 2 DAGs
[2025-11-10T20:43:50.976+0000] {logging_mixin.py:188} INFO - [2025-11-10T20:43:50.976+0000] {dag.py:3834} INFO - Setting next_dagrun for example_xcom_args to None, run_after=None
[2025-11-10T20:43:50.980+0000] {logging_mixin.py:188} INFO - [2025-11-10T20:43:50.979+0000] {dag.py:3834} INFO - Setting next_dagrun for example_xcom_args_with_operators to None, run_after=None
[2025-11-10T20:43:50.996+0000] {processor.py:183} INFO - Processing /home/airflow/.local/lib/python3.8/site-packages/airflow/example_dags/example_xcomargs.py took 0.073 seconds
[2025-11-10T20:44:21.726+0000] {processor.py:161} INFO - Started process (PID=986) to work on /home/airflow/.local/lib/python3.8/site-packages/airflow/example_dags/example_xcomargs.py
[2025-11-10T20:44:21.729+0000] {processor.py:830} INFO - Processing file /home/airflow/.local/lib/python3.8/site-packages/airflow/example_dags/example_xcomargs.py for tasks to queue
[2025-11-10T20:44:21.735+0000] {logging_mixin.py:188} INFO - [2025-11-10T20:44:21.734+0000] {dagbag.py:540} INFO - Filling up the DagBag from /home/airflow/.local/lib/python3.8/site-packages/airflow/example_dags/example_xcomargs.py
[2025-11-10T20:44:21.750+0000] {processor.py:840} INFO - DAG(s) 'example_xcom_args', 'example_xcom_args_with_operators' retrieved from /home/airflow/.local/lib/python3.8/site-packages/airflow/example_dags/example_xcomargs.py
[2025-11-10T20:44:21.781+0000] {logging_mixin.py:188} INFO - [2025-11-10T20:44:21.781+0000] {dag.py:3047} INFO - Sync 2 DAGs
[2025-11-10T20:44:21.794+0000] {logging_mixin.py:188} INFO - [2025-11-10T20:44:21.793+0000] {dag.py:3834} INFO - Setting next_dagrun for example_xcom_args to None, run_after=None
[2025-11-10T20:44:21.798+0000] {logging_mixin.py:188} INFO - [2025-11-10T20:44:21.798+0000] {dag.py:3834} INFO - Setting next_dagrun for example_xcom_args_with_operators to None, run_after=None
[2025-11-10T20:44:21.816+0000] {processor.py:183} INFO - Processing /home/airflow/.local/lib/python3.8/site-packages/airflow/example_dags/example_xcomargs.py took 0.099 seconds
[2025-11-10T20:44:52.361+0000] {processor.py:161} INFO - Started process (PID=1041) to work on /home/airflow/.local/lib/python3.8/site-packages/airflow/example_dags/example_xcomargs.py
[2025-11-10T20:44:52.362+0000] {processor.py:830} INFO - Processing file /home/airflow/.local/lib/python3.8/site-packages/airflow/example_dags/example_xcomargs.py for tasks to queue
[2025-11-10T20:44:52.364+0000] {logging_mixin.py:188} INFO - [2025-11-10T20:44:52.364+0000] {dagbag.py:540} INFO - Filling up the DagBag from /home/airflow/.local/lib/python3.8/site-packages/airflow/example_dags/example_xcomargs.py
[2025-11-10T20:44:52.377+0000] {processor.py:840} INFO - DAG(s) 'example_xcom_args_with_operators', 'example_xcom_args' retrieved from /home/airflow/.local/lib/python3.8/site-packages/airflow/example_dags/example_xcomargs.py
[2025-11-10T20:44:52.406+0000] {logging_mixin.py:188} INFO - [2025-11-10T20:44:52.406+0000] {dag.py:3047} INFO - Sync 2 DAGs
[2025-11-10T20:44:52.422+0000] {logging_mixin.py:188} INFO - [2025-11-10T20:44:52.422+0000] {dag.py:3834} INFO - Setting next_dagrun for example_xcom_args to None, run_after=None
[2025-11-10T20:44:52.428+0000] {logging_mixin.py:188} INFO - [2025-11-10T20:44:52.427+0000] {dag.py:3834} INFO - Setting next_dagrun for example_xcom_args_with_operators to None, run_after=None
[2025-11-10T20:44:52.455+0000] {processor.py:183} INFO - Processing /home/airflow/.local/lib/python3.8/site-packages/airflow/example_dags/example_xcomargs.py took 0.097 seconds
[2025-11-10T20:45:22.668+0000] {processor.py:161} INFO - Started process (PID=1096) to work on /home/airflow/.local/lib/python3.8/site-packages/airflow/example_dags/example_xcomargs.py
[2025-11-10T20:45:22.669+0000] {processor.py:830} INFO - Processing file /home/airflow/.local/lib/python3.8/site-packages/airflow/example_dags/example_xcomargs.py for tasks to queue
[2025-11-10T20:45:22.672+0000] {logging_mixin.py:188} INFO - [2025-11-10T20:45:22.672+0000] {dagbag.py:540} INFO - Filling up the DagBag from /home/airflow/.local/lib/python3.8/site-packages/airflow/example_dags/example_xcomargs.py
[2025-11-10T20:45:22.681+0000] {processor.py:840} INFO - DAG(s) 'example_xcom_args', 'example_xcom_args_with_operators' retrieved from /home/airflow/.local/lib/python3.8/site-packages/airflow/example_dags/example_xcomargs.py
[2025-11-10T20:45:22.705+0000] {logging_mixin.py:188} INFO - [2025-11-10T20:45:22.705+0000] {dag.py:3047} INFO - Sync 2 DAGs
[2025-11-10T20:45:22.718+0000] {logging_mixin.py:188} INFO - [2025-11-10T20:45:22.718+0000] {dag.py:3834} INFO - Setting next_dagrun for example_xcom_args to None, run_after=None
[2025-11-10T20:45:22.724+0000] {logging_mixin.py:188} INFO - [2025-11-10T20:45:22.724+0000] {dag.py:3834} INFO - Setting next_dagrun for example_xcom_args_with_operators to None, run_after=None
[2025-11-10T20:45:22.751+0000] {processor.py:183} INFO - Processing /home/airflow/.local/lib/python3.8/site-packages/airflow/example_dags/example_xcomargs.py took 0.089 seconds
[2025-11-10T20:45:53.231+0000] {processor.py:161} INFO - Started process (PID=1151) to work on /home/airflow/.local/lib/python3.8/site-packages/airflow/example_dags/example_xcomargs.py
[2025-11-10T20:45:53.234+0000] {processor.py:830} INFO - Processing file /home/airflow/.local/lib/python3.8/site-packages/airflow/example_dags/example_xcomargs.py for tasks to queue
[2025-11-10T20:45:53.236+0000] {logging_mixin.py:188} INFO - [2025-11-10T20:45:53.236+0000] {dagbag.py:540} INFO - Filling up the DagBag from /home/airflow/.local/lib/python3.8/site-packages/airflow/example_dags/example_xcomargs.py
[2025-11-10T20:45:53.245+0000] {processor.py:840} INFO - DAG(s) 'example_xcom_args_with_operators', 'example_xcom_args' retrieved from /home/airflow/.local/lib/python3.8/site-packages/airflow/example_dags/example_xcomargs.py
[2025-11-10T20:45:53.272+0000] {logging_mixin.py:188} INFO - [2025-11-10T20:45:53.272+0000] {dag.py:3047} INFO - Sync 2 DAGs
[2025-11-10T20:45:53.287+0000] {logging_mixin.py:188} INFO - [2025-11-10T20:45:53.287+0000] {dag.py:3834} INFO - Setting next_dagrun for example_xcom_args to None, run_after=None
[2025-11-10T20:45:53.291+0000] {logging_mixin.py:188} INFO - [2025-11-10T20:45:53.291+0000] {dag.py:3834} INFO - Setting next_dagrun for example_xcom_args_with_operators to None, run_after=None
[2025-11-10T20:45:53.311+0000] {processor.py:183} INFO - Processing /home/airflow/.local/lib/python3.8/site-packages/airflow/example_dags/example_xcomargs.py took 0.087 seconds
[2025-11-10T20:46:23.600+0000] {processor.py:161} INFO - Started process (PID=1206) to work on /home/airflow/.local/lib/python3.8/site-packages/airflow/example_dags/example_xcomargs.py
[2025-11-10T20:46:23.602+0000] {processor.py:830} INFO - Processing file /home/airflow/.local/lib/python3.8/site-packages/airflow/example_dags/example_xcomargs.py for tasks to queue
[2025-11-10T20:46:23.604+0000] {logging_mixin.py:188} INFO - [2025-11-10T20:46:23.603+0000] {dagbag.py:540} INFO - Filling up the DagBag from /home/airflow/.local/lib/python3.8/site-packages/airflow/example_dags/example_xcomargs.py
[2025-11-10T20:46:23.612+0000] {processor.py:840} INFO - DAG(s) 'example_xcom_args_with_operators', 'example_xcom_args' retrieved from /home/airflow/.local/lib/python3.8/site-packages/airflow/example_dags/example_xcomargs.py
[2025-11-10T20:46:23.636+0000] {logging_mixin.py:188} INFO - [2025-11-10T20:46:23.636+0000] {dag.py:3047} INFO - Sync 2 DAGs
[2025-11-10T20:46:23.648+0000] {logging_mixin.py:188} INFO - [2025-11-10T20:46:23.648+0000] {dag.py:3834} INFO - Setting next_dagrun for example_xcom_args to None, run_after=None
[2025-11-10T20:46:23.652+0000] {logging_mixin.py:188} INFO - [2025-11-10T20:46:23.652+0000] {dag.py:3834} INFO - Setting next_dagrun for example_xcom_args_with_operators to None, run_after=None
[2025-11-10T20:46:23.672+0000] {processor.py:183} INFO - Processing /home/airflow/.local/lib/python3.8/site-packages/airflow/example_dags/example_xcomargs.py took 0.075 seconds
[2025-11-10T20:46:54.539+0000] {processor.py:161} INFO - Started process (PID=1262) to work on /home/airflow/.local/lib/python3.8/site-packages/airflow/example_dags/example_xcomargs.py
[2025-11-10T20:46:54.541+0000] {processor.py:830} INFO - Processing file /home/airflow/.local/lib/python3.8/site-packages/airflow/example_dags/example_xcomargs.py for tasks to queue
[2025-11-10T20:46:54.543+0000] {logging_mixin.py:188} INFO - [2025-11-10T20:46:54.543+0000] {dagbag.py:540} INFO - Filling up the DagBag from /home/airflow/.local/lib/python3.8/site-packages/airflow/example_dags/example_xcomargs.py
[2025-11-10T20:46:54.551+0000] {processor.py:840} INFO - DAG(s) 'example_xcom_args_with_operators', 'example_xcom_args' retrieved from /home/airflow/.local/lib/python3.8/site-packages/airflow/example_dags/example_xcomargs.py
[2025-11-10T20:46:54.579+0000] {logging_mixin.py:188} INFO - [2025-11-10T20:46:54.579+0000] {dag.py:3047} INFO - Sync 2 DAGs
[2025-11-10T20:46:54.591+0000] {logging_mixin.py:188} INFO - [2025-11-10T20:46:54.591+0000] {dag.py:3834} INFO - Setting next_dagrun for example_xcom_args to None, run_after=None
[2025-11-10T20:46:54.595+0000] {logging_mixin.py:188} INFO - [2025-11-10T20:46:54.595+0000] {dag.py:3834} INFO - Setting next_dagrun for example_xcom_args_with_operators to None, run_after=None
[2025-11-10T20:46:54.613+0000] {processor.py:183} INFO - Processing /home/airflow/.local/lib/python3.8/site-packages/airflow/example_dags/example_xcomargs.py took 0.077 seconds
[2025-11-10T20:47:24.765+0000] {processor.py:161} INFO - Started process (PID=1317) to work on /home/airflow/.local/lib/python3.8/site-packages/airflow/example_dags/example_xcomargs.py
[2025-11-10T20:47:24.766+0000] {processor.py:830} INFO - Processing file /home/airflow/.local/lib/python3.8/site-packages/airflow/example_dags/example_xcomargs.py for tasks to queue
[2025-11-10T20:47:24.769+0000] {logging_mixin.py:188} INFO - [2025-11-10T20:47:24.768+0000] {dagbag.py:540} INFO - Filling up the DagBag from /home/airflow/.local/lib/python3.8/site-packages/airflow/example_dags/example_xcomargs.py
[2025-11-10T20:47:24.777+0000] {processor.py:840} INFO - DAG(s) 'example_xcom_args_with_operators', 'example_xcom_args' retrieved from /home/airflow/.local/lib/python3.8/site-packages/airflow/example_dags/example_xcomargs.py
[2025-11-10T20:47:24.800+0000] {logging_mixin.py:188} INFO - [2025-11-10T20:47:24.800+0000] {dag.py:3047} INFO - Sync 2 DAGs
[2025-11-10T20:47:24.813+0000] {logging_mixin.py:188} INFO - [2025-11-10T20:47:24.812+0000] {dag.py:3834} INFO - Setting next_dagrun for example_xcom_args to None, run_after=None
[2025-11-10T20:47:24.817+0000] {logging_mixin.py:188} INFO - [2025-11-10T20:47:24.816+0000] {dag.py:3834} INFO - Setting next_dagrun for example_xcom_args_with_operators to None, run_after=None
[2025-11-10T20:47:24.833+0000] {processor.py:183} INFO - Processing /home/airflow/.local/lib/python3.8/site-packages/airflow/example_dags/example_xcomargs.py took 0.071 seconds
[2025-11-10T20:47:55.265+0000] {processor.py:161} INFO - Started process (PID=1372) to work on /home/airflow/.local/lib/python3.8/site-packages/airflow/example_dags/example_xcomargs.py
[2025-11-10T20:47:55.267+0000] {processor.py:830} INFO - Processing file /home/airflow/.local/lib/python3.8/site-packages/airflow/example_dags/example_xcomargs.py for tasks to queue
[2025-11-10T20:47:55.269+0000] {logging_mixin.py:188} INFO - [2025-11-10T20:47:55.269+0000] {dagbag.py:540} INFO - Filling up the DagBag from /home/airflow/.local/lib/python3.8/site-packages/airflow/example_dags/example_xcomargs.py
[2025-11-10T20:47:55.277+0000] {processor.py:840} INFO - DAG(s) 'example_xcom_args_with_operators', 'example_xcom_args' retrieved from /home/airflow/.local/lib/python3.8/site-packages/airflow/example_dags/example_xcomargs.py
[2025-11-10T20:47:55.300+0000] {logging_mixin.py:188} INFO - [2025-11-10T20:47:55.300+0000] {dag.py:3047} INFO - Sync 2 DAGs
[2025-11-10T20:47:55.313+0000] {logging_mixin.py:188} INFO - [2025-11-10T20:47:55.313+0000] {dag.py:3834} INFO - Setting next_dagrun for example_xcom_args to None, run_after=None
[2025-11-10T20:47:55.318+0000] {logging_mixin.py:188} INFO - [2025-11-10T20:47:55.317+0000] {dag.py:3834} INFO - Setting next_dagrun for example_xcom_args_with_operators to None, run_after=None
[2025-11-10T20:47:55.346+0000] {processor.py:183} INFO - Processing /home/airflow/.local/lib/python3.8/site-packages/airflow/example_dags/example_xcomargs.py took 0.084 seconds
[2025-11-10T20:48:26.046+0000] {processor.py:161} INFO - Started process (PID=1427) to work on /home/airflow/.local/lib/python3.8/site-packages/airflow/example_dags/example_xcomargs.py
[2025-11-10T20:48:26.048+0000] {processor.py:830} INFO - Processing file /home/airflow/.local/lib/python3.8/site-packages/airflow/example_dags/example_xcomargs.py for tasks to queue
[2025-11-10T20:48:26.052+0000] {logging_mixin.py:188} INFO - [2025-11-10T20:48:26.051+0000] {dagbag.py:540} INFO - Filling up the DagBag from /home/airflow/.local/lib/python3.8/site-packages/airflow/example_dags/example_xcomargs.py
[2025-11-10T20:48:26.063+0000] {processor.py:840} INFO - DAG(s) 'example_xcom_args_with_operators', 'example_xcom_args' retrieved from /home/airflow/.local/lib/python3.8/site-packages/airflow/example_dags/example_xcomargs.py
[2025-11-10T20:48:26.097+0000] {logging_mixin.py:188} INFO - [2025-11-10T20:48:26.096+0000] {dag.py:3047} INFO - Sync 2 DAGs
[2025-11-10T20:48:26.116+0000] {logging_mixin.py:188} INFO - [2025-11-10T20:48:26.116+0000] {dag.py:3834} INFO - Setting next_dagrun for example_xcom_args to None, run_after=None
[2025-11-10T20:48:26.122+0000] {logging_mixin.py:188} INFO - [2025-11-10T20:48:26.122+0000] {dag.py:3834} INFO - Setting next_dagrun for example_xcom_args_with_operators to None, run_after=None
[2025-11-10T20:48:26.145+0000] {processor.py:183} INFO - Processing /home/airflow/.local/lib/python3.8/site-packages/airflow/example_dags/example_xcomargs.py took 0.106 seconds
[2025-11-10T20:48:56.842+0000] {processor.py:161} INFO - Started process (PID=1482) to work on /home/airflow/.local/lib/python3.8/site-packages/airflow/example_dags/example_xcomargs.py
[2025-11-10T20:48:56.847+0000] {processor.py:830} INFO - Processing file /home/airflow/.local/lib/python3.8/site-packages/airflow/example_dags/example_xcomargs.py for tasks to queue
[2025-11-10T20:48:56.851+0000] {logging_mixin.py:188} INFO - [2025-11-10T20:48:56.850+0000] {dagbag.py:540} INFO - Filling up the DagBag from /home/airflow/.local/lib/python3.8/site-packages/airflow/example_dags/example_xcomargs.py
[2025-11-10T20:48:56.861+0000] {processor.py:840} INFO - DAG(s) 'example_xcom_args', 'example_xcom_args_with_operators' retrieved from /home/airflow/.local/lib/python3.8/site-packages/airflow/example_dags/example_xcomargs.py
[2025-11-10T20:48:56.885+0000] {logging_mixin.py:188} INFO - [2025-11-10T20:48:56.884+0000] {dag.py:3047} INFO - Sync 2 DAGs
[2025-11-10T20:48:56.897+0000] {logging_mixin.py:188} INFO - [2025-11-10T20:48:56.897+0000] {dag.py:3834} INFO - Setting next_dagrun for example_xcom_args to None, run_after=None
[2025-11-10T20:48:56.901+0000] {logging_mixin.py:188} INFO - [2025-11-10T20:48:56.901+0000] {dag.py:3834} INFO - Setting next_dagrun for example_xcom_args_with_operators to None, run_after=None
[2025-11-10T20:48:56.920+0000] {processor.py:183} INFO - Processing /home/airflow/.local/lib/python3.8/site-packages/airflow/example_dags/example_xcomargs.py took 0.082 seconds
[2025-11-10T20:49:27.267+0000] {processor.py:161} INFO - Started process (PID=1538) to work on /home/airflow/.local/lib/python3.8/site-packages/airflow/example_dags/example_xcomargs.py
[2025-11-10T20:49:27.268+0000] {processor.py:830} INFO - Processing file /home/airflow/.local/lib/python3.8/site-packages/airflow/example_dags/example_xcomargs.py for tasks to queue
[2025-11-10T20:49:27.270+0000] {logging_mixin.py:188} INFO - [2025-11-10T20:49:27.270+0000] {dagbag.py:540} INFO - Filling up the DagBag from /home/airflow/.local/lib/python3.8/site-packages/airflow/example_dags/example_xcomargs.py
[2025-11-10T20:49:27.278+0000] {processor.py:840} INFO - DAG(s) 'example_xcom_args', 'example_xcom_args_with_operators' retrieved from /home/airflow/.local/lib/python3.8/site-packages/airflow/example_dags/example_xcomargs.py
[2025-11-10T20:49:27.301+0000] {logging_mixin.py:188} INFO - [2025-11-10T20:49:27.300+0000] {dag.py:3047} INFO - Sync 2 DAGs
[2025-11-10T20:49:27.314+0000] {logging_mixin.py:188} INFO - [2025-11-10T20:49:27.313+0000] {dag.py:3834} INFO - Setting next_dagrun for example_xcom_args to None, run_after=None
[2025-11-10T20:49:27.320+0000] {logging_mixin.py:188} INFO - [2025-11-10T20:49:27.320+0000] {dag.py:3834} INFO - Setting next_dagrun for example_xcom_args_with_operators to None, run_after=None
[2025-11-10T20:49:27.344+0000] {processor.py:183} INFO - Processing /home/airflow/.local/lib/python3.8/site-packages/airflow/example_dags/example_xcomargs.py took 0.080 seconds
[2025-11-10T20:49:57.527+0000] {processor.py:161} INFO - Started process (PID=1593) to work on /home/airflow/.local/lib/python3.8/site-packages/airflow/example_dags/example_xcomargs.py
[2025-11-10T20:49:57.528+0000] {processor.py:830} INFO - Processing file /home/airflow/.local/lib/python3.8/site-packages/airflow/example_dags/example_xcomargs.py for tasks to queue
[2025-11-10T20:49:57.531+0000] {logging_mixin.py:188} INFO - [2025-11-10T20:49:57.530+0000] {dagbag.py:540} INFO - Filling up the DagBag from /home/airflow/.local/lib/python3.8/site-packages/airflow/example_dags/example_xcomargs.py
[2025-11-10T20:49:57.538+0000] {processor.py:840} INFO - DAG(s) 'example_xcom_args', 'example_xcom_args_with_operators' retrieved from /home/airflow/.local/lib/python3.8/site-packages/airflow/example_dags/example_xcomargs.py
[2025-11-10T20:49:57.561+0000] {logging_mixin.py:188} INFO - [2025-11-10T20:49:57.561+0000] {dag.py:3047} INFO - Sync 2 DAGs
[2025-11-10T20:49:57.573+0000] {logging_mixin.py:188} INFO - [2025-11-10T20:49:57.573+0000] {dag.py:3834} INFO - Setting next_dagrun for example_xcom_args to None, run_after=None
[2025-11-10T20:49:57.577+0000] {logging_mixin.py:188} INFO - [2025-11-10T20:49:57.577+0000] {dag.py:3834} INFO - Setting next_dagrun for example_xcom_args_with_operators to None, run_after=None
[2025-11-10T20:49:57.597+0000] {processor.py:183} INFO - Processing /home/airflow/.local/lib/python3.8/site-packages/airflow/example_dags/example_xcomargs.py took 0.073 seconds
[2025-11-10T20:50:28.246+0000] {processor.py:161} INFO - Started process (PID=1648) to work on /home/airflow/.local/lib/python3.8/site-packages/airflow/example_dags/example_xcomargs.py
[2025-11-10T20:50:28.247+0000] {processor.py:830} INFO - Processing file /home/airflow/.local/lib/python3.8/site-packages/airflow/example_dags/example_xcomargs.py for tasks to queue
[2025-11-10T20:50:28.250+0000] {logging_mixin.py:188} INFO - [2025-11-10T20:50:28.249+0000] {dagbag.py:540} INFO - Filling up the DagBag from /home/airflow/.local/lib/python3.8/site-packages/airflow/example_dags/example_xcomargs.py
[2025-11-10T20:50:28.257+0000] {processor.py:840} INFO - DAG(s) 'example_xcom_args', 'example_xcom_args_with_operators' retrieved from /home/airflow/.local/lib/python3.8/site-packages/airflow/example_dags/example_xcomargs.py
[2025-11-10T20:50:28.278+0000] {logging_mixin.py:188} INFO - [2025-11-10T20:50:28.278+0000] {dag.py:3047} INFO - Sync 2 DAGs
[2025-11-10T20:50:28.290+0000] {logging_mixin.py:188} INFO - [2025-11-10T20:50:28.290+0000] {dag.py:3834} INFO - Setting next_dagrun for example_xcom_args to None, run_after=None
[2025-11-10T20:50:28.294+0000] {logging_mixin.py:188} INFO - [2025-11-10T20:50:28.294+0000] {dag.py:3834} INFO - Setting next_dagrun for example_xcom_args_with_operators to None, run_after=None
[2025-11-10T20:50:28.310+0000] {processor.py:183} INFO - Processing /home/airflow/.local/lib/python3.8/site-packages/airflow/example_dags/example_xcomargs.py took 0.067 seconds
[2025-11-10T20:50:58.695+0000] {processor.py:161} INFO - Started process (PID=1703) to work on /home/airflow/.local/lib/python3.8/site-packages/airflow/example_dags/example_xcomargs.py
[2025-11-10T20:50:58.697+0000] {processor.py:830} INFO - Processing file /home/airflow/.local/lib/python3.8/site-packages/airflow/example_dags/example_xcomargs.py for tasks to queue
[2025-11-10T20:50:58.700+0000] {logging_mixin.py:188} INFO - [2025-11-10T20:50:58.699+0000] {dagbag.py:540} INFO - Filling up the DagBag from /home/airflow/.local/lib/python3.8/site-packages/airflow/example_dags/example_xcomargs.py
[2025-11-10T20:50:58.719+0000] {processor.py:840} INFO - DAG(s) 'example_xcom_args', 'example_xcom_args_with_operators' retrieved from /home/airflow/.local/lib/python3.8/site-packages/airflow/example_dags/example_xcomargs.py
[2025-11-10T20:50:58.755+0000] {logging_mixin.py:188} INFO - [2025-11-10T20:50:58.755+0000] {dag.py:3047} INFO - Sync 2 DAGs
[2025-11-10T20:50:58.769+0000] {logging_mixin.py:188} INFO - [2025-11-10T20:50:58.769+0000] {dag.py:3834} INFO - Setting next_dagrun for example_xcom_args to None, run_after=None
[2025-11-10T20:50:58.773+0000] {logging_mixin.py:188} INFO - [2025-11-10T20:50:58.773+0000] {dag.py:3834} INFO - Setting next_dagrun for example_xcom_args_with_operators to None, run_after=None
[2025-11-10T20:50:58.809+0000] {processor.py:183} INFO - Processing /home/airflow/.local/lib/python3.8/site-packages/airflow/example_dags/example_xcomargs.py took 0.119 seconds
[2025-11-10T20:51:29.568+0000] {processor.py:161} INFO - Started process (PID=1758) to work on /home/airflow/.local/lib/python3.8/site-packages/airflow/example_dags/example_xcomargs.py
[2025-11-10T20:51:29.571+0000] {processor.py:830} INFO - Processing file /home/airflow/.local/lib/python3.8/site-packages/airflow/example_dags/example_xcomargs.py for tasks to queue
[2025-11-10T20:51:29.575+0000] {logging_mixin.py:188} INFO - [2025-11-10T20:51:29.574+0000] {dagbag.py:540} INFO - Filling up the DagBag from /home/airflow/.local/lib/python3.8/site-packages/airflow/example_dags/example_xcomargs.py
[2025-11-10T20:51:29.585+0000] {processor.py:840} INFO - DAG(s) 'example_xcom_args', 'example_xcom_args_with_operators' retrieved from /home/airflow/.local/lib/python3.8/site-packages/airflow/example_dags/example_xcomargs.py
[2025-11-10T20:51:29.608+0000] {logging_mixin.py:188} INFO - [2025-11-10T20:51:29.607+0000] {dag.py:3047} INFO - Sync 2 DAGs
[2025-11-10T20:51:29.619+0000] {logging_mixin.py:188} INFO - [2025-11-10T20:51:29.619+0000] {dag.py:3834} INFO - Setting next_dagrun for example_xcom_args to None, run_after=None
[2025-11-10T20:51:29.623+0000] {logging_mixin.py:188} INFO - [2025-11-10T20:51:29.623+0000] {dag.py:3834} INFO - Setting next_dagrun for example_xcom_args_with_operators to None, run_after=None
[2025-11-10T20:51:29.640+0000] {processor.py:183} INFO - Processing /home/airflow/.local/lib/python3.8/site-packages/airflow/example_dags/example_xcomargs.py took 0.076 seconds
[2025-11-10T20:51:59.871+0000] {processor.py:161} INFO - Started process (PID=1813) to work on /home/airflow/.local/lib/python3.8/site-packages/airflow/example_dags/example_xcomargs.py
[2025-11-10T20:51:59.872+0000] {processor.py:830} INFO - Processing file /home/airflow/.local/lib/python3.8/site-packages/airflow/example_dags/example_xcomargs.py for tasks to queue
[2025-11-10T20:51:59.874+0000] {logging_mixin.py:188} INFO - [2025-11-10T20:51:59.874+0000] {dagbag.py:540} INFO - Filling up the DagBag from /home/airflow/.local/lib/python3.8/site-packages/airflow/example_dags/example_xcomargs.py
[2025-11-10T20:51:59.883+0000] {processor.py:840} INFO - DAG(s) 'example_xcom_args_with_operators', 'example_xcom_args' retrieved from /home/airflow/.local/lib/python3.8/site-packages/airflow/example_dags/example_xcomargs.py
[2025-11-10T20:51:59.906+0000] {logging_mixin.py:188} INFO - [2025-11-10T20:51:59.906+0000] {dag.py:3047} INFO - Sync 2 DAGs
[2025-11-10T20:51:59.918+0000] {logging_mixin.py:188} INFO - [2025-11-10T20:51:59.918+0000] {dag.py:3834} INFO - Setting next_dagrun for example_xcom_args to None, run_after=None
[2025-11-10T20:51:59.923+0000] {logging_mixin.py:188} INFO - [2025-11-10T20:51:59.923+0000] {dag.py:3834} INFO - Setting next_dagrun for example_xcom_args_with_operators to None, run_after=None
[2025-11-10T20:51:59.939+0000] {processor.py:183} INFO - Processing /home/airflow/.local/lib/python3.8/site-packages/airflow/example_dags/example_xcomargs.py took 0.071 seconds
[2025-11-10T20:52:30.166+0000] {processor.py:161} INFO - Started process (PID=1868) to work on /home/airflow/.local/lib/python3.8/site-packages/airflow/example_dags/example_xcomargs.py
[2025-11-10T20:52:30.168+0000] {processor.py:830} INFO - Processing file /home/airflow/.local/lib/python3.8/site-packages/airflow/example_dags/example_xcomargs.py for tasks to queue
[2025-11-10T20:52:30.170+0000] {logging_mixin.py:188} INFO - [2025-11-10T20:52:30.169+0000] {dagbag.py:540} INFO - Filling up the DagBag from /home/airflow/.local/lib/python3.8/site-packages/airflow/example_dags/example_xcomargs.py
[2025-11-10T20:52:30.178+0000] {processor.py:840} INFO - DAG(s) 'example_xcom_args', 'example_xcom_args_with_operators' retrieved from /home/airflow/.local/lib/python3.8/site-packages/airflow/example_dags/example_xcomargs.py
[2025-11-10T20:52:30.199+0000] {logging_mixin.py:188} INFO - [2025-11-10T20:52:30.199+0000] {dag.py:3047} INFO - Sync 2 DAGs
[2025-11-10T20:52:30.211+0000] {logging_mixin.py:188} INFO - [2025-11-10T20:52:30.211+0000] {dag.py:3834} INFO - Setting next_dagrun for example_xcom_args to None, run_after=None
[2025-11-10T20:52:30.215+0000] {logging_mixin.py:188} INFO - [2025-11-10T20:52:30.215+0000] {dag.py:3834} INFO - Setting next_dagrun for example_xcom_args_with_operators to None, run_after=None
[2025-11-10T20:52:30.234+0000] {processor.py:183} INFO - Processing /home/airflow/.local/lib/python3.8/site-packages/airflow/example_dags/example_xcomargs.py took 0.071 seconds
[2025-11-10T20:53:00.335+0000] {processor.py:161} INFO - Started process (PID=1923) to work on /home/airflow/.local/lib/python3.8/site-packages/airflow/example_dags/example_xcomargs.py
[2025-11-10T20:53:00.336+0000] {processor.py:830} INFO - Processing file /home/airflow/.local/lib/python3.8/site-packages/airflow/example_dags/example_xcomargs.py for tasks to queue
[2025-11-10T20:53:00.338+0000] {logging_mixin.py:188} INFO - [2025-11-10T20:53:00.337+0000] {dagbag.py:540} INFO - Filling up the DagBag from /home/airflow/.local/lib/python3.8/site-packages/airflow/example_dags/example_xcomargs.py
[2025-11-10T20:53:00.346+0000] {processor.py:840} INFO - DAG(s) 'example_xcom_args_with_operators', 'example_xcom_args' retrieved from /home/airflow/.local/lib/python3.8/site-packages/airflow/example_dags/example_xcomargs.py
[2025-11-10T20:53:00.392+0000] {logging_mixin.py:188} INFO - [2025-11-10T20:53:00.392+0000] {dag.py:3047} INFO - Sync 2 DAGs
[2025-11-10T20:53:00.409+0000] {logging_mixin.py:188} INFO - [2025-11-10T20:53:00.409+0000] {dag.py:3834} INFO - Setting next_dagrun for example_xcom_args to None, run_after=None
[2025-11-10T20:53:00.419+0000] {logging_mixin.py:188} INFO - [2025-11-10T20:53:00.419+0000] {dag.py:3834} INFO - Setting next_dagrun for example_xcom_args_with_operators to None, run_after=None
[2025-11-10T20:53:00.481+0000] {processor.py:183} INFO - Processing /home/airflow/.local/lib/python3.8/site-packages/airflow/example_dags/example_xcomargs.py took 0.150 seconds
