[2025-11-10T20:36:11.665+0000] {processor.py:161} INFO - Started process (PID=91) to work on /home/airflow/.local/lib/python3.8/site-packages/airflow/example_dags/example_subdag_operator.py
[2025-11-10T20:36:11.667+0000] {processor.py:830} INFO - Processing file /home/airflow/.local/lib/python3.8/site-packages/airflow/example_dags/example_subdag_operator.py for tasks to queue
[2025-11-10T20:36:11.670+0000] {logging_mixin.py:188} INFO - [2025-11-10T20:36:11.669+0000] {dagbag.py:540} INFO - Filling up the DagBag from /home/airflow/.local/lib/python3.8/site-packages/airflow/example_dags/example_subdag_operator.py
[2025-11-10T20:36:11.703+0000] {processor.py:840} INFO - DAG(s) 'example_subdag_operator.section-1', 'example_subdag_operator.section-2', 'example_subdag_operator' retrieved from /home/airflow/.local/lib/python3.8/site-packages/airflow/example_dags/example_subdag_operator.py
[2025-11-10T20:36:11.825+0000] {logging_mixin.py:188} INFO - [2025-11-10T20:36:11.825+0000] {override.py:1769} INFO - Created Permission View: can read on DAG:example_subdag_operator
[2025-11-10T20:36:11.838+0000] {logging_mixin.py:188} INFO - [2025-11-10T20:36:11.837+0000] {override.py:1769} INFO - Created Permission View: can edit on DAG:example_subdag_operator
[2025-11-10T20:36:11.847+0000] {logging_mixin.py:188} INFO - [2025-11-10T20:36:11.847+0000] {override.py:1769} INFO - Created Permission View: can delete on DAG:example_subdag_operator
[2025-11-10T20:36:11.848+0000] {logging_mixin.py:188} INFO - [2025-11-10T20:36:11.848+0000] {dag.py:3047} INFO - Sync 3 DAGs
[2025-11-10T20:36:11.860+0000] {logging_mixin.py:188} INFO - [2025-11-10T20:36:11.859+0000] {dag.py:3069} INFO - Creating ORM DAG for example_subdag_operator.section-1
[2025-11-10T20:36:11.861+0000] {logging_mixin.py:188} INFO - [2025-11-10T20:36:11.861+0000] {dag.py:3069} INFO - Creating ORM DAG for example_subdag_operator
[2025-11-10T20:36:11.862+0000] {logging_mixin.py:188} INFO - [2025-11-10T20:36:11.862+0000] {dag.py:3069} INFO - Creating ORM DAG for example_subdag_operator.section-2
[2025-11-10T20:36:11.871+0000] {logging_mixin.py:188} INFO - [2025-11-10T20:36:11.871+0000] {dag.py:3834} INFO - Setting next_dagrun for example_subdag_operator to 2022-01-01 00:00:00+00:00, run_after=2022-01-01 00:00:00+00:00
[2025-11-10T20:36:11.873+0000] {logging_mixin.py:188} INFO - [2025-11-10T20:36:11.872+0000] {dag.py:3834} INFO - Setting next_dagrun for example_subdag_operator.section-1 to None, run_after=None
[2025-11-10T20:36:11.873+0000] {logging_mixin.py:188} INFO - [2025-11-10T20:36:11.873+0000] {dag.py:3834} INFO - Setting next_dagrun for example_subdag_operator.section-2 to None, run_after=None
[2025-11-10T20:36:11.882+0000] {logging_mixin.py:188} INFO - [2025-11-10T20:36:11.882+0000] {dag.py:3047} INFO - Sync 2 DAGs
[2025-11-10T20:36:11.888+0000] {logging_mixin.py:188} INFO - [2025-11-10T20:36:11.888+0000] {dag.py:3834} INFO - Setting next_dagrun for example_subdag_operator.section-1 to None, run_after=None
[2025-11-10T20:36:11.892+0000] {logging_mixin.py:188} INFO - [2025-11-10T20:36:11.892+0000] {dag.py:3834} INFO - Setting next_dagrun for example_subdag_operator.section-2 to None, run_after=None
[2025-11-10T20:36:11.908+0000] {processor.py:183} INFO - Processing /home/airflow/.local/lib/python3.8/site-packages/airflow/example_dags/example_subdag_operator.py took 0.247 seconds
[2025-11-10T20:36:42.331+0000] {processor.py:161} INFO - Started process (PID=146) to work on /home/airflow/.local/lib/python3.8/site-packages/airflow/example_dags/example_subdag_operator.py
[2025-11-10T20:36:42.332+0000] {processor.py:830} INFO - Processing file /home/airflow/.local/lib/python3.8/site-packages/airflow/example_dags/example_subdag_operator.py for tasks to queue
[2025-11-10T20:36:42.335+0000] {logging_mixin.py:188} INFO - [2025-11-10T20:36:42.335+0000] {dagbag.py:540} INFO - Filling up the DagBag from /home/airflow/.local/lib/python3.8/site-packages/airflow/example_dags/example_subdag_operator.py
[2025-11-10T20:36:42.359+0000] {processor.py:840} INFO - DAG(s) 'example_subdag_operator.section-1', 'example_subdag_operator.section-2', 'example_subdag_operator' retrieved from /home/airflow/.local/lib/python3.8/site-packages/airflow/example_dags/example_subdag_operator.py
[2025-11-10T20:36:42.374+0000] {logging_mixin.py:188} INFO - [2025-11-10T20:36:42.374+0000] {dag.py:3047} INFO - Sync 3 DAGs
[2025-11-10T20:36:42.395+0000] {logging_mixin.py:188} INFO - [2025-11-10T20:36:42.395+0000] {dag.py:3834} INFO - Setting next_dagrun for example_subdag_operator to 2022-01-01 00:00:00+00:00, run_after=2022-01-01 00:00:00+00:00
[2025-11-10T20:36:42.399+0000] {logging_mixin.py:188} INFO - [2025-11-10T20:36:42.398+0000] {dag.py:3834} INFO - Setting next_dagrun for example_subdag_operator.section-1 to None, run_after=None
[2025-11-10T20:36:42.400+0000] {logging_mixin.py:188} INFO - [2025-11-10T20:36:42.400+0000] {dag.py:3834} INFO - Setting next_dagrun for example_subdag_operator.section-2 to None, run_after=None
[2025-11-10T20:36:42.407+0000] {logging_mixin.py:188} INFO - [2025-11-10T20:36:42.407+0000] {dag.py:3047} INFO - Sync 2 DAGs
[2025-11-10T20:36:42.412+0000] {logging_mixin.py:188} INFO - [2025-11-10T20:36:42.412+0000] {dag.py:3834} INFO - Setting next_dagrun for example_subdag_operator.section-1 to None, run_after=None
[2025-11-10T20:36:42.413+0000] {logging_mixin.py:188} INFO - [2025-11-10T20:36:42.413+0000] {dag.py:3834} INFO - Setting next_dagrun for example_subdag_operator.section-2 to None, run_after=None
[2025-11-10T20:36:42.425+0000] {processor.py:183} INFO - Processing /home/airflow/.local/lib/python3.8/site-packages/airflow/example_dags/example_subdag_operator.py took 0.097 seconds
[2025-11-10T20:37:13.284+0000] {processor.py:161} INFO - Started process (PID=201) to work on /home/airflow/.local/lib/python3.8/site-packages/airflow/example_dags/example_subdag_operator.py
[2025-11-10T20:37:13.286+0000] {processor.py:830} INFO - Processing file /home/airflow/.local/lib/python3.8/site-packages/airflow/example_dags/example_subdag_operator.py for tasks to queue
[2025-11-10T20:37:13.288+0000] {logging_mixin.py:188} INFO - [2025-11-10T20:37:13.288+0000] {dagbag.py:540} INFO - Filling up the DagBag from /home/airflow/.local/lib/python3.8/site-packages/airflow/example_dags/example_subdag_operator.py
[2025-11-10T20:37:13.311+0000] {processor.py:840} INFO - DAG(s) 'example_subdag_operator.section-1', 'example_subdag_operator.section-2', 'example_subdag_operator' retrieved from /home/airflow/.local/lib/python3.8/site-packages/airflow/example_dags/example_subdag_operator.py
[2025-11-10T20:37:13.329+0000] {logging_mixin.py:188} INFO - [2025-11-10T20:37:13.329+0000] {dag.py:3047} INFO - Sync 3 DAGs
[2025-11-10T20:37:13.351+0000] {logging_mixin.py:188} INFO - [2025-11-10T20:37:13.351+0000] {dag.py:3834} INFO - Setting next_dagrun for example_subdag_operator to 2022-01-01 00:00:00+00:00, run_after=2022-01-01 00:00:00+00:00
[2025-11-10T20:37:13.356+0000] {logging_mixin.py:188} INFO - [2025-11-10T20:37:13.356+0000] {dag.py:3834} INFO - Setting next_dagrun for example_subdag_operator.section-1 to None, run_after=None
[2025-11-10T20:37:13.358+0000] {logging_mixin.py:188} INFO - [2025-11-10T20:37:13.358+0000] {dag.py:3834} INFO - Setting next_dagrun for example_subdag_operator.section-2 to None, run_after=None
[2025-11-10T20:37:13.366+0000] {logging_mixin.py:188} INFO - [2025-11-10T20:37:13.366+0000] {dag.py:3047} INFO - Sync 2 DAGs
[2025-11-10T20:37:13.372+0000] {logging_mixin.py:188} INFO - [2025-11-10T20:37:13.372+0000] {dag.py:3834} INFO - Setting next_dagrun for example_subdag_operator.section-1 to None, run_after=None
[2025-11-10T20:37:13.373+0000] {logging_mixin.py:188} INFO - [2025-11-10T20:37:13.373+0000] {dag.py:3834} INFO - Setting next_dagrun for example_subdag_operator.section-2 to None, run_after=None
[2025-11-10T20:37:13.388+0000] {processor.py:183} INFO - Processing /home/airflow/.local/lib/python3.8/site-packages/airflow/example_dags/example_subdag_operator.py took 0.108 seconds
[2025-11-10T20:37:43.496+0000] {processor.py:161} INFO - Started process (PID=256) to work on /home/airflow/.local/lib/python3.8/site-packages/airflow/example_dags/example_subdag_operator.py
[2025-11-10T20:37:43.497+0000] {processor.py:830} INFO - Processing file /home/airflow/.local/lib/python3.8/site-packages/airflow/example_dags/example_subdag_operator.py for tasks to queue
[2025-11-10T20:37:43.500+0000] {logging_mixin.py:188} INFO - [2025-11-10T20:37:43.500+0000] {dagbag.py:540} INFO - Filling up the DagBag from /home/airflow/.local/lib/python3.8/site-packages/airflow/example_dags/example_subdag_operator.py
[2025-11-10T20:37:43.525+0000] {processor.py:840} INFO - DAG(s) 'example_subdag_operator.section-1', 'example_subdag_operator.section-2', 'example_subdag_operator' retrieved from /home/airflow/.local/lib/python3.8/site-packages/airflow/example_dags/example_subdag_operator.py
[2025-11-10T20:37:43.540+0000] {logging_mixin.py:188} INFO - [2025-11-10T20:37:43.540+0000] {dag.py:3047} INFO - Sync 3 DAGs
[2025-11-10T20:37:43.562+0000] {logging_mixin.py:188} INFO - [2025-11-10T20:37:43.561+0000] {dag.py:3834} INFO - Setting next_dagrun for example_subdag_operator to 2022-01-01 00:00:00+00:00, run_after=2022-01-01 00:00:00+00:00
[2025-11-10T20:37:43.566+0000] {logging_mixin.py:188} INFO - [2025-11-10T20:37:43.566+0000] {dag.py:3834} INFO - Setting next_dagrun for example_subdag_operator.section-1 to None, run_after=None
[2025-11-10T20:37:43.568+0000] {logging_mixin.py:188} INFO - [2025-11-10T20:37:43.567+0000] {dag.py:3834} INFO - Setting next_dagrun for example_subdag_operator.section-2 to None, run_after=None
[2025-11-10T20:37:43.575+0000] {logging_mixin.py:188} INFO - [2025-11-10T20:37:43.574+0000] {dag.py:3047} INFO - Sync 2 DAGs
[2025-11-10T20:37:43.580+0000] {logging_mixin.py:188} INFO - [2025-11-10T20:37:43.580+0000] {dag.py:3834} INFO - Setting next_dagrun for example_subdag_operator.section-1 to None, run_after=None
[2025-11-10T20:37:43.581+0000] {logging_mixin.py:188} INFO - [2025-11-10T20:37:43.581+0000] {dag.py:3834} INFO - Setting next_dagrun for example_subdag_operator.section-2 to None, run_after=None
[2025-11-10T20:37:43.595+0000] {processor.py:183} INFO - Processing /home/airflow/.local/lib/python3.8/site-packages/airflow/example_dags/example_subdag_operator.py took 0.103 seconds
[2025-11-10T20:38:13.645+0000] {processor.py:161} INFO - Started process (PID=310) to work on /home/airflow/.local/lib/python3.8/site-packages/airflow/example_dags/example_subdag_operator.py
[2025-11-10T20:38:13.647+0000] {processor.py:830} INFO - Processing file /home/airflow/.local/lib/python3.8/site-packages/airflow/example_dags/example_subdag_operator.py for tasks to queue
[2025-11-10T20:38:13.649+0000] {logging_mixin.py:188} INFO - [2025-11-10T20:38:13.648+0000] {dagbag.py:540} INFO - Filling up the DagBag from /home/airflow/.local/lib/python3.8/site-packages/airflow/example_dags/example_subdag_operator.py
[2025-11-10T20:38:13.671+0000] {processor.py:840} INFO - DAG(s) 'example_subdag_operator.section-1', 'example_subdag_operator.section-2', 'example_subdag_operator' retrieved from /home/airflow/.local/lib/python3.8/site-packages/airflow/example_dags/example_subdag_operator.py
[2025-11-10T20:38:13.688+0000] {logging_mixin.py:188} INFO - [2025-11-10T20:38:13.688+0000] {dag.py:3047} INFO - Sync 3 DAGs
[2025-11-10T20:38:13.710+0000] {logging_mixin.py:188} INFO - [2025-11-10T20:38:13.709+0000] {dag.py:3834} INFO - Setting next_dagrun for example_subdag_operator to 2022-01-01 00:00:00+00:00, run_after=2022-01-01 00:00:00+00:00
[2025-11-10T20:38:13.714+0000] {logging_mixin.py:188} INFO - [2025-11-10T20:38:13.713+0000] {dag.py:3834} INFO - Setting next_dagrun for example_subdag_operator.section-1 to None, run_after=None
[2025-11-10T20:38:13.716+0000] {logging_mixin.py:188} INFO - [2025-11-10T20:38:13.715+0000] {dag.py:3834} INFO - Setting next_dagrun for example_subdag_operator.section-2 to None, run_after=None
[2025-11-10T20:38:13.723+0000] {logging_mixin.py:188} INFO - [2025-11-10T20:38:13.723+0000] {dag.py:3047} INFO - Sync 2 DAGs
[2025-11-10T20:38:13.728+0000] {logging_mixin.py:188} INFO - [2025-11-10T20:38:13.728+0000] {dag.py:3834} INFO - Setting next_dagrun for example_subdag_operator.section-1 to None, run_after=None
[2025-11-10T20:38:13.730+0000] {logging_mixin.py:188} INFO - [2025-11-10T20:38:13.729+0000] {dag.py:3834} INFO - Setting next_dagrun for example_subdag_operator.section-2 to None, run_after=None
[2025-11-10T20:38:13.742+0000] {processor.py:183} INFO - Processing /home/airflow/.local/lib/python3.8/site-packages/airflow/example_dags/example_subdag_operator.py took 0.100 seconds
[2025-11-10T20:38:44.075+0000] {processor.py:161} INFO - Started process (PID=365) to work on /home/airflow/.local/lib/python3.8/site-packages/airflow/example_dags/example_subdag_operator.py
[2025-11-10T20:38:44.077+0000] {processor.py:830} INFO - Processing file /home/airflow/.local/lib/python3.8/site-packages/airflow/example_dags/example_subdag_operator.py for tasks to queue
[2025-11-10T20:38:44.079+0000] {logging_mixin.py:188} INFO - [2025-11-10T20:38:44.079+0000] {dagbag.py:540} INFO - Filling up the DagBag from /home/airflow/.local/lib/python3.8/site-packages/airflow/example_dags/example_subdag_operator.py
[2025-11-10T20:38:44.119+0000] {processor.py:840} INFO - DAG(s) 'example_subdag_operator.section-1', 'example_subdag_operator.section-2', 'example_subdag_operator' retrieved from /home/airflow/.local/lib/python3.8/site-packages/airflow/example_dags/example_subdag_operator.py
[2025-11-10T20:38:44.136+0000] {logging_mixin.py:188} INFO - [2025-11-10T20:38:44.135+0000] {dag.py:3047} INFO - Sync 3 DAGs
[2025-11-10T20:38:44.159+0000] {logging_mixin.py:188} INFO - [2025-11-10T20:38:44.159+0000] {dag.py:3834} INFO - Setting next_dagrun for example_subdag_operator to 2022-01-01 00:00:00+00:00, run_after=2022-01-01 00:00:00+00:00
[2025-11-10T20:38:44.163+0000] {logging_mixin.py:188} INFO - [2025-11-10T20:38:44.163+0000] {dag.py:3834} INFO - Setting next_dagrun for example_subdag_operator.section-1 to None, run_after=None
[2025-11-10T20:38:44.164+0000] {logging_mixin.py:188} INFO - [2025-11-10T20:38:44.164+0000] {dag.py:3834} INFO - Setting next_dagrun for example_subdag_operator.section-2 to None, run_after=None
[2025-11-10T20:38:44.172+0000] {logging_mixin.py:188} INFO - [2025-11-10T20:38:44.172+0000] {dag.py:3047} INFO - Sync 2 DAGs
[2025-11-10T20:38:44.177+0000] {logging_mixin.py:188} INFO - [2025-11-10T20:38:44.177+0000] {dag.py:3834} INFO - Setting next_dagrun for example_subdag_operator.section-1 to None, run_after=None
[2025-11-10T20:38:44.178+0000] {logging_mixin.py:188} INFO - [2025-11-10T20:38:44.178+0000] {dag.py:3834} INFO - Setting next_dagrun for example_subdag_operator.section-2 to None, run_after=None
[2025-11-10T20:38:44.190+0000] {processor.py:183} INFO - Processing /home/airflow/.local/lib/python3.8/site-packages/airflow/example_dags/example_subdag_operator.py took 0.121 seconds
[2025-11-10T20:39:14.471+0000] {processor.py:161} INFO - Started process (PID=420) to work on /home/airflow/.local/lib/python3.8/site-packages/airflow/example_dags/example_subdag_operator.py
[2025-11-10T20:39:14.473+0000] {processor.py:830} INFO - Processing file /home/airflow/.local/lib/python3.8/site-packages/airflow/example_dags/example_subdag_operator.py for tasks to queue
[2025-11-10T20:39:14.477+0000] {logging_mixin.py:188} INFO - [2025-11-10T20:39:14.477+0000] {dagbag.py:540} INFO - Filling up the DagBag from /home/airflow/.local/lib/python3.8/site-packages/airflow/example_dags/example_subdag_operator.py
[2025-11-10T20:39:14.509+0000] {processor.py:840} INFO - DAG(s) 'example_subdag_operator.section-1', 'example_subdag_operator.section-2', 'example_subdag_operator' retrieved from /home/airflow/.local/lib/python3.8/site-packages/airflow/example_dags/example_subdag_operator.py
[2025-11-10T20:39:14.528+0000] {logging_mixin.py:188} INFO - [2025-11-10T20:39:14.527+0000] {dag.py:3047} INFO - Sync 3 DAGs
[2025-11-10T20:39:14.549+0000] {logging_mixin.py:188} INFO - [2025-11-10T20:39:14.549+0000] {dag.py:3834} INFO - Setting next_dagrun for example_subdag_operator to 2022-01-01 00:00:00+00:00, run_after=2022-01-01 00:00:00+00:00
[2025-11-10T20:39:14.554+0000] {logging_mixin.py:188} INFO - [2025-11-10T20:39:14.554+0000] {dag.py:3834} INFO - Setting next_dagrun for example_subdag_operator.section-1 to None, run_after=None
[2025-11-10T20:39:14.556+0000] {logging_mixin.py:188} INFO - [2025-11-10T20:39:14.556+0000] {dag.py:3834} INFO - Setting next_dagrun for example_subdag_operator.section-2 to None, run_after=None
[2025-11-10T20:39:14.564+0000] {logging_mixin.py:188} INFO - [2025-11-10T20:39:14.564+0000] {dag.py:3047} INFO - Sync 2 DAGs
[2025-11-10T20:39:14.570+0000] {logging_mixin.py:188} INFO - [2025-11-10T20:39:14.570+0000] {dag.py:3834} INFO - Setting next_dagrun for example_subdag_operator.section-1 to None, run_after=None
[2025-11-10T20:39:14.571+0000] {logging_mixin.py:188} INFO - [2025-11-10T20:39:14.571+0000] {dag.py:3834} INFO - Setting next_dagrun for example_subdag_operator.section-2 to None, run_after=None
[2025-11-10T20:39:14.583+0000] {processor.py:183} INFO - Processing /home/airflow/.local/lib/python3.8/site-packages/airflow/example_dags/example_subdag_operator.py took 0.115 seconds
[2025-11-10T20:39:45.319+0000] {processor.py:161} INFO - Started process (PID=476) to work on /home/airflow/.local/lib/python3.8/site-packages/airflow/example_dags/example_subdag_operator.py
[2025-11-10T20:39:45.322+0000] {processor.py:830} INFO - Processing file /home/airflow/.local/lib/python3.8/site-packages/airflow/example_dags/example_subdag_operator.py for tasks to queue
[2025-11-10T20:39:45.326+0000] {logging_mixin.py:188} INFO - [2025-11-10T20:39:45.325+0000] {dagbag.py:540} INFO - Filling up the DagBag from /home/airflow/.local/lib/python3.8/site-packages/airflow/example_dags/example_subdag_operator.py
[2025-11-10T20:39:45.359+0000] {processor.py:840} INFO - DAG(s) 'example_subdag_operator.section-1', 'example_subdag_operator.section-2', 'example_subdag_operator' retrieved from /home/airflow/.local/lib/python3.8/site-packages/airflow/example_dags/example_subdag_operator.py
[2025-11-10T20:39:45.379+0000] {logging_mixin.py:188} INFO - [2025-11-10T20:39:45.378+0000] {dag.py:3047} INFO - Sync 3 DAGs
[2025-11-10T20:39:45.401+0000] {logging_mixin.py:188} INFO - [2025-11-10T20:39:45.401+0000] {dag.py:3834} INFO - Setting next_dagrun for example_subdag_operator to 2022-01-01 00:00:00+00:00, run_after=2022-01-01 00:00:00+00:00
[2025-11-10T20:39:45.406+0000] {logging_mixin.py:188} INFO - [2025-11-10T20:39:45.406+0000] {dag.py:3834} INFO - Setting next_dagrun for example_subdag_operator.section-1 to None, run_after=None
[2025-11-10T20:39:45.409+0000] {logging_mixin.py:188} INFO - [2025-11-10T20:39:45.408+0000] {dag.py:3834} INFO - Setting next_dagrun for example_subdag_operator.section-2 to None, run_after=None
[2025-11-10T20:39:45.416+0000] {logging_mixin.py:188} INFO - [2025-11-10T20:39:45.416+0000] {dag.py:3047} INFO - Sync 2 DAGs
[2025-11-10T20:39:45.422+0000] {logging_mixin.py:188} INFO - [2025-11-10T20:39:45.422+0000] {dag.py:3834} INFO - Setting next_dagrun for example_subdag_operator.section-1 to None, run_after=None
[2025-11-10T20:39:45.423+0000] {logging_mixin.py:188} INFO - [2025-11-10T20:39:45.423+0000] {dag.py:3834} INFO - Setting next_dagrun for example_subdag_operator.section-2 to None, run_after=None
[2025-11-10T20:39:45.441+0000] {processor.py:183} INFO - Processing /home/airflow/.local/lib/python3.8/site-packages/airflow/example_dags/example_subdag_operator.py took 0.125 seconds
[2025-11-10T20:40:16.135+0000] {processor.py:161} INFO - Started process (PID=531) to work on /home/airflow/.local/lib/python3.8/site-packages/airflow/example_dags/example_subdag_operator.py
[2025-11-10T20:40:16.136+0000] {processor.py:830} INFO - Processing file /home/airflow/.local/lib/python3.8/site-packages/airflow/example_dags/example_subdag_operator.py for tasks to queue
[2025-11-10T20:40:16.139+0000] {logging_mixin.py:188} INFO - [2025-11-10T20:40:16.139+0000] {dagbag.py:540} INFO - Filling up the DagBag from /home/airflow/.local/lib/python3.8/site-packages/airflow/example_dags/example_subdag_operator.py
[2025-11-10T20:40:16.164+0000] {processor.py:840} INFO - DAG(s) 'example_subdag_operator.section-1', 'example_subdag_operator.section-2', 'example_subdag_operator' retrieved from /home/airflow/.local/lib/python3.8/site-packages/airflow/example_dags/example_subdag_operator.py
[2025-11-10T20:40:16.179+0000] {logging_mixin.py:188} INFO - [2025-11-10T20:40:16.179+0000] {dag.py:3047} INFO - Sync 3 DAGs
[2025-11-10T20:40:16.199+0000] {logging_mixin.py:188} INFO - [2025-11-10T20:40:16.199+0000] {dag.py:3834} INFO - Setting next_dagrun for example_subdag_operator to 2022-01-01 00:00:00+00:00, run_after=2022-01-01 00:00:00+00:00
[2025-11-10T20:40:16.203+0000] {logging_mixin.py:188} INFO - [2025-11-10T20:40:16.203+0000] {dag.py:3834} INFO - Setting next_dagrun for example_subdag_operator.section-1 to None, run_after=None
[2025-11-10T20:40:16.204+0000] {logging_mixin.py:188} INFO - [2025-11-10T20:40:16.204+0000] {dag.py:3834} INFO - Setting next_dagrun for example_subdag_operator.section-2 to None, run_after=None
[2025-11-10T20:40:16.211+0000] {logging_mixin.py:188} INFO - [2025-11-10T20:40:16.211+0000] {dag.py:3047} INFO - Sync 2 DAGs
[2025-11-10T20:40:16.216+0000] {logging_mixin.py:188} INFO - [2025-11-10T20:40:16.216+0000] {dag.py:3834} INFO - Setting next_dagrun for example_subdag_operator.section-1 to None, run_after=None
[2025-11-10T20:40:16.217+0000] {logging_mixin.py:188} INFO - [2025-11-10T20:40:16.216+0000] {dag.py:3834} INFO - Setting next_dagrun for example_subdag_operator.section-2 to None, run_after=None
[2025-11-10T20:40:16.226+0000] {processor.py:183} INFO - Processing /home/airflow/.local/lib/python3.8/site-packages/airflow/example_dags/example_subdag_operator.py took 0.096 seconds
[2025-11-10T20:40:46.615+0000] {processor.py:161} INFO - Started process (PID=586) to work on /home/airflow/.local/lib/python3.8/site-packages/airflow/example_dags/example_subdag_operator.py
[2025-11-10T20:40:46.617+0000] {processor.py:830} INFO - Processing file /home/airflow/.local/lib/python3.8/site-packages/airflow/example_dags/example_subdag_operator.py for tasks to queue
[2025-11-10T20:40:46.619+0000] {logging_mixin.py:188} INFO - [2025-11-10T20:40:46.619+0000] {dagbag.py:540} INFO - Filling up the DagBag from /home/airflow/.local/lib/python3.8/site-packages/airflow/example_dags/example_subdag_operator.py
[2025-11-10T20:40:46.647+0000] {processor.py:840} INFO - DAG(s) 'example_subdag_operator.section-1', 'example_subdag_operator.section-2', 'example_subdag_operator' retrieved from /home/airflow/.local/lib/python3.8/site-packages/airflow/example_dags/example_subdag_operator.py
[2025-11-10T20:40:46.665+0000] {logging_mixin.py:188} INFO - [2025-11-10T20:40:46.665+0000] {dag.py:3047} INFO - Sync 3 DAGs
[2025-11-10T20:40:46.686+0000] {logging_mixin.py:188} INFO - [2025-11-10T20:40:46.685+0000] {dag.py:3834} INFO - Setting next_dagrun for example_subdag_operator to 2022-01-01 00:00:00+00:00, run_after=2022-01-01 00:00:00+00:00
[2025-11-10T20:40:46.690+0000] {logging_mixin.py:188} INFO - [2025-11-10T20:40:46.689+0000] {dag.py:3834} INFO - Setting next_dagrun for example_subdag_operator.section-1 to None, run_after=None
[2025-11-10T20:40:46.692+0000] {logging_mixin.py:188} INFO - [2025-11-10T20:40:46.692+0000] {dag.py:3834} INFO - Setting next_dagrun for example_subdag_operator.section-2 to None, run_after=None
[2025-11-10T20:40:46.703+0000] {logging_mixin.py:188} INFO - [2025-11-10T20:40:46.702+0000] {dag.py:3047} INFO - Sync 2 DAGs
[2025-11-10T20:40:46.712+0000] {logging_mixin.py:188} INFO - [2025-11-10T20:40:46.711+0000] {dag.py:3834} INFO - Setting next_dagrun for example_subdag_operator.section-1 to None, run_after=None
[2025-11-10T20:40:46.713+0000] {logging_mixin.py:188} INFO - [2025-11-10T20:40:46.712+0000] {dag.py:3834} INFO - Setting next_dagrun for example_subdag_operator.section-2 to None, run_after=None
[2025-11-10T20:40:46.729+0000] {processor.py:183} INFO - Processing /home/airflow/.local/lib/python3.8/site-packages/airflow/example_dags/example_subdag_operator.py took 0.118 seconds
[2025-11-10T20:41:16.862+0000] {processor.py:161} INFO - Started process (PID=641) to work on /home/airflow/.local/lib/python3.8/site-packages/airflow/example_dags/example_subdag_operator.py
[2025-11-10T20:41:16.864+0000] {processor.py:830} INFO - Processing file /home/airflow/.local/lib/python3.8/site-packages/airflow/example_dags/example_subdag_operator.py for tasks to queue
[2025-11-10T20:41:16.866+0000] {logging_mixin.py:188} INFO - [2025-11-10T20:41:16.866+0000] {dagbag.py:540} INFO - Filling up the DagBag from /home/airflow/.local/lib/python3.8/site-packages/airflow/example_dags/example_subdag_operator.py
[2025-11-10T20:41:16.893+0000] {processor.py:840} INFO - DAG(s) 'example_subdag_operator.section-1', 'example_subdag_operator.section-2', 'example_subdag_operator' retrieved from /home/airflow/.local/lib/python3.8/site-packages/airflow/example_dags/example_subdag_operator.py
[2025-11-10T20:41:16.912+0000] {logging_mixin.py:188} INFO - [2025-11-10T20:41:16.912+0000] {dag.py:3047} INFO - Sync 3 DAGs
[2025-11-10T20:41:16.933+0000] {logging_mixin.py:188} INFO - [2025-11-10T20:41:16.933+0000] {dag.py:3834} INFO - Setting next_dagrun for example_subdag_operator to 2022-01-01 00:00:00+00:00, run_after=2022-01-01 00:00:00+00:00
[2025-11-10T20:41:16.937+0000] {logging_mixin.py:188} INFO - [2025-11-10T20:41:16.937+0000] {dag.py:3834} INFO - Setting next_dagrun for example_subdag_operator.section-1 to None, run_after=None
[2025-11-10T20:41:16.939+0000] {logging_mixin.py:188} INFO - [2025-11-10T20:41:16.939+0000] {dag.py:3834} INFO - Setting next_dagrun for example_subdag_operator.section-2 to None, run_after=None
[2025-11-10T20:41:16.949+0000] {logging_mixin.py:188} INFO - [2025-11-10T20:41:16.949+0000] {dag.py:3047} INFO - Sync 2 DAGs
[2025-11-10T20:41:16.958+0000] {logging_mixin.py:188} INFO - [2025-11-10T20:41:16.958+0000] {dag.py:3834} INFO - Setting next_dagrun for example_subdag_operator.section-1 to None, run_after=None
[2025-11-10T20:41:16.960+0000] {logging_mixin.py:188} INFO - [2025-11-10T20:41:16.960+0000] {dag.py:3834} INFO - Setting next_dagrun for example_subdag_operator.section-2 to None, run_after=None
[2025-11-10T20:41:16.978+0000] {processor.py:183} INFO - Processing /home/airflow/.local/lib/python3.8/site-packages/airflow/example_dags/example_subdag_operator.py took 0.119 seconds
[2025-11-10T20:41:47.211+0000] {processor.py:161} INFO - Started process (PID=695) to work on /home/airflow/.local/lib/python3.8/site-packages/airflow/example_dags/example_subdag_operator.py
[2025-11-10T20:41:47.213+0000] {processor.py:830} INFO - Processing file /home/airflow/.local/lib/python3.8/site-packages/airflow/example_dags/example_subdag_operator.py for tasks to queue
[2025-11-10T20:41:47.216+0000] {logging_mixin.py:188} INFO - [2025-11-10T20:41:47.216+0000] {dagbag.py:540} INFO - Filling up the DagBag from /home/airflow/.local/lib/python3.8/site-packages/airflow/example_dags/example_subdag_operator.py
[2025-11-10T20:41:47.241+0000] {processor.py:840} INFO - DAG(s) 'example_subdag_operator.section-1', 'example_subdag_operator.section-2', 'example_subdag_operator' retrieved from /home/airflow/.local/lib/python3.8/site-packages/airflow/example_dags/example_subdag_operator.py
[2025-11-10T20:41:47.259+0000] {logging_mixin.py:188} INFO - [2025-11-10T20:41:47.259+0000] {dag.py:3047} INFO - Sync 3 DAGs
[2025-11-10T20:41:47.279+0000] {logging_mixin.py:188} INFO - [2025-11-10T20:41:47.279+0000] {dag.py:3834} INFO - Setting next_dagrun for example_subdag_operator to 2022-01-01 00:00:00+00:00, run_after=2022-01-01 00:00:00+00:00
[2025-11-10T20:41:47.286+0000] {logging_mixin.py:188} INFO - [2025-11-10T20:41:47.286+0000] {dag.py:3834} INFO - Setting next_dagrun for example_subdag_operator.section-1 to None, run_after=None
[2025-11-10T20:41:47.289+0000] {logging_mixin.py:188} INFO - [2025-11-10T20:41:47.288+0000] {dag.py:3834} INFO - Setting next_dagrun for example_subdag_operator.section-2 to None, run_after=None
[2025-11-10T20:41:47.295+0000] {logging_mixin.py:188} INFO - [2025-11-10T20:41:47.295+0000] {dag.py:3047} INFO - Sync 2 DAGs
[2025-11-10T20:41:47.304+0000] {logging_mixin.py:188} INFO - [2025-11-10T20:41:47.304+0000] {dag.py:3834} INFO - Setting next_dagrun for example_subdag_operator.section-1 to None, run_after=None
[2025-11-10T20:41:47.309+0000] {logging_mixin.py:188} INFO - [2025-11-10T20:41:47.309+0000] {dag.py:3834} INFO - Setting next_dagrun for example_subdag_operator.section-2 to None, run_after=None
[2025-11-10T20:41:47.330+0000] {processor.py:183} INFO - Processing /home/airflow/.local/lib/python3.8/site-packages/airflow/example_dags/example_subdag_operator.py took 0.122 seconds
[2025-11-10T20:42:18.482+0000] {processor.py:161} INFO - Started process (PID=751) to work on /home/airflow/.local/lib/python3.8/site-packages/airflow/example_dags/example_subdag_operator.py
[2025-11-10T20:42:18.486+0000] {processor.py:830} INFO - Processing file /home/airflow/.local/lib/python3.8/site-packages/airflow/example_dags/example_subdag_operator.py for tasks to queue
[2025-11-10T20:42:18.494+0000] {logging_mixin.py:188} INFO - [2025-11-10T20:42:18.492+0000] {dagbag.py:540} INFO - Filling up the DagBag from /home/airflow/.local/lib/python3.8/site-packages/airflow/example_dags/example_subdag_operator.py
[2025-11-10T20:42:18.550+0000] {processor.py:840} INFO - DAG(s) 'example_subdag_operator.section-1', 'example_subdag_operator.section-2', 'example_subdag_operator' retrieved from /home/airflow/.local/lib/python3.8/site-packages/airflow/example_dags/example_subdag_operator.py
[2025-11-10T20:42:18.567+0000] {logging_mixin.py:188} INFO - [2025-11-10T20:42:18.567+0000] {dag.py:3047} INFO - Sync 3 DAGs
[2025-11-10T20:42:18.590+0000] {logging_mixin.py:188} INFO - [2025-11-10T20:42:18.590+0000] {dag.py:3834} INFO - Setting next_dagrun for example_subdag_operator to 2022-01-01 00:00:00+00:00, run_after=2022-01-01 00:00:00+00:00
[2025-11-10T20:42:18.595+0000] {logging_mixin.py:188} INFO - [2025-11-10T20:42:18.595+0000] {dag.py:3834} INFO - Setting next_dagrun for example_subdag_operator.section-1 to None, run_after=None
[2025-11-10T20:42:18.597+0000] {logging_mixin.py:188} INFO - [2025-11-10T20:42:18.597+0000] {dag.py:3834} INFO - Setting next_dagrun for example_subdag_operator.section-2 to None, run_after=None
[2025-11-10T20:42:18.605+0000] {logging_mixin.py:188} INFO - [2025-11-10T20:42:18.604+0000] {dag.py:3047} INFO - Sync 2 DAGs
[2025-11-10T20:42:18.610+0000] {logging_mixin.py:188} INFO - [2025-11-10T20:42:18.609+0000] {dag.py:3834} INFO - Setting next_dagrun for example_subdag_operator.section-1 to None, run_after=None
[2025-11-10T20:42:18.610+0000] {logging_mixin.py:188} INFO - [2025-11-10T20:42:18.610+0000] {dag.py:3834} INFO - Setting next_dagrun for example_subdag_operator.section-2 to None, run_after=None
[2025-11-10T20:42:18.623+0000] {processor.py:183} INFO - Processing /home/airflow/.local/lib/python3.8/site-packages/airflow/example_dags/example_subdag_operator.py took 0.151 seconds
[2025-11-10T20:42:48.920+0000] {processor.py:161} INFO - Started process (PID=806) to work on /home/airflow/.local/lib/python3.8/site-packages/airflow/example_dags/example_subdag_operator.py
[2025-11-10T20:42:48.921+0000] {processor.py:830} INFO - Processing file /home/airflow/.local/lib/python3.8/site-packages/airflow/example_dags/example_subdag_operator.py for tasks to queue
[2025-11-10T20:42:48.924+0000] {logging_mixin.py:188} INFO - [2025-11-10T20:42:48.924+0000] {dagbag.py:540} INFO - Filling up the DagBag from /home/airflow/.local/lib/python3.8/site-packages/airflow/example_dags/example_subdag_operator.py
[2025-11-10T20:42:48.950+0000] {processor.py:840} INFO - DAG(s) 'example_subdag_operator.section-1', 'example_subdag_operator.section-2', 'example_subdag_operator' retrieved from /home/airflow/.local/lib/python3.8/site-packages/airflow/example_dags/example_subdag_operator.py
[2025-11-10T20:42:48.965+0000] {logging_mixin.py:188} INFO - [2025-11-10T20:42:48.965+0000] {dag.py:3047} INFO - Sync 3 DAGs
[2025-11-10T20:42:48.984+0000] {logging_mixin.py:188} INFO - [2025-11-10T20:42:48.984+0000] {dag.py:3834} INFO - Setting next_dagrun for example_subdag_operator to 2022-01-01 00:00:00+00:00, run_after=2022-01-01 00:00:00+00:00
[2025-11-10T20:42:48.988+0000] {logging_mixin.py:188} INFO - [2025-11-10T20:42:48.988+0000] {dag.py:3834} INFO - Setting next_dagrun for example_subdag_operator.section-1 to None, run_after=None
[2025-11-10T20:42:48.990+0000] {logging_mixin.py:188} INFO - [2025-11-10T20:42:48.990+0000] {dag.py:3834} INFO - Setting next_dagrun for example_subdag_operator.section-2 to None, run_after=None
[2025-11-10T20:42:48.997+0000] {logging_mixin.py:188} INFO - [2025-11-10T20:42:48.997+0000] {dag.py:3047} INFO - Sync 2 DAGs
[2025-11-10T20:42:49.013+0000] {logging_mixin.py:188} INFO - [2025-11-10T20:42:49.013+0000] {dag.py:3834} INFO - Setting next_dagrun for example_subdag_operator.section-1 to None, run_after=None
[2025-11-10T20:42:49.014+0000] {logging_mixin.py:188} INFO - [2025-11-10T20:42:49.013+0000] {dag.py:3834} INFO - Setting next_dagrun for example_subdag_operator.section-2 to None, run_after=None
[2025-11-10T20:42:49.024+0000] {processor.py:183} INFO - Processing /home/airflow/.local/lib/python3.8/site-packages/airflow/example_dags/example_subdag_operator.py took 0.111 seconds
[2025-11-10T20:43:19.233+0000] {processor.py:161} INFO - Started process (PID=861) to work on /home/airflow/.local/lib/python3.8/site-packages/airflow/example_dags/example_subdag_operator.py
[2025-11-10T20:43:19.237+0000] {processor.py:830} INFO - Processing file /home/airflow/.local/lib/python3.8/site-packages/airflow/example_dags/example_subdag_operator.py for tasks to queue
[2025-11-10T20:43:19.241+0000] {logging_mixin.py:188} INFO - [2025-11-10T20:43:19.241+0000] {dagbag.py:540} INFO - Filling up the DagBag from /home/airflow/.local/lib/python3.8/site-packages/airflow/example_dags/example_subdag_operator.py
[2025-11-10T20:43:19.279+0000] {processor.py:840} INFO - DAG(s) 'example_subdag_operator.section-1', 'example_subdag_operator.section-2', 'example_subdag_operator' retrieved from /home/airflow/.local/lib/python3.8/site-packages/airflow/example_dags/example_subdag_operator.py
[2025-11-10T20:43:19.295+0000] {logging_mixin.py:188} INFO - [2025-11-10T20:43:19.295+0000] {dag.py:3047} INFO - Sync 3 DAGs
[2025-11-10T20:43:19.315+0000] {logging_mixin.py:188} INFO - [2025-11-10T20:43:19.315+0000] {dag.py:3834} INFO - Setting next_dagrun for example_subdag_operator to 2022-01-01 00:00:00+00:00, run_after=2022-01-01 00:00:00+00:00
[2025-11-10T20:43:19.320+0000] {logging_mixin.py:188} INFO - [2025-11-10T20:43:19.320+0000] {dag.py:3834} INFO - Setting next_dagrun for example_subdag_operator.section-1 to None, run_after=None
[2025-11-10T20:43:19.322+0000] {logging_mixin.py:188} INFO - [2025-11-10T20:43:19.322+0000] {dag.py:3834} INFO - Setting next_dagrun for example_subdag_operator.section-2 to None, run_after=None
[2025-11-10T20:43:19.329+0000] {logging_mixin.py:188} INFO - [2025-11-10T20:43:19.329+0000] {dag.py:3047} INFO - Sync 2 DAGs
[2025-11-10T20:43:19.334+0000] {logging_mixin.py:188} INFO - [2025-11-10T20:43:19.334+0000] {dag.py:3834} INFO - Setting next_dagrun for example_subdag_operator.section-1 to None, run_after=None
[2025-11-10T20:43:19.335+0000] {logging_mixin.py:188} INFO - [2025-11-10T20:43:19.335+0000] {dag.py:3834} INFO - Setting next_dagrun for example_subdag_operator.section-2 to None, run_after=None
[2025-11-10T20:43:19.346+0000] {processor.py:183} INFO - Processing /home/airflow/.local/lib/python3.8/site-packages/airflow/example_dags/example_subdag_operator.py took 0.122 seconds
[2025-11-10T20:43:49.627+0000] {processor.py:161} INFO - Started process (PID=915) to work on /home/airflow/.local/lib/python3.8/site-packages/airflow/example_dags/example_subdag_operator.py
[2025-11-10T20:43:49.629+0000] {processor.py:830} INFO - Processing file /home/airflow/.local/lib/python3.8/site-packages/airflow/example_dags/example_subdag_operator.py for tasks to queue
[2025-11-10T20:43:49.631+0000] {logging_mixin.py:188} INFO - [2025-11-10T20:43:49.631+0000] {dagbag.py:540} INFO - Filling up the DagBag from /home/airflow/.local/lib/python3.8/site-packages/airflow/example_dags/example_subdag_operator.py
[2025-11-10T20:43:49.654+0000] {processor.py:840} INFO - DAG(s) 'example_subdag_operator.section-1', 'example_subdag_operator.section-2', 'example_subdag_operator' retrieved from /home/airflow/.local/lib/python3.8/site-packages/airflow/example_dags/example_subdag_operator.py
[2025-11-10T20:43:49.669+0000] {logging_mixin.py:188} INFO - [2025-11-10T20:43:49.669+0000] {dag.py:3047} INFO - Sync 3 DAGs
[2025-11-10T20:43:49.689+0000] {logging_mixin.py:188} INFO - [2025-11-10T20:43:49.688+0000] {dag.py:3834} INFO - Setting next_dagrun for example_subdag_operator to 2022-01-01 00:00:00+00:00, run_after=2022-01-01 00:00:00+00:00
[2025-11-10T20:43:49.692+0000] {logging_mixin.py:188} INFO - [2025-11-10T20:43:49.692+0000] {dag.py:3834} INFO - Setting next_dagrun for example_subdag_operator.section-1 to None, run_after=None
[2025-11-10T20:43:49.694+0000] {logging_mixin.py:188} INFO - [2025-11-10T20:43:49.693+0000] {dag.py:3834} INFO - Setting next_dagrun for example_subdag_operator.section-2 to None, run_after=None
[2025-11-10T20:43:49.700+0000] {logging_mixin.py:188} INFO - [2025-11-10T20:43:49.700+0000] {dag.py:3047} INFO - Sync 2 DAGs
[2025-11-10T20:43:49.705+0000] {logging_mixin.py:188} INFO - [2025-11-10T20:43:49.705+0000] {dag.py:3834} INFO - Setting next_dagrun for example_subdag_operator.section-1 to None, run_after=None
[2025-11-10T20:43:49.707+0000] {logging_mixin.py:188} INFO - [2025-11-10T20:43:49.707+0000] {dag.py:3834} INFO - Setting next_dagrun for example_subdag_operator.section-2 to None, run_after=None
[2025-11-10T20:43:49.718+0000] {processor.py:183} INFO - Processing /home/airflow/.local/lib/python3.8/site-packages/airflow/example_dags/example_subdag_operator.py took 0.097 seconds
[2025-11-10T20:44:20.530+0000] {processor.py:161} INFO - Started process (PID=970) to work on /home/airflow/.local/lib/python3.8/site-packages/airflow/example_dags/example_subdag_operator.py
[2025-11-10T20:44:20.531+0000] {processor.py:830} INFO - Processing file /home/airflow/.local/lib/python3.8/site-packages/airflow/example_dags/example_subdag_operator.py for tasks to queue
[2025-11-10T20:44:20.533+0000] {logging_mixin.py:188} INFO - [2025-11-10T20:44:20.533+0000] {dagbag.py:540} INFO - Filling up the DagBag from /home/airflow/.local/lib/python3.8/site-packages/airflow/example_dags/example_subdag_operator.py
[2025-11-10T20:44:20.554+0000] {processor.py:840} INFO - DAG(s) 'example_subdag_operator.section-1', 'example_subdag_operator.section-2', 'example_subdag_operator' retrieved from /home/airflow/.local/lib/python3.8/site-packages/airflow/example_dags/example_subdag_operator.py
[2025-11-10T20:44:20.569+0000] {logging_mixin.py:188} INFO - [2025-11-10T20:44:20.568+0000] {dag.py:3047} INFO - Sync 3 DAGs
[2025-11-10T20:44:20.588+0000] {logging_mixin.py:188} INFO - [2025-11-10T20:44:20.588+0000] {dag.py:3834} INFO - Setting next_dagrun for example_subdag_operator to 2022-01-01 00:00:00+00:00, run_after=2022-01-01 00:00:00+00:00
[2025-11-10T20:44:20.591+0000] {logging_mixin.py:188} INFO - [2025-11-10T20:44:20.591+0000] {dag.py:3834} INFO - Setting next_dagrun for example_subdag_operator.section-1 to None, run_after=None
[2025-11-10T20:44:20.593+0000] {logging_mixin.py:188} INFO - [2025-11-10T20:44:20.593+0000] {dag.py:3834} INFO - Setting next_dagrun for example_subdag_operator.section-2 to None, run_after=None
[2025-11-10T20:44:20.599+0000] {logging_mixin.py:188} INFO - [2025-11-10T20:44:20.599+0000] {dag.py:3047} INFO - Sync 2 DAGs
[2025-11-10T20:44:20.604+0000] {logging_mixin.py:188} INFO - [2025-11-10T20:44:20.604+0000] {dag.py:3834} INFO - Setting next_dagrun for example_subdag_operator.section-1 to None, run_after=None
[2025-11-10T20:44:20.604+0000] {logging_mixin.py:188} INFO - [2025-11-10T20:44:20.604+0000] {dag.py:3834} INFO - Setting next_dagrun for example_subdag_operator.section-2 to None, run_after=None
[2025-11-10T20:44:20.615+0000] {processor.py:183} INFO - Processing /home/airflow/.local/lib/python3.8/site-packages/airflow/example_dags/example_subdag_operator.py took 0.089 seconds
[2025-11-10T20:44:51.025+0000] {processor.py:161} INFO - Started process (PID=1025) to work on /home/airflow/.local/lib/python3.8/site-packages/airflow/example_dags/example_subdag_operator.py
[2025-11-10T20:44:51.026+0000] {processor.py:830} INFO - Processing file /home/airflow/.local/lib/python3.8/site-packages/airflow/example_dags/example_subdag_operator.py for tasks to queue
[2025-11-10T20:44:51.028+0000] {logging_mixin.py:188} INFO - [2025-11-10T20:44:51.027+0000] {dagbag.py:540} INFO - Filling up the DagBag from /home/airflow/.local/lib/python3.8/site-packages/airflow/example_dags/example_subdag_operator.py
[2025-11-10T20:44:51.050+0000] {processor.py:840} INFO - DAG(s) 'example_subdag_operator.section-1', 'example_subdag_operator.section-2', 'example_subdag_operator' retrieved from /home/airflow/.local/lib/python3.8/site-packages/airflow/example_dags/example_subdag_operator.py
[2025-11-10T20:44:51.065+0000] {logging_mixin.py:188} INFO - [2025-11-10T20:44:51.064+0000] {dag.py:3047} INFO - Sync 3 DAGs
[2025-11-10T20:44:51.084+0000] {logging_mixin.py:188} INFO - [2025-11-10T20:44:51.084+0000] {dag.py:3834} INFO - Setting next_dagrun for example_subdag_operator to 2022-01-01 00:00:00+00:00, run_after=2022-01-01 00:00:00+00:00
[2025-11-10T20:44:51.088+0000] {logging_mixin.py:188} INFO - [2025-11-10T20:44:51.088+0000] {dag.py:3834} INFO - Setting next_dagrun for example_subdag_operator.section-1 to None, run_after=None
[2025-11-10T20:44:51.089+0000] {logging_mixin.py:188} INFO - [2025-11-10T20:44:51.089+0000] {dag.py:3834} INFO - Setting next_dagrun for example_subdag_operator.section-2 to None, run_after=None
[2025-11-10T20:44:51.096+0000] {logging_mixin.py:188} INFO - [2025-11-10T20:44:51.096+0000] {dag.py:3047} INFO - Sync 2 DAGs
[2025-11-10T20:44:51.102+0000] {logging_mixin.py:188} INFO - [2025-11-10T20:44:51.101+0000] {dag.py:3834} INFO - Setting next_dagrun for example_subdag_operator.section-1 to None, run_after=None
[2025-11-10T20:44:51.102+0000] {logging_mixin.py:188} INFO - [2025-11-10T20:44:51.102+0000] {dag.py:3834} INFO - Setting next_dagrun for example_subdag_operator.section-2 to None, run_after=None
[2025-11-10T20:44:51.113+0000] {processor.py:183} INFO - Processing /home/airflow/.local/lib/python3.8/site-packages/airflow/example_dags/example_subdag_operator.py took 0.091 seconds
[2025-11-10T20:45:21.446+0000] {processor.py:161} INFO - Started process (PID=1080) to work on /home/airflow/.local/lib/python3.8/site-packages/airflow/example_dags/example_subdag_operator.py
[2025-11-10T20:45:21.447+0000] {processor.py:830} INFO - Processing file /home/airflow/.local/lib/python3.8/site-packages/airflow/example_dags/example_subdag_operator.py for tasks to queue
[2025-11-10T20:45:21.450+0000] {logging_mixin.py:188} INFO - [2025-11-10T20:45:21.449+0000] {dagbag.py:540} INFO - Filling up the DagBag from /home/airflow/.local/lib/python3.8/site-packages/airflow/example_dags/example_subdag_operator.py
[2025-11-10T20:45:21.478+0000] {processor.py:840} INFO - DAG(s) 'example_subdag_operator.section-1', 'example_subdag_operator.section-2', 'example_subdag_operator' retrieved from /home/airflow/.local/lib/python3.8/site-packages/airflow/example_dags/example_subdag_operator.py
[2025-11-10T20:45:21.497+0000] {logging_mixin.py:188} INFO - [2025-11-10T20:45:21.497+0000] {dag.py:3047} INFO - Sync 3 DAGs
[2025-11-10T20:45:21.521+0000] {logging_mixin.py:188} INFO - [2025-11-10T20:45:21.521+0000] {dag.py:3834} INFO - Setting next_dagrun for example_subdag_operator to 2022-01-01 00:00:00+00:00, run_after=2022-01-01 00:00:00+00:00
[2025-11-10T20:45:21.525+0000] {logging_mixin.py:188} INFO - [2025-11-10T20:45:21.525+0000] {dag.py:3834} INFO - Setting next_dagrun for example_subdag_operator.section-1 to None, run_after=None
[2025-11-10T20:45:21.527+0000] {logging_mixin.py:188} INFO - [2025-11-10T20:45:21.527+0000] {dag.py:3834} INFO - Setting next_dagrun for example_subdag_operator.section-2 to None, run_after=None
[2025-11-10T20:45:21.536+0000] {logging_mixin.py:188} INFO - [2025-11-10T20:45:21.535+0000] {dag.py:3047} INFO - Sync 2 DAGs
[2025-11-10T20:45:21.542+0000] {logging_mixin.py:188} INFO - [2025-11-10T20:45:21.541+0000] {dag.py:3834} INFO - Setting next_dagrun for example_subdag_operator.section-1 to None, run_after=None
[2025-11-10T20:45:21.542+0000] {logging_mixin.py:188} INFO - [2025-11-10T20:45:21.542+0000] {dag.py:3834} INFO - Setting next_dagrun for example_subdag_operator.section-2 to None, run_after=None
[2025-11-10T20:45:21.555+0000] {processor.py:183} INFO - Processing /home/airflow/.local/lib/python3.8/site-packages/airflow/example_dags/example_subdag_operator.py took 0.113 seconds
[2025-11-10T20:45:51.686+0000] {processor.py:161} INFO - Started process (PID=1135) to work on /home/airflow/.local/lib/python3.8/site-packages/airflow/example_dags/example_subdag_operator.py
[2025-11-10T20:45:51.688+0000] {processor.py:830} INFO - Processing file /home/airflow/.local/lib/python3.8/site-packages/airflow/example_dags/example_subdag_operator.py for tasks to queue
[2025-11-10T20:45:51.693+0000] {logging_mixin.py:188} INFO - [2025-11-10T20:45:51.692+0000] {dagbag.py:540} INFO - Filling up the DagBag from /home/airflow/.local/lib/python3.8/site-packages/airflow/example_dags/example_subdag_operator.py
[2025-11-10T20:45:51.724+0000] {processor.py:840} INFO - DAG(s) 'example_subdag_operator.section-1', 'example_subdag_operator.section-2', 'example_subdag_operator' retrieved from /home/airflow/.local/lib/python3.8/site-packages/airflow/example_dags/example_subdag_operator.py
[2025-11-10T20:45:51.741+0000] {logging_mixin.py:188} INFO - [2025-11-10T20:45:51.741+0000] {dag.py:3047} INFO - Sync 3 DAGs
[2025-11-10T20:45:51.764+0000] {logging_mixin.py:188} INFO - [2025-11-10T20:45:51.764+0000] {dag.py:3834} INFO - Setting next_dagrun for example_subdag_operator to 2022-01-01 00:00:00+00:00, run_after=2022-01-01 00:00:00+00:00
[2025-11-10T20:45:51.768+0000] {logging_mixin.py:188} INFO - [2025-11-10T20:45:51.768+0000] {dag.py:3834} INFO - Setting next_dagrun for example_subdag_operator.section-1 to None, run_after=None
[2025-11-10T20:45:51.770+0000] {logging_mixin.py:188} INFO - [2025-11-10T20:45:51.769+0000] {dag.py:3834} INFO - Setting next_dagrun for example_subdag_operator.section-2 to None, run_after=None
[2025-11-10T20:45:51.777+0000] {logging_mixin.py:188} INFO - [2025-11-10T20:45:51.777+0000] {dag.py:3047} INFO - Sync 2 DAGs
[2025-11-10T20:45:51.783+0000] {logging_mixin.py:188} INFO - [2025-11-10T20:45:51.782+0000] {dag.py:3834} INFO - Setting next_dagrun for example_subdag_operator.section-1 to None, run_after=None
[2025-11-10T20:45:51.783+0000] {logging_mixin.py:188} INFO - [2025-11-10T20:45:51.783+0000] {dag.py:3834} INFO - Setting next_dagrun for example_subdag_operator.section-2 to None, run_after=None
[2025-11-10T20:45:51.798+0000] {processor.py:183} INFO - Processing /home/airflow/.local/lib/python3.8/site-packages/airflow/example_dags/example_subdag_operator.py took 0.121 seconds
[2025-11-10T20:46:21.863+0000] {processor.py:161} INFO - Started process (PID=1189) to work on /home/airflow/.local/lib/python3.8/site-packages/airflow/example_dags/example_subdag_operator.py
[2025-11-10T20:46:21.865+0000] {processor.py:830} INFO - Processing file /home/airflow/.local/lib/python3.8/site-packages/airflow/example_dags/example_subdag_operator.py for tasks to queue
[2025-11-10T20:46:21.869+0000] {logging_mixin.py:188} INFO - [2025-11-10T20:46:21.868+0000] {dagbag.py:540} INFO - Filling up the DagBag from /home/airflow/.local/lib/python3.8/site-packages/airflow/example_dags/example_subdag_operator.py
[2025-11-10T20:46:21.903+0000] {processor.py:840} INFO - DAG(s) 'example_subdag_operator.section-1', 'example_subdag_operator.section-2', 'example_subdag_operator' retrieved from /home/airflow/.local/lib/python3.8/site-packages/airflow/example_dags/example_subdag_operator.py
[2025-11-10T20:46:21.926+0000] {logging_mixin.py:188} INFO - [2025-11-10T20:46:21.925+0000] {dag.py:3047} INFO - Sync 3 DAGs
[2025-11-10T20:46:21.947+0000] {logging_mixin.py:188} INFO - [2025-11-10T20:46:21.946+0000] {dag.py:3834} INFO - Setting next_dagrun for example_subdag_operator to 2022-01-01 00:00:00+00:00, run_after=2022-01-01 00:00:00+00:00
[2025-11-10T20:46:21.952+0000] {logging_mixin.py:188} INFO - [2025-11-10T20:46:21.951+0000] {dag.py:3834} INFO - Setting next_dagrun for example_subdag_operator.section-1 to None, run_after=None
[2025-11-10T20:46:21.954+0000] {logging_mixin.py:188} INFO - [2025-11-10T20:46:21.954+0000] {dag.py:3834} INFO - Setting next_dagrun for example_subdag_operator.section-2 to None, run_after=None
[2025-11-10T20:46:21.963+0000] {logging_mixin.py:188} INFO - [2025-11-10T20:46:21.963+0000] {dag.py:3047} INFO - Sync 2 DAGs
[2025-11-10T20:46:21.969+0000] {logging_mixin.py:188} INFO - [2025-11-10T20:46:21.969+0000] {dag.py:3834} INFO - Setting next_dagrun for example_subdag_operator.section-1 to None, run_after=None
[2025-11-10T20:46:21.970+0000] {logging_mixin.py:188} INFO - [2025-11-10T20:46:21.970+0000] {dag.py:3834} INFO - Setting next_dagrun for example_subdag_operator.section-2 to None, run_after=None
[2025-11-10T20:46:21.986+0000] {processor.py:183} INFO - Processing /home/airflow/.local/lib/python3.8/site-packages/airflow/example_dags/example_subdag_operator.py took 0.126 seconds
[2025-11-10T20:46:52.102+0000] {processor.py:161} INFO - Started process (PID=1245) to work on /home/airflow/.local/lib/python3.8/site-packages/airflow/example_dags/example_subdag_operator.py
[2025-11-10T20:46:52.104+0000] {processor.py:830} INFO - Processing file /home/airflow/.local/lib/python3.8/site-packages/airflow/example_dags/example_subdag_operator.py for tasks to queue
[2025-11-10T20:46:52.107+0000] {logging_mixin.py:188} INFO - [2025-11-10T20:46:52.107+0000] {dagbag.py:540} INFO - Filling up the DagBag from /home/airflow/.local/lib/python3.8/site-packages/airflow/example_dags/example_subdag_operator.py
[2025-11-10T20:46:52.134+0000] {processor.py:840} INFO - DAG(s) 'example_subdag_operator.section-1', 'example_subdag_operator.section-2', 'example_subdag_operator' retrieved from /home/airflow/.local/lib/python3.8/site-packages/airflow/example_dags/example_subdag_operator.py
[2025-11-10T20:46:52.150+0000] {logging_mixin.py:188} INFO - [2025-11-10T20:46:52.149+0000] {dag.py:3047} INFO - Sync 3 DAGs
[2025-11-10T20:46:52.170+0000] {logging_mixin.py:188} INFO - [2025-11-10T20:46:52.170+0000] {dag.py:3834} INFO - Setting next_dagrun for example_subdag_operator to 2022-01-01 00:00:00+00:00, run_after=2022-01-01 00:00:00+00:00
[2025-11-10T20:46:52.175+0000] {logging_mixin.py:188} INFO - [2025-11-10T20:46:52.174+0000] {dag.py:3834} INFO - Setting next_dagrun for example_subdag_operator.section-1 to None, run_after=None
[2025-11-10T20:46:52.177+0000] {logging_mixin.py:188} INFO - [2025-11-10T20:46:52.176+0000] {dag.py:3834} INFO - Setting next_dagrun for example_subdag_operator.section-2 to None, run_after=None
[2025-11-10T20:46:52.184+0000] {logging_mixin.py:188} INFO - [2025-11-10T20:46:52.184+0000] {dag.py:3047} INFO - Sync 2 DAGs
[2025-11-10T20:46:52.189+0000] {logging_mixin.py:188} INFO - [2025-11-10T20:46:52.189+0000] {dag.py:3834} INFO - Setting next_dagrun for example_subdag_operator.section-1 to None, run_after=None
[2025-11-10T20:46:52.190+0000] {logging_mixin.py:188} INFO - [2025-11-10T20:46:52.190+0000] {dag.py:3834} INFO - Setting next_dagrun for example_subdag_operator.section-2 to None, run_after=None
[2025-11-10T20:46:52.201+0000] {processor.py:183} INFO - Processing /home/airflow/.local/lib/python3.8/site-packages/airflow/example_dags/example_subdag_operator.py took 0.105 seconds
[2025-11-10T20:47:22.614+0000] {processor.py:161} INFO - Started process (PID=1300) to work on /home/airflow/.local/lib/python3.8/site-packages/airflow/example_dags/example_subdag_operator.py
[2025-11-10T20:47:22.619+0000] {processor.py:830} INFO - Processing file /home/airflow/.local/lib/python3.8/site-packages/airflow/example_dags/example_subdag_operator.py for tasks to queue
[2025-11-10T20:47:22.622+0000] {logging_mixin.py:188} INFO - [2025-11-10T20:47:22.621+0000] {dagbag.py:540} INFO - Filling up the DagBag from /home/airflow/.local/lib/python3.8/site-packages/airflow/example_dags/example_subdag_operator.py
[2025-11-10T20:47:22.644+0000] {processor.py:840} INFO - DAG(s) 'example_subdag_operator.section-1', 'example_subdag_operator.section-2', 'example_subdag_operator' retrieved from /home/airflow/.local/lib/python3.8/site-packages/airflow/example_dags/example_subdag_operator.py
[2025-11-10T20:47:22.660+0000] {logging_mixin.py:188} INFO - [2025-11-10T20:47:22.659+0000] {dag.py:3047} INFO - Sync 3 DAGs
[2025-11-10T20:47:22.680+0000] {logging_mixin.py:188} INFO - [2025-11-10T20:47:22.679+0000] {dag.py:3834} INFO - Setting next_dagrun for example_subdag_operator to 2022-01-01 00:00:00+00:00, run_after=2022-01-01 00:00:00+00:00
[2025-11-10T20:47:22.683+0000] {logging_mixin.py:188} INFO - [2025-11-10T20:47:22.683+0000] {dag.py:3834} INFO - Setting next_dagrun for example_subdag_operator.section-1 to None, run_after=None
[2025-11-10T20:47:22.699+0000] {logging_mixin.py:188} INFO - [2025-11-10T20:47:22.699+0000] {dag.py:3834} INFO - Setting next_dagrun for example_subdag_operator.section-2 to None, run_after=None
[2025-11-10T20:47:22.722+0000] {logging_mixin.py:188} INFO - [2025-11-10T20:47:22.722+0000] {dag.py:3047} INFO - Sync 2 DAGs
[2025-11-10T20:47:22.729+0000] {logging_mixin.py:188} INFO - [2025-11-10T20:47:22.729+0000] {dag.py:3834} INFO - Setting next_dagrun for example_subdag_operator.section-1 to None, run_after=None
[2025-11-10T20:47:22.730+0000] {logging_mixin.py:188} INFO - [2025-11-10T20:47:22.730+0000] {dag.py:3834} INFO - Setting next_dagrun for example_subdag_operator.section-2 to None, run_after=None
[2025-11-10T20:47:22.744+0000] {processor.py:183} INFO - Processing /home/airflow/.local/lib/python3.8/site-packages/airflow/example_dags/example_subdag_operator.py took 0.134 seconds
[2025-11-10T20:47:52.953+0000] {processor.py:161} INFO - Started process (PID=1355) to work on /home/airflow/.local/lib/python3.8/site-packages/airflow/example_dags/example_subdag_operator.py
[2025-11-10T20:47:52.955+0000] {processor.py:830} INFO - Processing file /home/airflow/.local/lib/python3.8/site-packages/airflow/example_dags/example_subdag_operator.py for tasks to queue
[2025-11-10T20:47:52.959+0000] {logging_mixin.py:188} INFO - [2025-11-10T20:47:52.958+0000] {dagbag.py:540} INFO - Filling up the DagBag from /home/airflow/.local/lib/python3.8/site-packages/airflow/example_dags/example_subdag_operator.py
[2025-11-10T20:47:52.986+0000] {processor.py:840} INFO - DAG(s) 'example_subdag_operator.section-1', 'example_subdag_operator.section-2', 'example_subdag_operator' retrieved from /home/airflow/.local/lib/python3.8/site-packages/airflow/example_dags/example_subdag_operator.py
[2025-11-10T20:47:53.000+0000] {logging_mixin.py:188} INFO - [2025-11-10T20:47:53.000+0000] {dag.py:3047} INFO - Sync 3 DAGs
[2025-11-10T20:47:53.019+0000] {logging_mixin.py:188} INFO - [2025-11-10T20:47:53.019+0000] {dag.py:3834} INFO - Setting next_dagrun for example_subdag_operator to 2022-01-01 00:00:00+00:00, run_after=2022-01-01 00:00:00+00:00
[2025-11-10T20:47:53.023+0000] {logging_mixin.py:188} INFO - [2025-11-10T20:47:53.023+0000] {dag.py:3834} INFO - Setting next_dagrun for example_subdag_operator.section-1 to None, run_after=None
[2025-11-10T20:47:53.026+0000] {logging_mixin.py:188} INFO - [2025-11-10T20:47:53.025+0000] {dag.py:3834} INFO - Setting next_dagrun for example_subdag_operator.section-2 to None, run_after=None
[2025-11-10T20:47:53.041+0000] {logging_mixin.py:188} INFO - [2025-11-10T20:47:53.040+0000] {dag.py:3047} INFO - Sync 2 DAGs
[2025-11-10T20:47:53.055+0000] {logging_mixin.py:188} INFO - [2025-11-10T20:47:53.054+0000] {dag.py:3834} INFO - Setting next_dagrun for example_subdag_operator.section-1 to None, run_after=None
[2025-11-10T20:47:53.057+0000] {logging_mixin.py:188} INFO - [2025-11-10T20:47:53.056+0000] {dag.py:3834} INFO - Setting next_dagrun for example_subdag_operator.section-2 to None, run_after=None
[2025-11-10T20:47:53.092+0000] {processor.py:183} INFO - Processing /home/airflow/.local/lib/python3.8/site-packages/airflow/example_dags/example_subdag_operator.py took 0.144 seconds
[2025-11-10T20:48:23.402+0000] {processor.py:161} INFO - Started process (PID=1410) to work on /home/airflow/.local/lib/python3.8/site-packages/airflow/example_dags/example_subdag_operator.py
[2025-11-10T20:48:23.406+0000] {processor.py:830} INFO - Processing file /home/airflow/.local/lib/python3.8/site-packages/airflow/example_dags/example_subdag_operator.py for tasks to queue
[2025-11-10T20:48:23.410+0000] {logging_mixin.py:188} INFO - [2025-11-10T20:48:23.409+0000] {dagbag.py:540} INFO - Filling up the DagBag from /home/airflow/.local/lib/python3.8/site-packages/airflow/example_dags/example_subdag_operator.py
[2025-11-10T20:48:23.442+0000] {processor.py:840} INFO - DAG(s) 'example_subdag_operator.section-1', 'example_subdag_operator.section-2', 'example_subdag_operator' retrieved from /home/airflow/.local/lib/python3.8/site-packages/airflow/example_dags/example_subdag_operator.py
[2025-11-10T20:48:23.459+0000] {logging_mixin.py:188} INFO - [2025-11-10T20:48:23.458+0000] {dag.py:3047} INFO - Sync 3 DAGs
[2025-11-10T20:48:23.478+0000] {logging_mixin.py:188} INFO - [2025-11-10T20:48:23.478+0000] {dag.py:3834} INFO - Setting next_dagrun for example_subdag_operator to 2022-01-01 00:00:00+00:00, run_after=2022-01-01 00:00:00+00:00
[2025-11-10T20:48:23.482+0000] {logging_mixin.py:188} INFO - [2025-11-10T20:48:23.482+0000] {dag.py:3834} INFO - Setting next_dagrun for example_subdag_operator.section-1 to None, run_after=None
[2025-11-10T20:48:23.484+0000] {logging_mixin.py:188} INFO - [2025-11-10T20:48:23.483+0000] {dag.py:3834} INFO - Setting next_dagrun for example_subdag_operator.section-2 to None, run_after=None
[2025-11-10T20:48:23.491+0000] {logging_mixin.py:188} INFO - [2025-11-10T20:48:23.491+0000] {dag.py:3047} INFO - Sync 2 DAGs
[2025-11-10T20:48:23.497+0000] {logging_mixin.py:188} INFO - [2025-11-10T20:48:23.496+0000] {dag.py:3834} INFO - Setting next_dagrun for example_subdag_operator.section-1 to None, run_after=None
[2025-11-10T20:48:23.498+0000] {logging_mixin.py:188} INFO - [2025-11-10T20:48:23.498+0000] {dag.py:3834} INFO - Setting next_dagrun for example_subdag_operator.section-2 to None, run_after=None
[2025-11-10T20:48:23.511+0000] {processor.py:183} INFO - Processing /home/airflow/.local/lib/python3.8/site-packages/airflow/example_dags/example_subdag_operator.py took 0.116 seconds
[2025-11-10T20:48:53.604+0000] {processor.py:161} INFO - Started process (PID=1465) to work on /home/airflow/.local/lib/python3.8/site-packages/airflow/example_dags/example_subdag_operator.py
[2025-11-10T20:48:53.605+0000] {processor.py:830} INFO - Processing file /home/airflow/.local/lib/python3.8/site-packages/airflow/example_dags/example_subdag_operator.py for tasks to queue
[2025-11-10T20:48:53.607+0000] {logging_mixin.py:188} INFO - [2025-11-10T20:48:53.607+0000] {dagbag.py:540} INFO - Filling up the DagBag from /home/airflow/.local/lib/python3.8/site-packages/airflow/example_dags/example_subdag_operator.py
[2025-11-10T20:48:53.629+0000] {processor.py:840} INFO - DAG(s) 'example_subdag_operator.section-1', 'example_subdag_operator.section-2', 'example_subdag_operator' retrieved from /home/airflow/.local/lib/python3.8/site-packages/airflow/example_dags/example_subdag_operator.py
[2025-11-10T20:48:53.643+0000] {logging_mixin.py:188} INFO - [2025-11-10T20:48:53.643+0000] {dag.py:3047} INFO - Sync 3 DAGs
[2025-11-10T20:48:53.663+0000] {logging_mixin.py:188} INFO - [2025-11-10T20:48:53.662+0000] {dag.py:3834} INFO - Setting next_dagrun for example_subdag_operator to 2022-01-01 00:00:00+00:00, run_after=2022-01-01 00:00:00+00:00
[2025-11-10T20:48:53.666+0000] {logging_mixin.py:188} INFO - [2025-11-10T20:48:53.666+0000] {dag.py:3834} INFO - Setting next_dagrun for example_subdag_operator.section-1 to None, run_after=None
[2025-11-10T20:48:53.668+0000] {logging_mixin.py:188} INFO - [2025-11-10T20:48:53.668+0000] {dag.py:3834} INFO - Setting next_dagrun for example_subdag_operator.section-2 to None, run_after=None
[2025-11-10T20:48:53.676+0000] {logging_mixin.py:188} INFO - [2025-11-10T20:48:53.676+0000] {dag.py:3047} INFO - Sync 2 DAGs
[2025-11-10T20:48:53.682+0000] {logging_mixin.py:188} INFO - [2025-11-10T20:48:53.682+0000] {dag.py:3834} INFO - Setting next_dagrun for example_subdag_operator.section-1 to None, run_after=None
[2025-11-10T20:48:53.683+0000] {logging_mixin.py:188} INFO - [2025-11-10T20:48:53.683+0000] {dag.py:3834} INFO - Setting next_dagrun for example_subdag_operator.section-2 to None, run_after=None
[2025-11-10T20:48:53.695+0000] {processor.py:183} INFO - Processing /home/airflow/.local/lib/python3.8/site-packages/airflow/example_dags/example_subdag_operator.py took 0.095 seconds
[2025-11-10T20:49:24.054+0000] {processor.py:161} INFO - Started process (PID=1521) to work on /home/airflow/.local/lib/python3.8/site-packages/airflow/example_dags/example_subdag_operator.py
[2025-11-10T20:49:24.056+0000] {processor.py:830} INFO - Processing file /home/airflow/.local/lib/python3.8/site-packages/airflow/example_dags/example_subdag_operator.py for tasks to queue
[2025-11-10T20:49:24.058+0000] {logging_mixin.py:188} INFO - [2025-11-10T20:49:24.058+0000] {dagbag.py:540} INFO - Filling up the DagBag from /home/airflow/.local/lib/python3.8/site-packages/airflow/example_dags/example_subdag_operator.py
[2025-11-10T20:49:24.081+0000] {processor.py:840} INFO - DAG(s) 'example_subdag_operator.section-1', 'example_subdag_operator.section-2', 'example_subdag_operator' retrieved from /home/airflow/.local/lib/python3.8/site-packages/airflow/example_dags/example_subdag_operator.py
[2025-11-10T20:49:24.096+0000] {logging_mixin.py:188} INFO - [2025-11-10T20:49:24.096+0000] {dag.py:3047} INFO - Sync 3 DAGs
[2025-11-10T20:49:24.115+0000] {logging_mixin.py:188} INFO - [2025-11-10T20:49:24.114+0000] {dag.py:3834} INFO - Setting next_dagrun for example_subdag_operator to 2022-01-01 00:00:00+00:00, run_after=2022-01-01 00:00:00+00:00
[2025-11-10T20:49:24.118+0000] {logging_mixin.py:188} INFO - [2025-11-10T20:49:24.118+0000] {dag.py:3834} INFO - Setting next_dagrun for example_subdag_operator.section-1 to None, run_after=None
[2025-11-10T20:49:24.120+0000] {logging_mixin.py:188} INFO - [2025-11-10T20:49:24.120+0000] {dag.py:3834} INFO - Setting next_dagrun for example_subdag_operator.section-2 to None, run_after=None
[2025-11-10T20:49:24.127+0000] {logging_mixin.py:188} INFO - [2025-11-10T20:49:24.127+0000] {dag.py:3047} INFO - Sync 2 DAGs
[2025-11-10T20:49:24.132+0000] {logging_mixin.py:188} INFO - [2025-11-10T20:49:24.132+0000] {dag.py:3834} INFO - Setting next_dagrun for example_subdag_operator.section-1 to None, run_after=None
[2025-11-10T20:49:24.132+0000] {logging_mixin.py:188} INFO - [2025-11-10T20:49:24.132+0000] {dag.py:3834} INFO - Setting next_dagrun for example_subdag_operator.section-2 to None, run_after=None
[2025-11-10T20:49:24.144+0000] {processor.py:183} INFO - Processing /home/airflow/.local/lib/python3.8/site-packages/airflow/example_dags/example_subdag_operator.py took 0.094 seconds
[2025-11-10T20:49:55.039+0000] {processor.py:161} INFO - Started process (PID=1577) to work on /home/airflow/.local/lib/python3.8/site-packages/airflow/example_dags/example_subdag_operator.py
[2025-11-10T20:49:55.041+0000] {processor.py:830} INFO - Processing file /home/airflow/.local/lib/python3.8/site-packages/airflow/example_dags/example_subdag_operator.py for tasks to queue
[2025-11-10T20:49:55.043+0000] {logging_mixin.py:188} INFO - [2025-11-10T20:49:55.042+0000] {dagbag.py:540} INFO - Filling up the DagBag from /home/airflow/.local/lib/python3.8/site-packages/airflow/example_dags/example_subdag_operator.py
[2025-11-10T20:49:55.066+0000] {processor.py:840} INFO - DAG(s) 'example_subdag_operator.section-1', 'example_subdag_operator.section-2', 'example_subdag_operator' retrieved from /home/airflow/.local/lib/python3.8/site-packages/airflow/example_dags/example_subdag_operator.py
[2025-11-10T20:49:55.085+0000] {logging_mixin.py:188} INFO - [2025-11-10T20:49:55.085+0000] {dag.py:3047} INFO - Sync 3 DAGs
[2025-11-10T20:49:55.108+0000] {logging_mixin.py:188} INFO - [2025-11-10T20:49:55.108+0000] {dag.py:3834} INFO - Setting next_dagrun for example_subdag_operator to 2022-01-01 00:00:00+00:00, run_after=2022-01-01 00:00:00+00:00
[2025-11-10T20:49:55.112+0000] {logging_mixin.py:188} INFO - [2025-11-10T20:49:55.112+0000] {dag.py:3834} INFO - Setting next_dagrun for example_subdag_operator.section-1 to None, run_after=None
[2025-11-10T20:49:55.114+0000] {logging_mixin.py:188} INFO - [2025-11-10T20:49:55.114+0000] {dag.py:3834} INFO - Setting next_dagrun for example_subdag_operator.section-2 to None, run_after=None
[2025-11-10T20:49:55.122+0000] {logging_mixin.py:188} INFO - [2025-11-10T20:49:55.122+0000] {dag.py:3047} INFO - Sync 2 DAGs
[2025-11-10T20:49:55.128+0000] {logging_mixin.py:188} INFO - [2025-11-10T20:49:55.128+0000] {dag.py:3834} INFO - Setting next_dagrun for example_subdag_operator.section-1 to None, run_after=None
[2025-11-10T20:49:55.129+0000] {logging_mixin.py:188} INFO - [2025-11-10T20:49:55.129+0000] {dag.py:3834} INFO - Setting next_dagrun for example_subdag_operator.section-2 to None, run_after=None
[2025-11-10T20:49:55.141+0000] {processor.py:183} INFO - Processing /home/airflow/.local/lib/python3.8/site-packages/airflow/example_dags/example_subdag_operator.py took 0.105 seconds
[2025-11-10T20:50:25.205+0000] {processor.py:161} INFO - Started process (PID=1632) to work on /home/airflow/.local/lib/python3.8/site-packages/airflow/example_dags/example_subdag_operator.py
[2025-11-10T20:50:25.206+0000] {processor.py:830} INFO - Processing file /home/airflow/.local/lib/python3.8/site-packages/airflow/example_dags/example_subdag_operator.py for tasks to queue
[2025-11-10T20:50:25.208+0000] {logging_mixin.py:188} INFO - [2025-11-10T20:50:25.208+0000] {dagbag.py:540} INFO - Filling up the DagBag from /home/airflow/.local/lib/python3.8/site-packages/airflow/example_dags/example_subdag_operator.py
[2025-11-10T20:50:25.230+0000] {processor.py:840} INFO - DAG(s) 'example_subdag_operator.section-1', 'example_subdag_operator.section-2', 'example_subdag_operator' retrieved from /home/airflow/.local/lib/python3.8/site-packages/airflow/example_dags/example_subdag_operator.py
[2025-11-10T20:50:25.245+0000] {logging_mixin.py:188} INFO - [2025-11-10T20:50:25.244+0000] {dag.py:3047} INFO - Sync 3 DAGs
[2025-11-10T20:50:25.264+0000] {logging_mixin.py:188} INFO - [2025-11-10T20:50:25.264+0000] {dag.py:3834} INFO - Setting next_dagrun for example_subdag_operator to 2022-01-01 00:00:00+00:00, run_after=2022-01-01 00:00:00+00:00
[2025-11-10T20:50:25.268+0000] {logging_mixin.py:188} INFO - [2025-11-10T20:50:25.268+0000] {dag.py:3834} INFO - Setting next_dagrun for example_subdag_operator.section-1 to None, run_after=None
[2025-11-10T20:50:25.269+0000] {logging_mixin.py:188} INFO - [2025-11-10T20:50:25.269+0000] {dag.py:3834} INFO - Setting next_dagrun for example_subdag_operator.section-2 to None, run_after=None
[2025-11-10T20:50:25.276+0000] {logging_mixin.py:188} INFO - [2025-11-10T20:50:25.276+0000] {dag.py:3047} INFO - Sync 2 DAGs
[2025-11-10T20:50:25.281+0000] {logging_mixin.py:188} INFO - [2025-11-10T20:50:25.281+0000] {dag.py:3834} INFO - Setting next_dagrun for example_subdag_operator.section-1 to None, run_after=None
[2025-11-10T20:50:25.282+0000] {logging_mixin.py:188} INFO - [2025-11-10T20:50:25.282+0000] {dag.py:3834} INFO - Setting next_dagrun for example_subdag_operator.section-2 to None, run_after=None
[2025-11-10T20:50:25.293+0000] {processor.py:183} INFO - Processing /home/airflow/.local/lib/python3.8/site-packages/airflow/example_dags/example_subdag_operator.py took 0.091 seconds
[2025-11-10T20:50:56.042+0000] {processor.py:161} INFO - Started process (PID=1687) to work on /home/airflow/.local/lib/python3.8/site-packages/airflow/example_dags/example_subdag_operator.py
[2025-11-10T20:50:56.044+0000] {processor.py:830} INFO - Processing file /home/airflow/.local/lib/python3.8/site-packages/airflow/example_dags/example_subdag_operator.py for tasks to queue
[2025-11-10T20:50:56.046+0000] {logging_mixin.py:188} INFO - [2025-11-10T20:50:56.045+0000] {dagbag.py:540} INFO - Filling up the DagBag from /home/airflow/.local/lib/python3.8/site-packages/airflow/example_dags/example_subdag_operator.py
[2025-11-10T20:50:56.068+0000] {processor.py:840} INFO - DAG(s) 'example_subdag_operator.section-1', 'example_subdag_operator.section-2', 'example_subdag_operator' retrieved from /home/airflow/.local/lib/python3.8/site-packages/airflow/example_dags/example_subdag_operator.py
[2025-11-10T20:50:56.086+0000] {logging_mixin.py:188} INFO - [2025-11-10T20:50:56.085+0000] {dag.py:3047} INFO - Sync 3 DAGs
[2025-11-10T20:50:56.107+0000] {logging_mixin.py:188} INFO - [2025-11-10T20:50:56.107+0000] {dag.py:3834} INFO - Setting next_dagrun for example_subdag_operator to 2022-01-01 00:00:00+00:00, run_after=2022-01-01 00:00:00+00:00
[2025-11-10T20:50:56.112+0000] {logging_mixin.py:188} INFO - [2025-11-10T20:50:56.111+0000] {dag.py:3834} INFO - Setting next_dagrun for example_subdag_operator.section-1 to None, run_after=None
[2025-11-10T20:50:56.114+0000] {logging_mixin.py:188} INFO - [2025-11-10T20:50:56.113+0000] {dag.py:3834} INFO - Setting next_dagrun for example_subdag_operator.section-2 to None, run_after=None
[2025-11-10T20:50:56.121+0000] {logging_mixin.py:188} INFO - [2025-11-10T20:50:56.121+0000] {dag.py:3047} INFO - Sync 2 DAGs
[2025-11-10T20:50:56.128+0000] {logging_mixin.py:188} INFO - [2025-11-10T20:50:56.127+0000] {dag.py:3834} INFO - Setting next_dagrun for example_subdag_operator.section-1 to None, run_after=None
[2025-11-10T20:50:56.129+0000] {logging_mixin.py:188} INFO - [2025-11-10T20:50:56.129+0000] {dag.py:3834} INFO - Setting next_dagrun for example_subdag_operator.section-2 to None, run_after=None
[2025-11-10T20:50:56.142+0000] {processor.py:183} INFO - Processing /home/airflow/.local/lib/python3.8/site-packages/airflow/example_dags/example_subdag_operator.py took 0.103 seconds
[2025-11-10T20:51:26.166+0000] {processor.py:161} INFO - Started process (PID=1741) to work on /home/airflow/.local/lib/python3.8/site-packages/airflow/example_dags/example_subdag_operator.py
[2025-11-10T20:51:26.167+0000] {processor.py:830} INFO - Processing file /home/airflow/.local/lib/python3.8/site-packages/airflow/example_dags/example_subdag_operator.py for tasks to queue
[2025-11-10T20:51:26.174+0000] {logging_mixin.py:188} INFO - [2025-11-10T20:51:26.173+0000] {dagbag.py:540} INFO - Filling up the DagBag from /home/airflow/.local/lib/python3.8/site-packages/airflow/example_dags/example_subdag_operator.py
[2025-11-10T20:51:26.196+0000] {processor.py:840} INFO - DAG(s) 'example_subdag_operator.section-1', 'example_subdag_operator.section-2', 'example_subdag_operator' retrieved from /home/airflow/.local/lib/python3.8/site-packages/airflow/example_dags/example_subdag_operator.py
[2025-11-10T20:51:26.213+0000] {logging_mixin.py:188} INFO - [2025-11-10T20:51:26.213+0000] {dag.py:3047} INFO - Sync 3 DAGs
[2025-11-10T20:51:26.235+0000] {logging_mixin.py:188} INFO - [2025-11-10T20:51:26.234+0000] {dag.py:3834} INFO - Setting next_dagrun for example_subdag_operator to 2022-01-01 00:00:00+00:00, run_after=2022-01-01 00:00:00+00:00
[2025-11-10T20:51:26.239+0000] {logging_mixin.py:188} INFO - [2025-11-10T20:51:26.239+0000] {dag.py:3834} INFO - Setting next_dagrun for example_subdag_operator.section-1 to None, run_after=None
[2025-11-10T20:51:26.241+0000] {logging_mixin.py:188} INFO - [2025-11-10T20:51:26.240+0000] {dag.py:3834} INFO - Setting next_dagrun for example_subdag_operator.section-2 to None, run_after=None
[2025-11-10T20:51:26.248+0000] {logging_mixin.py:188} INFO - [2025-11-10T20:51:26.247+0000] {dag.py:3047} INFO - Sync 2 DAGs
[2025-11-10T20:51:26.254+0000] {logging_mixin.py:188} INFO - [2025-11-10T20:51:26.253+0000] {dag.py:3834} INFO - Setting next_dagrun for example_subdag_operator.section-1 to None, run_after=None
[2025-11-10T20:51:26.255+0000] {logging_mixin.py:188} INFO - [2025-11-10T20:51:26.255+0000] {dag.py:3834} INFO - Setting next_dagrun for example_subdag_operator.section-2 to None, run_after=None
[2025-11-10T20:51:26.269+0000] {processor.py:183} INFO - Processing /home/airflow/.local/lib/python3.8/site-packages/airflow/example_dags/example_subdag_operator.py took 0.107 seconds
[2025-11-10T20:51:56.488+0000] {processor.py:161} INFO - Started process (PID=1796) to work on /home/airflow/.local/lib/python3.8/site-packages/airflow/example_dags/example_subdag_operator.py
[2025-11-10T20:51:56.490+0000] {processor.py:830} INFO - Processing file /home/airflow/.local/lib/python3.8/site-packages/airflow/example_dags/example_subdag_operator.py for tasks to queue
[2025-11-10T20:51:56.493+0000] {logging_mixin.py:188} INFO - [2025-11-10T20:51:56.492+0000] {dagbag.py:540} INFO - Filling up the DagBag from /home/airflow/.local/lib/python3.8/site-packages/airflow/example_dags/example_subdag_operator.py
[2025-11-10T20:51:56.517+0000] {processor.py:840} INFO - DAG(s) 'example_subdag_operator.section-1', 'example_subdag_operator.section-2', 'example_subdag_operator' retrieved from /home/airflow/.local/lib/python3.8/site-packages/airflow/example_dags/example_subdag_operator.py
[2025-11-10T20:51:56.534+0000] {logging_mixin.py:188} INFO - [2025-11-10T20:51:56.533+0000] {dag.py:3047} INFO - Sync 3 DAGs
[2025-11-10T20:51:56.559+0000] {logging_mixin.py:188} INFO - [2025-11-10T20:51:56.558+0000] {dag.py:3834} INFO - Setting next_dagrun for example_subdag_operator to 2022-01-01 00:00:00+00:00, run_after=2022-01-01 00:00:00+00:00
[2025-11-10T20:51:56.563+0000] {logging_mixin.py:188} INFO - [2025-11-10T20:51:56.563+0000] {dag.py:3834} INFO - Setting next_dagrun for example_subdag_operator.section-1 to None, run_after=None
[2025-11-10T20:51:56.564+0000] {logging_mixin.py:188} INFO - [2025-11-10T20:51:56.564+0000] {dag.py:3834} INFO - Setting next_dagrun for example_subdag_operator.section-2 to None, run_after=None
[2025-11-10T20:51:56.572+0000] {logging_mixin.py:188} INFO - [2025-11-10T20:51:56.572+0000] {dag.py:3047} INFO - Sync 2 DAGs
[2025-11-10T20:51:56.577+0000] {logging_mixin.py:188} INFO - [2025-11-10T20:51:56.577+0000] {dag.py:3834} INFO - Setting next_dagrun for example_subdag_operator.section-1 to None, run_after=None
[2025-11-10T20:51:56.586+0000] {logging_mixin.py:188} INFO - [2025-11-10T20:51:56.586+0000] {dag.py:3834} INFO - Setting next_dagrun for example_subdag_operator.section-2 to None, run_after=None
[2025-11-10T20:51:56.604+0000] {processor.py:183} INFO - Processing /home/airflow/.local/lib/python3.8/site-packages/airflow/example_dags/example_subdag_operator.py took 0.119 seconds
[2025-11-10T20:52:26.685+0000] {processor.py:161} INFO - Started process (PID=1851) to work on /home/airflow/.local/lib/python3.8/site-packages/airflow/example_dags/example_subdag_operator.py
[2025-11-10T20:52:26.686+0000] {processor.py:830} INFO - Processing file /home/airflow/.local/lib/python3.8/site-packages/airflow/example_dags/example_subdag_operator.py for tasks to queue
[2025-11-10T20:52:26.690+0000] {logging_mixin.py:188} INFO - [2025-11-10T20:52:26.689+0000] {dagbag.py:540} INFO - Filling up the DagBag from /home/airflow/.local/lib/python3.8/site-packages/airflow/example_dags/example_subdag_operator.py
[2025-11-10T20:52:26.713+0000] {processor.py:840} INFO - DAG(s) 'example_subdag_operator.section-1', 'example_subdag_operator.section-2', 'example_subdag_operator' retrieved from /home/airflow/.local/lib/python3.8/site-packages/airflow/example_dags/example_subdag_operator.py
[2025-11-10T20:52:26.727+0000] {logging_mixin.py:188} INFO - [2025-11-10T20:52:26.727+0000] {dag.py:3047} INFO - Sync 3 DAGs
[2025-11-10T20:52:26.745+0000] {logging_mixin.py:188} INFO - [2025-11-10T20:52:26.745+0000] {dag.py:3834} INFO - Setting next_dagrun for example_subdag_operator to 2022-01-01 00:00:00+00:00, run_after=2022-01-01 00:00:00+00:00
[2025-11-10T20:52:26.748+0000] {logging_mixin.py:188} INFO - [2025-11-10T20:52:26.748+0000] {dag.py:3834} INFO - Setting next_dagrun for example_subdag_operator.section-1 to None, run_after=None
[2025-11-10T20:52:26.750+0000] {logging_mixin.py:188} INFO - [2025-11-10T20:52:26.750+0000] {dag.py:3834} INFO - Setting next_dagrun for example_subdag_operator.section-2 to None, run_after=None
[2025-11-10T20:52:26.757+0000] {logging_mixin.py:188} INFO - [2025-11-10T20:52:26.757+0000] {dag.py:3047} INFO - Sync 2 DAGs
[2025-11-10T20:52:26.762+0000] {logging_mixin.py:188} INFO - [2025-11-10T20:52:26.762+0000] {dag.py:3834} INFO - Setting next_dagrun for example_subdag_operator.section-1 to None, run_after=None
[2025-11-10T20:52:26.762+0000] {logging_mixin.py:188} INFO - [2025-11-10T20:52:26.762+0000] {dag.py:3834} INFO - Setting next_dagrun for example_subdag_operator.section-2 to None, run_after=None
[2025-11-10T20:52:26.773+0000] {processor.py:183} INFO - Processing /home/airflow/.local/lib/python3.8/site-packages/airflow/example_dags/example_subdag_operator.py took 0.095 seconds
[2025-11-10T20:52:57.104+0000] {processor.py:161} INFO - Started process (PID=1906) to work on /home/airflow/.local/lib/python3.8/site-packages/airflow/example_dags/example_subdag_operator.py
[2025-11-10T20:52:57.105+0000] {processor.py:830} INFO - Processing file /home/airflow/.local/lib/python3.8/site-packages/airflow/example_dags/example_subdag_operator.py for tasks to queue
[2025-11-10T20:52:57.108+0000] {logging_mixin.py:188} INFO - [2025-11-10T20:52:57.108+0000] {dagbag.py:540} INFO - Filling up the DagBag from /home/airflow/.local/lib/python3.8/site-packages/airflow/example_dags/example_subdag_operator.py
[2025-11-10T20:52:57.131+0000] {processor.py:840} INFO - DAG(s) 'example_subdag_operator.section-1', 'example_subdag_operator.section-2', 'example_subdag_operator' retrieved from /home/airflow/.local/lib/python3.8/site-packages/airflow/example_dags/example_subdag_operator.py
[2025-11-10T20:52:57.146+0000] {logging_mixin.py:188} INFO - [2025-11-10T20:52:57.146+0000] {dag.py:3047} INFO - Sync 3 DAGs
[2025-11-10T20:52:57.167+0000] {logging_mixin.py:188} INFO - [2025-11-10T20:52:57.166+0000] {dag.py:3834} INFO - Setting next_dagrun for example_subdag_operator to 2022-01-01 00:00:00+00:00, run_after=2022-01-01 00:00:00+00:00
[2025-11-10T20:52:57.170+0000] {logging_mixin.py:188} INFO - [2025-11-10T20:52:57.170+0000] {dag.py:3834} INFO - Setting next_dagrun for example_subdag_operator.section-1 to None, run_after=None
[2025-11-10T20:52:57.172+0000] {logging_mixin.py:188} INFO - [2025-11-10T20:52:57.171+0000] {dag.py:3834} INFO - Setting next_dagrun for example_subdag_operator.section-2 to None, run_after=None
[2025-11-10T20:52:57.178+0000] {logging_mixin.py:188} INFO - [2025-11-10T20:52:57.178+0000] {dag.py:3047} INFO - Sync 2 DAGs
[2025-11-10T20:52:57.185+0000] {logging_mixin.py:188} INFO - [2025-11-10T20:52:57.185+0000] {dag.py:3834} INFO - Setting next_dagrun for example_subdag_operator.section-1 to None, run_after=None
[2025-11-10T20:52:57.188+0000] {logging_mixin.py:188} INFO - [2025-11-10T20:52:57.188+0000] {dag.py:3834} INFO - Setting next_dagrun for example_subdag_operator.section-2 to None, run_after=None
[2025-11-10T20:52:57.199+0000] {processor.py:183} INFO - Processing /home/airflow/.local/lib/python3.8/site-packages/airflow/example_dags/example_subdag_operator.py took 0.101 seconds
[2025-11-10T20:53:27.596+0000] {processor.py:161} INFO - Started process (PID=1961) to work on /home/airflow/.local/lib/python3.8/site-packages/airflow/example_dags/example_subdag_operator.py
[2025-11-10T20:53:27.598+0000] {processor.py:830} INFO - Processing file /home/airflow/.local/lib/python3.8/site-packages/airflow/example_dags/example_subdag_operator.py for tasks to queue
[2025-11-10T20:53:27.601+0000] {logging_mixin.py:188} INFO - [2025-11-10T20:53:27.601+0000] {dagbag.py:540} INFO - Filling up the DagBag from /home/airflow/.local/lib/python3.8/site-packages/airflow/example_dags/example_subdag_operator.py
[2025-11-10T20:53:27.630+0000] {processor.py:840} INFO - DAG(s) 'example_subdag_operator.section-1', 'example_subdag_operator.section-2', 'example_subdag_operator' retrieved from /home/airflow/.local/lib/python3.8/site-packages/airflow/example_dags/example_subdag_operator.py
[2025-11-10T20:53:27.648+0000] {logging_mixin.py:188} INFO - [2025-11-10T20:53:27.647+0000] {dag.py:3047} INFO - Sync 3 DAGs
[2025-11-10T20:53:27.669+0000] {logging_mixin.py:188} INFO - [2025-11-10T20:53:27.669+0000] {dag.py:3834} INFO - Setting next_dagrun for example_subdag_operator to 2022-01-01 00:00:00+00:00, run_after=2022-01-01 00:00:00+00:00
[2025-11-10T20:53:27.673+0000] {logging_mixin.py:188} INFO - [2025-11-10T20:53:27.673+0000] {dag.py:3834} INFO - Setting next_dagrun for example_subdag_operator.section-1 to None, run_after=None
[2025-11-10T20:53:27.675+0000] {logging_mixin.py:188} INFO - [2025-11-10T20:53:27.675+0000] {dag.py:3834} INFO - Setting next_dagrun for example_subdag_operator.section-2 to None, run_after=None
[2025-11-10T20:53:27.684+0000] {logging_mixin.py:188} INFO - [2025-11-10T20:53:27.683+0000] {dag.py:3047} INFO - Sync 2 DAGs
[2025-11-10T20:53:27.689+0000] {logging_mixin.py:188} INFO - [2025-11-10T20:53:27.689+0000] {dag.py:3834} INFO - Setting next_dagrun for example_subdag_operator.section-1 to None, run_after=None
[2025-11-10T20:53:27.690+0000] {logging_mixin.py:188} INFO - [2025-11-10T20:53:27.690+0000] {dag.py:3834} INFO - Setting next_dagrun for example_subdag_operator.section-2 to None, run_after=None
[2025-11-10T20:53:27.702+0000] {processor.py:183} INFO - Processing /home/airflow/.local/lib/python3.8/site-packages/airflow/example_dags/example_subdag_operator.py took 0.110 seconds
