[2025-11-10T20:36:05.738+0000] {processor.py:161} INFO - Started process (PID=65) to work on /home/airflow/.local/lib/python3.8/site-packages/airflow/example_dags/example_params_trigger_ui.py
[2025-11-10T20:36:05.740+0000] {processor.py:830} INFO - Processing file /home/airflow/.local/lib/python3.8/site-packages/airflow/example_dags/example_params_trigger_ui.py for tasks to queue
[2025-11-10T20:36:05.744+0000] {logging_mixin.py:188} INFO - [2025-11-10T20:36:05.743+0000] {dagbag.py:540} INFO - Filling up the DagBag from /home/airflow/.local/lib/python3.8/site-packages/airflow/example_dags/example_params_trigger_ui.py
[2025-11-10T20:36:05.779+0000] {processor.py:840} INFO - DAG(s) 'example_params_trigger_ui' retrieved from /home/airflow/.local/lib/python3.8/site-packages/airflow/example_dags/example_params_trigger_ui.py
[2025-11-10T20:36:05.958+0000] {logging_mixin.py:188} INFO - [2025-11-10T20:36:05.957+0000] {override.py:1769} INFO - Created Permission View: can read on DAG:example_params_trigger_ui
[2025-11-10T20:36:05.973+0000] {logging_mixin.py:188} INFO - [2025-11-10T20:36:05.972+0000] {override.py:1769} INFO - Created Permission View: can edit on DAG:example_params_trigger_ui
[2025-11-10T20:36:05.982+0000] {logging_mixin.py:188} INFO - [2025-11-10T20:36:05.982+0000] {override.py:1769} INFO - Created Permission View: can delete on DAG:example_params_trigger_ui
[2025-11-10T20:36:05.984+0000] {logging_mixin.py:188} INFO - [2025-11-10T20:36:05.983+0000] {dag.py:3047} INFO - Sync 1 DAGs
[2025-11-10T20:36:05.997+0000] {logging_mixin.py:188} INFO - [2025-11-10T20:36:05.997+0000] {dag.py:3069} INFO - Creating ORM DAG for example_params_trigger_ui
[2025-11-10T20:36:05.998+0000] {logging_mixin.py:188} INFO - [2025-11-10T20:36:05.998+0000] {dag.py:3834} INFO - Setting next_dagrun for example_params_trigger_ui to None, run_after=None
[2025-11-10T20:36:06.036+0000] {processor.py:183} INFO - Processing /home/airflow/.local/lib/python3.8/site-packages/airflow/example_dags/example_params_trigger_ui.py took 0.304 seconds
[2025-11-10T20:36:36.825+0000] {processor.py:161} INFO - Started process (PID=120) to work on /home/airflow/.local/lib/python3.8/site-packages/airflow/example_dags/example_params_trigger_ui.py
[2025-11-10T20:36:36.826+0000] {processor.py:830} INFO - Processing file /home/airflow/.local/lib/python3.8/site-packages/airflow/example_dags/example_params_trigger_ui.py for tasks to queue
[2025-11-10T20:36:36.831+0000] {logging_mixin.py:188} INFO - [2025-11-10T20:36:36.830+0000] {dagbag.py:540} INFO - Filling up the DagBag from /home/airflow/.local/lib/python3.8/site-packages/airflow/example_dags/example_params_trigger_ui.py
[2025-11-10T20:36:36.847+0000] {processor.py:840} INFO - DAG(s) 'example_params_trigger_ui' retrieved from /home/airflow/.local/lib/python3.8/site-packages/airflow/example_dags/example_params_trigger_ui.py
[2025-11-10T20:36:36.897+0000] {logging_mixin.py:188} INFO - [2025-11-10T20:36:36.896+0000] {dag.py:3047} INFO - Sync 1 DAGs
[2025-11-10T20:36:36.910+0000] {logging_mixin.py:188} INFO - [2025-11-10T20:36:36.910+0000] {dag.py:3834} INFO - Setting next_dagrun for example_params_trigger_ui to None, run_after=None
[2025-11-10T20:36:36.930+0000] {processor.py:183} INFO - Processing /home/airflow/.local/lib/python3.8/site-packages/airflow/example_dags/example_params_trigger_ui.py took 0.107 seconds
[2025-11-10T20:37:07.659+0000] {processor.py:161} INFO - Started process (PID=175) to work on /home/airflow/.local/lib/python3.8/site-packages/airflow/example_dags/example_params_trigger_ui.py
[2025-11-10T20:37:07.661+0000] {processor.py:830} INFO - Processing file /home/airflow/.local/lib/python3.8/site-packages/airflow/example_dags/example_params_trigger_ui.py for tasks to queue
[2025-11-10T20:37:07.667+0000] {logging_mixin.py:188} INFO - [2025-11-10T20:37:07.665+0000] {dagbag.py:540} INFO - Filling up the DagBag from /home/airflow/.local/lib/python3.8/site-packages/airflow/example_dags/example_params_trigger_ui.py
[2025-11-10T20:37:07.687+0000] {processor.py:840} INFO - DAG(s) 'example_params_trigger_ui' retrieved from /home/airflow/.local/lib/python3.8/site-packages/airflow/example_dags/example_params_trigger_ui.py
[2025-11-10T20:37:07.741+0000] {logging_mixin.py:188} INFO - [2025-11-10T20:37:07.741+0000] {dag.py:3047} INFO - Sync 1 DAGs
[2025-11-10T20:37:07.753+0000] {logging_mixin.py:188} INFO - [2025-11-10T20:37:07.753+0000] {dag.py:3834} INFO - Setting next_dagrun for example_params_trigger_ui to None, run_after=None
[2025-11-10T20:37:07.775+0000] {processor.py:183} INFO - Processing /home/airflow/.local/lib/python3.8/site-packages/airflow/example_dags/example_params_trigger_ui.py took 0.123 seconds
[2025-11-10T20:37:37.889+0000] {processor.py:161} INFO - Started process (PID=230) to work on /home/airflow/.local/lib/python3.8/site-packages/airflow/example_dags/example_params_trigger_ui.py
[2025-11-10T20:37:37.890+0000] {processor.py:830} INFO - Processing file /home/airflow/.local/lib/python3.8/site-packages/airflow/example_dags/example_params_trigger_ui.py for tasks to queue
[2025-11-10T20:37:37.893+0000] {logging_mixin.py:188} INFO - [2025-11-10T20:37:37.893+0000] {dagbag.py:540} INFO - Filling up the DagBag from /home/airflow/.local/lib/python3.8/site-packages/airflow/example_dags/example_params_trigger_ui.py
[2025-11-10T20:37:37.908+0000] {processor.py:840} INFO - DAG(s) 'example_params_trigger_ui' retrieved from /home/airflow/.local/lib/python3.8/site-packages/airflow/example_dags/example_params_trigger_ui.py
[2025-11-10T20:37:37.956+0000] {logging_mixin.py:188} INFO - [2025-11-10T20:37:37.956+0000] {dag.py:3047} INFO - Sync 1 DAGs
[2025-11-10T20:37:37.979+0000] {logging_mixin.py:188} INFO - [2025-11-10T20:37:37.978+0000] {dag.py:3834} INFO - Setting next_dagrun for example_params_trigger_ui to None, run_after=None
[2025-11-10T20:37:38.000+0000] {processor.py:183} INFO - Processing /home/airflow/.local/lib/python3.8/site-packages/airflow/example_dags/example_params_trigger_ui.py took 0.116 seconds
[2025-11-10T20:38:08.061+0000] {processor.py:161} INFO - Started process (PID=285) to work on /home/airflow/.local/lib/python3.8/site-packages/airflow/example_dags/example_params_trigger_ui.py
[2025-11-10T20:38:08.062+0000] {processor.py:830} INFO - Processing file /home/airflow/.local/lib/python3.8/site-packages/airflow/example_dags/example_params_trigger_ui.py for tasks to queue
[2025-11-10T20:38:08.065+0000] {logging_mixin.py:188} INFO - [2025-11-10T20:38:08.065+0000] {dagbag.py:540} INFO - Filling up the DagBag from /home/airflow/.local/lib/python3.8/site-packages/airflow/example_dags/example_params_trigger_ui.py
[2025-11-10T20:38:08.084+0000] {processor.py:840} INFO - DAG(s) 'example_params_trigger_ui' retrieved from /home/airflow/.local/lib/python3.8/site-packages/airflow/example_dags/example_params_trigger_ui.py
[2025-11-10T20:38:08.133+0000] {logging_mixin.py:188} INFO - [2025-11-10T20:38:08.133+0000] {dag.py:3047} INFO - Sync 1 DAGs
[2025-11-10T20:38:08.146+0000] {logging_mixin.py:188} INFO - [2025-11-10T20:38:08.146+0000] {dag.py:3834} INFO - Setting next_dagrun for example_params_trigger_ui to None, run_after=None
[2025-11-10T20:38:08.168+0000] {processor.py:183} INFO - Processing /home/airflow/.local/lib/python3.8/site-packages/airflow/example_dags/example_params_trigger_ui.py took 0.111 seconds
[2025-11-10T20:38:38.462+0000] {processor.py:161} INFO - Started process (PID=340) to work on /home/airflow/.local/lib/python3.8/site-packages/airflow/example_dags/example_params_trigger_ui.py
[2025-11-10T20:38:38.464+0000] {processor.py:830} INFO - Processing file /home/airflow/.local/lib/python3.8/site-packages/airflow/example_dags/example_params_trigger_ui.py for tasks to queue
[2025-11-10T20:38:38.466+0000] {logging_mixin.py:188} INFO - [2025-11-10T20:38:38.466+0000] {dagbag.py:540} INFO - Filling up the DagBag from /home/airflow/.local/lib/python3.8/site-packages/airflow/example_dags/example_params_trigger_ui.py
[2025-11-10T20:38:38.483+0000] {processor.py:840} INFO - DAG(s) 'example_params_trigger_ui' retrieved from /home/airflow/.local/lib/python3.8/site-packages/airflow/example_dags/example_params_trigger_ui.py
[2025-11-10T20:38:38.547+0000] {logging_mixin.py:188} INFO - [2025-11-10T20:38:38.546+0000] {dag.py:3047} INFO - Sync 1 DAGs
[2025-11-10T20:38:38.560+0000] {logging_mixin.py:188} INFO - [2025-11-10T20:38:38.560+0000] {dag.py:3834} INFO - Setting next_dagrun for example_params_trigger_ui to None, run_after=None
[2025-11-10T20:38:38.581+0000] {processor.py:183} INFO - Processing /home/airflow/.local/lib/python3.8/site-packages/airflow/example_dags/example_params_trigger_ui.py took 0.123 seconds
[2025-11-10T20:39:08.668+0000] {processor.py:161} INFO - Started process (PID=395) to work on /home/airflow/.local/lib/python3.8/site-packages/airflow/example_dags/example_params_trigger_ui.py
[2025-11-10T20:39:08.670+0000] {processor.py:830} INFO - Processing file /home/airflow/.local/lib/python3.8/site-packages/airflow/example_dags/example_params_trigger_ui.py for tasks to queue
[2025-11-10T20:39:08.673+0000] {logging_mixin.py:188} INFO - [2025-11-10T20:39:08.672+0000] {dagbag.py:540} INFO - Filling up the DagBag from /home/airflow/.local/lib/python3.8/site-packages/airflow/example_dags/example_params_trigger_ui.py
[2025-11-10T20:39:08.686+0000] {processor.py:840} INFO - DAG(s) 'example_params_trigger_ui' retrieved from /home/airflow/.local/lib/python3.8/site-packages/airflow/example_dags/example_params_trigger_ui.py
[2025-11-10T20:39:08.736+0000] {logging_mixin.py:188} INFO - [2025-11-10T20:39:08.736+0000] {dag.py:3047} INFO - Sync 1 DAGs
[2025-11-10T20:39:08.749+0000] {logging_mixin.py:188} INFO - [2025-11-10T20:39:08.749+0000] {dag.py:3834} INFO - Setting next_dagrun for example_params_trigger_ui to None, run_after=None
[2025-11-10T20:39:08.767+0000] {processor.py:183} INFO - Processing /home/airflow/.local/lib/python3.8/site-packages/airflow/example_dags/example_params_trigger_ui.py took 0.103 seconds
[2025-11-10T20:39:39.447+0000] {processor.py:161} INFO - Started process (PID=450) to work on /home/airflow/.local/lib/python3.8/site-packages/airflow/example_dags/example_params_trigger_ui.py
[2025-11-10T20:39:39.449+0000] {processor.py:830} INFO - Processing file /home/airflow/.local/lib/python3.8/site-packages/airflow/example_dags/example_params_trigger_ui.py for tasks to queue
[2025-11-10T20:39:39.452+0000] {logging_mixin.py:188} INFO - [2025-11-10T20:39:39.452+0000] {dagbag.py:540} INFO - Filling up the DagBag from /home/airflow/.local/lib/python3.8/site-packages/airflow/example_dags/example_params_trigger_ui.py
[2025-11-10T20:39:39.467+0000] {processor.py:840} INFO - DAG(s) 'example_params_trigger_ui' retrieved from /home/airflow/.local/lib/python3.8/site-packages/airflow/example_dags/example_params_trigger_ui.py
[2025-11-10T20:39:39.519+0000] {logging_mixin.py:188} INFO - [2025-11-10T20:39:39.518+0000] {dag.py:3047} INFO - Sync 1 DAGs
[2025-11-10T20:39:39.532+0000] {logging_mixin.py:188} INFO - [2025-11-10T20:39:39.532+0000] {dag.py:3834} INFO - Setting next_dagrun for example_params_trigger_ui to None, run_after=None
[2025-11-10T20:39:39.555+0000] {processor.py:183} INFO - Processing /home/airflow/.local/lib/python3.8/site-packages/airflow/example_dags/example_params_trigger_ui.py took 0.114 seconds
[2025-11-10T20:40:09.796+0000] {processor.py:161} INFO - Started process (PID=505) to work on /home/airflow/.local/lib/python3.8/site-packages/airflow/example_dags/example_params_trigger_ui.py
[2025-11-10T20:40:09.800+0000] {processor.py:830} INFO - Processing file /home/airflow/.local/lib/python3.8/site-packages/airflow/example_dags/example_params_trigger_ui.py for tasks to queue
[2025-11-10T20:40:09.810+0000] {logging_mixin.py:188} INFO - [2025-11-10T20:40:09.808+0000] {dagbag.py:540} INFO - Filling up the DagBag from /home/airflow/.local/lib/python3.8/site-packages/airflow/example_dags/example_params_trigger_ui.py
[2025-11-10T20:40:09.850+0000] {processor.py:840} INFO - DAG(s) 'example_params_trigger_ui' retrieved from /home/airflow/.local/lib/python3.8/site-packages/airflow/example_dags/example_params_trigger_ui.py
[2025-11-10T20:40:09.932+0000] {logging_mixin.py:188} INFO - [2025-11-10T20:40:09.931+0000] {dag.py:3047} INFO - Sync 1 DAGs
[2025-11-10T20:40:09.945+0000] {logging_mixin.py:188} INFO - [2025-11-10T20:40:09.944+0000] {dag.py:3834} INFO - Setting next_dagrun for example_params_trigger_ui to None, run_after=None
[2025-11-10T20:40:09.984+0000] {processor.py:183} INFO - Processing /home/airflow/.local/lib/python3.8/site-packages/airflow/example_dags/example_params_trigger_ui.py took 0.198 seconds
[2025-11-10T20:40:40.188+0000] {processor.py:161} INFO - Started process (PID=561) to work on /home/airflow/.local/lib/python3.8/site-packages/airflow/example_dags/example_params_trigger_ui.py
[2025-11-10T20:40:40.190+0000] {processor.py:830} INFO - Processing file /home/airflow/.local/lib/python3.8/site-packages/airflow/example_dags/example_params_trigger_ui.py for tasks to queue
[2025-11-10T20:40:40.193+0000] {logging_mixin.py:188} INFO - [2025-11-10T20:40:40.192+0000] {dagbag.py:540} INFO - Filling up the DagBag from /home/airflow/.local/lib/python3.8/site-packages/airflow/example_dags/example_params_trigger_ui.py
[2025-11-10T20:40:40.209+0000] {processor.py:840} INFO - DAG(s) 'example_params_trigger_ui' retrieved from /home/airflow/.local/lib/python3.8/site-packages/airflow/example_dags/example_params_trigger_ui.py
[2025-11-10T20:40:40.269+0000] {logging_mixin.py:188} INFO - [2025-11-10T20:40:40.268+0000] {dag.py:3047} INFO - Sync 1 DAGs
[2025-11-10T20:40:40.281+0000] {logging_mixin.py:188} INFO - [2025-11-10T20:40:40.281+0000] {dag.py:3834} INFO - Setting next_dagrun for example_params_trigger_ui to None, run_after=None
[2025-11-10T20:40:40.303+0000] {processor.py:183} INFO - Processing /home/airflow/.local/lib/python3.8/site-packages/airflow/example_dags/example_params_trigger_ui.py took 0.124 seconds
[2025-11-10T20:41:10.432+0000] {processor.py:161} INFO - Started process (PID=615) to work on /home/airflow/.local/lib/python3.8/site-packages/airflow/example_dags/example_params_trigger_ui.py
[2025-11-10T20:41:10.435+0000] {processor.py:830} INFO - Processing file /home/airflow/.local/lib/python3.8/site-packages/airflow/example_dags/example_params_trigger_ui.py for tasks to queue
[2025-11-10T20:41:10.440+0000] {logging_mixin.py:188} INFO - [2025-11-10T20:41:10.439+0000] {dagbag.py:540} INFO - Filling up the DagBag from /home/airflow/.local/lib/python3.8/site-packages/airflow/example_dags/example_params_trigger_ui.py
[2025-11-10T20:41:10.463+0000] {processor.py:840} INFO - DAG(s) 'example_params_trigger_ui' retrieved from /home/airflow/.local/lib/python3.8/site-packages/airflow/example_dags/example_params_trigger_ui.py
[2025-11-10T20:41:10.515+0000] {logging_mixin.py:188} INFO - [2025-11-10T20:41:10.515+0000] {dag.py:3047} INFO - Sync 1 DAGs
[2025-11-10T20:41:10.534+0000] {logging_mixin.py:188} INFO - [2025-11-10T20:41:10.533+0000] {dag.py:3834} INFO - Setting next_dagrun for example_params_trigger_ui to None, run_after=None
[2025-11-10T20:41:10.563+0000] {processor.py:183} INFO - Processing /home/airflow/.local/lib/python3.8/site-packages/airflow/example_dags/example_params_trigger_ui.py took 0.139 seconds
[2025-11-10T20:41:40.960+0000] {processor.py:161} INFO - Started process (PID=676) to work on /home/airflow/.local/lib/python3.8/site-packages/airflow/example_dags/example_params_trigger_ui.py
[2025-11-10T20:41:40.962+0000] {processor.py:830} INFO - Processing file /home/airflow/.local/lib/python3.8/site-packages/airflow/example_dags/example_params_trigger_ui.py for tasks to queue
[2025-11-10T20:41:40.965+0000] {logging_mixin.py:188} INFO - [2025-11-10T20:41:40.964+0000] {dagbag.py:540} INFO - Filling up the DagBag from /home/airflow/.local/lib/python3.8/site-packages/airflow/example_dags/example_params_trigger_ui.py
[2025-11-10T20:41:40.979+0000] {processor.py:840} INFO - DAG(s) 'example_params_trigger_ui' retrieved from /home/airflow/.local/lib/python3.8/site-packages/airflow/example_dags/example_params_trigger_ui.py
[2025-11-10T20:41:41.027+0000] {logging_mixin.py:188} INFO - [2025-11-10T20:41:41.027+0000] {dag.py:3047} INFO - Sync 1 DAGs
[2025-11-10T20:41:41.039+0000] {logging_mixin.py:188} INFO - [2025-11-10T20:41:41.038+0000] {dag.py:3834} INFO - Setting next_dagrun for example_params_trigger_ui to None, run_after=None
[2025-11-10T20:41:41.059+0000] {processor.py:183} INFO - Processing /home/airflow/.local/lib/python3.8/site-packages/airflow/example_dags/example_params_trigger_ui.py took 0.104 seconds
[2025-11-10T20:42:11.857+0000] {processor.py:161} INFO - Started process (PID=731) to work on /home/airflow/.local/lib/python3.8/site-packages/airflow/example_dags/example_params_trigger_ui.py
[2025-11-10T20:42:11.859+0000] {processor.py:830} INFO - Processing file /home/airflow/.local/lib/python3.8/site-packages/airflow/example_dags/example_params_trigger_ui.py for tasks to queue
[2025-11-10T20:42:11.862+0000] {logging_mixin.py:188} INFO - [2025-11-10T20:42:11.862+0000] {dagbag.py:540} INFO - Filling up the DagBag from /home/airflow/.local/lib/python3.8/site-packages/airflow/example_dags/example_params_trigger_ui.py
[2025-11-10T20:42:11.881+0000] {processor.py:840} INFO - DAG(s) 'example_params_trigger_ui' retrieved from /home/airflow/.local/lib/python3.8/site-packages/airflow/example_dags/example_params_trigger_ui.py
[2025-11-10T20:42:11.941+0000] {logging_mixin.py:188} INFO - [2025-11-10T20:42:11.940+0000] {dag.py:3047} INFO - Sync 1 DAGs
[2025-11-10T20:42:11.957+0000] {logging_mixin.py:188} INFO - [2025-11-10T20:42:11.956+0000] {dag.py:3834} INFO - Setting next_dagrun for example_params_trigger_ui to None, run_after=None
[2025-11-10T20:42:11.984+0000] {processor.py:183} INFO - Processing /home/airflow/.local/lib/python3.8/site-packages/airflow/example_dags/example_params_trigger_ui.py took 0.135 seconds
[2025-11-10T20:42:42.460+0000] {processor.py:161} INFO - Started process (PID=786) to work on /home/airflow/.local/lib/python3.8/site-packages/airflow/example_dags/example_params_trigger_ui.py
[2025-11-10T20:42:42.462+0000] {processor.py:830} INFO - Processing file /home/airflow/.local/lib/python3.8/site-packages/airflow/example_dags/example_params_trigger_ui.py for tasks to queue
[2025-11-10T20:42:42.465+0000] {logging_mixin.py:188} INFO - [2025-11-10T20:42:42.465+0000] {dagbag.py:540} INFO - Filling up the DagBag from /home/airflow/.local/lib/python3.8/site-packages/airflow/example_dags/example_params_trigger_ui.py
[2025-11-10T20:42:42.484+0000] {processor.py:840} INFO - DAG(s) 'example_params_trigger_ui' retrieved from /home/airflow/.local/lib/python3.8/site-packages/airflow/example_dags/example_params_trigger_ui.py
[2025-11-10T20:42:42.540+0000] {logging_mixin.py:188} INFO - [2025-11-10T20:42:42.539+0000] {dag.py:3047} INFO - Sync 1 DAGs
[2025-11-10T20:42:42.553+0000] {logging_mixin.py:188} INFO - [2025-11-10T20:42:42.553+0000] {dag.py:3834} INFO - Setting next_dagrun for example_params_trigger_ui to None, run_after=None
[2025-11-10T20:42:42.579+0000] {processor.py:183} INFO - Processing /home/airflow/.local/lib/python3.8/site-packages/airflow/example_dags/example_params_trigger_ui.py took 0.122 seconds
[2025-11-10T20:43:13.615+0000] {processor.py:161} INFO - Started process (PID=841) to work on /home/airflow/.local/lib/python3.8/site-packages/airflow/example_dags/example_params_trigger_ui.py
[2025-11-10T20:43:13.617+0000] {processor.py:830} INFO - Processing file /home/airflow/.local/lib/python3.8/site-packages/airflow/example_dags/example_params_trigger_ui.py for tasks to queue
[2025-11-10T20:43:13.620+0000] {logging_mixin.py:188} INFO - [2025-11-10T20:43:13.620+0000] {dagbag.py:540} INFO - Filling up the DagBag from /home/airflow/.local/lib/python3.8/site-packages/airflow/example_dags/example_params_trigger_ui.py
[2025-11-10T20:43:13.644+0000] {processor.py:840} INFO - DAG(s) 'example_params_trigger_ui' retrieved from /home/airflow/.local/lib/python3.8/site-packages/airflow/example_dags/example_params_trigger_ui.py
[2025-11-10T20:43:13.697+0000] {logging_mixin.py:188} INFO - [2025-11-10T20:43:13.697+0000] {dag.py:3047} INFO - Sync 1 DAGs
[2025-11-10T20:43:13.709+0000] {logging_mixin.py:188} INFO - [2025-11-10T20:43:13.709+0000] {dag.py:3834} INFO - Setting next_dagrun for example_params_trigger_ui to None, run_after=None
[2025-11-10T20:43:13.726+0000] {processor.py:183} INFO - Processing /home/airflow/.local/lib/python3.8/site-packages/airflow/example_dags/example_params_trigger_ui.py took 0.120 seconds
[2025-11-10T20:43:44.043+0000] {processor.py:161} INFO - Started process (PID=895) to work on /home/airflow/.local/lib/python3.8/site-packages/airflow/example_dags/example_params_trigger_ui.py
[2025-11-10T20:43:44.045+0000] {processor.py:830} INFO - Processing file /home/airflow/.local/lib/python3.8/site-packages/airflow/example_dags/example_params_trigger_ui.py for tasks to queue
[2025-11-10T20:43:44.047+0000] {logging_mixin.py:188} INFO - [2025-11-10T20:43:44.047+0000] {dagbag.py:540} INFO - Filling up the DagBag from /home/airflow/.local/lib/python3.8/site-packages/airflow/example_dags/example_params_trigger_ui.py
[2025-11-10T20:43:44.063+0000] {processor.py:840} INFO - DAG(s) 'example_params_trigger_ui' retrieved from /home/airflow/.local/lib/python3.8/site-packages/airflow/example_dags/example_params_trigger_ui.py
[2025-11-10T20:43:44.114+0000] {logging_mixin.py:188} INFO - [2025-11-10T20:43:44.114+0000] {dag.py:3047} INFO - Sync 1 DAGs
[2025-11-10T20:43:44.126+0000] {logging_mixin.py:188} INFO - [2025-11-10T20:43:44.126+0000] {dag.py:3834} INFO - Setting next_dagrun for example_params_trigger_ui to None, run_after=None
[2025-11-10T20:43:44.159+0000] {processor.py:183} INFO - Processing /home/airflow/.local/lib/python3.8/site-packages/airflow/example_dags/example_params_trigger_ui.py took 0.119 seconds
[2025-11-10T20:44:14.413+0000] {processor.py:161} INFO - Started process (PID=950) to work on /home/airflow/.local/lib/python3.8/site-packages/airflow/example_dags/example_params_trigger_ui.py
[2025-11-10T20:44:14.415+0000] {processor.py:830} INFO - Processing file /home/airflow/.local/lib/python3.8/site-packages/airflow/example_dags/example_params_trigger_ui.py for tasks to queue
[2025-11-10T20:44:14.419+0000] {logging_mixin.py:188} INFO - [2025-11-10T20:44:14.418+0000] {dagbag.py:540} INFO - Filling up the DagBag from /home/airflow/.local/lib/python3.8/site-packages/airflow/example_dags/example_params_trigger_ui.py
[2025-11-10T20:44:14.443+0000] {processor.py:840} INFO - DAG(s) 'example_params_trigger_ui' retrieved from /home/airflow/.local/lib/python3.8/site-packages/airflow/example_dags/example_params_trigger_ui.py
[2025-11-10T20:44:14.514+0000] {logging_mixin.py:188} INFO - [2025-11-10T20:44:14.514+0000] {dag.py:3047} INFO - Sync 1 DAGs
[2025-11-10T20:44:14.535+0000] {logging_mixin.py:188} INFO - [2025-11-10T20:44:14.535+0000] {dag.py:3834} INFO - Setting next_dagrun for example_params_trigger_ui to None, run_after=None
[2025-11-10T20:44:14.570+0000] {processor.py:183} INFO - Processing /home/airflow/.local/lib/python3.8/site-packages/airflow/example_dags/example_params_trigger_ui.py took 0.166 seconds
[2025-11-10T20:44:44.934+0000] {processor.py:161} INFO - Started process (PID=1005) to work on /home/airflow/.local/lib/python3.8/site-packages/airflow/example_dags/example_params_trigger_ui.py
[2025-11-10T20:44:44.936+0000] {processor.py:830} INFO - Processing file /home/airflow/.local/lib/python3.8/site-packages/airflow/example_dags/example_params_trigger_ui.py for tasks to queue
[2025-11-10T20:44:44.940+0000] {logging_mixin.py:188} INFO - [2025-11-10T20:44:44.940+0000] {dagbag.py:540} INFO - Filling up the DagBag from /home/airflow/.local/lib/python3.8/site-packages/airflow/example_dags/example_params_trigger_ui.py
[2025-11-10T20:44:44.959+0000] {processor.py:840} INFO - DAG(s) 'example_params_trigger_ui' retrieved from /home/airflow/.local/lib/python3.8/site-packages/airflow/example_dags/example_params_trigger_ui.py
[2025-11-10T20:44:45.040+0000] {logging_mixin.py:188} INFO - [2025-11-10T20:44:45.040+0000] {dag.py:3047} INFO - Sync 1 DAGs
[2025-11-10T20:44:45.053+0000] {logging_mixin.py:188} INFO - [2025-11-10T20:44:45.052+0000] {dag.py:3834} INFO - Setting next_dagrun for example_params_trigger_ui to None, run_after=None
[2025-11-10T20:44:45.085+0000] {processor.py:183} INFO - Processing /home/airflow/.local/lib/python3.8/site-packages/airflow/example_dags/example_params_trigger_ui.py took 0.158 seconds
[2025-11-10T20:45:15.222+0000] {processor.py:161} INFO - Started process (PID=1060) to work on /home/airflow/.local/lib/python3.8/site-packages/airflow/example_dags/example_params_trigger_ui.py
[2025-11-10T20:45:15.225+0000] {processor.py:830} INFO - Processing file /home/airflow/.local/lib/python3.8/site-packages/airflow/example_dags/example_params_trigger_ui.py for tasks to queue
[2025-11-10T20:45:15.228+0000] {logging_mixin.py:188} INFO - [2025-11-10T20:45:15.228+0000] {dagbag.py:540} INFO - Filling up the DagBag from /home/airflow/.local/lib/python3.8/site-packages/airflow/example_dags/example_params_trigger_ui.py
[2025-11-10T20:45:15.247+0000] {processor.py:840} INFO - DAG(s) 'example_params_trigger_ui' retrieved from /home/airflow/.local/lib/python3.8/site-packages/airflow/example_dags/example_params_trigger_ui.py
[2025-11-10T20:45:15.307+0000] {logging_mixin.py:188} INFO - [2025-11-10T20:45:15.306+0000] {dag.py:3047} INFO - Sync 1 DAGs
[2025-11-10T20:45:15.320+0000] {logging_mixin.py:188} INFO - [2025-11-10T20:45:15.319+0000] {dag.py:3834} INFO - Setting next_dagrun for example_params_trigger_ui to None, run_after=None
[2025-11-10T20:45:15.342+0000] {processor.py:183} INFO - Processing /home/airflow/.local/lib/python3.8/site-packages/airflow/example_dags/example_params_trigger_ui.py took 0.123 seconds
[2025-11-10T20:45:45.450+0000] {processor.py:161} INFO - Started process (PID=1115) to work on /home/airflow/.local/lib/python3.8/site-packages/airflow/example_dags/example_params_trigger_ui.py
[2025-11-10T20:45:45.452+0000] {processor.py:830} INFO - Processing file /home/airflow/.local/lib/python3.8/site-packages/airflow/example_dags/example_params_trigger_ui.py for tasks to queue
[2025-11-10T20:45:45.454+0000] {logging_mixin.py:188} INFO - [2025-11-10T20:45:45.454+0000] {dagbag.py:540} INFO - Filling up the DagBag from /home/airflow/.local/lib/python3.8/site-packages/airflow/example_dags/example_params_trigger_ui.py
[2025-11-10T20:45:45.470+0000] {processor.py:840} INFO - DAG(s) 'example_params_trigger_ui' retrieved from /home/airflow/.local/lib/python3.8/site-packages/airflow/example_dags/example_params_trigger_ui.py
[2025-11-10T20:45:45.521+0000] {logging_mixin.py:188} INFO - [2025-11-10T20:45:45.520+0000] {dag.py:3047} INFO - Sync 1 DAGs
[2025-11-10T20:45:45.532+0000] {logging_mixin.py:188} INFO - [2025-11-10T20:45:45.532+0000] {dag.py:3834} INFO - Setting next_dagrun for example_params_trigger_ui to None, run_after=None
[2025-11-10T20:45:45.554+0000] {processor.py:183} INFO - Processing /home/airflow/.local/lib/python3.8/site-packages/airflow/example_dags/example_params_trigger_ui.py took 0.110 seconds
[2025-11-10T20:46:15.633+0000] {processor.py:161} INFO - Started process (PID=1170) to work on /home/airflow/.local/lib/python3.8/site-packages/airflow/example_dags/example_params_trigger_ui.py
[2025-11-10T20:46:15.635+0000] {processor.py:830} INFO - Processing file /home/airflow/.local/lib/python3.8/site-packages/airflow/example_dags/example_params_trigger_ui.py for tasks to queue
[2025-11-10T20:46:15.638+0000] {logging_mixin.py:188} INFO - [2025-11-10T20:46:15.637+0000] {dagbag.py:540} INFO - Filling up the DagBag from /home/airflow/.local/lib/python3.8/site-packages/airflow/example_dags/example_params_trigger_ui.py
[2025-11-10T20:46:15.653+0000] {processor.py:840} INFO - DAG(s) 'example_params_trigger_ui' retrieved from /home/airflow/.local/lib/python3.8/site-packages/airflow/example_dags/example_params_trigger_ui.py
[2025-11-10T20:46:15.701+0000] {logging_mixin.py:188} INFO - [2025-11-10T20:46:15.701+0000] {dag.py:3047} INFO - Sync 1 DAGs
[2025-11-10T20:46:15.714+0000] {logging_mixin.py:188} INFO - [2025-11-10T20:46:15.714+0000] {dag.py:3834} INFO - Setting next_dagrun for example_params_trigger_ui to None, run_after=None
[2025-11-10T20:46:15.733+0000] {processor.py:183} INFO - Processing /home/airflow/.local/lib/python3.8/site-packages/airflow/example_dags/example_params_trigger_ui.py took 0.104 seconds
[2025-11-10T20:46:45.906+0000] {processor.py:161} INFO - Started process (PID=1226) to work on /home/airflow/.local/lib/python3.8/site-packages/airflow/example_dags/example_params_trigger_ui.py
[2025-11-10T20:46:45.909+0000] {processor.py:830} INFO - Processing file /home/airflow/.local/lib/python3.8/site-packages/airflow/example_dags/example_params_trigger_ui.py for tasks to queue
[2025-11-10T20:46:45.912+0000] {logging_mixin.py:188} INFO - [2025-11-10T20:46:45.912+0000] {dagbag.py:540} INFO - Filling up the DagBag from /home/airflow/.local/lib/python3.8/site-packages/airflow/example_dags/example_params_trigger_ui.py
[2025-11-10T20:46:45.927+0000] {processor.py:840} INFO - DAG(s) 'example_params_trigger_ui' retrieved from /home/airflow/.local/lib/python3.8/site-packages/airflow/example_dags/example_params_trigger_ui.py
[2025-11-10T20:46:45.975+0000] {logging_mixin.py:188} INFO - [2025-11-10T20:46:45.974+0000] {dag.py:3047} INFO - Sync 1 DAGs
[2025-11-10T20:46:45.987+0000] {logging_mixin.py:188} INFO - [2025-11-10T20:46:45.986+0000] {dag.py:3834} INFO - Setting next_dagrun for example_params_trigger_ui to None, run_after=None
[2025-11-10T20:46:46.006+0000] {processor.py:183} INFO - Processing /home/airflow/.local/lib/python3.8/site-packages/airflow/example_dags/example_params_trigger_ui.py took 0.107 seconds
[2025-11-10T20:47:16.409+0000] {processor.py:161} INFO - Started process (PID=1281) to work on /home/airflow/.local/lib/python3.8/site-packages/airflow/example_dags/example_params_trigger_ui.py
[2025-11-10T20:47:16.411+0000] {processor.py:830} INFO - Processing file /home/airflow/.local/lib/python3.8/site-packages/airflow/example_dags/example_params_trigger_ui.py for tasks to queue
[2025-11-10T20:47:16.413+0000] {logging_mixin.py:188} INFO - [2025-11-10T20:47:16.413+0000] {dagbag.py:540} INFO - Filling up the DagBag from /home/airflow/.local/lib/python3.8/site-packages/airflow/example_dags/example_params_trigger_ui.py
[2025-11-10T20:47:16.427+0000] {processor.py:840} INFO - DAG(s) 'example_params_trigger_ui' retrieved from /home/airflow/.local/lib/python3.8/site-packages/airflow/example_dags/example_params_trigger_ui.py
[2025-11-10T20:47:16.480+0000] {logging_mixin.py:188} INFO - [2025-11-10T20:47:16.480+0000] {dag.py:3047} INFO - Sync 1 DAGs
[2025-11-10T20:47:16.494+0000] {logging_mixin.py:188} INFO - [2025-11-10T20:47:16.493+0000] {dag.py:3834} INFO - Setting next_dagrun for example_params_trigger_ui to None, run_after=None
[2025-11-10T20:47:16.515+0000] {processor.py:183} INFO - Processing /home/airflow/.local/lib/python3.8/site-packages/airflow/example_dags/example_params_trigger_ui.py took 0.110 seconds
[2025-11-10T20:47:46.605+0000] {processor.py:161} INFO - Started process (PID=1336) to work on /home/airflow/.local/lib/python3.8/site-packages/airflow/example_dags/example_params_trigger_ui.py
[2025-11-10T20:47:46.608+0000] {processor.py:830} INFO - Processing file /home/airflow/.local/lib/python3.8/site-packages/airflow/example_dags/example_params_trigger_ui.py for tasks to queue
[2025-11-10T20:47:46.612+0000] {logging_mixin.py:188} INFO - [2025-11-10T20:47:46.611+0000] {dagbag.py:540} INFO - Filling up the DagBag from /home/airflow/.local/lib/python3.8/site-packages/airflow/example_dags/example_params_trigger_ui.py
[2025-11-10T20:47:46.635+0000] {processor.py:840} INFO - DAG(s) 'example_params_trigger_ui' retrieved from /home/airflow/.local/lib/python3.8/site-packages/airflow/example_dags/example_params_trigger_ui.py
[2025-11-10T20:47:46.687+0000] {logging_mixin.py:188} INFO - [2025-11-10T20:47:46.687+0000] {dag.py:3047} INFO - Sync 1 DAGs
[2025-11-10T20:47:46.699+0000] {logging_mixin.py:188} INFO - [2025-11-10T20:47:46.699+0000] {dag.py:3834} INFO - Setting next_dagrun for example_params_trigger_ui to None, run_after=None
[2025-11-10T20:47:46.717+0000] {processor.py:183} INFO - Processing /home/airflow/.local/lib/python3.8/site-packages/airflow/example_dags/example_params_trigger_ui.py took 0.119 seconds
[2025-11-10T20:48:17.072+0000] {processor.py:161} INFO - Started process (PID=1391) to work on /home/airflow/.local/lib/python3.8/site-packages/airflow/example_dags/example_params_trigger_ui.py
[2025-11-10T20:48:17.074+0000] {processor.py:830} INFO - Processing file /home/airflow/.local/lib/python3.8/site-packages/airflow/example_dags/example_params_trigger_ui.py for tasks to queue
[2025-11-10T20:48:17.076+0000] {logging_mixin.py:188} INFO - [2025-11-10T20:48:17.076+0000] {dagbag.py:540} INFO - Filling up the DagBag from /home/airflow/.local/lib/python3.8/site-packages/airflow/example_dags/example_params_trigger_ui.py
[2025-11-10T20:48:17.089+0000] {processor.py:840} INFO - DAG(s) 'example_params_trigger_ui' retrieved from /home/airflow/.local/lib/python3.8/site-packages/airflow/example_dags/example_params_trigger_ui.py
[2025-11-10T20:48:17.135+0000] {logging_mixin.py:188} INFO - [2025-11-10T20:48:17.135+0000] {dag.py:3047} INFO - Sync 1 DAGs
[2025-11-10T20:48:17.147+0000] {logging_mixin.py:188} INFO - [2025-11-10T20:48:17.146+0000] {dag.py:3834} INFO - Setting next_dagrun for example_params_trigger_ui to None, run_after=None
[2025-11-10T20:48:17.164+0000] {processor.py:183} INFO - Processing /home/airflow/.local/lib/python3.8/site-packages/airflow/example_dags/example_params_trigger_ui.py took 0.096 seconds
[2025-11-10T20:48:47.467+0000] {processor.py:161} INFO - Started process (PID=1446) to work on /home/airflow/.local/lib/python3.8/site-packages/airflow/example_dags/example_params_trigger_ui.py
[2025-11-10T20:48:47.469+0000] {processor.py:830} INFO - Processing file /home/airflow/.local/lib/python3.8/site-packages/airflow/example_dags/example_params_trigger_ui.py for tasks to queue
[2025-11-10T20:48:47.473+0000] {logging_mixin.py:188} INFO - [2025-11-10T20:48:47.472+0000] {dagbag.py:540} INFO - Filling up the DagBag from /home/airflow/.local/lib/python3.8/site-packages/airflow/example_dags/example_params_trigger_ui.py
[2025-11-10T20:48:47.489+0000] {processor.py:840} INFO - DAG(s) 'example_params_trigger_ui' retrieved from /home/airflow/.local/lib/python3.8/site-packages/airflow/example_dags/example_params_trigger_ui.py
[2025-11-10T20:48:47.537+0000] {logging_mixin.py:188} INFO - [2025-11-10T20:48:47.537+0000] {dag.py:3047} INFO - Sync 1 DAGs
[2025-11-10T20:48:47.550+0000] {logging_mixin.py:188} INFO - [2025-11-10T20:48:47.549+0000] {dag.py:3834} INFO - Setting next_dagrun for example_params_trigger_ui to None, run_after=None
[2025-11-10T20:48:47.567+0000] {processor.py:183} INFO - Processing /home/airflow/.local/lib/python3.8/site-packages/airflow/example_dags/example_params_trigger_ui.py took 0.107 seconds
[2025-11-10T20:49:18.166+0000] {processor.py:161} INFO - Started process (PID=1502) to work on /home/airflow/.local/lib/python3.8/site-packages/airflow/example_dags/example_params_trigger_ui.py
[2025-11-10T20:49:18.168+0000] {processor.py:830} INFO - Processing file /home/airflow/.local/lib/python3.8/site-packages/airflow/example_dags/example_params_trigger_ui.py for tasks to queue
[2025-11-10T20:49:18.171+0000] {logging_mixin.py:188} INFO - [2025-11-10T20:49:18.170+0000] {dagbag.py:540} INFO - Filling up the DagBag from /home/airflow/.local/lib/python3.8/site-packages/airflow/example_dags/example_params_trigger_ui.py
[2025-11-10T20:49:18.187+0000] {processor.py:840} INFO - DAG(s) 'example_params_trigger_ui' retrieved from /home/airflow/.local/lib/python3.8/site-packages/airflow/example_dags/example_params_trigger_ui.py
[2025-11-10T20:49:18.235+0000] {logging_mixin.py:188} INFO - [2025-11-10T20:49:18.235+0000] {dag.py:3047} INFO - Sync 1 DAGs
[2025-11-10T20:49:18.247+0000] {logging_mixin.py:188} INFO - [2025-11-10T20:49:18.246+0000] {dag.py:3834} INFO - Setting next_dagrun for example_params_trigger_ui to None, run_after=None
[2025-11-10T20:49:18.265+0000] {processor.py:183} INFO - Processing /home/airflow/.local/lib/python3.8/site-packages/airflow/example_dags/example_params_trigger_ui.py took 0.103 seconds
[2025-11-10T20:49:48.750+0000] {processor.py:161} INFO - Started process (PID=1557) to work on /home/airflow/.local/lib/python3.8/site-packages/airflow/example_dags/example_params_trigger_ui.py
[2025-11-10T20:49:48.753+0000] {processor.py:830} INFO - Processing file /home/airflow/.local/lib/python3.8/site-packages/airflow/example_dags/example_params_trigger_ui.py for tasks to queue
[2025-11-10T20:49:48.759+0000] {logging_mixin.py:188} INFO - [2025-11-10T20:49:48.758+0000] {dagbag.py:540} INFO - Filling up the DagBag from /home/airflow/.local/lib/python3.8/site-packages/airflow/example_dags/example_params_trigger_ui.py
[2025-11-10T20:49:48.777+0000] {processor.py:840} INFO - DAG(s) 'example_params_trigger_ui' retrieved from /home/airflow/.local/lib/python3.8/site-packages/airflow/example_dags/example_params_trigger_ui.py
[2025-11-10T20:49:48.826+0000] {logging_mixin.py:188} INFO - [2025-11-10T20:49:48.826+0000] {dag.py:3047} INFO - Sync 1 DAGs
[2025-11-10T20:49:48.843+0000] {logging_mixin.py:188} INFO - [2025-11-10T20:49:48.842+0000] {dag.py:3834} INFO - Setting next_dagrun for example_params_trigger_ui to None, run_after=None
[2025-11-10T20:49:48.877+0000] {processor.py:183} INFO - Processing /home/airflow/.local/lib/python3.8/site-packages/airflow/example_dags/example_params_trigger_ui.py took 0.133 seconds
[2025-11-10T20:50:18.926+0000] {processor.py:161} INFO - Started process (PID=1612) to work on /home/airflow/.local/lib/python3.8/site-packages/airflow/example_dags/example_params_trigger_ui.py
[2025-11-10T20:50:18.929+0000] {processor.py:830} INFO - Processing file /home/airflow/.local/lib/python3.8/site-packages/airflow/example_dags/example_params_trigger_ui.py for tasks to queue
[2025-11-10T20:50:18.933+0000] {logging_mixin.py:188} INFO - [2025-11-10T20:50:18.933+0000] {dagbag.py:540} INFO - Filling up the DagBag from /home/airflow/.local/lib/python3.8/site-packages/airflow/example_dags/example_params_trigger_ui.py
[2025-11-10T20:50:18.948+0000] {processor.py:840} INFO - DAG(s) 'example_params_trigger_ui' retrieved from /home/airflow/.local/lib/python3.8/site-packages/airflow/example_dags/example_params_trigger_ui.py
[2025-11-10T20:50:19.001+0000] {logging_mixin.py:188} INFO - [2025-11-10T20:50:19.001+0000] {dag.py:3047} INFO - Sync 1 DAGs
[2025-11-10T20:50:19.013+0000] {logging_mixin.py:188} INFO - [2025-11-10T20:50:19.012+0000] {dag.py:3834} INFO - Setting next_dagrun for example_params_trigger_ui to None, run_after=None
[2025-11-10T20:50:19.034+0000] {processor.py:183} INFO - Processing /home/airflow/.local/lib/python3.8/site-packages/airflow/example_dags/example_params_trigger_ui.py took 0.112 seconds
[2025-11-10T20:50:49.517+0000] {processor.py:161} INFO - Started process (PID=1667) to work on /home/airflow/.local/lib/python3.8/site-packages/airflow/example_dags/example_params_trigger_ui.py
[2025-11-10T20:50:49.519+0000] {processor.py:830} INFO - Processing file /home/airflow/.local/lib/python3.8/site-packages/airflow/example_dags/example_params_trigger_ui.py for tasks to queue
[2025-11-10T20:50:49.521+0000] {logging_mixin.py:188} INFO - [2025-11-10T20:50:49.521+0000] {dagbag.py:540} INFO - Filling up the DagBag from /home/airflow/.local/lib/python3.8/site-packages/airflow/example_dags/example_params_trigger_ui.py
[2025-11-10T20:50:49.568+0000] {processor.py:840} INFO - DAG(s) 'example_params_trigger_ui' retrieved from /home/airflow/.local/lib/python3.8/site-packages/airflow/example_dags/example_params_trigger_ui.py
[2025-11-10T20:50:49.637+0000] {logging_mixin.py:188} INFO - [2025-11-10T20:50:49.637+0000] {dag.py:3047} INFO - Sync 1 DAGs
[2025-11-10T20:50:49.649+0000] {logging_mixin.py:188} INFO - [2025-11-10T20:50:49.649+0000] {dag.py:3834} INFO - Setting next_dagrun for example_params_trigger_ui to None, run_after=None
[2025-11-10T20:50:49.671+0000] {processor.py:183} INFO - Processing /home/airflow/.local/lib/python3.8/site-packages/airflow/example_dags/example_params_trigger_ui.py took 0.160 seconds
[2025-11-10T20:51:19.945+0000] {processor.py:161} INFO - Started process (PID=1722) to work on /home/airflow/.local/lib/python3.8/site-packages/airflow/example_dags/example_params_trigger_ui.py
[2025-11-10T20:51:19.947+0000] {processor.py:830} INFO - Processing file /home/airflow/.local/lib/python3.8/site-packages/airflow/example_dags/example_params_trigger_ui.py for tasks to queue
[2025-11-10T20:51:19.949+0000] {logging_mixin.py:188} INFO - [2025-11-10T20:51:19.948+0000] {dagbag.py:540} INFO - Filling up the DagBag from /home/airflow/.local/lib/python3.8/site-packages/airflow/example_dags/example_params_trigger_ui.py
[2025-11-10T20:51:19.963+0000] {processor.py:840} INFO - DAG(s) 'example_params_trigger_ui' retrieved from /home/airflow/.local/lib/python3.8/site-packages/airflow/example_dags/example_params_trigger_ui.py
[2025-11-10T20:51:20.015+0000] {logging_mixin.py:188} INFO - [2025-11-10T20:51:20.015+0000] {dag.py:3047} INFO - Sync 1 DAGs
[2025-11-10T20:51:20.028+0000] {logging_mixin.py:188} INFO - [2025-11-10T20:51:20.027+0000] {dag.py:3834} INFO - Setting next_dagrun for example_params_trigger_ui to None, run_after=None
[2025-11-10T20:51:20.048+0000] {processor.py:183} INFO - Processing /home/airflow/.local/lib/python3.8/site-packages/airflow/example_dags/example_params_trigger_ui.py took 0.106 seconds
[2025-11-10T20:51:50.262+0000] {processor.py:161} INFO - Started process (PID=1777) to work on /home/airflow/.local/lib/python3.8/site-packages/airflow/example_dags/example_params_trigger_ui.py
[2025-11-10T20:51:50.263+0000] {processor.py:830} INFO - Processing file /home/airflow/.local/lib/python3.8/site-packages/airflow/example_dags/example_params_trigger_ui.py for tasks to queue
[2025-11-10T20:51:50.265+0000] {logging_mixin.py:188} INFO - [2025-11-10T20:51:50.265+0000] {dagbag.py:540} INFO - Filling up the DagBag from /home/airflow/.local/lib/python3.8/site-packages/airflow/example_dags/example_params_trigger_ui.py
[2025-11-10T20:51:50.281+0000] {processor.py:840} INFO - DAG(s) 'example_params_trigger_ui' retrieved from /home/airflow/.local/lib/python3.8/site-packages/airflow/example_dags/example_params_trigger_ui.py
[2025-11-10T20:51:50.334+0000] {logging_mixin.py:188} INFO - [2025-11-10T20:51:50.334+0000] {dag.py:3047} INFO - Sync 1 DAGs
[2025-11-10T20:51:50.347+0000] {logging_mixin.py:188} INFO - [2025-11-10T20:51:50.347+0000] {dag.py:3834} INFO - Setting next_dagrun for example_params_trigger_ui to None, run_after=None
[2025-11-10T20:51:50.381+0000] {processor.py:183} INFO - Processing /home/airflow/.local/lib/python3.8/site-packages/airflow/example_dags/example_params_trigger_ui.py took 0.122 seconds
[2025-11-10T20:52:20.616+0000] {processor.py:161} INFO - Started process (PID=1832) to work on /home/airflow/.local/lib/python3.8/site-packages/airflow/example_dags/example_params_trigger_ui.py
[2025-11-10T20:52:20.618+0000] {processor.py:830} INFO - Processing file /home/airflow/.local/lib/python3.8/site-packages/airflow/example_dags/example_params_trigger_ui.py for tasks to queue
[2025-11-10T20:52:20.620+0000] {logging_mixin.py:188} INFO - [2025-11-10T20:52:20.620+0000] {dagbag.py:540} INFO - Filling up the DagBag from /home/airflow/.local/lib/python3.8/site-packages/airflow/example_dags/example_params_trigger_ui.py
[2025-11-10T20:52:20.635+0000] {processor.py:840} INFO - DAG(s) 'example_params_trigger_ui' retrieved from /home/airflow/.local/lib/python3.8/site-packages/airflow/example_dags/example_params_trigger_ui.py
[2025-11-10T20:52:20.685+0000] {logging_mixin.py:188} INFO - [2025-11-10T20:52:20.685+0000] {dag.py:3047} INFO - Sync 1 DAGs
[2025-11-10T20:52:20.698+0000] {logging_mixin.py:188} INFO - [2025-11-10T20:52:20.697+0000] {dag.py:3834} INFO - Setting next_dagrun for example_params_trigger_ui to None, run_after=None
[2025-11-10T20:52:20.715+0000] {processor.py:183} INFO - Processing /home/airflow/.local/lib/python3.8/site-packages/airflow/example_dags/example_params_trigger_ui.py took 0.104 seconds
[2025-11-10T20:52:50.972+0000] {processor.py:161} INFO - Started process (PID=1887) to work on /home/airflow/.local/lib/python3.8/site-packages/airflow/example_dags/example_params_trigger_ui.py
[2025-11-10T20:52:50.974+0000] {processor.py:830} INFO - Processing file /home/airflow/.local/lib/python3.8/site-packages/airflow/example_dags/example_params_trigger_ui.py for tasks to queue
[2025-11-10T20:52:50.976+0000] {logging_mixin.py:188} INFO - [2025-11-10T20:52:50.976+0000] {dagbag.py:540} INFO - Filling up the DagBag from /home/airflow/.local/lib/python3.8/site-packages/airflow/example_dags/example_params_trigger_ui.py
[2025-11-10T20:52:50.996+0000] {processor.py:840} INFO - DAG(s) 'example_params_trigger_ui' retrieved from /home/airflow/.local/lib/python3.8/site-packages/airflow/example_dags/example_params_trigger_ui.py
[2025-11-10T20:52:51.061+0000] {logging_mixin.py:188} INFO - [2025-11-10T20:52:51.061+0000] {dag.py:3047} INFO - Sync 1 DAGs
[2025-11-10T20:52:51.075+0000] {logging_mixin.py:188} INFO - [2025-11-10T20:52:51.075+0000] {dag.py:3834} INFO - Setting next_dagrun for example_params_trigger_ui to None, run_after=None
[2025-11-10T20:52:51.105+0000] {processor.py:183} INFO - Processing /home/airflow/.local/lib/python3.8/site-packages/airflow/example_dags/example_params_trigger_ui.py took 0.136 seconds
[2025-11-10T20:53:21.351+0000] {processor.py:161} INFO - Started process (PID=1942) to work on /home/airflow/.local/lib/python3.8/site-packages/airflow/example_dags/example_params_trigger_ui.py
[2025-11-10T20:53:21.354+0000] {processor.py:830} INFO - Processing file /home/airflow/.local/lib/python3.8/site-packages/airflow/example_dags/example_params_trigger_ui.py for tasks to queue
[2025-11-10T20:53:21.356+0000] {logging_mixin.py:188} INFO - [2025-11-10T20:53:21.355+0000] {dagbag.py:540} INFO - Filling up the DagBag from /home/airflow/.local/lib/python3.8/site-packages/airflow/example_dags/example_params_trigger_ui.py
[2025-11-10T20:53:21.370+0000] {processor.py:840} INFO - DAG(s) 'example_params_trigger_ui' retrieved from /home/airflow/.local/lib/python3.8/site-packages/airflow/example_dags/example_params_trigger_ui.py
[2025-11-10T20:53:21.435+0000] {logging_mixin.py:188} INFO - [2025-11-10T20:53:21.435+0000] {dag.py:3047} INFO - Sync 1 DAGs
[2025-11-10T20:53:21.449+0000] {logging_mixin.py:188} INFO - [2025-11-10T20:53:21.449+0000] {dag.py:3834} INFO - Setting next_dagrun for example_params_trigger_ui to None, run_after=None
[2025-11-10T20:53:21.476+0000] {processor.py:183} INFO - Processing /home/airflow/.local/lib/python3.8/site-packages/airflow/example_dags/example_params_trigger_ui.py took 0.129 seconds
