[2025-11-10T20:36:14.086+0000] {processor.py:161} INFO - Started process (PID=110) to work on /home/airflow/.local/lib/python3.8/site-packages/airflow/example_dags/example_branch_labels.py
[2025-11-10T20:36:14.087+0000] {processor.py:830} INFO - Processing file /home/airflow/.local/lib/python3.8/site-packages/airflow/example_dags/example_branch_labels.py for tasks to queue
[2025-11-10T20:36:14.090+0000] {logging_mixin.py:188} INFO - [2025-11-10T20:36:14.089+0000] {dagbag.py:540} INFO - Filling up the DagBag from /home/airflow/.local/lib/python3.8/site-packages/airflow/example_dags/example_branch_labels.py
[2025-11-10T20:36:14.099+0000] {processor.py:840} INFO - DAG(s) 'example_branch_labels' retrieved from /home/airflow/.local/lib/python3.8/site-packages/airflow/example_dags/example_branch_labels.py
[2025-11-10T20:36:14.196+0000] {logging_mixin.py:188} INFO - [2025-11-10T20:36:14.195+0000] {override.py:1769} INFO - Created Permission View: can read on DAG:example_branch_labels
[2025-11-10T20:36:14.208+0000] {logging_mixin.py:188} INFO - [2025-11-10T20:36:14.207+0000] {override.py:1769} INFO - Created Permission View: can edit on DAG:example_branch_labels
[2025-11-10T20:36:14.216+0000] {logging_mixin.py:188} INFO - [2025-11-10T20:36:14.216+0000] {override.py:1769} INFO - Created Permission View: can delete on DAG:example_branch_labels
[2025-11-10T20:36:14.217+0000] {logging_mixin.py:188} INFO - [2025-11-10T20:36:14.217+0000] {dag.py:3047} INFO - Sync 1 DAGs
[2025-11-10T20:36:14.228+0000] {logging_mixin.py:188} INFO - [2025-11-10T20:36:14.228+0000] {dag.py:3069} INFO - Creating ORM DAG for example_branch_labels
[2025-11-10T20:36:14.239+0000] {logging_mixin.py:188} INFO - [2025-11-10T20:36:14.238+0000] {dag.py:3834} INFO - Setting next_dagrun for example_branch_labels to 2025-11-09 00:00:00+00:00, run_after=2025-11-10 00:00:00+00:00
[2025-11-10T20:36:14.255+0000] {processor.py:183} INFO - Processing /home/airflow/.local/lib/python3.8/site-packages/airflow/example_dags/example_branch_labels.py took 0.172 seconds
[2025-11-10T20:36:44.814+0000] {processor.py:161} INFO - Started process (PID=165) to work on /home/airflow/.local/lib/python3.8/site-packages/airflow/example_dags/example_branch_labels.py
[2025-11-10T20:36:44.816+0000] {processor.py:830} INFO - Processing file /home/airflow/.local/lib/python3.8/site-packages/airflow/example_dags/example_branch_labels.py for tasks to queue
[2025-11-10T20:36:44.818+0000] {logging_mixin.py:188} INFO - [2025-11-10T20:36:44.818+0000] {dagbag.py:540} INFO - Filling up the DagBag from /home/airflow/.local/lib/python3.8/site-packages/airflow/example_dags/example_branch_labels.py
[2025-11-10T20:36:44.827+0000] {processor.py:840} INFO - DAG(s) 'example_branch_labels' retrieved from /home/airflow/.local/lib/python3.8/site-packages/airflow/example_dags/example_branch_labels.py
[2025-11-10T20:36:44.848+0000] {logging_mixin.py:188} INFO - [2025-11-10T20:36:44.848+0000] {dag.py:3047} INFO - Sync 1 DAGs
[2025-11-10T20:36:44.870+0000] {logging_mixin.py:188} INFO - [2025-11-10T20:36:44.870+0000] {dag.py:3834} INFO - Setting next_dagrun for example_branch_labels to 2025-11-09 00:00:00+00:00, run_after=2025-11-10 00:00:00+00:00
[2025-11-10T20:36:44.889+0000] {processor.py:183} INFO - Processing /home/airflow/.local/lib/python3.8/site-packages/airflow/example_dags/example_branch_labels.py took 0.078 seconds
[2025-11-10T20:37:15.648+0000] {processor.py:161} INFO - Started process (PID=220) to work on /home/airflow/.local/lib/python3.8/site-packages/airflow/example_dags/example_branch_labels.py
[2025-11-10T20:37:15.650+0000] {processor.py:830} INFO - Processing file /home/airflow/.local/lib/python3.8/site-packages/airflow/example_dags/example_branch_labels.py for tasks to queue
[2025-11-10T20:37:15.654+0000] {logging_mixin.py:188} INFO - [2025-11-10T20:37:15.653+0000] {dagbag.py:540} INFO - Filling up the DagBag from /home/airflow/.local/lib/python3.8/site-packages/airflow/example_dags/example_branch_labels.py
[2025-11-10T20:37:15.664+0000] {processor.py:840} INFO - DAG(s) 'example_branch_labels' retrieved from /home/airflow/.local/lib/python3.8/site-packages/airflow/example_dags/example_branch_labels.py
[2025-11-10T20:37:15.704+0000] {logging_mixin.py:188} INFO - [2025-11-10T20:37:15.703+0000] {dag.py:3047} INFO - Sync 1 DAGs
[2025-11-10T20:37:15.780+0000] {logging_mixin.py:188} INFO - [2025-11-10T20:37:15.780+0000] {dag.py:3834} INFO - Setting next_dagrun for example_branch_labels to 2025-11-09 00:00:00+00:00, run_after=2025-11-10 00:00:00+00:00
[2025-11-10T20:37:15.815+0000] {processor.py:183} INFO - Processing /home/airflow/.local/lib/python3.8/site-packages/airflow/example_dags/example_branch_labels.py took 0.172 seconds
[2025-11-10T20:37:46.015+0000] {processor.py:161} INFO - Started process (PID=275) to work on /home/airflow/.local/lib/python3.8/site-packages/airflow/example_dags/example_branch_labels.py
[2025-11-10T20:37:46.017+0000] {processor.py:830} INFO - Processing file /home/airflow/.local/lib/python3.8/site-packages/airflow/example_dags/example_branch_labels.py for tasks to queue
[2025-11-10T20:37:46.019+0000] {logging_mixin.py:188} INFO - [2025-11-10T20:37:46.018+0000] {dagbag.py:540} INFO - Filling up the DagBag from /home/airflow/.local/lib/python3.8/site-packages/airflow/example_dags/example_branch_labels.py
[2025-11-10T20:37:46.026+0000] {processor.py:840} INFO - DAG(s) 'example_branch_labels' retrieved from /home/airflow/.local/lib/python3.8/site-packages/airflow/example_dags/example_branch_labels.py
[2025-11-10T20:37:46.047+0000] {logging_mixin.py:188} INFO - [2025-11-10T20:37:46.047+0000] {dag.py:3047} INFO - Sync 1 DAGs
[2025-11-10T20:37:46.069+0000] {logging_mixin.py:188} INFO - [2025-11-10T20:37:46.069+0000] {dag.py:3834} INFO - Setting next_dagrun for example_branch_labels to 2025-11-09 00:00:00+00:00, run_after=2025-11-10 00:00:00+00:00
[2025-11-10T20:37:46.088+0000] {processor.py:183} INFO - Processing /home/airflow/.local/lib/python3.8/site-packages/airflow/example_dags/example_branch_labels.py took 0.076 seconds
[2025-11-10T20:38:16.411+0000] {processor.py:161} INFO - Started process (PID=330) to work on /home/airflow/.local/lib/python3.8/site-packages/airflow/example_dags/example_branch_labels.py
[2025-11-10T20:38:16.413+0000] {processor.py:830} INFO - Processing file /home/airflow/.local/lib/python3.8/site-packages/airflow/example_dags/example_branch_labels.py for tasks to queue
[2025-11-10T20:38:16.415+0000] {logging_mixin.py:188} INFO - [2025-11-10T20:38:16.415+0000] {dagbag.py:540} INFO - Filling up the DagBag from /home/airflow/.local/lib/python3.8/site-packages/airflow/example_dags/example_branch_labels.py
[2025-11-10T20:38:16.424+0000] {processor.py:840} INFO - DAG(s) 'example_branch_labels' retrieved from /home/airflow/.local/lib/python3.8/site-packages/airflow/example_dags/example_branch_labels.py
[2025-11-10T20:38:16.451+0000] {logging_mixin.py:188} INFO - [2025-11-10T20:38:16.451+0000] {dag.py:3047} INFO - Sync 1 DAGs
[2025-11-10T20:38:16.497+0000] {logging_mixin.py:188} INFO - [2025-11-10T20:38:16.496+0000] {dag.py:3834} INFO - Setting next_dagrun for example_branch_labels to 2025-11-09 00:00:00+00:00, run_after=2025-11-10 00:00:00+00:00
[2025-11-10T20:38:16.527+0000] {processor.py:183} INFO - Processing /home/airflow/.local/lib/python3.8/site-packages/airflow/example_dags/example_branch_labels.py took 0.120 seconds
[2025-11-10T20:38:46.672+0000] {processor.py:161} INFO - Started process (PID=385) to work on /home/airflow/.local/lib/python3.8/site-packages/airflow/example_dags/example_branch_labels.py
[2025-11-10T20:38:46.674+0000] {processor.py:830} INFO - Processing file /home/airflow/.local/lib/python3.8/site-packages/airflow/example_dags/example_branch_labels.py for tasks to queue
[2025-11-10T20:38:46.678+0000] {logging_mixin.py:188} INFO - [2025-11-10T20:38:46.677+0000] {dagbag.py:540} INFO - Filling up the DagBag from /home/airflow/.local/lib/python3.8/site-packages/airflow/example_dags/example_branch_labels.py
[2025-11-10T20:38:46.690+0000] {processor.py:840} INFO - DAG(s) 'example_branch_labels' retrieved from /home/airflow/.local/lib/python3.8/site-packages/airflow/example_dags/example_branch_labels.py
[2025-11-10T20:38:46.717+0000] {logging_mixin.py:188} INFO - [2025-11-10T20:38:46.717+0000] {dag.py:3047} INFO - Sync 1 DAGs
[2025-11-10T20:38:46.747+0000] {logging_mixin.py:188} INFO - [2025-11-10T20:38:46.746+0000] {dag.py:3834} INFO - Setting next_dagrun for example_branch_labels to 2025-11-09 00:00:00+00:00, run_after=2025-11-10 00:00:00+00:00
[2025-11-10T20:38:46.772+0000] {processor.py:183} INFO - Processing /home/airflow/.local/lib/python3.8/site-packages/airflow/example_dags/example_branch_labels.py took 0.104 seconds
[2025-11-10T20:39:16.887+0000] {processor.py:161} INFO - Started process (PID=440) to work on /home/airflow/.local/lib/python3.8/site-packages/airflow/example_dags/example_branch_labels.py
[2025-11-10T20:39:16.889+0000] {processor.py:830} INFO - Processing file /home/airflow/.local/lib/python3.8/site-packages/airflow/example_dags/example_branch_labels.py for tasks to queue
[2025-11-10T20:39:16.892+0000] {logging_mixin.py:188} INFO - [2025-11-10T20:39:16.892+0000] {dagbag.py:540} INFO - Filling up the DagBag from /home/airflow/.local/lib/python3.8/site-packages/airflow/example_dags/example_branch_labels.py
[2025-11-10T20:39:16.901+0000] {processor.py:840} INFO - DAG(s) 'example_branch_labels' retrieved from /home/airflow/.local/lib/python3.8/site-packages/airflow/example_dags/example_branch_labels.py
[2025-11-10T20:39:16.923+0000] {logging_mixin.py:188} INFO - [2025-11-10T20:39:16.923+0000] {dag.py:3047} INFO - Sync 1 DAGs
[2025-11-10T20:39:16.948+0000] {logging_mixin.py:188} INFO - [2025-11-10T20:39:16.948+0000] {dag.py:3834} INFO - Setting next_dagrun for example_branch_labels to 2025-11-09 00:00:00+00:00, run_after=2025-11-10 00:00:00+00:00
[2025-11-10T20:39:16.969+0000] {processor.py:183} INFO - Processing /home/airflow/.local/lib/python3.8/site-packages/airflow/example_dags/example_branch_labels.py took 0.085 seconds
[2025-11-10T20:39:47.083+0000] {processor.py:161} INFO - Started process (PID=495) to work on /home/airflow/.local/lib/python3.8/site-packages/airflow/example_dags/example_branch_labels.py
[2025-11-10T20:39:47.085+0000] {processor.py:830} INFO - Processing file /home/airflow/.local/lib/python3.8/site-packages/airflow/example_dags/example_branch_labels.py for tasks to queue
[2025-11-10T20:39:47.088+0000] {logging_mixin.py:188} INFO - [2025-11-10T20:39:47.088+0000] {dagbag.py:540} INFO - Filling up the DagBag from /home/airflow/.local/lib/python3.8/site-packages/airflow/example_dags/example_branch_labels.py
[2025-11-10T20:39:47.099+0000] {processor.py:840} INFO - DAG(s) 'example_branch_labels' retrieved from /home/airflow/.local/lib/python3.8/site-packages/airflow/example_dags/example_branch_labels.py
[2025-11-10T20:39:47.128+0000] {logging_mixin.py:188} INFO - [2025-11-10T20:39:47.127+0000] {dag.py:3047} INFO - Sync 1 DAGs
[2025-11-10T20:39:47.151+0000] {logging_mixin.py:188} INFO - [2025-11-10T20:39:47.151+0000] {dag.py:3834} INFO - Setting next_dagrun for example_branch_labels to 2025-11-09 00:00:00+00:00, run_after=2025-11-10 00:00:00+00:00
[2025-11-10T20:39:47.173+0000] {processor.py:183} INFO - Processing /home/airflow/.local/lib/python3.8/site-packages/airflow/example_dags/example_branch_labels.py took 0.095 seconds
[2025-11-10T20:40:17.524+0000] {processor.py:161} INFO - Started process (PID=550) to work on /home/airflow/.local/lib/python3.8/site-packages/airflow/example_dags/example_branch_labels.py
[2025-11-10T20:40:17.525+0000] {processor.py:830} INFO - Processing file /home/airflow/.local/lib/python3.8/site-packages/airflow/example_dags/example_branch_labels.py for tasks to queue
[2025-11-10T20:40:17.527+0000] {logging_mixin.py:188} INFO - [2025-11-10T20:40:17.527+0000] {dagbag.py:540} INFO - Filling up the DagBag from /home/airflow/.local/lib/python3.8/site-packages/airflow/example_dags/example_branch_labels.py
[2025-11-10T20:40:17.535+0000] {processor.py:840} INFO - DAG(s) 'example_branch_labels' retrieved from /home/airflow/.local/lib/python3.8/site-packages/airflow/example_dags/example_branch_labels.py
[2025-11-10T20:40:17.556+0000] {logging_mixin.py:188} INFO - [2025-11-10T20:40:17.556+0000] {dag.py:3047} INFO - Sync 1 DAGs
[2025-11-10T20:40:17.579+0000] {logging_mixin.py:188} INFO - [2025-11-10T20:40:17.579+0000] {dag.py:3834} INFO - Setting next_dagrun for example_branch_labels to 2025-11-09 00:00:00+00:00, run_after=2025-11-10 00:00:00+00:00
[2025-11-10T20:40:17.598+0000] {processor.py:183} INFO - Processing /home/airflow/.local/lib/python3.8/site-packages/airflow/example_dags/example_branch_labels.py took 0.077 seconds
[2025-11-10T20:40:48.202+0000] {processor.py:161} INFO - Started process (PID=605) to work on /home/airflow/.local/lib/python3.8/site-packages/airflow/example_dags/example_branch_labels.py
[2025-11-10T20:40:48.206+0000] {processor.py:830} INFO - Processing file /home/airflow/.local/lib/python3.8/site-packages/airflow/example_dags/example_branch_labels.py for tasks to queue
[2025-11-10T20:40:48.212+0000] {logging_mixin.py:188} INFO - [2025-11-10T20:40:48.211+0000] {dagbag.py:540} INFO - Filling up the DagBag from /home/airflow/.local/lib/python3.8/site-packages/airflow/example_dags/example_branch_labels.py
[2025-11-10T20:40:48.231+0000] {processor.py:840} INFO - DAG(s) 'example_branch_labels' retrieved from /home/airflow/.local/lib/python3.8/site-packages/airflow/example_dags/example_branch_labels.py
[2025-11-10T20:40:48.257+0000] {logging_mixin.py:188} INFO - [2025-11-10T20:40:48.257+0000] {dag.py:3047} INFO - Sync 1 DAGs
[2025-11-10T20:40:48.279+0000] {logging_mixin.py:188} INFO - [2025-11-10T20:40:48.279+0000] {dag.py:3834} INFO - Setting next_dagrun for example_branch_labels to 2025-11-09 00:00:00+00:00, run_after=2025-11-10 00:00:00+00:00
[2025-11-10T20:40:48.298+0000] {processor.py:183} INFO - Processing /home/airflow/.local/lib/python3.8/site-packages/airflow/example_dags/example_branch_labels.py took 0.104 seconds
[2025-11-10T20:41:18.602+0000] {processor.py:161} INFO - Started process (PID=660) to work on /home/airflow/.local/lib/python3.8/site-packages/airflow/example_dags/example_branch_labels.py
[2025-11-10T20:41:18.603+0000] {processor.py:830} INFO - Processing file /home/airflow/.local/lib/python3.8/site-packages/airflow/example_dags/example_branch_labels.py for tasks to queue
[2025-11-10T20:41:18.606+0000] {logging_mixin.py:188} INFO - [2025-11-10T20:41:18.605+0000] {dagbag.py:540} INFO - Filling up the DagBag from /home/airflow/.local/lib/python3.8/site-packages/airflow/example_dags/example_branch_labels.py
[2025-11-10T20:41:18.615+0000] {processor.py:840} INFO - DAG(s) 'example_branch_labels' retrieved from /home/airflow/.local/lib/python3.8/site-packages/airflow/example_dags/example_branch_labels.py
[2025-11-10T20:41:18.636+0000] {logging_mixin.py:188} INFO - [2025-11-10T20:41:18.636+0000] {dag.py:3047} INFO - Sync 1 DAGs
[2025-11-10T20:41:18.658+0000] {logging_mixin.py:188} INFO - [2025-11-10T20:41:18.658+0000] {dag.py:3834} INFO - Setting next_dagrun for example_branch_labels to 2025-11-09 00:00:00+00:00, run_after=2025-11-10 00:00:00+00:00
[2025-11-10T20:41:18.677+0000] {processor.py:183} INFO - Processing /home/airflow/.local/lib/python3.8/site-packages/airflow/example_dags/example_branch_labels.py took 0.078 seconds
[2025-11-10T20:41:49.069+0000] {processor.py:161} INFO - Started process (PID=715) to work on /home/airflow/.local/lib/python3.8/site-packages/airflow/example_dags/example_branch_labels.py
[2025-11-10T20:41:49.071+0000] {processor.py:830} INFO - Processing file /home/airflow/.local/lib/python3.8/site-packages/airflow/example_dags/example_branch_labels.py for tasks to queue
[2025-11-10T20:41:49.076+0000] {logging_mixin.py:188} INFO - [2025-11-10T20:41:49.075+0000] {dagbag.py:540} INFO - Filling up the DagBag from /home/airflow/.local/lib/python3.8/site-packages/airflow/example_dags/example_branch_labels.py
[2025-11-10T20:41:49.092+0000] {processor.py:840} INFO - DAG(s) 'example_branch_labels' retrieved from /home/airflow/.local/lib/python3.8/site-packages/airflow/example_dags/example_branch_labels.py
[2025-11-10T20:41:49.117+0000] {logging_mixin.py:188} INFO - [2025-11-10T20:41:49.117+0000] {dag.py:3047} INFO - Sync 1 DAGs
[2025-11-10T20:41:49.140+0000] {logging_mixin.py:188} INFO - [2025-11-10T20:41:49.140+0000] {dag.py:3834} INFO - Setting next_dagrun for example_branch_labels to 2025-11-09 00:00:00+00:00, run_after=2025-11-10 00:00:00+00:00
[2025-11-10T20:41:49.160+0000] {processor.py:183} INFO - Processing /home/airflow/.local/lib/python3.8/site-packages/airflow/example_dags/example_branch_labels.py took 0.100 seconds
[2025-11-10T20:42:19.707+0000] {processor.py:161} INFO - Started process (PID=770) to work on /home/airflow/.local/lib/python3.8/site-packages/airflow/example_dags/example_branch_labels.py
[2025-11-10T20:42:19.709+0000] {processor.py:830} INFO - Processing file /home/airflow/.local/lib/python3.8/site-packages/airflow/example_dags/example_branch_labels.py for tasks to queue
[2025-11-10T20:42:19.714+0000] {logging_mixin.py:188} INFO - [2025-11-10T20:42:19.714+0000] {dagbag.py:540} INFO - Filling up the DagBag from /home/airflow/.local/lib/python3.8/site-packages/airflow/example_dags/example_branch_labels.py
[2025-11-10T20:42:19.723+0000] {processor.py:840} INFO - DAG(s) 'example_branch_labels' retrieved from /home/airflow/.local/lib/python3.8/site-packages/airflow/example_dags/example_branch_labels.py
[2025-11-10T20:42:19.744+0000] {logging_mixin.py:188} INFO - [2025-11-10T20:42:19.744+0000] {dag.py:3047} INFO - Sync 1 DAGs
[2025-11-10T20:42:19.765+0000] {logging_mixin.py:188} INFO - [2025-11-10T20:42:19.765+0000] {dag.py:3834} INFO - Setting next_dagrun for example_branch_labels to 2025-11-09 00:00:00+00:00, run_after=2025-11-10 00:00:00+00:00
[2025-11-10T20:42:19.783+0000] {processor.py:183} INFO - Processing /home/airflow/.local/lib/python3.8/site-packages/airflow/example_dags/example_branch_labels.py took 0.079 seconds
[2025-11-10T20:42:50.451+0000] {processor.py:161} INFO - Started process (PID=825) to work on /home/airflow/.local/lib/python3.8/site-packages/airflow/example_dags/example_branch_labels.py
[2025-11-10T20:42:50.453+0000] {processor.py:830} INFO - Processing file /home/airflow/.local/lib/python3.8/site-packages/airflow/example_dags/example_branch_labels.py for tasks to queue
[2025-11-10T20:42:50.455+0000] {logging_mixin.py:188} INFO - [2025-11-10T20:42:50.455+0000] {dagbag.py:540} INFO - Filling up the DagBag from /home/airflow/.local/lib/python3.8/site-packages/airflow/example_dags/example_branch_labels.py
[2025-11-10T20:42:50.467+0000] {processor.py:840} INFO - DAG(s) 'example_branch_labels' retrieved from /home/airflow/.local/lib/python3.8/site-packages/airflow/example_dags/example_branch_labels.py
[2025-11-10T20:42:50.496+0000] {logging_mixin.py:188} INFO - [2025-11-10T20:42:50.496+0000] {dag.py:3047} INFO - Sync 1 DAGs
[2025-11-10T20:42:50.517+0000] {logging_mixin.py:188} INFO - [2025-11-10T20:42:50.516+0000] {dag.py:3834} INFO - Setting next_dagrun for example_branch_labels to 2025-11-09 00:00:00+00:00, run_after=2025-11-10 00:00:00+00:00
[2025-11-10T20:42:50.535+0000] {processor.py:183} INFO - Processing /home/airflow/.local/lib/python3.8/site-packages/airflow/example_dags/example_branch_labels.py took 0.090 seconds
[2025-11-10T20:43:20.693+0000] {processor.py:161} INFO - Started process (PID=880) to work on /home/airflow/.local/lib/python3.8/site-packages/airflow/example_dags/example_branch_labels.py
[2025-11-10T20:43:20.698+0000] {processor.py:830} INFO - Processing file /home/airflow/.local/lib/python3.8/site-packages/airflow/example_dags/example_branch_labels.py for tasks to queue
[2025-11-10T20:43:20.702+0000] {logging_mixin.py:188} INFO - [2025-11-10T20:43:20.702+0000] {dagbag.py:540} INFO - Filling up the DagBag from /home/airflow/.local/lib/python3.8/site-packages/airflow/example_dags/example_branch_labels.py
[2025-11-10T20:43:20.716+0000] {processor.py:840} INFO - DAG(s) 'example_branch_labels' retrieved from /home/airflow/.local/lib/python3.8/site-packages/airflow/example_dags/example_branch_labels.py
[2025-11-10T20:43:20.754+0000] {logging_mixin.py:188} INFO - [2025-11-10T20:43:20.754+0000] {dag.py:3047} INFO - Sync 1 DAGs
[2025-11-10T20:43:20.783+0000] {logging_mixin.py:188} INFO - [2025-11-10T20:43:20.783+0000] {dag.py:3834} INFO - Setting next_dagrun for example_branch_labels to 2025-11-09 00:00:00+00:00, run_after=2025-11-10 00:00:00+00:00
[2025-11-10T20:43:20.811+0000] {processor.py:183} INFO - Processing /home/airflow/.local/lib/python3.8/site-packages/airflow/example_dags/example_branch_labels.py took 0.122 seconds
[2025-11-10T20:43:51.193+0000] {processor.py:161} INFO - Started process (PID=934) to work on /home/airflow/.local/lib/python3.8/site-packages/airflow/example_dags/example_branch_labels.py
[2025-11-10T20:43:51.197+0000] {processor.py:830} INFO - Processing file /home/airflow/.local/lib/python3.8/site-packages/airflow/example_dags/example_branch_labels.py for tasks to queue
[2025-11-10T20:43:51.200+0000] {logging_mixin.py:188} INFO - [2025-11-10T20:43:51.200+0000] {dagbag.py:540} INFO - Filling up the DagBag from /home/airflow/.local/lib/python3.8/site-packages/airflow/example_dags/example_branch_labels.py
[2025-11-10T20:43:51.208+0000] {processor.py:840} INFO - DAG(s) 'example_branch_labels' retrieved from /home/airflow/.local/lib/python3.8/site-packages/airflow/example_dags/example_branch_labels.py
[2025-11-10T20:43:51.239+0000] {logging_mixin.py:188} INFO - [2025-11-10T20:43:51.238+0000] {dag.py:3047} INFO - Sync 1 DAGs
[2025-11-10T20:43:51.264+0000] {logging_mixin.py:188} INFO - [2025-11-10T20:43:51.264+0000] {dag.py:3834} INFO - Setting next_dagrun for example_branch_labels to 2025-11-09 00:00:00+00:00, run_after=2025-11-10 00:00:00+00:00
[2025-11-10T20:43:51.283+0000] {processor.py:183} INFO - Processing /home/airflow/.local/lib/python3.8/site-packages/airflow/example_dags/example_branch_labels.py took 0.103 seconds
[2025-11-10T20:44:22.069+0000] {processor.py:161} INFO - Started process (PID=989) to work on /home/airflow/.local/lib/python3.8/site-packages/airflow/example_dags/example_branch_labels.py
[2025-11-10T20:44:22.071+0000] {processor.py:830} INFO - Processing file /home/airflow/.local/lib/python3.8/site-packages/airflow/example_dags/example_branch_labels.py for tasks to queue
[2025-11-10T20:44:22.075+0000] {logging_mixin.py:188} INFO - [2025-11-10T20:44:22.074+0000] {dagbag.py:540} INFO - Filling up the DagBag from /home/airflow/.local/lib/python3.8/site-packages/airflow/example_dags/example_branch_labels.py
[2025-11-10T20:44:22.087+0000] {processor.py:840} INFO - DAG(s) 'example_branch_labels' retrieved from /home/airflow/.local/lib/python3.8/site-packages/airflow/example_dags/example_branch_labels.py
[2025-11-10T20:44:22.121+0000] {logging_mixin.py:188} INFO - [2025-11-10T20:44:22.121+0000] {dag.py:3047} INFO - Sync 1 DAGs
[2025-11-10T20:44:22.153+0000] {logging_mixin.py:188} INFO - [2025-11-10T20:44:22.153+0000] {dag.py:3834} INFO - Setting next_dagrun for example_branch_labels to 2025-11-09 00:00:00+00:00, run_after=2025-11-10 00:00:00+00:00
[2025-11-10T20:44:22.171+0000] {processor.py:183} INFO - Processing /home/airflow/.local/lib/python3.8/site-packages/airflow/example_dags/example_branch_labels.py took 0.107 seconds
[2025-11-10T20:44:52.644+0000] {processor.py:161} INFO - Started process (PID=1044) to work on /home/airflow/.local/lib/python3.8/site-packages/airflow/example_dags/example_branch_labels.py
[2025-11-10T20:44:52.645+0000] {processor.py:830} INFO - Processing file /home/airflow/.local/lib/python3.8/site-packages/airflow/example_dags/example_branch_labels.py for tasks to queue
[2025-11-10T20:44:52.647+0000] {logging_mixin.py:188} INFO - [2025-11-10T20:44:52.647+0000] {dagbag.py:540} INFO - Filling up the DagBag from /home/airflow/.local/lib/python3.8/site-packages/airflow/example_dags/example_branch_labels.py
[2025-11-10T20:44:52.656+0000] {processor.py:840} INFO - DAG(s) 'example_branch_labels' retrieved from /home/airflow/.local/lib/python3.8/site-packages/airflow/example_dags/example_branch_labels.py
[2025-11-10T20:44:52.681+0000] {logging_mixin.py:188} INFO - [2025-11-10T20:44:52.681+0000] {dag.py:3047} INFO - Sync 1 DAGs
[2025-11-10T20:44:52.715+0000] {logging_mixin.py:188} INFO - [2025-11-10T20:44:52.714+0000] {dag.py:3834} INFO - Setting next_dagrun for example_branch_labels to 2025-11-09 00:00:00+00:00, run_after=2025-11-10 00:00:00+00:00
[2025-11-10T20:44:52.741+0000] {processor.py:183} INFO - Processing /home/airflow/.local/lib/python3.8/site-packages/airflow/example_dags/example_branch_labels.py took 0.100 seconds
[2025-11-10T20:45:22.792+0000] {processor.py:161} INFO - Started process (PID=1098) to work on /home/airflow/.local/lib/python3.8/site-packages/airflow/example_dags/example_branch_labels.py
[2025-11-10T20:45:22.795+0000] {processor.py:830} INFO - Processing file /home/airflow/.local/lib/python3.8/site-packages/airflow/example_dags/example_branch_labels.py for tasks to queue
[2025-11-10T20:45:22.798+0000] {logging_mixin.py:188} INFO - [2025-11-10T20:45:22.798+0000] {dagbag.py:540} INFO - Filling up the DagBag from /home/airflow/.local/lib/python3.8/site-packages/airflow/example_dags/example_branch_labels.py
[2025-11-10T20:45:22.815+0000] {processor.py:840} INFO - DAG(s) 'example_branch_labels' retrieved from /home/airflow/.local/lib/python3.8/site-packages/airflow/example_dags/example_branch_labels.py
[2025-11-10T20:45:22.851+0000] {logging_mixin.py:188} INFO - [2025-11-10T20:45:22.850+0000] {dag.py:3047} INFO - Sync 1 DAGs
[2025-11-10T20:45:22.878+0000] {logging_mixin.py:188} INFO - [2025-11-10T20:45:22.877+0000] {dag.py:3834} INFO - Setting next_dagrun for example_branch_labels to 2025-11-09 00:00:00+00:00, run_after=2025-11-10 00:00:00+00:00
[2025-11-10T20:45:22.897+0000] {processor.py:183} INFO - Processing /home/airflow/.local/lib/python3.8/site-packages/airflow/example_dags/example_branch_labels.py took 0.110 seconds
[2025-11-10T20:45:53.423+0000] {processor.py:161} INFO - Started process (PID=1154) to work on /home/airflow/.local/lib/python3.8/site-packages/airflow/example_dags/example_branch_labels.py
[2025-11-10T20:45:53.425+0000] {processor.py:830} INFO - Processing file /home/airflow/.local/lib/python3.8/site-packages/airflow/example_dags/example_branch_labels.py for tasks to queue
[2025-11-10T20:45:53.427+0000] {logging_mixin.py:188} INFO - [2025-11-10T20:45:53.426+0000] {dagbag.py:540} INFO - Filling up the DagBag from /home/airflow/.local/lib/python3.8/site-packages/airflow/example_dags/example_branch_labels.py
[2025-11-10T20:45:53.435+0000] {processor.py:840} INFO - DAG(s) 'example_branch_labels' retrieved from /home/airflow/.local/lib/python3.8/site-packages/airflow/example_dags/example_branch_labels.py
[2025-11-10T20:45:53.457+0000] {logging_mixin.py:188} INFO - [2025-11-10T20:45:53.456+0000] {dag.py:3047} INFO - Sync 1 DAGs
[2025-11-10T20:45:53.479+0000] {logging_mixin.py:188} INFO - [2025-11-10T20:45:53.479+0000] {dag.py:3834} INFO - Setting next_dagrun for example_branch_labels to 2025-11-09 00:00:00+00:00, run_after=2025-11-10 00:00:00+00:00
[2025-11-10T20:45:53.498+0000] {processor.py:183} INFO - Processing /home/airflow/.local/lib/python3.8/site-packages/airflow/example_dags/example_branch_labels.py took 0.078 seconds
[2025-11-10T20:46:23.772+0000] {processor.py:161} INFO - Started process (PID=1209) to work on /home/airflow/.local/lib/python3.8/site-packages/airflow/example_dags/example_branch_labels.py
[2025-11-10T20:46:23.774+0000] {processor.py:830} INFO - Processing file /home/airflow/.local/lib/python3.8/site-packages/airflow/example_dags/example_branch_labels.py for tasks to queue
[2025-11-10T20:46:23.783+0000] {logging_mixin.py:188} INFO - [2025-11-10T20:46:23.782+0000] {dagbag.py:540} INFO - Filling up the DagBag from /home/airflow/.local/lib/python3.8/site-packages/airflow/example_dags/example_branch_labels.py
[2025-11-10T20:46:23.792+0000] {processor.py:840} INFO - DAG(s) 'example_branch_labels' retrieved from /home/airflow/.local/lib/python3.8/site-packages/airflow/example_dags/example_branch_labels.py
[2025-11-10T20:46:23.820+0000] {logging_mixin.py:188} INFO - [2025-11-10T20:46:23.819+0000] {dag.py:3047} INFO - Sync 1 DAGs
[2025-11-10T20:46:23.866+0000] {logging_mixin.py:188} INFO - [2025-11-10T20:46:23.866+0000] {dag.py:3834} INFO - Setting next_dagrun for example_branch_labels to 2025-11-09 00:00:00+00:00, run_after=2025-11-10 00:00:00+00:00
[2025-11-10T20:46:23.893+0000] {processor.py:183} INFO - Processing /home/airflow/.local/lib/python3.8/site-packages/airflow/example_dags/example_branch_labels.py took 0.125 seconds
[2025-11-10T20:46:54.694+0000] {processor.py:161} INFO - Started process (PID=1265) to work on /home/airflow/.local/lib/python3.8/site-packages/airflow/example_dags/example_branch_labels.py
[2025-11-10T20:46:54.696+0000] {processor.py:830} INFO - Processing file /home/airflow/.local/lib/python3.8/site-packages/airflow/example_dags/example_branch_labels.py for tasks to queue
[2025-11-10T20:46:54.697+0000] {logging_mixin.py:188} INFO - [2025-11-10T20:46:54.697+0000] {dagbag.py:540} INFO - Filling up the DagBag from /home/airflow/.local/lib/python3.8/site-packages/airflow/example_dags/example_branch_labels.py
[2025-11-10T20:46:54.705+0000] {processor.py:840} INFO - DAG(s) 'example_branch_labels' retrieved from /home/airflow/.local/lib/python3.8/site-packages/airflow/example_dags/example_branch_labels.py
[2025-11-10T20:46:54.727+0000] {logging_mixin.py:188} INFO - [2025-11-10T20:46:54.726+0000] {dag.py:3047} INFO - Sync 1 DAGs
[2025-11-10T20:46:54.747+0000] {logging_mixin.py:188} INFO - [2025-11-10T20:46:54.747+0000] {dag.py:3834} INFO - Setting next_dagrun for example_branch_labels to 2025-11-09 00:00:00+00:00, run_after=2025-11-10 00:00:00+00:00
[2025-11-10T20:46:54.766+0000] {processor.py:183} INFO - Processing /home/airflow/.local/lib/python3.8/site-packages/airflow/example_dags/example_branch_labels.py took 0.075 seconds
[2025-11-10T20:47:24.906+0000] {processor.py:161} INFO - Started process (PID=1320) to work on /home/airflow/.local/lib/python3.8/site-packages/airflow/example_dags/example_branch_labels.py
[2025-11-10T20:47:24.907+0000] {processor.py:830} INFO - Processing file /home/airflow/.local/lib/python3.8/site-packages/airflow/example_dags/example_branch_labels.py for tasks to queue
[2025-11-10T20:47:24.909+0000] {logging_mixin.py:188} INFO - [2025-11-10T20:47:24.909+0000] {dagbag.py:540} INFO - Filling up the DagBag from /home/airflow/.local/lib/python3.8/site-packages/airflow/example_dags/example_branch_labels.py
[2025-11-10T20:47:24.918+0000] {processor.py:840} INFO - DAG(s) 'example_branch_labels' retrieved from /home/airflow/.local/lib/python3.8/site-packages/airflow/example_dags/example_branch_labels.py
[2025-11-10T20:47:24.943+0000] {logging_mixin.py:188} INFO - [2025-11-10T20:47:24.943+0000] {dag.py:3047} INFO - Sync 1 DAGs
[2025-11-10T20:47:24.965+0000] {logging_mixin.py:188} INFO - [2025-11-10T20:47:24.965+0000] {dag.py:3834} INFO - Setting next_dagrun for example_branch_labels to 2025-11-09 00:00:00+00:00, run_after=2025-11-10 00:00:00+00:00
[2025-11-10T20:47:24.984+0000] {processor.py:183} INFO - Processing /home/airflow/.local/lib/python3.8/site-packages/airflow/example_dags/example_branch_labels.py took 0.081 seconds
[2025-11-10T20:47:55.444+0000] {processor.py:161} INFO - Started process (PID=1375) to work on /home/airflow/.local/lib/python3.8/site-packages/airflow/example_dags/example_branch_labels.py
[2025-11-10T20:47:55.445+0000] {processor.py:830} INFO - Processing file /home/airflow/.local/lib/python3.8/site-packages/airflow/example_dags/example_branch_labels.py for tasks to queue
[2025-11-10T20:47:55.447+0000] {logging_mixin.py:188} INFO - [2025-11-10T20:47:55.447+0000] {dagbag.py:540} INFO - Filling up the DagBag from /home/airflow/.local/lib/python3.8/site-packages/airflow/example_dags/example_branch_labels.py
[2025-11-10T20:47:55.456+0000] {processor.py:840} INFO - DAG(s) 'example_branch_labels' retrieved from /home/airflow/.local/lib/python3.8/site-packages/airflow/example_dags/example_branch_labels.py
[2025-11-10T20:47:55.477+0000] {logging_mixin.py:188} INFO - [2025-11-10T20:47:55.476+0000] {dag.py:3047} INFO - Sync 1 DAGs
[2025-11-10T20:47:55.498+0000] {logging_mixin.py:188} INFO - [2025-11-10T20:47:55.498+0000] {dag.py:3834} INFO - Setting next_dagrun for example_branch_labels to 2025-11-09 00:00:00+00:00, run_after=2025-11-10 00:00:00+00:00
[2025-11-10T20:47:55.519+0000] {processor.py:183} INFO - Processing /home/airflow/.local/lib/python3.8/site-packages/airflow/example_dags/example_branch_labels.py took 0.078 seconds
[2025-11-10T20:48:26.263+0000] {processor.py:161} INFO - Started process (PID=1430) to work on /home/airflow/.local/lib/python3.8/site-packages/airflow/example_dags/example_branch_labels.py
[2025-11-10T20:48:26.265+0000] {processor.py:830} INFO - Processing file /home/airflow/.local/lib/python3.8/site-packages/airflow/example_dags/example_branch_labels.py for tasks to queue
[2025-11-10T20:48:26.267+0000] {logging_mixin.py:188} INFO - [2025-11-10T20:48:26.267+0000] {dagbag.py:540} INFO - Filling up the DagBag from /home/airflow/.local/lib/python3.8/site-packages/airflow/example_dags/example_branch_labels.py
[2025-11-10T20:48:26.278+0000] {processor.py:840} INFO - DAG(s) 'example_branch_labels' retrieved from /home/airflow/.local/lib/python3.8/site-packages/airflow/example_dags/example_branch_labels.py
[2025-11-10T20:48:26.303+0000] {logging_mixin.py:188} INFO - [2025-11-10T20:48:26.303+0000] {dag.py:3047} INFO - Sync 1 DAGs
[2025-11-10T20:48:26.329+0000] {logging_mixin.py:188} INFO - [2025-11-10T20:48:26.328+0000] {dag.py:3834} INFO - Setting next_dagrun for example_branch_labels to 2025-11-09 00:00:00+00:00, run_after=2025-11-10 00:00:00+00:00
[2025-11-10T20:48:26.346+0000] {processor.py:183} INFO - Processing /home/airflow/.local/lib/python3.8/site-packages/airflow/example_dags/example_branch_labels.py took 0.090 seconds
[2025-11-10T20:48:57.041+0000] {processor.py:161} INFO - Started process (PID=1485) to work on /home/airflow/.local/lib/python3.8/site-packages/airflow/example_dags/example_branch_labels.py
[2025-11-10T20:48:57.044+0000] {processor.py:830} INFO - Processing file /home/airflow/.local/lib/python3.8/site-packages/airflow/example_dags/example_branch_labels.py for tasks to queue
[2025-11-10T20:48:57.048+0000] {logging_mixin.py:188} INFO - [2025-11-10T20:48:57.047+0000] {dagbag.py:540} INFO - Filling up the DagBag from /home/airflow/.local/lib/python3.8/site-packages/airflow/example_dags/example_branch_labels.py
[2025-11-10T20:48:57.062+0000] {processor.py:840} INFO - DAG(s) 'example_branch_labels' retrieved from /home/airflow/.local/lib/python3.8/site-packages/airflow/example_dags/example_branch_labels.py
[2025-11-10T20:48:57.090+0000] {logging_mixin.py:188} INFO - [2025-11-10T20:48:57.090+0000] {dag.py:3047} INFO - Sync 1 DAGs
[2025-11-10T20:48:57.114+0000] {logging_mixin.py:188} INFO - [2025-11-10T20:48:57.113+0000] {dag.py:3834} INFO - Setting next_dagrun for example_branch_labels to 2025-11-09 00:00:00+00:00, run_after=2025-11-10 00:00:00+00:00
[2025-11-10T20:48:57.130+0000] {processor.py:183} INFO - Processing /home/airflow/.local/lib/python3.8/site-packages/airflow/example_dags/example_branch_labels.py took 0.093 seconds
[2025-11-10T20:49:27.467+0000] {processor.py:161} INFO - Started process (PID=1541) to work on /home/airflow/.local/lib/python3.8/site-packages/airflow/example_dags/example_branch_labels.py
[2025-11-10T20:49:27.469+0000] {processor.py:830} INFO - Processing file /home/airflow/.local/lib/python3.8/site-packages/airflow/example_dags/example_branch_labels.py for tasks to queue
[2025-11-10T20:49:27.471+0000] {logging_mixin.py:188} INFO - [2025-11-10T20:49:27.471+0000] {dagbag.py:540} INFO - Filling up the DagBag from /home/airflow/.local/lib/python3.8/site-packages/airflow/example_dags/example_branch_labels.py
[2025-11-10T20:49:27.479+0000] {processor.py:840} INFO - DAG(s) 'example_branch_labels' retrieved from /home/airflow/.local/lib/python3.8/site-packages/airflow/example_dags/example_branch_labels.py
[2025-11-10T20:49:27.500+0000] {logging_mixin.py:188} INFO - [2025-11-10T20:49:27.500+0000] {dag.py:3047} INFO - Sync 1 DAGs
[2025-11-10T20:49:27.521+0000] {logging_mixin.py:188} INFO - [2025-11-10T20:49:27.521+0000] {dag.py:3834} INFO - Setting next_dagrun for example_branch_labels to 2025-11-09 00:00:00+00:00, run_after=2025-11-10 00:00:00+00:00
[2025-11-10T20:49:27.539+0000] {processor.py:183} INFO - Processing /home/airflow/.local/lib/python3.8/site-packages/airflow/example_dags/example_branch_labels.py took 0.075 seconds
[2025-11-10T20:49:57.688+0000] {processor.py:161} INFO - Started process (PID=1596) to work on /home/airflow/.local/lib/python3.8/site-packages/airflow/example_dags/example_branch_labels.py
[2025-11-10T20:49:57.689+0000] {processor.py:830} INFO - Processing file /home/airflow/.local/lib/python3.8/site-packages/airflow/example_dags/example_branch_labels.py for tasks to queue
[2025-11-10T20:49:57.691+0000] {logging_mixin.py:188} INFO - [2025-11-10T20:49:57.691+0000] {dagbag.py:540} INFO - Filling up the DagBag from /home/airflow/.local/lib/python3.8/site-packages/airflow/example_dags/example_branch_labels.py
[2025-11-10T20:49:57.699+0000] {processor.py:840} INFO - DAG(s) 'example_branch_labels' retrieved from /home/airflow/.local/lib/python3.8/site-packages/airflow/example_dags/example_branch_labels.py
[2025-11-10T20:49:57.720+0000] {logging_mixin.py:188} INFO - [2025-11-10T20:49:57.720+0000] {dag.py:3047} INFO - Sync 1 DAGs
[2025-11-10T20:49:57.742+0000] {logging_mixin.py:188} INFO - [2025-11-10T20:49:57.742+0000] {dag.py:3834} INFO - Setting next_dagrun for example_branch_labels to 2025-11-09 00:00:00+00:00, run_after=2025-11-10 00:00:00+00:00
[2025-11-10T20:49:57.760+0000] {processor.py:183} INFO - Processing /home/airflow/.local/lib/python3.8/site-packages/airflow/example_dags/example_branch_labels.py took 0.075 seconds
[2025-11-10T20:50:28.413+0000] {processor.py:161} INFO - Started process (PID=1651) to work on /home/airflow/.local/lib/python3.8/site-packages/airflow/example_dags/example_branch_labels.py
[2025-11-10T20:50:28.415+0000] {processor.py:830} INFO - Processing file /home/airflow/.local/lib/python3.8/site-packages/airflow/example_dags/example_branch_labels.py for tasks to queue
[2025-11-10T20:50:28.417+0000] {logging_mixin.py:188} INFO - [2025-11-10T20:50:28.416+0000] {dagbag.py:540} INFO - Filling up the DagBag from /home/airflow/.local/lib/python3.8/site-packages/airflow/example_dags/example_branch_labels.py
[2025-11-10T20:50:28.424+0000] {processor.py:840} INFO - DAG(s) 'example_branch_labels' retrieved from /home/airflow/.local/lib/python3.8/site-packages/airflow/example_dags/example_branch_labels.py
[2025-11-10T20:50:28.444+0000] {logging_mixin.py:188} INFO - [2025-11-10T20:50:28.444+0000] {dag.py:3047} INFO - Sync 1 DAGs
[2025-11-10T20:50:28.467+0000] {logging_mixin.py:188} INFO - [2025-11-10T20:50:28.467+0000] {dag.py:3834} INFO - Setting next_dagrun for example_branch_labels to 2025-11-09 00:00:00+00:00, run_after=2025-11-10 00:00:00+00:00
[2025-11-10T20:50:28.491+0000] {processor.py:183} INFO - Processing /home/airflow/.local/lib/python3.8/site-packages/airflow/example_dags/example_branch_labels.py took 0.081 seconds
[2025-11-10T20:50:58.993+0000] {processor.py:161} INFO - Started process (PID=1706) to work on /home/airflow/.local/lib/python3.8/site-packages/airflow/example_dags/example_branch_labels.py
[2025-11-10T20:50:58.995+0000] {processor.py:830} INFO - Processing file /home/airflow/.local/lib/python3.8/site-packages/airflow/example_dags/example_branch_labels.py for tasks to queue
[2025-11-10T20:50:58.997+0000] {logging_mixin.py:188} INFO - [2025-11-10T20:50:58.997+0000] {dagbag.py:540} INFO - Filling up the DagBag from /home/airflow/.local/lib/python3.8/site-packages/airflow/example_dags/example_branch_labels.py
[2025-11-10T20:50:59.005+0000] {processor.py:840} INFO - DAG(s) 'example_branch_labels' retrieved from /home/airflow/.local/lib/python3.8/site-packages/airflow/example_dags/example_branch_labels.py
[2025-11-10T20:50:59.028+0000] {logging_mixin.py:188} INFO - [2025-11-10T20:50:59.028+0000] {dag.py:3047} INFO - Sync 1 DAGs
[2025-11-10T20:50:59.049+0000] {logging_mixin.py:188} INFO - [2025-11-10T20:50:59.049+0000] {dag.py:3834} INFO - Setting next_dagrun for example_branch_labels to 2025-11-09 00:00:00+00:00, run_after=2025-11-10 00:00:00+00:00
[2025-11-10T20:50:59.069+0000] {processor.py:183} INFO - Processing /home/airflow/.local/lib/python3.8/site-packages/airflow/example_dags/example_branch_labels.py took 0.080 seconds
[2025-11-10T20:51:29.692+0000] {processor.py:161} INFO - Started process (PID=1761) to work on /home/airflow/.local/lib/python3.8/site-packages/airflow/example_dags/example_branch_labels.py
[2025-11-10T20:51:29.694+0000] {processor.py:830} INFO - Processing file /home/airflow/.local/lib/python3.8/site-packages/airflow/example_dags/example_branch_labels.py for tasks to queue
[2025-11-10T20:51:29.696+0000] {logging_mixin.py:188} INFO - [2025-11-10T20:51:29.696+0000] {dagbag.py:540} INFO - Filling up the DagBag from /home/airflow/.local/lib/python3.8/site-packages/airflow/example_dags/example_branch_labels.py
[2025-11-10T20:51:29.704+0000] {processor.py:840} INFO - DAG(s) 'example_branch_labels' retrieved from /home/airflow/.local/lib/python3.8/site-packages/airflow/example_dags/example_branch_labels.py
[2025-11-10T20:51:29.724+0000] {logging_mixin.py:188} INFO - [2025-11-10T20:51:29.724+0000] {dag.py:3047} INFO - Sync 1 DAGs
[2025-11-10T20:51:29.749+0000] {logging_mixin.py:188} INFO - [2025-11-10T20:51:29.748+0000] {dag.py:3834} INFO - Setting next_dagrun for example_branch_labels to 2025-11-09 00:00:00+00:00, run_after=2025-11-10 00:00:00+00:00
[2025-11-10T20:51:29.769+0000] {processor.py:183} INFO - Processing /home/airflow/.local/lib/python3.8/site-packages/airflow/example_dags/example_branch_labels.py took 0.081 seconds
[2025-11-10T20:52:00.024+0000] {processor.py:161} INFO - Started process (PID=1816) to work on /home/airflow/.local/lib/python3.8/site-packages/airflow/example_dags/example_branch_labels.py
[2025-11-10T20:52:00.026+0000] {processor.py:830} INFO - Processing file /home/airflow/.local/lib/python3.8/site-packages/airflow/example_dags/example_branch_labels.py for tasks to queue
[2025-11-10T20:52:00.029+0000] {logging_mixin.py:188} INFO - [2025-11-10T20:52:00.028+0000] {dagbag.py:540} INFO - Filling up the DagBag from /home/airflow/.local/lib/python3.8/site-packages/airflow/example_dags/example_branch_labels.py
[2025-11-10T20:52:00.037+0000] {processor.py:840} INFO - DAG(s) 'example_branch_labels' retrieved from /home/airflow/.local/lib/python3.8/site-packages/airflow/example_dags/example_branch_labels.py
[2025-11-10T20:52:00.062+0000] {logging_mixin.py:188} INFO - [2025-11-10T20:52:00.061+0000] {dag.py:3047} INFO - Sync 1 DAGs
[2025-11-10T20:52:00.082+0000] {logging_mixin.py:188} INFO - [2025-11-10T20:52:00.082+0000] {dag.py:3834} INFO - Setting next_dagrun for example_branch_labels to 2025-11-09 00:00:00+00:00, run_after=2025-11-10 00:00:00+00:00
[2025-11-10T20:52:00.098+0000] {processor.py:183} INFO - Processing /home/airflow/.local/lib/python3.8/site-packages/airflow/example_dags/example_branch_labels.py took 0.079 seconds
[2025-11-10T20:52:30.285+0000] {processor.py:161} INFO - Started process (PID=1871) to work on /home/airflow/.local/lib/python3.8/site-packages/airflow/example_dags/example_branch_labels.py
[2025-11-10T20:52:30.287+0000] {processor.py:830} INFO - Processing file /home/airflow/.local/lib/python3.8/site-packages/airflow/example_dags/example_branch_labels.py for tasks to queue
[2025-11-10T20:52:30.289+0000] {logging_mixin.py:188} INFO - [2025-11-10T20:52:30.289+0000] {dagbag.py:540} INFO - Filling up the DagBag from /home/airflow/.local/lib/python3.8/site-packages/airflow/example_dags/example_branch_labels.py
[2025-11-10T20:52:30.297+0000] {processor.py:840} INFO - DAG(s) 'example_branch_labels' retrieved from /home/airflow/.local/lib/python3.8/site-packages/airflow/example_dags/example_branch_labels.py
[2025-11-10T20:52:30.317+0000] {logging_mixin.py:188} INFO - [2025-11-10T20:52:30.317+0000] {dag.py:3047} INFO - Sync 1 DAGs
[2025-11-10T20:52:30.354+0000] {logging_mixin.py:188} INFO - [2025-11-10T20:52:30.353+0000] {dag.py:3834} INFO - Setting next_dagrun for example_branch_labels to 2025-11-09 00:00:00+00:00, run_after=2025-11-10 00:00:00+00:00
[2025-11-10T20:52:30.396+0000] {processor.py:183} INFO - Processing /home/airflow/.local/lib/python3.8/site-packages/airflow/example_dags/example_branch_labels.py took 0.114 seconds
[2025-11-10T20:53:00.695+0000] {processor.py:161} INFO - Started process (PID=1926) to work on /home/airflow/.local/lib/python3.8/site-packages/airflow/example_dags/example_branch_labels.py
[2025-11-10T20:53:00.697+0000] {processor.py:830} INFO - Processing file /home/airflow/.local/lib/python3.8/site-packages/airflow/example_dags/example_branch_labels.py for tasks to queue
[2025-11-10T20:53:00.699+0000] {logging_mixin.py:188} INFO - [2025-11-10T20:53:00.699+0000] {dagbag.py:540} INFO - Filling up the DagBag from /home/airflow/.local/lib/python3.8/site-packages/airflow/example_dags/example_branch_labels.py
[2025-11-10T20:53:00.707+0000] {processor.py:840} INFO - DAG(s) 'example_branch_labels' retrieved from /home/airflow/.local/lib/python3.8/site-packages/airflow/example_dags/example_branch_labels.py
[2025-11-10T20:53:00.728+0000] {logging_mixin.py:188} INFO - [2025-11-10T20:53:00.728+0000] {dag.py:3047} INFO - Sync 1 DAGs
[2025-11-10T20:53:00.750+0000] {logging_mixin.py:188} INFO - [2025-11-10T20:53:00.750+0000] {dag.py:3834} INFO - Setting next_dagrun for example_branch_labels to 2025-11-09 00:00:00+00:00, run_after=2025-11-10 00:00:00+00:00
[2025-11-10T20:53:00.768+0000] {processor.py:183} INFO - Processing /home/airflow/.local/lib/python3.8/site-packages/airflow/example_dags/example_branch_labels.py took 0.076 seconds
