[2025-11-10T20:36:05.216+0000] {processor.py:161} INFO - Started process (PID=63) to work on /home/airflow/.local/lib/python3.8/site-packages/airflow/example_dags/example_sensor_decorator.py
[2025-11-10T20:36:05.219+0000] {processor.py:830} INFO - Processing file /home/airflow/.local/lib/python3.8/site-packages/airflow/example_dags/example_sensor_decorator.py for tasks to queue
[2025-11-10T20:36:05.223+0000] {logging_mixin.py:188} INFO - [2025-11-10T20:36:05.222+0000] {dagbag.py:540} INFO - Filling up the DagBag from /home/airflow/.local/lib/python3.8/site-packages/airflow/example_dags/example_sensor_decorator.py
[2025-11-10T20:36:05.249+0000] {processor.py:840} INFO - DAG(s) 'example_sensor_decorator' retrieved from /home/airflow/.local/lib/python3.8/site-packages/airflow/example_dags/example_sensor_decorator.py
[2025-11-10T20:36:05.586+0000] {logging_mixin.py:188} INFO - [2025-11-10T20:36:05.586+0000] {override.py:1769} INFO - Created Permission View: can read on DAG:example_sensor_decorator
[2025-11-10T20:36:05.599+0000] {logging_mixin.py:188} INFO - [2025-11-10T20:36:05.598+0000] {override.py:1769} INFO - Created Permission View: can edit on DAG:example_sensor_decorator
[2025-11-10T20:36:05.611+0000] {logging_mixin.py:188} INFO - [2025-11-10T20:36:05.610+0000] {override.py:1769} INFO - Created Permission View: can delete on DAG:example_sensor_decorator
[2025-11-10T20:36:05.612+0000] {logging_mixin.py:188} INFO - [2025-11-10T20:36:05.611+0000] {dag.py:3047} INFO - Sync 1 DAGs
[2025-11-10T20:36:05.628+0000] {logging_mixin.py:188} INFO - [2025-11-10T20:36:05.628+0000] {dag.py:3069} INFO - Creating ORM DAG for example_sensor_decorator
[2025-11-10T20:36:05.630+0000] {logging_mixin.py:188} INFO - [2025-11-10T20:36:05.630+0000] {dag.py:3834} INFO - Setting next_dagrun for example_sensor_decorator to None, run_after=None
[2025-11-10T20:36:05.661+0000] {processor.py:183} INFO - Processing /home/airflow/.local/lib/python3.8/site-packages/airflow/example_dags/example_sensor_decorator.py took 0.452 seconds
[2025-11-10T20:36:36.696+0000] {processor.py:161} INFO - Started process (PID=118) to work on /home/airflow/.local/lib/python3.8/site-packages/airflow/example_dags/example_sensor_decorator.py
[2025-11-10T20:36:36.698+0000] {processor.py:830} INFO - Processing file /home/airflow/.local/lib/python3.8/site-packages/airflow/example_dags/example_sensor_decorator.py for tasks to queue
[2025-11-10T20:36:36.701+0000] {logging_mixin.py:188} INFO - [2025-11-10T20:36:36.701+0000] {dagbag.py:540} INFO - Filling up the DagBag from /home/airflow/.local/lib/python3.8/site-packages/airflow/example_dags/example_sensor_decorator.py
[2025-11-10T20:36:36.709+0000] {processor.py:840} INFO - DAG(s) 'example_sensor_decorator' retrieved from /home/airflow/.local/lib/python3.8/site-packages/airflow/example_dags/example_sensor_decorator.py
[2025-11-10T20:36:36.733+0000] {logging_mixin.py:188} INFO - [2025-11-10T20:36:36.733+0000] {dag.py:3047} INFO - Sync 1 DAGs
[2025-11-10T20:36:36.747+0000] {logging_mixin.py:188} INFO - [2025-11-10T20:36:36.747+0000] {dag.py:3834} INFO - Setting next_dagrun for example_sensor_decorator to None, run_after=None
[2025-11-10T20:36:36.768+0000] {processor.py:183} INFO - Processing /home/airflow/.local/lib/python3.8/site-packages/airflow/example_dags/example_sensor_decorator.py took 0.076 seconds
[2025-11-10T20:37:07.454+0000] {processor.py:161} INFO - Started process (PID=173) to work on /home/airflow/.local/lib/python3.8/site-packages/airflow/example_dags/example_sensor_decorator.py
[2025-11-10T20:37:07.457+0000] {processor.py:830} INFO - Processing file /home/airflow/.local/lib/python3.8/site-packages/airflow/example_dags/example_sensor_decorator.py for tasks to queue
[2025-11-10T20:37:07.464+0000] {logging_mixin.py:188} INFO - [2025-11-10T20:37:07.463+0000] {dagbag.py:540} INFO - Filling up the DagBag from /home/airflow/.local/lib/python3.8/site-packages/airflow/example_dags/example_sensor_decorator.py
[2025-11-10T20:37:07.479+0000] {processor.py:840} INFO - DAG(s) 'example_sensor_decorator' retrieved from /home/airflow/.local/lib/python3.8/site-packages/airflow/example_dags/example_sensor_decorator.py
[2025-11-10T20:37:07.527+0000] {logging_mixin.py:188} INFO - [2025-11-10T20:37:07.526+0000] {dag.py:3047} INFO - Sync 1 DAGs
[2025-11-10T20:37:07.545+0000] {logging_mixin.py:188} INFO - [2025-11-10T20:37:07.544+0000] {dag.py:3834} INFO - Setting next_dagrun for example_sensor_decorator to None, run_after=None
[2025-11-10T20:37:07.578+0000] {processor.py:183} INFO - Processing /home/airflow/.local/lib/python3.8/site-packages/airflow/example_dags/example_sensor_decorator.py took 0.135 seconds
[2025-11-10T20:37:37.655+0000] {processor.py:161} INFO - Started process (PID=228) to work on /home/airflow/.local/lib/python3.8/site-packages/airflow/example_dags/example_sensor_decorator.py
[2025-11-10T20:37:37.657+0000] {processor.py:830} INFO - Processing file /home/airflow/.local/lib/python3.8/site-packages/airflow/example_dags/example_sensor_decorator.py for tasks to queue
[2025-11-10T20:37:37.660+0000] {logging_mixin.py:188} INFO - [2025-11-10T20:37:37.659+0000] {dagbag.py:540} INFO - Filling up the DagBag from /home/airflow/.local/lib/python3.8/site-packages/airflow/example_dags/example_sensor_decorator.py
[2025-11-10T20:37:37.666+0000] {processor.py:840} INFO - DAG(s) 'example_sensor_decorator' retrieved from /home/airflow/.local/lib/python3.8/site-packages/airflow/example_dags/example_sensor_decorator.py
[2025-11-10T20:37:37.691+0000] {logging_mixin.py:188} INFO - [2025-11-10T20:37:37.691+0000] {dag.py:3047} INFO - Sync 1 DAGs
[2025-11-10T20:37:37.706+0000] {logging_mixin.py:188} INFO - [2025-11-10T20:37:37.706+0000] {dag.py:3834} INFO - Setting next_dagrun for example_sensor_decorator to None, run_after=None
[2025-11-10T20:37:37.727+0000] {processor.py:183} INFO - Processing /home/airflow/.local/lib/python3.8/site-packages/airflow/example_dags/example_sensor_decorator.py took 0.077 seconds
[2025-11-10T20:38:07.896+0000] {processor.py:161} INFO - Started process (PID=283) to work on /home/airflow/.local/lib/python3.8/site-packages/airflow/example_dags/example_sensor_decorator.py
[2025-11-10T20:38:07.899+0000] {processor.py:830} INFO - Processing file /home/airflow/.local/lib/python3.8/site-packages/airflow/example_dags/example_sensor_decorator.py for tasks to queue
[2025-11-10T20:38:07.904+0000] {logging_mixin.py:188} INFO - [2025-11-10T20:38:07.903+0000] {dagbag.py:540} INFO - Filling up the DagBag from /home/airflow/.local/lib/python3.8/site-packages/airflow/example_dags/example_sensor_decorator.py
[2025-11-10T20:38:07.918+0000] {processor.py:840} INFO - DAG(s) 'example_sensor_decorator' retrieved from /home/airflow/.local/lib/python3.8/site-packages/airflow/example_dags/example_sensor_decorator.py
[2025-11-10T20:38:07.950+0000] {logging_mixin.py:188} INFO - [2025-11-10T20:38:07.950+0000] {dag.py:3047} INFO - Sync 1 DAGs
[2025-11-10T20:38:07.964+0000] {logging_mixin.py:188} INFO - [2025-11-10T20:38:07.963+0000] {dag.py:3834} INFO - Setting next_dagrun for example_sensor_decorator to None, run_after=None
[2025-11-10T20:38:07.985+0000] {processor.py:183} INFO - Processing /home/airflow/.local/lib/python3.8/site-packages/airflow/example_dags/example_sensor_decorator.py took 0.097 seconds
[2025-11-10T20:38:38.214+0000] {processor.py:161} INFO - Started process (PID=338) to work on /home/airflow/.local/lib/python3.8/site-packages/airflow/example_dags/example_sensor_decorator.py
[2025-11-10T20:38:38.217+0000] {processor.py:830} INFO - Processing file /home/airflow/.local/lib/python3.8/site-packages/airflow/example_dags/example_sensor_decorator.py for tasks to queue
[2025-11-10T20:38:38.222+0000] {logging_mixin.py:188} INFO - [2025-11-10T20:38:38.221+0000] {dagbag.py:540} INFO - Filling up the DagBag from /home/airflow/.local/lib/python3.8/site-packages/airflow/example_dags/example_sensor_decorator.py
[2025-11-10T20:38:38.232+0000] {processor.py:840} INFO - DAG(s) 'example_sensor_decorator' retrieved from /home/airflow/.local/lib/python3.8/site-packages/airflow/example_dags/example_sensor_decorator.py
[2025-11-10T20:38:38.291+0000] {logging_mixin.py:188} INFO - [2025-11-10T20:38:38.291+0000] {dag.py:3047} INFO - Sync 1 DAGs
[2025-11-10T20:38:38.331+0000] {logging_mixin.py:188} INFO - [2025-11-10T20:38:38.330+0000] {dag.py:3834} INFO - Setting next_dagrun for example_sensor_decorator to None, run_after=None
[2025-11-10T20:38:38.394+0000] {processor.py:183} INFO - Processing /home/airflow/.local/lib/python3.8/site-packages/airflow/example_dags/example_sensor_decorator.py took 0.200 seconds
[2025-11-10T20:39:08.528+0000] {processor.py:161} INFO - Started process (PID=393) to work on /home/airflow/.local/lib/python3.8/site-packages/airflow/example_dags/example_sensor_decorator.py
[2025-11-10T20:39:08.533+0000] {processor.py:830} INFO - Processing file /home/airflow/.local/lib/python3.8/site-packages/airflow/example_dags/example_sensor_decorator.py for tasks to queue
[2025-11-10T20:39:08.539+0000] {logging_mixin.py:188} INFO - [2025-11-10T20:39:08.538+0000] {dagbag.py:540} INFO - Filling up the DagBag from /home/airflow/.local/lib/python3.8/site-packages/airflow/example_dags/example_sensor_decorator.py
[2025-11-10T20:39:08.547+0000] {processor.py:840} INFO - DAG(s) 'example_sensor_decorator' retrieved from /home/airflow/.local/lib/python3.8/site-packages/airflow/example_dags/example_sensor_decorator.py
[2025-11-10T20:39:08.567+0000] {logging_mixin.py:188} INFO - [2025-11-10T20:39:08.567+0000] {dag.py:3047} INFO - Sync 1 DAGs
[2025-11-10T20:39:08.589+0000] {logging_mixin.py:188} INFO - [2025-11-10T20:39:08.589+0000] {dag.py:3834} INFO - Setting next_dagrun for example_sensor_decorator to None, run_after=None
[2025-11-10T20:39:08.613+0000] {processor.py:183} INFO - Processing /home/airflow/.local/lib/python3.8/site-packages/airflow/example_dags/example_sensor_decorator.py took 0.092 seconds
[2025-11-10T20:39:39.299+0000] {processor.py:161} INFO - Started process (PID=448) to work on /home/airflow/.local/lib/python3.8/site-packages/airflow/example_dags/example_sensor_decorator.py
[2025-11-10T20:39:39.301+0000] {processor.py:830} INFO - Processing file /home/airflow/.local/lib/python3.8/site-packages/airflow/example_dags/example_sensor_decorator.py for tasks to queue
[2025-11-10T20:39:39.304+0000] {logging_mixin.py:188} INFO - [2025-11-10T20:39:39.304+0000] {dagbag.py:540} INFO - Filling up the DagBag from /home/airflow/.local/lib/python3.8/site-packages/airflow/example_dags/example_sensor_decorator.py
[2025-11-10T20:39:39.313+0000] {processor.py:840} INFO - DAG(s) 'example_sensor_decorator' retrieved from /home/airflow/.local/lib/python3.8/site-packages/airflow/example_dags/example_sensor_decorator.py
[2025-11-10T20:39:39.342+0000] {logging_mixin.py:188} INFO - [2025-11-10T20:39:39.342+0000] {dag.py:3047} INFO - Sync 1 DAGs
[2025-11-10T20:39:39.355+0000] {logging_mixin.py:188} INFO - [2025-11-10T20:39:39.355+0000] {dag.py:3834} INFO - Setting next_dagrun for example_sensor_decorator to None, run_after=None
[2025-11-10T20:39:39.377+0000] {processor.py:183} INFO - Processing /home/airflow/.local/lib/python3.8/site-packages/airflow/example_dags/example_sensor_decorator.py took 0.084 seconds
[2025-11-10T20:40:09.650+0000] {processor.py:161} INFO - Started process (PID=503) to work on /home/airflow/.local/lib/python3.8/site-packages/airflow/example_dags/example_sensor_decorator.py
[2025-11-10T20:40:09.652+0000] {processor.py:830} INFO - Processing file /home/airflow/.local/lib/python3.8/site-packages/airflow/example_dags/example_sensor_decorator.py for tasks to queue
[2025-11-10T20:40:09.656+0000] {logging_mixin.py:188} INFO - [2025-11-10T20:40:09.656+0000] {dagbag.py:540} INFO - Filling up the DagBag from /home/airflow/.local/lib/python3.8/site-packages/airflow/example_dags/example_sensor_decorator.py
[2025-11-10T20:40:09.667+0000] {processor.py:840} INFO - DAG(s) 'example_sensor_decorator' retrieved from /home/airflow/.local/lib/python3.8/site-packages/airflow/example_dags/example_sensor_decorator.py
[2025-11-10T20:40:09.689+0000] {logging_mixin.py:188} INFO - [2025-11-10T20:40:09.689+0000] {dag.py:3047} INFO - Sync 1 DAGs
[2025-11-10T20:40:09.702+0000] {logging_mixin.py:188} INFO - [2025-11-10T20:40:09.702+0000] {dag.py:3834} INFO - Setting next_dagrun for example_sensor_decorator to None, run_after=None
[2025-11-10T20:40:09.722+0000] {processor.py:183} INFO - Processing /home/airflow/.local/lib/python3.8/site-packages/airflow/example_dags/example_sensor_decorator.py took 0.079 seconds
[2025-11-10T20:40:40.045+0000] {processor.py:161} INFO - Started process (PID=558) to work on /home/airflow/.local/lib/python3.8/site-packages/airflow/example_dags/example_sensor_decorator.py
[2025-11-10T20:40:40.046+0000] {processor.py:830} INFO - Processing file /home/airflow/.local/lib/python3.8/site-packages/airflow/example_dags/example_sensor_decorator.py for tasks to queue
[2025-11-10T20:40:40.049+0000] {logging_mixin.py:188} INFO - [2025-11-10T20:40:40.049+0000] {dagbag.py:540} INFO - Filling up the DagBag from /home/airflow/.local/lib/python3.8/site-packages/airflow/example_dags/example_sensor_decorator.py
[2025-11-10T20:40:40.056+0000] {processor.py:840} INFO - DAG(s) 'example_sensor_decorator' retrieved from /home/airflow/.local/lib/python3.8/site-packages/airflow/example_dags/example_sensor_decorator.py
[2025-11-10T20:40:40.083+0000] {logging_mixin.py:188} INFO - [2025-11-10T20:40:40.083+0000] {dag.py:3047} INFO - Sync 1 DAGs
[2025-11-10T20:40:40.098+0000] {logging_mixin.py:188} INFO - [2025-11-10T20:40:40.097+0000] {dag.py:3834} INFO - Setting next_dagrun for example_sensor_decorator to None, run_after=None
[2025-11-10T20:40:40.118+0000] {processor.py:183} INFO - Processing /home/airflow/.local/lib/python3.8/site-packages/airflow/example_dags/example_sensor_decorator.py took 0.079 seconds
[2025-11-10T20:41:10.252+0000] {processor.py:161} INFO - Started process (PID=613) to work on /home/airflow/.local/lib/python3.8/site-packages/airflow/example_dags/example_sensor_decorator.py
[2025-11-10T20:41:10.255+0000] {processor.py:830} INFO - Processing file /home/airflow/.local/lib/python3.8/site-packages/airflow/example_dags/example_sensor_decorator.py for tasks to queue
[2025-11-10T20:41:10.259+0000] {logging_mixin.py:188} INFO - [2025-11-10T20:41:10.258+0000] {dagbag.py:540} INFO - Filling up the DagBag from /home/airflow/.local/lib/python3.8/site-packages/airflow/example_dags/example_sensor_decorator.py
[2025-11-10T20:41:10.271+0000] {processor.py:840} INFO - DAG(s) 'example_sensor_decorator' retrieved from /home/airflow/.local/lib/python3.8/site-packages/airflow/example_dags/example_sensor_decorator.py
[2025-11-10T20:41:10.302+0000] {logging_mixin.py:188} INFO - [2025-11-10T20:41:10.302+0000] {dag.py:3047} INFO - Sync 1 DAGs
[2025-11-10T20:41:10.315+0000] {logging_mixin.py:188} INFO - [2025-11-10T20:41:10.314+0000] {dag.py:3834} INFO - Setting next_dagrun for example_sensor_decorator to None, run_after=None
[2025-11-10T20:41:10.335+0000] {processor.py:183} INFO - Processing /home/airflow/.local/lib/python3.8/site-packages/airflow/example_dags/example_sensor_decorator.py took 0.092 seconds
[2025-11-10T20:41:40.812+0000] {processor.py:161} INFO - Started process (PID=674) to work on /home/airflow/.local/lib/python3.8/site-packages/airflow/example_dags/example_sensor_decorator.py
[2025-11-10T20:41:40.816+0000] {processor.py:830} INFO - Processing file /home/airflow/.local/lib/python3.8/site-packages/airflow/example_dags/example_sensor_decorator.py for tasks to queue
[2025-11-10T20:41:40.822+0000] {logging_mixin.py:188} INFO - [2025-11-10T20:41:40.821+0000] {dagbag.py:540} INFO - Filling up the DagBag from /home/airflow/.local/lib/python3.8/site-packages/airflow/example_dags/example_sensor_decorator.py
[2025-11-10T20:41:40.835+0000] {processor.py:840} INFO - DAG(s) 'example_sensor_decorator' retrieved from /home/airflow/.local/lib/python3.8/site-packages/airflow/example_dags/example_sensor_decorator.py
[2025-11-10T20:41:40.863+0000] {logging_mixin.py:188} INFO - [2025-11-10T20:41:40.862+0000] {dag.py:3047} INFO - Sync 1 DAGs
[2025-11-10T20:41:40.876+0000] {logging_mixin.py:188} INFO - [2025-11-10T20:41:40.875+0000] {dag.py:3834} INFO - Setting next_dagrun for example_sensor_decorator to None, run_after=None
[2025-11-10T20:41:40.898+0000] {processor.py:183} INFO - Processing /home/airflow/.local/lib/python3.8/site-packages/airflow/example_dags/example_sensor_decorator.py took 0.094 seconds
[2025-11-10T20:42:11.686+0000] {processor.py:161} INFO - Started process (PID=729) to work on /home/airflow/.local/lib/python3.8/site-packages/airflow/example_dags/example_sensor_decorator.py
[2025-11-10T20:42:11.690+0000] {processor.py:830} INFO - Processing file /home/airflow/.local/lib/python3.8/site-packages/airflow/example_dags/example_sensor_decorator.py for tasks to queue
[2025-11-10T20:42:11.694+0000] {logging_mixin.py:188} INFO - [2025-11-10T20:42:11.694+0000] {dagbag.py:540} INFO - Filling up the DagBag from /home/airflow/.local/lib/python3.8/site-packages/airflow/example_dags/example_sensor_decorator.py
[2025-11-10T20:42:11.709+0000] {processor.py:840} INFO - DAG(s) 'example_sensor_decorator' retrieved from /home/airflow/.local/lib/python3.8/site-packages/airflow/example_dags/example_sensor_decorator.py
[2025-11-10T20:42:11.743+0000] {logging_mixin.py:188} INFO - [2025-11-10T20:42:11.743+0000] {dag.py:3047} INFO - Sync 1 DAGs
[2025-11-10T20:42:11.756+0000] {logging_mixin.py:188} INFO - [2025-11-10T20:42:11.756+0000] {dag.py:3834} INFO - Setting next_dagrun for example_sensor_decorator to None, run_after=None
[2025-11-10T20:42:11.779+0000] {processor.py:183} INFO - Processing /home/airflow/.local/lib/python3.8/site-packages/airflow/example_dags/example_sensor_decorator.py took 0.103 seconds
[2025-11-10T20:42:42.343+0000] {processor.py:161} INFO - Started process (PID=784) to work on /home/airflow/.local/lib/python3.8/site-packages/airflow/example_dags/example_sensor_decorator.py
[2025-11-10T20:42:42.344+0000] {processor.py:830} INFO - Processing file /home/airflow/.local/lib/python3.8/site-packages/airflow/example_dags/example_sensor_decorator.py for tasks to queue
[2025-11-10T20:42:42.346+0000] {logging_mixin.py:188} INFO - [2025-11-10T20:42:42.346+0000] {dagbag.py:540} INFO - Filling up the DagBag from /home/airflow/.local/lib/python3.8/site-packages/airflow/example_dags/example_sensor_decorator.py
[2025-11-10T20:42:42.353+0000] {processor.py:840} INFO - DAG(s) 'example_sensor_decorator' retrieved from /home/airflow/.local/lib/python3.8/site-packages/airflow/example_dags/example_sensor_decorator.py
[2025-11-10T20:42:42.372+0000] {logging_mixin.py:188} INFO - [2025-11-10T20:42:42.372+0000] {dag.py:3047} INFO - Sync 1 DAGs
[2025-11-10T20:42:42.385+0000] {logging_mixin.py:188} INFO - [2025-11-10T20:42:42.385+0000] {dag.py:3834} INFO - Setting next_dagrun for example_sensor_decorator to None, run_after=None
[2025-11-10T20:42:42.406+0000] {processor.py:183} INFO - Processing /home/airflow/.local/lib/python3.8/site-packages/airflow/example_dags/example_sensor_decorator.py took 0.067 seconds
[2025-11-10T20:43:12.475+0000] {processor.py:161} INFO - Started process (PID=839) to work on /home/airflow/.local/lib/python3.8/site-packages/airflow/example_dags/example_sensor_decorator.py
[2025-11-10T20:43:12.477+0000] {processor.py:830} INFO - Processing file /home/airflow/.local/lib/python3.8/site-packages/airflow/example_dags/example_sensor_decorator.py for tasks to queue
[2025-11-10T20:43:12.479+0000] {logging_mixin.py:188} INFO - [2025-11-10T20:43:12.479+0000] {dagbag.py:540} INFO - Filling up the DagBag from /home/airflow/.local/lib/python3.8/site-packages/airflow/example_dags/example_sensor_decorator.py
[2025-11-10T20:43:12.488+0000] {processor.py:840} INFO - DAG(s) 'example_sensor_decorator' retrieved from /home/airflow/.local/lib/python3.8/site-packages/airflow/example_dags/example_sensor_decorator.py
[2025-11-10T20:43:12.511+0000] {logging_mixin.py:188} INFO - [2025-11-10T20:43:12.511+0000] {dag.py:3047} INFO - Sync 1 DAGs
[2025-11-10T20:43:12.525+0000] {logging_mixin.py:188} INFO - [2025-11-10T20:43:12.525+0000] {dag.py:3834} INFO - Setting next_dagrun for example_sensor_decorator to None, run_after=None
[2025-11-10T20:43:12.547+0000] {processor.py:183} INFO - Processing /home/airflow/.local/lib/python3.8/site-packages/airflow/example_dags/example_sensor_decorator.py took 0.076 seconds
[2025-11-10T20:43:42.942+0000] {processor.py:161} INFO - Started process (PID=893) to work on /home/airflow/.local/lib/python3.8/site-packages/airflow/example_dags/example_sensor_decorator.py
[2025-11-10T20:43:42.944+0000] {processor.py:830} INFO - Processing file /home/airflow/.local/lib/python3.8/site-packages/airflow/example_dags/example_sensor_decorator.py for tasks to queue
[2025-11-10T20:43:42.946+0000] {logging_mixin.py:188} INFO - [2025-11-10T20:43:42.946+0000] {dagbag.py:540} INFO - Filling up the DagBag from /home/airflow/.local/lib/python3.8/site-packages/airflow/example_dags/example_sensor_decorator.py
[2025-11-10T20:43:42.952+0000] {processor.py:840} INFO - DAG(s) 'example_sensor_decorator' retrieved from /home/airflow/.local/lib/python3.8/site-packages/airflow/example_dags/example_sensor_decorator.py
[2025-11-10T20:43:42.972+0000] {logging_mixin.py:188} INFO - [2025-11-10T20:43:42.972+0000] {dag.py:3047} INFO - Sync 1 DAGs
[2025-11-10T20:43:42.985+0000] {logging_mixin.py:188} INFO - [2025-11-10T20:43:42.984+0000] {dag.py:3834} INFO - Setting next_dagrun for example_sensor_decorator to None, run_after=None
[2025-11-10T20:43:43.006+0000] {processor.py:183} INFO - Processing /home/airflow/.local/lib/python3.8/site-packages/airflow/example_dags/example_sensor_decorator.py took 0.067 seconds
[2025-11-10T20:44:13.264+0000] {processor.py:161} INFO - Started process (PID=948) to work on /home/airflow/.local/lib/python3.8/site-packages/airflow/example_dags/example_sensor_decorator.py
[2025-11-10T20:44:13.265+0000] {processor.py:830} INFO - Processing file /home/airflow/.local/lib/python3.8/site-packages/airflow/example_dags/example_sensor_decorator.py for tasks to queue
[2025-11-10T20:44:13.268+0000] {logging_mixin.py:188} INFO - [2025-11-10T20:44:13.267+0000] {dagbag.py:540} INFO - Filling up the DagBag from /home/airflow/.local/lib/python3.8/site-packages/airflow/example_dags/example_sensor_decorator.py
[2025-11-10T20:44:13.276+0000] {processor.py:840} INFO - DAG(s) 'example_sensor_decorator' retrieved from /home/airflow/.local/lib/python3.8/site-packages/airflow/example_dags/example_sensor_decorator.py
[2025-11-10T20:44:13.297+0000] {logging_mixin.py:188} INFO - [2025-11-10T20:44:13.297+0000] {dag.py:3047} INFO - Sync 1 DAGs
[2025-11-10T20:44:13.309+0000] {logging_mixin.py:188} INFO - [2025-11-10T20:44:13.308+0000] {dag.py:3834} INFO - Setting next_dagrun for example_sensor_decorator to None, run_after=None
[2025-11-10T20:44:13.329+0000] {processor.py:183} INFO - Processing /home/airflow/.local/lib/python3.8/site-packages/airflow/example_dags/example_sensor_decorator.py took 0.068 seconds
[2025-11-10T20:44:43.749+0000] {processor.py:161} INFO - Started process (PID=1003) to work on /home/airflow/.local/lib/python3.8/site-packages/airflow/example_dags/example_sensor_decorator.py
[2025-11-10T20:44:43.756+0000] {processor.py:830} INFO - Processing file /home/airflow/.local/lib/python3.8/site-packages/airflow/example_dags/example_sensor_decorator.py for tasks to queue
[2025-11-10T20:44:43.764+0000] {logging_mixin.py:188} INFO - [2025-11-10T20:44:43.763+0000] {dagbag.py:540} INFO - Filling up the DagBag from /home/airflow/.local/lib/python3.8/site-packages/airflow/example_dags/example_sensor_decorator.py
[2025-11-10T20:44:43.783+0000] {processor.py:840} INFO - DAG(s) 'example_sensor_decorator' retrieved from /home/airflow/.local/lib/python3.8/site-packages/airflow/example_dags/example_sensor_decorator.py
[2025-11-10T20:44:43.822+0000] {logging_mixin.py:188} INFO - [2025-11-10T20:44:43.822+0000] {dag.py:3047} INFO - Sync 1 DAGs
[2025-11-10T20:44:43.840+0000] {logging_mixin.py:188} INFO - [2025-11-10T20:44:43.840+0000] {dag.py:3834} INFO - Setting next_dagrun for example_sensor_decorator to None, run_after=None
[2025-11-10T20:44:43.866+0000] {processor.py:183} INFO - Processing /home/airflow/.local/lib/python3.8/site-packages/airflow/example_dags/example_sensor_decorator.py took 0.132 seconds
[2025-11-10T20:45:14.107+0000] {processor.py:161} INFO - Started process (PID=1058) to work on /home/airflow/.local/lib/python3.8/site-packages/airflow/example_dags/example_sensor_decorator.py
[2025-11-10T20:45:14.111+0000] {processor.py:830} INFO - Processing file /home/airflow/.local/lib/python3.8/site-packages/airflow/example_dags/example_sensor_decorator.py for tasks to queue
[2025-11-10T20:45:14.116+0000] {logging_mixin.py:188} INFO - [2025-11-10T20:45:14.115+0000] {dagbag.py:540} INFO - Filling up the DagBag from /home/airflow/.local/lib/python3.8/site-packages/airflow/example_dags/example_sensor_decorator.py
[2025-11-10T20:45:14.124+0000] {processor.py:840} INFO - DAG(s) 'example_sensor_decorator' retrieved from /home/airflow/.local/lib/python3.8/site-packages/airflow/example_dags/example_sensor_decorator.py
[2025-11-10T20:45:14.151+0000] {logging_mixin.py:188} INFO - [2025-11-10T20:45:14.150+0000] {dag.py:3047} INFO - Sync 1 DAGs
[2025-11-10T20:45:14.162+0000] {logging_mixin.py:188} INFO - [2025-11-10T20:45:14.162+0000] {dag.py:3834} INFO - Setting next_dagrun for example_sensor_decorator to None, run_after=None
[2025-11-10T20:45:14.181+0000] {processor.py:183} INFO - Processing /home/airflow/.local/lib/python3.8/site-packages/airflow/example_dags/example_sensor_decorator.py took 0.085 seconds
[2025-11-10T20:45:44.311+0000] {processor.py:161} INFO - Started process (PID=1113) to work on /home/airflow/.local/lib/python3.8/site-packages/airflow/example_dags/example_sensor_decorator.py
[2025-11-10T20:45:44.313+0000] {processor.py:830} INFO - Processing file /home/airflow/.local/lib/python3.8/site-packages/airflow/example_dags/example_sensor_decorator.py for tasks to queue
[2025-11-10T20:45:44.316+0000] {logging_mixin.py:188} INFO - [2025-11-10T20:45:44.315+0000] {dagbag.py:540} INFO - Filling up the DagBag from /home/airflow/.local/lib/python3.8/site-packages/airflow/example_dags/example_sensor_decorator.py
[2025-11-10T20:45:44.321+0000] {processor.py:840} INFO - DAG(s) 'example_sensor_decorator' retrieved from /home/airflow/.local/lib/python3.8/site-packages/airflow/example_dags/example_sensor_decorator.py
[2025-11-10T20:45:44.350+0000] {logging_mixin.py:188} INFO - [2025-11-10T20:45:44.350+0000] {dag.py:3047} INFO - Sync 1 DAGs
[2025-11-10T20:45:44.362+0000] {logging_mixin.py:188} INFO - [2025-11-10T20:45:44.362+0000] {dag.py:3834} INFO - Setting next_dagrun for example_sensor_decorator to None, run_after=None
[2025-11-10T20:45:44.382+0000] {processor.py:183} INFO - Processing /home/airflow/.local/lib/python3.8/site-packages/airflow/example_dags/example_sensor_decorator.py took 0.077 seconds
[2025-11-10T20:46:14.526+0000] {processor.py:161} INFO - Started process (PID=1168) to work on /home/airflow/.local/lib/python3.8/site-packages/airflow/example_dags/example_sensor_decorator.py
[2025-11-10T20:46:14.527+0000] {processor.py:830} INFO - Processing file /home/airflow/.local/lib/python3.8/site-packages/airflow/example_dags/example_sensor_decorator.py for tasks to queue
[2025-11-10T20:46:14.530+0000] {logging_mixin.py:188} INFO - [2025-11-10T20:46:14.529+0000] {dagbag.py:540} INFO - Filling up the DagBag from /home/airflow/.local/lib/python3.8/site-packages/airflow/example_dags/example_sensor_decorator.py
[2025-11-10T20:46:14.536+0000] {processor.py:840} INFO - DAG(s) 'example_sensor_decorator' retrieved from /home/airflow/.local/lib/python3.8/site-packages/airflow/example_dags/example_sensor_decorator.py
[2025-11-10T20:46:14.555+0000] {logging_mixin.py:188} INFO - [2025-11-10T20:46:14.555+0000] {dag.py:3047} INFO - Sync 1 DAGs
[2025-11-10T20:46:14.567+0000] {logging_mixin.py:188} INFO - [2025-11-10T20:46:14.567+0000] {dag.py:3834} INFO - Setting next_dagrun for example_sensor_decorator to None, run_after=None
[2025-11-10T20:46:14.586+0000] {processor.py:183} INFO - Processing /home/airflow/.local/lib/python3.8/site-packages/airflow/example_dags/example_sensor_decorator.py took 0.064 seconds
[2025-11-10T20:46:44.747+0000] {processor.py:161} INFO - Started process (PID=1224) to work on /home/airflow/.local/lib/python3.8/site-packages/airflow/example_dags/example_sensor_decorator.py
[2025-11-10T20:46:44.750+0000] {processor.py:830} INFO - Processing file /home/airflow/.local/lib/python3.8/site-packages/airflow/example_dags/example_sensor_decorator.py for tasks to queue
[2025-11-10T20:46:44.753+0000] {logging_mixin.py:188} INFO - [2025-11-10T20:46:44.753+0000] {dagbag.py:540} INFO - Filling up the DagBag from /home/airflow/.local/lib/python3.8/site-packages/airflow/example_dags/example_sensor_decorator.py
[2025-11-10T20:46:44.762+0000] {processor.py:840} INFO - DAG(s) 'example_sensor_decorator' retrieved from /home/airflow/.local/lib/python3.8/site-packages/airflow/example_dags/example_sensor_decorator.py
[2025-11-10T20:46:44.791+0000] {logging_mixin.py:188} INFO - [2025-11-10T20:46:44.790+0000] {dag.py:3047} INFO - Sync 1 DAGs
[2025-11-10T20:46:44.804+0000] {logging_mixin.py:188} INFO - [2025-11-10T20:46:44.803+0000] {dag.py:3834} INFO - Setting next_dagrun for example_sensor_decorator to None, run_after=None
[2025-11-10T20:46:44.831+0000] {processor.py:183} INFO - Processing /home/airflow/.local/lib/python3.8/site-packages/airflow/example_dags/example_sensor_decorator.py took 0.091 seconds
[2025-11-10T20:47:15.252+0000] {processor.py:161} INFO - Started process (PID=1279) to work on /home/airflow/.local/lib/python3.8/site-packages/airflow/example_dags/example_sensor_decorator.py
[2025-11-10T20:47:15.253+0000] {processor.py:830} INFO - Processing file /home/airflow/.local/lib/python3.8/site-packages/airflow/example_dags/example_sensor_decorator.py for tasks to queue
[2025-11-10T20:47:15.256+0000] {logging_mixin.py:188} INFO - [2025-11-10T20:47:15.256+0000] {dagbag.py:540} INFO - Filling up the DagBag from /home/airflow/.local/lib/python3.8/site-packages/airflow/example_dags/example_sensor_decorator.py
[2025-11-10T20:47:15.264+0000] {processor.py:840} INFO - DAG(s) 'example_sensor_decorator' retrieved from /home/airflow/.local/lib/python3.8/site-packages/airflow/example_dags/example_sensor_decorator.py
[2025-11-10T20:47:15.285+0000] {logging_mixin.py:188} INFO - [2025-11-10T20:47:15.285+0000] {dag.py:3047} INFO - Sync 1 DAGs
[2025-11-10T20:47:15.297+0000] {logging_mixin.py:188} INFO - [2025-11-10T20:47:15.297+0000] {dag.py:3834} INFO - Setting next_dagrun for example_sensor_decorator to None, run_after=None
[2025-11-10T20:47:15.321+0000] {processor.py:183} INFO - Processing /home/airflow/.local/lib/python3.8/site-packages/airflow/example_dags/example_sensor_decorator.py took 0.073 seconds
[2025-11-10T20:47:45.424+0000] {processor.py:161} INFO - Started process (PID=1334) to work on /home/airflow/.local/lib/python3.8/site-packages/airflow/example_dags/example_sensor_decorator.py
[2025-11-10T20:47:45.427+0000] {processor.py:830} INFO - Processing file /home/airflow/.local/lib/python3.8/site-packages/airflow/example_dags/example_sensor_decorator.py for tasks to queue
[2025-11-10T20:47:45.434+0000] {logging_mixin.py:188} INFO - [2025-11-10T20:47:45.433+0000] {dagbag.py:540} INFO - Filling up the DagBag from /home/airflow/.local/lib/python3.8/site-packages/airflow/example_dags/example_sensor_decorator.py
[2025-11-10T20:47:45.452+0000] {processor.py:840} INFO - DAG(s) 'example_sensor_decorator' retrieved from /home/airflow/.local/lib/python3.8/site-packages/airflow/example_dags/example_sensor_decorator.py
[2025-11-10T20:47:45.487+0000] {logging_mixin.py:188} INFO - [2025-11-10T20:47:45.487+0000] {dag.py:3047} INFO - Sync 1 DAGs
[2025-11-10T20:47:45.506+0000] {logging_mixin.py:188} INFO - [2025-11-10T20:47:45.506+0000] {dag.py:3834} INFO - Setting next_dagrun for example_sensor_decorator to None, run_after=None
[2025-11-10T20:47:45.530+0000] {processor.py:183} INFO - Processing /home/airflow/.local/lib/python3.8/site-packages/airflow/example_dags/example_sensor_decorator.py took 0.112 seconds
[2025-11-10T20:48:15.963+0000] {processor.py:161} INFO - Started process (PID=1389) to work on /home/airflow/.local/lib/python3.8/site-packages/airflow/example_dags/example_sensor_decorator.py
[2025-11-10T20:48:15.965+0000] {processor.py:830} INFO - Processing file /home/airflow/.local/lib/python3.8/site-packages/airflow/example_dags/example_sensor_decorator.py for tasks to queue
[2025-11-10T20:48:15.967+0000] {logging_mixin.py:188} INFO - [2025-11-10T20:48:15.967+0000] {dagbag.py:540} INFO - Filling up the DagBag from /home/airflow/.local/lib/python3.8/site-packages/airflow/example_dags/example_sensor_decorator.py
[2025-11-10T20:48:15.973+0000] {processor.py:840} INFO - DAG(s) 'example_sensor_decorator' retrieved from /home/airflow/.local/lib/python3.8/site-packages/airflow/example_dags/example_sensor_decorator.py
[2025-11-10T20:48:15.992+0000] {logging_mixin.py:188} INFO - [2025-11-10T20:48:15.992+0000] {dag.py:3047} INFO - Sync 1 DAGs
[2025-11-10T20:48:16.004+0000] {logging_mixin.py:188} INFO - [2025-11-10T20:48:16.004+0000] {dag.py:3834} INFO - Setting next_dagrun for example_sensor_decorator to None, run_after=None
[2025-11-10T20:48:16.023+0000] {processor.py:183} INFO - Processing /home/airflow/.local/lib/python3.8/site-packages/airflow/example_dags/example_sensor_decorator.py took 0.064 seconds
[2025-11-10T20:48:46.301+0000] {processor.py:161} INFO - Started process (PID=1444) to work on /home/airflow/.local/lib/python3.8/site-packages/airflow/example_dags/example_sensor_decorator.py
[2025-11-10T20:48:46.304+0000] {processor.py:830} INFO - Processing file /home/airflow/.local/lib/python3.8/site-packages/airflow/example_dags/example_sensor_decorator.py for tasks to queue
[2025-11-10T20:48:46.310+0000] {logging_mixin.py:188} INFO - [2025-11-10T20:48:46.309+0000] {dagbag.py:540} INFO - Filling up the DagBag from /home/airflow/.local/lib/python3.8/site-packages/airflow/example_dags/example_sensor_decorator.py
[2025-11-10T20:48:46.323+0000] {processor.py:840} INFO - DAG(s) 'example_sensor_decorator' retrieved from /home/airflow/.local/lib/python3.8/site-packages/airflow/example_dags/example_sensor_decorator.py
[2025-11-10T20:48:46.357+0000] {logging_mixin.py:188} INFO - [2025-11-10T20:48:46.357+0000] {dag.py:3047} INFO - Sync 1 DAGs
[2025-11-10T20:48:46.370+0000] {logging_mixin.py:188} INFO - [2025-11-10T20:48:46.370+0000] {dag.py:3834} INFO - Setting next_dagrun for example_sensor_decorator to None, run_after=None
[2025-11-10T20:48:46.391+0000] {processor.py:183} INFO - Processing /home/airflow/.local/lib/python3.8/site-packages/airflow/example_dags/example_sensor_decorator.py took 0.097 seconds
[2025-11-10T20:49:16.995+0000] {processor.py:161} INFO - Started process (PID=1500) to work on /home/airflow/.local/lib/python3.8/site-packages/airflow/example_dags/example_sensor_decorator.py
[2025-11-10T20:49:16.998+0000] {processor.py:830} INFO - Processing file /home/airflow/.local/lib/python3.8/site-packages/airflow/example_dags/example_sensor_decorator.py for tasks to queue
[2025-11-10T20:49:17.002+0000] {logging_mixin.py:188} INFO - [2025-11-10T20:49:17.002+0000] {dagbag.py:540} INFO - Filling up the DagBag from /home/airflow/.local/lib/python3.8/site-packages/airflow/example_dags/example_sensor_decorator.py
[2025-11-10T20:49:17.014+0000] {processor.py:840} INFO - DAG(s) 'example_sensor_decorator' retrieved from /home/airflow/.local/lib/python3.8/site-packages/airflow/example_dags/example_sensor_decorator.py
[2025-11-10T20:49:17.044+0000] {logging_mixin.py:188} INFO - [2025-11-10T20:49:17.044+0000] {dag.py:3047} INFO - Sync 1 DAGs
[2025-11-10T20:49:17.069+0000] {logging_mixin.py:188} INFO - [2025-11-10T20:49:17.068+0000] {dag.py:3834} INFO - Setting next_dagrun for example_sensor_decorator to None, run_after=None
[2025-11-10T20:49:17.109+0000] {processor.py:183} INFO - Processing /home/airflow/.local/lib/python3.8/site-packages/airflow/example_dags/example_sensor_decorator.py took 0.118 seconds
[2025-11-10T20:49:47.650+0000] {processor.py:161} INFO - Started process (PID=1555) to work on /home/airflow/.local/lib/python3.8/site-packages/airflow/example_dags/example_sensor_decorator.py
[2025-11-10T20:49:47.653+0000] {processor.py:830} INFO - Processing file /home/airflow/.local/lib/python3.8/site-packages/airflow/example_dags/example_sensor_decorator.py for tasks to queue
[2025-11-10T20:49:47.657+0000] {logging_mixin.py:188} INFO - [2025-11-10T20:49:47.657+0000] {dagbag.py:540} INFO - Filling up the DagBag from /home/airflow/.local/lib/python3.8/site-packages/airflow/example_dags/example_sensor_decorator.py
[2025-11-10T20:49:47.668+0000] {processor.py:840} INFO - DAG(s) 'example_sensor_decorator' retrieved from /home/airflow/.local/lib/python3.8/site-packages/airflow/example_dags/example_sensor_decorator.py
[2025-11-10T20:49:47.695+0000] {logging_mixin.py:188} INFO - [2025-11-10T20:49:47.695+0000] {dag.py:3047} INFO - Sync 1 DAGs
[2025-11-10T20:49:47.708+0000] {logging_mixin.py:188} INFO - [2025-11-10T20:49:47.707+0000] {dag.py:3834} INFO - Setting next_dagrun for example_sensor_decorator to None, run_after=None
[2025-11-10T20:49:47.736+0000] {processor.py:183} INFO - Processing /home/airflow/.local/lib/python3.8/site-packages/airflow/example_dags/example_sensor_decorator.py took 0.095 seconds
[2025-11-10T20:50:17.796+0000] {processor.py:161} INFO - Started process (PID=1610) to work on /home/airflow/.local/lib/python3.8/site-packages/airflow/example_dags/example_sensor_decorator.py
[2025-11-10T20:50:17.798+0000] {processor.py:830} INFO - Processing file /home/airflow/.local/lib/python3.8/site-packages/airflow/example_dags/example_sensor_decorator.py for tasks to queue
[2025-11-10T20:50:17.800+0000] {logging_mixin.py:188} INFO - [2025-11-10T20:50:17.800+0000] {dagbag.py:540} INFO - Filling up the DagBag from /home/airflow/.local/lib/python3.8/site-packages/airflow/example_dags/example_sensor_decorator.py
[2025-11-10T20:50:17.807+0000] {processor.py:840} INFO - DAG(s) 'example_sensor_decorator' retrieved from /home/airflow/.local/lib/python3.8/site-packages/airflow/example_dags/example_sensor_decorator.py
[2025-11-10T20:50:17.833+0000] {logging_mixin.py:188} INFO - [2025-11-10T20:50:17.833+0000] {dag.py:3047} INFO - Sync 1 DAGs
[2025-11-10T20:50:17.848+0000] {logging_mixin.py:188} INFO - [2025-11-10T20:50:17.848+0000] {dag.py:3834} INFO - Setting next_dagrun for example_sensor_decorator to None, run_after=None
[2025-11-10T20:50:17.870+0000] {processor.py:183} INFO - Processing /home/airflow/.local/lib/python3.8/site-packages/airflow/example_dags/example_sensor_decorator.py took 0.081 seconds
[2025-11-10T20:50:48.305+0000] {processor.py:161} INFO - Started process (PID=1665) to work on /home/airflow/.local/lib/python3.8/site-packages/airflow/example_dags/example_sensor_decorator.py
[2025-11-10T20:50:48.308+0000] {processor.py:830} INFO - Processing file /home/airflow/.local/lib/python3.8/site-packages/airflow/example_dags/example_sensor_decorator.py for tasks to queue
[2025-11-10T20:50:48.313+0000] {logging_mixin.py:188} INFO - [2025-11-10T20:50:48.312+0000] {dagbag.py:540} INFO - Filling up the DagBag from /home/airflow/.local/lib/python3.8/site-packages/airflow/example_dags/example_sensor_decorator.py
[2025-11-10T20:50:48.328+0000] {processor.py:840} INFO - DAG(s) 'example_sensor_decorator' retrieved from /home/airflow/.local/lib/python3.8/site-packages/airflow/example_dags/example_sensor_decorator.py
[2025-11-10T20:50:48.372+0000] {logging_mixin.py:188} INFO - [2025-11-10T20:50:48.372+0000] {dag.py:3047} INFO - Sync 1 DAGs
[2025-11-10T20:50:48.392+0000] {logging_mixin.py:188} INFO - [2025-11-10T20:50:48.392+0000] {dag.py:3834} INFO - Setting next_dagrun for example_sensor_decorator to None, run_after=None
[2025-11-10T20:50:48.413+0000] {processor.py:183} INFO - Processing /home/airflow/.local/lib/python3.8/site-packages/airflow/example_dags/example_sensor_decorator.py took 0.116 seconds
[2025-11-10T20:51:18.823+0000] {processor.py:161} INFO - Started process (PID=1720) to work on /home/airflow/.local/lib/python3.8/site-packages/airflow/example_dags/example_sensor_decorator.py
[2025-11-10T20:51:18.826+0000] {processor.py:830} INFO - Processing file /home/airflow/.local/lib/python3.8/site-packages/airflow/example_dags/example_sensor_decorator.py for tasks to queue
[2025-11-10T20:51:18.831+0000] {logging_mixin.py:188} INFO - [2025-11-10T20:51:18.830+0000] {dagbag.py:540} INFO - Filling up the DagBag from /home/airflow/.local/lib/python3.8/site-packages/airflow/example_dags/example_sensor_decorator.py
[2025-11-10T20:51:18.848+0000] {processor.py:840} INFO - DAG(s) 'example_sensor_decorator' retrieved from /home/airflow/.local/lib/python3.8/site-packages/airflow/example_dags/example_sensor_decorator.py
[2025-11-10T20:51:18.875+0000] {logging_mixin.py:188} INFO - [2025-11-10T20:51:18.874+0000] {dag.py:3047} INFO - Sync 1 DAGs
[2025-11-10T20:51:18.886+0000] {logging_mixin.py:188} INFO - [2025-11-10T20:51:18.886+0000] {dag.py:3834} INFO - Setting next_dagrun for example_sensor_decorator to None, run_after=None
[2025-11-10T20:51:18.906+0000] {processor.py:183} INFO - Processing /home/airflow/.local/lib/python3.8/site-packages/airflow/example_dags/example_sensor_decorator.py took 0.091 seconds
[2025-11-10T20:51:49.120+0000] {processor.py:161} INFO - Started process (PID=1775) to work on /home/airflow/.local/lib/python3.8/site-packages/airflow/example_dags/example_sensor_decorator.py
[2025-11-10T20:51:49.128+0000] {processor.py:830} INFO - Processing file /home/airflow/.local/lib/python3.8/site-packages/airflow/example_dags/example_sensor_decorator.py for tasks to queue
[2025-11-10T20:51:49.137+0000] {logging_mixin.py:188} INFO - [2025-11-10T20:51:49.136+0000] {dagbag.py:540} INFO - Filling up the DagBag from /home/airflow/.local/lib/python3.8/site-packages/airflow/example_dags/example_sensor_decorator.py
[2025-11-10T20:51:49.154+0000] {processor.py:840} INFO - DAG(s) 'example_sensor_decorator' retrieved from /home/airflow/.local/lib/python3.8/site-packages/airflow/example_dags/example_sensor_decorator.py
[2025-11-10T20:51:49.184+0000] {logging_mixin.py:188} INFO - [2025-11-10T20:51:49.183+0000] {dag.py:3047} INFO - Sync 1 DAGs
[2025-11-10T20:51:49.196+0000] {logging_mixin.py:188} INFO - [2025-11-10T20:51:49.196+0000] {dag.py:3834} INFO - Setting next_dagrun for example_sensor_decorator to None, run_after=None
[2025-11-10T20:51:49.216+0000] {processor.py:183} INFO - Processing /home/airflow/.local/lib/python3.8/site-packages/airflow/example_dags/example_sensor_decorator.py took 0.102 seconds
[2025-11-10T20:52:19.511+0000] {processor.py:161} INFO - Started process (PID=1830) to work on /home/airflow/.local/lib/python3.8/site-packages/airflow/example_dags/example_sensor_decorator.py
[2025-11-10T20:52:19.512+0000] {processor.py:830} INFO - Processing file /home/airflow/.local/lib/python3.8/site-packages/airflow/example_dags/example_sensor_decorator.py for tasks to queue
[2025-11-10T20:52:19.514+0000] {logging_mixin.py:188} INFO - [2025-11-10T20:52:19.513+0000] {dagbag.py:540} INFO - Filling up the DagBag from /home/airflow/.local/lib/python3.8/site-packages/airflow/example_dags/example_sensor_decorator.py
[2025-11-10T20:52:19.520+0000] {processor.py:840} INFO - DAG(s) 'example_sensor_decorator' retrieved from /home/airflow/.local/lib/python3.8/site-packages/airflow/example_dags/example_sensor_decorator.py
[2025-11-10T20:52:19.538+0000] {logging_mixin.py:188} INFO - [2025-11-10T20:52:19.537+0000] {dag.py:3047} INFO - Sync 1 DAGs
[2025-11-10T20:52:19.549+0000] {logging_mixin.py:188} INFO - [2025-11-10T20:52:19.548+0000] {dag.py:3834} INFO - Setting next_dagrun for example_sensor_decorator to None, run_after=None
[2025-11-10T20:52:19.569+0000] {processor.py:183} INFO - Processing /home/airflow/.local/lib/python3.8/site-packages/airflow/example_dags/example_sensor_decorator.py took 0.062 seconds
[2025-11-10T20:52:49.845+0000] {processor.py:161} INFO - Started process (PID=1885) to work on /home/airflow/.local/lib/python3.8/site-packages/airflow/example_dags/example_sensor_decorator.py
[2025-11-10T20:52:49.850+0000] {processor.py:830} INFO - Processing file /home/airflow/.local/lib/python3.8/site-packages/airflow/example_dags/example_sensor_decorator.py for tasks to queue
[2025-11-10T20:52:49.853+0000] {logging_mixin.py:188} INFO - [2025-11-10T20:52:49.853+0000] {dagbag.py:540} INFO - Filling up the DagBag from /home/airflow/.local/lib/python3.8/site-packages/airflow/example_dags/example_sensor_decorator.py
[2025-11-10T20:52:49.863+0000] {processor.py:840} INFO - DAG(s) 'example_sensor_decorator' retrieved from /home/airflow/.local/lib/python3.8/site-packages/airflow/example_dags/example_sensor_decorator.py
[2025-11-10T20:52:49.888+0000] {logging_mixin.py:188} INFO - [2025-11-10T20:52:49.888+0000] {dag.py:3047} INFO - Sync 1 DAGs
[2025-11-10T20:52:49.902+0000] {logging_mixin.py:188} INFO - [2025-11-10T20:52:49.901+0000] {dag.py:3834} INFO - Setting next_dagrun for example_sensor_decorator to None, run_after=None
[2025-11-10T20:52:49.923+0000] {processor.py:183} INFO - Processing /home/airflow/.local/lib/python3.8/site-packages/airflow/example_dags/example_sensor_decorator.py took 0.082 seconds
[2025-11-10T20:53:20.175+0000] {processor.py:161} INFO - Started process (PID=1940) to work on /home/airflow/.local/lib/python3.8/site-packages/airflow/example_dags/example_sensor_decorator.py
[2025-11-10T20:53:20.177+0000] {processor.py:830} INFO - Processing file /home/airflow/.local/lib/python3.8/site-packages/airflow/example_dags/example_sensor_decorator.py for tasks to queue
[2025-11-10T20:53:20.184+0000] {logging_mixin.py:188} INFO - [2025-11-10T20:53:20.183+0000] {dagbag.py:540} INFO - Filling up the DagBag from /home/airflow/.local/lib/python3.8/site-packages/airflow/example_dags/example_sensor_decorator.py
[2025-11-10T20:53:20.207+0000] {processor.py:840} INFO - DAG(s) 'example_sensor_decorator' retrieved from /home/airflow/.local/lib/python3.8/site-packages/airflow/example_dags/example_sensor_decorator.py
[2025-11-10T20:53:20.257+0000] {logging_mixin.py:188} INFO - [2025-11-10T20:53:20.257+0000] {dag.py:3047} INFO - Sync 1 DAGs
[2025-11-10T20:53:20.281+0000] {logging_mixin.py:188} INFO - [2025-11-10T20:53:20.280+0000] {dag.py:3834} INFO - Setting next_dagrun for example_sensor_decorator to None, run_after=None
[2025-11-10T20:53:20.304+0000] {processor.py:183} INFO - Processing /home/airflow/.local/lib/python3.8/site-packages/airflow/example_dags/example_sensor_decorator.py took 0.134 seconds
