[2025-11-10T20:36:09.269+0000] {processor.py:161} INFO - Started process (PID=75) to work on /home/airflow/.local/lib/python3.8/site-packages/airflow/example_dags/example_bash_operator.py
[2025-11-10T20:36:09.271+0000] {processor.py:830} INFO - Processing file /home/airflow/.local/lib/python3.8/site-packages/airflow/example_dags/example_bash_operator.py for tasks to queue
[2025-11-10T20:36:09.274+0000] {logging_mixin.py:188} INFO - [2025-11-10T20:36:09.274+0000] {dagbag.py:540} INFO - Filling up the DagBag from /home/airflow/.local/lib/python3.8/site-packages/airflow/example_dags/example_bash_operator.py
[2025-11-10T20:36:09.298+0000] {processor.py:840} INFO - DAG(s) 'example_bash_operator' retrieved from /home/airflow/.local/lib/python3.8/site-packages/airflow/example_dags/example_bash_operator.py
[2025-11-10T20:36:09.438+0000] {logging_mixin.py:188} INFO - [2025-11-10T20:36:09.437+0000] {override.py:1769} INFO - Created Permission View: can read on DAG:example_bash_operator
[2025-11-10T20:36:09.453+0000] {logging_mixin.py:188} INFO - [2025-11-10T20:36:09.453+0000] {override.py:1769} INFO - Created Permission View: can edit on DAG:example_bash_operator
[2025-11-10T20:36:09.468+0000] {logging_mixin.py:188} INFO - [2025-11-10T20:36:09.467+0000] {override.py:1769} INFO - Created Permission View: can delete on DAG:example_bash_operator
[2025-11-10T20:36:09.468+0000] {logging_mixin.py:188} INFO - [2025-11-10T20:36:09.468+0000] {dag.py:3047} INFO - Sync 1 DAGs
[2025-11-10T20:36:09.481+0000] {logging_mixin.py:188} INFO - [2025-11-10T20:36:09.481+0000] {dag.py:3069} INFO - Creating ORM DAG for example_bash_operator
[2025-11-10T20:36:09.494+0000] {logging_mixin.py:188} INFO - [2025-11-10T20:36:09.493+0000] {dag.py:3834} INFO - Setting next_dagrun for example_bash_operator to 2025-11-09 00:00:00+00:00, run_after=2025-11-10 00:00:00+00:00
[2025-11-10T20:36:09.521+0000] {processor.py:183} INFO - Processing /home/airflow/.local/lib/python3.8/site-packages/airflow/example_dags/example_bash_operator.py took 0.256 seconds
[2025-11-10T20:36:39.570+0000] {processor.py:161} INFO - Started process (PID=130) to work on /home/airflow/.local/lib/python3.8/site-packages/airflow/example_dags/example_bash_operator.py
[2025-11-10T20:36:39.571+0000] {processor.py:830} INFO - Processing file /home/airflow/.local/lib/python3.8/site-packages/airflow/example_dags/example_bash_operator.py for tasks to queue
[2025-11-10T20:36:39.573+0000] {logging_mixin.py:188} INFO - [2025-11-10T20:36:39.573+0000] {dagbag.py:540} INFO - Filling up the DagBag from /home/airflow/.local/lib/python3.8/site-packages/airflow/example_dags/example_bash_operator.py
[2025-11-10T20:36:39.585+0000] {processor.py:840} INFO - DAG(s) 'example_bash_operator' retrieved from /home/airflow/.local/lib/python3.8/site-packages/airflow/example_dags/example_bash_operator.py
[2025-11-10T20:36:39.617+0000] {logging_mixin.py:188} INFO - [2025-11-10T20:36:39.617+0000] {dag.py:3047} INFO - Sync 1 DAGs
[2025-11-10T20:36:39.657+0000] {logging_mixin.py:188} INFO - [2025-11-10T20:36:39.657+0000] {dag.py:3834} INFO - Setting next_dagrun for example_bash_operator to 2025-11-09 00:00:00+00:00, run_after=2025-11-10 00:00:00+00:00
[2025-11-10T20:36:39.707+0000] {processor.py:183} INFO - Processing /home/airflow/.local/lib/python3.8/site-packages/airflow/example_dags/example_bash_operator.py took 0.140 seconds
[2025-11-10T20:37:10.471+0000] {processor.py:161} INFO - Started process (PID=191) to work on /home/airflow/.local/lib/python3.8/site-packages/airflow/example_dags/example_bash_operator.py
[2025-11-10T20:37:10.473+0000] {processor.py:830} INFO - Processing file /home/airflow/.local/lib/python3.8/site-packages/airflow/example_dags/example_bash_operator.py for tasks to queue
[2025-11-10T20:37:10.477+0000] {logging_mixin.py:188} INFO - [2025-11-10T20:37:10.476+0000] {dagbag.py:540} INFO - Filling up the DagBag from /home/airflow/.local/lib/python3.8/site-packages/airflow/example_dags/example_bash_operator.py
[2025-11-10T20:37:10.515+0000] {processor.py:840} INFO - DAG(s) 'example_bash_operator' retrieved from /home/airflow/.local/lib/python3.8/site-packages/airflow/example_dags/example_bash_operator.py
[2025-11-10T20:37:10.633+0000] {logging_mixin.py:188} INFO - [2025-11-10T20:37:10.632+0000] {dag.py:3047} INFO - Sync 1 DAGs
[2025-11-10T20:37:10.669+0000] {logging_mixin.py:188} INFO - [2025-11-10T20:37:10.668+0000] {dag.py:3834} INFO - Setting next_dagrun for example_bash_operator to 2025-11-09 00:00:00+00:00, run_after=2025-11-10 00:00:00+00:00
[2025-11-10T20:37:10.696+0000] {processor.py:183} INFO - Processing /home/airflow/.local/lib/python3.8/site-packages/airflow/example_dags/example_bash_operator.py took 0.230 seconds
[2025-11-10T20:37:40.735+0000] {processor.py:161} INFO - Started process (PID=246) to work on /home/airflow/.local/lib/python3.8/site-packages/airflow/example_dags/example_bash_operator.py
[2025-11-10T20:37:40.736+0000] {processor.py:830} INFO - Processing file /home/airflow/.local/lib/python3.8/site-packages/airflow/example_dags/example_bash_operator.py for tasks to queue
[2025-11-10T20:37:40.738+0000] {logging_mixin.py:188} INFO - [2025-11-10T20:37:40.738+0000] {dagbag.py:540} INFO - Filling up the DagBag from /home/airflow/.local/lib/python3.8/site-packages/airflow/example_dags/example_bash_operator.py
[2025-11-10T20:37:40.750+0000] {processor.py:840} INFO - DAG(s) 'example_bash_operator' retrieved from /home/airflow/.local/lib/python3.8/site-packages/airflow/example_dags/example_bash_operator.py
[2025-11-10T20:37:40.780+0000] {logging_mixin.py:188} INFO - [2025-11-10T20:37:40.780+0000] {dag.py:3047} INFO - Sync 1 DAGs
[2025-11-10T20:37:40.802+0000] {logging_mixin.py:188} INFO - [2025-11-10T20:37:40.802+0000] {dag.py:3834} INFO - Setting next_dagrun for example_bash_operator to 2025-11-09 00:00:00+00:00, run_after=2025-11-10 00:00:00+00:00
[2025-11-10T20:37:40.825+0000] {processor.py:183} INFO - Processing /home/airflow/.local/lib/python3.8/site-packages/airflow/example_dags/example_bash_operator.py took 0.094 seconds
[2025-11-10T20:38:10.947+0000] {processor.py:161} INFO - Started process (PID=301) to work on /home/airflow/.local/lib/python3.8/site-packages/airflow/example_dags/example_bash_operator.py
[2025-11-10T20:38:10.949+0000] {processor.py:830} INFO - Processing file /home/airflow/.local/lib/python3.8/site-packages/airflow/example_dags/example_bash_operator.py for tasks to queue
[2025-11-10T20:38:10.951+0000] {logging_mixin.py:188} INFO - [2025-11-10T20:38:10.950+0000] {dagbag.py:540} INFO - Filling up the DagBag from /home/airflow/.local/lib/python3.8/site-packages/airflow/example_dags/example_bash_operator.py
[2025-11-10T20:38:10.962+0000] {processor.py:840} INFO - DAG(s) 'example_bash_operator' retrieved from /home/airflow/.local/lib/python3.8/site-packages/airflow/example_dags/example_bash_operator.py
[2025-11-10T20:38:10.988+0000] {logging_mixin.py:188} INFO - [2025-11-10T20:38:10.988+0000] {dag.py:3047} INFO - Sync 1 DAGs
[2025-11-10T20:38:11.009+0000] {logging_mixin.py:188} INFO - [2025-11-10T20:38:11.009+0000] {dag.py:3834} INFO - Setting next_dagrun for example_bash_operator to 2025-11-09 00:00:00+00:00, run_after=2025-11-10 00:00:00+00:00
[2025-11-10T20:38:11.028+0000] {processor.py:183} INFO - Processing /home/airflow/.local/lib/python3.8/site-packages/airflow/example_dags/example_bash_operator.py took 0.084 seconds
[2025-11-10T20:38:41.436+0000] {processor.py:161} INFO - Started process (PID=356) to work on /home/airflow/.local/lib/python3.8/site-packages/airflow/example_dags/example_bash_operator.py
[2025-11-10T20:38:41.438+0000] {processor.py:830} INFO - Processing file /home/airflow/.local/lib/python3.8/site-packages/airflow/example_dags/example_bash_operator.py for tasks to queue
[2025-11-10T20:38:41.441+0000] {logging_mixin.py:188} INFO - [2025-11-10T20:38:41.441+0000] {dagbag.py:540} INFO - Filling up the DagBag from /home/airflow/.local/lib/python3.8/site-packages/airflow/example_dags/example_bash_operator.py
[2025-11-10T20:38:41.453+0000] {processor.py:840} INFO - DAG(s) 'example_bash_operator' retrieved from /home/airflow/.local/lib/python3.8/site-packages/airflow/example_dags/example_bash_operator.py
[2025-11-10T20:38:41.482+0000] {logging_mixin.py:188} INFO - [2025-11-10T20:38:41.482+0000] {dag.py:3047} INFO - Sync 1 DAGs
[2025-11-10T20:38:41.504+0000] {logging_mixin.py:188} INFO - [2025-11-10T20:38:41.504+0000] {dag.py:3834} INFO - Setting next_dagrun for example_bash_operator to 2025-11-09 00:00:00+00:00, run_after=2025-11-10 00:00:00+00:00
[2025-11-10T20:38:41.526+0000] {processor.py:183} INFO - Processing /home/airflow/.local/lib/python3.8/site-packages/airflow/example_dags/example_bash_operator.py took 0.094 seconds
[2025-11-10T20:39:12.435+0000] {processor.py:161} INFO - Started process (PID=411) to work on /home/airflow/.local/lib/python3.8/site-packages/airflow/example_dags/example_bash_operator.py
[2025-11-10T20:39:12.436+0000] {processor.py:830} INFO - Processing file /home/airflow/.local/lib/python3.8/site-packages/airflow/example_dags/example_bash_operator.py for tasks to queue
[2025-11-10T20:39:12.439+0000] {logging_mixin.py:188} INFO - [2025-11-10T20:39:12.438+0000] {dagbag.py:540} INFO - Filling up the DagBag from /home/airflow/.local/lib/python3.8/site-packages/airflow/example_dags/example_bash_operator.py
[2025-11-10T20:39:12.453+0000] {processor.py:840} INFO - DAG(s) 'example_bash_operator' retrieved from /home/airflow/.local/lib/python3.8/site-packages/airflow/example_dags/example_bash_operator.py
[2025-11-10T20:39:12.489+0000] {logging_mixin.py:188} INFO - [2025-11-10T20:39:12.488+0000] {dag.py:3047} INFO - Sync 1 DAGs
[2025-11-10T20:39:12.558+0000] {logging_mixin.py:188} INFO - [2025-11-10T20:39:12.557+0000] {dag.py:3834} INFO - Setting next_dagrun for example_bash_operator to 2025-11-09 00:00:00+00:00, run_after=2025-11-10 00:00:00+00:00
[2025-11-10T20:39:12.591+0000] {processor.py:183} INFO - Processing /home/airflow/.local/lib/python3.8/site-packages/airflow/example_dags/example_bash_operator.py took 0.164 seconds
[2025-11-10T20:39:43.558+0000] {processor.py:161} INFO - Started process (PID=466) to work on /home/airflow/.local/lib/python3.8/site-packages/airflow/example_dags/example_bash_operator.py
[2025-11-10T20:39:43.560+0000] {processor.py:830} INFO - Processing file /home/airflow/.local/lib/python3.8/site-packages/airflow/example_dags/example_bash_operator.py for tasks to queue
[2025-11-10T20:39:43.563+0000] {logging_mixin.py:188} INFO - [2025-11-10T20:39:43.562+0000] {dagbag.py:540} INFO - Filling up the DagBag from /home/airflow/.local/lib/python3.8/site-packages/airflow/example_dags/example_bash_operator.py
[2025-11-10T20:39:43.584+0000] {processor.py:840} INFO - DAG(s) 'example_bash_operator' retrieved from /home/airflow/.local/lib/python3.8/site-packages/airflow/example_dags/example_bash_operator.py
[2025-11-10T20:39:43.624+0000] {logging_mixin.py:188} INFO - [2025-11-10T20:39:43.624+0000] {dag.py:3047} INFO - Sync 1 DAGs
[2025-11-10T20:39:43.650+0000] {logging_mixin.py:188} INFO - [2025-11-10T20:39:43.650+0000] {dag.py:3834} INFO - Setting next_dagrun for example_bash_operator to 2025-11-09 00:00:00+00:00, run_after=2025-11-10 00:00:00+00:00
[2025-11-10T20:39:43.673+0000] {processor.py:183} INFO - Processing /home/airflow/.local/lib/python3.8/site-packages/airflow/example_dags/example_bash_operator.py took 0.121 seconds
[2025-11-10T20:40:14.571+0000] {processor.py:161} INFO - Started process (PID=521) to work on /home/airflow/.local/lib/python3.8/site-packages/airflow/example_dags/example_bash_operator.py
[2025-11-10T20:40:14.573+0000] {processor.py:830} INFO - Processing file /home/airflow/.local/lib/python3.8/site-packages/airflow/example_dags/example_bash_operator.py for tasks to queue
[2025-11-10T20:40:14.575+0000] {logging_mixin.py:188} INFO - [2025-11-10T20:40:14.574+0000] {dagbag.py:540} INFO - Filling up the DagBag from /home/airflow/.local/lib/python3.8/site-packages/airflow/example_dags/example_bash_operator.py
[2025-11-10T20:40:14.587+0000] {processor.py:840} INFO - DAG(s) 'example_bash_operator' retrieved from /home/airflow/.local/lib/python3.8/site-packages/airflow/example_dags/example_bash_operator.py
[2025-11-10T20:40:14.618+0000] {logging_mixin.py:188} INFO - [2025-11-10T20:40:14.618+0000] {dag.py:3047} INFO - Sync 1 DAGs
[2025-11-10T20:40:14.639+0000] {logging_mixin.py:188} INFO - [2025-11-10T20:40:14.639+0000] {dag.py:3834} INFO - Setting next_dagrun for example_bash_operator to 2025-11-09 00:00:00+00:00, run_after=2025-11-10 00:00:00+00:00
[2025-11-10T20:40:14.658+0000] {processor.py:183} INFO - Processing /home/airflow/.local/lib/python3.8/site-packages/airflow/example_dags/example_bash_operator.py took 0.090 seconds
[2025-11-10T20:40:44.818+0000] {processor.py:161} INFO - Started process (PID=576) to work on /home/airflow/.local/lib/python3.8/site-packages/airflow/example_dags/example_bash_operator.py
[2025-11-10T20:40:44.821+0000] {processor.py:830} INFO - Processing file /home/airflow/.local/lib/python3.8/site-packages/airflow/example_dags/example_bash_operator.py for tasks to queue
[2025-11-10T20:40:44.826+0000] {logging_mixin.py:188} INFO - [2025-11-10T20:40:44.825+0000] {dagbag.py:540} INFO - Filling up the DagBag from /home/airflow/.local/lib/python3.8/site-packages/airflow/example_dags/example_bash_operator.py
[2025-11-10T20:40:44.849+0000] {processor.py:840} INFO - DAG(s) 'example_bash_operator' retrieved from /home/airflow/.local/lib/python3.8/site-packages/airflow/example_dags/example_bash_operator.py
[2025-11-10T20:40:44.895+0000] {logging_mixin.py:188} INFO - [2025-11-10T20:40:44.895+0000] {dag.py:3047} INFO - Sync 1 DAGs
[2025-11-10T20:40:44.918+0000] {logging_mixin.py:188} INFO - [2025-11-10T20:40:44.918+0000] {dag.py:3834} INFO - Setting next_dagrun for example_bash_operator to 2025-11-09 00:00:00+00:00, run_after=2025-11-10 00:00:00+00:00
[2025-11-10T20:40:44.953+0000] {processor.py:183} INFO - Processing /home/airflow/.local/lib/python3.8/site-packages/airflow/example_dags/example_bash_operator.py took 0.141 seconds
[2025-11-10T20:41:15.067+0000] {processor.py:161} INFO - Started process (PID=631) to work on /home/airflow/.local/lib/python3.8/site-packages/airflow/example_dags/example_bash_operator.py
[2025-11-10T20:41:15.069+0000] {processor.py:830} INFO - Processing file /home/airflow/.local/lib/python3.8/site-packages/airflow/example_dags/example_bash_operator.py for tasks to queue
[2025-11-10T20:41:15.071+0000] {logging_mixin.py:188} INFO - [2025-11-10T20:41:15.071+0000] {dagbag.py:540} INFO - Filling up the DagBag from /home/airflow/.local/lib/python3.8/site-packages/airflow/example_dags/example_bash_operator.py
[2025-11-10T20:41:15.084+0000] {processor.py:840} INFO - DAG(s) 'example_bash_operator' retrieved from /home/airflow/.local/lib/python3.8/site-packages/airflow/example_dags/example_bash_operator.py
[2025-11-10T20:41:15.115+0000] {logging_mixin.py:188} INFO - [2025-11-10T20:41:15.115+0000] {dag.py:3047} INFO - Sync 1 DAGs
[2025-11-10T20:41:15.138+0000] {logging_mixin.py:188} INFO - [2025-11-10T20:41:15.138+0000] {dag.py:3834} INFO - Setting next_dagrun for example_bash_operator to 2025-11-09 00:00:00+00:00, run_after=2025-11-10 00:00:00+00:00
[2025-11-10T20:41:15.167+0000] {processor.py:183} INFO - Processing /home/airflow/.local/lib/python3.8/site-packages/airflow/example_dags/example_bash_operator.py took 0.103 seconds
[2025-11-10T20:41:45.637+0000] {processor.py:161} INFO - Started process (PID=686) to work on /home/airflow/.local/lib/python3.8/site-packages/airflow/example_dags/example_bash_operator.py
[2025-11-10T20:41:45.641+0000] {processor.py:830} INFO - Processing file /home/airflow/.local/lib/python3.8/site-packages/airflow/example_dags/example_bash_operator.py for tasks to queue
[2025-11-10T20:41:45.649+0000] {logging_mixin.py:188} INFO - [2025-11-10T20:41:45.648+0000] {dagbag.py:540} INFO - Filling up the DagBag from /home/airflow/.local/lib/python3.8/site-packages/airflow/example_dags/example_bash_operator.py
[2025-11-10T20:41:45.693+0000] {processor.py:840} INFO - DAG(s) 'example_bash_operator' retrieved from /home/airflow/.local/lib/python3.8/site-packages/airflow/example_dags/example_bash_operator.py
[2025-11-10T20:41:45.751+0000] {logging_mixin.py:188} INFO - [2025-11-10T20:41:45.751+0000] {dag.py:3047} INFO - Sync 1 DAGs
[2025-11-10T20:41:45.783+0000] {logging_mixin.py:188} INFO - [2025-11-10T20:41:45.782+0000] {dag.py:3834} INFO - Setting next_dagrun for example_bash_operator to 2025-11-09 00:00:00+00:00, run_after=2025-11-10 00:00:00+00:00
[2025-11-10T20:41:45.815+0000] {processor.py:183} INFO - Processing /home/airflow/.local/lib/python3.8/site-packages/airflow/example_dags/example_bash_operator.py took 0.190 seconds
[2025-11-10T20:42:16.532+0000] {processor.py:161} INFO - Started process (PID=741) to work on /home/airflow/.local/lib/python3.8/site-packages/airflow/example_dags/example_bash_operator.py
[2025-11-10T20:42:16.533+0000] {processor.py:830} INFO - Processing file /home/airflow/.local/lib/python3.8/site-packages/airflow/example_dags/example_bash_operator.py for tasks to queue
[2025-11-10T20:42:16.536+0000] {logging_mixin.py:188} INFO - [2025-11-10T20:42:16.536+0000] {dagbag.py:540} INFO - Filling up the DagBag from /home/airflow/.local/lib/python3.8/site-packages/airflow/example_dags/example_bash_operator.py
[2025-11-10T20:42:16.548+0000] {processor.py:840} INFO - DAG(s) 'example_bash_operator' retrieved from /home/airflow/.local/lib/python3.8/site-packages/airflow/example_dags/example_bash_operator.py
[2025-11-10T20:42:16.579+0000] {logging_mixin.py:188} INFO - [2025-11-10T20:42:16.578+0000] {dag.py:3047} INFO - Sync 1 DAGs
[2025-11-10T20:42:16.601+0000] {logging_mixin.py:188} INFO - [2025-11-10T20:42:16.601+0000] {dag.py:3834} INFO - Setting next_dagrun for example_bash_operator to 2025-11-09 00:00:00+00:00, run_after=2025-11-10 00:00:00+00:00
[2025-11-10T20:42:16.621+0000] {processor.py:183} INFO - Processing /home/airflow/.local/lib/python3.8/site-packages/airflow/example_dags/example_bash_operator.py took 0.094 seconds
[2025-11-10T20:42:47.131+0000] {processor.py:161} INFO - Started process (PID=796) to work on /home/airflow/.local/lib/python3.8/site-packages/airflow/example_dags/example_bash_operator.py
[2025-11-10T20:42:47.132+0000] {processor.py:830} INFO - Processing file /home/airflow/.local/lib/python3.8/site-packages/airflow/example_dags/example_bash_operator.py for tasks to queue
[2025-11-10T20:42:47.134+0000] {logging_mixin.py:188} INFO - [2025-11-10T20:42:47.134+0000] {dagbag.py:540} INFO - Filling up the DagBag from /home/airflow/.local/lib/python3.8/site-packages/airflow/example_dags/example_bash_operator.py
[2025-11-10T20:42:47.148+0000] {processor.py:840} INFO - DAG(s) 'example_bash_operator' retrieved from /home/airflow/.local/lib/python3.8/site-packages/airflow/example_dags/example_bash_operator.py
[2025-11-10T20:42:47.175+0000] {logging_mixin.py:188} INFO - [2025-11-10T20:42:47.175+0000] {dag.py:3047} INFO - Sync 1 DAGs
[2025-11-10T20:42:47.195+0000] {logging_mixin.py:188} INFO - [2025-11-10T20:42:47.195+0000] {dag.py:3834} INFO - Setting next_dagrun for example_bash_operator to 2025-11-09 00:00:00+00:00, run_after=2025-11-10 00:00:00+00:00
[2025-11-10T20:42:47.214+0000] {processor.py:183} INFO - Processing /home/airflow/.local/lib/python3.8/site-packages/airflow/example_dags/example_bash_operator.py took 0.086 seconds
[2025-11-10T20:43:17.350+0000] {processor.py:161} INFO - Started process (PID=851) to work on /home/airflow/.local/lib/python3.8/site-packages/airflow/example_dags/example_bash_operator.py
[2025-11-10T20:43:17.351+0000] {processor.py:830} INFO - Processing file /home/airflow/.local/lib/python3.8/site-packages/airflow/example_dags/example_bash_operator.py for tasks to queue
[2025-11-10T20:43:17.353+0000] {logging_mixin.py:188} INFO - [2025-11-10T20:43:17.353+0000] {dagbag.py:540} INFO - Filling up the DagBag from /home/airflow/.local/lib/python3.8/site-packages/airflow/example_dags/example_bash_operator.py
[2025-11-10T20:43:17.365+0000] {processor.py:840} INFO - DAG(s) 'example_bash_operator' retrieved from /home/airflow/.local/lib/python3.8/site-packages/airflow/example_dags/example_bash_operator.py
[2025-11-10T20:43:17.390+0000] {logging_mixin.py:188} INFO - [2025-11-10T20:43:17.390+0000] {dag.py:3047} INFO - Sync 1 DAGs
[2025-11-10T20:43:17.411+0000] {logging_mixin.py:188} INFO - [2025-11-10T20:43:17.411+0000] {dag.py:3834} INFO - Setting next_dagrun for example_bash_operator to 2025-11-09 00:00:00+00:00, run_after=2025-11-10 00:00:00+00:00
[2025-11-10T20:43:17.429+0000] {processor.py:183} INFO - Processing /home/airflow/.local/lib/python3.8/site-packages/airflow/example_dags/example_bash_operator.py took 0.082 seconds
[2025-11-10T20:43:47.718+0000] {processor.py:161} INFO - Started process (PID=905) to work on /home/airflow/.local/lib/python3.8/site-packages/airflow/example_dags/example_bash_operator.py
[2025-11-10T20:43:47.720+0000] {processor.py:830} INFO - Processing file /home/airflow/.local/lib/python3.8/site-packages/airflow/example_dags/example_bash_operator.py for tasks to queue
[2025-11-10T20:43:47.722+0000] {logging_mixin.py:188} INFO - [2025-11-10T20:43:47.721+0000] {dagbag.py:540} INFO - Filling up the DagBag from /home/airflow/.local/lib/python3.8/site-packages/airflow/example_dags/example_bash_operator.py
[2025-11-10T20:43:47.734+0000] {processor.py:840} INFO - DAG(s) 'example_bash_operator' retrieved from /home/airflow/.local/lib/python3.8/site-packages/airflow/example_dags/example_bash_operator.py
[2025-11-10T20:43:47.762+0000] {logging_mixin.py:188} INFO - [2025-11-10T20:43:47.762+0000] {dag.py:3047} INFO - Sync 1 DAGs
[2025-11-10T20:43:47.782+0000] {logging_mixin.py:188} INFO - [2025-11-10T20:43:47.782+0000] {dag.py:3834} INFO - Setting next_dagrun for example_bash_operator to 2025-11-09 00:00:00+00:00, run_after=2025-11-10 00:00:00+00:00
[2025-11-10T20:43:47.799+0000] {processor.py:183} INFO - Processing /home/airflow/.local/lib/python3.8/site-packages/airflow/example_dags/example_bash_operator.py took 0.084 seconds
[2025-11-10T20:44:18.032+0000] {processor.py:161} INFO - Started process (PID=960) to work on /home/airflow/.local/lib/python3.8/site-packages/airflow/example_dags/example_bash_operator.py
[2025-11-10T20:44:18.033+0000] {processor.py:830} INFO - Processing file /home/airflow/.local/lib/python3.8/site-packages/airflow/example_dags/example_bash_operator.py for tasks to queue
[2025-11-10T20:44:18.035+0000] {logging_mixin.py:188} INFO - [2025-11-10T20:44:18.035+0000] {dagbag.py:540} INFO - Filling up the DagBag from /home/airflow/.local/lib/python3.8/site-packages/airflow/example_dags/example_bash_operator.py
[2025-11-10T20:44:18.048+0000] {processor.py:840} INFO - DAG(s) 'example_bash_operator' retrieved from /home/airflow/.local/lib/python3.8/site-packages/airflow/example_dags/example_bash_operator.py
[2025-11-10T20:44:18.074+0000] {logging_mixin.py:188} INFO - [2025-11-10T20:44:18.073+0000] {dag.py:3047} INFO - Sync 1 DAGs
[2025-11-10T20:44:18.093+0000] {logging_mixin.py:188} INFO - [2025-11-10T20:44:18.093+0000] {dag.py:3834} INFO - Setting next_dagrun for example_bash_operator to 2025-11-09 00:00:00+00:00, run_after=2025-11-10 00:00:00+00:00
[2025-11-10T20:44:18.114+0000] {processor.py:183} INFO - Processing /home/airflow/.local/lib/python3.8/site-packages/airflow/example_dags/example_bash_operator.py took 0.087 seconds
[2025-11-10T20:44:48.448+0000] {processor.py:161} INFO - Started process (PID=1015) to work on /home/airflow/.local/lib/python3.8/site-packages/airflow/example_dags/example_bash_operator.py
[2025-11-10T20:44:48.449+0000] {processor.py:830} INFO - Processing file /home/airflow/.local/lib/python3.8/site-packages/airflow/example_dags/example_bash_operator.py for tasks to queue
[2025-11-10T20:44:48.451+0000] {logging_mixin.py:188} INFO - [2025-11-10T20:44:48.450+0000] {dagbag.py:540} INFO - Filling up the DagBag from /home/airflow/.local/lib/python3.8/site-packages/airflow/example_dags/example_bash_operator.py
[2025-11-10T20:44:48.462+0000] {processor.py:840} INFO - DAG(s) 'example_bash_operator' retrieved from /home/airflow/.local/lib/python3.8/site-packages/airflow/example_dags/example_bash_operator.py
[2025-11-10T20:44:48.489+0000] {logging_mixin.py:188} INFO - [2025-11-10T20:44:48.488+0000] {dag.py:3047} INFO - Sync 1 DAGs
[2025-11-10T20:44:48.517+0000] {logging_mixin.py:188} INFO - [2025-11-10T20:44:48.516+0000] {dag.py:3834} INFO - Setting next_dagrun for example_bash_operator to 2025-11-09 00:00:00+00:00, run_after=2025-11-10 00:00:00+00:00
[2025-11-10T20:44:48.548+0000] {processor.py:183} INFO - Processing /home/airflow/.local/lib/python3.8/site-packages/airflow/example_dags/example_bash_operator.py took 0.103 seconds
[2025-11-10T20:45:18.854+0000] {processor.py:161} INFO - Started process (PID=1070) to work on /home/airflow/.local/lib/python3.8/site-packages/airflow/example_dags/example_bash_operator.py
[2025-11-10T20:45:18.855+0000] {processor.py:830} INFO - Processing file /home/airflow/.local/lib/python3.8/site-packages/airflow/example_dags/example_bash_operator.py for tasks to queue
[2025-11-10T20:45:18.857+0000] {logging_mixin.py:188} INFO - [2025-11-10T20:45:18.857+0000] {dagbag.py:540} INFO - Filling up the DagBag from /home/airflow/.local/lib/python3.8/site-packages/airflow/example_dags/example_bash_operator.py
[2025-11-10T20:45:18.869+0000] {processor.py:840} INFO - DAG(s) 'example_bash_operator' retrieved from /home/airflow/.local/lib/python3.8/site-packages/airflow/example_dags/example_bash_operator.py
[2025-11-10T20:45:18.897+0000] {logging_mixin.py:188} INFO - [2025-11-10T20:45:18.896+0000] {dag.py:3047} INFO - Sync 1 DAGs
[2025-11-10T20:45:18.917+0000] {logging_mixin.py:188} INFO - [2025-11-10T20:45:18.917+0000] {dag.py:3834} INFO - Setting next_dagrun for example_bash_operator to 2025-11-09 00:00:00+00:00, run_after=2025-11-10 00:00:00+00:00
[2025-11-10T20:45:18.942+0000] {processor.py:183} INFO - Processing /home/airflow/.local/lib/python3.8/site-packages/airflow/example_dags/example_bash_operator.py took 0.092 seconds
[2025-11-10T20:45:49.058+0000] {processor.py:161} INFO - Started process (PID=1125) to work on /home/airflow/.local/lib/python3.8/site-packages/airflow/example_dags/example_bash_operator.py
[2025-11-10T20:45:49.059+0000] {processor.py:830} INFO - Processing file /home/airflow/.local/lib/python3.8/site-packages/airflow/example_dags/example_bash_operator.py for tasks to queue
[2025-11-10T20:45:49.061+0000] {logging_mixin.py:188} INFO - [2025-11-10T20:45:49.061+0000] {dagbag.py:540} INFO - Filling up the DagBag from /home/airflow/.local/lib/python3.8/site-packages/airflow/example_dags/example_bash_operator.py
[2025-11-10T20:45:49.073+0000] {processor.py:840} INFO - DAG(s) 'example_bash_operator' retrieved from /home/airflow/.local/lib/python3.8/site-packages/airflow/example_dags/example_bash_operator.py
[2025-11-10T20:45:49.102+0000] {logging_mixin.py:188} INFO - [2025-11-10T20:45:49.102+0000] {dag.py:3047} INFO - Sync 1 DAGs
[2025-11-10T20:45:49.126+0000] {logging_mixin.py:188} INFO - [2025-11-10T20:45:49.126+0000] {dag.py:3834} INFO - Setting next_dagrun for example_bash_operator to 2025-11-09 00:00:00+00:00, run_after=2025-11-10 00:00:00+00:00
[2025-11-10T20:45:49.145+0000] {processor.py:183} INFO - Processing /home/airflow/.local/lib/python3.8/site-packages/airflow/example_dags/example_bash_operator.py took 0.090 seconds
[2025-11-10T20:46:19.288+0000] {processor.py:161} INFO - Started process (PID=1180) to work on /home/airflow/.local/lib/python3.8/site-packages/airflow/example_dags/example_bash_operator.py
[2025-11-10T20:46:19.290+0000] {processor.py:830} INFO - Processing file /home/airflow/.local/lib/python3.8/site-packages/airflow/example_dags/example_bash_operator.py for tasks to queue
[2025-11-10T20:46:19.293+0000] {logging_mixin.py:188} INFO - [2025-11-10T20:46:19.292+0000] {dagbag.py:540} INFO - Filling up the DagBag from /home/airflow/.local/lib/python3.8/site-packages/airflow/example_dags/example_bash_operator.py
[2025-11-10T20:46:19.305+0000] {processor.py:840} INFO - DAG(s) 'example_bash_operator' retrieved from /home/airflow/.local/lib/python3.8/site-packages/airflow/example_dags/example_bash_operator.py
[2025-11-10T20:46:19.335+0000] {logging_mixin.py:188} INFO - [2025-11-10T20:46:19.335+0000] {dag.py:3047} INFO - Sync 1 DAGs
[2025-11-10T20:46:19.363+0000] {logging_mixin.py:188} INFO - [2025-11-10T20:46:19.362+0000] {dag.py:3834} INFO - Setting next_dagrun for example_bash_operator to 2025-11-09 00:00:00+00:00, run_after=2025-11-10 00:00:00+00:00
[2025-11-10T20:46:19.384+0000] {processor.py:183} INFO - Processing /home/airflow/.local/lib/python3.8/site-packages/airflow/example_dags/example_bash_operator.py took 0.100 seconds
[2025-11-10T20:46:49.583+0000] {processor.py:161} INFO - Started process (PID=1236) to work on /home/airflow/.local/lib/python3.8/site-packages/airflow/example_dags/example_bash_operator.py
[2025-11-10T20:46:49.584+0000] {processor.py:830} INFO - Processing file /home/airflow/.local/lib/python3.8/site-packages/airflow/example_dags/example_bash_operator.py for tasks to queue
[2025-11-10T20:46:49.586+0000] {logging_mixin.py:188} INFO - [2025-11-10T20:46:49.586+0000] {dagbag.py:540} INFO - Filling up the DagBag from /home/airflow/.local/lib/python3.8/site-packages/airflow/example_dags/example_bash_operator.py
[2025-11-10T20:46:49.600+0000] {processor.py:840} INFO - DAG(s) 'example_bash_operator' retrieved from /home/airflow/.local/lib/python3.8/site-packages/airflow/example_dags/example_bash_operator.py
[2025-11-10T20:46:49.634+0000] {logging_mixin.py:188} INFO - [2025-11-10T20:46:49.633+0000] {dag.py:3047} INFO - Sync 1 DAGs
[2025-11-10T20:46:49.654+0000] {logging_mixin.py:188} INFO - [2025-11-10T20:46:49.654+0000] {dag.py:3834} INFO - Setting next_dagrun for example_bash_operator to 2025-11-09 00:00:00+00:00, run_after=2025-11-10 00:00:00+00:00
[2025-11-10T20:46:49.672+0000] {processor.py:183} INFO - Processing /home/airflow/.local/lib/python3.8/site-packages/airflow/example_dags/example_bash_operator.py took 0.094 seconds
[2025-11-10T20:47:20.083+0000] {processor.py:161} INFO - Started process (PID=1291) to work on /home/airflow/.local/lib/python3.8/site-packages/airflow/example_dags/example_bash_operator.py
[2025-11-10T20:47:20.085+0000] {processor.py:830} INFO - Processing file /home/airflow/.local/lib/python3.8/site-packages/airflow/example_dags/example_bash_operator.py for tasks to queue
[2025-11-10T20:47:20.090+0000] {logging_mixin.py:188} INFO - [2025-11-10T20:47:20.089+0000] {dagbag.py:540} INFO - Filling up the DagBag from /home/airflow/.local/lib/python3.8/site-packages/airflow/example_dags/example_bash_operator.py
[2025-11-10T20:47:20.111+0000] {processor.py:840} INFO - DAG(s) 'example_bash_operator' retrieved from /home/airflow/.local/lib/python3.8/site-packages/airflow/example_dags/example_bash_operator.py
[2025-11-10T20:47:20.174+0000] {logging_mixin.py:188} INFO - [2025-11-10T20:47:20.174+0000] {dag.py:3047} INFO - Sync 1 DAGs
[2025-11-10T20:47:20.202+0000] {logging_mixin.py:188} INFO - [2025-11-10T20:47:20.202+0000] {dag.py:3834} INFO - Setting next_dagrun for example_bash_operator to 2025-11-09 00:00:00+00:00, run_after=2025-11-10 00:00:00+00:00
[2025-11-10T20:47:20.235+0000] {processor.py:183} INFO - Processing /home/airflow/.local/lib/python3.8/site-packages/airflow/example_dags/example_bash_operator.py took 0.158 seconds
[2025-11-10T20:47:50.335+0000] {processor.py:161} INFO - Started process (PID=1346) to work on /home/airflow/.local/lib/python3.8/site-packages/airflow/example_dags/example_bash_operator.py
[2025-11-10T20:47:50.336+0000] {processor.py:830} INFO - Processing file /home/airflow/.local/lib/python3.8/site-packages/airflow/example_dags/example_bash_operator.py for tasks to queue
[2025-11-10T20:47:50.339+0000] {logging_mixin.py:188} INFO - [2025-11-10T20:47:50.338+0000] {dagbag.py:540} INFO - Filling up the DagBag from /home/airflow/.local/lib/python3.8/site-packages/airflow/example_dags/example_bash_operator.py
[2025-11-10T20:47:50.350+0000] {processor.py:840} INFO - DAG(s) 'example_bash_operator' retrieved from /home/airflow/.local/lib/python3.8/site-packages/airflow/example_dags/example_bash_operator.py
[2025-11-10T20:47:50.379+0000] {logging_mixin.py:188} INFO - [2025-11-10T20:47:50.379+0000] {dag.py:3047} INFO - Sync 1 DAGs
[2025-11-10T20:47:50.399+0000] {logging_mixin.py:188} INFO - [2025-11-10T20:47:50.399+0000] {dag.py:3834} INFO - Setting next_dagrun for example_bash_operator to 2025-11-09 00:00:00+00:00, run_after=2025-11-10 00:00:00+00:00
[2025-11-10T20:47:50.416+0000] {processor.py:183} INFO - Processing /home/airflow/.local/lib/python3.8/site-packages/airflow/example_dags/example_bash_operator.py took 0.085 seconds
[2025-11-10T20:48:20.852+0000] {processor.py:161} INFO - Started process (PID=1401) to work on /home/airflow/.local/lib/python3.8/site-packages/airflow/example_dags/example_bash_operator.py
[2025-11-10T20:48:20.856+0000] {processor.py:830} INFO - Processing file /home/airflow/.local/lib/python3.8/site-packages/airflow/example_dags/example_bash_operator.py for tasks to queue
[2025-11-10T20:48:20.862+0000] {logging_mixin.py:188} INFO - [2025-11-10T20:48:20.861+0000] {dagbag.py:540} INFO - Filling up the DagBag from /home/airflow/.local/lib/python3.8/site-packages/airflow/example_dags/example_bash_operator.py
[2025-11-10T20:48:20.886+0000] {processor.py:840} INFO - DAG(s) 'example_bash_operator' retrieved from /home/airflow/.local/lib/python3.8/site-packages/airflow/example_dags/example_bash_operator.py
[2025-11-10T20:48:20.919+0000] {logging_mixin.py:188} INFO - [2025-11-10T20:48:20.919+0000] {dag.py:3047} INFO - Sync 1 DAGs
[2025-11-10T20:48:20.944+0000] {logging_mixin.py:188} INFO - [2025-11-10T20:48:20.943+0000] {dag.py:3834} INFO - Setting next_dagrun for example_bash_operator to 2025-11-09 00:00:00+00:00, run_after=2025-11-10 00:00:00+00:00
[2025-11-10T20:48:20.964+0000] {processor.py:183} INFO - Processing /home/airflow/.local/lib/python3.8/site-packages/airflow/example_dags/example_bash_operator.py took 0.121 seconds
[2025-11-10T20:48:51.176+0000] {processor.py:161} INFO - Started process (PID=1456) to work on /home/airflow/.local/lib/python3.8/site-packages/airflow/example_dags/example_bash_operator.py
[2025-11-10T20:48:51.177+0000] {processor.py:830} INFO - Processing file /home/airflow/.local/lib/python3.8/site-packages/airflow/example_dags/example_bash_operator.py for tasks to queue
[2025-11-10T20:48:51.180+0000] {logging_mixin.py:188} INFO - [2025-11-10T20:48:51.179+0000] {dagbag.py:540} INFO - Filling up the DagBag from /home/airflow/.local/lib/python3.8/site-packages/airflow/example_dags/example_bash_operator.py
[2025-11-10T20:48:51.194+0000] {processor.py:840} INFO - DAG(s) 'example_bash_operator' retrieved from /home/airflow/.local/lib/python3.8/site-packages/airflow/example_dags/example_bash_operator.py
[2025-11-10T20:48:51.220+0000] {logging_mixin.py:188} INFO - [2025-11-10T20:48:51.220+0000] {dag.py:3047} INFO - Sync 1 DAGs
[2025-11-10T20:48:51.242+0000] {logging_mixin.py:188} INFO - [2025-11-10T20:48:51.241+0000] {dag.py:3834} INFO - Setting next_dagrun for example_bash_operator to 2025-11-09 00:00:00+00:00, run_after=2025-11-10 00:00:00+00:00
[2025-11-10T20:48:51.261+0000] {processor.py:183} INFO - Processing /home/airflow/.local/lib/python3.8/site-packages/airflow/example_dags/example_bash_operator.py took 0.091 seconds
[2025-11-10T20:49:21.609+0000] {processor.py:161} INFO - Started process (PID=1512) to work on /home/airflow/.local/lib/python3.8/site-packages/airflow/example_dags/example_bash_operator.py
[2025-11-10T20:49:21.610+0000] {processor.py:830} INFO - Processing file /home/airflow/.local/lib/python3.8/site-packages/airflow/example_dags/example_bash_operator.py for tasks to queue
[2025-11-10T20:49:21.613+0000] {logging_mixin.py:188} INFO - [2025-11-10T20:49:21.612+0000] {dagbag.py:540} INFO - Filling up the DagBag from /home/airflow/.local/lib/python3.8/site-packages/airflow/example_dags/example_bash_operator.py
[2025-11-10T20:49:21.624+0000] {processor.py:840} INFO - DAG(s) 'example_bash_operator' retrieved from /home/airflow/.local/lib/python3.8/site-packages/airflow/example_dags/example_bash_operator.py
[2025-11-10T20:49:21.652+0000] {logging_mixin.py:188} INFO - [2025-11-10T20:49:21.652+0000] {dag.py:3047} INFO - Sync 1 DAGs
[2025-11-10T20:49:21.673+0000] {logging_mixin.py:188} INFO - [2025-11-10T20:49:21.673+0000] {dag.py:3834} INFO - Setting next_dagrun for example_bash_operator to 2025-11-09 00:00:00+00:00, run_after=2025-11-10 00:00:00+00:00
[2025-11-10T20:49:21.692+0000] {processor.py:183} INFO - Processing /home/airflow/.local/lib/python3.8/site-packages/airflow/example_dags/example_bash_operator.py took 0.086 seconds
[2025-11-10T20:49:52.355+0000] {processor.py:161} INFO - Started process (PID=1567) to work on /home/airflow/.local/lib/python3.8/site-packages/airflow/example_dags/example_bash_operator.py
[2025-11-10T20:49:52.356+0000] {processor.py:830} INFO - Processing file /home/airflow/.local/lib/python3.8/site-packages/airflow/example_dags/example_bash_operator.py for tasks to queue
[2025-11-10T20:49:52.359+0000] {logging_mixin.py:188} INFO - [2025-11-10T20:49:52.359+0000] {dagbag.py:540} INFO - Filling up the DagBag from /home/airflow/.local/lib/python3.8/site-packages/airflow/example_dags/example_bash_operator.py
[2025-11-10T20:49:52.373+0000] {processor.py:840} INFO - DAG(s) 'example_bash_operator' retrieved from /home/airflow/.local/lib/python3.8/site-packages/airflow/example_dags/example_bash_operator.py
[2025-11-10T20:49:52.400+0000] {logging_mixin.py:188} INFO - [2025-11-10T20:49:52.400+0000] {dag.py:3047} INFO - Sync 1 DAGs
[2025-11-10T20:49:52.421+0000] {logging_mixin.py:188} INFO - [2025-11-10T20:49:52.420+0000] {dag.py:3834} INFO - Setting next_dagrun for example_bash_operator to 2025-11-09 00:00:00+00:00, run_after=2025-11-10 00:00:00+00:00
[2025-11-10T20:49:52.438+0000] {processor.py:183} INFO - Processing /home/airflow/.local/lib/python3.8/site-packages/airflow/example_dags/example_bash_operator.py took 0.089 seconds
[2025-11-10T20:50:22.632+0000] {processor.py:161} INFO - Started process (PID=1622) to work on /home/airflow/.local/lib/python3.8/site-packages/airflow/example_dags/example_bash_operator.py
[2025-11-10T20:50:22.633+0000] {processor.py:830} INFO - Processing file /home/airflow/.local/lib/python3.8/site-packages/airflow/example_dags/example_bash_operator.py for tasks to queue
[2025-11-10T20:50:22.635+0000] {logging_mixin.py:188} INFO - [2025-11-10T20:50:22.635+0000] {dagbag.py:540} INFO - Filling up the DagBag from /home/airflow/.local/lib/python3.8/site-packages/airflow/example_dags/example_bash_operator.py
[2025-11-10T20:50:22.648+0000] {processor.py:840} INFO - DAG(s) 'example_bash_operator' retrieved from /home/airflow/.local/lib/python3.8/site-packages/airflow/example_dags/example_bash_operator.py
[2025-11-10T20:50:22.676+0000] {logging_mixin.py:188} INFO - [2025-11-10T20:50:22.675+0000] {dag.py:3047} INFO - Sync 1 DAGs
[2025-11-10T20:50:22.697+0000] {logging_mixin.py:188} INFO - [2025-11-10T20:50:22.697+0000] {dag.py:3834} INFO - Setting next_dagrun for example_bash_operator to 2025-11-09 00:00:00+00:00, run_after=2025-11-10 00:00:00+00:00
[2025-11-10T20:50:22.715+0000] {processor.py:183} INFO - Processing /home/airflow/.local/lib/python3.8/site-packages/airflow/example_dags/example_bash_operator.py took 0.087 seconds
[2025-11-10T20:50:53.447+0000] {processor.py:161} INFO - Started process (PID=1677) to work on /home/airflow/.local/lib/python3.8/site-packages/airflow/example_dags/example_bash_operator.py
[2025-11-10T20:50:53.451+0000] {processor.py:830} INFO - Processing file /home/airflow/.local/lib/python3.8/site-packages/airflow/example_dags/example_bash_operator.py for tasks to queue
[2025-11-10T20:50:53.455+0000] {logging_mixin.py:188} INFO - [2025-11-10T20:50:53.454+0000] {dagbag.py:540} INFO - Filling up the DagBag from /home/airflow/.local/lib/python3.8/site-packages/airflow/example_dags/example_bash_operator.py
[2025-11-10T20:50:53.475+0000] {processor.py:840} INFO - DAG(s) 'example_bash_operator' retrieved from /home/airflow/.local/lib/python3.8/site-packages/airflow/example_dags/example_bash_operator.py
[2025-11-10T20:50:53.520+0000] {logging_mixin.py:188} INFO - [2025-11-10T20:50:53.520+0000] {dag.py:3047} INFO - Sync 1 DAGs
[2025-11-10T20:50:53.542+0000] {logging_mixin.py:188} INFO - [2025-11-10T20:50:53.542+0000] {dag.py:3834} INFO - Setting next_dagrun for example_bash_operator to 2025-11-09 00:00:00+00:00, run_after=2025-11-10 00:00:00+00:00
[2025-11-10T20:50:53.567+0000] {processor.py:183} INFO - Processing /home/airflow/.local/lib/python3.8/site-packages/airflow/example_dags/example_bash_operator.py took 0.128 seconds
[2025-11-10T20:51:23.657+0000] {processor.py:161} INFO - Started process (PID=1732) to work on /home/airflow/.local/lib/python3.8/site-packages/airflow/example_dags/example_bash_operator.py
[2025-11-10T20:51:23.658+0000] {processor.py:830} INFO - Processing file /home/airflow/.local/lib/python3.8/site-packages/airflow/example_dags/example_bash_operator.py for tasks to queue
[2025-11-10T20:51:23.660+0000] {logging_mixin.py:188} INFO - [2025-11-10T20:51:23.660+0000] {dagbag.py:540} INFO - Filling up the DagBag from /home/airflow/.local/lib/python3.8/site-packages/airflow/example_dags/example_bash_operator.py
[2025-11-10T20:51:23.672+0000] {processor.py:840} INFO - DAG(s) 'example_bash_operator' retrieved from /home/airflow/.local/lib/python3.8/site-packages/airflow/example_dags/example_bash_operator.py
[2025-11-10T20:51:23.698+0000] {logging_mixin.py:188} INFO - [2025-11-10T20:51:23.698+0000] {dag.py:3047} INFO - Sync 1 DAGs
[2025-11-10T20:51:23.719+0000] {logging_mixin.py:188} INFO - [2025-11-10T20:51:23.719+0000] {dag.py:3834} INFO - Setting next_dagrun for example_bash_operator to 2025-11-09 00:00:00+00:00, run_after=2025-11-10 00:00:00+00:00
[2025-11-10T20:51:23.738+0000] {processor.py:183} INFO - Processing /home/airflow/.local/lib/python3.8/site-packages/airflow/example_dags/example_bash_operator.py took 0.084 seconds
[2025-11-10T20:51:53.847+0000] {processor.py:161} INFO - Started process (PID=1787) to work on /home/airflow/.local/lib/python3.8/site-packages/airflow/example_dags/example_bash_operator.py
[2025-11-10T20:51:53.853+0000] {processor.py:830} INFO - Processing file /home/airflow/.local/lib/python3.8/site-packages/airflow/example_dags/example_bash_operator.py for tasks to queue
[2025-11-10T20:51:53.856+0000] {logging_mixin.py:188} INFO - [2025-11-10T20:51:53.856+0000] {dagbag.py:540} INFO - Filling up the DagBag from /home/airflow/.local/lib/python3.8/site-packages/airflow/example_dags/example_bash_operator.py
[2025-11-10T20:51:53.870+0000] {processor.py:840} INFO - DAG(s) 'example_bash_operator' retrieved from /home/airflow/.local/lib/python3.8/site-packages/airflow/example_dags/example_bash_operator.py
[2025-11-10T20:51:53.897+0000] {logging_mixin.py:188} INFO - [2025-11-10T20:51:53.897+0000] {dag.py:3047} INFO - Sync 1 DAGs
[2025-11-10T20:51:53.919+0000] {logging_mixin.py:188} INFO - [2025-11-10T20:51:53.919+0000] {dag.py:3834} INFO - Setting next_dagrun for example_bash_operator to 2025-11-09 00:00:00+00:00, run_after=2025-11-10 00:00:00+00:00
[2025-11-10T20:51:53.939+0000] {processor.py:183} INFO - Processing /home/airflow/.local/lib/python3.8/site-packages/airflow/example_dags/example_bash_operator.py took 0.095 seconds
[2025-11-10T20:52:24.185+0000] {processor.py:161} INFO - Started process (PID=1842) to work on /home/airflow/.local/lib/python3.8/site-packages/airflow/example_dags/example_bash_operator.py
[2025-11-10T20:52:24.187+0000] {processor.py:830} INFO - Processing file /home/airflow/.local/lib/python3.8/site-packages/airflow/example_dags/example_bash_operator.py for tasks to queue
[2025-11-10T20:52:24.189+0000] {logging_mixin.py:188} INFO - [2025-11-10T20:52:24.189+0000] {dagbag.py:540} INFO - Filling up the DagBag from /home/airflow/.local/lib/python3.8/site-packages/airflow/example_dags/example_bash_operator.py
[2025-11-10T20:52:24.202+0000] {processor.py:840} INFO - DAG(s) 'example_bash_operator' retrieved from /home/airflow/.local/lib/python3.8/site-packages/airflow/example_dags/example_bash_operator.py
[2025-11-10T20:52:24.229+0000] {logging_mixin.py:188} INFO - [2025-11-10T20:52:24.229+0000] {dag.py:3047} INFO - Sync 1 DAGs
[2025-11-10T20:52:24.250+0000] {logging_mixin.py:188} INFO - [2025-11-10T20:52:24.250+0000] {dag.py:3834} INFO - Setting next_dagrun for example_bash_operator to 2025-11-09 00:00:00+00:00, run_after=2025-11-10 00:00:00+00:00
[2025-11-10T20:52:24.268+0000] {processor.py:183} INFO - Processing /home/airflow/.local/lib/python3.8/site-packages/airflow/example_dags/example_bash_operator.py took 0.087 seconds
[2025-11-10T20:52:54.570+0000] {processor.py:161} INFO - Started process (PID=1897) to work on /home/airflow/.local/lib/python3.8/site-packages/airflow/example_dags/example_bash_operator.py
[2025-11-10T20:52:54.572+0000] {processor.py:830} INFO - Processing file /home/airflow/.local/lib/python3.8/site-packages/airflow/example_dags/example_bash_operator.py for tasks to queue
[2025-11-10T20:52:54.575+0000] {logging_mixin.py:188} INFO - [2025-11-10T20:52:54.574+0000] {dagbag.py:540} INFO - Filling up the DagBag from /home/airflow/.local/lib/python3.8/site-packages/airflow/example_dags/example_bash_operator.py
[2025-11-10T20:52:54.587+0000] {processor.py:840} INFO - DAG(s) 'example_bash_operator' retrieved from /home/airflow/.local/lib/python3.8/site-packages/airflow/example_dags/example_bash_operator.py
[2025-11-10T20:52:54.615+0000] {logging_mixin.py:188} INFO - [2025-11-10T20:52:54.615+0000] {dag.py:3047} INFO - Sync 1 DAGs
[2025-11-10T20:52:54.636+0000] {logging_mixin.py:188} INFO - [2025-11-10T20:52:54.636+0000] {dag.py:3834} INFO - Setting next_dagrun for example_bash_operator to 2025-11-09 00:00:00+00:00, run_after=2025-11-10 00:00:00+00:00
[2025-11-10T20:52:54.655+0000] {processor.py:183} INFO - Processing /home/airflow/.local/lib/python3.8/site-packages/airflow/example_dags/example_bash_operator.py took 0.090 seconds
[2025-11-10T20:53:24.959+0000] {processor.py:161} INFO - Started process (PID=1952) to work on /home/airflow/.local/lib/python3.8/site-packages/airflow/example_dags/example_bash_operator.py
[2025-11-10T20:53:24.961+0000] {processor.py:830} INFO - Processing file /home/airflow/.local/lib/python3.8/site-packages/airflow/example_dags/example_bash_operator.py for tasks to queue
[2025-11-10T20:53:24.963+0000] {logging_mixin.py:188} INFO - [2025-11-10T20:53:24.963+0000] {dagbag.py:540} INFO - Filling up the DagBag from /home/airflow/.local/lib/python3.8/site-packages/airflow/example_dags/example_bash_operator.py
[2025-11-10T20:53:24.975+0000] {processor.py:840} INFO - DAG(s) 'example_bash_operator' retrieved from /home/airflow/.local/lib/python3.8/site-packages/airflow/example_dags/example_bash_operator.py
[2025-11-10T20:53:25.001+0000] {logging_mixin.py:188} INFO - [2025-11-10T20:53:25.001+0000] {dag.py:3047} INFO - Sync 1 DAGs
[2025-11-10T20:53:25.023+0000] {logging_mixin.py:188} INFO - [2025-11-10T20:53:25.023+0000] {dag.py:3834} INFO - Setting next_dagrun for example_bash_operator to 2025-11-09 00:00:00+00:00, run_after=2025-11-10 00:00:00+00:00
[2025-11-10T20:53:25.041+0000] {processor.py:183} INFO - Processing /home/airflow/.local/lib/python3.8/site-packages/airflow/example_dags/example_bash_operator.py took 0.085 seconds
