[2025-11-10T20:36:11.058+0000] {processor.py:161} INFO - Started process (PID=89) to work on /home/airflow/.local/lib/python3.8/site-packages/airflow/example_dags/example_dag_decorator.py
[2025-11-10T20:36:11.060+0000] {processor.py:830} INFO - Processing file /home/airflow/.local/lib/python3.8/site-packages/airflow/example_dags/example_dag_decorator.py for tasks to queue
[2025-11-10T20:36:11.062+0000] {logging_mixin.py:188} INFO - [2025-11-10T20:36:11.061+0000] {dagbag.py:540} INFO - Filling up the DagBag from /home/airflow/.local/lib/python3.8/site-packages/airflow/example_dags/example_dag_decorator.py
[2025-11-10T20:36:11.540+0000] {processor.py:840} INFO - DAG(s) 'example_dag_decorator' retrieved from /home/airflow/.local/lib/python3.8/site-packages/airflow/example_dags/example_dag_decorator.py
[2025-11-10T20:36:11.652+0000] {logging_mixin.py:188} INFO - [2025-11-10T20:36:11.651+0000] {override.py:1769} INFO - Created Permission View: can read on DAG:example_dag_decorator
[2025-11-10T20:36:11.666+0000] {logging_mixin.py:188} INFO - [2025-11-10T20:36:11.665+0000] {override.py:1769} INFO - Created Permission View: can edit on DAG:example_dag_decorator
[2025-11-10T20:36:11.678+0000] {logging_mixin.py:188} INFO - [2025-11-10T20:36:11.677+0000] {override.py:1769} INFO - Created Permission View: can delete on DAG:example_dag_decorator
[2025-11-10T20:36:11.679+0000] {logging_mixin.py:188} INFO - [2025-11-10T20:36:11.679+0000] {dag.py:3047} INFO - Sync 1 DAGs
[2025-11-10T20:36:11.693+0000] {logging_mixin.py:188} INFO - [2025-11-10T20:36:11.693+0000] {dag.py:3069} INFO - Creating ORM DAG for example_dag_decorator
[2025-11-10T20:36:11.694+0000] {logging_mixin.py:188} INFO - [2025-11-10T20:36:11.694+0000] {dag.py:3834} INFO - Setting next_dagrun for example_dag_decorator to None, run_after=None
[2025-11-10T20:36:11.720+0000] {processor.py:183} INFO - Processing /home/airflow/.local/lib/python3.8/site-packages/airflow/example_dags/example_dag_decorator.py took 0.665 seconds
[2025-11-10T20:36:42.112+0000] {processor.py:161} INFO - Started process (PID=144) to work on /home/airflow/.local/lib/python3.8/site-packages/airflow/example_dags/example_dag_decorator.py
[2025-11-10T20:36:42.114+0000] {processor.py:830} INFO - Processing file /home/airflow/.local/lib/python3.8/site-packages/airflow/example_dags/example_dag_decorator.py for tasks to queue
[2025-11-10T20:36:42.116+0000] {logging_mixin.py:188} INFO - [2025-11-10T20:36:42.116+0000] {dagbag.py:540} INFO - Filling up the DagBag from /home/airflow/.local/lib/python3.8/site-packages/airflow/example_dags/example_dag_decorator.py
[2025-11-10T20:36:42.213+0000] {processor.py:840} INFO - DAG(s) 'example_dag_decorator' retrieved from /home/airflow/.local/lib/python3.8/site-packages/airflow/example_dags/example_dag_decorator.py
[2025-11-10T20:36:42.312+0000] {logging_mixin.py:188} INFO - [2025-11-10T20:36:42.312+0000] {dag.py:3047} INFO - Sync 1 DAGs
[2025-11-10T20:36:42.323+0000] {logging_mixin.py:188} INFO - [2025-11-10T20:36:42.323+0000] {dag.py:3834} INFO - Setting next_dagrun for example_dag_decorator to None, run_after=None
[2025-11-10T20:36:42.341+0000] {processor.py:183} INFO - Processing /home/airflow/.local/lib/python3.8/site-packages/airflow/example_dags/example_dag_decorator.py took 0.232 seconds
[2025-11-10T20:37:12.945+0000] {processor.py:161} INFO - Started process (PID=199) to work on /home/airflow/.local/lib/python3.8/site-packages/airflow/example_dags/example_dag_decorator.py
[2025-11-10T20:37:12.950+0000] {processor.py:830} INFO - Processing file /home/airflow/.local/lib/python3.8/site-packages/airflow/example_dags/example_dag_decorator.py for tasks to queue
[2025-11-10T20:37:12.958+0000] {logging_mixin.py:188} INFO - [2025-11-10T20:37:12.957+0000] {dagbag.py:540} INFO - Filling up the DagBag from /home/airflow/.local/lib/python3.8/site-packages/airflow/example_dags/example_dag_decorator.py
[2025-11-10T20:37:13.127+0000] {processor.py:840} INFO - DAG(s) 'example_dag_decorator' retrieved from /home/airflow/.local/lib/python3.8/site-packages/airflow/example_dags/example_dag_decorator.py
[2025-11-10T20:37:13.259+0000] {logging_mixin.py:188} INFO - [2025-11-10T20:37:13.259+0000] {dag.py:3047} INFO - Sync 1 DAGs
[2025-11-10T20:37:13.273+0000] {logging_mixin.py:188} INFO - [2025-11-10T20:37:13.273+0000] {dag.py:3834} INFO - Setting next_dagrun for example_dag_decorator to None, run_after=None
[2025-11-10T20:37:13.294+0000] {processor.py:183} INFO - Processing /home/airflow/.local/lib/python3.8/site-packages/airflow/example_dags/example_dag_decorator.py took 0.363 seconds
[2025-11-10T20:37:43.372+0000] {processor.py:161} INFO - Started process (PID=254) to work on /home/airflow/.local/lib/python3.8/site-packages/airflow/example_dags/example_dag_decorator.py
[2025-11-10T20:37:43.377+0000] {processor.py:830} INFO - Processing file /home/airflow/.local/lib/python3.8/site-packages/airflow/example_dags/example_dag_decorator.py for tasks to queue
[2025-11-10T20:37:43.382+0000] {logging_mixin.py:188} INFO - [2025-11-10T20:37:43.381+0000] {dagbag.py:540} INFO - Filling up the DagBag from /home/airflow/.local/lib/python3.8/site-packages/airflow/example_dags/example_dag_decorator.py
[2025-11-10T20:37:43.491+0000] {processor.py:840} INFO - DAG(s) 'example_dag_decorator' retrieved from /home/airflow/.local/lib/python3.8/site-packages/airflow/example_dags/example_dag_decorator.py
[2025-11-10T20:37:43.588+0000] {logging_mixin.py:188} INFO - [2025-11-10T20:37:43.588+0000] {dag.py:3047} INFO - Sync 1 DAGs
[2025-11-10T20:37:43.598+0000] {logging_mixin.py:188} INFO - [2025-11-10T20:37:43.598+0000] {dag.py:3834} INFO - Setting next_dagrun for example_dag_decorator to None, run_after=None
[2025-11-10T20:37:43.627+0000] {processor.py:183} INFO - Processing /home/airflow/.local/lib/python3.8/site-packages/airflow/example_dags/example_dag_decorator.py took 0.260 seconds
[2025-11-10T20:38:13.792+0000] {processor.py:161} INFO - Started process (PID=311) to work on /home/airflow/.local/lib/python3.8/site-packages/airflow/example_dags/example_dag_decorator.py
[2025-11-10T20:38:13.793+0000] {processor.py:830} INFO - Processing file /home/airflow/.local/lib/python3.8/site-packages/airflow/example_dags/example_dag_decorator.py for tasks to queue
[2025-11-10T20:38:13.795+0000] {logging_mixin.py:188} INFO - [2025-11-10T20:38:13.795+0000] {dagbag.py:540} INFO - Filling up the DagBag from /home/airflow/.local/lib/python3.8/site-packages/airflow/example_dags/example_dag_decorator.py
[2025-11-10T20:38:13.891+0000] {processor.py:840} INFO - DAG(s) 'example_dag_decorator' retrieved from /home/airflow/.local/lib/python3.8/site-packages/airflow/example_dags/example_dag_decorator.py
[2025-11-10T20:38:13.997+0000] {logging_mixin.py:188} INFO - [2025-11-10T20:38:13.996+0000] {dag.py:3047} INFO - Sync 1 DAGs
[2025-11-10T20:38:14.007+0000] {logging_mixin.py:188} INFO - [2025-11-10T20:38:14.007+0000] {dag.py:3834} INFO - Setting next_dagrun for example_dag_decorator to None, run_after=None
[2025-11-10T20:38:14.028+0000] {processor.py:183} INFO - Processing /home/airflow/.local/lib/python3.8/site-packages/airflow/example_dags/example_dag_decorator.py took 0.240 seconds
[2025-11-10T20:38:44.094+0000] {processor.py:161} INFO - Started process (PID=366) to work on /home/airflow/.local/lib/python3.8/site-packages/airflow/example_dags/example_dag_decorator.py
[2025-11-10T20:38:44.095+0000] {processor.py:830} INFO - Processing file /home/airflow/.local/lib/python3.8/site-packages/airflow/example_dags/example_dag_decorator.py for tasks to queue
[2025-11-10T20:38:44.103+0000] {logging_mixin.py:188} INFO - [2025-11-10T20:38:44.100+0000] {dagbag.py:540} INFO - Filling up the DagBag from /home/airflow/.local/lib/python3.8/site-packages/airflow/example_dags/example_dag_decorator.py
[2025-11-10T20:38:44.204+0000] {processor.py:840} INFO - DAG(s) 'example_dag_decorator' retrieved from /home/airflow/.local/lib/python3.8/site-packages/airflow/example_dags/example_dag_decorator.py
[2025-11-10T20:38:44.315+0000] {logging_mixin.py:188} INFO - [2025-11-10T20:38:44.315+0000] {dag.py:3047} INFO - Sync 1 DAGs
[2025-11-10T20:38:44.325+0000] {logging_mixin.py:188} INFO - [2025-11-10T20:38:44.325+0000] {dag.py:3834} INFO - Setting next_dagrun for example_dag_decorator to None, run_after=None
[2025-11-10T20:38:44.346+0000] {processor.py:183} INFO - Processing /home/airflow/.local/lib/python3.8/site-packages/airflow/example_dags/example_dag_decorator.py took 0.256 seconds
[2025-11-10T20:39:14.624+0000] {processor.py:161} INFO - Started process (PID=421) to work on /home/airflow/.local/lib/python3.8/site-packages/airflow/example_dags/example_dag_decorator.py
[2025-11-10T20:39:14.626+0000] {processor.py:830} INFO - Processing file /home/airflow/.local/lib/python3.8/site-packages/airflow/example_dags/example_dag_decorator.py for tasks to queue
[2025-11-10T20:39:14.629+0000] {logging_mixin.py:188} INFO - [2025-11-10T20:39:14.628+0000] {dagbag.py:540} INFO - Filling up the DagBag from /home/airflow/.local/lib/python3.8/site-packages/airflow/example_dags/example_dag_decorator.py
[2025-11-10T20:39:14.734+0000] {processor.py:840} INFO - DAG(s) 'example_dag_decorator' retrieved from /home/airflow/.local/lib/python3.8/site-packages/airflow/example_dags/example_dag_decorator.py
[2025-11-10T20:39:14.836+0000] {logging_mixin.py:188} INFO - [2025-11-10T20:39:14.836+0000] {dag.py:3047} INFO - Sync 1 DAGs
[2025-11-10T20:39:14.847+0000] {logging_mixin.py:188} INFO - [2025-11-10T20:39:14.847+0000] {dag.py:3834} INFO - Setting next_dagrun for example_dag_decorator to None, run_after=None
[2025-11-10T20:39:14.875+0000] {processor.py:183} INFO - Processing /home/airflow/.local/lib/python3.8/site-packages/airflow/example_dags/example_dag_decorator.py took 0.254 seconds
[2025-11-10T20:39:45.032+0000] {processor.py:161} INFO - Started process (PID=474) to work on /home/airflow/.local/lib/python3.8/site-packages/airflow/example_dags/example_dag_decorator.py
[2025-11-10T20:39:45.034+0000] {processor.py:830} INFO - Processing file /home/airflow/.local/lib/python3.8/site-packages/airflow/example_dags/example_dag_decorator.py for tasks to queue
[2025-11-10T20:39:45.037+0000] {logging_mixin.py:188} INFO - [2025-11-10T20:39:45.037+0000] {dagbag.py:540} INFO - Filling up the DagBag from /home/airflow/.local/lib/python3.8/site-packages/airflow/example_dags/example_dag_decorator.py
[2025-11-10T20:39:45.151+0000] {processor.py:840} INFO - DAG(s) 'example_dag_decorator' retrieved from /home/airflow/.local/lib/python3.8/site-packages/airflow/example_dags/example_dag_decorator.py
[2025-11-10T20:39:45.257+0000] {logging_mixin.py:188} INFO - [2025-11-10T20:39:45.257+0000] {dag.py:3047} INFO - Sync 1 DAGs
[2025-11-10T20:39:45.269+0000] {logging_mixin.py:188} INFO - [2025-11-10T20:39:45.269+0000] {dag.py:3834} INFO - Setting next_dagrun for example_dag_decorator to None, run_after=None
[2025-11-10T20:39:45.292+0000] {processor.py:183} INFO - Processing /home/airflow/.local/lib/python3.8/site-packages/airflow/example_dags/example_dag_decorator.py took 0.266 seconds
[2025-11-10T20:40:15.935+0000] {processor.py:161} INFO - Started process (PID=529) to work on /home/airflow/.local/lib/python3.8/site-packages/airflow/example_dags/example_dag_decorator.py
[2025-11-10T20:40:15.937+0000] {processor.py:830} INFO - Processing file /home/airflow/.local/lib/python3.8/site-packages/airflow/example_dags/example_dag_decorator.py for tasks to queue
[2025-11-10T20:40:15.939+0000] {logging_mixin.py:188} INFO - [2025-11-10T20:40:15.938+0000] {dagbag.py:540} INFO - Filling up the DagBag from /home/airflow/.local/lib/python3.8/site-packages/airflow/example_dags/example_dag_decorator.py
[2025-11-10T20:40:16.027+0000] {processor.py:840} INFO - DAG(s) 'example_dag_decorator' retrieved from /home/airflow/.local/lib/python3.8/site-packages/airflow/example_dags/example_dag_decorator.py
[2025-11-10T20:40:16.049+0000] {logging_mixin.py:188} INFO - [2025-11-10T20:40:16.049+0000] {dag.py:3047} INFO - Sync 1 DAGs
[2025-11-10T20:40:16.060+0000] {logging_mixin.py:188} INFO - [2025-11-10T20:40:16.060+0000] {dag.py:3834} INFO - Setting next_dagrun for example_dag_decorator to None, run_after=None
[2025-11-10T20:40:16.081+0000] {processor.py:183} INFO - Processing /home/airflow/.local/lib/python3.8/site-packages/airflow/example_dags/example_dag_decorator.py took 0.149 seconds
[2025-11-10T20:40:46.390+0000] {processor.py:161} INFO - Started process (PID=584) to work on /home/airflow/.local/lib/python3.8/site-packages/airflow/example_dags/example_dag_decorator.py
[2025-11-10T20:40:46.392+0000] {processor.py:830} INFO - Processing file /home/airflow/.local/lib/python3.8/site-packages/airflow/example_dags/example_dag_decorator.py for tasks to queue
[2025-11-10T20:40:46.395+0000] {logging_mixin.py:188} INFO - [2025-11-10T20:40:46.395+0000] {dagbag.py:540} INFO - Filling up the DagBag from /home/airflow/.local/lib/python3.8/site-packages/airflow/example_dags/example_dag_decorator.py
[2025-11-10T20:40:46.495+0000] {processor.py:840} INFO - DAG(s) 'example_dag_decorator' retrieved from /home/airflow/.local/lib/python3.8/site-packages/airflow/example_dags/example_dag_decorator.py
[2025-11-10T20:40:46.594+0000] {logging_mixin.py:188} INFO - [2025-11-10T20:40:46.594+0000] {dag.py:3047} INFO - Sync 1 DAGs
[2025-11-10T20:40:46.604+0000] {logging_mixin.py:188} INFO - [2025-11-10T20:40:46.604+0000] {dag.py:3834} INFO - Setting next_dagrun for example_dag_decorator to None, run_after=None
[2025-11-10T20:40:46.628+0000] {processor.py:183} INFO - Processing /home/airflow/.local/lib/python3.8/site-packages/airflow/example_dags/example_dag_decorator.py took 0.244 seconds
[2025-11-10T20:41:16.754+0000] {processor.py:161} INFO - Started process (PID=639) to work on /home/airflow/.local/lib/python3.8/site-packages/airflow/example_dags/example_dag_decorator.py
[2025-11-10T20:41:16.756+0000] {processor.py:830} INFO - Processing file /home/airflow/.local/lib/python3.8/site-packages/airflow/example_dags/example_dag_decorator.py for tasks to queue
[2025-11-10T20:41:16.758+0000] {logging_mixin.py:188} INFO - [2025-11-10T20:41:16.758+0000] {dagbag.py:540} INFO - Filling up the DagBag from /home/airflow/.local/lib/python3.8/site-packages/airflow/example_dags/example_dag_decorator.py
[2025-11-10T20:41:16.859+0000] {processor.py:840} INFO - DAG(s) 'example_dag_decorator' retrieved from /home/airflow/.local/lib/python3.8/site-packages/airflow/example_dags/example_dag_decorator.py
[2025-11-10T20:41:16.970+0000] {logging_mixin.py:188} INFO - [2025-11-10T20:41:16.970+0000] {dag.py:3047} INFO - Sync 1 DAGs
[2025-11-10T20:41:16.984+0000] {logging_mixin.py:188} INFO - [2025-11-10T20:41:16.983+0000] {dag.py:3834} INFO - Setting next_dagrun for example_dag_decorator to None, run_after=None
[2025-11-10T20:41:17.038+0000] {processor.py:183} INFO - Processing /home/airflow/.local/lib/python3.8/site-packages/airflow/example_dags/example_dag_decorator.py took 0.287 seconds
[2025-11-10T20:41:47.358+0000] {processor.py:161} INFO - Started process (PID=696) to work on /home/airflow/.local/lib/python3.8/site-packages/airflow/example_dags/example_dag_decorator.py
[2025-11-10T20:41:47.363+0000] {processor.py:830} INFO - Processing file /home/airflow/.local/lib/python3.8/site-packages/airflow/example_dags/example_dag_decorator.py for tasks to queue
[2025-11-10T20:41:47.369+0000] {logging_mixin.py:188} INFO - [2025-11-10T20:41:47.368+0000] {dagbag.py:540} INFO - Filling up the DagBag from /home/airflow/.local/lib/python3.8/site-packages/airflow/example_dags/example_dag_decorator.py
[2025-11-10T20:41:47.491+0000] {processor.py:840} INFO - DAG(s) 'example_dag_decorator' retrieved from /home/airflow/.local/lib/python3.8/site-packages/airflow/example_dags/example_dag_decorator.py
[2025-11-10T20:41:47.583+0000] {logging_mixin.py:188} INFO - [2025-11-10T20:41:47.583+0000] {dag.py:3047} INFO - Sync 1 DAGs
[2025-11-10T20:41:47.594+0000] {logging_mixin.py:188} INFO - [2025-11-10T20:41:47.594+0000] {dag.py:3834} INFO - Setting next_dagrun for example_dag_decorator to None, run_after=None
[2025-11-10T20:41:47.614+0000] {processor.py:183} INFO - Processing /home/airflow/.local/lib/python3.8/site-packages/airflow/example_dags/example_dag_decorator.py took 0.262 seconds
[2025-11-10T20:42:18.135+0000] {processor.py:161} INFO - Started process (PID=749) to work on /home/airflow/.local/lib/python3.8/site-packages/airflow/example_dags/example_dag_decorator.py
[2025-11-10T20:42:18.136+0000] {processor.py:830} INFO - Processing file /home/airflow/.local/lib/python3.8/site-packages/airflow/example_dags/example_dag_decorator.py for tasks to queue
[2025-11-10T20:42:18.139+0000] {logging_mixin.py:188} INFO - [2025-11-10T20:42:18.139+0000] {dagbag.py:540} INFO - Filling up the DagBag from /home/airflow/.local/lib/python3.8/site-packages/airflow/example_dags/example_dag_decorator.py
[2025-11-10T20:42:18.247+0000] {processor.py:840} INFO - DAG(s) 'example_dag_decorator' retrieved from /home/airflow/.local/lib/python3.8/site-packages/airflow/example_dags/example_dag_decorator.py
[2025-11-10T20:42:18.345+0000] {logging_mixin.py:188} INFO - [2025-11-10T20:42:18.345+0000] {dag.py:3047} INFO - Sync 1 DAGs
[2025-11-10T20:42:18.355+0000] {logging_mixin.py:188} INFO - [2025-11-10T20:42:18.355+0000] {dag.py:3834} INFO - Setting next_dagrun for example_dag_decorator to None, run_after=None
[2025-11-10T20:42:18.376+0000] {processor.py:183} INFO - Processing /home/airflow/.local/lib/python3.8/site-packages/airflow/example_dags/example_dag_decorator.py took 0.246 seconds
[2025-11-10T20:42:48.651+0000] {processor.py:161} INFO - Started process (PID=804) to work on /home/airflow/.local/lib/python3.8/site-packages/airflow/example_dags/example_dag_decorator.py
[2025-11-10T20:42:48.652+0000] {processor.py:830} INFO - Processing file /home/airflow/.local/lib/python3.8/site-packages/airflow/example_dags/example_dag_decorator.py for tasks to queue
[2025-11-10T20:42:48.655+0000] {logging_mixin.py:188} INFO - [2025-11-10T20:42:48.654+0000] {dagbag.py:540} INFO - Filling up the DagBag from /home/airflow/.local/lib/python3.8/site-packages/airflow/example_dags/example_dag_decorator.py
[2025-11-10T20:42:48.741+0000] {processor.py:840} INFO - DAG(s) 'example_dag_decorator' retrieved from /home/airflow/.local/lib/python3.8/site-packages/airflow/example_dags/example_dag_decorator.py
[2025-11-10T20:42:48.835+0000] {logging_mixin.py:188} INFO - [2025-11-10T20:42:48.835+0000] {dag.py:3047} INFO - Sync 1 DAGs
[2025-11-10T20:42:48.845+0000] {logging_mixin.py:188} INFO - [2025-11-10T20:42:48.845+0000] {dag.py:3834} INFO - Setting next_dagrun for example_dag_decorator to None, run_after=None
[2025-11-10T20:42:48.865+0000] {processor.py:183} INFO - Processing /home/airflow/.local/lib/python3.8/site-packages/airflow/example_dags/example_dag_decorator.py took 0.218 seconds
[2025-11-10T20:43:18.960+0000] {processor.py:161} INFO - Started process (PID=859) to work on /home/airflow/.local/lib/python3.8/site-packages/airflow/example_dags/example_dag_decorator.py
[2025-11-10T20:43:18.962+0000] {processor.py:830} INFO - Processing file /home/airflow/.local/lib/python3.8/site-packages/airflow/example_dags/example_dag_decorator.py for tasks to queue
[2025-11-10T20:43:18.965+0000] {logging_mixin.py:188} INFO - [2025-11-10T20:43:18.965+0000] {dagbag.py:540} INFO - Filling up the DagBag from /home/airflow/.local/lib/python3.8/site-packages/airflow/example_dags/example_dag_decorator.py
[2025-11-10T20:43:19.050+0000] {processor.py:840} INFO - DAG(s) 'example_dag_decorator' retrieved from /home/airflow/.local/lib/python3.8/site-packages/airflow/example_dags/example_dag_decorator.py
[2025-11-10T20:43:19.145+0000] {logging_mixin.py:188} INFO - [2025-11-10T20:43:19.145+0000] {dag.py:3047} INFO - Sync 1 DAGs
[2025-11-10T20:43:19.155+0000] {logging_mixin.py:188} INFO - [2025-11-10T20:43:19.155+0000] {dag.py:3834} INFO - Setting next_dagrun for example_dag_decorator to None, run_after=None
[2025-11-10T20:43:19.175+0000] {processor.py:183} INFO - Processing /home/airflow/.local/lib/python3.8/site-packages/airflow/example_dags/example_dag_decorator.py took 0.222 seconds
[2025-11-10T20:43:49.280+0000] {processor.py:161} INFO - Started process (PID=913) to work on /home/airflow/.local/lib/python3.8/site-packages/airflow/example_dags/example_dag_decorator.py
[2025-11-10T20:43:49.282+0000] {processor.py:830} INFO - Processing file /home/airflow/.local/lib/python3.8/site-packages/airflow/example_dags/example_dag_decorator.py for tasks to queue
[2025-11-10T20:43:49.286+0000] {logging_mixin.py:188} INFO - [2025-11-10T20:43:49.286+0000] {dagbag.py:540} INFO - Filling up the DagBag from /home/airflow/.local/lib/python3.8/site-packages/airflow/example_dags/example_dag_decorator.py
[2025-11-10T20:43:49.385+0000] {processor.py:840} INFO - DAG(s) 'example_dag_decorator' retrieved from /home/airflow/.local/lib/python3.8/site-packages/airflow/example_dags/example_dag_decorator.py
[2025-11-10T20:43:49.481+0000] {logging_mixin.py:188} INFO - [2025-11-10T20:43:49.481+0000] {dag.py:3047} INFO - Sync 1 DAGs
[2025-11-10T20:43:49.524+0000] {logging_mixin.py:188} INFO - [2025-11-10T20:43:49.524+0000] {dag.py:3834} INFO - Setting next_dagrun for example_dag_decorator to None, run_after=None
[2025-11-10T20:43:49.558+0000] {processor.py:183} INFO - Processing /home/airflow/.local/lib/python3.8/site-packages/airflow/example_dags/example_dag_decorator.py took 0.284 seconds
[2025-11-10T20:44:20.425+0000] {processor.py:161} INFO - Started process (PID=968) to work on /home/airflow/.local/lib/python3.8/site-packages/airflow/example_dags/example_dag_decorator.py
[2025-11-10T20:44:20.427+0000] {processor.py:830} INFO - Processing file /home/airflow/.local/lib/python3.8/site-packages/airflow/example_dags/example_dag_decorator.py for tasks to queue
[2025-11-10T20:44:20.430+0000] {logging_mixin.py:188} INFO - [2025-11-10T20:44:20.429+0000] {dagbag.py:540} INFO - Filling up the DagBag from /home/airflow/.local/lib/python3.8/site-packages/airflow/example_dags/example_dag_decorator.py
[2025-11-10T20:44:20.532+0000] {processor.py:840} INFO - DAG(s) 'example_dag_decorator' retrieved from /home/airflow/.local/lib/python3.8/site-packages/airflow/example_dags/example_dag_decorator.py
[2025-11-10T20:44:20.621+0000] {logging_mixin.py:188} INFO - [2025-11-10T20:44:20.621+0000] {dag.py:3047} INFO - Sync 1 DAGs
[2025-11-10T20:44:20.631+0000] {logging_mixin.py:188} INFO - [2025-11-10T20:44:20.631+0000] {dag.py:3834} INFO - Setting next_dagrun for example_dag_decorator to None, run_after=None
[2025-11-10T20:44:20.650+0000] {processor.py:183} INFO - Processing /home/airflow/.local/lib/python3.8/site-packages/airflow/example_dags/example_dag_decorator.py took 0.230 seconds
[2025-11-10T20:44:50.924+0000] {processor.py:161} INFO - Started process (PID=1023) to work on /home/airflow/.local/lib/python3.8/site-packages/airflow/example_dags/example_dag_decorator.py
[2025-11-10T20:44:50.926+0000] {processor.py:830} INFO - Processing file /home/airflow/.local/lib/python3.8/site-packages/airflow/example_dags/example_dag_decorator.py for tasks to queue
[2025-11-10T20:44:50.928+0000] {logging_mixin.py:188} INFO - [2025-11-10T20:44:50.928+0000] {dagbag.py:540} INFO - Filling up the DagBag from /home/airflow/.local/lib/python3.8/site-packages/airflow/example_dags/example_dag_decorator.py
[2025-11-10T20:44:51.029+0000] {processor.py:840} INFO - DAG(s) 'example_dag_decorator' retrieved from /home/airflow/.local/lib/python3.8/site-packages/airflow/example_dags/example_dag_decorator.py
[2025-11-10T20:44:51.123+0000] {logging_mixin.py:188} INFO - [2025-11-10T20:44:51.123+0000] {dag.py:3047} INFO - Sync 1 DAGs
[2025-11-10T20:44:51.136+0000] {logging_mixin.py:188} INFO - [2025-11-10T20:44:51.136+0000] {dag.py:3834} INFO - Setting next_dagrun for example_dag_decorator to None, run_after=None
[2025-11-10T20:44:51.154+0000] {processor.py:183} INFO - Processing /home/airflow/.local/lib/python3.8/site-packages/airflow/example_dags/example_dag_decorator.py took 0.234 seconds
[2025-11-10T20:45:21.338+0000] {processor.py:161} INFO - Started process (PID=1078) to work on /home/airflow/.local/lib/python3.8/site-packages/airflow/example_dags/example_dag_decorator.py
[2025-11-10T20:45:21.340+0000] {processor.py:830} INFO - Processing file /home/airflow/.local/lib/python3.8/site-packages/airflow/example_dags/example_dag_decorator.py for tasks to queue
[2025-11-10T20:45:21.342+0000] {logging_mixin.py:188} INFO - [2025-11-10T20:45:21.342+0000] {dagbag.py:540} INFO - Filling up the DagBag from /home/airflow/.local/lib/python3.8/site-packages/airflow/example_dags/example_dag_decorator.py
[2025-11-10T20:45:21.449+0000] {processor.py:840} INFO - DAG(s) 'example_dag_decorator' retrieved from /home/airflow/.local/lib/python3.8/site-packages/airflow/example_dags/example_dag_decorator.py
[2025-11-10T20:45:21.556+0000] {logging_mixin.py:188} INFO - [2025-11-10T20:45:21.556+0000] {dag.py:3047} INFO - Sync 1 DAGs
[2025-11-10T20:45:21.567+0000] {logging_mixin.py:188} INFO - [2025-11-10T20:45:21.567+0000] {dag.py:3834} INFO - Setting next_dagrun for example_dag_decorator to None, run_after=None
[2025-11-10T20:45:21.588+0000] {processor.py:183} INFO - Processing /home/airflow/.local/lib/python3.8/site-packages/airflow/example_dags/example_dag_decorator.py took 0.254 seconds
[2025-11-10T20:45:51.684+0000] {processor.py:161} INFO - Started process (PID=1134) to work on /home/airflow/.local/lib/python3.8/site-packages/airflow/example_dags/example_dag_decorator.py
[2025-11-10T20:45:51.686+0000] {processor.py:830} INFO - Processing file /home/airflow/.local/lib/python3.8/site-packages/airflow/example_dags/example_dag_decorator.py for tasks to queue
[2025-11-10T20:45:51.689+0000] {logging_mixin.py:188} INFO - [2025-11-10T20:45:51.688+0000] {dagbag.py:540} INFO - Filling up the DagBag from /home/airflow/.local/lib/python3.8/site-packages/airflow/example_dags/example_dag_decorator.py
[2025-11-10T20:45:51.790+0000] {processor.py:840} INFO - DAG(s) 'example_dag_decorator' retrieved from /home/airflow/.local/lib/python3.8/site-packages/airflow/example_dags/example_dag_decorator.py
[2025-11-10T20:45:51.897+0000] {logging_mixin.py:188} INFO - [2025-11-10T20:45:51.897+0000] {dag.py:3047} INFO - Sync 1 DAGs
[2025-11-10T20:45:51.907+0000] {logging_mixin.py:188} INFO - [2025-11-10T20:45:51.907+0000] {dag.py:3834} INFO - Setting next_dagrun for example_dag_decorator to None, run_after=None
[2025-11-10T20:45:51.930+0000] {processor.py:183} INFO - Processing /home/airflow/.local/lib/python3.8/site-packages/airflow/example_dags/example_dag_decorator.py took 0.254 seconds
[2025-11-10T20:46:22.034+0000] {processor.py:161} INFO - Started process (PID=1190) to work on /home/airflow/.local/lib/python3.8/site-packages/airflow/example_dags/example_dag_decorator.py
[2025-11-10T20:46:22.036+0000] {processor.py:830} INFO - Processing file /home/airflow/.local/lib/python3.8/site-packages/airflow/example_dags/example_dag_decorator.py for tasks to queue
[2025-11-10T20:46:22.039+0000] {logging_mixin.py:188} INFO - [2025-11-10T20:46:22.039+0000] {dagbag.py:540} INFO - Filling up the DagBag from /home/airflow/.local/lib/python3.8/site-packages/airflow/example_dags/example_dag_decorator.py
[2025-11-10T20:46:22.131+0000] {processor.py:840} INFO - DAG(s) 'example_dag_decorator' retrieved from /home/airflow/.local/lib/python3.8/site-packages/airflow/example_dags/example_dag_decorator.py
[2025-11-10T20:46:22.235+0000] {logging_mixin.py:188} INFO - [2025-11-10T20:46:22.235+0000] {dag.py:3047} INFO - Sync 1 DAGs
[2025-11-10T20:46:22.245+0000] {logging_mixin.py:188} INFO - [2025-11-10T20:46:22.245+0000] {dag.py:3834} INFO - Setting next_dagrun for example_dag_decorator to None, run_after=None
[2025-11-10T20:46:22.265+0000] {processor.py:183} INFO - Processing /home/airflow/.local/lib/python3.8/site-packages/airflow/example_dags/example_dag_decorator.py took 0.235 seconds
[2025-11-10T20:46:52.379+0000] {processor.py:161} INFO - Started process (PID=1247) to work on /home/airflow/.local/lib/python3.8/site-packages/airflow/example_dags/example_dag_decorator.py
[2025-11-10T20:46:52.381+0000] {processor.py:830} INFO - Processing file /home/airflow/.local/lib/python3.8/site-packages/airflow/example_dags/example_dag_decorator.py for tasks to queue
[2025-11-10T20:46:52.383+0000] {logging_mixin.py:188} INFO - [2025-11-10T20:46:52.383+0000] {dagbag.py:540} INFO - Filling up the DagBag from /home/airflow/.local/lib/python3.8/site-packages/airflow/example_dags/example_dag_decorator.py
[2025-11-10T20:46:52.474+0000] {processor.py:840} INFO - DAG(s) 'example_dag_decorator' retrieved from /home/airflow/.local/lib/python3.8/site-packages/airflow/example_dags/example_dag_decorator.py
[2025-11-10T20:46:52.574+0000] {logging_mixin.py:188} INFO - [2025-11-10T20:46:52.574+0000] {dag.py:3047} INFO - Sync 1 DAGs
[2025-11-10T20:46:52.586+0000] {logging_mixin.py:188} INFO - [2025-11-10T20:46:52.585+0000] {dag.py:3834} INFO - Setting next_dagrun for example_dag_decorator to None, run_after=None
[2025-11-10T20:46:52.608+0000] {processor.py:183} INFO - Processing /home/airflow/.local/lib/python3.8/site-packages/airflow/example_dags/example_dag_decorator.py took 0.232 seconds
[2025-11-10T20:47:22.785+0000] {processor.py:161} INFO - Started process (PID=1302) to work on /home/airflow/.local/lib/python3.8/site-packages/airflow/example_dags/example_dag_decorator.py
[2025-11-10T20:47:22.786+0000] {processor.py:830} INFO - Processing file /home/airflow/.local/lib/python3.8/site-packages/airflow/example_dags/example_dag_decorator.py for tasks to queue
[2025-11-10T20:47:22.789+0000] {logging_mixin.py:188} INFO - [2025-11-10T20:47:22.789+0000] {dagbag.py:540} INFO - Filling up the DagBag from /home/airflow/.local/lib/python3.8/site-packages/airflow/example_dags/example_dag_decorator.py
[2025-11-10T20:47:22.882+0000] {processor.py:840} INFO - DAG(s) 'example_dag_decorator' retrieved from /home/airflow/.local/lib/python3.8/site-packages/airflow/example_dags/example_dag_decorator.py
[2025-11-10T20:47:22.989+0000] {logging_mixin.py:188} INFO - [2025-11-10T20:47:22.989+0000] {dag.py:3047} INFO - Sync 1 DAGs
[2025-11-10T20:47:23.005+0000] {logging_mixin.py:188} INFO - [2025-11-10T20:47:23.005+0000] {dag.py:3834} INFO - Setting next_dagrun for example_dag_decorator to None, run_after=None
[2025-11-10T20:47:23.032+0000] {processor.py:183} INFO - Processing /home/airflow/.local/lib/python3.8/site-packages/airflow/example_dags/example_dag_decorator.py took 0.251 seconds
[2025-11-10T20:47:53.163+0000] {processor.py:161} INFO - Started process (PID=1357) to work on /home/airflow/.local/lib/python3.8/site-packages/airflow/example_dags/example_dag_decorator.py
[2025-11-10T20:47:53.166+0000] {processor.py:830} INFO - Processing file /home/airflow/.local/lib/python3.8/site-packages/airflow/example_dags/example_dag_decorator.py for tasks to queue
[2025-11-10T20:47:53.172+0000] {logging_mixin.py:188} INFO - [2025-11-10T20:47:53.171+0000] {dagbag.py:540} INFO - Filling up the DagBag from /home/airflow/.local/lib/python3.8/site-packages/airflow/example_dags/example_dag_decorator.py
[2025-11-10T20:47:53.316+0000] {processor.py:840} INFO - DAG(s) 'example_dag_decorator' retrieved from /home/airflow/.local/lib/python3.8/site-packages/airflow/example_dags/example_dag_decorator.py
[2025-11-10T20:47:53.337+0000] {logging_mixin.py:188} INFO - [2025-11-10T20:47:53.337+0000] {dag.py:3047} INFO - Sync 1 DAGs
[2025-11-10T20:47:53.349+0000] {logging_mixin.py:188} INFO - [2025-11-10T20:47:53.348+0000] {dag.py:3834} INFO - Setting next_dagrun for example_dag_decorator to None, run_after=None
[2025-11-10T20:47:53.366+0000] {processor.py:183} INFO - Processing /home/airflow/.local/lib/python3.8/site-packages/airflow/example_dags/example_dag_decorator.py took 0.211 seconds
[2025-11-10T20:48:23.553+0000] {processor.py:161} INFO - Started process (PID=1412) to work on /home/airflow/.local/lib/python3.8/site-packages/airflow/example_dags/example_dag_decorator.py
[2025-11-10T20:48:23.555+0000] {processor.py:830} INFO - Processing file /home/airflow/.local/lib/python3.8/site-packages/airflow/example_dags/example_dag_decorator.py for tasks to queue
[2025-11-10T20:48:23.558+0000] {logging_mixin.py:188} INFO - [2025-11-10T20:48:23.557+0000] {dagbag.py:540} INFO - Filling up the DagBag from /home/airflow/.local/lib/python3.8/site-packages/airflow/example_dags/example_dag_decorator.py
[2025-11-10T20:48:23.655+0000] {processor.py:840} INFO - DAG(s) 'example_dag_decorator' retrieved from /home/airflow/.local/lib/python3.8/site-packages/airflow/example_dags/example_dag_decorator.py
[2025-11-10T20:48:23.754+0000] {logging_mixin.py:188} INFO - [2025-11-10T20:48:23.754+0000] {dag.py:3047} INFO - Sync 1 DAGs
[2025-11-10T20:48:23.767+0000] {logging_mixin.py:188} INFO - [2025-11-10T20:48:23.766+0000] {dag.py:3834} INFO - Setting next_dagrun for example_dag_decorator to None, run_after=None
[2025-11-10T20:48:23.787+0000] {processor.py:183} INFO - Processing /home/airflow/.local/lib/python3.8/site-packages/airflow/example_dags/example_dag_decorator.py took 0.237 seconds
[2025-11-10T20:48:53.852+0000] {processor.py:161} INFO - Started process (PID=1467) to work on /home/airflow/.local/lib/python3.8/site-packages/airflow/example_dags/example_dag_decorator.py
[2025-11-10T20:48:53.853+0000] {processor.py:830} INFO - Processing file /home/airflow/.local/lib/python3.8/site-packages/airflow/example_dags/example_dag_decorator.py for tasks to queue
[2025-11-10T20:48:53.856+0000] {logging_mixin.py:188} INFO - [2025-11-10T20:48:53.855+0000] {dagbag.py:540} INFO - Filling up the DagBag from /home/airflow/.local/lib/python3.8/site-packages/airflow/example_dags/example_dag_decorator.py
[2025-11-10T20:48:53.946+0000] {processor.py:840} INFO - DAG(s) 'example_dag_decorator' retrieved from /home/airflow/.local/lib/python3.8/site-packages/airflow/example_dags/example_dag_decorator.py
[2025-11-10T20:48:54.040+0000] {logging_mixin.py:188} INFO - [2025-11-10T20:48:54.040+0000] {dag.py:3047} INFO - Sync 1 DAGs
[2025-11-10T20:48:54.051+0000] {logging_mixin.py:188} INFO - [2025-11-10T20:48:54.051+0000] {dag.py:3834} INFO - Setting next_dagrun for example_dag_decorator to None, run_after=None
[2025-11-10T20:48:54.071+0000] {processor.py:183} INFO - Processing /home/airflow/.local/lib/python3.8/site-packages/airflow/example_dags/example_dag_decorator.py took 0.223 seconds
[2025-11-10T20:49:24.255+0000] {processor.py:161} INFO - Started process (PID=1524) to work on /home/airflow/.local/lib/python3.8/site-packages/airflow/example_dags/example_dag_decorator.py
[2025-11-10T20:49:24.256+0000] {processor.py:830} INFO - Processing file /home/airflow/.local/lib/python3.8/site-packages/airflow/example_dags/example_dag_decorator.py for tasks to queue
[2025-11-10T20:49:24.259+0000] {logging_mixin.py:188} INFO - [2025-11-10T20:49:24.258+0000] {dagbag.py:540} INFO - Filling up the DagBag from /home/airflow/.local/lib/python3.8/site-packages/airflow/example_dags/example_dag_decorator.py
[2025-11-10T20:49:24.345+0000] {processor.py:840} INFO - DAG(s) 'example_dag_decorator' retrieved from /home/airflow/.local/lib/python3.8/site-packages/airflow/example_dags/example_dag_decorator.py
[2025-11-10T20:49:24.476+0000] {logging_mixin.py:188} INFO - [2025-11-10T20:49:24.476+0000] {dag.py:3047} INFO - Sync 1 DAGs
[2025-11-10T20:49:24.488+0000] {logging_mixin.py:188} INFO - [2025-11-10T20:49:24.488+0000] {dag.py:3834} INFO - Setting next_dagrun for example_dag_decorator to None, run_after=None
[2025-11-10T20:49:24.513+0000] {processor.py:183} INFO - Processing /home/airflow/.local/lib/python3.8/site-packages/airflow/example_dags/example_dag_decorator.py took 0.261 seconds
[2025-11-10T20:49:54.739+0000] {processor.py:161} INFO - Started process (PID=1575) to work on /home/airflow/.local/lib/python3.8/site-packages/airflow/example_dags/example_dag_decorator.py
[2025-11-10T20:49:54.740+0000] {processor.py:830} INFO - Processing file /home/airflow/.local/lib/python3.8/site-packages/airflow/example_dags/example_dag_decorator.py for tasks to queue
[2025-11-10T20:49:54.743+0000] {logging_mixin.py:188} INFO - [2025-11-10T20:49:54.742+0000] {dagbag.py:540} INFO - Filling up the DagBag from /home/airflow/.local/lib/python3.8/site-packages/airflow/example_dags/example_dag_decorator.py
[2025-11-10T20:49:54.843+0000] {processor.py:840} INFO - DAG(s) 'example_dag_decorator' retrieved from /home/airflow/.local/lib/python3.8/site-packages/airflow/example_dags/example_dag_decorator.py
[2025-11-10T20:49:54.937+0000] {logging_mixin.py:188} INFO - [2025-11-10T20:49:54.936+0000] {dag.py:3047} INFO - Sync 1 DAGs
[2025-11-10T20:49:54.954+0000] {logging_mixin.py:188} INFO - [2025-11-10T20:49:54.953+0000] {dag.py:3834} INFO - Setting next_dagrun for example_dag_decorator to None, run_after=None
[2025-11-10T20:49:54.975+0000] {processor.py:183} INFO - Processing /home/airflow/.local/lib/python3.8/site-packages/airflow/example_dags/example_dag_decorator.py took 0.239 seconds
[2025-11-10T20:50:25.114+0000] {processor.py:161} INFO - Started process (PID=1630) to work on /home/airflow/.local/lib/python3.8/site-packages/airflow/example_dags/example_dag_decorator.py
[2025-11-10T20:50:25.116+0000] {processor.py:830} INFO - Processing file /home/airflow/.local/lib/python3.8/site-packages/airflow/example_dags/example_dag_decorator.py for tasks to queue
[2025-11-10T20:50:25.120+0000] {logging_mixin.py:188} INFO - [2025-11-10T20:50:25.119+0000] {dagbag.py:540} INFO - Filling up the DagBag from /home/airflow/.local/lib/python3.8/site-packages/airflow/example_dags/example_dag_decorator.py
[2025-11-10T20:50:25.219+0000] {processor.py:840} INFO - DAG(s) 'example_dag_decorator' retrieved from /home/airflow/.local/lib/python3.8/site-packages/airflow/example_dags/example_dag_decorator.py
[2025-11-10T20:50:25.313+0000] {logging_mixin.py:188} INFO - [2025-11-10T20:50:25.313+0000] {dag.py:3047} INFO - Sync 1 DAGs
[2025-11-10T20:50:25.324+0000] {logging_mixin.py:188} INFO - [2025-11-10T20:50:25.324+0000] {dag.py:3834} INFO - Setting next_dagrun for example_dag_decorator to None, run_after=None
[2025-11-10T20:50:25.343+0000] {processor.py:183} INFO - Processing /home/airflow/.local/lib/python3.8/site-packages/airflow/example_dags/example_dag_decorator.py took 0.233 seconds
[2025-11-10T20:50:55.939+0000] {processor.py:161} INFO - Started process (PID=1685) to work on /home/airflow/.local/lib/python3.8/site-packages/airflow/example_dags/example_dag_decorator.py
[2025-11-10T20:50:55.942+0000] {processor.py:830} INFO - Processing file /home/airflow/.local/lib/python3.8/site-packages/airflow/example_dags/example_dag_decorator.py for tasks to queue
[2025-11-10T20:50:55.946+0000] {logging_mixin.py:188} INFO - [2025-11-10T20:50:55.946+0000] {dagbag.py:540} INFO - Filling up the DagBag from /home/airflow/.local/lib/python3.8/site-packages/airflow/example_dags/example_dag_decorator.py
[2025-11-10T20:50:56.045+0000] {processor.py:840} INFO - DAG(s) 'example_dag_decorator' retrieved from /home/airflow/.local/lib/python3.8/site-packages/airflow/example_dags/example_dag_decorator.py
[2025-11-10T20:50:56.143+0000] {logging_mixin.py:188} INFO - [2025-11-10T20:50:56.143+0000] {dag.py:3047} INFO - Sync 1 DAGs
[2025-11-10T20:50:56.153+0000] {logging_mixin.py:188} INFO - [2025-11-10T20:50:56.153+0000] {dag.py:3834} INFO - Setting next_dagrun for example_dag_decorator to None, run_after=None
[2025-11-10T20:50:56.173+0000] {processor.py:183} INFO - Processing /home/airflow/.local/lib/python3.8/site-packages/airflow/example_dags/example_dag_decorator.py took 0.244 seconds
[2025-11-10T20:51:26.303+0000] {processor.py:161} INFO - Started process (PID=1742) to work on /home/airflow/.local/lib/python3.8/site-packages/airflow/example_dags/example_dag_decorator.py
[2025-11-10T20:51:26.305+0000] {processor.py:830} INFO - Processing file /home/airflow/.local/lib/python3.8/site-packages/airflow/example_dags/example_dag_decorator.py for tasks to queue
[2025-11-10T20:51:26.316+0000] {logging_mixin.py:188} INFO - [2025-11-10T20:51:26.315+0000] {dagbag.py:540} INFO - Filling up the DagBag from /home/airflow/.local/lib/python3.8/site-packages/airflow/example_dags/example_dag_decorator.py
[2025-11-10T20:51:26.450+0000] {processor.py:840} INFO - DAG(s) 'example_dag_decorator' retrieved from /home/airflow/.local/lib/python3.8/site-packages/airflow/example_dags/example_dag_decorator.py
[2025-11-10T20:51:26.545+0000] {logging_mixin.py:188} INFO - [2025-11-10T20:51:26.544+0000] {dag.py:3047} INFO - Sync 1 DAGs
[2025-11-10T20:51:26.554+0000] {logging_mixin.py:188} INFO - [2025-11-10T20:51:26.554+0000] {dag.py:3834} INFO - Setting next_dagrun for example_dag_decorator to None, run_after=None
[2025-11-10T20:51:26.572+0000] {processor.py:183} INFO - Processing /home/airflow/.local/lib/python3.8/site-packages/airflow/example_dags/example_dag_decorator.py took 0.272 seconds
[2025-11-10T20:51:56.653+0000] {processor.py:161} INFO - Started process (PID=1798) to work on /home/airflow/.local/lib/python3.8/site-packages/airflow/example_dags/example_dag_decorator.py
[2025-11-10T20:51:56.655+0000] {processor.py:830} INFO - Processing file /home/airflow/.local/lib/python3.8/site-packages/airflow/example_dags/example_dag_decorator.py for tasks to queue
[2025-11-10T20:51:56.657+0000] {logging_mixin.py:188} INFO - [2025-11-10T20:51:56.657+0000] {dagbag.py:540} INFO - Filling up the DagBag from /home/airflow/.local/lib/python3.8/site-packages/airflow/example_dags/example_dag_decorator.py
[2025-11-10T20:51:56.764+0000] {processor.py:840} INFO - DAG(s) 'example_dag_decorator' retrieved from /home/airflow/.local/lib/python3.8/site-packages/airflow/example_dags/example_dag_decorator.py
[2025-11-10T20:51:56.862+0000] {logging_mixin.py:188} INFO - [2025-11-10T20:51:56.862+0000] {dag.py:3047} INFO - Sync 1 DAGs
[2025-11-10T20:51:56.875+0000] {logging_mixin.py:188} INFO - [2025-11-10T20:51:56.874+0000] {dag.py:3834} INFO - Setting next_dagrun for example_dag_decorator to None, run_after=None
[2025-11-10T20:51:56.896+0000] {processor.py:183} INFO - Processing /home/airflow/.local/lib/python3.8/site-packages/airflow/example_dags/example_dag_decorator.py took 0.246 seconds
[2025-11-10T20:52:27.843+0000] {processor.py:161} INFO - Started process (PID=1853) to work on /home/airflow/.local/lib/python3.8/site-packages/airflow/example_dags/example_dag_decorator.py
[2025-11-10T20:52:27.846+0000] {processor.py:830} INFO - Processing file /home/airflow/.local/lib/python3.8/site-packages/airflow/example_dags/example_dag_decorator.py for tasks to queue
[2025-11-10T20:52:27.850+0000] {logging_mixin.py:188} INFO - [2025-11-10T20:52:27.849+0000] {dagbag.py:540} INFO - Filling up the DagBag from /home/airflow/.local/lib/python3.8/site-packages/airflow/example_dags/example_dag_decorator.py
[2025-11-10T20:52:27.950+0000] {processor.py:840} INFO - DAG(s) 'example_dag_decorator' retrieved from /home/airflow/.local/lib/python3.8/site-packages/airflow/example_dags/example_dag_decorator.py
[2025-11-10T20:52:28.050+0000] {logging_mixin.py:188} INFO - [2025-11-10T20:52:28.050+0000] {dag.py:3047} INFO - Sync 1 DAGs
[2025-11-10T20:52:28.061+0000] {logging_mixin.py:188} INFO - [2025-11-10T20:52:28.061+0000] {dag.py:3834} INFO - Setting next_dagrun for example_dag_decorator to None, run_after=None
[2025-11-10T20:52:28.079+0000] {processor.py:183} INFO - Processing /home/airflow/.local/lib/python3.8/site-packages/airflow/example_dags/example_dag_decorator.py took 0.242 seconds
[2025-11-10T20:52:58.283+0000] {processor.py:161} INFO - Started process (PID=1908) to work on /home/airflow/.local/lib/python3.8/site-packages/airflow/example_dags/example_dag_decorator.py
[2025-11-10T20:52:58.285+0000] {processor.py:830} INFO - Processing file /home/airflow/.local/lib/python3.8/site-packages/airflow/example_dags/example_dag_decorator.py for tasks to queue
[2025-11-10T20:52:58.288+0000] {logging_mixin.py:188} INFO - [2025-11-10T20:52:58.287+0000] {dagbag.py:540} INFO - Filling up the DagBag from /home/airflow/.local/lib/python3.8/site-packages/airflow/example_dags/example_dag_decorator.py
[2025-11-10T20:52:58.395+0000] {processor.py:840} INFO - DAG(s) 'example_dag_decorator' retrieved from /home/airflow/.local/lib/python3.8/site-packages/airflow/example_dags/example_dag_decorator.py
[2025-11-10T20:52:58.418+0000] {logging_mixin.py:188} INFO - [2025-11-10T20:52:58.418+0000] {dag.py:3047} INFO - Sync 1 DAGs
[2025-11-10T20:52:58.433+0000] {logging_mixin.py:188} INFO - [2025-11-10T20:52:58.433+0000] {dag.py:3834} INFO - Setting next_dagrun for example_dag_decorator to None, run_after=None
[2025-11-10T20:52:58.453+0000] {processor.py:183} INFO - Processing /home/airflow/.local/lib/python3.8/site-packages/airflow/example_dags/example_dag_decorator.py took 0.175 seconds
[2025-11-10T20:53:28.798+0000] {processor.py:161} INFO - Started process (PID=1963) to work on /home/airflow/.local/lib/python3.8/site-packages/airflow/example_dags/example_dag_decorator.py
[2025-11-10T20:53:28.800+0000] {processor.py:830} INFO - Processing file /home/airflow/.local/lib/python3.8/site-packages/airflow/example_dags/example_dag_decorator.py for tasks to queue
[2025-11-10T20:53:28.803+0000] {logging_mixin.py:188} INFO - [2025-11-10T20:53:28.802+0000] {dagbag.py:540} INFO - Filling up the DagBag from /home/airflow/.local/lib/python3.8/site-packages/airflow/example_dags/example_dag_decorator.py
[2025-11-10T20:53:28.904+0000] {processor.py:840} INFO - DAG(s) 'example_dag_decorator' retrieved from /home/airflow/.local/lib/python3.8/site-packages/airflow/example_dags/example_dag_decorator.py
[2025-11-10T20:53:28.998+0000] {logging_mixin.py:188} INFO - [2025-11-10T20:53:28.997+0000] {dag.py:3047} INFO - Sync 1 DAGs
[2025-11-10T20:53:29.008+0000] {logging_mixin.py:188} INFO - [2025-11-10T20:53:29.008+0000] {dag.py:3834} INFO - Setting next_dagrun for example_dag_decorator to None, run_after=None
[2025-11-10T20:53:29.028+0000] {processor.py:183} INFO - Processing /home/airflow/.local/lib/python3.8/site-packages/airflow/example_dags/example_dag_decorator.py took 0.235 seconds
