[2025-11-10T20:36:13.666+0000] {processor.py:161} INFO - Started process (PID=106) to work on /home/airflow/.local/lib/python3.8/site-packages/airflow/example_dags/example_python_decorator.py
[2025-11-10T20:36:13.668+0000] {processor.py:830} INFO - Processing file /home/airflow/.local/lib/python3.8/site-packages/airflow/example_dags/example_python_decorator.py for tasks to queue
[2025-11-10T20:36:13.671+0000] {logging_mixin.py:188} INFO - [2025-11-10T20:36:13.670+0000] {dagbag.py:540} INFO - Filling up the DagBag from /home/airflow/.local/lib/python3.8/site-packages/airflow/example_dags/example_python_decorator.py
[2025-11-10T20:36:13.687+0000] {processor.py:840} INFO - DAG(s) 'example_python_decorator' retrieved from /home/airflow/.local/lib/python3.8/site-packages/airflow/example_dags/example_python_decorator.py
[2025-11-10T20:36:13.783+0000] {logging_mixin.py:188} INFO - [2025-11-10T20:36:13.783+0000] {override.py:1769} INFO - Created Permission View: can read on DAG:example_python_decorator
[2025-11-10T20:36:13.794+0000] {logging_mixin.py:188} INFO - [2025-11-10T20:36:13.794+0000] {override.py:1769} INFO - Created Permission View: can edit on DAG:example_python_decorator
[2025-11-10T20:36:13.804+0000] {logging_mixin.py:188} INFO - [2025-11-10T20:36:13.804+0000] {override.py:1769} INFO - Created Permission View: can delete on DAG:example_python_decorator
[2025-11-10T20:36:13.805+0000] {logging_mixin.py:188} INFO - [2025-11-10T20:36:13.805+0000] {dag.py:3047} INFO - Sync 1 DAGs
[2025-11-10T20:36:13.815+0000] {logging_mixin.py:188} INFO - [2025-11-10T20:36:13.815+0000] {dag.py:3069} INFO - Creating ORM DAG for example_python_decorator
[2025-11-10T20:36:13.816+0000] {logging_mixin.py:188} INFO - [2025-11-10T20:36:13.816+0000] {dag.py:3834} INFO - Setting next_dagrun for example_python_decorator to None, run_after=None
[2025-11-10T20:36:13.835+0000] {processor.py:183} INFO - Processing /home/airflow/.local/lib/python3.8/site-packages/airflow/example_dags/example_python_decorator.py took 0.172 seconds
[2025-11-10T20:36:44.600+0000] {processor.py:161} INFO - Started process (PID=161) to work on /home/airflow/.local/lib/python3.8/site-packages/airflow/example_dags/example_python_decorator.py
[2025-11-10T20:36:44.602+0000] {processor.py:830} INFO - Processing file /home/airflow/.local/lib/python3.8/site-packages/airflow/example_dags/example_python_decorator.py for tasks to queue
[2025-11-10T20:36:44.604+0000] {logging_mixin.py:188} INFO - [2025-11-10T20:36:44.603+0000] {dagbag.py:540} INFO - Filling up the DagBag from /home/airflow/.local/lib/python3.8/site-packages/airflow/example_dags/example_python_decorator.py
[2025-11-10T20:36:44.617+0000] {processor.py:840} INFO - DAG(s) 'example_python_decorator' retrieved from /home/airflow/.local/lib/python3.8/site-packages/airflow/example_dags/example_python_decorator.py
[2025-11-10T20:36:44.640+0000] {logging_mixin.py:188} INFO - [2025-11-10T20:36:44.639+0000] {dag.py:3047} INFO - Sync 1 DAGs
[2025-11-10T20:36:44.651+0000] {logging_mixin.py:188} INFO - [2025-11-10T20:36:44.650+0000] {dag.py:3834} INFO - Setting next_dagrun for example_python_decorator to None, run_after=None
[2025-11-10T20:36:44.668+0000] {processor.py:183} INFO - Processing /home/airflow/.local/lib/python3.8/site-packages/airflow/example_dags/example_python_decorator.py took 0.072 seconds
[2025-11-10T20:37:15.375+0000] {processor.py:161} INFO - Started process (PID=216) to work on /home/airflow/.local/lib/python3.8/site-packages/airflow/example_dags/example_python_decorator.py
[2025-11-10T20:37:15.376+0000] {processor.py:830} INFO - Processing file /home/airflow/.local/lib/python3.8/site-packages/airflow/example_dags/example_python_decorator.py for tasks to queue
[2025-11-10T20:37:15.380+0000] {logging_mixin.py:188} INFO - [2025-11-10T20:37:15.379+0000] {dagbag.py:540} INFO - Filling up the DagBag from /home/airflow/.local/lib/python3.8/site-packages/airflow/example_dags/example_python_decorator.py
[2025-11-10T20:37:15.404+0000] {processor.py:840} INFO - DAG(s) 'example_python_decorator' retrieved from /home/airflow/.local/lib/python3.8/site-packages/airflow/example_dags/example_python_decorator.py
[2025-11-10T20:37:15.441+0000] {logging_mixin.py:188} INFO - [2025-11-10T20:37:15.441+0000] {dag.py:3047} INFO - Sync 1 DAGs
[2025-11-10T20:37:15.461+0000] {logging_mixin.py:188} INFO - [2025-11-10T20:37:15.461+0000] {dag.py:3834} INFO - Setting next_dagrun for example_python_decorator to None, run_after=None
[2025-11-10T20:37:15.491+0000] {processor.py:183} INFO - Processing /home/airflow/.local/lib/python3.8/site-packages/airflow/example_dags/example_python_decorator.py took 0.122 seconds
[2025-11-10T20:37:45.784+0000] {processor.py:161} INFO - Started process (PID=271) to work on /home/airflow/.local/lib/python3.8/site-packages/airflow/example_dags/example_python_decorator.py
[2025-11-10T20:37:45.785+0000] {processor.py:830} INFO - Processing file /home/airflow/.local/lib/python3.8/site-packages/airflow/example_dags/example_python_decorator.py for tasks to queue
[2025-11-10T20:37:45.787+0000] {logging_mixin.py:188} INFO - [2025-11-10T20:37:45.787+0000] {dagbag.py:540} INFO - Filling up the DagBag from /home/airflow/.local/lib/python3.8/site-packages/airflow/example_dags/example_python_decorator.py
[2025-11-10T20:37:45.800+0000] {processor.py:840} INFO - DAG(s) 'example_python_decorator' retrieved from /home/airflow/.local/lib/python3.8/site-packages/airflow/example_dags/example_python_decorator.py
[2025-11-10T20:37:45.823+0000] {logging_mixin.py:188} INFO - [2025-11-10T20:37:45.823+0000] {dag.py:3047} INFO - Sync 1 DAGs
[2025-11-10T20:37:45.837+0000] {logging_mixin.py:188} INFO - [2025-11-10T20:37:45.837+0000] {dag.py:3834} INFO - Setting next_dagrun for example_python_decorator to None, run_after=None
[2025-11-10T20:37:45.862+0000] {processor.py:183} INFO - Processing /home/airflow/.local/lib/python3.8/site-packages/airflow/example_dags/example_python_decorator.py took 0.081 seconds
[2025-11-10T20:38:16.163+0000] {processor.py:161} INFO - Started process (PID=326) to work on /home/airflow/.local/lib/python3.8/site-packages/airflow/example_dags/example_python_decorator.py
[2025-11-10T20:38:16.165+0000] {processor.py:830} INFO - Processing file /home/airflow/.local/lib/python3.8/site-packages/airflow/example_dags/example_python_decorator.py for tasks to queue
[2025-11-10T20:38:16.167+0000] {logging_mixin.py:188} INFO - [2025-11-10T20:38:16.167+0000] {dagbag.py:540} INFO - Filling up the DagBag from /home/airflow/.local/lib/python3.8/site-packages/airflow/example_dags/example_python_decorator.py
[2025-11-10T20:38:16.182+0000] {processor.py:840} INFO - DAG(s) 'example_python_decorator' retrieved from /home/airflow/.local/lib/python3.8/site-packages/airflow/example_dags/example_python_decorator.py
[2025-11-10T20:38:16.210+0000] {logging_mixin.py:188} INFO - [2025-11-10T20:38:16.210+0000] {dag.py:3047} INFO - Sync 1 DAGs
[2025-11-10T20:38:16.222+0000] {logging_mixin.py:188} INFO - [2025-11-10T20:38:16.222+0000] {dag.py:3834} INFO - Setting next_dagrun for example_python_decorator to None, run_after=None
[2025-11-10T20:38:16.245+0000] {processor.py:183} INFO - Processing /home/airflow/.local/lib/python3.8/site-packages/airflow/example_dags/example_python_decorator.py took 0.085 seconds
[2025-11-10T20:38:46.452+0000] {processor.py:161} INFO - Started process (PID=381) to work on /home/airflow/.local/lib/python3.8/site-packages/airflow/example_dags/example_python_decorator.py
[2025-11-10T20:38:46.453+0000] {processor.py:830} INFO - Processing file /home/airflow/.local/lib/python3.8/site-packages/airflow/example_dags/example_python_decorator.py for tasks to queue
[2025-11-10T20:38:46.455+0000] {logging_mixin.py:188} INFO - [2025-11-10T20:38:46.455+0000] {dagbag.py:540} INFO - Filling up the DagBag from /home/airflow/.local/lib/python3.8/site-packages/airflow/example_dags/example_python_decorator.py
[2025-11-10T20:38:46.467+0000] {processor.py:840} INFO - DAG(s) 'example_python_decorator' retrieved from /home/airflow/.local/lib/python3.8/site-packages/airflow/example_dags/example_python_decorator.py
[2025-11-10T20:38:46.490+0000] {logging_mixin.py:188} INFO - [2025-11-10T20:38:46.490+0000] {dag.py:3047} INFO - Sync 1 DAGs
[2025-11-10T20:38:46.502+0000] {logging_mixin.py:188} INFO - [2025-11-10T20:38:46.502+0000] {dag.py:3834} INFO - Setting next_dagrun for example_python_decorator to None, run_after=None
[2025-11-10T20:38:46.526+0000] {processor.py:183} INFO - Processing /home/airflow/.local/lib/python3.8/site-packages/airflow/example_dags/example_python_decorator.py took 0.078 seconds
[2025-11-10T20:39:16.658+0000] {processor.py:161} INFO - Started process (PID=436) to work on /home/airflow/.local/lib/python3.8/site-packages/airflow/example_dags/example_python_decorator.py
[2025-11-10T20:39:16.660+0000] {processor.py:830} INFO - Processing file /home/airflow/.local/lib/python3.8/site-packages/airflow/example_dags/example_python_decorator.py for tasks to queue
[2025-11-10T20:39:16.665+0000] {logging_mixin.py:188} INFO - [2025-11-10T20:39:16.664+0000] {dagbag.py:540} INFO - Filling up the DagBag from /home/airflow/.local/lib/python3.8/site-packages/airflow/example_dags/example_python_decorator.py
[2025-11-10T20:39:16.681+0000] {processor.py:840} INFO - DAG(s) 'example_python_decorator' retrieved from /home/airflow/.local/lib/python3.8/site-packages/airflow/example_dags/example_python_decorator.py
[2025-11-10T20:39:16.704+0000] {logging_mixin.py:188} INFO - [2025-11-10T20:39:16.704+0000] {dag.py:3047} INFO - Sync 1 DAGs
[2025-11-10T20:39:16.716+0000] {logging_mixin.py:188} INFO - [2025-11-10T20:39:16.716+0000] {dag.py:3834} INFO - Setting next_dagrun for example_python_decorator to None, run_after=None
[2025-11-10T20:39:16.735+0000] {processor.py:183} INFO - Processing /home/airflow/.local/lib/python3.8/site-packages/airflow/example_dags/example_python_decorator.py took 0.081 seconds
[2025-11-10T20:39:46.810+0000] {processor.py:161} INFO - Started process (PID=491) to work on /home/airflow/.local/lib/python3.8/site-packages/airflow/example_dags/example_python_decorator.py
[2025-11-10T20:39:46.812+0000] {processor.py:830} INFO - Processing file /home/airflow/.local/lib/python3.8/site-packages/airflow/example_dags/example_python_decorator.py for tasks to queue
[2025-11-10T20:39:46.817+0000] {logging_mixin.py:188} INFO - [2025-11-10T20:39:46.816+0000] {dagbag.py:540} INFO - Filling up the DagBag from /home/airflow/.local/lib/python3.8/site-packages/airflow/example_dags/example_python_decorator.py
[2025-11-10T20:39:46.837+0000] {processor.py:840} INFO - DAG(s) 'example_python_decorator' retrieved from /home/airflow/.local/lib/python3.8/site-packages/airflow/example_dags/example_python_decorator.py
[2025-11-10T20:39:46.865+0000] {logging_mixin.py:188} INFO - [2025-11-10T20:39:46.865+0000] {dag.py:3047} INFO - Sync 1 DAGs
[2025-11-10T20:39:46.882+0000] {logging_mixin.py:188} INFO - [2025-11-10T20:39:46.882+0000] {dag.py:3834} INFO - Setting next_dagrun for example_python_decorator to None, run_after=None
[2025-11-10T20:39:46.908+0000] {processor.py:183} INFO - Processing /home/airflow/.local/lib/python3.8/site-packages/airflow/example_dags/example_python_decorator.py took 0.101 seconds
[2025-11-10T20:40:17.266+0000] {processor.py:161} INFO - Started process (PID=546) to work on /home/airflow/.local/lib/python3.8/site-packages/airflow/example_dags/example_python_decorator.py
[2025-11-10T20:40:17.267+0000] {processor.py:830} INFO - Processing file /home/airflow/.local/lib/python3.8/site-packages/airflow/example_dags/example_python_decorator.py for tasks to queue
[2025-11-10T20:40:17.269+0000] {logging_mixin.py:188} INFO - [2025-11-10T20:40:17.269+0000] {dagbag.py:540} INFO - Filling up the DagBag from /home/airflow/.local/lib/python3.8/site-packages/airflow/example_dags/example_python_decorator.py
[2025-11-10T20:40:17.282+0000] {processor.py:840} INFO - DAG(s) 'example_python_decorator' retrieved from /home/airflow/.local/lib/python3.8/site-packages/airflow/example_dags/example_python_decorator.py
[2025-11-10T20:40:17.303+0000] {logging_mixin.py:188} INFO - [2025-11-10T20:40:17.302+0000] {dag.py:3047} INFO - Sync 1 DAGs
[2025-11-10T20:40:17.315+0000] {logging_mixin.py:188} INFO - [2025-11-10T20:40:17.315+0000] {dag.py:3834} INFO - Setting next_dagrun for example_python_decorator to None, run_after=None
[2025-11-10T20:40:17.334+0000] {processor.py:183} INFO - Processing /home/airflow/.local/lib/python3.8/site-packages/airflow/example_dags/example_python_decorator.py took 0.072 seconds
[2025-11-10T20:40:47.654+0000] {processor.py:161} INFO - Started process (PID=601) to work on /home/airflow/.local/lib/python3.8/site-packages/airflow/example_dags/example_python_decorator.py
[2025-11-10T20:40:47.657+0000] {processor.py:830} INFO - Processing file /home/airflow/.local/lib/python3.8/site-packages/airflow/example_dags/example_python_decorator.py for tasks to queue
[2025-11-10T20:40:47.662+0000] {logging_mixin.py:188} INFO - [2025-11-10T20:40:47.662+0000] {dagbag.py:540} INFO - Filling up the DagBag from /home/airflow/.local/lib/python3.8/site-packages/airflow/example_dags/example_python_decorator.py
[2025-11-10T20:40:47.682+0000] {processor.py:840} INFO - DAG(s) 'example_python_decorator' retrieved from /home/airflow/.local/lib/python3.8/site-packages/airflow/example_dags/example_python_decorator.py
[2025-11-10T20:40:47.715+0000] {logging_mixin.py:188} INFO - [2025-11-10T20:40:47.715+0000] {dag.py:3047} INFO - Sync 1 DAGs
[2025-11-10T20:40:47.728+0000] {logging_mixin.py:188} INFO - [2025-11-10T20:40:47.727+0000] {dag.py:3834} INFO - Setting next_dagrun for example_python_decorator to None, run_after=None
[2025-11-10T20:40:47.747+0000] {processor.py:183} INFO - Processing /home/airflow/.local/lib/python3.8/site-packages/airflow/example_dags/example_python_decorator.py took 0.097 seconds
[2025-11-10T20:41:18.168+0000] {processor.py:161} INFO - Started process (PID=656) to work on /home/airflow/.local/lib/python3.8/site-packages/airflow/example_dags/example_python_decorator.py
[2025-11-10T20:41:18.169+0000] {processor.py:830} INFO - Processing file /home/airflow/.local/lib/python3.8/site-packages/airflow/example_dags/example_python_decorator.py for tasks to queue
[2025-11-10T20:41:18.172+0000] {logging_mixin.py:188} INFO - [2025-11-10T20:41:18.172+0000] {dagbag.py:540} INFO - Filling up the DagBag from /home/airflow/.local/lib/python3.8/site-packages/airflow/example_dags/example_python_decorator.py
[2025-11-10T20:41:18.187+0000] {processor.py:840} INFO - DAG(s) 'example_python_decorator' retrieved from /home/airflow/.local/lib/python3.8/site-packages/airflow/example_dags/example_python_decorator.py
[2025-11-10T20:41:18.212+0000] {logging_mixin.py:188} INFO - [2025-11-10T20:41:18.211+0000] {dag.py:3047} INFO - Sync 1 DAGs
[2025-11-10T20:41:18.226+0000] {logging_mixin.py:188} INFO - [2025-11-10T20:41:18.226+0000] {dag.py:3834} INFO - Setting next_dagrun for example_python_decorator to None, run_after=None
[2025-11-10T20:41:18.248+0000] {processor.py:183} INFO - Processing /home/airflow/.local/lib/python3.8/site-packages/airflow/example_dags/example_python_decorator.py took 0.084 seconds
[2025-11-10T20:41:48.676+0000] {processor.py:161} INFO - Started process (PID=711) to work on /home/airflow/.local/lib/python3.8/site-packages/airflow/example_dags/example_python_decorator.py
[2025-11-10T20:41:48.678+0000] {processor.py:830} INFO - Processing file /home/airflow/.local/lib/python3.8/site-packages/airflow/example_dags/example_python_decorator.py for tasks to queue
[2025-11-10T20:41:48.680+0000] {logging_mixin.py:188} INFO - [2025-11-10T20:41:48.680+0000] {dagbag.py:540} INFO - Filling up the DagBag from /home/airflow/.local/lib/python3.8/site-packages/airflow/example_dags/example_python_decorator.py
[2025-11-10T20:41:48.698+0000] {processor.py:840} INFO - DAG(s) 'example_python_decorator' retrieved from /home/airflow/.local/lib/python3.8/site-packages/airflow/example_dags/example_python_decorator.py
[2025-11-10T20:41:48.720+0000] {logging_mixin.py:188} INFO - [2025-11-10T20:41:48.720+0000] {dag.py:3047} INFO - Sync 1 DAGs
[2025-11-10T20:41:48.732+0000] {logging_mixin.py:188} INFO - [2025-11-10T20:41:48.732+0000] {dag.py:3834} INFO - Setting next_dagrun for example_python_decorator to None, run_after=None
[2025-11-10T20:41:48.754+0000] {processor.py:183} INFO - Processing /home/airflow/.local/lib/python3.8/site-packages/airflow/example_dags/example_python_decorator.py took 0.081 seconds
[2025-11-10T20:42:19.484+0000] {processor.py:161} INFO - Started process (PID=766) to work on /home/airflow/.local/lib/python3.8/site-packages/airflow/example_dags/example_python_decorator.py
[2025-11-10T20:42:19.486+0000] {processor.py:830} INFO - Processing file /home/airflow/.local/lib/python3.8/site-packages/airflow/example_dags/example_python_decorator.py for tasks to queue
[2025-11-10T20:42:19.488+0000] {logging_mixin.py:188} INFO - [2025-11-10T20:42:19.487+0000] {dagbag.py:540} INFO - Filling up the DagBag from /home/airflow/.local/lib/python3.8/site-packages/airflow/example_dags/example_python_decorator.py
[2025-11-10T20:42:19.502+0000] {processor.py:840} INFO - DAG(s) 'example_python_decorator' retrieved from /home/airflow/.local/lib/python3.8/site-packages/airflow/example_dags/example_python_decorator.py
[2025-11-10T20:42:19.523+0000] {logging_mixin.py:188} INFO - [2025-11-10T20:42:19.523+0000] {dag.py:3047} INFO - Sync 1 DAGs
[2025-11-10T20:42:19.535+0000] {logging_mixin.py:188} INFO - [2025-11-10T20:42:19.535+0000] {dag.py:3834} INFO - Setting next_dagrun for example_python_decorator to None, run_after=None
[2025-11-10T20:42:19.553+0000] {processor.py:183} INFO - Processing /home/airflow/.local/lib/python3.8/site-packages/airflow/example_dags/example_python_decorator.py took 0.073 seconds
[2025-11-10T20:42:49.957+0000] {processor.py:161} INFO - Started process (PID=821) to work on /home/airflow/.local/lib/python3.8/site-packages/airflow/example_dags/example_python_decorator.py
[2025-11-10T20:42:49.961+0000] {processor.py:830} INFO - Processing file /home/airflow/.local/lib/python3.8/site-packages/airflow/example_dags/example_python_decorator.py for tasks to queue
[2025-11-10T20:42:49.966+0000] {logging_mixin.py:188} INFO - [2025-11-10T20:42:49.965+0000] {dagbag.py:540} INFO - Filling up the DagBag from /home/airflow/.local/lib/python3.8/site-packages/airflow/example_dags/example_python_decorator.py
[2025-11-10T20:42:50.009+0000] {processor.py:840} INFO - DAG(s) 'example_python_decorator' retrieved from /home/airflow/.local/lib/python3.8/site-packages/airflow/example_dags/example_python_decorator.py
[2025-11-10T20:42:50.080+0000] {logging_mixin.py:188} INFO - [2025-11-10T20:42:50.079+0000] {dag.py:3047} INFO - Sync 1 DAGs
[2025-11-10T20:42:50.110+0000] {logging_mixin.py:188} INFO - [2025-11-10T20:42:50.109+0000] {dag.py:3834} INFO - Setting next_dagrun for example_python_decorator to None, run_after=None
[2025-11-10T20:42:50.151+0000] {processor.py:183} INFO - Processing /home/airflow/.local/lib/python3.8/site-packages/airflow/example_dags/example_python_decorator.py took 0.198 seconds
[2025-11-10T20:43:20.376+0000] {processor.py:161} INFO - Started process (PID=876) to work on /home/airflow/.local/lib/python3.8/site-packages/airflow/example_dags/example_python_decorator.py
[2025-11-10T20:43:20.381+0000] {processor.py:830} INFO - Processing file /home/airflow/.local/lib/python3.8/site-packages/airflow/example_dags/example_python_decorator.py for tasks to queue
[2025-11-10T20:43:20.383+0000] {logging_mixin.py:188} INFO - [2025-11-10T20:43:20.383+0000] {dagbag.py:540} INFO - Filling up the DagBag from /home/airflow/.local/lib/python3.8/site-packages/airflow/example_dags/example_python_decorator.py
[2025-11-10T20:43:20.396+0000] {processor.py:840} INFO - DAG(s) 'example_python_decorator' retrieved from /home/airflow/.local/lib/python3.8/site-packages/airflow/example_dags/example_python_decorator.py
[2025-11-10T20:43:20.417+0000] {logging_mixin.py:188} INFO - [2025-11-10T20:43:20.417+0000] {dag.py:3047} INFO - Sync 1 DAGs
[2025-11-10T20:43:20.431+0000] {logging_mixin.py:188} INFO - [2025-11-10T20:43:20.431+0000] {dag.py:3834} INFO - Setting next_dagrun for example_python_decorator to None, run_after=None
[2025-11-10T20:43:20.451+0000] {processor.py:183} INFO - Processing /home/airflow/.local/lib/python3.8/site-packages/airflow/example_dags/example_python_decorator.py took 0.079 seconds
[2025-11-10T20:43:50.927+0000] {processor.py:161} INFO - Started process (PID=930) to work on /home/airflow/.local/lib/python3.8/site-packages/airflow/example_dags/example_python_decorator.py
[2025-11-10T20:43:50.929+0000] {processor.py:830} INFO - Processing file /home/airflow/.local/lib/python3.8/site-packages/airflow/example_dags/example_python_decorator.py for tasks to queue
[2025-11-10T20:43:50.932+0000] {logging_mixin.py:188} INFO - [2025-11-10T20:43:50.932+0000] {dagbag.py:540} INFO - Filling up the DagBag from /home/airflow/.local/lib/python3.8/site-packages/airflow/example_dags/example_python_decorator.py
[2025-11-10T20:43:50.946+0000] {processor.py:840} INFO - DAG(s) 'example_python_decorator' retrieved from /home/airflow/.local/lib/python3.8/site-packages/airflow/example_dags/example_python_decorator.py
[2025-11-10T20:43:50.965+0000] {logging_mixin.py:188} INFO - [2025-11-10T20:43:50.965+0000] {dag.py:3047} INFO - Sync 1 DAGs
[2025-11-10T20:43:50.976+0000] {logging_mixin.py:188} INFO - [2025-11-10T20:43:50.976+0000] {dag.py:3834} INFO - Setting next_dagrun for example_python_decorator to None, run_after=None
[2025-11-10T20:43:50.994+0000] {processor.py:183} INFO - Processing /home/airflow/.local/lib/python3.8/site-packages/airflow/example_dags/example_python_decorator.py took 0.071 seconds
[2025-11-10T20:44:21.549+0000] {processor.py:161} INFO - Started process (PID=985) to work on /home/airflow/.local/lib/python3.8/site-packages/airflow/example_dags/example_python_decorator.py
[2025-11-10T20:44:21.551+0000] {processor.py:830} INFO - Processing file /home/airflow/.local/lib/python3.8/site-packages/airflow/example_dags/example_python_decorator.py for tasks to queue
[2025-11-10T20:44:21.556+0000] {logging_mixin.py:188} INFO - [2025-11-10T20:44:21.555+0000] {dagbag.py:540} INFO - Filling up the DagBag from /home/airflow/.local/lib/python3.8/site-packages/airflow/example_dags/example_python_decorator.py
[2025-11-10T20:44:21.569+0000] {processor.py:840} INFO - DAG(s) 'example_python_decorator' retrieved from /home/airflow/.local/lib/python3.8/site-packages/airflow/example_dags/example_python_decorator.py
[2025-11-10T20:44:21.593+0000] {logging_mixin.py:188} INFO - [2025-11-10T20:44:21.592+0000] {dag.py:3047} INFO - Sync 1 DAGs
[2025-11-10T20:44:21.607+0000] {logging_mixin.py:188} INFO - [2025-11-10T20:44:21.607+0000] {dag.py:3834} INFO - Setting next_dagrun for example_python_decorator to None, run_after=None
[2025-11-10T20:44:21.643+0000] {processor.py:183} INFO - Processing /home/airflow/.local/lib/python3.8/site-packages/airflow/example_dags/example_python_decorator.py took 0.101 seconds
[2025-11-10T20:44:52.230+0000] {processor.py:161} INFO - Started process (PID=1040) to work on /home/airflow/.local/lib/python3.8/site-packages/airflow/example_dags/example_python_decorator.py
[2025-11-10T20:44:52.231+0000] {processor.py:830} INFO - Processing file /home/airflow/.local/lib/python3.8/site-packages/airflow/example_dags/example_python_decorator.py for tasks to queue
[2025-11-10T20:44:52.234+0000] {logging_mixin.py:188} INFO - [2025-11-10T20:44:52.233+0000] {dagbag.py:540} INFO - Filling up the DagBag from /home/airflow/.local/lib/python3.8/site-packages/airflow/example_dags/example_python_decorator.py
[2025-11-10T20:44:52.254+0000] {processor.py:840} INFO - DAG(s) 'example_python_decorator' retrieved from /home/airflow/.local/lib/python3.8/site-packages/airflow/example_dags/example_python_decorator.py
[2025-11-10T20:44:52.280+0000] {logging_mixin.py:188} INFO - [2025-11-10T20:44:52.280+0000] {dag.py:3047} INFO - Sync 1 DAGs
[2025-11-10T20:44:52.292+0000] {logging_mixin.py:188} INFO - [2025-11-10T20:44:52.292+0000] {dag.py:3834} INFO - Setting next_dagrun for example_python_decorator to None, run_after=None
[2025-11-10T20:44:52.315+0000] {processor.py:183} INFO - Processing /home/airflow/.local/lib/python3.8/site-packages/airflow/example_dags/example_python_decorator.py took 0.089 seconds
[2025-11-10T20:45:22.621+0000] {processor.py:161} INFO - Started process (PID=1095) to work on /home/airflow/.local/lib/python3.8/site-packages/airflow/example_dags/example_python_decorator.py
[2025-11-10T20:45:22.623+0000] {processor.py:830} INFO - Processing file /home/airflow/.local/lib/python3.8/site-packages/airflow/example_dags/example_python_decorator.py for tasks to queue
[2025-11-10T20:45:22.625+0000] {logging_mixin.py:188} INFO - [2025-11-10T20:45:22.625+0000] {dagbag.py:540} INFO - Filling up the DagBag from /home/airflow/.local/lib/python3.8/site-packages/airflow/example_dags/example_python_decorator.py
[2025-11-10T20:45:22.639+0000] {processor.py:840} INFO - DAG(s) 'example_python_decorator' retrieved from /home/airflow/.local/lib/python3.8/site-packages/airflow/example_dags/example_python_decorator.py
[2025-11-10T20:45:22.672+0000] {logging_mixin.py:188} INFO - [2025-11-10T20:45:22.672+0000] {dag.py:3047} INFO - Sync 1 DAGs
[2025-11-10T20:45:22.684+0000] {logging_mixin.py:188} INFO - [2025-11-10T20:45:22.684+0000] {dag.py:3834} INFO - Setting next_dagrun for example_python_decorator to None, run_after=None
[2025-11-10T20:45:22.709+0000] {processor.py:183} INFO - Processing /home/airflow/.local/lib/python3.8/site-packages/airflow/example_dags/example_python_decorator.py took 0.091 seconds
[2025-11-10T20:45:53.182+0000] {processor.py:161} INFO - Started process (PID=1150) to work on /home/airflow/.local/lib/python3.8/site-packages/airflow/example_dags/example_python_decorator.py
[2025-11-10T20:45:53.184+0000] {processor.py:830} INFO - Processing file /home/airflow/.local/lib/python3.8/site-packages/airflow/example_dags/example_python_decorator.py for tasks to queue
[2025-11-10T20:45:53.187+0000] {logging_mixin.py:188} INFO - [2025-11-10T20:45:53.187+0000] {dagbag.py:540} INFO - Filling up the DagBag from /home/airflow/.local/lib/python3.8/site-packages/airflow/example_dags/example_python_decorator.py
[2025-11-10T20:45:53.204+0000] {processor.py:840} INFO - DAG(s) 'example_python_decorator' retrieved from /home/airflow/.local/lib/python3.8/site-packages/airflow/example_dags/example_python_decorator.py
[2025-11-10T20:45:53.240+0000] {logging_mixin.py:188} INFO - [2025-11-10T20:45:53.240+0000] {dag.py:3047} INFO - Sync 1 DAGs
[2025-11-10T20:45:53.255+0000] {logging_mixin.py:188} INFO - [2025-11-10T20:45:53.254+0000] {dag.py:3834} INFO - Setting next_dagrun for example_python_decorator to None, run_after=None
[2025-11-10T20:45:53.277+0000] {processor.py:183} INFO - Processing /home/airflow/.local/lib/python3.8/site-packages/airflow/example_dags/example_python_decorator.py took 0.099 seconds
[2025-11-10T20:46:23.541+0000] {processor.py:161} INFO - Started process (PID=1205) to work on /home/airflow/.local/lib/python3.8/site-packages/airflow/example_dags/example_python_decorator.py
[2025-11-10T20:46:23.543+0000] {processor.py:830} INFO - Processing file /home/airflow/.local/lib/python3.8/site-packages/airflow/example_dags/example_python_decorator.py for tasks to queue
[2025-11-10T20:46:23.545+0000] {logging_mixin.py:188} INFO - [2025-11-10T20:46:23.545+0000] {dagbag.py:540} INFO - Filling up the DagBag from /home/airflow/.local/lib/python3.8/site-packages/airflow/example_dags/example_python_decorator.py
[2025-11-10T20:46:23.558+0000] {processor.py:840} INFO - DAG(s) 'example_python_decorator' retrieved from /home/airflow/.local/lib/python3.8/site-packages/airflow/example_dags/example_python_decorator.py
[2025-11-10T20:46:23.583+0000] {logging_mixin.py:188} INFO - [2025-11-10T20:46:23.582+0000] {dag.py:3047} INFO - Sync 1 DAGs
[2025-11-10T20:46:23.597+0000] {logging_mixin.py:188} INFO - [2025-11-10T20:46:23.597+0000] {dag.py:3834} INFO - Setting next_dagrun for example_python_decorator to None, run_after=None
[2025-11-10T20:46:23.615+0000] {processor.py:183} INFO - Processing /home/airflow/.local/lib/python3.8/site-packages/airflow/example_dags/example_python_decorator.py took 0.077 seconds
[2025-11-10T20:46:54.474+0000] {processor.py:161} INFO - Started process (PID=1261) to work on /home/airflow/.local/lib/python3.8/site-packages/airflow/example_dags/example_python_decorator.py
[2025-11-10T20:46:54.476+0000] {processor.py:830} INFO - Processing file /home/airflow/.local/lib/python3.8/site-packages/airflow/example_dags/example_python_decorator.py for tasks to queue
[2025-11-10T20:46:54.479+0000] {logging_mixin.py:188} INFO - [2025-11-10T20:46:54.478+0000] {dagbag.py:540} INFO - Filling up the DagBag from /home/airflow/.local/lib/python3.8/site-packages/airflow/example_dags/example_python_decorator.py
[2025-11-10T20:46:54.492+0000] {processor.py:840} INFO - DAG(s) 'example_python_decorator' retrieved from /home/airflow/.local/lib/python3.8/site-packages/airflow/example_dags/example_python_decorator.py
[2025-11-10T20:46:54.515+0000] {logging_mixin.py:188} INFO - [2025-11-10T20:46:54.515+0000] {dag.py:3047} INFO - Sync 1 DAGs
[2025-11-10T20:46:54.531+0000] {logging_mixin.py:188} INFO - [2025-11-10T20:46:54.531+0000] {dag.py:3834} INFO - Setting next_dagrun for example_python_decorator to None, run_after=None
[2025-11-10T20:46:54.549+0000] {processor.py:183} INFO - Processing /home/airflow/.local/lib/python3.8/site-packages/airflow/example_dags/example_python_decorator.py took 0.078 seconds
[2025-11-10T20:47:24.709+0000] {processor.py:161} INFO - Started process (PID=1316) to work on /home/airflow/.local/lib/python3.8/site-packages/airflow/example_dags/example_python_decorator.py
[2025-11-10T20:47:24.711+0000] {processor.py:830} INFO - Processing file /home/airflow/.local/lib/python3.8/site-packages/airflow/example_dags/example_python_decorator.py for tasks to queue
[2025-11-10T20:47:24.713+0000] {logging_mixin.py:188} INFO - [2025-11-10T20:47:24.713+0000] {dagbag.py:540} INFO - Filling up the DagBag from /home/airflow/.local/lib/python3.8/site-packages/airflow/example_dags/example_python_decorator.py
[2025-11-10T20:47:24.726+0000] {processor.py:840} INFO - DAG(s) 'example_python_decorator' retrieved from /home/airflow/.local/lib/python3.8/site-packages/airflow/example_dags/example_python_decorator.py
[2025-11-10T20:47:24.748+0000] {logging_mixin.py:188} INFO - [2025-11-10T20:47:24.748+0000] {dag.py:3047} INFO - Sync 1 DAGs
[2025-11-10T20:47:24.761+0000] {logging_mixin.py:188} INFO - [2025-11-10T20:47:24.761+0000] {dag.py:3834} INFO - Setting next_dagrun for example_python_decorator to None, run_after=None
[2025-11-10T20:47:24.780+0000] {processor.py:183} INFO - Processing /home/airflow/.local/lib/python3.8/site-packages/airflow/example_dags/example_python_decorator.py took 0.074 seconds
[2025-11-10T20:47:55.229+0000] {processor.py:161} INFO - Started process (PID=1371) to work on /home/airflow/.local/lib/python3.8/site-packages/airflow/example_dags/example_python_decorator.py
[2025-11-10T20:47:55.230+0000] {processor.py:830} INFO - Processing file /home/airflow/.local/lib/python3.8/site-packages/airflow/example_dags/example_python_decorator.py for tasks to queue
[2025-11-10T20:47:55.232+0000] {logging_mixin.py:188} INFO - [2025-11-10T20:47:55.232+0000] {dagbag.py:540} INFO - Filling up the DagBag from /home/airflow/.local/lib/python3.8/site-packages/airflow/example_dags/example_python_decorator.py
[2025-11-10T20:47:55.246+0000] {processor.py:840} INFO - DAG(s) 'example_python_decorator' retrieved from /home/airflow/.local/lib/python3.8/site-packages/airflow/example_dags/example_python_decorator.py
[2025-11-10T20:47:55.265+0000] {logging_mixin.py:188} INFO - [2025-11-10T20:47:55.265+0000] {dag.py:3047} INFO - Sync 1 DAGs
[2025-11-10T20:47:55.277+0000] {logging_mixin.py:188} INFO - [2025-11-10T20:47:55.277+0000] {dag.py:3834} INFO - Setting next_dagrun for example_python_decorator to None, run_after=None
[2025-11-10T20:47:55.297+0000] {processor.py:183} INFO - Processing /home/airflow/.local/lib/python3.8/site-packages/airflow/example_dags/example_python_decorator.py took 0.072 seconds
[2025-11-10T20:48:25.942+0000] {processor.py:161} INFO - Started process (PID=1426) to work on /home/airflow/.local/lib/python3.8/site-packages/airflow/example_dags/example_python_decorator.py
[2025-11-10T20:48:25.946+0000] {processor.py:830} INFO - Processing file /home/airflow/.local/lib/python3.8/site-packages/airflow/example_dags/example_python_decorator.py for tasks to queue
[2025-11-10T20:48:25.954+0000] {logging_mixin.py:188} INFO - [2025-11-10T20:48:25.953+0000] {dagbag.py:540} INFO - Filling up the DagBag from /home/airflow/.local/lib/python3.8/site-packages/airflow/example_dags/example_python_decorator.py
[2025-11-10T20:48:25.991+0000] {processor.py:840} INFO - DAG(s) 'example_python_decorator' retrieved from /home/airflow/.local/lib/python3.8/site-packages/airflow/example_dags/example_python_decorator.py
[2025-11-10T20:48:26.042+0000] {logging_mixin.py:188} INFO - [2025-11-10T20:48:26.041+0000] {dag.py:3047} INFO - Sync 1 DAGs
[2025-11-10T20:48:26.062+0000] {logging_mixin.py:188} INFO - [2025-11-10T20:48:26.062+0000] {dag.py:3834} INFO - Setting next_dagrun for example_python_decorator to None, run_after=None
[2025-11-10T20:48:26.087+0000] {processor.py:183} INFO - Processing /home/airflow/.local/lib/python3.8/site-packages/airflow/example_dags/example_python_decorator.py took 0.156 seconds
[2025-11-10T20:48:56.783+0000] {processor.py:161} INFO - Started process (PID=1481) to work on /home/airflow/.local/lib/python3.8/site-packages/airflow/example_dags/example_python_decorator.py
[2025-11-10T20:48:56.784+0000] {processor.py:830} INFO - Processing file /home/airflow/.local/lib/python3.8/site-packages/airflow/example_dags/example_python_decorator.py for tasks to queue
[2025-11-10T20:48:56.786+0000] {logging_mixin.py:188} INFO - [2025-11-10T20:48:56.786+0000] {dagbag.py:540} INFO - Filling up the DagBag from /home/airflow/.local/lib/python3.8/site-packages/airflow/example_dags/example_python_decorator.py
[2025-11-10T20:48:56.799+0000] {processor.py:840} INFO - DAG(s) 'example_python_decorator' retrieved from /home/airflow/.local/lib/python3.8/site-packages/airflow/example_dags/example_python_decorator.py
[2025-11-10T20:48:56.842+0000] {logging_mixin.py:188} INFO - [2025-11-10T20:48:56.842+0000] {dag.py:3047} INFO - Sync 1 DAGs
[2025-11-10T20:48:56.862+0000] {logging_mixin.py:188} INFO - [2025-11-10T20:48:56.861+0000] {dag.py:3834} INFO - Setting next_dagrun for example_python_decorator to None, run_after=None
[2025-11-10T20:48:56.880+0000] {processor.py:183} INFO - Processing /home/airflow/.local/lib/python3.8/site-packages/airflow/example_dags/example_python_decorator.py took 0.100 seconds
[2025-11-10T20:49:27.224+0000] {processor.py:161} INFO - Started process (PID=1537) to work on /home/airflow/.local/lib/python3.8/site-packages/airflow/example_dags/example_python_decorator.py
[2025-11-10T20:49:27.226+0000] {processor.py:830} INFO - Processing file /home/airflow/.local/lib/python3.8/site-packages/airflow/example_dags/example_python_decorator.py for tasks to queue
[2025-11-10T20:49:27.228+0000] {logging_mixin.py:188} INFO - [2025-11-10T20:49:27.228+0000] {dagbag.py:540} INFO - Filling up the DagBag from /home/airflow/.local/lib/python3.8/site-packages/airflow/example_dags/example_python_decorator.py
[2025-11-10T20:49:27.240+0000] {processor.py:840} INFO - DAG(s) 'example_python_decorator' retrieved from /home/airflow/.local/lib/python3.8/site-packages/airflow/example_dags/example_python_decorator.py
[2025-11-10T20:49:27.261+0000] {logging_mixin.py:188} INFO - [2025-11-10T20:49:27.261+0000] {dag.py:3047} INFO - Sync 1 DAGs
[2025-11-10T20:49:27.272+0000] {logging_mixin.py:188} INFO - [2025-11-10T20:49:27.272+0000] {dag.py:3834} INFO - Setting next_dagrun for example_python_decorator to None, run_after=None
[2025-11-10T20:49:27.290+0000] {processor.py:183} INFO - Processing /home/airflow/.local/lib/python3.8/site-packages/airflow/example_dags/example_python_decorator.py took 0.069 seconds
[2025-11-10T20:49:57.483+0000] {processor.py:161} INFO - Started process (PID=1592) to work on /home/airflow/.local/lib/python3.8/site-packages/airflow/example_dags/example_python_decorator.py
[2025-11-10T20:49:57.485+0000] {processor.py:830} INFO - Processing file /home/airflow/.local/lib/python3.8/site-packages/airflow/example_dags/example_python_decorator.py for tasks to queue
[2025-11-10T20:49:57.487+0000] {logging_mixin.py:188} INFO - [2025-11-10T20:49:57.487+0000] {dagbag.py:540} INFO - Filling up the DagBag from /home/airflow/.local/lib/python3.8/site-packages/airflow/example_dags/example_python_decorator.py
[2025-11-10T20:49:57.501+0000] {processor.py:840} INFO - DAG(s) 'example_python_decorator' retrieved from /home/airflow/.local/lib/python3.8/site-packages/airflow/example_dags/example_python_decorator.py
[2025-11-10T20:49:57.523+0000] {logging_mixin.py:188} INFO - [2025-11-10T20:49:57.523+0000] {dag.py:3047} INFO - Sync 1 DAGs
[2025-11-10T20:49:57.534+0000] {logging_mixin.py:188} INFO - [2025-11-10T20:49:57.534+0000] {dag.py:3834} INFO - Setting next_dagrun for example_python_decorator to None, run_after=None
[2025-11-10T20:49:57.552+0000] {processor.py:183} INFO - Processing /home/airflow/.local/lib/python3.8/site-packages/airflow/example_dags/example_python_decorator.py took 0.072 seconds
[2025-11-10T20:50:28.213+0000] {processor.py:161} INFO - Started process (PID=1647) to work on /home/airflow/.local/lib/python3.8/site-packages/airflow/example_dags/example_python_decorator.py
[2025-11-10T20:50:28.215+0000] {processor.py:830} INFO - Processing file /home/airflow/.local/lib/python3.8/site-packages/airflow/example_dags/example_python_decorator.py for tasks to queue
[2025-11-10T20:50:28.219+0000] {logging_mixin.py:188} INFO - [2025-11-10T20:50:28.218+0000] {dagbag.py:540} INFO - Filling up the DagBag from /home/airflow/.local/lib/python3.8/site-packages/airflow/example_dags/example_python_decorator.py
[2025-11-10T20:50:28.232+0000] {processor.py:840} INFO - DAG(s) 'example_python_decorator' retrieved from /home/airflow/.local/lib/python3.8/site-packages/airflow/example_dags/example_python_decorator.py
[2025-11-10T20:50:28.251+0000] {logging_mixin.py:188} INFO - [2025-11-10T20:50:28.251+0000] {dag.py:3047} INFO - Sync 1 DAGs
[2025-11-10T20:50:28.262+0000] {logging_mixin.py:188} INFO - [2025-11-10T20:50:28.262+0000] {dag.py:3834} INFO - Setting next_dagrun for example_python_decorator to None, run_after=None
[2025-11-10T20:50:28.280+0000] {processor.py:183} INFO - Processing /home/airflow/.local/lib/python3.8/site-packages/airflow/example_dags/example_python_decorator.py took 0.070 seconds
[2025-11-10T20:50:58.634+0000] {processor.py:161} INFO - Started process (PID=1702) to work on /home/airflow/.local/lib/python3.8/site-packages/airflow/example_dags/example_python_decorator.py
[2025-11-10T20:50:58.636+0000] {processor.py:830} INFO - Processing file /home/airflow/.local/lib/python3.8/site-packages/airflow/example_dags/example_python_decorator.py for tasks to queue
[2025-11-10T20:50:58.638+0000] {logging_mixin.py:188} INFO - [2025-11-10T20:50:58.638+0000] {dagbag.py:540} INFO - Filling up the DagBag from /home/airflow/.local/lib/python3.8/site-packages/airflow/example_dags/example_python_decorator.py
[2025-11-10T20:50:58.654+0000] {processor.py:840} INFO - DAG(s) 'example_python_decorator' retrieved from /home/airflow/.local/lib/python3.8/site-packages/airflow/example_dags/example_python_decorator.py
[2025-11-10T20:50:58.698+0000] {logging_mixin.py:188} INFO - [2025-11-10T20:50:58.697+0000] {dag.py:3047} INFO - Sync 1 DAGs
[2025-11-10T20:50:58.724+0000] {logging_mixin.py:188} INFO - [2025-11-10T20:50:58.723+0000] {dag.py:3834} INFO - Setting next_dagrun for example_python_decorator to None, run_after=None
[2025-11-10T20:50:58.753+0000] {processor.py:183} INFO - Processing /home/airflow/.local/lib/python3.8/site-packages/airflow/example_dags/example_python_decorator.py took 0.122 seconds
[2025-11-10T20:51:29.437+0000] {processor.py:161} INFO - Started process (PID=1757) to work on /home/airflow/.local/lib/python3.8/site-packages/airflow/example_dags/example_python_decorator.py
[2025-11-10T20:51:29.439+0000] {processor.py:830} INFO - Processing file /home/airflow/.local/lib/python3.8/site-packages/airflow/example_dags/example_python_decorator.py for tasks to queue
[2025-11-10T20:51:29.441+0000] {logging_mixin.py:188} INFO - [2025-11-10T20:51:29.441+0000] {dagbag.py:540} INFO - Filling up the DagBag from /home/airflow/.local/lib/python3.8/site-packages/airflow/example_dags/example_python_decorator.py
[2025-11-10T20:51:29.453+0000] {processor.py:840} INFO - DAG(s) 'example_python_decorator' retrieved from /home/airflow/.local/lib/python3.8/site-packages/airflow/example_dags/example_python_decorator.py
[2025-11-10T20:51:29.474+0000] {logging_mixin.py:188} INFO - [2025-11-10T20:51:29.473+0000] {dag.py:3047} INFO - Sync 1 DAGs
[2025-11-10T20:51:29.485+0000] {logging_mixin.py:188} INFO - [2025-11-10T20:51:29.484+0000] {dag.py:3834} INFO - Setting next_dagrun for example_python_decorator to None, run_after=None
[2025-11-10T20:51:29.503+0000] {processor.py:183} INFO - Processing /home/airflow/.local/lib/python3.8/site-packages/airflow/example_dags/example_python_decorator.py took 0.071 seconds
[2025-11-10T20:51:59.809+0000] {processor.py:161} INFO - Started process (PID=1812) to work on /home/airflow/.local/lib/python3.8/site-packages/airflow/example_dags/example_python_decorator.py
[2025-11-10T20:51:59.810+0000] {processor.py:830} INFO - Processing file /home/airflow/.local/lib/python3.8/site-packages/airflow/example_dags/example_python_decorator.py for tasks to queue
[2025-11-10T20:51:59.812+0000] {logging_mixin.py:188} INFO - [2025-11-10T20:51:59.812+0000] {dagbag.py:540} INFO - Filling up the DagBag from /home/airflow/.local/lib/python3.8/site-packages/airflow/example_dags/example_python_decorator.py
[2025-11-10T20:51:59.825+0000] {processor.py:840} INFO - DAG(s) 'example_python_decorator' retrieved from /home/airflow/.local/lib/python3.8/site-packages/airflow/example_dags/example_python_decorator.py
[2025-11-10T20:51:59.859+0000] {logging_mixin.py:188} INFO - [2025-11-10T20:51:59.859+0000] {dag.py:3047} INFO - Sync 1 DAGs
[2025-11-10T20:51:59.870+0000] {logging_mixin.py:188} INFO - [2025-11-10T20:51:59.870+0000] {dag.py:3834} INFO - Setting next_dagrun for example_python_decorator to None, run_after=None
[2025-11-10T20:51:59.889+0000] {processor.py:183} INFO - Processing /home/airflow/.local/lib/python3.8/site-packages/airflow/example_dags/example_python_decorator.py took 0.083 seconds
[2025-11-10T20:52:30.086+0000] {processor.py:161} INFO - Started process (PID=1867) to work on /home/airflow/.local/lib/python3.8/site-packages/airflow/example_dags/example_python_decorator.py
[2025-11-10T20:52:30.087+0000] {processor.py:830} INFO - Processing file /home/airflow/.local/lib/python3.8/site-packages/airflow/example_dags/example_python_decorator.py for tasks to queue
[2025-11-10T20:52:30.089+0000] {logging_mixin.py:188} INFO - [2025-11-10T20:52:30.089+0000] {dagbag.py:540} INFO - Filling up the DagBag from /home/airflow/.local/lib/python3.8/site-packages/airflow/example_dags/example_python_decorator.py
[2025-11-10T20:52:30.102+0000] {processor.py:840} INFO - DAG(s) 'example_python_decorator' retrieved from /home/airflow/.local/lib/python3.8/site-packages/airflow/example_dags/example_python_decorator.py
[2025-11-10T20:52:30.122+0000] {logging_mixin.py:188} INFO - [2025-11-10T20:52:30.122+0000] {dag.py:3047} INFO - Sync 1 DAGs
[2025-11-10T20:52:30.135+0000] {logging_mixin.py:188} INFO - [2025-11-10T20:52:30.134+0000] {dag.py:3834} INFO - Setting next_dagrun for example_python_decorator to None, run_after=None
[2025-11-10T20:52:30.155+0000] {processor.py:183} INFO - Processing /home/airflow/.local/lib/python3.8/site-packages/airflow/example_dags/example_python_decorator.py took 0.072 seconds
[2025-11-10T20:53:00.308+0000] {processor.py:161} INFO - Started process (PID=1922) to work on /home/airflow/.local/lib/python3.8/site-packages/airflow/example_dags/example_python_decorator.py
[2025-11-10T20:53:00.309+0000] {processor.py:830} INFO - Processing file /home/airflow/.local/lib/python3.8/site-packages/airflow/example_dags/example_python_decorator.py for tasks to queue
[2025-11-10T20:53:00.311+0000] {logging_mixin.py:188} INFO - [2025-11-10T20:53:00.311+0000] {dagbag.py:540} INFO - Filling up the DagBag from /home/airflow/.local/lib/python3.8/site-packages/airflow/example_dags/example_python_decorator.py
[2025-11-10T20:53:00.323+0000] {processor.py:840} INFO - DAG(s) 'example_python_decorator' retrieved from /home/airflow/.local/lib/python3.8/site-packages/airflow/example_dags/example_python_decorator.py
[2025-11-10T20:53:00.345+0000] {logging_mixin.py:188} INFO - [2025-11-10T20:53:00.344+0000] {dag.py:3047} INFO - Sync 1 DAGs
[2025-11-10T20:53:00.358+0000] {logging_mixin.py:188} INFO - [2025-11-10T20:53:00.358+0000] {dag.py:3834} INFO - Setting next_dagrun for example_python_decorator to None, run_after=None
[2025-11-10T20:53:00.404+0000] {processor.py:183} INFO - Processing /home/airflow/.local/lib/python3.8/site-packages/airflow/example_dags/example_python_decorator.py took 0.099 seconds
