[2025-11-10T20:36:11.767+0000] {processor.py:161} INFO - Started process (PID=92) to work on /home/airflow/.local/lib/python3.8/site-packages/airflow/example_dags/example_branch_datetime_operator.py
[2025-11-10T20:36:11.769+0000] {processor.py:830} INFO - Processing file /home/airflow/.local/lib/python3.8/site-packages/airflow/example_dags/example_branch_datetime_operator.py for tasks to queue
[2025-11-10T20:36:11.773+0000] {logging_mixin.py:188} INFO - [2025-11-10T20:36:11.772+0000] {dagbag.py:540} INFO - Filling up the DagBag from /home/airflow/.local/lib/python3.8/site-packages/airflow/example_dags/example_branch_datetime_operator.py
[2025-11-10T20:36:11.787+0000] {processor.py:840} INFO - DAG(s) 'example_branch_datetime_operator_2', 'example_branch_datetime_operator_3', 'example_branch_datetime_operator' retrieved from /home/airflow/.local/lib/python3.8/site-packages/airflow/example_dags/example_branch_datetime_operator.py
[2025-11-10T20:36:11.888+0000] {logging_mixin.py:188} INFO - [2025-11-10T20:36:11.888+0000] {override.py:1769} INFO - Created Permission View: can read on DAG:example_branch_datetime_operator_2
[2025-11-10T20:36:11.900+0000] {logging_mixin.py:188} INFO - [2025-11-10T20:36:11.900+0000] {override.py:1769} INFO - Created Permission View: can edit on DAG:example_branch_datetime_operator_2
[2025-11-10T20:36:11.910+0000] {logging_mixin.py:188} INFO - [2025-11-10T20:36:11.910+0000] {override.py:1769} INFO - Created Permission View: can delete on DAG:example_branch_datetime_operator_2
[2025-11-10T20:36:11.928+0000] {logging_mixin.py:188} INFO - [2025-11-10T20:36:11.927+0000] {override.py:1769} INFO - Created Permission View: can read on DAG:example_branch_datetime_operator_3
[2025-11-10T20:36:11.938+0000] {logging_mixin.py:188} INFO - [2025-11-10T20:36:11.937+0000] {override.py:1769} INFO - Created Permission View: can edit on DAG:example_branch_datetime_operator_3
[2025-11-10T20:36:11.948+0000] {logging_mixin.py:188} INFO - [2025-11-10T20:36:11.948+0000] {override.py:1769} INFO - Created Permission View: can delete on DAG:example_branch_datetime_operator_3
[2025-11-10T20:36:11.965+0000] {logging_mixin.py:188} INFO - [2025-11-10T20:36:11.964+0000] {override.py:1769} INFO - Created Permission View: can read on DAG:example_branch_datetime_operator
[2025-11-10T20:36:11.974+0000] {logging_mixin.py:188} INFO - [2025-11-10T20:36:11.974+0000] {override.py:1769} INFO - Created Permission View: can edit on DAG:example_branch_datetime_operator
[2025-11-10T20:36:11.982+0000] {logging_mixin.py:188} INFO - [2025-11-10T20:36:11.982+0000] {override.py:1769} INFO - Created Permission View: can delete on DAG:example_branch_datetime_operator
[2025-11-10T20:36:11.983+0000] {logging_mixin.py:188} INFO - [2025-11-10T20:36:11.983+0000] {dag.py:3047} INFO - Sync 3 DAGs
[2025-11-10T20:36:11.998+0000] {logging_mixin.py:188} INFO - [2025-11-10T20:36:11.998+0000] {dag.py:3069} INFO - Creating ORM DAG for example_branch_datetime_operator
[2025-11-10T20:36:12.000+0000] {logging_mixin.py:188} INFO - [2025-11-10T20:36:12.000+0000] {dag.py:3069} INFO - Creating ORM DAG for example_branch_datetime_operator_2
[2025-11-10T20:36:12.002+0000] {logging_mixin.py:188} INFO - [2025-11-10T20:36:12.002+0000] {dag.py:3069} INFO - Creating ORM DAG for example_branch_datetime_operator_3
[2025-11-10T20:36:12.021+0000] {logging_mixin.py:188} INFO - [2025-11-10T20:36:12.020+0000] {dag.py:3834} INFO - Setting next_dagrun for example_branch_datetime_operator to 2025-11-09 00:00:00+00:00, run_after=2025-11-10 00:00:00+00:00
[2025-11-10T20:36:12.025+0000] {logging_mixin.py:188} INFO - [2025-11-10T20:36:12.024+0000] {dag.py:3834} INFO - Setting next_dagrun for example_branch_datetime_operator_2 to 2025-11-09 00:00:00+00:00, run_after=2025-11-10 00:00:00+00:00
[2025-11-10T20:36:12.027+0000] {logging_mixin.py:188} INFO - [2025-11-10T20:36:12.027+0000] {dag.py:3834} INFO - Setting next_dagrun for example_branch_datetime_operator_3 to 2025-11-09 00:00:00+00:00, run_after=2025-11-10 00:00:00+00:00
[2025-11-10T20:36:12.047+0000] {processor.py:183} INFO - Processing /home/airflow/.local/lib/python3.8/site-packages/airflow/example_dags/example_branch_datetime_operator.py took 0.286 seconds
[2025-11-10T20:36:42.373+0000] {processor.py:161} INFO - Started process (PID=147) to work on /home/airflow/.local/lib/python3.8/site-packages/airflow/example_dags/example_branch_datetime_operator.py
[2025-11-10T20:36:42.374+0000] {processor.py:830} INFO - Processing file /home/airflow/.local/lib/python3.8/site-packages/airflow/example_dags/example_branch_datetime_operator.py for tasks to queue
[2025-11-10T20:36:42.376+0000] {logging_mixin.py:188} INFO - [2025-11-10T20:36:42.376+0000] {dagbag.py:540} INFO - Filling up the DagBag from /home/airflow/.local/lib/python3.8/site-packages/airflow/example_dags/example_branch_datetime_operator.py
[2025-11-10T20:36:42.387+0000] {processor.py:840} INFO - DAG(s) 'example_branch_datetime_operator', 'example_branch_datetime_operator_2', 'example_branch_datetime_operator_3' retrieved from /home/airflow/.local/lib/python3.8/site-packages/airflow/example_dags/example_branch_datetime_operator.py
[2025-11-10T20:36:42.413+0000] {logging_mixin.py:188} INFO - [2025-11-10T20:36:42.413+0000] {dag.py:3047} INFO - Sync 3 DAGs
[2025-11-10T20:36:42.436+0000] {logging_mixin.py:188} INFO - [2025-11-10T20:36:42.436+0000] {dag.py:3834} INFO - Setting next_dagrun for example_branch_datetime_operator to 2025-11-09 00:00:00+00:00, run_after=2025-11-10 00:00:00+00:00
[2025-11-10T20:36:42.440+0000] {logging_mixin.py:188} INFO - [2025-11-10T20:36:42.440+0000] {dag.py:3834} INFO - Setting next_dagrun for example_branch_datetime_operator_2 to 2025-11-09 00:00:00+00:00, run_after=2025-11-10 00:00:00+00:00
[2025-11-10T20:36:42.444+0000] {logging_mixin.py:188} INFO - [2025-11-10T20:36:42.444+0000] {dag.py:3834} INFO - Setting next_dagrun for example_branch_datetime_operator_3 to 2025-11-09 00:00:00+00:00, run_after=2025-11-10 00:00:00+00:00
[2025-11-10T20:36:42.460+0000] {processor.py:183} INFO - Processing /home/airflow/.local/lib/python3.8/site-packages/airflow/example_dags/example_branch_datetime_operator.py took 0.091 seconds
[2025-11-10T20:37:13.333+0000] {processor.py:161} INFO - Started process (PID=202) to work on /home/airflow/.local/lib/python3.8/site-packages/airflow/example_dags/example_branch_datetime_operator.py
[2025-11-10T20:37:13.336+0000] {processor.py:830} INFO - Processing file /home/airflow/.local/lib/python3.8/site-packages/airflow/example_dags/example_branch_datetime_operator.py for tasks to queue
[2025-11-10T20:37:13.338+0000] {logging_mixin.py:188} INFO - [2025-11-10T20:37:13.337+0000] {dagbag.py:540} INFO - Filling up the DagBag from /home/airflow/.local/lib/python3.8/site-packages/airflow/example_dags/example_branch_datetime_operator.py
[2025-11-10T20:37:13.348+0000] {processor.py:840} INFO - DAG(s) 'example_branch_datetime_operator', 'example_branch_datetime_operator_3', 'example_branch_datetime_operator_2' retrieved from /home/airflow/.local/lib/python3.8/site-packages/airflow/example_dags/example_branch_datetime_operator.py
[2025-11-10T20:37:13.381+0000] {logging_mixin.py:188} INFO - [2025-11-10T20:37:13.380+0000] {dag.py:3047} INFO - Sync 3 DAGs
[2025-11-10T20:37:13.406+0000] {logging_mixin.py:188} INFO - [2025-11-10T20:37:13.405+0000] {dag.py:3834} INFO - Setting next_dagrun for example_branch_datetime_operator to 2025-11-09 00:00:00+00:00, run_after=2025-11-10 00:00:00+00:00
[2025-11-10T20:37:13.415+0000] {logging_mixin.py:188} INFO - [2025-11-10T20:37:13.415+0000] {dag.py:3834} INFO - Setting next_dagrun for example_branch_datetime_operator_2 to 2025-11-09 00:00:00+00:00, run_after=2025-11-10 00:00:00+00:00
[2025-11-10T20:37:13.421+0000] {logging_mixin.py:188} INFO - [2025-11-10T20:37:13.421+0000] {dag.py:3834} INFO - Setting next_dagrun for example_branch_datetime_operator_3 to 2025-11-09 00:00:00+00:00, run_after=2025-11-10 00:00:00+00:00
[2025-11-10T20:37:13.444+0000] {processor.py:183} INFO - Processing /home/airflow/.local/lib/python3.8/site-packages/airflow/example_dags/example_branch_datetime_operator.py took 0.115 seconds
[2025-11-10T20:37:43.672+0000] {processor.py:161} INFO - Started process (PID=257) to work on /home/airflow/.local/lib/python3.8/site-packages/airflow/example_dags/example_branch_datetime_operator.py
[2025-11-10T20:37:43.674+0000] {processor.py:830} INFO - Processing file /home/airflow/.local/lib/python3.8/site-packages/airflow/example_dags/example_branch_datetime_operator.py for tasks to queue
[2025-11-10T20:37:43.677+0000] {logging_mixin.py:188} INFO - [2025-11-10T20:37:43.677+0000] {dagbag.py:540} INFO - Filling up the DagBag from /home/airflow/.local/lib/python3.8/site-packages/airflow/example_dags/example_branch_datetime_operator.py
[2025-11-10T20:37:43.694+0000] {processor.py:840} INFO - DAG(s) 'example_branch_datetime_operator_2', 'example_branch_datetime_operator', 'example_branch_datetime_operator_3' retrieved from /home/airflow/.local/lib/python3.8/site-packages/airflow/example_dags/example_branch_datetime_operator.py
[2025-11-10T20:37:43.720+0000] {logging_mixin.py:188} INFO - [2025-11-10T20:37:43.720+0000] {dag.py:3047} INFO - Sync 3 DAGs
[2025-11-10T20:37:43.741+0000] {logging_mixin.py:188} INFO - [2025-11-10T20:37:43.741+0000] {dag.py:3834} INFO - Setting next_dagrun for example_branch_datetime_operator to 2025-11-09 00:00:00+00:00, run_after=2025-11-10 00:00:00+00:00
[2025-11-10T20:37:43.747+0000] {logging_mixin.py:188} INFO - [2025-11-10T20:37:43.747+0000] {dag.py:3834} INFO - Setting next_dagrun for example_branch_datetime_operator_2 to 2025-11-09 00:00:00+00:00, run_after=2025-11-10 00:00:00+00:00
[2025-11-10T20:37:43.750+0000] {logging_mixin.py:188} INFO - [2025-11-10T20:37:43.750+0000] {dag.py:3834} INFO - Setting next_dagrun for example_branch_datetime_operator_3 to 2025-11-09 00:00:00+00:00, run_after=2025-11-10 00:00:00+00:00
[2025-11-10T20:37:43.769+0000] {processor.py:183} INFO - Processing /home/airflow/.local/lib/python3.8/site-packages/airflow/example_dags/example_branch_datetime_operator.py took 0.100 seconds
[2025-11-10T20:38:14.062+0000] {processor.py:161} INFO - Started process (PID=312) to work on /home/airflow/.local/lib/python3.8/site-packages/airflow/example_dags/example_branch_datetime_operator.py
[2025-11-10T20:38:14.063+0000] {processor.py:830} INFO - Processing file /home/airflow/.local/lib/python3.8/site-packages/airflow/example_dags/example_branch_datetime_operator.py for tasks to queue
[2025-11-10T20:38:14.065+0000] {logging_mixin.py:188} INFO - [2025-11-10T20:38:14.065+0000] {dagbag.py:540} INFO - Filling up the DagBag from /home/airflow/.local/lib/python3.8/site-packages/airflow/example_dags/example_branch_datetime_operator.py
[2025-11-10T20:38:14.075+0000] {processor.py:840} INFO - DAG(s) 'example_branch_datetime_operator_3', 'example_branch_datetime_operator_2', 'example_branch_datetime_operator' retrieved from /home/airflow/.local/lib/python3.8/site-packages/airflow/example_dags/example_branch_datetime_operator.py
[2025-11-10T20:38:14.101+0000] {logging_mixin.py:188} INFO - [2025-11-10T20:38:14.101+0000] {dag.py:3047} INFO - Sync 3 DAGs
[2025-11-10T20:38:14.125+0000] {logging_mixin.py:188} INFO - [2025-11-10T20:38:14.124+0000] {dag.py:3834} INFO - Setting next_dagrun for example_branch_datetime_operator to 2025-11-09 00:00:00+00:00, run_after=2025-11-10 00:00:00+00:00
[2025-11-10T20:38:14.129+0000] {logging_mixin.py:188} INFO - [2025-11-10T20:38:14.129+0000] {dag.py:3834} INFO - Setting next_dagrun for example_branch_datetime_operator_2 to 2025-11-09 00:00:00+00:00, run_after=2025-11-10 00:00:00+00:00
[2025-11-10T20:38:14.132+0000] {logging_mixin.py:188} INFO - [2025-11-10T20:38:14.132+0000] {dag.py:3834} INFO - Setting next_dagrun for example_branch_datetime_operator_3 to 2025-11-09 00:00:00+00:00, run_after=2025-11-10 00:00:00+00:00
[2025-11-10T20:38:14.149+0000] {processor.py:183} INFO - Processing /home/airflow/.local/lib/python3.8/site-packages/airflow/example_dags/example_branch_datetime_operator.py took 0.090 seconds
[2025-11-10T20:38:44.217+0000] {processor.py:161} INFO - Started process (PID=367) to work on /home/airflow/.local/lib/python3.8/site-packages/airflow/example_dags/example_branch_datetime_operator.py
[2025-11-10T20:38:44.219+0000] {processor.py:830} INFO - Processing file /home/airflow/.local/lib/python3.8/site-packages/airflow/example_dags/example_branch_datetime_operator.py for tasks to queue
[2025-11-10T20:38:44.222+0000] {logging_mixin.py:188} INFO - [2025-11-10T20:38:44.222+0000] {dagbag.py:540} INFO - Filling up the DagBag from /home/airflow/.local/lib/python3.8/site-packages/airflow/example_dags/example_branch_datetime_operator.py
[2025-11-10T20:38:44.239+0000] {processor.py:840} INFO - DAG(s) 'example_branch_datetime_operator_3', 'example_branch_datetime_operator_2', 'example_branch_datetime_operator' retrieved from /home/airflow/.local/lib/python3.8/site-packages/airflow/example_dags/example_branch_datetime_operator.py
[2025-11-10T20:38:44.274+0000] {logging_mixin.py:188} INFO - [2025-11-10T20:38:44.274+0000] {dag.py:3047} INFO - Sync 3 DAGs
[2025-11-10T20:38:44.297+0000] {logging_mixin.py:188} INFO - [2025-11-10T20:38:44.297+0000] {dag.py:3834} INFO - Setting next_dagrun for example_branch_datetime_operator to 2025-11-09 00:00:00+00:00, run_after=2025-11-10 00:00:00+00:00
[2025-11-10T20:38:44.302+0000] {logging_mixin.py:188} INFO - [2025-11-10T20:38:44.302+0000] {dag.py:3834} INFO - Setting next_dagrun for example_branch_datetime_operator_2 to 2025-11-09 00:00:00+00:00, run_after=2025-11-10 00:00:00+00:00
[2025-11-10T20:38:44.305+0000] {logging_mixin.py:188} INFO - [2025-11-10T20:38:44.305+0000] {dag.py:3834} INFO - Setting next_dagrun for example_branch_datetime_operator_3 to 2025-11-09 00:00:00+00:00, run_after=2025-11-10 00:00:00+00:00
[2025-11-10T20:38:44.323+0000] {processor.py:183} INFO - Processing /home/airflow/.local/lib/python3.8/site-packages/airflow/example_dags/example_branch_datetime_operator.py took 0.110 seconds
[2025-11-10T20:39:14.625+0000] {processor.py:161} INFO - Started process (PID=422) to work on /home/airflow/.local/lib/python3.8/site-packages/airflow/example_dags/example_branch_datetime_operator.py
[2025-11-10T20:39:14.626+0000] {processor.py:830} INFO - Processing file /home/airflow/.local/lib/python3.8/site-packages/airflow/example_dags/example_branch_datetime_operator.py for tasks to queue
[2025-11-10T20:39:14.629+0000] {logging_mixin.py:188} INFO - [2025-11-10T20:39:14.628+0000] {dagbag.py:540} INFO - Filling up the DagBag from /home/airflow/.local/lib/python3.8/site-packages/airflow/example_dags/example_branch_datetime_operator.py
[2025-11-10T20:39:14.643+0000] {processor.py:840} INFO - DAG(s) 'example_branch_datetime_operator_2', 'example_branch_datetime_operator', 'example_branch_datetime_operator_3' retrieved from /home/airflow/.local/lib/python3.8/site-packages/airflow/example_dags/example_branch_datetime_operator.py
[2025-11-10T20:39:14.673+0000] {logging_mixin.py:188} INFO - [2025-11-10T20:39:14.673+0000] {dag.py:3047} INFO - Sync 3 DAGs
[2025-11-10T20:39:14.701+0000] {logging_mixin.py:188} INFO - [2025-11-10T20:39:14.701+0000] {dag.py:3834} INFO - Setting next_dagrun for example_branch_datetime_operator to 2025-11-09 00:00:00+00:00, run_after=2025-11-10 00:00:00+00:00
[2025-11-10T20:39:14.707+0000] {logging_mixin.py:188} INFO - [2025-11-10T20:39:14.707+0000] {dag.py:3834} INFO - Setting next_dagrun for example_branch_datetime_operator_2 to 2025-11-09 00:00:00+00:00, run_after=2025-11-10 00:00:00+00:00
[2025-11-10T20:39:14.710+0000] {logging_mixin.py:188} INFO - [2025-11-10T20:39:14.710+0000] {dag.py:3834} INFO - Setting next_dagrun for example_branch_datetime_operator_3 to 2025-11-09 00:00:00+00:00, run_after=2025-11-10 00:00:00+00:00
[2025-11-10T20:39:14.730+0000] {processor.py:183} INFO - Processing /home/airflow/.local/lib/python3.8/site-packages/airflow/example_dags/example_branch_datetime_operator.py took 0.110 seconds
[2025-11-10T20:39:45.344+0000] {processor.py:161} INFO - Started process (PID=477) to work on /home/airflow/.local/lib/python3.8/site-packages/airflow/example_dags/example_branch_datetime_operator.py
[2025-11-10T20:39:45.345+0000] {processor.py:830} INFO - Processing file /home/airflow/.local/lib/python3.8/site-packages/airflow/example_dags/example_branch_datetime_operator.py for tasks to queue
[2025-11-10T20:39:45.351+0000] {logging_mixin.py:188} INFO - [2025-11-10T20:39:45.350+0000] {dagbag.py:540} INFO - Filling up the DagBag from /home/airflow/.local/lib/python3.8/site-packages/airflow/example_dags/example_branch_datetime_operator.py
[2025-11-10T20:39:45.365+0000] {processor.py:840} INFO - DAG(s) 'example_branch_datetime_operator_3', 'example_branch_datetime_operator_2', 'example_branch_datetime_operator' retrieved from /home/airflow/.local/lib/python3.8/site-packages/airflow/example_dags/example_branch_datetime_operator.py
[2025-11-10T20:39:45.396+0000] {logging_mixin.py:188} INFO - [2025-11-10T20:39:45.396+0000] {dag.py:3047} INFO - Sync 3 DAGs
[2025-11-10T20:39:45.424+0000] {logging_mixin.py:188} INFO - [2025-11-10T20:39:45.424+0000] {dag.py:3834} INFO - Setting next_dagrun for example_branch_datetime_operator to 2025-11-09 00:00:00+00:00, run_after=2025-11-10 00:00:00+00:00
[2025-11-10T20:39:45.432+0000] {logging_mixin.py:188} INFO - [2025-11-10T20:39:45.432+0000] {dag.py:3834} INFO - Setting next_dagrun for example_branch_datetime_operator_2 to 2025-11-09 00:00:00+00:00, run_after=2025-11-10 00:00:00+00:00
[2025-11-10T20:39:45.437+0000] {logging_mixin.py:188} INFO - [2025-11-10T20:39:45.437+0000] {dag.py:3834} INFO - Setting next_dagrun for example_branch_datetime_operator_3 to 2025-11-09 00:00:00+00:00, run_after=2025-11-10 00:00:00+00:00
[2025-11-10T20:39:45.465+0000] {processor.py:183} INFO - Processing /home/airflow/.local/lib/python3.8/site-packages/airflow/example_dags/example_branch_datetime_operator.py took 0.125 seconds
[2025-11-10T20:40:16.136+0000] {processor.py:161} INFO - Started process (PID=532) to work on /home/airflow/.local/lib/python3.8/site-packages/airflow/example_dags/example_branch_datetime_operator.py
[2025-11-10T20:40:16.138+0000] {processor.py:830} INFO - Processing file /home/airflow/.local/lib/python3.8/site-packages/airflow/example_dags/example_branch_datetime_operator.py for tasks to queue
[2025-11-10T20:40:16.141+0000] {logging_mixin.py:188} INFO - [2025-11-10T20:40:16.140+0000] {dagbag.py:540} INFO - Filling up the DagBag from /home/airflow/.local/lib/python3.8/site-packages/airflow/example_dags/example_branch_datetime_operator.py
[2025-11-10T20:40:16.154+0000] {processor.py:840} INFO - DAG(s) 'example_branch_datetime_operator_2', 'example_branch_datetime_operator_3', 'example_branch_datetime_operator' retrieved from /home/airflow/.local/lib/python3.8/site-packages/airflow/example_dags/example_branch_datetime_operator.py
[2025-11-10T20:40:16.179+0000] {logging_mixin.py:188} INFO - [2025-11-10T20:40:16.179+0000] {dag.py:3047} INFO - Sync 3 DAGs
[2025-11-10T20:40:16.201+0000] {logging_mixin.py:188} INFO - [2025-11-10T20:40:16.201+0000] {dag.py:3834} INFO - Setting next_dagrun for example_branch_datetime_operator to 2025-11-09 00:00:00+00:00, run_after=2025-11-10 00:00:00+00:00
[2025-11-10T20:40:16.206+0000] {logging_mixin.py:188} INFO - [2025-11-10T20:40:16.206+0000] {dag.py:3834} INFO - Setting next_dagrun for example_branch_datetime_operator_2 to 2025-11-09 00:00:00+00:00, run_after=2025-11-10 00:00:00+00:00
[2025-11-10T20:40:16.209+0000] {logging_mixin.py:188} INFO - [2025-11-10T20:40:16.209+0000] {dag.py:3834} INFO - Setting next_dagrun for example_branch_datetime_operator_3 to 2025-11-09 00:00:00+00:00, run_after=2025-11-10 00:00:00+00:00
[2025-11-10T20:40:16.224+0000] {processor.py:183} INFO - Processing /home/airflow/.local/lib/python3.8/site-packages/airflow/example_dags/example_branch_datetime_operator.py took 0.093 seconds
[2025-11-10T20:40:46.668+0000] {processor.py:161} INFO - Started process (PID=587) to work on /home/airflow/.local/lib/python3.8/site-packages/airflow/example_dags/example_branch_datetime_operator.py
[2025-11-10T20:40:46.669+0000] {processor.py:830} INFO - Processing file /home/airflow/.local/lib/python3.8/site-packages/airflow/example_dags/example_branch_datetime_operator.py for tasks to queue
[2025-11-10T20:40:46.672+0000] {logging_mixin.py:188} INFO - [2025-11-10T20:40:46.671+0000] {dagbag.py:540} INFO - Filling up the DagBag from /home/airflow/.local/lib/python3.8/site-packages/airflow/example_dags/example_branch_datetime_operator.py
[2025-11-10T20:40:46.682+0000] {processor.py:840} INFO - DAG(s) 'example_branch_datetime_operator', 'example_branch_datetime_operator_3', 'example_branch_datetime_operator_2' retrieved from /home/airflow/.local/lib/python3.8/site-packages/airflow/example_dags/example_branch_datetime_operator.py
[2025-11-10T20:40:46.716+0000] {logging_mixin.py:188} INFO - [2025-11-10T20:40:46.716+0000] {dag.py:3047} INFO - Sync 3 DAGs
[2025-11-10T20:40:46.740+0000] {logging_mixin.py:188} INFO - [2025-11-10T20:40:46.740+0000] {dag.py:3834} INFO - Setting next_dagrun for example_branch_datetime_operator to 2025-11-09 00:00:00+00:00, run_after=2025-11-10 00:00:00+00:00
[2025-11-10T20:40:46.746+0000] {logging_mixin.py:188} INFO - [2025-11-10T20:40:46.746+0000] {dag.py:3834} INFO - Setting next_dagrun for example_branch_datetime_operator_2 to 2025-11-09 00:00:00+00:00, run_after=2025-11-10 00:00:00+00:00
[2025-11-10T20:40:46.749+0000] {logging_mixin.py:188} INFO - [2025-11-10T20:40:46.749+0000] {dag.py:3834} INFO - Setting next_dagrun for example_branch_datetime_operator_3 to 2025-11-09 00:00:00+00:00, run_after=2025-11-10 00:00:00+00:00
[2025-11-10T20:40:46.768+0000] {processor.py:183} INFO - Processing /home/airflow/.local/lib/python3.8/site-packages/airflow/example_dags/example_branch_datetime_operator.py took 0.104 seconds
[2025-11-10T20:41:17.050+0000] {processor.py:161} INFO - Started process (PID=642) to work on /home/airflow/.local/lib/python3.8/site-packages/airflow/example_dags/example_branch_datetime_operator.py
[2025-11-10T20:41:17.054+0000] {processor.py:830} INFO - Processing file /home/airflow/.local/lib/python3.8/site-packages/airflow/example_dags/example_branch_datetime_operator.py for tasks to queue
[2025-11-10T20:41:17.060+0000] {logging_mixin.py:188} INFO - [2025-11-10T20:41:17.059+0000] {dagbag.py:540} INFO - Filling up the DagBag from /home/airflow/.local/lib/python3.8/site-packages/airflow/example_dags/example_branch_datetime_operator.py
[2025-11-10T20:41:17.086+0000] {processor.py:840} INFO - DAG(s) 'example_branch_datetime_operator_3', 'example_branch_datetime_operator_2', 'example_branch_datetime_operator' retrieved from /home/airflow/.local/lib/python3.8/site-packages/airflow/example_dags/example_branch_datetime_operator.py
[2025-11-10T20:41:17.144+0000] {logging_mixin.py:188} INFO - [2025-11-10T20:41:17.144+0000] {dag.py:3047} INFO - Sync 3 DAGs
[2025-11-10T20:41:17.175+0000] {logging_mixin.py:188} INFO - [2025-11-10T20:41:17.175+0000] {dag.py:3834} INFO - Setting next_dagrun for example_branch_datetime_operator to 2025-11-09 00:00:00+00:00, run_after=2025-11-10 00:00:00+00:00
[2025-11-10T20:41:17.182+0000] {logging_mixin.py:188} INFO - [2025-11-10T20:41:17.182+0000] {dag.py:3834} INFO - Setting next_dagrun for example_branch_datetime_operator_2 to 2025-11-09 00:00:00+00:00, run_after=2025-11-10 00:00:00+00:00
[2025-11-10T20:41:17.186+0000] {logging_mixin.py:188} INFO - [2025-11-10T20:41:17.186+0000] {dag.py:3834} INFO - Setting next_dagrun for example_branch_datetime_operator_3 to 2025-11-09 00:00:00+00:00, run_after=2025-11-10 00:00:00+00:00
[2025-11-10T20:41:17.205+0000] {processor.py:183} INFO - Processing /home/airflow/.local/lib/python3.8/site-packages/airflow/example_dags/example_branch_datetime_operator.py took 0.164 seconds
[2025-11-10T20:41:47.401+0000] {processor.py:161} INFO - Started process (PID=697) to work on /home/airflow/.local/lib/python3.8/site-packages/airflow/example_dags/example_branch_datetime_operator.py
[2025-11-10T20:41:47.403+0000] {processor.py:830} INFO - Processing file /home/airflow/.local/lib/python3.8/site-packages/airflow/example_dags/example_branch_datetime_operator.py for tasks to queue
[2025-11-10T20:41:47.406+0000] {logging_mixin.py:188} INFO - [2025-11-10T20:41:47.406+0000] {dagbag.py:540} INFO - Filling up the DagBag from /home/airflow/.local/lib/python3.8/site-packages/airflow/example_dags/example_branch_datetime_operator.py
[2025-11-10T20:41:47.419+0000] {processor.py:840} INFO - DAG(s) 'example_branch_datetime_operator', 'example_branch_datetime_operator_2', 'example_branch_datetime_operator_3' retrieved from /home/airflow/.local/lib/python3.8/site-packages/airflow/example_dags/example_branch_datetime_operator.py
[2025-11-10T20:41:47.450+0000] {logging_mixin.py:188} INFO - [2025-11-10T20:41:47.449+0000] {dag.py:3047} INFO - Sync 3 DAGs
[2025-11-10T20:41:47.470+0000] {logging_mixin.py:188} INFO - [2025-11-10T20:41:47.470+0000] {dag.py:3834} INFO - Setting next_dagrun for example_branch_datetime_operator to 2025-11-09 00:00:00+00:00, run_after=2025-11-10 00:00:00+00:00
[2025-11-10T20:41:47.475+0000] {logging_mixin.py:188} INFO - [2025-11-10T20:41:47.475+0000] {dag.py:3834} INFO - Setting next_dagrun for example_branch_datetime_operator_2 to 2025-11-09 00:00:00+00:00, run_after=2025-11-10 00:00:00+00:00
[2025-11-10T20:41:47.478+0000] {logging_mixin.py:188} INFO - [2025-11-10T20:41:47.478+0000] {dag.py:3834} INFO - Setting next_dagrun for example_branch_datetime_operator_3 to 2025-11-09 00:00:00+00:00, run_after=2025-11-10 00:00:00+00:00
[2025-11-10T20:41:47.496+0000] {processor.py:183} INFO - Processing /home/airflow/.local/lib/python3.8/site-packages/airflow/example_dags/example_branch_datetime_operator.py took 0.099 seconds
[2025-11-10T20:42:18.616+0000] {processor.py:161} INFO - Started process (PID=752) to work on /home/airflow/.local/lib/python3.8/site-packages/airflow/example_dags/example_branch_datetime_operator.py
[2025-11-10T20:42:18.618+0000] {processor.py:830} INFO - Processing file /home/airflow/.local/lib/python3.8/site-packages/airflow/example_dags/example_branch_datetime_operator.py for tasks to queue
[2025-11-10T20:42:18.620+0000] {logging_mixin.py:188} INFO - [2025-11-10T20:42:18.620+0000] {dagbag.py:540} INFO - Filling up the DagBag from /home/airflow/.local/lib/python3.8/site-packages/airflow/example_dags/example_branch_datetime_operator.py
[2025-11-10T20:42:18.633+0000] {processor.py:840} INFO - DAG(s) 'example_branch_datetime_operator', 'example_branch_datetime_operator_3', 'example_branch_datetime_operator_2' retrieved from /home/airflow/.local/lib/python3.8/site-packages/airflow/example_dags/example_branch_datetime_operator.py
[2025-11-10T20:42:18.661+0000] {logging_mixin.py:188} INFO - [2025-11-10T20:42:18.661+0000] {dag.py:3047} INFO - Sync 3 DAGs
[2025-11-10T20:42:18.686+0000] {logging_mixin.py:188} INFO - [2025-11-10T20:42:18.685+0000] {dag.py:3834} INFO - Setting next_dagrun for example_branch_datetime_operator to 2025-11-09 00:00:00+00:00, run_after=2025-11-10 00:00:00+00:00
[2025-11-10T20:42:18.693+0000] {logging_mixin.py:188} INFO - [2025-11-10T20:42:18.692+0000] {dag.py:3834} INFO - Setting next_dagrun for example_branch_datetime_operator_2 to 2025-11-09 00:00:00+00:00, run_after=2025-11-10 00:00:00+00:00
[2025-11-10T20:42:18.696+0000] {logging_mixin.py:188} INFO - [2025-11-10T20:42:18.696+0000] {dag.py:3834} INFO - Setting next_dagrun for example_branch_datetime_operator_3 to 2025-11-09 00:00:00+00:00, run_after=2025-11-10 00:00:00+00:00
[2025-11-10T20:42:18.714+0000] {processor.py:183} INFO - Processing /home/airflow/.local/lib/python3.8/site-packages/airflow/example_dags/example_branch_datetime_operator.py took 0.101 seconds
[2025-11-10T20:42:49.020+0000] {processor.py:161} INFO - Started process (PID=807) to work on /home/airflow/.local/lib/python3.8/site-packages/airflow/example_dags/example_branch_datetime_operator.py
[2025-11-10T20:42:49.022+0000] {processor.py:830} INFO - Processing file /home/airflow/.local/lib/python3.8/site-packages/airflow/example_dags/example_branch_datetime_operator.py for tasks to queue
[2025-11-10T20:42:49.023+0000] {logging_mixin.py:188} INFO - [2025-11-10T20:42:49.023+0000] {dagbag.py:540} INFO - Filling up the DagBag from /home/airflow/.local/lib/python3.8/site-packages/airflow/example_dags/example_branch_datetime_operator.py
[2025-11-10T20:42:49.044+0000] {processor.py:840} INFO - DAG(s) 'example_branch_datetime_operator', 'example_branch_datetime_operator_3', 'example_branch_datetime_operator_2' retrieved from /home/airflow/.local/lib/python3.8/site-packages/airflow/example_dags/example_branch_datetime_operator.py
[2025-11-10T20:42:49.078+0000] {logging_mixin.py:188} INFO - [2025-11-10T20:42:49.078+0000] {dag.py:3047} INFO - Sync 3 DAGs
[2025-11-10T20:42:49.100+0000] {logging_mixin.py:188} INFO - [2025-11-10T20:42:49.099+0000] {dag.py:3834} INFO - Setting next_dagrun for example_branch_datetime_operator to 2025-11-09 00:00:00+00:00, run_after=2025-11-10 00:00:00+00:00
[2025-11-10T20:42:49.105+0000] {logging_mixin.py:188} INFO - [2025-11-10T20:42:49.105+0000] {dag.py:3834} INFO - Setting next_dagrun for example_branch_datetime_operator_2 to 2025-11-09 00:00:00+00:00, run_after=2025-11-10 00:00:00+00:00
[2025-11-10T20:42:49.108+0000] {logging_mixin.py:188} INFO - [2025-11-10T20:42:49.108+0000] {dag.py:3834} INFO - Setting next_dagrun for example_branch_datetime_operator_3 to 2025-11-09 00:00:00+00:00, run_after=2025-11-10 00:00:00+00:00
[2025-11-10T20:42:49.125+0000] {processor.py:183} INFO - Processing /home/airflow/.local/lib/python3.8/site-packages/airflow/example_dags/example_branch_datetime_operator.py took 0.108 seconds
[2025-11-10T20:43:19.343+0000] {processor.py:161} INFO - Started process (PID=862) to work on /home/airflow/.local/lib/python3.8/site-packages/airflow/example_dags/example_branch_datetime_operator.py
[2025-11-10T20:43:19.345+0000] {processor.py:830} INFO - Processing file /home/airflow/.local/lib/python3.8/site-packages/airflow/example_dags/example_branch_datetime_operator.py for tasks to queue
[2025-11-10T20:43:19.347+0000] {logging_mixin.py:188} INFO - [2025-11-10T20:43:19.347+0000] {dagbag.py:540} INFO - Filling up the DagBag from /home/airflow/.local/lib/python3.8/site-packages/airflow/example_dags/example_branch_datetime_operator.py
[2025-11-10T20:43:19.359+0000] {processor.py:840} INFO - DAG(s) 'example_branch_datetime_operator_2', 'example_branch_datetime_operator_3', 'example_branch_datetime_operator' retrieved from /home/airflow/.local/lib/python3.8/site-packages/airflow/example_dags/example_branch_datetime_operator.py
[2025-11-10T20:43:19.387+0000] {logging_mixin.py:188} INFO - [2025-11-10T20:43:19.387+0000] {dag.py:3047} INFO - Sync 3 DAGs
[2025-11-10T20:43:19.409+0000] {logging_mixin.py:188} INFO - [2025-11-10T20:43:19.408+0000] {dag.py:3834} INFO - Setting next_dagrun for example_branch_datetime_operator to 2025-11-09 00:00:00+00:00, run_after=2025-11-10 00:00:00+00:00
[2025-11-10T20:43:19.414+0000] {logging_mixin.py:188} INFO - [2025-11-10T20:43:19.413+0000] {dag.py:3834} INFO - Setting next_dagrun for example_branch_datetime_operator_2 to 2025-11-09 00:00:00+00:00, run_after=2025-11-10 00:00:00+00:00
[2025-11-10T20:43:19.417+0000] {logging_mixin.py:188} INFO - [2025-11-10T20:43:19.416+0000] {dag.py:3834} INFO - Setting next_dagrun for example_branch_datetime_operator_3 to 2025-11-09 00:00:00+00:00, run_after=2025-11-10 00:00:00+00:00
[2025-11-10T20:43:19.434+0000] {processor.py:183} INFO - Processing /home/airflow/.local/lib/python3.8/site-packages/airflow/example_dags/example_branch_datetime_operator.py took 0.094 seconds
[2025-11-10T20:43:49.712+0000] {processor.py:161} INFO - Started process (PID=916) to work on /home/airflow/.local/lib/python3.8/site-packages/airflow/example_dags/example_branch_datetime_operator.py
[2025-11-10T20:43:49.713+0000] {processor.py:830} INFO - Processing file /home/airflow/.local/lib/python3.8/site-packages/airflow/example_dags/example_branch_datetime_operator.py for tasks to queue
[2025-11-10T20:43:49.715+0000] {logging_mixin.py:188} INFO - [2025-11-10T20:43:49.715+0000] {dagbag.py:540} INFO - Filling up the DagBag from /home/airflow/.local/lib/python3.8/site-packages/airflow/example_dags/example_branch_datetime_operator.py
[2025-11-10T20:43:49.725+0000] {processor.py:840} INFO - DAG(s) 'example_branch_datetime_operator_3', 'example_branch_datetime_operator', 'example_branch_datetime_operator_2' retrieved from /home/airflow/.local/lib/python3.8/site-packages/airflow/example_dags/example_branch_datetime_operator.py
[2025-11-10T20:43:49.756+0000] {logging_mixin.py:188} INFO - [2025-11-10T20:43:49.756+0000] {dag.py:3047} INFO - Sync 3 DAGs
[2025-11-10T20:43:49.803+0000] {logging_mixin.py:188} INFO - [2025-11-10T20:43:49.803+0000] {dag.py:3834} INFO - Setting next_dagrun for example_branch_datetime_operator to 2025-11-09 00:00:00+00:00, run_after=2025-11-10 00:00:00+00:00
[2025-11-10T20:43:49.809+0000] {logging_mixin.py:188} INFO - [2025-11-10T20:43:49.809+0000] {dag.py:3834} INFO - Setting next_dagrun for example_branch_datetime_operator_2 to 2025-11-09 00:00:00+00:00, run_after=2025-11-10 00:00:00+00:00
[2025-11-10T20:43:49.812+0000] {logging_mixin.py:188} INFO - [2025-11-10T20:43:49.812+0000] {dag.py:3834} INFO - Setting next_dagrun for example_branch_datetime_operator_3 to 2025-11-09 00:00:00+00:00, run_after=2025-11-10 00:00:00+00:00
[2025-11-10T20:43:49.829+0000] {processor.py:183} INFO - Processing /home/airflow/.local/lib/python3.8/site-packages/airflow/example_dags/example_branch_datetime_operator.py took 0.121 seconds
[2025-11-10T20:44:20.637+0000] {processor.py:161} INFO - Started process (PID=971) to work on /home/airflow/.local/lib/python3.8/site-packages/airflow/example_dags/example_branch_datetime_operator.py
[2025-11-10T20:44:20.638+0000] {processor.py:830} INFO - Processing file /home/airflow/.local/lib/python3.8/site-packages/airflow/example_dags/example_branch_datetime_operator.py for tasks to queue
[2025-11-10T20:44:20.640+0000] {logging_mixin.py:188} INFO - [2025-11-10T20:44:20.640+0000] {dagbag.py:540} INFO - Filling up the DagBag from /home/airflow/.local/lib/python3.8/site-packages/airflow/example_dags/example_branch_datetime_operator.py
[2025-11-10T20:44:20.650+0000] {processor.py:840} INFO - DAG(s) 'example_branch_datetime_operator', 'example_branch_datetime_operator_3', 'example_branch_datetime_operator_2' retrieved from /home/airflow/.local/lib/python3.8/site-packages/airflow/example_dags/example_branch_datetime_operator.py
[2025-11-10T20:44:20.676+0000] {logging_mixin.py:188} INFO - [2025-11-10T20:44:20.675+0000] {dag.py:3047} INFO - Sync 3 DAGs
[2025-11-10T20:44:20.697+0000] {logging_mixin.py:188} INFO - [2025-11-10T20:44:20.697+0000] {dag.py:3834} INFO - Setting next_dagrun for example_branch_datetime_operator to 2025-11-09 00:00:00+00:00, run_after=2025-11-10 00:00:00+00:00
[2025-11-10T20:44:20.703+0000] {logging_mixin.py:188} INFO - [2025-11-10T20:44:20.703+0000] {dag.py:3834} INFO - Setting next_dagrun for example_branch_datetime_operator_2 to 2025-11-09 00:00:00+00:00, run_after=2025-11-10 00:00:00+00:00
[2025-11-10T20:44:20.706+0000] {logging_mixin.py:188} INFO - [2025-11-10T20:44:20.706+0000] {dag.py:3834} INFO - Setting next_dagrun for example_branch_datetime_operator_3 to 2025-11-09 00:00:00+00:00, run_after=2025-11-10 00:00:00+00:00
[2025-11-10T20:44:20.722+0000] {processor.py:183} INFO - Processing /home/airflow/.local/lib/python3.8/site-packages/airflow/example_dags/example_branch_datetime_operator.py took 0.088 seconds
[2025-11-10T20:44:51.151+0000] {processor.py:161} INFO - Started process (PID=1026) to work on /home/airflow/.local/lib/python3.8/site-packages/airflow/example_dags/example_branch_datetime_operator.py
[2025-11-10T20:44:51.152+0000] {processor.py:830} INFO - Processing file /home/airflow/.local/lib/python3.8/site-packages/airflow/example_dags/example_branch_datetime_operator.py for tasks to queue
[2025-11-10T20:44:51.154+0000] {logging_mixin.py:188} INFO - [2025-11-10T20:44:51.154+0000] {dagbag.py:540} INFO - Filling up the DagBag from /home/airflow/.local/lib/python3.8/site-packages/airflow/example_dags/example_branch_datetime_operator.py
[2025-11-10T20:44:51.169+0000] {processor.py:840} INFO - DAG(s) 'example_branch_datetime_operator_2', 'example_branch_datetime_operator', 'example_branch_datetime_operator_3' retrieved from /home/airflow/.local/lib/python3.8/site-packages/airflow/example_dags/example_branch_datetime_operator.py
[2025-11-10T20:44:51.200+0000] {logging_mixin.py:188} INFO - [2025-11-10T20:44:51.200+0000] {dag.py:3047} INFO - Sync 3 DAGs
[2025-11-10T20:44:51.228+0000] {logging_mixin.py:188} INFO - [2025-11-10T20:44:51.228+0000] {dag.py:3834} INFO - Setting next_dagrun for example_branch_datetime_operator to 2025-11-09 00:00:00+00:00, run_after=2025-11-10 00:00:00+00:00
[2025-11-10T20:44:51.236+0000] {logging_mixin.py:188} INFO - [2025-11-10T20:44:51.236+0000] {dag.py:3834} INFO - Setting next_dagrun for example_branch_datetime_operator_2 to 2025-11-09 00:00:00+00:00, run_after=2025-11-10 00:00:00+00:00
[2025-11-10T20:44:51.240+0000] {logging_mixin.py:188} INFO - [2025-11-10T20:44:51.239+0000] {dag.py:3834} INFO - Setting next_dagrun for example_branch_datetime_operator_3 to 2025-11-09 00:00:00+00:00, run_after=2025-11-10 00:00:00+00:00
[2025-11-10T20:44:51.259+0000] {processor.py:183} INFO - Processing /home/airflow/.local/lib/python3.8/site-packages/airflow/example_dags/example_branch_datetime_operator.py took 0.111 seconds
[2025-11-10T20:45:21.581+0000] {processor.py:161} INFO - Started process (PID=1081) to work on /home/airflow/.local/lib/python3.8/site-packages/airflow/example_dags/example_branch_datetime_operator.py
[2025-11-10T20:45:21.583+0000] {processor.py:830} INFO - Processing file /home/airflow/.local/lib/python3.8/site-packages/airflow/example_dags/example_branch_datetime_operator.py for tasks to queue
[2025-11-10T20:45:21.585+0000] {logging_mixin.py:188} INFO - [2025-11-10T20:45:21.585+0000] {dagbag.py:540} INFO - Filling up the DagBag from /home/airflow/.local/lib/python3.8/site-packages/airflow/example_dags/example_branch_datetime_operator.py
[2025-11-10T20:45:21.601+0000] {processor.py:840} INFO - DAG(s) 'example_branch_datetime_operator_2', 'example_branch_datetime_operator', 'example_branch_datetime_operator_3' retrieved from /home/airflow/.local/lib/python3.8/site-packages/airflow/example_dags/example_branch_datetime_operator.py
[2025-11-10T20:45:21.631+0000] {logging_mixin.py:188} INFO - [2025-11-10T20:45:21.631+0000] {dag.py:3047} INFO - Sync 3 DAGs
[2025-11-10T20:45:21.654+0000] {logging_mixin.py:188} INFO - [2025-11-10T20:45:21.654+0000] {dag.py:3834} INFO - Setting next_dagrun for example_branch_datetime_operator to 2025-11-09 00:00:00+00:00, run_after=2025-11-10 00:00:00+00:00
[2025-11-10T20:45:21.659+0000] {logging_mixin.py:188} INFO - [2025-11-10T20:45:21.659+0000] {dag.py:3834} INFO - Setting next_dagrun for example_branch_datetime_operator_2 to 2025-11-09 00:00:00+00:00, run_after=2025-11-10 00:00:00+00:00
[2025-11-10T20:45:21.662+0000] {logging_mixin.py:188} INFO - [2025-11-10T20:45:21.662+0000] {dag.py:3834} INFO - Setting next_dagrun for example_branch_datetime_operator_3 to 2025-11-09 00:00:00+00:00, run_after=2025-11-10 00:00:00+00:00
[2025-11-10T20:45:21.679+0000] {processor.py:183} INFO - Processing /home/airflow/.local/lib/python3.8/site-packages/airflow/example_dags/example_branch_datetime_operator.py took 0.101 seconds
[2025-11-10T20:45:51.844+0000] {processor.py:161} INFO - Started process (PID=1136) to work on /home/airflow/.local/lib/python3.8/site-packages/airflow/example_dags/example_branch_datetime_operator.py
[2025-11-10T20:45:51.846+0000] {processor.py:830} INFO - Processing file /home/airflow/.local/lib/python3.8/site-packages/airflow/example_dags/example_branch_datetime_operator.py for tasks to queue
[2025-11-10T20:45:51.848+0000] {logging_mixin.py:188} INFO - [2025-11-10T20:45:51.848+0000] {dagbag.py:540} INFO - Filling up the DagBag from /home/airflow/.local/lib/python3.8/site-packages/airflow/example_dags/example_branch_datetime_operator.py
[2025-11-10T20:45:51.859+0000] {processor.py:840} INFO - DAG(s) 'example_branch_datetime_operator', 'example_branch_datetime_operator_2', 'example_branch_datetime_operator_3' retrieved from /home/airflow/.local/lib/python3.8/site-packages/airflow/example_dags/example_branch_datetime_operator.py
[2025-11-10T20:45:51.888+0000] {logging_mixin.py:188} INFO - [2025-11-10T20:45:51.888+0000] {dag.py:3047} INFO - Sync 3 DAGs
[2025-11-10T20:45:51.911+0000] {logging_mixin.py:188} INFO - [2025-11-10T20:45:51.910+0000] {dag.py:3834} INFO - Setting next_dagrun for example_branch_datetime_operator to 2025-11-09 00:00:00+00:00, run_after=2025-11-10 00:00:00+00:00
[2025-11-10T20:45:51.917+0000] {logging_mixin.py:188} INFO - [2025-11-10T20:45:51.916+0000] {dag.py:3834} INFO - Setting next_dagrun for example_branch_datetime_operator_2 to 2025-11-09 00:00:00+00:00, run_after=2025-11-10 00:00:00+00:00
[2025-11-10T20:45:51.920+0000] {logging_mixin.py:188} INFO - [2025-11-10T20:45:51.920+0000] {dag.py:3834} INFO - Setting next_dagrun for example_branch_datetime_operator_3 to 2025-11-09 00:00:00+00:00, run_after=2025-11-10 00:00:00+00:00
[2025-11-10T20:45:51.940+0000] {processor.py:183} INFO - Processing /home/airflow/.local/lib/python3.8/site-packages/airflow/example_dags/example_branch_datetime_operator.py took 0.099 seconds
[2025-11-10T20:46:22.034+0000] {processor.py:161} INFO - Started process (PID=1191) to work on /home/airflow/.local/lib/python3.8/site-packages/airflow/example_dags/example_branch_datetime_operator.py
[2025-11-10T20:46:22.037+0000] {processor.py:830} INFO - Processing file /home/airflow/.local/lib/python3.8/site-packages/airflow/example_dags/example_branch_datetime_operator.py for tasks to queue
[2025-11-10T20:46:22.040+0000] {logging_mixin.py:188} INFO - [2025-11-10T20:46:22.039+0000] {dagbag.py:540} INFO - Filling up the DagBag from /home/airflow/.local/lib/python3.8/site-packages/airflow/example_dags/example_branch_datetime_operator.py
[2025-11-10T20:46:22.052+0000] {processor.py:840} INFO - DAG(s) 'example_branch_datetime_operator', 'example_branch_datetime_operator_3', 'example_branch_datetime_operator_2' retrieved from /home/airflow/.local/lib/python3.8/site-packages/airflow/example_dags/example_branch_datetime_operator.py
[2025-11-10T20:46:22.081+0000] {logging_mixin.py:188} INFO - [2025-11-10T20:46:22.081+0000] {dag.py:3047} INFO - Sync 3 DAGs
[2025-11-10T20:46:22.105+0000] {logging_mixin.py:188} INFO - [2025-11-10T20:46:22.105+0000] {dag.py:3834} INFO - Setting next_dagrun for example_branch_datetime_operator to 2025-11-09 00:00:00+00:00, run_after=2025-11-10 00:00:00+00:00
[2025-11-10T20:46:22.110+0000] {logging_mixin.py:188} INFO - [2025-11-10T20:46:22.110+0000] {dag.py:3834} INFO - Setting next_dagrun for example_branch_datetime_operator_2 to 2025-11-09 00:00:00+00:00, run_after=2025-11-10 00:00:00+00:00
[2025-11-10T20:46:22.113+0000] {logging_mixin.py:188} INFO - [2025-11-10T20:46:22.113+0000] {dag.py:3834} INFO - Setting next_dagrun for example_branch_datetime_operator_3 to 2025-11-09 00:00:00+00:00, run_after=2025-11-10 00:00:00+00:00
[2025-11-10T20:46:22.130+0000] {processor.py:183} INFO - Processing /home/airflow/.local/lib/python3.8/site-packages/airflow/example_dags/example_branch_datetime_operator.py took 0.101 seconds
[2025-11-10T20:46:52.243+0000] {processor.py:161} INFO - Started process (PID=1246) to work on /home/airflow/.local/lib/python3.8/site-packages/airflow/example_dags/example_branch_datetime_operator.py
[2025-11-10T20:46:52.244+0000] {processor.py:830} INFO - Processing file /home/airflow/.local/lib/python3.8/site-packages/airflow/example_dags/example_branch_datetime_operator.py for tasks to queue
[2025-11-10T20:46:52.246+0000] {logging_mixin.py:188} INFO - [2025-11-10T20:46:52.246+0000] {dagbag.py:540} INFO - Filling up the DagBag from /home/airflow/.local/lib/python3.8/site-packages/airflow/example_dags/example_branch_datetime_operator.py
[2025-11-10T20:46:52.256+0000] {processor.py:840} INFO - DAG(s) 'example_branch_datetime_operator', 'example_branch_datetime_operator_3', 'example_branch_datetime_operator_2' retrieved from /home/airflow/.local/lib/python3.8/site-packages/airflow/example_dags/example_branch_datetime_operator.py
[2025-11-10T20:46:52.282+0000] {logging_mixin.py:188} INFO - [2025-11-10T20:46:52.282+0000] {dag.py:3047} INFO - Sync 3 DAGs
[2025-11-10T20:46:52.303+0000] {logging_mixin.py:188} INFO - [2025-11-10T20:46:52.303+0000] {dag.py:3834} INFO - Setting next_dagrun for example_branch_datetime_operator to 2025-11-09 00:00:00+00:00, run_after=2025-11-10 00:00:00+00:00
[2025-11-10T20:46:52.309+0000] {logging_mixin.py:188} INFO - [2025-11-10T20:46:52.308+0000] {dag.py:3834} INFO - Setting next_dagrun for example_branch_datetime_operator_2 to 2025-11-09 00:00:00+00:00, run_after=2025-11-10 00:00:00+00:00
[2025-11-10T20:46:52.314+0000] {logging_mixin.py:188} INFO - [2025-11-10T20:46:52.314+0000] {dag.py:3834} INFO - Setting next_dagrun for example_branch_datetime_operator_3 to 2025-11-09 00:00:00+00:00, run_after=2025-11-10 00:00:00+00:00
[2025-11-10T20:46:52.331+0000] {processor.py:183} INFO - Processing /home/airflow/.local/lib/python3.8/site-packages/airflow/example_dags/example_branch_datetime_operator.py took 0.091 seconds
[2025-11-10T20:47:22.731+0000] {processor.py:161} INFO - Started process (PID=1301) to work on /home/airflow/.local/lib/python3.8/site-packages/airflow/example_dags/example_branch_datetime_operator.py
[2025-11-10T20:47:22.732+0000] {processor.py:830} INFO - Processing file /home/airflow/.local/lib/python3.8/site-packages/airflow/example_dags/example_branch_datetime_operator.py for tasks to queue
[2025-11-10T20:47:22.735+0000] {logging_mixin.py:188} INFO - [2025-11-10T20:47:22.734+0000] {dagbag.py:540} INFO - Filling up the DagBag from /home/airflow/.local/lib/python3.8/site-packages/airflow/example_dags/example_branch_datetime_operator.py
[2025-11-10T20:47:22.747+0000] {processor.py:840} INFO - DAG(s) 'example_branch_datetime_operator_3', 'example_branch_datetime_operator_2', 'example_branch_datetime_operator' retrieved from /home/airflow/.local/lib/python3.8/site-packages/airflow/example_dags/example_branch_datetime_operator.py
[2025-11-10T20:47:22.773+0000] {logging_mixin.py:188} INFO - [2025-11-10T20:47:22.773+0000] {dag.py:3047} INFO - Sync 3 DAGs
[2025-11-10T20:47:22.795+0000] {logging_mixin.py:188} INFO - [2025-11-10T20:47:22.795+0000] {dag.py:3834} INFO - Setting next_dagrun for example_branch_datetime_operator to 2025-11-09 00:00:00+00:00, run_after=2025-11-10 00:00:00+00:00
[2025-11-10T20:47:22.800+0000] {logging_mixin.py:188} INFO - [2025-11-10T20:47:22.800+0000] {dag.py:3834} INFO - Setting next_dagrun for example_branch_datetime_operator_2 to 2025-11-09 00:00:00+00:00, run_after=2025-11-10 00:00:00+00:00
[2025-11-10T20:47:22.803+0000] {logging_mixin.py:188} INFO - [2025-11-10T20:47:22.803+0000] {dag.py:3834} INFO - Setting next_dagrun for example_branch_datetime_operator_3 to 2025-11-09 00:00:00+00:00, run_after=2025-11-10 00:00:00+00:00
[2025-11-10T20:47:22.820+0000] {processor.py:183} INFO - Processing /home/airflow/.local/lib/python3.8/site-packages/airflow/example_dags/example_branch_datetime_operator.py took 0.093 seconds
[2025-11-10T20:47:53.070+0000] {processor.py:161} INFO - Started process (PID=1356) to work on /home/airflow/.local/lib/python3.8/site-packages/airflow/example_dags/example_branch_datetime_operator.py
[2025-11-10T20:47:53.073+0000] {processor.py:830} INFO - Processing file /home/airflow/.local/lib/python3.8/site-packages/airflow/example_dags/example_branch_datetime_operator.py for tasks to queue
[2025-11-10T20:47:53.080+0000] {logging_mixin.py:188} INFO - [2025-11-10T20:47:53.079+0000] {dagbag.py:540} INFO - Filling up the DagBag from /home/airflow/.local/lib/python3.8/site-packages/airflow/example_dags/example_branch_datetime_operator.py
[2025-11-10T20:47:53.104+0000] {processor.py:840} INFO - DAG(s) 'example_branch_datetime_operator_3', 'example_branch_datetime_operator', 'example_branch_datetime_operator_2' retrieved from /home/airflow/.local/lib/python3.8/site-packages/airflow/example_dags/example_branch_datetime_operator.py
[2025-11-10T20:47:53.179+0000] {logging_mixin.py:188} INFO - [2025-11-10T20:47:53.178+0000] {dag.py:3047} INFO - Sync 3 DAGs
[2025-11-10T20:47:53.226+0000] {logging_mixin.py:188} INFO - [2025-11-10T20:47:53.225+0000] {dag.py:3834} INFO - Setting next_dagrun for example_branch_datetime_operator to 2025-11-09 00:00:00+00:00, run_after=2025-11-10 00:00:00+00:00
[2025-11-10T20:47:53.239+0000] {logging_mixin.py:188} INFO - [2025-11-10T20:47:53.238+0000] {dag.py:3834} INFO - Setting next_dagrun for example_branch_datetime_operator_2 to 2025-11-09 00:00:00+00:00, run_after=2025-11-10 00:00:00+00:00
[2025-11-10T20:47:53.244+0000] {logging_mixin.py:188} INFO - [2025-11-10T20:47:53.243+0000] {dag.py:3834} INFO - Setting next_dagrun for example_branch_datetime_operator_3 to 2025-11-09 00:00:00+00:00, run_after=2025-11-10 00:00:00+00:00
[2025-11-10T20:47:53.268+0000] {processor.py:183} INFO - Processing /home/airflow/.local/lib/python3.8/site-packages/airflow/example_dags/example_branch_datetime_operator.py took 0.206 seconds
[2025-11-10T20:48:23.508+0000] {processor.py:161} INFO - Started process (PID=1411) to work on /home/airflow/.local/lib/python3.8/site-packages/airflow/example_dags/example_branch_datetime_operator.py
[2025-11-10T20:48:23.511+0000] {processor.py:830} INFO - Processing file /home/airflow/.local/lib/python3.8/site-packages/airflow/example_dags/example_branch_datetime_operator.py for tasks to queue
[2025-11-10T20:48:23.514+0000] {logging_mixin.py:188} INFO - [2025-11-10T20:48:23.513+0000] {dagbag.py:540} INFO - Filling up the DagBag from /home/airflow/.local/lib/python3.8/site-packages/airflow/example_dags/example_branch_datetime_operator.py
[2025-11-10T20:48:23.525+0000] {processor.py:840} INFO - DAG(s) 'example_branch_datetime_operator_3', 'example_branch_datetime_operator', 'example_branch_datetime_operator_2' retrieved from /home/airflow/.local/lib/python3.8/site-packages/airflow/example_dags/example_branch_datetime_operator.py
[2025-11-10T20:48:23.554+0000] {logging_mixin.py:188} INFO - [2025-11-10T20:48:23.554+0000] {dag.py:3047} INFO - Sync 3 DAGs
[2025-11-10T20:48:23.578+0000] {logging_mixin.py:188} INFO - [2025-11-10T20:48:23.578+0000] {dag.py:3834} INFO - Setting next_dagrun for example_branch_datetime_operator to 2025-11-09 00:00:00+00:00, run_after=2025-11-10 00:00:00+00:00
[2025-11-10T20:48:23.584+0000] {logging_mixin.py:188} INFO - [2025-11-10T20:48:23.583+0000] {dag.py:3834} INFO - Setting next_dagrun for example_branch_datetime_operator_2 to 2025-11-09 00:00:00+00:00, run_after=2025-11-10 00:00:00+00:00
[2025-11-10T20:48:23.587+0000] {logging_mixin.py:188} INFO - [2025-11-10T20:48:23.586+0000] {dag.py:3834} INFO - Setting next_dagrun for example_branch_datetime_operator_3 to 2025-11-09 00:00:00+00:00, run_after=2025-11-10 00:00:00+00:00
[2025-11-10T20:48:23.604+0000] {processor.py:183} INFO - Processing /home/airflow/.local/lib/python3.8/site-packages/airflow/example_dags/example_branch_datetime_operator.py took 0.101 seconds
[2025-11-10T20:48:53.690+0000] {processor.py:161} INFO - Started process (PID=1466) to work on /home/airflow/.local/lib/python3.8/site-packages/airflow/example_dags/example_branch_datetime_operator.py
[2025-11-10T20:48:53.691+0000] {processor.py:830} INFO - Processing file /home/airflow/.local/lib/python3.8/site-packages/airflow/example_dags/example_branch_datetime_operator.py for tasks to queue
[2025-11-10T20:48:53.693+0000] {logging_mixin.py:188} INFO - [2025-11-10T20:48:53.693+0000] {dagbag.py:540} INFO - Filling up the DagBag from /home/airflow/.local/lib/python3.8/site-packages/airflow/example_dags/example_branch_datetime_operator.py
[2025-11-10T20:48:53.704+0000] {processor.py:840} INFO - DAG(s) 'example_branch_datetime_operator_2', 'example_branch_datetime_operator', 'example_branch_datetime_operator_3' retrieved from /home/airflow/.local/lib/python3.8/site-packages/airflow/example_dags/example_branch_datetime_operator.py
[2025-11-10T20:48:53.733+0000] {logging_mixin.py:188} INFO - [2025-11-10T20:48:53.732+0000] {dag.py:3047} INFO - Sync 3 DAGs
[2025-11-10T20:48:53.760+0000] {logging_mixin.py:188} INFO - [2025-11-10T20:48:53.760+0000] {dag.py:3834} INFO - Setting next_dagrun for example_branch_datetime_operator to 2025-11-09 00:00:00+00:00, run_after=2025-11-10 00:00:00+00:00
[2025-11-10T20:48:53.766+0000] {logging_mixin.py:188} INFO - [2025-11-10T20:48:53.766+0000] {dag.py:3834} INFO - Setting next_dagrun for example_branch_datetime_operator_2 to 2025-11-09 00:00:00+00:00, run_after=2025-11-10 00:00:00+00:00
[2025-11-10T20:48:53.781+0000] {logging_mixin.py:188} INFO - [2025-11-10T20:48:53.780+0000] {dag.py:3834} INFO - Setting next_dagrun for example_branch_datetime_operator_3 to 2025-11-09 00:00:00+00:00, run_after=2025-11-10 00:00:00+00:00
[2025-11-10T20:48:53.807+0000] {processor.py:183} INFO - Processing /home/airflow/.local/lib/python3.8/site-packages/airflow/example_dags/example_branch_datetime_operator.py took 0.120 seconds
[2025-11-10T20:49:24.136+0000] {processor.py:161} INFO - Started process (PID=1522) to work on /home/airflow/.local/lib/python3.8/site-packages/airflow/example_dags/example_branch_datetime_operator.py
[2025-11-10T20:49:24.137+0000] {processor.py:830} INFO - Processing file /home/airflow/.local/lib/python3.8/site-packages/airflow/example_dags/example_branch_datetime_operator.py for tasks to queue
[2025-11-10T20:49:24.139+0000] {logging_mixin.py:188} INFO - [2025-11-10T20:49:24.139+0000] {dagbag.py:540} INFO - Filling up the DagBag from /home/airflow/.local/lib/python3.8/site-packages/airflow/example_dags/example_branch_datetime_operator.py
[2025-11-10T20:49:24.150+0000] {processor.py:840} INFO - DAG(s) 'example_branch_datetime_operator_2', 'example_branch_datetime_operator_3', 'example_branch_datetime_operator' retrieved from /home/airflow/.local/lib/python3.8/site-packages/airflow/example_dags/example_branch_datetime_operator.py
[2025-11-10T20:49:24.176+0000] {logging_mixin.py:188} INFO - [2025-11-10T20:49:24.176+0000] {dag.py:3047} INFO - Sync 3 DAGs
[2025-11-10T20:49:24.197+0000] {logging_mixin.py:188} INFO - [2025-11-10T20:49:24.197+0000] {dag.py:3834} INFO - Setting next_dagrun for example_branch_datetime_operator to 2025-11-09 00:00:00+00:00, run_after=2025-11-10 00:00:00+00:00
[2025-11-10T20:49:24.204+0000] {logging_mixin.py:188} INFO - [2025-11-10T20:49:24.204+0000] {dag.py:3834} INFO - Setting next_dagrun for example_branch_datetime_operator_2 to 2025-11-09 00:00:00+00:00, run_after=2025-11-10 00:00:00+00:00
[2025-11-10T20:49:24.208+0000] {logging_mixin.py:188} INFO - [2025-11-10T20:49:24.208+0000] {dag.py:3834} INFO - Setting next_dagrun for example_branch_datetime_operator_3 to 2025-11-09 00:00:00+00:00, run_after=2025-11-10 00:00:00+00:00
[2025-11-10T20:49:24.225+0000] {processor.py:183} INFO - Processing /home/airflow/.local/lib/python3.8/site-packages/airflow/example_dags/example_branch_datetime_operator.py took 0.092 seconds
[2025-11-10T20:49:55.040+0000] {processor.py:161} INFO - Started process (PID=1578) to work on /home/airflow/.local/lib/python3.8/site-packages/airflow/example_dags/example_branch_datetime_operator.py
[2025-11-10T20:49:55.042+0000] {processor.py:830} INFO - Processing file /home/airflow/.local/lib/python3.8/site-packages/airflow/example_dags/example_branch_datetime_operator.py for tasks to queue
[2025-11-10T20:49:55.043+0000] {logging_mixin.py:188} INFO - [2025-11-10T20:49:55.043+0000] {dagbag.py:540} INFO - Filling up the DagBag from /home/airflow/.local/lib/python3.8/site-packages/airflow/example_dags/example_branch_datetime_operator.py
[2025-11-10T20:49:55.053+0000] {processor.py:840} INFO - DAG(s) 'example_branch_datetime_operator_2', 'example_branch_datetime_operator_3', 'example_branch_datetime_operator' retrieved from /home/airflow/.local/lib/python3.8/site-packages/airflow/example_dags/example_branch_datetime_operator.py
[2025-11-10T20:49:55.080+0000] {logging_mixin.py:188} INFO - [2025-11-10T20:49:55.080+0000] {dag.py:3047} INFO - Sync 3 DAGs
[2025-11-10T20:49:55.107+0000] {logging_mixin.py:188} INFO - [2025-11-10T20:49:55.107+0000] {dag.py:3834} INFO - Setting next_dagrun for example_branch_datetime_operator to 2025-11-09 00:00:00+00:00, run_after=2025-11-10 00:00:00+00:00
[2025-11-10T20:49:55.113+0000] {logging_mixin.py:188} INFO - [2025-11-10T20:49:55.113+0000] {dag.py:3834} INFO - Setting next_dagrun for example_branch_datetime_operator_2 to 2025-11-09 00:00:00+00:00, run_after=2025-11-10 00:00:00+00:00
[2025-11-10T20:49:55.116+0000] {logging_mixin.py:188} INFO - [2025-11-10T20:49:55.116+0000] {dag.py:3834} INFO - Setting next_dagrun for example_branch_datetime_operator_3 to 2025-11-09 00:00:00+00:00, run_after=2025-11-10 00:00:00+00:00
[2025-11-10T20:49:55.135+0000] {processor.py:183} INFO - Processing /home/airflow/.local/lib/python3.8/site-packages/airflow/example_dags/example_branch_datetime_operator.py took 0.098 seconds
[2025-11-10T20:50:25.322+0000] {processor.py:161} INFO - Started process (PID=1633) to work on /home/airflow/.local/lib/python3.8/site-packages/airflow/example_dags/example_branch_datetime_operator.py
[2025-11-10T20:50:25.323+0000] {processor.py:830} INFO - Processing file /home/airflow/.local/lib/python3.8/site-packages/airflow/example_dags/example_branch_datetime_operator.py for tasks to queue
[2025-11-10T20:50:25.325+0000] {logging_mixin.py:188} INFO - [2025-11-10T20:50:25.325+0000] {dagbag.py:540} INFO - Filling up the DagBag from /home/airflow/.local/lib/python3.8/site-packages/airflow/example_dags/example_branch_datetime_operator.py
[2025-11-10T20:50:25.335+0000] {processor.py:840} INFO - DAG(s) 'example_branch_datetime_operator', 'example_branch_datetime_operator_3', 'example_branch_datetime_operator_2' retrieved from /home/airflow/.local/lib/python3.8/site-packages/airflow/example_dags/example_branch_datetime_operator.py
[2025-11-10T20:50:25.360+0000] {logging_mixin.py:188} INFO - [2025-11-10T20:50:25.360+0000] {dag.py:3047} INFO - Sync 3 DAGs
[2025-11-10T20:50:25.386+0000] {logging_mixin.py:188} INFO - [2025-11-10T20:50:25.386+0000] {dag.py:3834} INFO - Setting next_dagrun for example_branch_datetime_operator to 2025-11-09 00:00:00+00:00, run_after=2025-11-10 00:00:00+00:00
[2025-11-10T20:50:25.397+0000] {logging_mixin.py:188} INFO - [2025-11-10T20:50:25.396+0000] {dag.py:3834} INFO - Setting next_dagrun for example_branch_datetime_operator_2 to 2025-11-09 00:00:00+00:00, run_after=2025-11-10 00:00:00+00:00
[2025-11-10T20:50:25.401+0000] {logging_mixin.py:188} INFO - [2025-11-10T20:50:25.400+0000] {dag.py:3834} INFO - Setting next_dagrun for example_branch_datetime_operator_3 to 2025-11-09 00:00:00+00:00, run_after=2025-11-10 00:00:00+00:00
[2025-11-10T20:50:25.430+0000] {processor.py:183} INFO - Processing /home/airflow/.local/lib/python3.8/site-packages/airflow/example_dags/example_branch_datetime_operator.py took 0.111 seconds
[2025-11-10T20:50:56.172+0000] {processor.py:161} INFO - Started process (PID=1688) to work on /home/airflow/.local/lib/python3.8/site-packages/airflow/example_dags/example_branch_datetime_operator.py
[2025-11-10T20:50:56.174+0000] {processor.py:830} INFO - Processing file /home/airflow/.local/lib/python3.8/site-packages/airflow/example_dags/example_branch_datetime_operator.py for tasks to queue
[2025-11-10T20:50:56.176+0000] {logging_mixin.py:188} INFO - [2025-11-10T20:50:56.176+0000] {dagbag.py:540} INFO - Filling up the DagBag from /home/airflow/.local/lib/python3.8/site-packages/airflow/example_dags/example_branch_datetime_operator.py
[2025-11-10T20:50:56.187+0000] {processor.py:840} INFO - DAG(s) 'example_branch_datetime_operator_2', 'example_branch_datetime_operator_3', 'example_branch_datetime_operator' retrieved from /home/airflow/.local/lib/python3.8/site-packages/airflow/example_dags/example_branch_datetime_operator.py
[2025-11-10T20:50:56.213+0000] {logging_mixin.py:188} INFO - [2025-11-10T20:50:56.213+0000] {dag.py:3047} INFO - Sync 3 DAGs
[2025-11-10T20:50:56.239+0000] {logging_mixin.py:188} INFO - [2025-11-10T20:50:56.239+0000] {dag.py:3834} INFO - Setting next_dagrun for example_branch_datetime_operator to 2025-11-09 00:00:00+00:00, run_after=2025-11-10 00:00:00+00:00
[2025-11-10T20:50:56.244+0000] {logging_mixin.py:188} INFO - [2025-11-10T20:50:56.244+0000] {dag.py:3834} INFO - Setting next_dagrun for example_branch_datetime_operator_2 to 2025-11-09 00:00:00+00:00, run_after=2025-11-10 00:00:00+00:00
[2025-11-10T20:50:56.249+0000] {logging_mixin.py:188} INFO - [2025-11-10T20:50:56.248+0000] {dag.py:3834} INFO - Setting next_dagrun for example_branch_datetime_operator_3 to 2025-11-09 00:00:00+00:00, run_after=2025-11-10 00:00:00+00:00
[2025-11-10T20:50:56.266+0000] {processor.py:183} INFO - Processing /home/airflow/.local/lib/python3.8/site-packages/airflow/example_dags/example_branch_datetime_operator.py took 0.097 seconds
[2025-11-10T20:51:26.303+0000] {processor.py:161} INFO - Started process (PID=1743) to work on /home/airflow/.local/lib/python3.8/site-packages/airflow/example_dags/example_branch_datetime_operator.py
[2025-11-10T20:51:26.305+0000] {processor.py:830} INFO - Processing file /home/airflow/.local/lib/python3.8/site-packages/airflow/example_dags/example_branch_datetime_operator.py for tasks to queue
[2025-11-10T20:51:26.316+0000] {logging_mixin.py:188} INFO - [2025-11-10T20:51:26.315+0000] {dagbag.py:540} INFO - Filling up the DagBag from /home/airflow/.local/lib/python3.8/site-packages/airflow/example_dags/example_branch_datetime_operator.py
[2025-11-10T20:51:26.335+0000] {processor.py:840} INFO - DAG(s) 'example_branch_datetime_operator', 'example_branch_datetime_operator_2', 'example_branch_datetime_operator_3' retrieved from /home/airflow/.local/lib/python3.8/site-packages/airflow/example_dags/example_branch_datetime_operator.py
[2025-11-10T20:51:26.388+0000] {logging_mixin.py:188} INFO - [2025-11-10T20:51:26.388+0000] {dag.py:3047} INFO - Sync 3 DAGs
[2025-11-10T20:51:26.416+0000] {logging_mixin.py:188} INFO - [2025-11-10T20:51:26.416+0000] {dag.py:3834} INFO - Setting next_dagrun for example_branch_datetime_operator to 2025-11-09 00:00:00+00:00, run_after=2025-11-10 00:00:00+00:00
[2025-11-10T20:51:26.423+0000] {logging_mixin.py:188} INFO - [2025-11-10T20:51:26.423+0000] {dag.py:3834} INFO - Setting next_dagrun for example_branch_datetime_operator_2 to 2025-11-09 00:00:00+00:00, run_after=2025-11-10 00:00:00+00:00
[2025-11-10T20:51:26.427+0000] {logging_mixin.py:188} INFO - [2025-11-10T20:51:26.427+0000] {dag.py:3834} INFO - Setting next_dagrun for example_branch_datetime_operator_3 to 2025-11-09 00:00:00+00:00, run_after=2025-11-10 00:00:00+00:00
[2025-11-10T20:51:26.447+0000] {processor.py:183} INFO - Processing /home/airflow/.local/lib/python3.8/site-packages/airflow/example_dags/example_branch_datetime_operator.py took 0.147 seconds
[2025-11-10T20:51:56.624+0000] {processor.py:161} INFO - Started process (PID=1797) to work on /home/airflow/.local/lib/python3.8/site-packages/airflow/example_dags/example_branch_datetime_operator.py
[2025-11-10T20:51:56.625+0000] {processor.py:830} INFO - Processing file /home/airflow/.local/lib/python3.8/site-packages/airflow/example_dags/example_branch_datetime_operator.py for tasks to queue
[2025-11-10T20:51:56.633+0000] {logging_mixin.py:188} INFO - [2025-11-10T20:51:56.633+0000] {dagbag.py:540} INFO - Filling up the DagBag from /home/airflow/.local/lib/python3.8/site-packages/airflow/example_dags/example_branch_datetime_operator.py
[2025-11-10T20:51:56.643+0000] {processor.py:840} INFO - DAG(s) 'example_branch_datetime_operator_3', 'example_branch_datetime_operator', 'example_branch_datetime_operator_2' retrieved from /home/airflow/.local/lib/python3.8/site-packages/airflow/example_dags/example_branch_datetime_operator.py
[2025-11-10T20:51:56.669+0000] {logging_mixin.py:188} INFO - [2025-11-10T20:51:56.669+0000] {dag.py:3047} INFO - Sync 3 DAGs
[2025-11-10T20:51:56.693+0000] {logging_mixin.py:188} INFO - [2025-11-10T20:51:56.693+0000] {dag.py:3834} INFO - Setting next_dagrun for example_branch_datetime_operator to 2025-11-09 00:00:00+00:00, run_after=2025-11-10 00:00:00+00:00
[2025-11-10T20:51:56.698+0000] {logging_mixin.py:188} INFO - [2025-11-10T20:51:56.698+0000] {dag.py:3834} INFO - Setting next_dagrun for example_branch_datetime_operator_2 to 2025-11-09 00:00:00+00:00, run_after=2025-11-10 00:00:00+00:00
[2025-11-10T20:51:56.702+0000] {logging_mixin.py:188} INFO - [2025-11-10T20:51:56.701+0000] {dag.py:3834} INFO - Setting next_dagrun for example_branch_datetime_operator_3 to 2025-11-09 00:00:00+00:00, run_after=2025-11-10 00:00:00+00:00
[2025-11-10T20:51:56.719+0000] {processor.py:183} INFO - Processing /home/airflow/.local/lib/python3.8/site-packages/airflow/example_dags/example_branch_datetime_operator.py took 0.098 seconds
[2025-11-10T20:52:26.767+0000] {processor.py:161} INFO - Started process (PID=1852) to work on /home/airflow/.local/lib/python3.8/site-packages/airflow/example_dags/example_branch_datetime_operator.py
[2025-11-10T20:52:26.768+0000] {processor.py:830} INFO - Processing file /home/airflow/.local/lib/python3.8/site-packages/airflow/example_dags/example_branch_datetime_operator.py for tasks to queue
[2025-11-10T20:52:26.770+0000] {logging_mixin.py:188} INFO - [2025-11-10T20:52:26.770+0000] {dagbag.py:540} INFO - Filling up the DagBag from /home/airflow/.local/lib/python3.8/site-packages/airflow/example_dags/example_branch_datetime_operator.py
[2025-11-10T20:52:26.780+0000] {processor.py:840} INFO - DAG(s) 'example_branch_datetime_operator_3', 'example_branch_datetime_operator_2', 'example_branch_datetime_operator' retrieved from /home/airflow/.local/lib/python3.8/site-packages/airflow/example_dags/example_branch_datetime_operator.py
[2025-11-10T20:52:26.804+0000] {logging_mixin.py:188} INFO - [2025-11-10T20:52:26.804+0000] {dag.py:3047} INFO - Sync 3 DAGs
[2025-11-10T20:52:26.825+0000] {logging_mixin.py:188} INFO - [2025-11-10T20:52:26.824+0000] {dag.py:3834} INFO - Setting next_dagrun for example_branch_datetime_operator to 2025-11-09 00:00:00+00:00, run_after=2025-11-10 00:00:00+00:00
[2025-11-10T20:52:26.830+0000] {logging_mixin.py:188} INFO - [2025-11-10T20:52:26.830+0000] {dag.py:3834} INFO - Setting next_dagrun for example_branch_datetime_operator_2 to 2025-11-09 00:00:00+00:00, run_after=2025-11-10 00:00:00+00:00
[2025-11-10T20:52:26.835+0000] {logging_mixin.py:188} INFO - [2025-11-10T20:52:26.835+0000] {dag.py:3834} INFO - Setting next_dagrun for example_branch_datetime_operator_3 to 2025-11-09 00:00:00+00:00, run_after=2025-11-10 00:00:00+00:00
[2025-11-10T20:52:26.851+0000] {processor.py:183} INFO - Processing /home/airflow/.local/lib/python3.8/site-packages/airflow/example_dags/example_branch_datetime_operator.py took 0.087 seconds
[2025-11-10T20:52:57.222+0000] {processor.py:161} INFO - Started process (PID=1907) to work on /home/airflow/.local/lib/python3.8/site-packages/airflow/example_dags/example_branch_datetime_operator.py
[2025-11-10T20:52:57.223+0000] {processor.py:830} INFO - Processing file /home/airflow/.local/lib/python3.8/site-packages/airflow/example_dags/example_branch_datetime_operator.py for tasks to queue
[2025-11-10T20:52:57.225+0000] {logging_mixin.py:188} INFO - [2025-11-10T20:52:57.225+0000] {dagbag.py:540} INFO - Filling up the DagBag from /home/airflow/.local/lib/python3.8/site-packages/airflow/example_dags/example_branch_datetime_operator.py
[2025-11-10T20:52:57.236+0000] {processor.py:840} INFO - DAG(s) 'example_branch_datetime_operator_2', 'example_branch_datetime_operator_3', 'example_branch_datetime_operator' retrieved from /home/airflow/.local/lib/python3.8/site-packages/airflow/example_dags/example_branch_datetime_operator.py
[2025-11-10T20:52:57.261+0000] {logging_mixin.py:188} INFO - [2025-11-10T20:52:57.261+0000] {dag.py:3047} INFO - Sync 3 DAGs
[2025-11-10T20:52:57.286+0000] {logging_mixin.py:188} INFO - [2025-11-10T20:52:57.286+0000] {dag.py:3834} INFO - Setting next_dagrun for example_branch_datetime_operator to 2025-11-09 00:00:00+00:00, run_after=2025-11-10 00:00:00+00:00
[2025-11-10T20:52:57.292+0000] {logging_mixin.py:188} INFO - [2025-11-10T20:52:57.292+0000] {dag.py:3834} INFO - Setting next_dagrun for example_branch_datetime_operator_2 to 2025-11-09 00:00:00+00:00, run_after=2025-11-10 00:00:00+00:00
[2025-11-10T20:52:57.296+0000] {logging_mixin.py:188} INFO - [2025-11-10T20:52:57.295+0000] {dag.py:3834} INFO - Setting next_dagrun for example_branch_datetime_operator_3 to 2025-11-09 00:00:00+00:00, run_after=2025-11-10 00:00:00+00:00
[2025-11-10T20:52:57.318+0000] {processor.py:183} INFO - Processing /home/airflow/.local/lib/python3.8/site-packages/airflow/example_dags/example_branch_datetime_operator.py took 0.099 seconds
[2025-11-10T20:53:27.703+0000] {processor.py:161} INFO - Started process (PID=1962) to work on /home/airflow/.local/lib/python3.8/site-packages/airflow/example_dags/example_branch_datetime_operator.py
[2025-11-10T20:53:27.705+0000] {processor.py:830} INFO - Processing file /home/airflow/.local/lib/python3.8/site-packages/airflow/example_dags/example_branch_datetime_operator.py for tasks to queue
[2025-11-10T20:53:27.707+0000] {logging_mixin.py:188} INFO - [2025-11-10T20:53:27.707+0000] {dagbag.py:540} INFO - Filling up the DagBag from /home/airflow/.local/lib/python3.8/site-packages/airflow/example_dags/example_branch_datetime_operator.py
[2025-11-10T20:53:27.718+0000] {processor.py:840} INFO - DAG(s) 'example_branch_datetime_operator_2', 'example_branch_datetime_operator_3', 'example_branch_datetime_operator' retrieved from /home/airflow/.local/lib/python3.8/site-packages/airflow/example_dags/example_branch_datetime_operator.py
[2025-11-10T20:53:27.748+0000] {logging_mixin.py:188} INFO - [2025-11-10T20:53:27.748+0000] {dag.py:3047} INFO - Sync 3 DAGs
[2025-11-10T20:53:27.771+0000] {logging_mixin.py:188} INFO - [2025-11-10T20:53:27.770+0000] {dag.py:3834} INFO - Setting next_dagrun for example_branch_datetime_operator to 2025-11-09 00:00:00+00:00, run_after=2025-11-10 00:00:00+00:00
[2025-11-10T20:53:27.777+0000] {logging_mixin.py:188} INFO - [2025-11-10T20:53:27.777+0000] {dag.py:3834} INFO - Setting next_dagrun for example_branch_datetime_operator_2 to 2025-11-09 00:00:00+00:00, run_after=2025-11-10 00:00:00+00:00
[2025-11-10T20:53:27.781+0000] {logging_mixin.py:188} INFO - [2025-11-10T20:53:27.780+0000] {dag.py:3834} INFO - Setting next_dagrun for example_branch_datetime_operator_3 to 2025-11-09 00:00:00+00:00, run_after=2025-11-10 00:00:00+00:00
[2025-11-10T20:53:27.803+0000] {processor.py:183} INFO - Processing /home/airflow/.local/lib/python3.8/site-packages/airflow/example_dags/example_branch_datetime_operator.py took 0.103 seconds
