[2025-11-10T20:36:10.469+0000] {processor.py:161} INFO - Started process (PID=85) to work on /home/airflow/.local/lib/python3.8/site-packages/airflow/example_dags/example_branch_python_dop_operator_3.py
[2025-11-10T20:36:10.471+0000] {processor.py:830} INFO - Processing file /home/airflow/.local/lib/python3.8/site-packages/airflow/example_dags/example_branch_python_dop_operator_3.py for tasks to queue
[2025-11-10T20:36:10.474+0000] {logging_mixin.py:188} INFO - [2025-11-10T20:36:10.474+0000] {dagbag.py:540} INFO - Filling up the DagBag from /home/airflow/.local/lib/python3.8/site-packages/airflow/example_dags/example_branch_python_dop_operator_3.py
[2025-11-10T20:36:10.488+0000] {processor.py:840} INFO - DAG(s) 'example_branch_dop_operator_v3' retrieved from /home/airflow/.local/lib/python3.8/site-packages/airflow/example_dags/example_branch_python_dop_operator_3.py
[2025-11-10T20:36:10.625+0000] {logging_mixin.py:188} INFO - [2025-11-10T20:36:10.624+0000] {override.py:1769} INFO - Created Permission View: can read on DAG:example_branch_dop_operator_v3
[2025-11-10T20:36:10.638+0000] {logging_mixin.py:188} INFO - [2025-11-10T20:36:10.637+0000] {override.py:1769} INFO - Created Permission View: can edit on DAG:example_branch_dop_operator_v3
[2025-11-10T20:36:10.648+0000] {logging_mixin.py:188} INFO - [2025-11-10T20:36:10.647+0000] {override.py:1769} INFO - Created Permission View: can delete on DAG:example_branch_dop_operator_v3
[2025-11-10T20:36:10.649+0000] {logging_mixin.py:188} INFO - [2025-11-10T20:36:10.648+0000] {dag.py:3047} INFO - Sync 1 DAGs
[2025-11-10T20:36:10.663+0000] {logging_mixin.py:188} INFO - [2025-11-10T20:36:10.663+0000] {dag.py:3069} INFO - Creating ORM DAG for example_branch_dop_operator_v3
[2025-11-10T20:36:10.680+0000] {logging_mixin.py:188} INFO - [2025-11-10T20:36:10.680+0000] {dag.py:3834} INFO - Setting next_dagrun for example_branch_dop_operator_v3 to 2025-11-10 20:35:00+00:00, run_after=2025-11-10 20:36:00+00:00
[2025-11-10T20:36:10.701+0000] {processor.py:183} INFO - Processing /home/airflow/.local/lib/python3.8/site-packages/airflow/example_dags/example_branch_python_dop_operator_3.py took 0.237 seconds
[2025-11-10T20:36:40.817+0000] {processor.py:161} INFO - Started process (PID=140) to work on /home/airflow/.local/lib/python3.8/site-packages/airflow/example_dags/example_branch_python_dop_operator_3.py
[2025-11-10T20:36:40.820+0000] {processor.py:830} INFO - Processing file /home/airflow/.local/lib/python3.8/site-packages/airflow/example_dags/example_branch_python_dop_operator_3.py for tasks to queue
[2025-11-10T20:36:40.827+0000] {logging_mixin.py:188} INFO - [2025-11-10T20:36:40.825+0000] {dagbag.py:540} INFO - Filling up the DagBag from /home/airflow/.local/lib/python3.8/site-packages/airflow/example_dags/example_branch_python_dop_operator_3.py
[2025-11-10T20:36:40.852+0000] {processor.py:840} INFO - DAG(s) 'example_branch_dop_operator_v3' retrieved from /home/airflow/.local/lib/python3.8/site-packages/airflow/example_dags/example_branch_python_dop_operator_3.py
[2025-11-10T20:36:40.882+0000] {logging_mixin.py:188} INFO - [2025-11-10T20:36:40.882+0000] {dag.py:3047} INFO - Sync 1 DAGs
[2025-11-10T20:36:40.907+0000] {logging_mixin.py:188} INFO - [2025-11-10T20:36:40.907+0000] {dag.py:3834} INFO - Setting next_dagrun for example_branch_dop_operator_v3 to 2025-11-10 20:35:00+00:00, run_after=2025-11-10 20:36:00+00:00
[2025-11-10T20:36:40.939+0000] {processor.py:183} INFO - Processing /home/airflow/.local/lib/python3.8/site-packages/airflow/example_dags/example_branch_python_dop_operator_3.py took 0.128 seconds
[2025-11-10T20:37:11.614+0000] {processor.py:161} INFO - Started process (PID=195) to work on /home/airflow/.local/lib/python3.8/site-packages/airflow/example_dags/example_branch_python_dop_operator_3.py
[2025-11-10T20:37:11.616+0000] {processor.py:830} INFO - Processing file /home/airflow/.local/lib/python3.8/site-packages/airflow/example_dags/example_branch_python_dop_operator_3.py for tasks to queue
[2025-11-10T20:37:11.619+0000] {logging_mixin.py:188} INFO - [2025-11-10T20:37:11.619+0000] {dagbag.py:540} INFO - Filling up the DagBag from /home/airflow/.local/lib/python3.8/site-packages/airflow/example_dags/example_branch_python_dop_operator_3.py
[2025-11-10T20:37:11.629+0000] {processor.py:840} INFO - DAG(s) 'example_branch_dop_operator_v3' retrieved from /home/airflow/.local/lib/python3.8/site-packages/airflow/example_dags/example_branch_python_dop_operator_3.py
[2025-11-10T20:37:11.651+0000] {logging_mixin.py:188} INFO - [2025-11-10T20:37:11.651+0000] {dag.py:3047} INFO - Sync 1 DAGs
[2025-11-10T20:37:11.679+0000] {logging_mixin.py:188} INFO - [2025-11-10T20:37:11.679+0000] {dag.py:3834} INFO - Setting next_dagrun for example_branch_dop_operator_v3 to 2025-11-10 20:36:00+00:00, run_after=2025-11-10 20:37:00+00:00
[2025-11-10T20:37:11.702+0000] {processor.py:183} INFO - Processing /home/airflow/.local/lib/python3.8/site-packages/airflow/example_dags/example_branch_python_dop_operator_3.py took 0.091 seconds
[2025-11-10T20:37:42.003+0000] {processor.py:161} INFO - Started process (PID=250) to work on /home/airflow/.local/lib/python3.8/site-packages/airflow/example_dags/example_branch_python_dop_operator_3.py
[2025-11-10T20:37:42.005+0000] {processor.py:830} INFO - Processing file /home/airflow/.local/lib/python3.8/site-packages/airflow/example_dags/example_branch_python_dop_operator_3.py for tasks to queue
[2025-11-10T20:37:42.007+0000] {logging_mixin.py:188} INFO - [2025-11-10T20:37:42.007+0000] {dagbag.py:540} INFO - Filling up the DagBag from /home/airflow/.local/lib/python3.8/site-packages/airflow/example_dags/example_branch_python_dop_operator_3.py
[2025-11-10T20:37:42.016+0000] {processor.py:840} INFO - DAG(s) 'example_branch_dop_operator_v3' retrieved from /home/airflow/.local/lib/python3.8/site-packages/airflow/example_dags/example_branch_python_dop_operator_3.py
[2025-11-10T20:37:42.034+0000] {logging_mixin.py:188} INFO - [2025-11-10T20:37:42.034+0000] {dag.py:3047} INFO - Sync 1 DAGs
[2025-11-10T20:37:42.058+0000] {logging_mixin.py:188} INFO - [2025-11-10T20:37:42.058+0000] {dag.py:3834} INFO - Setting next_dagrun for example_branch_dop_operator_v3 to 2025-11-10 20:36:00+00:00, run_after=2025-11-10 20:37:00+00:00
[2025-11-10T20:37:42.078+0000] {processor.py:183} INFO - Processing /home/airflow/.local/lib/python3.8/site-packages/airflow/example_dags/example_branch_python_dop_operator_3.py took 0.078 seconds
[2025-11-10T20:38:12.385+0000] {processor.py:161} INFO - Started process (PID=305) to work on /home/airflow/.local/lib/python3.8/site-packages/airflow/example_dags/example_branch_python_dop_operator_3.py
[2025-11-10T20:38:12.389+0000] {processor.py:830} INFO - Processing file /home/airflow/.local/lib/python3.8/site-packages/airflow/example_dags/example_branch_python_dop_operator_3.py for tasks to queue
[2025-11-10T20:38:12.392+0000] {logging_mixin.py:188} INFO - [2025-11-10T20:38:12.391+0000] {dagbag.py:540} INFO - Filling up the DagBag from /home/airflow/.local/lib/python3.8/site-packages/airflow/example_dags/example_branch_python_dop_operator_3.py
[2025-11-10T20:38:12.404+0000] {processor.py:840} INFO - DAG(s) 'example_branch_dop_operator_v3' retrieved from /home/airflow/.local/lib/python3.8/site-packages/airflow/example_dags/example_branch_python_dop_operator_3.py
[2025-11-10T20:38:12.423+0000] {logging_mixin.py:188} INFO - [2025-11-10T20:38:12.423+0000] {dag.py:3047} INFO - Sync 1 DAGs
[2025-11-10T20:38:12.449+0000] {logging_mixin.py:188} INFO - [2025-11-10T20:38:12.448+0000] {dag.py:3834} INFO - Setting next_dagrun for example_branch_dop_operator_v3 to 2025-11-10 20:37:00+00:00, run_after=2025-11-10 20:38:00+00:00
[2025-11-10T20:38:12.467+0000] {processor.py:183} INFO - Processing /home/airflow/.local/lib/python3.8/site-packages/airflow/example_dags/example_branch_python_dop_operator_3.py took 0.086 seconds
[2025-11-10T20:38:42.805+0000] {processor.py:161} INFO - Started process (PID=360) to work on /home/airflow/.local/lib/python3.8/site-packages/airflow/example_dags/example_branch_python_dop_operator_3.py
[2025-11-10T20:38:42.806+0000] {processor.py:830} INFO - Processing file /home/airflow/.local/lib/python3.8/site-packages/airflow/example_dags/example_branch_python_dop_operator_3.py for tasks to queue
[2025-11-10T20:38:42.809+0000] {logging_mixin.py:188} INFO - [2025-11-10T20:38:42.809+0000] {dagbag.py:540} INFO - Filling up the DagBag from /home/airflow/.local/lib/python3.8/site-packages/airflow/example_dags/example_branch_python_dop_operator_3.py
[2025-11-10T20:38:42.824+0000] {processor.py:840} INFO - DAG(s) 'example_branch_dop_operator_v3' retrieved from /home/airflow/.local/lib/python3.8/site-packages/airflow/example_dags/example_branch_python_dop_operator_3.py
[2025-11-10T20:38:42.855+0000] {logging_mixin.py:188} INFO - [2025-11-10T20:38:42.854+0000] {dag.py:3047} INFO - Sync 1 DAGs
[2025-11-10T20:38:42.879+0000] {logging_mixin.py:188} INFO - [2025-11-10T20:38:42.879+0000] {dag.py:3834} INFO - Setting next_dagrun for example_branch_dop_operator_v3 to 2025-11-10 20:37:00+00:00, run_after=2025-11-10 20:38:00+00:00
[2025-11-10T20:38:42.898+0000] {processor.py:183} INFO - Processing /home/airflow/.local/lib/python3.8/site-packages/airflow/example_dags/example_branch_python_dop_operator_3.py took 0.096 seconds
[2025-11-10T20:39:13.020+0000] {processor.py:161} INFO - Started process (PID=415) to work on /home/airflow/.local/lib/python3.8/site-packages/airflow/example_dags/example_branch_python_dop_operator_3.py
[2025-11-10T20:39:13.022+0000] {processor.py:830} INFO - Processing file /home/airflow/.local/lib/python3.8/site-packages/airflow/example_dags/example_branch_python_dop_operator_3.py for tasks to queue
[2025-11-10T20:39:13.025+0000] {logging_mixin.py:188} INFO - [2025-11-10T20:39:13.024+0000] {dagbag.py:540} INFO - Filling up the DagBag from /home/airflow/.local/lib/python3.8/site-packages/airflow/example_dags/example_branch_python_dop_operator_3.py
[2025-11-10T20:39:13.039+0000] {processor.py:840} INFO - DAG(s) 'example_branch_dop_operator_v3' retrieved from /home/airflow/.local/lib/python3.8/site-packages/airflow/example_dags/example_branch_python_dop_operator_3.py
[2025-11-10T20:39:13.065+0000] {logging_mixin.py:188} INFO - [2025-11-10T20:39:13.064+0000] {dag.py:3047} INFO - Sync 1 DAGs
[2025-11-10T20:39:13.093+0000] {logging_mixin.py:188} INFO - [2025-11-10T20:39:13.093+0000] {dag.py:3834} INFO - Setting next_dagrun for example_branch_dop_operator_v3 to 2025-11-10 20:38:00+00:00, run_after=2025-11-10 20:39:00+00:00
[2025-11-10T20:39:13.112+0000] {processor.py:183} INFO - Processing /home/airflow/.local/lib/python3.8/site-packages/airflow/example_dags/example_branch_python_dop_operator_3.py took 0.096 seconds
[2025-11-10T20:39:43.833+0000] {processor.py:161} INFO - Started process (PID=470) to work on /home/airflow/.local/lib/python3.8/site-packages/airflow/example_dags/example_branch_python_dop_operator_3.py
[2025-11-10T20:39:43.835+0000] {processor.py:830} INFO - Processing file /home/airflow/.local/lib/python3.8/site-packages/airflow/example_dags/example_branch_python_dop_operator_3.py for tasks to queue
[2025-11-10T20:39:43.840+0000] {logging_mixin.py:188} INFO - [2025-11-10T20:39:43.838+0000] {dagbag.py:540} INFO - Filling up the DagBag from /home/airflow/.local/lib/python3.8/site-packages/airflow/example_dags/example_branch_python_dop_operator_3.py
[2025-11-10T20:39:43.854+0000] {processor.py:840} INFO - DAG(s) 'example_branch_dop_operator_v3' retrieved from /home/airflow/.local/lib/python3.8/site-packages/airflow/example_dags/example_branch_python_dop_operator_3.py
[2025-11-10T20:39:43.875+0000] {logging_mixin.py:188} INFO - [2025-11-10T20:39:43.875+0000] {dag.py:3047} INFO - Sync 1 DAGs
[2025-11-10T20:39:43.903+0000] {logging_mixin.py:188} INFO - [2025-11-10T20:39:43.902+0000] {dag.py:3834} INFO - Setting next_dagrun for example_branch_dop_operator_v3 to 2025-11-10 20:38:00+00:00, run_after=2025-11-10 20:39:00+00:00
[2025-11-10T20:39:43.924+0000] {processor.py:183} INFO - Processing /home/airflow/.local/lib/python3.8/site-packages/airflow/example_dags/example_branch_python_dop_operator_3.py took 0.096 seconds
[2025-11-10T20:40:14.793+0000] {processor.py:161} INFO - Started process (PID=525) to work on /home/airflow/.local/lib/python3.8/site-packages/airflow/example_dags/example_branch_python_dop_operator_3.py
[2025-11-10T20:40:14.795+0000] {processor.py:830} INFO - Processing file /home/airflow/.local/lib/python3.8/site-packages/airflow/example_dags/example_branch_python_dop_operator_3.py for tasks to queue
[2025-11-10T20:40:14.797+0000] {logging_mixin.py:188} INFO - [2025-11-10T20:40:14.797+0000] {dagbag.py:540} INFO - Filling up the DagBag from /home/airflow/.local/lib/python3.8/site-packages/airflow/example_dags/example_branch_python_dop_operator_3.py
[2025-11-10T20:40:14.805+0000] {processor.py:840} INFO - DAG(s) 'example_branch_dop_operator_v3' retrieved from /home/airflow/.local/lib/python3.8/site-packages/airflow/example_dags/example_branch_python_dop_operator_3.py
[2025-11-10T20:40:14.825+0000] {logging_mixin.py:188} INFO - [2025-11-10T20:40:14.824+0000] {dag.py:3047} INFO - Sync 1 DAGs
[2025-11-10T20:40:14.852+0000] {logging_mixin.py:188} INFO - [2025-11-10T20:40:14.851+0000] {dag.py:3834} INFO - Setting next_dagrun for example_branch_dop_operator_v3 to 2025-11-10 20:39:00+00:00, run_after=2025-11-10 20:40:00+00:00
[2025-11-10T20:40:14.870+0000] {processor.py:183} INFO - Processing /home/airflow/.local/lib/python3.8/site-packages/airflow/example_dags/example_branch_python_dop_operator_3.py took 0.080 seconds
[2025-11-10T20:40:45.147+0000] {processor.py:161} INFO - Started process (PID=580) to work on /home/airflow/.local/lib/python3.8/site-packages/airflow/example_dags/example_branch_python_dop_operator_3.py
[2025-11-10T20:40:45.149+0000] {processor.py:830} INFO - Processing file /home/airflow/.local/lib/python3.8/site-packages/airflow/example_dags/example_branch_python_dop_operator_3.py for tasks to queue
[2025-11-10T20:40:45.153+0000] {logging_mixin.py:188} INFO - [2025-11-10T20:40:45.152+0000] {dagbag.py:540} INFO - Filling up the DagBag from /home/airflow/.local/lib/python3.8/site-packages/airflow/example_dags/example_branch_python_dop_operator_3.py
[2025-11-10T20:40:45.169+0000] {processor.py:840} INFO - DAG(s) 'example_branch_dop_operator_v3' retrieved from /home/airflow/.local/lib/python3.8/site-packages/airflow/example_dags/example_branch_python_dop_operator_3.py
[2025-11-10T20:40:45.200+0000] {logging_mixin.py:188} INFO - [2025-11-10T20:40:45.200+0000] {dag.py:3047} INFO - Sync 1 DAGs
[2025-11-10T20:40:45.231+0000] {logging_mixin.py:188} INFO - [2025-11-10T20:40:45.231+0000] {dag.py:3834} INFO - Setting next_dagrun for example_branch_dop_operator_v3 to 2025-11-10 20:39:00+00:00, run_after=2025-11-10 20:40:00+00:00
[2025-11-10T20:40:45.268+0000] {processor.py:183} INFO - Processing /home/airflow/.local/lib/python3.8/site-packages/airflow/example_dags/example_branch_python_dop_operator_3.py took 0.125 seconds
[2025-11-10T20:41:15.345+0000] {processor.py:161} INFO - Started process (PID=635) to work on /home/airflow/.local/lib/python3.8/site-packages/airflow/example_dags/example_branch_python_dop_operator_3.py
[2025-11-10T20:41:15.347+0000] {processor.py:830} INFO - Processing file /home/airflow/.local/lib/python3.8/site-packages/airflow/example_dags/example_branch_python_dop_operator_3.py for tasks to queue
[2025-11-10T20:41:15.350+0000] {logging_mixin.py:188} INFO - [2025-11-10T20:41:15.349+0000] {dagbag.py:540} INFO - Filling up the DagBag from /home/airflow/.local/lib/python3.8/site-packages/airflow/example_dags/example_branch_python_dop_operator_3.py
[2025-11-10T20:41:15.359+0000] {processor.py:840} INFO - DAG(s) 'example_branch_dop_operator_v3' retrieved from /home/airflow/.local/lib/python3.8/site-packages/airflow/example_dags/example_branch_python_dop_operator_3.py
[2025-11-10T20:41:15.382+0000] {logging_mixin.py:188} INFO - [2025-11-10T20:41:15.382+0000] {dag.py:3047} INFO - Sync 1 DAGs
[2025-11-10T20:41:15.408+0000] {logging_mixin.py:188} INFO - [2025-11-10T20:41:15.407+0000] {dag.py:3834} INFO - Setting next_dagrun for example_branch_dop_operator_v3 to 2025-11-10 20:40:00+00:00, run_after=2025-11-10 20:41:00+00:00
[2025-11-10T20:41:15.428+0000] {processor.py:183} INFO - Processing /home/airflow/.local/lib/python3.8/site-packages/airflow/example_dags/example_branch_python_dop_operator_3.py took 0.086 seconds
[2025-11-10T20:41:45.938+0000] {processor.py:161} INFO - Started process (PID=690) to work on /home/airflow/.local/lib/python3.8/site-packages/airflow/example_dags/example_branch_python_dop_operator_3.py
[2025-11-10T20:41:45.939+0000] {processor.py:830} INFO - Processing file /home/airflow/.local/lib/python3.8/site-packages/airflow/example_dags/example_branch_python_dop_operator_3.py for tasks to queue
[2025-11-10T20:41:45.941+0000] {logging_mixin.py:188} INFO - [2025-11-10T20:41:45.941+0000] {dagbag.py:540} INFO - Filling up the DagBag from /home/airflow/.local/lib/python3.8/site-packages/airflow/example_dags/example_branch_python_dop_operator_3.py
[2025-11-10T20:41:45.952+0000] {processor.py:840} INFO - DAG(s) 'example_branch_dop_operator_v3' retrieved from /home/airflow/.local/lib/python3.8/site-packages/airflow/example_dags/example_branch_python_dop_operator_3.py
[2025-11-10T20:41:45.984+0000] {logging_mixin.py:188} INFO - [2025-11-10T20:41:45.984+0000] {dag.py:3047} INFO - Sync 1 DAGs
[2025-11-10T20:41:46.020+0000] {logging_mixin.py:188} INFO - [2025-11-10T20:41:46.020+0000] {dag.py:3834} INFO - Setting next_dagrun for example_branch_dop_operator_v3 to 2025-11-10 20:40:00+00:00, run_after=2025-11-10 20:41:00+00:00
[2025-11-10T20:41:46.041+0000] {processor.py:183} INFO - Processing /home/airflow/.local/lib/python3.8/site-packages/airflow/example_dags/example_branch_python_dop_operator_3.py took 0.106 seconds
[2025-11-10T20:42:16.763+0000] {processor.py:161} INFO - Started process (PID=745) to work on /home/airflow/.local/lib/python3.8/site-packages/airflow/example_dags/example_branch_python_dop_operator_3.py
[2025-11-10T20:42:16.765+0000] {processor.py:830} INFO - Processing file /home/airflow/.local/lib/python3.8/site-packages/airflow/example_dags/example_branch_python_dop_operator_3.py for tasks to queue
[2025-11-10T20:42:16.768+0000] {logging_mixin.py:188} INFO - [2025-11-10T20:42:16.768+0000] {dagbag.py:540} INFO - Filling up the DagBag from /home/airflow/.local/lib/python3.8/site-packages/airflow/example_dags/example_branch_python_dop_operator_3.py
[2025-11-10T20:42:16.777+0000] {processor.py:840} INFO - DAG(s) 'example_branch_dop_operator_v3' retrieved from /home/airflow/.local/lib/python3.8/site-packages/airflow/example_dags/example_branch_python_dop_operator_3.py
[2025-11-10T20:42:16.796+0000] {logging_mixin.py:188} INFO - [2025-11-10T20:42:16.796+0000] {dag.py:3047} INFO - Sync 1 DAGs
[2025-11-10T20:42:16.820+0000] {logging_mixin.py:188} INFO - [2025-11-10T20:42:16.820+0000] {dag.py:3834} INFO - Setting next_dagrun for example_branch_dop_operator_v3 to 2025-11-10 20:41:00+00:00, run_after=2025-11-10 20:42:00+00:00
[2025-11-10T20:42:16.840+0000] {processor.py:183} INFO - Processing /home/airflow/.local/lib/python3.8/site-packages/airflow/example_dags/example_branch_python_dop_operator_3.py took 0.080 seconds
[2025-11-10T20:42:47.402+0000] {processor.py:161} INFO - Started process (PID=800) to work on /home/airflow/.local/lib/python3.8/site-packages/airflow/example_dags/example_branch_python_dop_operator_3.py
[2025-11-10T20:42:47.404+0000] {processor.py:830} INFO - Processing file /home/airflow/.local/lib/python3.8/site-packages/airflow/example_dags/example_branch_python_dop_operator_3.py for tasks to queue
[2025-11-10T20:42:47.409+0000] {logging_mixin.py:188} INFO - [2025-11-10T20:42:47.408+0000] {dagbag.py:540} INFO - Filling up the DagBag from /home/airflow/.local/lib/python3.8/site-packages/airflow/example_dags/example_branch_python_dop_operator_3.py
[2025-11-10T20:42:47.426+0000] {processor.py:840} INFO - DAG(s) 'example_branch_dop_operator_v3' retrieved from /home/airflow/.local/lib/python3.8/site-packages/airflow/example_dags/example_branch_python_dop_operator_3.py
[2025-11-10T20:42:47.447+0000] {logging_mixin.py:188} INFO - [2025-11-10T20:42:47.447+0000] {dag.py:3047} INFO - Sync 1 DAGs
[2025-11-10T20:42:47.470+0000] {logging_mixin.py:188} INFO - [2025-11-10T20:42:47.470+0000] {dag.py:3834} INFO - Setting next_dagrun for example_branch_dop_operator_v3 to 2025-11-10 20:41:00+00:00, run_after=2025-11-10 20:42:00+00:00
[2025-11-10T20:42:47.489+0000] {processor.py:183} INFO - Processing /home/airflow/.local/lib/python3.8/site-packages/airflow/example_dags/example_branch_python_dop_operator_3.py took 0.093 seconds
[2025-11-10T20:43:17.620+0000] {processor.py:161} INFO - Started process (PID=855) to work on /home/airflow/.local/lib/python3.8/site-packages/airflow/example_dags/example_branch_python_dop_operator_3.py
[2025-11-10T20:43:17.623+0000] {processor.py:830} INFO - Processing file /home/airflow/.local/lib/python3.8/site-packages/airflow/example_dags/example_branch_python_dop_operator_3.py for tasks to queue
[2025-11-10T20:43:17.626+0000] {logging_mixin.py:188} INFO - [2025-11-10T20:43:17.626+0000] {dagbag.py:540} INFO - Filling up the DagBag from /home/airflow/.local/lib/python3.8/site-packages/airflow/example_dags/example_branch_python_dop_operator_3.py
[2025-11-10T20:43:17.642+0000] {processor.py:840} INFO - DAG(s) 'example_branch_dop_operator_v3' retrieved from /home/airflow/.local/lib/python3.8/site-packages/airflow/example_dags/example_branch_python_dop_operator_3.py
[2025-11-10T20:43:17.680+0000] {logging_mixin.py:188} INFO - [2025-11-10T20:43:17.680+0000] {dag.py:3047} INFO - Sync 1 DAGs
[2025-11-10T20:43:17.706+0000] {logging_mixin.py:188} INFO - [2025-11-10T20:43:17.706+0000] {dag.py:3834} INFO - Setting next_dagrun for example_branch_dop_operator_v3 to 2025-11-10 20:42:00+00:00, run_after=2025-11-10 20:43:00+00:00
[2025-11-10T20:43:17.724+0000] {processor.py:183} INFO - Processing /home/airflow/.local/lib/python3.8/site-packages/airflow/example_dags/example_branch_python_dop_operator_3.py took 0.111 seconds
[2025-11-10T20:43:47.989+0000] {processor.py:161} INFO - Started process (PID=909) to work on /home/airflow/.local/lib/python3.8/site-packages/airflow/example_dags/example_branch_python_dop_operator_3.py
[2025-11-10T20:43:47.991+0000] {processor.py:830} INFO - Processing file /home/airflow/.local/lib/python3.8/site-packages/airflow/example_dags/example_branch_python_dop_operator_3.py for tasks to queue
[2025-11-10T20:43:47.993+0000] {logging_mixin.py:188} INFO - [2025-11-10T20:43:47.993+0000] {dagbag.py:540} INFO - Filling up the DagBag from /home/airflow/.local/lib/python3.8/site-packages/airflow/example_dags/example_branch_python_dop_operator_3.py
[2025-11-10T20:43:48.003+0000] {processor.py:840} INFO - DAG(s) 'example_branch_dop_operator_v3' retrieved from /home/airflow/.local/lib/python3.8/site-packages/airflow/example_dags/example_branch_python_dop_operator_3.py
[2025-11-10T20:43:48.024+0000] {logging_mixin.py:188} INFO - [2025-11-10T20:43:48.024+0000] {dag.py:3047} INFO - Sync 1 DAGs
[2025-11-10T20:43:48.050+0000] {logging_mixin.py:188} INFO - [2025-11-10T20:43:48.050+0000] {dag.py:3834} INFO - Setting next_dagrun for example_branch_dop_operator_v3 to 2025-11-10 20:42:00+00:00, run_after=2025-11-10 20:43:00+00:00
[2025-11-10T20:43:48.071+0000] {processor.py:183} INFO - Processing /home/airflow/.local/lib/python3.8/site-packages/airflow/example_dags/example_branch_python_dop_operator_3.py took 0.084 seconds
[2025-11-10T20:44:18.252+0000] {processor.py:161} INFO - Started process (PID=964) to work on /home/airflow/.local/lib/python3.8/site-packages/airflow/example_dags/example_branch_python_dop_operator_3.py
[2025-11-10T20:44:18.254+0000] {processor.py:830} INFO - Processing file /home/airflow/.local/lib/python3.8/site-packages/airflow/example_dags/example_branch_python_dop_operator_3.py for tasks to queue
[2025-11-10T20:44:18.256+0000] {logging_mixin.py:188} INFO - [2025-11-10T20:44:18.255+0000] {dagbag.py:540} INFO - Filling up the DagBag from /home/airflow/.local/lib/python3.8/site-packages/airflow/example_dags/example_branch_python_dop_operator_3.py
[2025-11-10T20:44:18.265+0000] {processor.py:840} INFO - DAG(s) 'example_branch_dop_operator_v3' retrieved from /home/airflow/.local/lib/python3.8/site-packages/airflow/example_dags/example_branch_python_dop_operator_3.py
[2025-11-10T20:44:18.284+0000] {logging_mixin.py:188} INFO - [2025-11-10T20:44:18.284+0000] {dag.py:3047} INFO - Sync 1 DAGs
[2025-11-10T20:44:18.312+0000] {logging_mixin.py:188} INFO - [2025-11-10T20:44:18.311+0000] {dag.py:3834} INFO - Setting next_dagrun for example_branch_dop_operator_v3 to 2025-11-10 20:43:00+00:00, run_after=2025-11-10 20:44:00+00:00
[2025-11-10T20:44:18.333+0000] {processor.py:183} INFO - Processing /home/airflow/.local/lib/python3.8/site-packages/airflow/example_dags/example_branch_python_dop_operator_3.py took 0.084 seconds
[2025-11-10T20:44:48.700+0000] {processor.py:161} INFO - Started process (PID=1019) to work on /home/airflow/.local/lib/python3.8/site-packages/airflow/example_dags/example_branch_python_dop_operator_3.py
[2025-11-10T20:44:48.702+0000] {processor.py:830} INFO - Processing file /home/airflow/.local/lib/python3.8/site-packages/airflow/example_dags/example_branch_python_dop_operator_3.py for tasks to queue
[2025-11-10T20:44:48.704+0000] {logging_mixin.py:188} INFO - [2025-11-10T20:44:48.704+0000] {dagbag.py:540} INFO - Filling up the DagBag from /home/airflow/.local/lib/python3.8/site-packages/airflow/example_dags/example_branch_python_dop_operator_3.py
[2025-11-10T20:44:48.713+0000] {processor.py:840} INFO - DAG(s) 'example_branch_dop_operator_v3' retrieved from /home/airflow/.local/lib/python3.8/site-packages/airflow/example_dags/example_branch_python_dop_operator_3.py
[2025-11-10T20:44:48.734+0000] {logging_mixin.py:188} INFO - [2025-11-10T20:44:48.734+0000] {dag.py:3047} INFO - Sync 1 DAGs
[2025-11-10T20:44:48.760+0000] {logging_mixin.py:188} INFO - [2025-11-10T20:44:48.760+0000] {dag.py:3834} INFO - Setting next_dagrun for example_branch_dop_operator_v3 to 2025-11-10 20:43:00+00:00, run_after=2025-11-10 20:44:00+00:00
[2025-11-10T20:44:48.786+0000] {processor.py:183} INFO - Processing /home/airflow/.local/lib/python3.8/site-packages/airflow/example_dags/example_branch_python_dop_operator_3.py took 0.089 seconds
[2025-11-10T20:45:19.062+0000] {processor.py:161} INFO - Started process (PID=1074) to work on /home/airflow/.local/lib/python3.8/site-packages/airflow/example_dags/example_branch_python_dop_operator_3.py
[2025-11-10T20:45:19.063+0000] {processor.py:830} INFO - Processing file /home/airflow/.local/lib/python3.8/site-packages/airflow/example_dags/example_branch_python_dop_operator_3.py for tasks to queue
[2025-11-10T20:45:19.065+0000] {logging_mixin.py:188} INFO - [2025-11-10T20:45:19.065+0000] {dagbag.py:540} INFO - Filling up the DagBag from /home/airflow/.local/lib/python3.8/site-packages/airflow/example_dags/example_branch_python_dop_operator_3.py
[2025-11-10T20:45:19.075+0000] {processor.py:840} INFO - DAG(s) 'example_branch_dop_operator_v3' retrieved from /home/airflow/.local/lib/python3.8/site-packages/airflow/example_dags/example_branch_python_dop_operator_3.py
[2025-11-10T20:45:19.098+0000] {logging_mixin.py:188} INFO - [2025-11-10T20:45:19.098+0000] {dag.py:3047} INFO - Sync 1 DAGs
[2025-11-10T20:45:19.133+0000] {logging_mixin.py:188} INFO - [2025-11-10T20:45:19.132+0000] {dag.py:3834} INFO - Setting next_dagrun for example_branch_dop_operator_v3 to 2025-11-10 20:44:00+00:00, run_after=2025-11-10 20:45:00+00:00
[2025-11-10T20:45:19.161+0000] {processor.py:183} INFO - Processing /home/airflow/.local/lib/python3.8/site-packages/airflow/example_dags/example_branch_python_dop_operator_3.py took 0.102 seconds
[2025-11-10T20:45:49.265+0000] {processor.py:161} INFO - Started process (PID=1129) to work on /home/airflow/.local/lib/python3.8/site-packages/airflow/example_dags/example_branch_python_dop_operator_3.py
[2025-11-10T20:45:49.267+0000] {processor.py:830} INFO - Processing file /home/airflow/.local/lib/python3.8/site-packages/airflow/example_dags/example_branch_python_dop_operator_3.py for tasks to queue
[2025-11-10T20:45:49.269+0000] {logging_mixin.py:188} INFO - [2025-11-10T20:45:49.269+0000] {dagbag.py:540} INFO - Filling up the DagBag from /home/airflow/.local/lib/python3.8/site-packages/airflow/example_dags/example_branch_python_dop_operator_3.py
[2025-11-10T20:45:49.279+0000] {processor.py:840} INFO - DAG(s) 'example_branch_dop_operator_v3' retrieved from /home/airflow/.local/lib/python3.8/site-packages/airflow/example_dags/example_branch_python_dop_operator_3.py
[2025-11-10T20:45:49.304+0000] {logging_mixin.py:188} INFO - [2025-11-10T20:45:49.303+0000] {dag.py:3047} INFO - Sync 1 DAGs
[2025-11-10T20:45:49.328+0000] {logging_mixin.py:188} INFO - [2025-11-10T20:45:49.328+0000] {dag.py:3834} INFO - Setting next_dagrun for example_branch_dop_operator_v3 to 2025-11-10 20:44:00+00:00, run_after=2025-11-10 20:45:00+00:00
[2025-11-10T20:45:49.346+0000] {processor.py:183} INFO - Processing /home/airflow/.local/lib/python3.8/site-packages/airflow/example_dags/example_branch_python_dop_operator_3.py took 0.084 seconds
[2025-11-10T20:46:19.513+0000] {processor.py:161} INFO - Started process (PID=1184) to work on /home/airflow/.local/lib/python3.8/site-packages/airflow/example_dags/example_branch_python_dop_operator_3.py
[2025-11-10T20:46:19.515+0000] {processor.py:830} INFO - Processing file /home/airflow/.local/lib/python3.8/site-packages/airflow/example_dags/example_branch_python_dop_operator_3.py for tasks to queue
[2025-11-10T20:46:19.517+0000] {logging_mixin.py:188} INFO - [2025-11-10T20:46:19.517+0000] {dagbag.py:540} INFO - Filling up the DagBag from /home/airflow/.local/lib/python3.8/site-packages/airflow/example_dags/example_branch_python_dop_operator_3.py
[2025-11-10T20:46:19.527+0000] {processor.py:840} INFO - DAG(s) 'example_branch_dop_operator_v3' retrieved from /home/airflow/.local/lib/python3.8/site-packages/airflow/example_dags/example_branch_python_dop_operator_3.py
[2025-11-10T20:46:19.546+0000] {logging_mixin.py:188} INFO - [2025-11-10T20:46:19.545+0000] {dag.py:3047} INFO - Sync 1 DAGs
[2025-11-10T20:46:19.571+0000] {logging_mixin.py:188} INFO - [2025-11-10T20:46:19.571+0000] {dag.py:3834} INFO - Setting next_dagrun for example_branch_dop_operator_v3 to 2025-11-10 20:45:00+00:00, run_after=2025-11-10 20:46:00+00:00
[2025-11-10T20:46:19.597+0000] {processor.py:183} INFO - Processing /home/airflow/.local/lib/python3.8/site-packages/airflow/example_dags/example_branch_python_dop_operator_3.py took 0.087 seconds
[2025-11-10T20:46:49.813+0000] {processor.py:161} INFO - Started process (PID=1240) to work on /home/airflow/.local/lib/python3.8/site-packages/airflow/example_dags/example_branch_python_dop_operator_3.py
[2025-11-10T20:46:49.815+0000] {processor.py:830} INFO - Processing file /home/airflow/.local/lib/python3.8/site-packages/airflow/example_dags/example_branch_python_dop_operator_3.py for tasks to queue
[2025-11-10T20:46:49.817+0000] {logging_mixin.py:188} INFO - [2025-11-10T20:46:49.816+0000] {dagbag.py:540} INFO - Filling up the DagBag from /home/airflow/.local/lib/python3.8/site-packages/airflow/example_dags/example_branch_python_dop_operator_3.py
[2025-11-10T20:46:49.825+0000] {processor.py:840} INFO - DAG(s) 'example_branch_dop_operator_v3' retrieved from /home/airflow/.local/lib/python3.8/site-packages/airflow/example_dags/example_branch_python_dop_operator_3.py
[2025-11-10T20:46:49.846+0000] {logging_mixin.py:188} INFO - [2025-11-10T20:46:49.846+0000] {dag.py:3047} INFO - Sync 1 DAGs
[2025-11-10T20:46:49.869+0000] {logging_mixin.py:188} INFO - [2025-11-10T20:46:49.869+0000] {dag.py:3834} INFO - Setting next_dagrun for example_branch_dop_operator_v3 to 2025-11-10 20:45:00+00:00, run_after=2025-11-10 20:46:00+00:00
[2025-11-10T20:46:49.890+0000] {processor.py:183} INFO - Processing /home/airflow/.local/lib/python3.8/site-packages/airflow/example_dags/example_branch_python_dop_operator_3.py took 0.079 seconds
[2025-11-10T20:47:20.439+0000] {processor.py:161} INFO - Started process (PID=1295) to work on /home/airflow/.local/lib/python3.8/site-packages/airflow/example_dags/example_branch_python_dop_operator_3.py
[2025-11-10T20:47:20.440+0000] {processor.py:830} INFO - Processing file /home/airflow/.local/lib/python3.8/site-packages/airflow/example_dags/example_branch_python_dop_operator_3.py for tasks to queue
[2025-11-10T20:47:20.442+0000] {logging_mixin.py:188} INFO - [2025-11-10T20:47:20.442+0000] {dagbag.py:540} INFO - Filling up the DagBag from /home/airflow/.local/lib/python3.8/site-packages/airflow/example_dags/example_branch_python_dop_operator_3.py
[2025-11-10T20:47:20.451+0000] {processor.py:840} INFO - DAG(s) 'example_branch_dop_operator_v3' retrieved from /home/airflow/.local/lib/python3.8/site-packages/airflow/example_dags/example_branch_python_dop_operator_3.py
[2025-11-10T20:47:20.471+0000] {logging_mixin.py:188} INFO - [2025-11-10T20:47:20.470+0000] {dag.py:3047} INFO - Sync 1 DAGs
[2025-11-10T20:47:20.495+0000] {logging_mixin.py:188} INFO - [2025-11-10T20:47:20.495+0000] {dag.py:3834} INFO - Setting next_dagrun for example_branch_dop_operator_v3 to 2025-11-10 20:46:00+00:00, run_after=2025-11-10 20:47:00+00:00
[2025-11-10T20:47:20.515+0000] {processor.py:183} INFO - Processing /home/airflow/.local/lib/python3.8/site-packages/airflow/example_dags/example_branch_python_dop_operator_3.py took 0.080 seconds
[2025-11-10T20:47:50.629+0000] {processor.py:161} INFO - Started process (PID=1350) to work on /home/airflow/.local/lib/python3.8/site-packages/airflow/example_dags/example_branch_python_dop_operator_3.py
[2025-11-10T20:47:50.631+0000] {processor.py:830} INFO - Processing file /home/airflow/.local/lib/python3.8/site-packages/airflow/example_dags/example_branch_python_dop_operator_3.py for tasks to queue
[2025-11-10T20:47:50.633+0000] {logging_mixin.py:188} INFO - [2025-11-10T20:47:50.633+0000] {dagbag.py:540} INFO - Filling up the DagBag from /home/airflow/.local/lib/python3.8/site-packages/airflow/example_dags/example_branch_python_dop_operator_3.py
[2025-11-10T20:47:50.642+0000] {processor.py:840} INFO - DAG(s) 'example_branch_dop_operator_v3' retrieved from /home/airflow/.local/lib/python3.8/site-packages/airflow/example_dags/example_branch_python_dop_operator_3.py
[2025-11-10T20:47:50.660+0000] {logging_mixin.py:188} INFO - [2025-11-10T20:47:50.660+0000] {dag.py:3047} INFO - Sync 1 DAGs
[2025-11-10T20:47:50.687+0000] {logging_mixin.py:188} INFO - [2025-11-10T20:47:50.687+0000] {dag.py:3834} INFO - Setting next_dagrun for example_branch_dop_operator_v3 to 2025-11-10 20:46:00+00:00, run_after=2025-11-10 20:47:00+00:00
[2025-11-10T20:47:50.711+0000] {processor.py:183} INFO - Processing /home/airflow/.local/lib/python3.8/site-packages/airflow/example_dags/example_branch_python_dop_operator_3.py took 0.086 seconds
[2025-11-10T20:48:21.161+0000] {processor.py:161} INFO - Started process (PID=1405) to work on /home/airflow/.local/lib/python3.8/site-packages/airflow/example_dags/example_branch_python_dop_operator_3.py
[2025-11-10T20:48:21.167+0000] {processor.py:830} INFO - Processing file /home/airflow/.local/lib/python3.8/site-packages/airflow/example_dags/example_branch_python_dop_operator_3.py for tasks to queue
[2025-11-10T20:48:21.174+0000] {logging_mixin.py:188} INFO - [2025-11-10T20:48:21.173+0000] {dagbag.py:540} INFO - Filling up the DagBag from /home/airflow/.local/lib/python3.8/site-packages/airflow/example_dags/example_branch_python_dop_operator_3.py
[2025-11-10T20:48:21.198+0000] {processor.py:840} INFO - DAG(s) 'example_branch_dop_operator_v3' retrieved from /home/airflow/.local/lib/python3.8/site-packages/airflow/example_dags/example_branch_python_dop_operator_3.py
[2025-11-10T20:48:21.233+0000] {logging_mixin.py:188} INFO - [2025-11-10T20:48:21.233+0000] {dag.py:3047} INFO - Sync 1 DAGs
[2025-11-10T20:48:21.267+0000] {logging_mixin.py:188} INFO - [2025-11-10T20:48:21.266+0000] {dag.py:3834} INFO - Setting next_dagrun for example_branch_dop_operator_v3 to 2025-11-10 20:47:00+00:00, run_after=2025-11-10 20:48:00+00:00
[2025-11-10T20:48:21.302+0000] {processor.py:183} INFO - Processing /home/airflow/.local/lib/python3.8/site-packages/airflow/example_dags/example_branch_python_dop_operator_3.py took 0.146 seconds
[2025-11-10T20:48:51.430+0000] {processor.py:161} INFO - Started process (PID=1460) to work on /home/airflow/.local/lib/python3.8/site-packages/airflow/example_dags/example_branch_python_dop_operator_3.py
[2025-11-10T20:48:51.432+0000] {processor.py:830} INFO - Processing file /home/airflow/.local/lib/python3.8/site-packages/airflow/example_dags/example_branch_python_dop_operator_3.py for tasks to queue
[2025-11-10T20:48:51.435+0000] {logging_mixin.py:188} INFO - [2025-11-10T20:48:51.435+0000] {dagbag.py:540} INFO - Filling up the DagBag from /home/airflow/.local/lib/python3.8/site-packages/airflow/example_dags/example_branch_python_dop_operator_3.py
[2025-11-10T20:48:51.446+0000] {processor.py:840} INFO - DAG(s) 'example_branch_dop_operator_v3' retrieved from /home/airflow/.local/lib/python3.8/site-packages/airflow/example_dags/example_branch_python_dop_operator_3.py
[2025-11-10T20:48:51.465+0000] {logging_mixin.py:188} INFO - [2025-11-10T20:48:51.464+0000] {dag.py:3047} INFO - Sync 1 DAGs
[2025-11-10T20:48:51.489+0000] {logging_mixin.py:188} INFO - [2025-11-10T20:48:51.488+0000] {dag.py:3834} INFO - Setting next_dagrun for example_branch_dop_operator_v3 to 2025-11-10 20:47:00+00:00, run_after=2025-11-10 20:48:00+00:00
[2025-11-10T20:48:51.507+0000] {processor.py:183} INFO - Processing /home/airflow/.local/lib/python3.8/site-packages/airflow/example_dags/example_branch_python_dop_operator_3.py took 0.079 seconds
[2025-11-10T20:49:21.847+0000] {processor.py:161} INFO - Started process (PID=1516) to work on /home/airflow/.local/lib/python3.8/site-packages/airflow/example_dags/example_branch_python_dop_operator_3.py
[2025-11-10T20:49:21.848+0000] {processor.py:830} INFO - Processing file /home/airflow/.local/lib/python3.8/site-packages/airflow/example_dags/example_branch_python_dop_operator_3.py for tasks to queue
[2025-11-10T20:49:21.851+0000] {logging_mixin.py:188} INFO - [2025-11-10T20:49:21.850+0000] {dagbag.py:540} INFO - Filling up the DagBag from /home/airflow/.local/lib/python3.8/site-packages/airflow/example_dags/example_branch_python_dop_operator_3.py
[2025-11-10T20:49:21.859+0000] {processor.py:840} INFO - DAG(s) 'example_branch_dop_operator_v3' retrieved from /home/airflow/.local/lib/python3.8/site-packages/airflow/example_dags/example_branch_python_dop_operator_3.py
[2025-11-10T20:49:21.878+0000] {logging_mixin.py:188} INFO - [2025-11-10T20:49:21.878+0000] {dag.py:3047} INFO - Sync 1 DAGs
[2025-11-10T20:49:21.904+0000] {logging_mixin.py:188} INFO - [2025-11-10T20:49:21.904+0000] {dag.py:3834} INFO - Setting next_dagrun for example_branch_dop_operator_v3 to 2025-11-10 20:48:00+00:00, run_after=2025-11-10 20:49:00+00:00
[2025-11-10T20:49:21.924+0000] {processor.py:183} INFO - Processing /home/airflow/.local/lib/python3.8/site-packages/airflow/example_dags/example_branch_python_dop_operator_3.py took 0.081 seconds
[2025-11-10T20:49:52.584+0000] {processor.py:161} INFO - Started process (PID=1571) to work on /home/airflow/.local/lib/python3.8/site-packages/airflow/example_dags/example_branch_python_dop_operator_3.py
[2025-11-10T20:49:52.586+0000] {processor.py:830} INFO - Processing file /home/airflow/.local/lib/python3.8/site-packages/airflow/example_dags/example_branch_python_dop_operator_3.py for tasks to queue
[2025-11-10T20:49:52.588+0000] {logging_mixin.py:188} INFO - [2025-11-10T20:49:52.588+0000] {dagbag.py:540} INFO - Filling up the DagBag from /home/airflow/.local/lib/python3.8/site-packages/airflow/example_dags/example_branch_python_dop_operator_3.py
[2025-11-10T20:49:52.599+0000] {processor.py:840} INFO - DAG(s) 'example_branch_dop_operator_v3' retrieved from /home/airflow/.local/lib/python3.8/site-packages/airflow/example_dags/example_branch_python_dop_operator_3.py
[2025-11-10T20:49:52.622+0000] {logging_mixin.py:188} INFO - [2025-11-10T20:49:52.622+0000] {dag.py:3047} INFO - Sync 1 DAGs
[2025-11-10T20:49:52.646+0000] {logging_mixin.py:188} INFO - [2025-11-10T20:49:52.645+0000] {dag.py:3834} INFO - Setting next_dagrun for example_branch_dop_operator_v3 to 2025-11-10 20:48:00+00:00, run_after=2025-11-10 20:49:00+00:00
[2025-11-10T20:49:52.664+0000] {processor.py:183} INFO - Processing /home/airflow/.local/lib/python3.8/site-packages/airflow/example_dags/example_branch_python_dop_operator_3.py took 0.084 seconds
[2025-11-10T20:50:22.828+0000] {processor.py:161} INFO - Started process (PID=1626) to work on /home/airflow/.local/lib/python3.8/site-packages/airflow/example_dags/example_branch_python_dop_operator_3.py
[2025-11-10T20:50:22.830+0000] {processor.py:830} INFO - Processing file /home/airflow/.local/lib/python3.8/site-packages/airflow/example_dags/example_branch_python_dop_operator_3.py for tasks to queue
[2025-11-10T20:50:22.833+0000] {logging_mixin.py:188} INFO - [2025-11-10T20:50:22.832+0000] {dagbag.py:540} INFO - Filling up the DagBag from /home/airflow/.local/lib/python3.8/site-packages/airflow/example_dags/example_branch_python_dop_operator_3.py
[2025-11-10T20:50:22.844+0000] {processor.py:840} INFO - DAG(s) 'example_branch_dop_operator_v3' retrieved from /home/airflow/.local/lib/python3.8/site-packages/airflow/example_dags/example_branch_python_dop_operator_3.py
[2025-11-10T20:50:22.866+0000] {logging_mixin.py:188} INFO - [2025-11-10T20:50:22.866+0000] {dag.py:3047} INFO - Sync 1 DAGs
[2025-11-10T20:50:22.892+0000] {logging_mixin.py:188} INFO - [2025-11-10T20:50:22.891+0000] {dag.py:3834} INFO - Setting next_dagrun for example_branch_dop_operator_v3 to 2025-11-10 20:49:00+00:00, run_after=2025-11-10 20:50:00+00:00
[2025-11-10T20:50:22.910+0000] {processor.py:183} INFO - Processing /home/airflow/.local/lib/python3.8/site-packages/airflow/example_dags/example_branch_python_dop_operator_3.py took 0.085 seconds
[2025-11-10T20:50:53.709+0000] {processor.py:161} INFO - Started process (PID=1681) to work on /home/airflow/.local/lib/python3.8/site-packages/airflow/example_dags/example_branch_python_dop_operator_3.py
[2025-11-10T20:50:53.711+0000] {processor.py:830} INFO - Processing file /home/airflow/.local/lib/python3.8/site-packages/airflow/example_dags/example_branch_python_dop_operator_3.py for tasks to queue
[2025-11-10T20:50:53.713+0000] {logging_mixin.py:188} INFO - [2025-11-10T20:50:53.713+0000] {dagbag.py:540} INFO - Filling up the DagBag from /home/airflow/.local/lib/python3.8/site-packages/airflow/example_dags/example_branch_python_dop_operator_3.py
[2025-11-10T20:50:53.724+0000] {processor.py:840} INFO - DAG(s) 'example_branch_dop_operator_v3' retrieved from /home/airflow/.local/lib/python3.8/site-packages/airflow/example_dags/example_branch_python_dop_operator_3.py
[2025-11-10T20:50:53.745+0000] {logging_mixin.py:188} INFO - [2025-11-10T20:50:53.745+0000] {dag.py:3047} INFO - Sync 1 DAGs
[2025-11-10T20:50:53.769+0000] {logging_mixin.py:188} INFO - [2025-11-10T20:50:53.769+0000] {dag.py:3834} INFO - Setting next_dagrun for example_branch_dop_operator_v3 to 2025-11-10 20:49:00+00:00, run_after=2025-11-10 20:50:00+00:00
[2025-11-10T20:50:53.789+0000] {processor.py:183} INFO - Processing /home/airflow/.local/lib/python3.8/site-packages/airflow/example_dags/example_branch_python_dop_operator_3.py took 0.084 seconds
[2025-11-10T20:51:23.913+0000] {processor.py:161} INFO - Started process (PID=1736) to work on /home/airflow/.local/lib/python3.8/site-packages/airflow/example_dags/example_branch_python_dop_operator_3.py
[2025-11-10T20:51:23.915+0000] {processor.py:830} INFO - Processing file /home/airflow/.local/lib/python3.8/site-packages/airflow/example_dags/example_branch_python_dop_operator_3.py for tasks to queue
[2025-11-10T20:51:23.918+0000] {logging_mixin.py:188} INFO - [2025-11-10T20:51:23.918+0000] {dagbag.py:540} INFO - Filling up the DagBag from /home/airflow/.local/lib/python3.8/site-packages/airflow/example_dags/example_branch_python_dop_operator_3.py
[2025-11-10T20:51:23.930+0000] {processor.py:840} INFO - DAG(s) 'example_branch_dop_operator_v3' retrieved from /home/airflow/.local/lib/python3.8/site-packages/airflow/example_dags/example_branch_python_dop_operator_3.py
[2025-11-10T20:51:23.949+0000] {logging_mixin.py:188} INFO - [2025-11-10T20:51:23.948+0000] {dag.py:3047} INFO - Sync 1 DAGs
[2025-11-10T20:51:23.971+0000] {logging_mixin.py:188} INFO - [2025-11-10T20:51:23.971+0000] {dag.py:3834} INFO - Setting next_dagrun for example_branch_dop_operator_v3 to 2025-11-10 20:50:00+00:00, run_after=2025-11-10 20:51:00+00:00
[2025-11-10T20:51:23.992+0000] {processor.py:183} INFO - Processing /home/airflow/.local/lib/python3.8/site-packages/airflow/example_dags/example_branch_python_dop_operator_3.py took 0.085 seconds
[2025-11-10T20:51:54.077+0000] {processor.py:161} INFO - Started process (PID=1791) to work on /home/airflow/.local/lib/python3.8/site-packages/airflow/example_dags/example_branch_python_dop_operator_3.py
[2025-11-10T20:51:54.080+0000] {processor.py:830} INFO - Processing file /home/airflow/.local/lib/python3.8/site-packages/airflow/example_dags/example_branch_python_dop_operator_3.py for tasks to queue
[2025-11-10T20:51:54.085+0000] {logging_mixin.py:188} INFO - [2025-11-10T20:51:54.084+0000] {dagbag.py:540} INFO - Filling up the DagBag from /home/airflow/.local/lib/python3.8/site-packages/airflow/example_dags/example_branch_python_dop_operator_3.py
[2025-11-10T20:51:54.098+0000] {processor.py:840} INFO - DAG(s) 'example_branch_dop_operator_v3' retrieved from /home/airflow/.local/lib/python3.8/site-packages/airflow/example_dags/example_branch_python_dop_operator_3.py
[2025-11-10T20:51:54.146+0000] {logging_mixin.py:188} INFO - [2025-11-10T20:51:54.146+0000] {dag.py:3047} INFO - Sync 1 DAGs
[2025-11-10T20:51:54.203+0000] {logging_mixin.py:188} INFO - [2025-11-10T20:51:54.202+0000] {dag.py:3834} INFO - Setting next_dagrun for example_branch_dop_operator_v3 to 2025-11-10 20:50:00+00:00, run_after=2025-11-10 20:51:00+00:00
[2025-11-10T20:51:54.247+0000] {processor.py:183} INFO - Processing /home/airflow/.local/lib/python3.8/site-packages/airflow/example_dags/example_branch_python_dop_operator_3.py took 0.176 seconds
[2025-11-10T20:52:24.410+0000] {processor.py:161} INFO - Started process (PID=1846) to work on /home/airflow/.local/lib/python3.8/site-packages/airflow/example_dags/example_branch_python_dop_operator_3.py
[2025-11-10T20:52:24.411+0000] {processor.py:830} INFO - Processing file /home/airflow/.local/lib/python3.8/site-packages/airflow/example_dags/example_branch_python_dop_operator_3.py for tasks to queue
[2025-11-10T20:52:24.413+0000] {logging_mixin.py:188} INFO - [2025-11-10T20:52:24.413+0000] {dagbag.py:540} INFO - Filling up the DagBag from /home/airflow/.local/lib/python3.8/site-packages/airflow/example_dags/example_branch_python_dop_operator_3.py
[2025-11-10T20:52:24.423+0000] {processor.py:840} INFO - DAG(s) 'example_branch_dop_operator_v3' retrieved from /home/airflow/.local/lib/python3.8/site-packages/airflow/example_dags/example_branch_python_dop_operator_3.py
[2025-11-10T20:52:24.443+0000] {logging_mixin.py:188} INFO - [2025-11-10T20:52:24.443+0000] {dag.py:3047} INFO - Sync 1 DAGs
[2025-11-10T20:52:24.469+0000] {logging_mixin.py:188} INFO - [2025-11-10T20:52:24.469+0000] {dag.py:3834} INFO - Setting next_dagrun for example_branch_dop_operator_v3 to 2025-11-10 20:51:00+00:00, run_after=2025-11-10 20:52:00+00:00
[2025-11-10T20:52:24.489+0000] {processor.py:183} INFO - Processing /home/airflow/.local/lib/python3.8/site-packages/airflow/example_dags/example_branch_python_dop_operator_3.py took 0.083 seconds
[2025-11-10T20:52:54.838+0000] {processor.py:161} INFO - Started process (PID=1901) to work on /home/airflow/.local/lib/python3.8/site-packages/airflow/example_dags/example_branch_python_dop_operator_3.py
[2025-11-10T20:52:54.840+0000] {processor.py:830} INFO - Processing file /home/airflow/.local/lib/python3.8/site-packages/airflow/example_dags/example_branch_python_dop_operator_3.py for tasks to queue
[2025-11-10T20:52:54.842+0000] {logging_mixin.py:188} INFO - [2025-11-10T20:52:54.841+0000] {dagbag.py:540} INFO - Filling up the DagBag from /home/airflow/.local/lib/python3.8/site-packages/airflow/example_dags/example_branch_python_dop_operator_3.py
[2025-11-10T20:52:54.850+0000] {processor.py:840} INFO - DAG(s) 'example_branch_dop_operator_v3' retrieved from /home/airflow/.local/lib/python3.8/site-packages/airflow/example_dags/example_branch_python_dop_operator_3.py
[2025-11-10T20:52:54.870+0000] {logging_mixin.py:188} INFO - [2025-11-10T20:52:54.870+0000] {dag.py:3047} INFO - Sync 1 DAGs
[2025-11-10T20:52:54.895+0000] {logging_mixin.py:188} INFO - [2025-11-10T20:52:54.895+0000] {dag.py:3834} INFO - Setting next_dagrun for example_branch_dop_operator_v3 to 2025-11-10 20:51:00+00:00, run_after=2025-11-10 20:52:00+00:00
[2025-11-10T20:52:54.914+0000] {processor.py:183} INFO - Processing /home/airflow/.local/lib/python3.8/site-packages/airflow/example_dags/example_branch_python_dop_operator_3.py took 0.080 seconds
[2025-11-10T20:53:25.172+0000] {processor.py:161} INFO - Started process (PID=1956) to work on /home/airflow/.local/lib/python3.8/site-packages/airflow/example_dags/example_branch_python_dop_operator_3.py
[2025-11-10T20:53:25.174+0000] {processor.py:830} INFO - Processing file /home/airflow/.local/lib/python3.8/site-packages/airflow/example_dags/example_branch_python_dop_operator_3.py for tasks to queue
[2025-11-10T20:53:25.176+0000] {logging_mixin.py:188} INFO - [2025-11-10T20:53:25.176+0000] {dagbag.py:540} INFO - Filling up the DagBag from /home/airflow/.local/lib/python3.8/site-packages/airflow/example_dags/example_branch_python_dop_operator_3.py
[2025-11-10T20:53:25.186+0000] {processor.py:840} INFO - DAG(s) 'example_branch_dop_operator_v3' retrieved from /home/airflow/.local/lib/python3.8/site-packages/airflow/example_dags/example_branch_python_dop_operator_3.py
[2025-11-10T20:53:25.205+0000] {logging_mixin.py:188} INFO - [2025-11-10T20:53:25.205+0000] {dag.py:3047} INFO - Sync 1 DAGs
[2025-11-10T20:53:25.234+0000] {logging_mixin.py:188} INFO - [2025-11-10T20:53:25.234+0000] {dag.py:3834} INFO - Setting next_dagrun for example_branch_dop_operator_v3 to 2025-11-10 20:52:00+00:00, run_after=2025-11-10 20:53:00+00:00
[2025-11-10T20:53:25.255+0000] {processor.py:183} INFO - Processing /home/airflow/.local/lib/python3.8/site-packages/airflow/example_dags/example_branch_python_dop_operator_3.py took 0.086 seconds
