[2025-11-10T20:36:05.218+0000] {processor.py:161} INFO - Started process (PID=64) to work on /home/airflow/.local/lib/python3.8/site-packages/airflow/example_dags/example_setup_teardown.py
[2025-11-10T20:36:05.221+0000] {processor.py:830} INFO - Processing file /home/airflow/.local/lib/python3.8/site-packages/airflow/example_dags/example_setup_teardown.py for tasks to queue
[2025-11-10T20:36:05.223+0000] {logging_mixin.py:188} INFO - [2025-11-10T20:36:05.223+0000] {dagbag.py:540} INFO - Filling up the DagBag from /home/airflow/.local/lib/python3.8/site-packages/airflow/example_dags/example_setup_teardown.py
[2025-11-10T20:36:05.247+0000] {processor.py:840} INFO - DAG(s) 'example_setup_teardown' retrieved from /home/airflow/.local/lib/python3.8/site-packages/airflow/example_dags/example_setup_teardown.py
[2025-11-10T20:36:05.585+0000] {logging_mixin.py:188} INFO - [2025-11-10T20:36:05.584+0000] {override.py:1769} INFO - Created Permission View: can read on DAG:example_setup_teardown
[2025-11-10T20:36:05.598+0000] {logging_mixin.py:188} INFO - [2025-11-10T20:36:05.598+0000] {override.py:1769} INFO - Created Permission View: can edit on DAG:example_setup_teardown
[2025-11-10T20:36:05.609+0000] {logging_mixin.py:188} INFO - [2025-11-10T20:36:05.608+0000] {override.py:1769} INFO - Created Permission View: can delete on DAG:example_setup_teardown
[2025-11-10T20:36:05.610+0000] {logging_mixin.py:188} INFO - [2025-11-10T20:36:05.610+0000] {dag.py:3047} INFO - Sync 1 DAGs
[2025-11-10T20:36:05.630+0000] {logging_mixin.py:188} INFO - [2025-11-10T20:36:05.629+0000] {dag.py:3069} INFO - Creating ORM DAG for example_setup_teardown
[2025-11-10T20:36:05.645+0000] {logging_mixin.py:188} INFO - [2025-11-10T20:36:05.645+0000] {dag.py:3834} INFO - Setting next_dagrun for example_setup_teardown to 2025-11-09 00:00:00+00:00, run_after=2025-11-10 00:00:00+00:00
[2025-11-10T20:36:05.672+0000] {processor.py:183} INFO - Processing /home/airflow/.local/lib/python3.8/site-packages/airflow/example_dags/example_setup_teardown.py took 0.460 seconds
[2025-11-10T20:36:36.696+0000] {processor.py:161} INFO - Started process (PID=119) to work on /home/airflow/.local/lib/python3.8/site-packages/airflow/example_dags/example_setup_teardown.py
[2025-11-10T20:36:36.698+0000] {processor.py:830} INFO - Processing file /home/airflow/.local/lib/python3.8/site-packages/airflow/example_dags/example_setup_teardown.py for tasks to queue
[2025-11-10T20:36:36.701+0000] {logging_mixin.py:188} INFO - [2025-11-10T20:36:36.701+0000] {dagbag.py:540} INFO - Filling up the DagBag from /home/airflow/.local/lib/python3.8/site-packages/airflow/example_dags/example_setup_teardown.py
[2025-11-10T20:36:36.710+0000] {processor.py:840} INFO - DAG(s) 'example_setup_teardown' retrieved from /home/airflow/.local/lib/python3.8/site-packages/airflow/example_dags/example_setup_teardown.py
[2025-11-10T20:36:36.733+0000] {logging_mixin.py:188} INFO - [2025-11-10T20:36:36.733+0000] {dag.py:3047} INFO - Sync 1 DAGs
[2025-11-10T20:36:36.759+0000] {logging_mixin.py:188} INFO - [2025-11-10T20:36:36.758+0000] {dag.py:3834} INFO - Setting next_dagrun for example_setup_teardown to 2025-11-09 00:00:00+00:00, run_after=2025-11-10 00:00:00+00:00
[2025-11-10T20:36:36.778+0000] {processor.py:183} INFO - Processing /home/airflow/.local/lib/python3.8/site-packages/airflow/example_dags/example_setup_teardown.py took 0.085 seconds
[2025-11-10T20:37:07.455+0000] {processor.py:161} INFO - Started process (PID=174) to work on /home/airflow/.local/lib/python3.8/site-packages/airflow/example_dags/example_setup_teardown.py
[2025-11-10T20:37:07.458+0000] {processor.py:830} INFO - Processing file /home/airflow/.local/lib/python3.8/site-packages/airflow/example_dags/example_setup_teardown.py for tasks to queue
[2025-11-10T20:37:07.464+0000] {logging_mixin.py:188} INFO - [2025-11-10T20:37:07.463+0000] {dagbag.py:540} INFO - Filling up the DagBag from /home/airflow/.local/lib/python3.8/site-packages/airflow/example_dags/example_setup_teardown.py
[2025-11-10T20:37:07.480+0000] {processor.py:840} INFO - DAG(s) 'example_setup_teardown' retrieved from /home/airflow/.local/lib/python3.8/site-packages/airflow/example_dags/example_setup_teardown.py
[2025-11-10T20:37:07.530+0000] {logging_mixin.py:188} INFO - [2025-11-10T20:37:07.530+0000] {dag.py:3047} INFO - Sync 1 DAGs
[2025-11-10T20:37:07.563+0000] {logging_mixin.py:188} INFO - [2025-11-10T20:37:07.562+0000] {dag.py:3834} INFO - Setting next_dagrun for example_setup_teardown to 2025-11-09 00:00:00+00:00, run_after=2025-11-10 00:00:00+00:00
[2025-11-10T20:37:07.605+0000] {processor.py:183} INFO - Processing /home/airflow/.local/lib/python3.8/site-packages/airflow/example_dags/example_setup_teardown.py took 0.160 seconds
[2025-11-10T20:37:37.758+0000] {processor.py:161} INFO - Started process (PID=229) to work on /home/airflow/.local/lib/python3.8/site-packages/airflow/example_dags/example_setup_teardown.py
[2025-11-10T20:37:37.760+0000] {processor.py:830} INFO - Processing file /home/airflow/.local/lib/python3.8/site-packages/airflow/example_dags/example_setup_teardown.py for tasks to queue
[2025-11-10T20:37:37.762+0000] {logging_mixin.py:188} INFO - [2025-11-10T20:37:37.762+0000] {dagbag.py:540} INFO - Filling up the DagBag from /home/airflow/.local/lib/python3.8/site-packages/airflow/example_dags/example_setup_teardown.py
[2025-11-10T20:37:37.769+0000] {processor.py:840} INFO - DAG(s) 'example_setup_teardown' retrieved from /home/airflow/.local/lib/python3.8/site-packages/airflow/example_dags/example_setup_teardown.py
[2025-11-10T20:37:37.789+0000] {logging_mixin.py:188} INFO - [2025-11-10T20:37:37.789+0000] {dag.py:3047} INFO - Sync 1 DAGs
[2025-11-10T20:37:37.811+0000] {logging_mixin.py:188} INFO - [2025-11-10T20:37:37.811+0000] {dag.py:3834} INFO - Setting next_dagrun for example_setup_teardown to 2025-11-09 00:00:00+00:00, run_after=2025-11-10 00:00:00+00:00
[2025-11-10T20:37:37.835+0000] {processor.py:183} INFO - Processing /home/airflow/.local/lib/python3.8/site-packages/airflow/example_dags/example_setup_teardown.py took 0.079 seconds
[2025-11-10T20:38:08.060+0000] {processor.py:161} INFO - Started process (PID=284) to work on /home/airflow/.local/lib/python3.8/site-packages/airflow/example_dags/example_setup_teardown.py
[2025-11-10T20:38:08.062+0000] {processor.py:830} INFO - Processing file /home/airflow/.local/lib/python3.8/site-packages/airflow/example_dags/example_setup_teardown.py for tasks to queue
[2025-11-10T20:38:08.064+0000] {logging_mixin.py:188} INFO - [2025-11-10T20:38:08.064+0000] {dagbag.py:540} INFO - Filling up the DagBag from /home/airflow/.local/lib/python3.8/site-packages/airflow/example_dags/example_setup_teardown.py
[2025-11-10T20:38:08.074+0000] {processor.py:840} INFO - DAG(s) 'example_setup_teardown' retrieved from /home/airflow/.local/lib/python3.8/site-packages/airflow/example_dags/example_setup_teardown.py
[2025-11-10T20:38:08.097+0000] {logging_mixin.py:188} INFO - [2025-11-10T20:38:08.097+0000] {dag.py:3047} INFO - Sync 1 DAGs
[2025-11-10T20:38:08.117+0000] {logging_mixin.py:188} INFO - [2025-11-10T20:38:08.117+0000] {dag.py:3834} INFO - Setting next_dagrun for example_setup_teardown to 2025-11-09 00:00:00+00:00, run_after=2025-11-10 00:00:00+00:00
[2025-11-10T20:38:08.135+0000] {processor.py:183} INFO - Processing /home/airflow/.local/lib/python3.8/site-packages/airflow/example_dags/example_setup_teardown.py took 0.080 seconds
[2025-11-10T20:38:38.370+0000] {processor.py:161} INFO - Started process (PID=339) to work on /home/airflow/.local/lib/python3.8/site-packages/airflow/example_dags/example_setup_teardown.py
[2025-11-10T20:38:38.375+0000] {processor.py:830} INFO - Processing file /home/airflow/.local/lib/python3.8/site-packages/airflow/example_dags/example_setup_teardown.py for tasks to queue
[2025-11-10T20:38:38.382+0000] {logging_mixin.py:188} INFO - [2025-11-10T20:38:38.381+0000] {dagbag.py:540} INFO - Filling up the DagBag from /home/airflow/.local/lib/python3.8/site-packages/airflow/example_dags/example_setup_teardown.py
[2025-11-10T20:38:38.401+0000] {processor.py:840} INFO - DAG(s) 'example_setup_teardown' retrieved from /home/airflow/.local/lib/python3.8/site-packages/airflow/example_dags/example_setup_teardown.py
[2025-11-10T20:38:38.454+0000] {logging_mixin.py:188} INFO - [2025-11-10T20:38:38.454+0000] {dag.py:3047} INFO - Sync 1 DAGs
[2025-11-10T20:38:38.479+0000] {logging_mixin.py:188} INFO - [2025-11-10T20:38:38.478+0000] {dag.py:3834} INFO - Setting next_dagrun for example_setup_teardown to 2025-11-09 00:00:00+00:00, run_after=2025-11-10 00:00:00+00:00
[2025-11-10T20:38:38.501+0000] {processor.py:183} INFO - Processing /home/airflow/.local/lib/python3.8/site-packages/airflow/example_dags/example_setup_teardown.py took 0.142 seconds
[2025-11-10T20:39:08.668+0000] {processor.py:161} INFO - Started process (PID=394) to work on /home/airflow/.local/lib/python3.8/site-packages/airflow/example_dags/example_setup_teardown.py
[2025-11-10T20:39:08.670+0000] {processor.py:830} INFO - Processing file /home/airflow/.local/lib/python3.8/site-packages/airflow/example_dags/example_setup_teardown.py for tasks to queue
[2025-11-10T20:39:08.673+0000] {logging_mixin.py:188} INFO - [2025-11-10T20:39:08.672+0000] {dagbag.py:540} INFO - Filling up the DagBag from /home/airflow/.local/lib/python3.8/site-packages/airflow/example_dags/example_setup_teardown.py
[2025-11-10T20:39:08.680+0000] {processor.py:840} INFO - DAG(s) 'example_setup_teardown' retrieved from /home/airflow/.local/lib/python3.8/site-packages/airflow/example_dags/example_setup_teardown.py
[2025-11-10T20:39:08.701+0000] {logging_mixin.py:188} INFO - [2025-11-10T20:39:08.701+0000] {dag.py:3047} INFO - Sync 1 DAGs
[2025-11-10T20:39:08.723+0000] {logging_mixin.py:188} INFO - [2025-11-10T20:39:08.723+0000] {dag.py:3834} INFO - Setting next_dagrun for example_setup_teardown to 2025-11-09 00:00:00+00:00, run_after=2025-11-10 00:00:00+00:00
[2025-11-10T20:39:08.740+0000] {processor.py:183} INFO - Processing /home/airflow/.local/lib/python3.8/site-packages/airflow/example_dags/example_setup_teardown.py took 0.076 seconds
[2025-11-10T20:39:39.299+0000] {processor.py:161} INFO - Started process (PID=449) to work on /home/airflow/.local/lib/python3.8/site-packages/airflow/example_dags/example_setup_teardown.py
[2025-11-10T20:39:39.301+0000] {processor.py:830} INFO - Processing file /home/airflow/.local/lib/python3.8/site-packages/airflow/example_dags/example_setup_teardown.py for tasks to queue
[2025-11-10T20:39:39.304+0000] {logging_mixin.py:188} INFO - [2025-11-10T20:39:39.304+0000] {dagbag.py:540} INFO - Filling up the DagBag from /home/airflow/.local/lib/python3.8/site-packages/airflow/example_dags/example_setup_teardown.py
[2025-11-10T20:39:39.313+0000] {processor.py:840} INFO - DAG(s) 'example_setup_teardown' retrieved from /home/airflow/.local/lib/python3.8/site-packages/airflow/example_dags/example_setup_teardown.py
[2025-11-10T20:39:39.343+0000] {logging_mixin.py:188} INFO - [2025-11-10T20:39:39.342+0000] {dag.py:3047} INFO - Sync 1 DAGs
[2025-11-10T20:39:39.365+0000] {logging_mixin.py:188} INFO - [2025-11-10T20:39:39.365+0000] {dag.py:3834} INFO - Setting next_dagrun for example_setup_teardown to 2025-11-09 00:00:00+00:00, run_after=2025-11-10 00:00:00+00:00
[2025-11-10T20:39:39.387+0000] {processor.py:183} INFO - Processing /home/airflow/.local/lib/python3.8/site-packages/airflow/example_dags/example_setup_teardown.py took 0.092 seconds
[2025-11-10T20:40:09.650+0000] {processor.py:161} INFO - Started process (PID=504) to work on /home/airflow/.local/lib/python3.8/site-packages/airflow/example_dags/example_setup_teardown.py
[2025-11-10T20:40:09.652+0000] {processor.py:830} INFO - Processing file /home/airflow/.local/lib/python3.8/site-packages/airflow/example_dags/example_setup_teardown.py for tasks to queue
[2025-11-10T20:40:09.656+0000] {logging_mixin.py:188} INFO - [2025-11-10T20:40:09.656+0000] {dagbag.py:540} INFO - Filling up the DagBag from /home/airflow/.local/lib/python3.8/site-packages/airflow/example_dags/example_setup_teardown.py
[2025-11-10T20:40:09.667+0000] {processor.py:840} INFO - DAG(s) 'example_setup_teardown' retrieved from /home/airflow/.local/lib/python3.8/site-packages/airflow/example_dags/example_setup_teardown.py
[2025-11-10T20:40:09.690+0000] {logging_mixin.py:188} INFO - [2025-11-10T20:40:09.690+0000] {dag.py:3047} INFO - Sync 1 DAGs
[2025-11-10T20:40:09.710+0000] {logging_mixin.py:188} INFO - [2025-11-10T20:40:09.710+0000] {dag.py:3834} INFO - Setting next_dagrun for example_setup_teardown to 2025-11-09 00:00:00+00:00, run_after=2025-11-10 00:00:00+00:00
[2025-11-10T20:40:09.730+0000] {processor.py:183} INFO - Processing /home/airflow/.local/lib/python3.8/site-packages/airflow/example_dags/example_setup_teardown.py took 0.086 seconds
[2025-11-10T20:40:40.044+0000] {processor.py:161} INFO - Started process (PID=559) to work on /home/airflow/.local/lib/python3.8/site-packages/airflow/example_dags/example_setup_teardown.py
[2025-11-10T20:40:40.046+0000] {processor.py:830} INFO - Processing file /home/airflow/.local/lib/python3.8/site-packages/airflow/example_dags/example_setup_teardown.py for tasks to queue
[2025-11-10T20:40:40.048+0000] {logging_mixin.py:188} INFO - [2025-11-10T20:40:40.048+0000] {dagbag.py:540} INFO - Filling up the DagBag from /home/airflow/.local/lib/python3.8/site-packages/airflow/example_dags/example_setup_teardown.py
[2025-11-10T20:40:40.057+0000] {processor.py:840} INFO - DAG(s) 'example_setup_teardown' retrieved from /home/airflow/.local/lib/python3.8/site-packages/airflow/example_dags/example_setup_teardown.py
[2025-11-10T20:40:40.083+0000] {logging_mixin.py:188} INFO - [2025-11-10T20:40:40.083+0000] {dag.py:3047} INFO - Sync 1 DAGs
[2025-11-10T20:40:40.106+0000] {logging_mixin.py:188} INFO - [2025-11-10T20:40:40.106+0000] {dag.py:3834} INFO - Setting next_dagrun for example_setup_teardown to 2025-11-09 00:00:00+00:00, run_after=2025-11-10 00:00:00+00:00
[2025-11-10T20:40:40.126+0000] {processor.py:183} INFO - Processing /home/airflow/.local/lib/python3.8/site-packages/airflow/example_dags/example_setup_teardown.py took 0.087 seconds
[2025-11-10T20:41:10.252+0000] {processor.py:161} INFO - Started process (PID=614) to work on /home/airflow/.local/lib/python3.8/site-packages/airflow/example_dags/example_setup_teardown.py
[2025-11-10T20:41:10.255+0000] {processor.py:830} INFO - Processing file /home/airflow/.local/lib/python3.8/site-packages/airflow/example_dags/example_setup_teardown.py for tasks to queue
[2025-11-10T20:41:10.260+0000] {logging_mixin.py:188} INFO - [2025-11-10T20:41:10.259+0000] {dagbag.py:540} INFO - Filling up the DagBag from /home/airflow/.local/lib/python3.8/site-packages/airflow/example_dags/example_setup_teardown.py
[2025-11-10T20:41:10.272+0000] {processor.py:840} INFO - DAG(s) 'example_setup_teardown' retrieved from /home/airflow/.local/lib/python3.8/site-packages/airflow/example_dags/example_setup_teardown.py
[2025-11-10T20:41:10.303+0000] {logging_mixin.py:188} INFO - [2025-11-10T20:41:10.302+0000] {dag.py:3047} INFO - Sync 1 DAGs
[2025-11-10T20:41:10.326+0000] {logging_mixin.py:188} INFO - [2025-11-10T20:41:10.325+0000] {dag.py:3834} INFO - Setting next_dagrun for example_setup_teardown to 2025-11-09 00:00:00+00:00, run_after=2025-11-10 00:00:00+00:00
[2025-11-10T20:41:10.344+0000] {processor.py:183} INFO - Processing /home/airflow/.local/lib/python3.8/site-packages/airflow/example_dags/example_setup_teardown.py took 0.100 seconds
[2025-11-10T20:41:40.815+0000] {processor.py:161} INFO - Started process (PID=675) to work on /home/airflow/.local/lib/python3.8/site-packages/airflow/example_dags/example_setup_teardown.py
[2025-11-10T20:41:40.818+0000] {processor.py:830} INFO - Processing file /home/airflow/.local/lib/python3.8/site-packages/airflow/example_dags/example_setup_teardown.py for tasks to queue
[2025-11-10T20:41:40.823+0000] {logging_mixin.py:188} INFO - [2025-11-10T20:41:40.823+0000] {dagbag.py:540} INFO - Filling up the DagBag from /home/airflow/.local/lib/python3.8/site-packages/airflow/example_dags/example_setup_teardown.py
[2025-11-10T20:41:40.837+0000] {processor.py:840} INFO - DAG(s) 'example_setup_teardown' retrieved from /home/airflow/.local/lib/python3.8/site-packages/airflow/example_dags/example_setup_teardown.py
[2025-11-10T20:41:40.863+0000] {logging_mixin.py:188} INFO - [2025-11-10T20:41:40.863+0000] {dag.py:3047} INFO - Sync 1 DAGs
[2025-11-10T20:41:40.887+0000] {logging_mixin.py:188} INFO - [2025-11-10T20:41:40.886+0000] {dag.py:3834} INFO - Setting next_dagrun for example_setup_teardown to 2025-11-09 00:00:00+00:00, run_after=2025-11-10 00:00:00+00:00
[2025-11-10T20:41:40.908+0000] {processor.py:183} INFO - Processing /home/airflow/.local/lib/python3.8/site-packages/airflow/example_dags/example_setup_teardown.py took 0.102 seconds
[2025-11-10T20:42:11.685+0000] {processor.py:161} INFO - Started process (PID=730) to work on /home/airflow/.local/lib/python3.8/site-packages/airflow/example_dags/example_setup_teardown.py
[2025-11-10T20:42:11.689+0000] {processor.py:830} INFO - Processing file /home/airflow/.local/lib/python3.8/site-packages/airflow/example_dags/example_setup_teardown.py for tasks to queue
[2025-11-10T20:42:11.694+0000] {logging_mixin.py:188} INFO - [2025-11-10T20:42:11.694+0000] {dagbag.py:540} INFO - Filling up the DagBag from /home/airflow/.local/lib/python3.8/site-packages/airflow/example_dags/example_setup_teardown.py
[2025-11-10T20:42:11.710+0000] {processor.py:840} INFO - DAG(s) 'example_setup_teardown' retrieved from /home/airflow/.local/lib/python3.8/site-packages/airflow/example_dags/example_setup_teardown.py
[2025-11-10T20:42:11.745+0000] {logging_mixin.py:188} INFO - [2025-11-10T20:42:11.744+0000] {dag.py:3047} INFO - Sync 1 DAGs
[2025-11-10T20:42:11.768+0000] {logging_mixin.py:188} INFO - [2025-11-10T20:42:11.768+0000] {dag.py:3834} INFO - Setting next_dagrun for example_setup_teardown to 2025-11-09 00:00:00+00:00, run_after=2025-11-10 00:00:00+00:00
[2025-11-10T20:42:11.794+0000] {processor.py:183} INFO - Processing /home/airflow/.local/lib/python3.8/site-packages/airflow/example_dags/example_setup_teardown.py took 0.119 seconds
[2025-11-10T20:42:42.342+0000] {processor.py:161} INFO - Started process (PID=785) to work on /home/airflow/.local/lib/python3.8/site-packages/airflow/example_dags/example_setup_teardown.py
[2025-11-10T20:42:42.344+0000] {processor.py:830} INFO - Processing file /home/airflow/.local/lib/python3.8/site-packages/airflow/example_dags/example_setup_teardown.py for tasks to queue
[2025-11-10T20:42:42.346+0000] {logging_mixin.py:188} INFO - [2025-11-10T20:42:42.346+0000] {dagbag.py:540} INFO - Filling up the DagBag from /home/airflow/.local/lib/python3.8/site-packages/airflow/example_dags/example_setup_teardown.py
[2025-11-10T20:42:42.353+0000] {processor.py:840} INFO - DAG(s) 'example_setup_teardown' retrieved from /home/airflow/.local/lib/python3.8/site-packages/airflow/example_dags/example_setup_teardown.py
[2025-11-10T20:42:42.373+0000] {logging_mixin.py:188} INFO - [2025-11-10T20:42:42.373+0000] {dag.py:3047} INFO - Sync 1 DAGs
[2025-11-10T20:42:42.395+0000] {logging_mixin.py:188} INFO - [2025-11-10T20:42:42.394+0000] {dag.py:3834} INFO - Setting next_dagrun for example_setup_teardown to 2025-11-09 00:00:00+00:00, run_after=2025-11-10 00:00:00+00:00
[2025-11-10T20:42:42.415+0000] {processor.py:183} INFO - Processing /home/airflow/.local/lib/python3.8/site-packages/airflow/example_dags/example_setup_teardown.py took 0.077 seconds
[2025-11-10T20:43:12.475+0000] {processor.py:161} INFO - Started process (PID=840) to work on /home/airflow/.local/lib/python3.8/site-packages/airflow/example_dags/example_setup_teardown.py
[2025-11-10T20:43:12.477+0000] {processor.py:830} INFO - Processing file /home/airflow/.local/lib/python3.8/site-packages/airflow/example_dags/example_setup_teardown.py for tasks to queue
[2025-11-10T20:43:12.479+0000] {logging_mixin.py:188} INFO - [2025-11-10T20:43:12.479+0000] {dagbag.py:540} INFO - Filling up the DagBag from /home/airflow/.local/lib/python3.8/site-packages/airflow/example_dags/example_setup_teardown.py
[2025-11-10T20:43:12.488+0000] {processor.py:840} INFO - DAG(s) 'example_setup_teardown' retrieved from /home/airflow/.local/lib/python3.8/site-packages/airflow/example_dags/example_setup_teardown.py
[2025-11-10T20:43:12.512+0000] {logging_mixin.py:188} INFO - [2025-11-10T20:43:12.512+0000] {dag.py:3047} INFO - Sync 1 DAGs
[2025-11-10T20:43:12.536+0000] {logging_mixin.py:188} INFO - [2025-11-10T20:43:12.536+0000] {dag.py:3834} INFO - Setting next_dagrun for example_setup_teardown to 2025-11-09 00:00:00+00:00, run_after=2025-11-10 00:00:00+00:00
[2025-11-10T20:43:12.556+0000] {processor.py:183} INFO - Processing /home/airflow/.local/lib/python3.8/site-packages/airflow/example_dags/example_setup_teardown.py took 0.085 seconds
[2025-11-10T20:43:42.942+0000] {processor.py:161} INFO - Started process (PID=894) to work on /home/airflow/.local/lib/python3.8/site-packages/airflow/example_dags/example_setup_teardown.py
[2025-11-10T20:43:42.944+0000] {processor.py:830} INFO - Processing file /home/airflow/.local/lib/python3.8/site-packages/airflow/example_dags/example_setup_teardown.py for tasks to queue
[2025-11-10T20:43:42.946+0000] {logging_mixin.py:188} INFO - [2025-11-10T20:43:42.946+0000] {dagbag.py:540} INFO - Filling up the DagBag from /home/airflow/.local/lib/python3.8/site-packages/airflow/example_dags/example_setup_teardown.py
[2025-11-10T20:43:42.953+0000] {processor.py:840} INFO - DAG(s) 'example_setup_teardown' retrieved from /home/airflow/.local/lib/python3.8/site-packages/airflow/example_dags/example_setup_teardown.py
[2025-11-10T20:43:42.974+0000] {logging_mixin.py:188} INFO - [2025-11-10T20:43:42.974+0000] {dag.py:3047} INFO - Sync 1 DAGs
[2025-11-10T20:43:42.995+0000] {logging_mixin.py:188} INFO - [2025-11-10T20:43:42.995+0000] {dag.py:3834} INFO - Setting next_dagrun for example_setup_teardown to 2025-11-09 00:00:00+00:00, run_after=2025-11-10 00:00:00+00:00
[2025-11-10T20:43:43.016+0000] {processor.py:183} INFO - Processing /home/airflow/.local/lib/python3.8/site-packages/airflow/example_dags/example_setup_teardown.py took 0.077 seconds
[2025-11-10T20:44:13.264+0000] {processor.py:161} INFO - Started process (PID=949) to work on /home/airflow/.local/lib/python3.8/site-packages/airflow/example_dags/example_setup_teardown.py
[2025-11-10T20:44:13.265+0000] {processor.py:830} INFO - Processing file /home/airflow/.local/lib/python3.8/site-packages/airflow/example_dags/example_setup_teardown.py for tasks to queue
[2025-11-10T20:44:13.268+0000] {logging_mixin.py:188} INFO - [2025-11-10T20:44:13.267+0000] {dagbag.py:540} INFO - Filling up the DagBag from /home/airflow/.local/lib/python3.8/site-packages/airflow/example_dags/example_setup_teardown.py
[2025-11-10T20:44:13.278+0000] {processor.py:840} INFO - DAG(s) 'example_setup_teardown' retrieved from /home/airflow/.local/lib/python3.8/site-packages/airflow/example_dags/example_setup_teardown.py
[2025-11-10T20:44:13.297+0000] {logging_mixin.py:188} INFO - [2025-11-10T20:44:13.297+0000] {dag.py:3047} INFO - Sync 1 DAGs
[2025-11-10T20:44:13.317+0000] {logging_mixin.py:188} INFO - [2025-11-10T20:44:13.317+0000] {dag.py:3834} INFO - Setting next_dagrun for example_setup_teardown to 2025-11-09 00:00:00+00:00, run_after=2025-11-10 00:00:00+00:00
[2025-11-10T20:44:13.335+0000] {processor.py:183} INFO - Processing /home/airflow/.local/lib/python3.8/site-packages/airflow/example_dags/example_setup_teardown.py took 0.074 seconds
[2025-11-10T20:44:43.751+0000] {processor.py:161} INFO - Started process (PID=1004) to work on /home/airflow/.local/lib/python3.8/site-packages/airflow/example_dags/example_setup_teardown.py
[2025-11-10T20:44:43.756+0000] {processor.py:830} INFO - Processing file /home/airflow/.local/lib/python3.8/site-packages/airflow/example_dags/example_setup_teardown.py for tasks to queue
[2025-11-10T20:44:43.764+0000] {logging_mixin.py:188} INFO - [2025-11-10T20:44:43.763+0000] {dagbag.py:540} INFO - Filling up the DagBag from /home/airflow/.local/lib/python3.8/site-packages/airflow/example_dags/example_setup_teardown.py
[2025-11-10T20:44:43.784+0000] {processor.py:840} INFO - DAG(s) 'example_setup_teardown' retrieved from /home/airflow/.local/lib/python3.8/site-packages/airflow/example_dags/example_setup_teardown.py
[2025-11-10T20:44:43.825+0000] {logging_mixin.py:188} INFO - [2025-11-10T20:44:43.824+0000] {dag.py:3047} INFO - Sync 1 DAGs
[2025-11-10T20:44:43.855+0000] {logging_mixin.py:188} INFO - [2025-11-10T20:44:43.854+0000] {dag.py:3834} INFO - Setting next_dagrun for example_setup_teardown to 2025-11-09 00:00:00+00:00, run_after=2025-11-10 00:00:00+00:00
[2025-11-10T20:44:43.883+0000] {processor.py:183} INFO - Processing /home/airflow/.local/lib/python3.8/site-packages/airflow/example_dags/example_setup_teardown.py took 0.150 seconds
[2025-11-10T20:45:14.107+0000] {processor.py:161} INFO - Started process (PID=1059) to work on /home/airflow/.local/lib/python3.8/site-packages/airflow/example_dags/example_setup_teardown.py
[2025-11-10T20:45:14.111+0000] {processor.py:830} INFO - Processing file /home/airflow/.local/lib/python3.8/site-packages/airflow/example_dags/example_setup_teardown.py for tasks to queue
[2025-11-10T20:45:14.116+0000] {logging_mixin.py:188} INFO - [2025-11-10T20:45:14.115+0000] {dagbag.py:540} INFO - Filling up the DagBag from /home/airflow/.local/lib/python3.8/site-packages/airflow/example_dags/example_setup_teardown.py
[2025-11-10T20:45:14.125+0000] {processor.py:840} INFO - DAG(s) 'example_setup_teardown' retrieved from /home/airflow/.local/lib/python3.8/site-packages/airflow/example_dags/example_setup_teardown.py
[2025-11-10T20:45:14.151+0000] {logging_mixin.py:188} INFO - [2025-11-10T20:45:14.151+0000] {dag.py:3047} INFO - Sync 1 DAGs
[2025-11-10T20:45:14.170+0000] {logging_mixin.py:188} INFO - [2025-11-10T20:45:14.170+0000] {dag.py:3834} INFO - Setting next_dagrun for example_setup_teardown to 2025-11-09 00:00:00+00:00, run_after=2025-11-10 00:00:00+00:00
[2025-11-10T20:45:14.188+0000] {processor.py:183} INFO - Processing /home/airflow/.local/lib/python3.8/site-packages/airflow/example_dags/example_setup_teardown.py took 0.092 seconds
[2025-11-10T20:45:44.312+0000] {processor.py:161} INFO - Started process (PID=1114) to work on /home/airflow/.local/lib/python3.8/site-packages/airflow/example_dags/example_setup_teardown.py
[2025-11-10T20:45:44.313+0000] {processor.py:830} INFO - Processing file /home/airflow/.local/lib/python3.8/site-packages/airflow/example_dags/example_setup_teardown.py for tasks to queue
[2025-11-10T20:45:44.315+0000] {logging_mixin.py:188} INFO - [2025-11-10T20:45:44.315+0000] {dagbag.py:540} INFO - Filling up the DagBag from /home/airflow/.local/lib/python3.8/site-packages/airflow/example_dags/example_setup_teardown.py
[2025-11-10T20:45:44.322+0000] {processor.py:840} INFO - DAG(s) 'example_setup_teardown' retrieved from /home/airflow/.local/lib/python3.8/site-packages/airflow/example_dags/example_setup_teardown.py
[2025-11-10T20:45:44.350+0000] {logging_mixin.py:188} INFO - [2025-11-10T20:45:44.350+0000] {dag.py:3047} INFO - Sync 1 DAGs
[2025-11-10T20:45:44.371+0000] {logging_mixin.py:188} INFO - [2025-11-10T20:45:44.371+0000] {dag.py:3834} INFO - Setting next_dagrun for example_setup_teardown to 2025-11-09 00:00:00+00:00, run_after=2025-11-10 00:00:00+00:00
[2025-11-10T20:45:44.392+0000] {processor.py:183} INFO - Processing /home/airflow/.local/lib/python3.8/site-packages/airflow/example_dags/example_setup_teardown.py took 0.086 seconds
[2025-11-10T20:46:14.526+0000] {processor.py:161} INFO - Started process (PID=1169) to work on /home/airflow/.local/lib/python3.8/site-packages/airflow/example_dags/example_setup_teardown.py
[2025-11-10T20:46:14.527+0000] {processor.py:830} INFO - Processing file /home/airflow/.local/lib/python3.8/site-packages/airflow/example_dags/example_setup_teardown.py for tasks to queue
[2025-11-10T20:46:14.530+0000] {logging_mixin.py:188} INFO - [2025-11-10T20:46:14.529+0000] {dagbag.py:540} INFO - Filling up the DagBag from /home/airflow/.local/lib/python3.8/site-packages/airflow/example_dags/example_setup_teardown.py
[2025-11-10T20:46:14.536+0000] {processor.py:840} INFO - DAG(s) 'example_setup_teardown' retrieved from /home/airflow/.local/lib/python3.8/site-packages/airflow/example_dags/example_setup_teardown.py
[2025-11-10T20:46:14.556+0000] {logging_mixin.py:188} INFO - [2025-11-10T20:46:14.556+0000] {dag.py:3047} INFO - Sync 1 DAGs
[2025-11-10T20:46:14.576+0000] {logging_mixin.py:188} INFO - [2025-11-10T20:46:14.576+0000] {dag.py:3834} INFO - Setting next_dagrun for example_setup_teardown to 2025-11-09 00:00:00+00:00, run_after=2025-11-10 00:00:00+00:00
[2025-11-10T20:46:14.594+0000] {processor.py:183} INFO - Processing /home/airflow/.local/lib/python3.8/site-packages/airflow/example_dags/example_setup_teardown.py took 0.072 seconds
[2025-11-10T20:46:44.747+0000] {processor.py:161} INFO - Started process (PID=1225) to work on /home/airflow/.local/lib/python3.8/site-packages/airflow/example_dags/example_setup_teardown.py
[2025-11-10T20:46:44.750+0000] {processor.py:830} INFO - Processing file /home/airflow/.local/lib/python3.8/site-packages/airflow/example_dags/example_setup_teardown.py for tasks to queue
[2025-11-10T20:46:44.755+0000] {logging_mixin.py:188} INFO - [2025-11-10T20:46:44.755+0000] {dagbag.py:540} INFO - Filling up the DagBag from /home/airflow/.local/lib/python3.8/site-packages/airflow/example_dags/example_setup_teardown.py
[2025-11-10T20:46:44.766+0000] {processor.py:840} INFO - DAG(s) 'example_setup_teardown' retrieved from /home/airflow/.local/lib/python3.8/site-packages/airflow/example_dags/example_setup_teardown.py
[2025-11-10T20:46:44.793+0000] {logging_mixin.py:188} INFO - [2025-11-10T20:46:44.793+0000] {dag.py:3047} INFO - Sync 1 DAGs
[2025-11-10T20:46:44.813+0000] {logging_mixin.py:188} INFO - [2025-11-10T20:46:44.813+0000] {dag.py:3834} INFO - Setting next_dagrun for example_setup_teardown to 2025-11-09 00:00:00+00:00, run_after=2025-11-10 00:00:00+00:00
[2025-11-10T20:46:44.851+0000] {processor.py:183} INFO - Processing /home/airflow/.local/lib/python3.8/site-packages/airflow/example_dags/example_setup_teardown.py took 0.110 seconds
[2025-11-10T20:47:15.252+0000] {processor.py:161} INFO - Started process (PID=1280) to work on /home/airflow/.local/lib/python3.8/site-packages/airflow/example_dags/example_setup_teardown.py
[2025-11-10T20:47:15.253+0000] {processor.py:830} INFO - Processing file /home/airflow/.local/lib/python3.8/site-packages/airflow/example_dags/example_setup_teardown.py for tasks to queue
[2025-11-10T20:47:15.256+0000] {logging_mixin.py:188} INFO - [2025-11-10T20:47:15.256+0000] {dagbag.py:540} INFO - Filling up the DagBag from /home/airflow/.local/lib/python3.8/site-packages/airflow/example_dags/example_setup_teardown.py
[2025-11-10T20:47:15.264+0000] {processor.py:840} INFO - DAG(s) 'example_setup_teardown' retrieved from /home/airflow/.local/lib/python3.8/site-packages/airflow/example_dags/example_setup_teardown.py
[2025-11-10T20:47:15.286+0000] {logging_mixin.py:188} INFO - [2025-11-10T20:47:15.285+0000] {dag.py:3047} INFO - Sync 1 DAGs
[2025-11-10T20:47:15.306+0000] {logging_mixin.py:188} INFO - [2025-11-10T20:47:15.306+0000] {dag.py:3834} INFO - Setting next_dagrun for example_setup_teardown to 2025-11-09 00:00:00+00:00, run_after=2025-11-10 00:00:00+00:00
[2025-11-10T20:47:15.329+0000] {processor.py:183} INFO - Processing /home/airflow/.local/lib/python3.8/site-packages/airflow/example_dags/example_setup_teardown.py took 0.081 seconds
[2025-11-10T20:47:45.424+0000] {processor.py:161} INFO - Started process (PID=1335) to work on /home/airflow/.local/lib/python3.8/site-packages/airflow/example_dags/example_setup_teardown.py
[2025-11-10T20:47:45.427+0000] {processor.py:830} INFO - Processing file /home/airflow/.local/lib/python3.8/site-packages/airflow/example_dags/example_setup_teardown.py for tasks to queue
[2025-11-10T20:47:45.434+0000] {logging_mixin.py:188} INFO - [2025-11-10T20:47:45.433+0000] {dagbag.py:540} INFO - Filling up the DagBag from /home/airflow/.local/lib/python3.8/site-packages/airflow/example_dags/example_setup_teardown.py
[2025-11-10T20:47:45.453+0000] {processor.py:840} INFO - DAG(s) 'example_setup_teardown' retrieved from /home/airflow/.local/lib/python3.8/site-packages/airflow/example_dags/example_setup_teardown.py
[2025-11-10T20:47:45.489+0000] {logging_mixin.py:188} INFO - [2025-11-10T20:47:45.488+0000] {dag.py:3047} INFO - Sync 1 DAGs
[2025-11-10T20:47:45.515+0000] {logging_mixin.py:188} INFO - [2025-11-10T20:47:45.515+0000] {dag.py:3834} INFO - Setting next_dagrun for example_setup_teardown to 2025-11-09 00:00:00+00:00, run_after=2025-11-10 00:00:00+00:00
[2025-11-10T20:47:45.534+0000] {processor.py:183} INFO - Processing /home/airflow/.local/lib/python3.8/site-packages/airflow/example_dags/example_setup_teardown.py took 0.117 seconds
[2025-11-10T20:48:15.963+0000] {processor.py:161} INFO - Started process (PID=1390) to work on /home/airflow/.local/lib/python3.8/site-packages/airflow/example_dags/example_setup_teardown.py
[2025-11-10T20:48:15.964+0000] {processor.py:830} INFO - Processing file /home/airflow/.local/lib/python3.8/site-packages/airflow/example_dags/example_setup_teardown.py for tasks to queue
[2025-11-10T20:48:15.967+0000] {logging_mixin.py:188} INFO - [2025-11-10T20:48:15.967+0000] {dagbag.py:540} INFO - Filling up the DagBag from /home/airflow/.local/lib/python3.8/site-packages/airflow/example_dags/example_setup_teardown.py
[2025-11-10T20:48:15.974+0000] {processor.py:840} INFO - DAG(s) 'example_setup_teardown' retrieved from /home/airflow/.local/lib/python3.8/site-packages/airflow/example_dags/example_setup_teardown.py
[2025-11-10T20:48:15.993+0000] {logging_mixin.py:188} INFO - [2025-11-10T20:48:15.992+0000] {dag.py:3047} INFO - Sync 1 DAGs
[2025-11-10T20:48:16.013+0000] {logging_mixin.py:188} INFO - [2025-11-10T20:48:16.012+0000] {dag.py:3834} INFO - Setting next_dagrun for example_setup_teardown to 2025-11-09 00:00:00+00:00, run_after=2025-11-10 00:00:00+00:00
[2025-11-10T20:48:16.030+0000] {processor.py:183} INFO - Processing /home/airflow/.local/lib/python3.8/site-packages/airflow/example_dags/example_setup_teardown.py took 0.072 seconds
[2025-11-10T20:48:46.302+0000] {processor.py:161} INFO - Started process (PID=1445) to work on /home/airflow/.local/lib/python3.8/site-packages/airflow/example_dags/example_setup_teardown.py
[2025-11-10T20:48:46.305+0000] {processor.py:830} INFO - Processing file /home/airflow/.local/lib/python3.8/site-packages/airflow/example_dags/example_setup_teardown.py for tasks to queue
[2025-11-10T20:48:46.311+0000] {logging_mixin.py:188} INFO - [2025-11-10T20:48:46.310+0000] {dagbag.py:540} INFO - Filling up the DagBag from /home/airflow/.local/lib/python3.8/site-packages/airflow/example_dags/example_setup_teardown.py
[2025-11-10T20:48:46.324+0000] {processor.py:840} INFO - DAG(s) 'example_setup_teardown' retrieved from /home/airflow/.local/lib/python3.8/site-packages/airflow/example_dags/example_setup_teardown.py
[2025-11-10T20:48:46.358+0000] {logging_mixin.py:188} INFO - [2025-11-10T20:48:46.357+0000] {dag.py:3047} INFO - Sync 1 DAGs
[2025-11-10T20:48:46.379+0000] {logging_mixin.py:188} INFO - [2025-11-10T20:48:46.379+0000] {dag.py:3834} INFO - Setting next_dagrun for example_setup_teardown to 2025-11-09 00:00:00+00:00, run_after=2025-11-10 00:00:00+00:00
[2025-11-10T20:48:46.405+0000] {processor.py:183} INFO - Processing /home/airflow/.local/lib/python3.8/site-packages/airflow/example_dags/example_setup_teardown.py took 0.110 seconds
[2025-11-10T20:49:16.994+0000] {processor.py:161} INFO - Started process (PID=1501) to work on /home/airflow/.local/lib/python3.8/site-packages/airflow/example_dags/example_setup_teardown.py
[2025-11-10T20:49:16.996+0000] {processor.py:830} INFO - Processing file /home/airflow/.local/lib/python3.8/site-packages/airflow/example_dags/example_setup_teardown.py for tasks to queue
[2025-11-10T20:49:16.999+0000] {logging_mixin.py:188} INFO - [2025-11-10T20:49:16.998+0000] {dagbag.py:540} INFO - Filling up the DagBag from /home/airflow/.local/lib/python3.8/site-packages/airflow/example_dags/example_setup_teardown.py
[2025-11-10T20:49:17.009+0000] {processor.py:840} INFO - DAG(s) 'example_setup_teardown' retrieved from /home/airflow/.local/lib/python3.8/site-packages/airflow/example_dags/example_setup_teardown.py
[2025-11-10T20:49:17.038+0000] {logging_mixin.py:188} INFO - [2025-11-10T20:49:17.038+0000] {dag.py:3047} INFO - Sync 1 DAGs
[2025-11-10T20:49:17.080+0000] {logging_mixin.py:188} INFO - [2025-11-10T20:49:17.079+0000] {dag.py:3834} INFO - Setting next_dagrun for example_setup_teardown to 2025-11-09 00:00:00+00:00, run_after=2025-11-10 00:00:00+00:00
[2025-11-10T20:49:17.118+0000] {processor.py:183} INFO - Processing /home/airflow/.local/lib/python3.8/site-packages/airflow/example_dags/example_setup_teardown.py took 0.127 seconds
[2025-11-10T20:49:47.651+0000] {processor.py:161} INFO - Started process (PID=1556) to work on /home/airflow/.local/lib/python3.8/site-packages/airflow/example_dags/example_setup_teardown.py
[2025-11-10T20:49:47.654+0000] {processor.py:830} INFO - Processing file /home/airflow/.local/lib/python3.8/site-packages/airflow/example_dags/example_setup_teardown.py for tasks to queue
[2025-11-10T20:49:47.658+0000] {logging_mixin.py:188} INFO - [2025-11-10T20:49:47.658+0000] {dagbag.py:540} INFO - Filling up the DagBag from /home/airflow/.local/lib/python3.8/site-packages/airflow/example_dags/example_setup_teardown.py
[2025-11-10T20:49:47.669+0000] {processor.py:840} INFO - DAG(s) 'example_setup_teardown' retrieved from /home/airflow/.local/lib/python3.8/site-packages/airflow/example_dags/example_setup_teardown.py
[2025-11-10T20:49:47.696+0000] {logging_mixin.py:188} INFO - [2025-11-10T20:49:47.696+0000] {dag.py:3047} INFO - Sync 1 DAGs
[2025-11-10T20:49:47.718+0000] {logging_mixin.py:188} INFO - [2025-11-10T20:49:47.718+0000] {dag.py:3834} INFO - Setting next_dagrun for example_setup_teardown to 2025-11-09 00:00:00+00:00, run_after=2025-11-10 00:00:00+00:00
[2025-11-10T20:49:47.737+0000] {processor.py:183} INFO - Processing /home/airflow/.local/lib/python3.8/site-packages/airflow/example_dags/example_setup_teardown.py took 0.094 seconds
[2025-11-10T20:50:17.797+0000] {processor.py:161} INFO - Started process (PID=1611) to work on /home/airflow/.local/lib/python3.8/site-packages/airflow/example_dags/example_setup_teardown.py
[2025-11-10T20:50:17.798+0000] {processor.py:830} INFO - Processing file /home/airflow/.local/lib/python3.8/site-packages/airflow/example_dags/example_setup_teardown.py for tasks to queue
[2025-11-10T20:50:17.801+0000] {logging_mixin.py:188} INFO - [2025-11-10T20:50:17.800+0000] {dagbag.py:540} INFO - Filling up the DagBag from /home/airflow/.local/lib/python3.8/site-packages/airflow/example_dags/example_setup_teardown.py
[2025-11-10T20:50:17.808+0000] {processor.py:840} INFO - DAG(s) 'example_setup_teardown' retrieved from /home/airflow/.local/lib/python3.8/site-packages/airflow/example_dags/example_setup_teardown.py
[2025-11-10T20:50:17.834+0000] {logging_mixin.py:188} INFO - [2025-11-10T20:50:17.833+0000] {dag.py:3047} INFO - Sync 1 DAGs
[2025-11-10T20:50:17.859+0000] {logging_mixin.py:188} INFO - [2025-11-10T20:50:17.859+0000] {dag.py:3834} INFO - Setting next_dagrun for example_setup_teardown to 2025-11-09 00:00:00+00:00, run_after=2025-11-10 00:00:00+00:00
[2025-11-10T20:50:17.878+0000] {processor.py:183} INFO - Processing /home/airflow/.local/lib/python3.8/site-packages/airflow/example_dags/example_setup_teardown.py took 0.088 seconds
[2025-11-10T20:50:48.307+0000] {processor.py:161} INFO - Started process (PID=1666) to work on /home/airflow/.local/lib/python3.8/site-packages/airflow/example_dags/example_setup_teardown.py
[2025-11-10T20:50:48.309+0000] {processor.py:830} INFO - Processing file /home/airflow/.local/lib/python3.8/site-packages/airflow/example_dags/example_setup_teardown.py for tasks to queue
[2025-11-10T20:50:48.314+0000] {logging_mixin.py:188} INFO - [2025-11-10T20:50:48.312+0000] {dagbag.py:540} INFO - Filling up the DagBag from /home/airflow/.local/lib/python3.8/site-packages/airflow/example_dags/example_setup_teardown.py
[2025-11-10T20:50:48.329+0000] {processor.py:840} INFO - DAG(s) 'example_setup_teardown' retrieved from /home/airflow/.local/lib/python3.8/site-packages/airflow/example_dags/example_setup_teardown.py
[2025-11-10T20:50:48.375+0000] {logging_mixin.py:188} INFO - [2025-11-10T20:50:48.374+0000] {dag.py:3047} INFO - Sync 1 DAGs
[2025-11-10T20:50:48.403+0000] {logging_mixin.py:188} INFO - [2025-11-10T20:50:48.403+0000] {dag.py:3834} INFO - Setting next_dagrun for example_setup_teardown to 2025-11-09 00:00:00+00:00, run_after=2025-11-10 00:00:00+00:00
[2025-11-10T20:50:48.435+0000] {processor.py:183} INFO - Processing /home/airflow/.local/lib/python3.8/site-packages/airflow/example_dags/example_setup_teardown.py took 0.137 seconds
[2025-11-10T20:51:18.823+0000] {processor.py:161} INFO - Started process (PID=1721) to work on /home/airflow/.local/lib/python3.8/site-packages/airflow/example_dags/example_setup_teardown.py
[2025-11-10T20:51:18.826+0000] {processor.py:830} INFO - Processing file /home/airflow/.local/lib/python3.8/site-packages/airflow/example_dags/example_setup_teardown.py for tasks to queue
[2025-11-10T20:51:18.830+0000] {logging_mixin.py:188} INFO - [2025-11-10T20:51:18.830+0000] {dagbag.py:540} INFO - Filling up the DagBag from /home/airflow/.local/lib/python3.8/site-packages/airflow/example_dags/example_setup_teardown.py
[2025-11-10T20:51:18.849+0000] {processor.py:840} INFO - DAG(s) 'example_setup_teardown' retrieved from /home/airflow/.local/lib/python3.8/site-packages/airflow/example_dags/example_setup_teardown.py
[2025-11-10T20:51:18.876+0000] {logging_mixin.py:188} INFO - [2025-11-10T20:51:18.876+0000] {dag.py:3047} INFO - Sync 1 DAGs
[2025-11-10T20:51:18.897+0000] {logging_mixin.py:188} INFO - [2025-11-10T20:51:18.897+0000] {dag.py:3834} INFO - Setting next_dagrun for example_setup_teardown to 2025-11-09 00:00:00+00:00, run_after=2025-11-10 00:00:00+00:00
[2025-11-10T20:51:18.915+0000] {processor.py:183} INFO - Processing /home/airflow/.local/lib/python3.8/site-packages/airflow/example_dags/example_setup_teardown.py took 0.100 seconds
[2025-11-10T20:51:49.121+0000] {processor.py:161} INFO - Started process (PID=1776) to work on /home/airflow/.local/lib/python3.8/site-packages/airflow/example_dags/example_setup_teardown.py
[2025-11-10T20:51:49.128+0000] {processor.py:830} INFO - Processing file /home/airflow/.local/lib/python3.8/site-packages/airflow/example_dags/example_setup_teardown.py for tasks to queue
[2025-11-10T20:51:49.137+0000] {logging_mixin.py:188} INFO - [2025-11-10T20:51:49.136+0000] {dagbag.py:540} INFO - Filling up the DagBag from /home/airflow/.local/lib/python3.8/site-packages/airflow/example_dags/example_setup_teardown.py
[2025-11-10T20:51:49.156+0000] {processor.py:840} INFO - DAG(s) 'example_setup_teardown' retrieved from /home/airflow/.local/lib/python3.8/site-packages/airflow/example_dags/example_setup_teardown.py
[2025-11-10T20:51:49.184+0000] {logging_mixin.py:188} INFO - [2025-11-10T20:51:49.184+0000] {dag.py:3047} INFO - Sync 1 DAGs
[2025-11-10T20:51:49.205+0000] {logging_mixin.py:188} INFO - [2025-11-10T20:51:49.204+0000] {dag.py:3834} INFO - Setting next_dagrun for example_setup_teardown to 2025-11-09 00:00:00+00:00, run_after=2025-11-10 00:00:00+00:00
[2025-11-10T20:51:49.224+0000] {processor.py:183} INFO - Processing /home/airflow/.local/lib/python3.8/site-packages/airflow/example_dags/example_setup_teardown.py took 0.110 seconds
[2025-11-10T20:52:19.511+0000] {processor.py:161} INFO - Started process (PID=1831) to work on /home/airflow/.local/lib/python3.8/site-packages/airflow/example_dags/example_setup_teardown.py
[2025-11-10T20:52:19.512+0000] {processor.py:830} INFO - Processing file /home/airflow/.local/lib/python3.8/site-packages/airflow/example_dags/example_setup_teardown.py for tasks to queue
[2025-11-10T20:52:19.514+0000] {logging_mixin.py:188} INFO - [2025-11-10T20:52:19.514+0000] {dagbag.py:540} INFO - Filling up the DagBag from /home/airflow/.local/lib/python3.8/site-packages/airflow/example_dags/example_setup_teardown.py
[2025-11-10T20:52:19.520+0000] {processor.py:840} INFO - DAG(s) 'example_setup_teardown' retrieved from /home/airflow/.local/lib/python3.8/site-packages/airflow/example_dags/example_setup_teardown.py
[2025-11-10T20:52:19.538+0000] {logging_mixin.py:188} INFO - [2025-11-10T20:52:19.538+0000] {dag.py:3047} INFO - Sync 1 DAGs
[2025-11-10T20:52:19.558+0000] {logging_mixin.py:188} INFO - [2025-11-10T20:52:19.557+0000] {dag.py:3834} INFO - Setting next_dagrun for example_setup_teardown to 2025-11-09 00:00:00+00:00, run_after=2025-11-10 00:00:00+00:00
[2025-11-10T20:52:19.575+0000] {processor.py:183} INFO - Processing /home/airflow/.local/lib/python3.8/site-packages/airflow/example_dags/example_setup_teardown.py took 0.067 seconds
[2025-11-10T20:52:49.846+0000] {processor.py:161} INFO - Started process (PID=1886) to work on /home/airflow/.local/lib/python3.8/site-packages/airflow/example_dags/example_setup_teardown.py
[2025-11-10T20:52:49.850+0000] {processor.py:830} INFO - Processing file /home/airflow/.local/lib/python3.8/site-packages/airflow/example_dags/example_setup_teardown.py for tasks to queue
[2025-11-10T20:52:49.853+0000] {logging_mixin.py:188} INFO - [2025-11-10T20:52:49.853+0000] {dagbag.py:540} INFO - Filling up the DagBag from /home/airflow/.local/lib/python3.8/site-packages/airflow/example_dags/example_setup_teardown.py
[2025-11-10T20:52:49.864+0000] {processor.py:840} INFO - DAG(s) 'example_setup_teardown' retrieved from /home/airflow/.local/lib/python3.8/site-packages/airflow/example_dags/example_setup_teardown.py
[2025-11-10T20:52:49.889+0000] {logging_mixin.py:188} INFO - [2025-11-10T20:52:49.888+0000] {dag.py:3047} INFO - Sync 1 DAGs
[2025-11-10T20:52:49.912+0000] {logging_mixin.py:188} INFO - [2025-11-10T20:52:49.912+0000] {dag.py:3834} INFO - Setting next_dagrun for example_setup_teardown to 2025-11-09 00:00:00+00:00, run_after=2025-11-10 00:00:00+00:00
[2025-11-10T20:52:49.931+0000] {processor.py:183} INFO - Processing /home/airflow/.local/lib/python3.8/site-packages/airflow/example_dags/example_setup_teardown.py took 0.089 seconds
[2025-11-10T20:53:20.175+0000] {processor.py:161} INFO - Started process (PID=1941) to work on /home/airflow/.local/lib/python3.8/site-packages/airflow/example_dags/example_setup_teardown.py
[2025-11-10T20:53:20.178+0000] {processor.py:830} INFO - Processing file /home/airflow/.local/lib/python3.8/site-packages/airflow/example_dags/example_setup_teardown.py for tasks to queue
[2025-11-10T20:53:20.185+0000] {logging_mixin.py:188} INFO - [2025-11-10T20:53:20.183+0000] {dagbag.py:540} INFO - Filling up the DagBag from /home/airflow/.local/lib/python3.8/site-packages/airflow/example_dags/example_setup_teardown.py
[2025-11-10T20:53:20.209+0000] {processor.py:840} INFO - DAG(s) 'example_setup_teardown' retrieved from /home/airflow/.local/lib/python3.8/site-packages/airflow/example_dags/example_setup_teardown.py
[2025-11-10T20:53:20.258+0000] {logging_mixin.py:188} INFO - [2025-11-10T20:53:20.258+0000] {dag.py:3047} INFO - Sync 1 DAGs
[2025-11-10T20:53:20.290+0000] {logging_mixin.py:188} INFO - [2025-11-10T20:53:20.290+0000] {dag.py:3834} INFO - Setting next_dagrun for example_setup_teardown to 2025-11-09 00:00:00+00:00, run_after=2025-11-10 00:00:00+00:00
[2025-11-10T20:53:20.317+0000] {processor.py:183} INFO - Processing /home/airflow/.local/lib/python3.8/site-packages/airflow/example_dags/example_setup_teardown.py took 0.146 seconds
