[2025-11-10T20:36:13.306+0000] {processor.py:161} INFO - Started process (PID=104) to work on /home/airflow/.local/lib/python3.8/site-packages/airflow/example_dags/example_datasets.py
[2025-11-10T20:36:13.308+0000] {processor.py:830} INFO - Processing file /home/airflow/.local/lib/python3.8/site-packages/airflow/example_dags/example_datasets.py for tasks to queue
[2025-11-10T20:36:13.310+0000] {logging_mixin.py:188} INFO - [2025-11-10T20:36:13.310+0000] {dagbag.py:540} INFO - Filling up the DagBag from /home/airflow/.local/lib/python3.8/site-packages/airflow/example_dags/example_datasets.py
[2025-11-10T20:36:13.321+0000] {processor.py:840} INFO - DAG(s) 'dataset_produces_1', 'dataset_consumes_1', 'dataset_produces_2', 'dataset_consumes_1_and_2', 'dataset_consumes_unknown_never_scheduled', 'dataset_consumes_1_never_scheduled' retrieved from /home/airflow/.local/lib/python3.8/site-packages/airflow/example_dags/example_datasets.py
[2025-11-10T20:36:13.426+0000] {logging_mixin.py:188} INFO - [2025-11-10T20:36:13.425+0000] {override.py:1769} INFO - Created Permission View: can read on DAG:dataset_produces_1
[2025-11-10T20:36:13.438+0000] {logging_mixin.py:188} INFO - [2025-11-10T20:36:13.437+0000] {override.py:1769} INFO - Created Permission View: can edit on DAG:dataset_produces_1
[2025-11-10T20:36:13.447+0000] {logging_mixin.py:188} INFO - [2025-11-10T20:36:13.446+0000] {override.py:1769} INFO - Created Permission View: can delete on DAG:dataset_produces_1
[2025-11-10T20:36:13.465+0000] {logging_mixin.py:188} INFO - [2025-11-10T20:36:13.465+0000] {override.py:1769} INFO - Created Permission View: can read on DAG:dataset_consumes_1
[2025-11-10T20:36:13.474+0000] {logging_mixin.py:188} INFO - [2025-11-10T20:36:13.474+0000] {override.py:1769} INFO - Created Permission View: can edit on DAG:dataset_consumes_1
[2025-11-10T20:36:13.484+0000] {logging_mixin.py:188} INFO - [2025-11-10T20:36:13.483+0000] {override.py:1769} INFO - Created Permission View: can delete on DAG:dataset_consumes_1
[2025-11-10T20:36:13.500+0000] {logging_mixin.py:188} INFO - [2025-11-10T20:36:13.500+0000] {override.py:1769} INFO - Created Permission View: can read on DAG:dataset_produces_2
[2025-11-10T20:36:13.509+0000] {logging_mixin.py:188} INFO - [2025-11-10T20:36:13.509+0000] {override.py:1769} INFO - Created Permission View: can edit on DAG:dataset_produces_2
[2025-11-10T20:36:13.520+0000] {logging_mixin.py:188} INFO - [2025-11-10T20:36:13.520+0000] {override.py:1769} INFO - Created Permission View: can delete on DAG:dataset_produces_2
[2025-11-10T20:36:13.534+0000] {logging_mixin.py:188} INFO - [2025-11-10T20:36:13.534+0000] {override.py:1769} INFO - Created Permission View: can read on DAG:dataset_consumes_1_and_2
[2025-11-10T20:36:13.541+0000] {logging_mixin.py:188} INFO - [2025-11-10T20:36:13.541+0000] {override.py:1769} INFO - Created Permission View: can edit on DAG:dataset_consumes_1_and_2
[2025-11-10T20:36:13.548+0000] {logging_mixin.py:188} INFO - [2025-11-10T20:36:13.548+0000] {override.py:1769} INFO - Created Permission View: can delete on DAG:dataset_consumes_1_and_2
[2025-11-10T20:36:13.562+0000] {logging_mixin.py:188} INFO - [2025-11-10T20:36:13.562+0000] {override.py:1769} INFO - Created Permission View: can read on DAG:dataset_consumes_unknown_never_scheduled
[2025-11-10T20:36:13.569+0000] {logging_mixin.py:188} INFO - [2025-11-10T20:36:13.568+0000] {override.py:1769} INFO - Created Permission View: can edit on DAG:dataset_consumes_unknown_never_scheduled
[2025-11-10T20:36:13.576+0000] {logging_mixin.py:188} INFO - [2025-11-10T20:36:13.575+0000] {override.py:1769} INFO - Created Permission View: can delete on DAG:dataset_consumes_unknown_never_scheduled
[2025-11-10T20:36:13.588+0000] {logging_mixin.py:188} INFO - [2025-11-10T20:36:13.587+0000] {override.py:1769} INFO - Created Permission View: can read on DAG:dataset_consumes_1_never_scheduled
[2025-11-10T20:36:13.595+0000] {logging_mixin.py:188} INFO - [2025-11-10T20:36:13.594+0000] {override.py:1769} INFO - Created Permission View: can edit on DAG:dataset_consumes_1_never_scheduled
[2025-11-10T20:36:13.603+0000] {logging_mixin.py:188} INFO - [2025-11-10T20:36:13.602+0000] {override.py:1769} INFO - Created Permission View: can delete on DAG:dataset_consumes_1_never_scheduled
[2025-11-10T20:36:13.604+0000] {logging_mixin.py:188} INFO - [2025-11-10T20:36:13.603+0000] {dag.py:3047} INFO - Sync 6 DAGs
[2025-11-10T20:36:13.614+0000] {logging_mixin.py:188} INFO - [2025-11-10T20:36:13.614+0000] {dag.py:3069} INFO - Creating ORM DAG for dataset_consumes_1
[2025-11-10T20:36:13.615+0000] {logging_mixin.py:188} INFO - [2025-11-10T20:36:13.615+0000] {dag.py:3069} INFO - Creating ORM DAG for dataset_consumes_unknown_never_scheduled
[2025-11-10T20:36:13.617+0000] {logging_mixin.py:188} INFO - [2025-11-10T20:36:13.617+0000] {dag.py:3069} INFO - Creating ORM DAG for dataset_consumes_1_never_scheduled
[2025-11-10T20:36:13.618+0000] {logging_mixin.py:188} INFO - [2025-11-10T20:36:13.618+0000] {dag.py:3069} INFO - Creating ORM DAG for dataset_produces_2
[2025-11-10T20:36:13.619+0000] {logging_mixin.py:188} INFO - [2025-11-10T20:36:13.619+0000] {dag.py:3069} INFO - Creating ORM DAG for dataset_consumes_1_and_2
[2025-11-10T20:36:13.620+0000] {logging_mixin.py:188} INFO - [2025-11-10T20:36:13.620+0000] {dag.py:3069} INFO - Creating ORM DAG for dataset_produces_1
[2025-11-10T20:36:13.628+0000] {logging_mixin.py:188} INFO - [2025-11-10T20:36:13.628+0000] {dag.py:3834} INFO - Setting next_dagrun for dataset_consumes_1 to None, run_after=None
[2025-11-10T20:36:13.630+0000] {logging_mixin.py:188} INFO - [2025-11-10T20:36:13.629+0000] {dag.py:3834} INFO - Setting next_dagrun for dataset_consumes_1_and_2 to None, run_after=None
[2025-11-10T20:36:13.631+0000] {logging_mixin.py:188} INFO - [2025-11-10T20:36:13.631+0000] {dag.py:3834} INFO - Setting next_dagrun for dataset_consumes_1_never_scheduled to None, run_after=None
[2025-11-10T20:36:13.632+0000] {logging_mixin.py:188} INFO - [2025-11-10T20:36:13.632+0000] {dag.py:3834} INFO - Setting next_dagrun for dataset_consumes_unknown_never_scheduled to None, run_after=None
[2025-11-10T20:36:13.635+0000] {logging_mixin.py:188} INFO - [2025-11-10T20:36:13.634+0000] {dag.py:3834} INFO - Setting next_dagrun for dataset_produces_1 to 2025-11-09 00:00:00+00:00, run_after=2025-11-10 00:00:00+00:00
[2025-11-10T20:36:13.636+0000] {logging_mixin.py:188} INFO - [2025-11-10T20:36:13.636+0000] {dag.py:3834} INFO - Setting next_dagrun for dataset_produces_2 to None, run_after=None
[2025-11-10T20:36:13.681+0000] {processor.py:183} INFO - Processing /home/airflow/.local/lib/python3.8/site-packages/airflow/example_dags/example_datasets.py took 0.378 seconds
[2025-11-10T20:36:44.473+0000] {processor.py:161} INFO - Started process (PID=159) to work on /home/airflow/.local/lib/python3.8/site-packages/airflow/example_dags/example_datasets.py
[2025-11-10T20:36:44.475+0000] {processor.py:830} INFO - Processing file /home/airflow/.local/lib/python3.8/site-packages/airflow/example_dags/example_datasets.py for tasks to queue
[2025-11-10T20:36:44.477+0000] {logging_mixin.py:188} INFO - [2025-11-10T20:36:44.477+0000] {dagbag.py:540} INFO - Filling up the DagBag from /home/airflow/.local/lib/python3.8/site-packages/airflow/example_dags/example_datasets.py
[2025-11-10T20:36:44.488+0000] {processor.py:840} INFO - DAG(s) 'dataset_produces_2', 'dataset_consumes_1', 'dataset_consumes_1_never_scheduled', 'dataset_produces_1', 'dataset_consumes_unknown_never_scheduled', 'dataset_consumes_1_and_2' retrieved from /home/airflow/.local/lib/python3.8/site-packages/airflow/example_dags/example_datasets.py
[2025-11-10T20:36:44.522+0000] {logging_mixin.py:188} INFO - [2025-11-10T20:36:44.522+0000] {dag.py:3047} INFO - Sync 6 DAGs
[2025-11-10T20:36:44.543+0000] {logging_mixin.py:188} INFO - [2025-11-10T20:36:44.543+0000] {dag.py:3834} INFO - Setting next_dagrun for dataset_consumes_1 to None, run_after=None
[2025-11-10T20:36:44.548+0000] {logging_mixin.py:188} INFO - [2025-11-10T20:36:44.547+0000] {dag.py:3834} INFO - Setting next_dagrun for dataset_consumes_1_and_2 to None, run_after=None
[2025-11-10T20:36:44.549+0000] {logging_mixin.py:188} INFO - [2025-11-10T20:36:44.549+0000] {dag.py:3834} INFO - Setting next_dagrun for dataset_consumes_1_never_scheduled to None, run_after=None
[2025-11-10T20:36:44.551+0000] {logging_mixin.py:188} INFO - [2025-11-10T20:36:44.551+0000] {dag.py:3834} INFO - Setting next_dagrun for dataset_consumes_unknown_never_scheduled to None, run_after=None
[2025-11-10T20:36:44.555+0000] {logging_mixin.py:188} INFO - [2025-11-10T20:36:44.554+0000] {dag.py:3834} INFO - Setting next_dagrun for dataset_produces_1 to 2025-11-09 00:00:00+00:00, run_after=2025-11-10 00:00:00+00:00
[2025-11-10T20:36:44.563+0000] {logging_mixin.py:188} INFO - [2025-11-10T20:36:44.562+0000] {dag.py:3834} INFO - Setting next_dagrun for dataset_produces_2 to None, run_after=None
[2025-11-10T20:36:44.620+0000] {processor.py:183} INFO - Processing /home/airflow/.local/lib/python3.8/site-packages/airflow/example_dags/example_datasets.py took 0.150 seconds
[2025-11-10T20:37:15.222+0000] {processor.py:161} INFO - Started process (PID=214) to work on /home/airflow/.local/lib/python3.8/site-packages/airflow/example_dags/example_datasets.py
[2025-11-10T20:37:15.225+0000] {processor.py:830} INFO - Processing file /home/airflow/.local/lib/python3.8/site-packages/airflow/example_dags/example_datasets.py for tasks to queue
[2025-11-10T20:37:15.230+0000] {logging_mixin.py:188} INFO - [2025-11-10T20:37:15.229+0000] {dagbag.py:540} INFO - Filling up the DagBag from /home/airflow/.local/lib/python3.8/site-packages/airflow/example_dags/example_datasets.py
[2025-11-10T20:37:15.242+0000] {processor.py:840} INFO - DAG(s) 'dataset_produces_1', 'dataset_consumes_1_and_2', 'dataset_consumes_1_never_scheduled', 'dataset_produces_2', 'dataset_consumes_unknown_never_scheduled', 'dataset_consumes_1' retrieved from /home/airflow/.local/lib/python3.8/site-packages/airflow/example_dags/example_datasets.py
[2025-11-10T20:37:15.298+0000] {logging_mixin.py:188} INFO - [2025-11-10T20:37:15.298+0000] {dag.py:3047} INFO - Sync 6 DAGs
[2025-11-10T20:37:15.326+0000] {logging_mixin.py:188} INFO - [2025-11-10T20:37:15.325+0000] {dag.py:3834} INFO - Setting next_dagrun for dataset_consumes_1 to None, run_after=None
[2025-11-10T20:37:15.331+0000] {logging_mixin.py:188} INFO - [2025-11-10T20:37:15.330+0000] {dag.py:3834} INFO - Setting next_dagrun for dataset_consumes_1_and_2 to None, run_after=None
[2025-11-10T20:37:15.333+0000] {logging_mixin.py:188} INFO - [2025-11-10T20:37:15.333+0000] {dag.py:3834} INFO - Setting next_dagrun for dataset_consumes_1_never_scheduled to None, run_after=None
[2025-11-10T20:37:15.336+0000] {logging_mixin.py:188} INFO - [2025-11-10T20:37:15.335+0000] {dag.py:3834} INFO - Setting next_dagrun for dataset_consumes_unknown_never_scheduled to None, run_after=None
[2025-11-10T20:37:15.339+0000] {logging_mixin.py:188} INFO - [2025-11-10T20:37:15.339+0000] {dag.py:3834} INFO - Setting next_dagrun for dataset_produces_1 to 2025-11-09 00:00:00+00:00, run_after=2025-11-10 00:00:00+00:00
[2025-11-10T20:37:15.342+0000] {logging_mixin.py:188} INFO - [2025-11-10T20:37:15.341+0000] {dag.py:3834} INFO - Setting next_dagrun for dataset_produces_2 to None, run_after=None
[2025-11-10T20:37:15.390+0000] {processor.py:183} INFO - Processing /home/airflow/.local/lib/python3.8/site-packages/airflow/example_dags/example_datasets.py took 0.176 seconds
[2025-11-10T20:37:45.659+0000] {processor.py:161} INFO - Started process (PID=269) to work on /home/airflow/.local/lib/python3.8/site-packages/airflow/example_dags/example_datasets.py
[2025-11-10T20:37:45.663+0000] {processor.py:830} INFO - Processing file /home/airflow/.local/lib/python3.8/site-packages/airflow/example_dags/example_datasets.py for tasks to queue
[2025-11-10T20:37:45.666+0000] {logging_mixin.py:188} INFO - [2025-11-10T20:37:45.666+0000] {dagbag.py:540} INFO - Filling up the DagBag from /home/airflow/.local/lib/python3.8/site-packages/airflow/example_dags/example_datasets.py
[2025-11-10T20:37:45.678+0000] {processor.py:840} INFO - DAG(s) 'dataset_consumes_1_never_scheduled', 'dataset_consumes_1_and_2', 'dataset_consumes_unknown_never_scheduled', 'dataset_consumes_1', 'dataset_produces_1', 'dataset_produces_2' retrieved from /home/airflow/.local/lib/python3.8/site-packages/airflow/example_dags/example_datasets.py
[2025-11-10T20:37:45.718+0000] {logging_mixin.py:188} INFO - [2025-11-10T20:37:45.718+0000] {dag.py:3047} INFO - Sync 6 DAGs
[2025-11-10T20:37:45.740+0000] {logging_mixin.py:188} INFO - [2025-11-10T20:37:45.740+0000] {dag.py:3834} INFO - Setting next_dagrun for dataset_consumes_1 to None, run_after=None
[2025-11-10T20:37:45.744+0000] {logging_mixin.py:188} INFO - [2025-11-10T20:37:45.744+0000] {dag.py:3834} INFO - Setting next_dagrun for dataset_consumes_1_and_2 to None, run_after=None
[2025-11-10T20:37:45.746+0000] {logging_mixin.py:188} INFO - [2025-11-10T20:37:45.746+0000] {dag.py:3834} INFO - Setting next_dagrun for dataset_consumes_1_never_scheduled to None, run_after=None
[2025-11-10T20:37:45.748+0000] {logging_mixin.py:188} INFO - [2025-11-10T20:37:45.748+0000] {dag.py:3834} INFO - Setting next_dagrun for dataset_consumes_unknown_never_scheduled to None, run_after=None
[2025-11-10T20:37:45.751+0000] {logging_mixin.py:188} INFO - [2025-11-10T20:37:45.751+0000] {dag.py:3834} INFO - Setting next_dagrun for dataset_produces_1 to 2025-11-09 00:00:00+00:00, run_after=2025-11-10 00:00:00+00:00
[2025-11-10T20:37:45.753+0000] {logging_mixin.py:188} INFO - [2025-11-10T20:37:45.753+0000] {dag.py:3834} INFO - Setting next_dagrun for dataset_produces_2 to None, run_after=None
[2025-11-10T20:37:45.791+0000] {processor.py:183} INFO - Processing /home/airflow/.local/lib/python3.8/site-packages/airflow/example_dags/example_datasets.py took 0.136 seconds
[2025-11-10T20:38:16.023+0000] {processor.py:161} INFO - Started process (PID=324) to work on /home/airflow/.local/lib/python3.8/site-packages/airflow/example_dags/example_datasets.py
[2025-11-10T20:38:16.028+0000] {processor.py:830} INFO - Processing file /home/airflow/.local/lib/python3.8/site-packages/airflow/example_dags/example_datasets.py for tasks to queue
[2025-11-10T20:38:16.035+0000] {logging_mixin.py:188} INFO - [2025-11-10T20:38:16.034+0000] {dagbag.py:540} INFO - Filling up the DagBag from /home/airflow/.local/lib/python3.8/site-packages/airflow/example_dags/example_datasets.py
[2025-11-10T20:38:16.048+0000] {processor.py:840} INFO - DAG(s) 'dataset_consumes_1_never_scheduled', 'dataset_consumes_1_and_2', 'dataset_consumes_1', 'dataset_consumes_unknown_never_scheduled', 'dataset_produces_1', 'dataset_produces_2' retrieved from /home/airflow/.local/lib/python3.8/site-packages/airflow/example_dags/example_datasets.py
[2025-11-10T20:38:16.101+0000] {logging_mixin.py:188} INFO - [2025-11-10T20:38:16.101+0000] {dag.py:3047} INFO - Sync 6 DAGs
[2025-11-10T20:38:16.123+0000] {logging_mixin.py:188} INFO - [2025-11-10T20:38:16.122+0000] {dag.py:3834} INFO - Setting next_dagrun for dataset_consumes_1 to None, run_after=None
[2025-11-10T20:38:16.127+0000] {logging_mixin.py:188} INFO - [2025-11-10T20:38:16.127+0000] {dag.py:3834} INFO - Setting next_dagrun for dataset_consumes_1_and_2 to None, run_after=None
[2025-11-10T20:38:16.129+0000] {logging_mixin.py:188} INFO - [2025-11-10T20:38:16.129+0000] {dag.py:3834} INFO - Setting next_dagrun for dataset_consumes_1_never_scheduled to None, run_after=None
[2025-11-10T20:38:16.131+0000] {logging_mixin.py:188} INFO - [2025-11-10T20:38:16.131+0000] {dag.py:3834} INFO - Setting next_dagrun for dataset_consumes_unknown_never_scheduled to None, run_after=None
[2025-11-10T20:38:16.134+0000] {logging_mixin.py:188} INFO - [2025-11-10T20:38:16.134+0000] {dag.py:3834} INFO - Setting next_dagrun for dataset_produces_1 to 2025-11-09 00:00:00+00:00, run_after=2025-11-10 00:00:00+00:00
[2025-11-10T20:38:16.136+0000] {logging_mixin.py:188} INFO - [2025-11-10T20:38:16.136+0000] {dag.py:3834} INFO - Setting next_dagrun for dataset_produces_2 to None, run_after=None
[2025-11-10T20:38:16.172+0000] {processor.py:183} INFO - Processing /home/airflow/.local/lib/python3.8/site-packages/airflow/example_dags/example_datasets.py took 0.159 seconds
[2025-11-10T20:38:46.332+0000] {processor.py:161} INFO - Started process (PID=379) to work on /home/airflow/.local/lib/python3.8/site-packages/airflow/example_dags/example_datasets.py
[2025-11-10T20:38:46.334+0000] {processor.py:830} INFO - Processing file /home/airflow/.local/lib/python3.8/site-packages/airflow/example_dags/example_datasets.py for tasks to queue
[2025-11-10T20:38:46.335+0000] {logging_mixin.py:188} INFO - [2025-11-10T20:38:46.335+0000] {dagbag.py:540} INFO - Filling up the DagBag from /home/airflow/.local/lib/python3.8/site-packages/airflow/example_dags/example_datasets.py
[2025-11-10T20:38:46.345+0000] {processor.py:840} INFO - DAG(s) 'dataset_consumes_1', 'dataset_produces_1', 'dataset_consumes_1_never_scheduled', 'dataset_consumes_1_and_2', 'dataset_consumes_unknown_never_scheduled', 'dataset_produces_2' retrieved from /home/airflow/.local/lib/python3.8/site-packages/airflow/example_dags/example_datasets.py
[2025-11-10T20:38:46.382+0000] {logging_mixin.py:188} INFO - [2025-11-10T20:38:46.382+0000] {dag.py:3047} INFO - Sync 6 DAGs
[2025-11-10T20:38:46.407+0000] {logging_mixin.py:188} INFO - [2025-11-10T20:38:46.407+0000] {dag.py:3834} INFO - Setting next_dagrun for dataset_consumes_1 to None, run_after=None
[2025-11-10T20:38:46.411+0000] {logging_mixin.py:188} INFO - [2025-11-10T20:38:46.411+0000] {dag.py:3834} INFO - Setting next_dagrun for dataset_consumes_1_and_2 to None, run_after=None
[2025-11-10T20:38:46.413+0000] {logging_mixin.py:188} INFO - [2025-11-10T20:38:46.413+0000] {dag.py:3834} INFO - Setting next_dagrun for dataset_consumes_1_never_scheduled to None, run_after=None
[2025-11-10T20:38:46.415+0000] {logging_mixin.py:188} INFO - [2025-11-10T20:38:46.415+0000] {dag.py:3834} INFO - Setting next_dagrun for dataset_consumes_unknown_never_scheduled to None, run_after=None
[2025-11-10T20:38:46.419+0000] {logging_mixin.py:188} INFO - [2025-11-10T20:38:46.418+0000] {dag.py:3834} INFO - Setting next_dagrun for dataset_produces_1 to 2025-11-09 00:00:00+00:00, run_after=2025-11-10 00:00:00+00:00
[2025-11-10T20:38:46.421+0000] {logging_mixin.py:188} INFO - [2025-11-10T20:38:46.420+0000] {dag.py:3834} INFO - Setting next_dagrun for dataset_produces_2 to None, run_after=None
[2025-11-10T20:38:46.457+0000] {processor.py:183} INFO - Processing /home/airflow/.local/lib/python3.8/site-packages/airflow/example_dags/example_datasets.py took 0.128 seconds
[2025-11-10T20:39:16.531+0000] {processor.py:161} INFO - Started process (PID=434) to work on /home/airflow/.local/lib/python3.8/site-packages/airflow/example_dags/example_datasets.py
[2025-11-10T20:39:16.533+0000] {processor.py:830} INFO - Processing file /home/airflow/.local/lib/python3.8/site-packages/airflow/example_dags/example_datasets.py for tasks to queue
[2025-11-10T20:39:16.535+0000] {logging_mixin.py:188} INFO - [2025-11-10T20:39:16.535+0000] {dagbag.py:540} INFO - Filling up the DagBag from /home/airflow/.local/lib/python3.8/site-packages/airflow/example_dags/example_datasets.py
[2025-11-10T20:39:16.544+0000] {processor.py:840} INFO - DAG(s) 'dataset_consumes_1', 'dataset_consumes_1_never_scheduled', 'dataset_consumes_1_and_2', 'dataset_produces_1', 'dataset_consumes_unknown_never_scheduled', 'dataset_produces_2' retrieved from /home/airflow/.local/lib/python3.8/site-packages/airflow/example_dags/example_datasets.py
[2025-11-10T20:39:16.578+0000] {logging_mixin.py:188} INFO - [2025-11-10T20:39:16.578+0000] {dag.py:3047} INFO - Sync 6 DAGs
[2025-11-10T20:39:16.599+0000] {logging_mixin.py:188} INFO - [2025-11-10T20:39:16.599+0000] {dag.py:3834} INFO - Setting next_dagrun for dataset_consumes_1 to None, run_after=None
[2025-11-10T20:39:16.606+0000] {logging_mixin.py:188} INFO - [2025-11-10T20:39:16.606+0000] {dag.py:3834} INFO - Setting next_dagrun for dataset_consumes_1_and_2 to None, run_after=None
[2025-11-10T20:39:16.611+0000] {logging_mixin.py:188} INFO - [2025-11-10T20:39:16.610+0000] {dag.py:3834} INFO - Setting next_dagrun for dataset_consumes_1_never_scheduled to None, run_after=None
[2025-11-10T20:39:16.612+0000] {logging_mixin.py:188} INFO - [2025-11-10T20:39:16.612+0000] {dag.py:3834} INFO - Setting next_dagrun for dataset_consumes_unknown_never_scheduled to None, run_after=None
[2025-11-10T20:39:16.615+0000] {logging_mixin.py:188} INFO - [2025-11-10T20:39:16.615+0000] {dag.py:3834} INFO - Setting next_dagrun for dataset_produces_1 to 2025-11-09 00:00:00+00:00, run_after=2025-11-10 00:00:00+00:00
[2025-11-10T20:39:16.620+0000] {logging_mixin.py:188} INFO - [2025-11-10T20:39:16.619+0000] {dag.py:3834} INFO - Setting next_dagrun for dataset_produces_2 to None, run_after=None
[2025-11-10T20:39:16.648+0000] {processor.py:183} INFO - Processing /home/airflow/.local/lib/python3.8/site-packages/airflow/example_dags/example_datasets.py took 0.120 seconds
[2025-11-10T20:39:46.705+0000] {processor.py:161} INFO - Started process (PID=490) to work on /home/airflow/.local/lib/python3.8/site-packages/airflow/example_dags/example_datasets.py
[2025-11-10T20:39:46.707+0000] {processor.py:830} INFO - Processing file /home/airflow/.local/lib/python3.8/site-packages/airflow/example_dags/example_datasets.py for tasks to queue
[2025-11-10T20:39:46.710+0000] {logging_mixin.py:188} INFO - [2025-11-10T20:39:46.709+0000] {dagbag.py:540} INFO - Filling up the DagBag from /home/airflow/.local/lib/python3.8/site-packages/airflow/example_dags/example_datasets.py
[2025-11-10T20:39:46.719+0000] {processor.py:840} INFO - DAG(s) 'dataset_consumes_1_and_2', 'dataset_consumes_1', 'dataset_produces_1', 'dataset_consumes_1_never_scheduled', 'dataset_produces_2', 'dataset_consumes_unknown_never_scheduled' retrieved from /home/airflow/.local/lib/python3.8/site-packages/airflow/example_dags/example_datasets.py
[2025-11-10T20:39:46.758+0000] {logging_mixin.py:188} INFO - [2025-11-10T20:39:46.758+0000] {dag.py:3047} INFO - Sync 6 DAGs
[2025-11-10T20:39:46.783+0000] {logging_mixin.py:188} INFO - [2025-11-10T20:39:46.783+0000] {dag.py:3834} INFO - Setting next_dagrun for dataset_consumes_1 to None, run_after=None
[2025-11-10T20:39:46.789+0000] {logging_mixin.py:188} INFO - [2025-11-10T20:39:46.788+0000] {dag.py:3834} INFO - Setting next_dagrun for dataset_consumes_1_and_2 to None, run_after=None
[2025-11-10T20:39:46.791+0000] {logging_mixin.py:188} INFO - [2025-11-10T20:39:46.791+0000] {dag.py:3834} INFO - Setting next_dagrun for dataset_consumes_1_never_scheduled to None, run_after=None
[2025-11-10T20:39:46.795+0000] {logging_mixin.py:188} INFO - [2025-11-10T20:39:46.795+0000] {dag.py:3834} INFO - Setting next_dagrun for dataset_consumes_unknown_never_scheduled to None, run_after=None
[2025-11-10T20:39:46.798+0000] {logging_mixin.py:188} INFO - [2025-11-10T20:39:46.798+0000] {dag.py:3834} INFO - Setting next_dagrun for dataset_produces_1 to 2025-11-09 00:00:00+00:00, run_after=2025-11-10 00:00:00+00:00
[2025-11-10T20:39:46.800+0000] {logging_mixin.py:188} INFO - [2025-11-10T20:39:46.800+0000] {dag.py:3834} INFO - Setting next_dagrun for dataset_produces_2 to None, run_after=None
[2025-11-10T20:39:46.843+0000] {processor.py:183} INFO - Processing /home/airflow/.local/lib/python3.8/site-packages/airflow/example_dags/example_datasets.py took 0.141 seconds
[2025-11-10T20:40:17.117+0000] {processor.py:161} INFO - Started process (PID=544) to work on /home/airflow/.local/lib/python3.8/site-packages/airflow/example_dags/example_datasets.py
[2025-11-10T20:40:17.119+0000] {processor.py:830} INFO - Processing file /home/airflow/.local/lib/python3.8/site-packages/airflow/example_dags/example_datasets.py for tasks to queue
[2025-11-10T20:40:17.121+0000] {logging_mixin.py:188} INFO - [2025-11-10T20:40:17.120+0000] {dagbag.py:540} INFO - Filling up the DagBag from /home/airflow/.local/lib/python3.8/site-packages/airflow/example_dags/example_datasets.py
[2025-11-10T20:40:17.130+0000] {processor.py:840} INFO - DAG(s) 'dataset_produces_1', 'dataset_consumes_1', 'dataset_produces_2', 'dataset_consumes_1_never_scheduled', 'dataset_consumes_1_and_2', 'dataset_consumes_unknown_never_scheduled' retrieved from /home/airflow/.local/lib/python3.8/site-packages/airflow/example_dags/example_datasets.py
[2025-11-10T20:40:17.163+0000] {logging_mixin.py:188} INFO - [2025-11-10T20:40:17.162+0000] {dag.py:3047} INFO - Sync 6 DAGs
[2025-11-10T20:40:17.184+0000] {logging_mixin.py:188} INFO - [2025-11-10T20:40:17.184+0000] {dag.py:3834} INFO - Setting next_dagrun for dataset_consumes_1 to None, run_after=None
[2025-11-10T20:40:17.189+0000] {logging_mixin.py:188} INFO - [2025-11-10T20:40:17.188+0000] {dag.py:3834} INFO - Setting next_dagrun for dataset_consumes_1_and_2 to None, run_after=None
[2025-11-10T20:40:17.190+0000] {logging_mixin.py:188} INFO - [2025-11-10T20:40:17.190+0000] {dag.py:3834} INFO - Setting next_dagrun for dataset_consumes_1_never_scheduled to None, run_after=None
[2025-11-10T20:40:17.192+0000] {logging_mixin.py:188} INFO - [2025-11-10T20:40:17.192+0000] {dag.py:3834} INFO - Setting next_dagrun for dataset_consumes_unknown_never_scheduled to None, run_after=None
[2025-11-10T20:40:17.195+0000] {logging_mixin.py:188} INFO - [2025-11-10T20:40:17.194+0000] {dag.py:3834} INFO - Setting next_dagrun for dataset_produces_1 to 2025-11-09 00:00:00+00:00, run_after=2025-11-10 00:00:00+00:00
[2025-11-10T20:40:17.196+0000] {logging_mixin.py:188} INFO - [2025-11-10T20:40:17.196+0000] {dag.py:3834} INFO - Setting next_dagrun for dataset_produces_2 to None, run_after=None
[2025-11-10T20:40:17.235+0000] {processor.py:183} INFO - Processing /home/airflow/.local/lib/python3.8/site-packages/airflow/example_dags/example_datasets.py took 0.121 seconds
[2025-11-10T20:40:47.461+0000] {processor.py:161} INFO - Started process (PID=599) to work on /home/airflow/.local/lib/python3.8/site-packages/airflow/example_dags/example_datasets.py
[2025-11-10T20:40:47.462+0000] {processor.py:830} INFO - Processing file /home/airflow/.local/lib/python3.8/site-packages/airflow/example_dags/example_datasets.py for tasks to queue
[2025-11-10T20:40:47.464+0000] {logging_mixin.py:188} INFO - [2025-11-10T20:40:47.464+0000] {dagbag.py:540} INFO - Filling up the DagBag from /home/airflow/.local/lib/python3.8/site-packages/airflow/example_dags/example_datasets.py
[2025-11-10T20:40:47.474+0000] {processor.py:840} INFO - DAG(s) 'dataset_consumes_1_never_scheduled', 'dataset_produces_2', 'dataset_consumes_unknown_never_scheduled', 'dataset_consumes_1_and_2', 'dataset_produces_1', 'dataset_consumes_1' retrieved from /home/airflow/.local/lib/python3.8/site-packages/airflow/example_dags/example_datasets.py
[2025-11-10T20:40:47.513+0000] {logging_mixin.py:188} INFO - [2025-11-10T20:40:47.513+0000] {dag.py:3047} INFO - Sync 6 DAGs
[2025-11-10T20:40:47.535+0000] {logging_mixin.py:188} INFO - [2025-11-10T20:40:47.535+0000] {dag.py:3834} INFO - Setting next_dagrun for dataset_consumes_1 to None, run_after=None
[2025-11-10T20:40:47.541+0000] {logging_mixin.py:188} INFO - [2025-11-10T20:40:47.540+0000] {dag.py:3834} INFO - Setting next_dagrun for dataset_consumes_1_and_2 to None, run_after=None
[2025-11-10T20:40:47.542+0000] {logging_mixin.py:188} INFO - [2025-11-10T20:40:47.542+0000] {dag.py:3834} INFO - Setting next_dagrun for dataset_consumes_1_never_scheduled to None, run_after=None
[2025-11-10T20:40:47.544+0000] {logging_mixin.py:188} INFO - [2025-11-10T20:40:47.544+0000] {dag.py:3834} INFO - Setting next_dagrun for dataset_consumes_unknown_never_scheduled to None, run_after=None
[2025-11-10T20:40:47.547+0000] {logging_mixin.py:188} INFO - [2025-11-10T20:40:47.547+0000] {dag.py:3834} INFO - Setting next_dagrun for dataset_produces_1 to 2025-11-09 00:00:00+00:00, run_after=2025-11-10 00:00:00+00:00
[2025-11-10T20:40:47.549+0000] {logging_mixin.py:188} INFO - [2025-11-10T20:40:47.549+0000] {dag.py:3834} INFO - Setting next_dagrun for dataset_produces_2 to None, run_after=None
[2025-11-10T20:40:47.584+0000] {processor.py:183} INFO - Processing /home/airflow/.local/lib/python3.8/site-packages/airflow/example_dags/example_datasets.py took 0.127 seconds
[2025-11-10T20:41:17.987+0000] {processor.py:161} INFO - Started process (PID=654) to work on /home/airflow/.local/lib/python3.8/site-packages/airflow/example_dags/example_datasets.py
[2025-11-10T20:41:17.990+0000] {processor.py:830} INFO - Processing file /home/airflow/.local/lib/python3.8/site-packages/airflow/example_dags/example_datasets.py for tasks to queue
[2025-11-10T20:41:17.994+0000] {logging_mixin.py:188} INFO - [2025-11-10T20:41:17.993+0000] {dagbag.py:540} INFO - Filling up the DagBag from /home/airflow/.local/lib/python3.8/site-packages/airflow/example_dags/example_datasets.py
[2025-11-10T20:41:18.006+0000] {processor.py:840} INFO - DAG(s) 'dataset_consumes_1_never_scheduled', 'dataset_consumes_1_and_2', 'dataset_produces_1', 'dataset_produces_2', 'dataset_consumes_unknown_never_scheduled', 'dataset_consumes_1' retrieved from /home/airflow/.local/lib/python3.8/site-packages/airflow/example_dags/example_datasets.py
[2025-11-10T20:41:18.044+0000] {logging_mixin.py:188} INFO - [2025-11-10T20:41:18.044+0000] {dag.py:3047} INFO - Sync 6 DAGs
[2025-11-10T20:41:18.067+0000] {logging_mixin.py:188} INFO - [2025-11-10T20:41:18.067+0000] {dag.py:3834} INFO - Setting next_dagrun for dataset_consumes_1 to None, run_after=None
[2025-11-10T20:41:18.071+0000] {logging_mixin.py:188} INFO - [2025-11-10T20:41:18.071+0000] {dag.py:3834} INFO - Setting next_dagrun for dataset_consumes_1_and_2 to None, run_after=None
[2025-11-10T20:41:18.073+0000] {logging_mixin.py:188} INFO - [2025-11-10T20:41:18.073+0000] {dag.py:3834} INFO - Setting next_dagrun for dataset_consumes_1_never_scheduled to None, run_after=None
[2025-11-10T20:41:18.075+0000] {logging_mixin.py:188} INFO - [2025-11-10T20:41:18.075+0000] {dag.py:3834} INFO - Setting next_dagrun for dataset_consumes_unknown_never_scheduled to None, run_after=None
[2025-11-10T20:41:18.078+0000] {logging_mixin.py:188} INFO - [2025-11-10T20:41:18.078+0000] {dag.py:3834} INFO - Setting next_dagrun for dataset_produces_1 to 2025-11-09 00:00:00+00:00, run_after=2025-11-10 00:00:00+00:00
[2025-11-10T20:41:18.080+0000] {logging_mixin.py:188} INFO - [2025-11-10T20:41:18.080+0000] {dag.py:3834} INFO - Setting next_dagrun for dataset_produces_2 to None, run_after=None
[2025-11-10T20:41:18.109+0000] {processor.py:183} INFO - Processing /home/airflow/.local/lib/python3.8/site-packages/airflow/example_dags/example_datasets.py took 0.129 seconds
[2025-11-10T20:41:48.510+0000] {processor.py:161} INFO - Started process (PID=709) to work on /home/airflow/.local/lib/python3.8/site-packages/airflow/example_dags/example_datasets.py
[2025-11-10T20:41:48.511+0000] {processor.py:830} INFO - Processing file /home/airflow/.local/lib/python3.8/site-packages/airflow/example_dags/example_datasets.py for tasks to queue
[2025-11-10T20:41:48.514+0000] {logging_mixin.py:188} INFO - [2025-11-10T20:41:48.514+0000] {dagbag.py:540} INFO - Filling up the DagBag from /home/airflow/.local/lib/python3.8/site-packages/airflow/example_dags/example_datasets.py
[2025-11-10T20:41:48.523+0000] {processor.py:840} INFO - DAG(s) 'dataset_produces_2', 'dataset_consumes_1', 'dataset_consumes_unknown_never_scheduled', 'dataset_consumes_1_and_2', 'dataset_consumes_1_never_scheduled', 'dataset_produces_1' retrieved from /home/airflow/.local/lib/python3.8/site-packages/airflow/example_dags/example_datasets.py
[2025-11-10T20:41:48.559+0000] {logging_mixin.py:188} INFO - [2025-11-10T20:41:48.558+0000] {dag.py:3047} INFO - Sync 6 DAGs
[2025-11-10T20:41:48.581+0000] {logging_mixin.py:188} INFO - [2025-11-10T20:41:48.581+0000] {dag.py:3834} INFO - Setting next_dagrun for dataset_consumes_1 to None, run_after=None
[2025-11-10T20:41:48.585+0000] {logging_mixin.py:188} INFO - [2025-11-10T20:41:48.585+0000] {dag.py:3834} INFO - Setting next_dagrun for dataset_consumes_1_and_2 to None, run_after=None
[2025-11-10T20:41:48.588+0000] {logging_mixin.py:188} INFO - [2025-11-10T20:41:48.587+0000] {dag.py:3834} INFO - Setting next_dagrun for dataset_consumes_1_never_scheduled to None, run_after=None
[2025-11-10T20:41:48.589+0000] {logging_mixin.py:188} INFO - [2025-11-10T20:41:48.589+0000] {dag.py:3834} INFO - Setting next_dagrun for dataset_consumes_unknown_never_scheduled to None, run_after=None
[2025-11-10T20:41:48.592+0000] {logging_mixin.py:188} INFO - [2025-11-10T20:41:48.592+0000] {dag.py:3834} INFO - Setting next_dagrun for dataset_produces_1 to 2025-11-09 00:00:00+00:00, run_after=2025-11-10 00:00:00+00:00
[2025-11-10T20:41:48.594+0000] {logging_mixin.py:188} INFO - [2025-11-10T20:41:48.594+0000] {dag.py:3834} INFO - Setting next_dagrun for dataset_produces_2 to None, run_after=None
[2025-11-10T20:41:48.626+0000] {processor.py:183} INFO - Processing /home/airflow/.local/lib/python3.8/site-packages/airflow/example_dags/example_datasets.py took 0.120 seconds
[2025-11-10T20:42:19.361+0000] {processor.py:161} INFO - Started process (PID=764) to work on /home/airflow/.local/lib/python3.8/site-packages/airflow/example_dags/example_datasets.py
[2025-11-10T20:42:19.362+0000] {processor.py:830} INFO - Processing file /home/airflow/.local/lib/python3.8/site-packages/airflow/example_dags/example_datasets.py for tasks to queue
[2025-11-10T20:42:19.365+0000] {logging_mixin.py:188} INFO - [2025-11-10T20:42:19.364+0000] {dagbag.py:540} INFO - Filling up the DagBag from /home/airflow/.local/lib/python3.8/site-packages/airflow/example_dags/example_datasets.py
[2025-11-10T20:42:19.375+0000] {processor.py:840} INFO - DAG(s) 'dataset_consumes_1_and_2', 'dataset_consumes_1', 'dataset_produces_1', 'dataset_produces_2', 'dataset_consumes_1_never_scheduled', 'dataset_consumes_unknown_never_scheduled' retrieved from /home/airflow/.local/lib/python3.8/site-packages/airflow/example_dags/example_datasets.py
[2025-11-10T20:42:19.410+0000] {logging_mixin.py:188} INFO - [2025-11-10T20:42:19.410+0000] {dag.py:3047} INFO - Sync 6 DAGs
[2025-11-10T20:42:19.430+0000] {logging_mixin.py:188} INFO - [2025-11-10T20:42:19.430+0000] {dag.py:3834} INFO - Setting next_dagrun for dataset_consumes_1 to None, run_after=None
[2025-11-10T20:42:19.434+0000] {logging_mixin.py:188} INFO - [2025-11-10T20:42:19.434+0000] {dag.py:3834} INFO - Setting next_dagrun for dataset_consumes_1_and_2 to None, run_after=None
[2025-11-10T20:42:19.436+0000] {logging_mixin.py:188} INFO - [2025-11-10T20:42:19.436+0000] {dag.py:3834} INFO - Setting next_dagrun for dataset_consumes_1_never_scheduled to None, run_after=None
[2025-11-10T20:42:19.438+0000] {logging_mixin.py:188} INFO - [2025-11-10T20:42:19.438+0000] {dag.py:3834} INFO - Setting next_dagrun for dataset_consumes_unknown_never_scheduled to None, run_after=None
[2025-11-10T20:42:19.441+0000] {logging_mixin.py:188} INFO - [2025-11-10T20:42:19.441+0000] {dag.py:3834} INFO - Setting next_dagrun for dataset_produces_1 to 2025-11-09 00:00:00+00:00, run_after=2025-11-10 00:00:00+00:00
[2025-11-10T20:42:19.443+0000] {logging_mixin.py:188} INFO - [2025-11-10T20:42:19.443+0000] {dag.py:3834} INFO - Setting next_dagrun for dataset_produces_2 to None, run_after=None
[2025-11-10T20:42:19.477+0000] {processor.py:183} INFO - Processing /home/airflow/.local/lib/python3.8/site-packages/airflow/example_dags/example_datasets.py took 0.120 seconds
[2025-11-10T20:42:49.760+0000] {processor.py:161} INFO - Started process (PID=819) to work on /home/airflow/.local/lib/python3.8/site-packages/airflow/example_dags/example_datasets.py
[2025-11-10T20:42:49.761+0000] {processor.py:830} INFO - Processing file /home/airflow/.local/lib/python3.8/site-packages/airflow/example_dags/example_datasets.py for tasks to queue
[2025-11-10T20:42:49.764+0000] {logging_mixin.py:188} INFO - [2025-11-10T20:42:49.764+0000] {dagbag.py:540} INFO - Filling up the DagBag from /home/airflow/.local/lib/python3.8/site-packages/airflow/example_dags/example_datasets.py
[2025-11-10T20:42:49.773+0000] {processor.py:840} INFO - DAG(s) 'dataset_consumes_1_and_2', 'dataset_produces_2', 'dataset_consumes_1', 'dataset_produces_1', 'dataset_consumes_unknown_never_scheduled', 'dataset_consumes_1_never_scheduled' retrieved from /home/airflow/.local/lib/python3.8/site-packages/airflow/example_dags/example_datasets.py
[2025-11-10T20:42:49.809+0000] {logging_mixin.py:188} INFO - [2025-11-10T20:42:49.809+0000] {dag.py:3047} INFO - Sync 6 DAGs
[2025-11-10T20:42:49.832+0000] {logging_mixin.py:188} INFO - [2025-11-10T20:42:49.832+0000] {dag.py:3834} INFO - Setting next_dagrun for dataset_consumes_1 to None, run_after=None
[2025-11-10T20:42:49.839+0000] {logging_mixin.py:188} INFO - [2025-11-10T20:42:49.839+0000] {dag.py:3834} INFO - Setting next_dagrun for dataset_consumes_1_and_2 to None, run_after=None
[2025-11-10T20:42:49.844+0000] {logging_mixin.py:188} INFO - [2025-11-10T20:42:49.844+0000] {dag.py:3834} INFO - Setting next_dagrun for dataset_consumes_1_never_scheduled to None, run_after=None
[2025-11-10T20:42:49.847+0000] {logging_mixin.py:188} INFO - [2025-11-10T20:42:49.847+0000] {dag.py:3834} INFO - Setting next_dagrun for dataset_consumes_unknown_never_scheduled to None, run_after=None
[2025-11-10T20:42:49.854+0000] {logging_mixin.py:188} INFO - [2025-11-10T20:42:49.854+0000] {dag.py:3834} INFO - Setting next_dagrun for dataset_produces_1 to 2025-11-09 00:00:00+00:00, run_after=2025-11-10 00:00:00+00:00
[2025-11-10T20:42:49.858+0000] {logging_mixin.py:188} INFO - [2025-11-10T20:42:49.858+0000] {dag.py:3834} INFO - Setting next_dagrun for dataset_produces_2 to None, run_after=None
[2025-11-10T20:42:49.891+0000] {processor.py:183} INFO - Processing /home/airflow/.local/lib/python3.8/site-packages/airflow/example_dags/example_datasets.py took 0.134 seconds
[2025-11-10T20:43:20.218+0000] {processor.py:161} INFO - Started process (PID=874) to work on /home/airflow/.local/lib/python3.8/site-packages/airflow/example_dags/example_datasets.py
[2025-11-10T20:43:20.219+0000] {processor.py:830} INFO - Processing file /home/airflow/.local/lib/python3.8/site-packages/airflow/example_dags/example_datasets.py for tasks to queue
[2025-11-10T20:43:20.221+0000] {logging_mixin.py:188} INFO - [2025-11-10T20:43:20.221+0000] {dagbag.py:540} INFO - Filling up the DagBag from /home/airflow/.local/lib/python3.8/site-packages/airflow/example_dags/example_datasets.py
[2025-11-10T20:43:20.230+0000] {processor.py:840} INFO - DAG(s) 'dataset_consumes_1_and_2', 'dataset_produces_2', 'dataset_consumes_1', 'dataset_consumes_1_never_scheduled', 'dataset_consumes_unknown_never_scheduled', 'dataset_produces_1' retrieved from /home/airflow/.local/lib/python3.8/site-packages/airflow/example_dags/example_datasets.py
[2025-11-10T20:43:20.262+0000] {logging_mixin.py:188} INFO - [2025-11-10T20:43:20.262+0000] {dag.py:3047} INFO - Sync 6 DAGs
[2025-11-10T20:43:20.297+0000] {logging_mixin.py:188} INFO - [2025-11-10T20:43:20.296+0000] {dag.py:3834} INFO - Setting next_dagrun for dataset_consumes_1 to None, run_after=None
[2025-11-10T20:43:20.301+0000] {logging_mixin.py:188} INFO - [2025-11-10T20:43:20.301+0000] {dag.py:3834} INFO - Setting next_dagrun for dataset_consumes_1_and_2 to None, run_after=None
[2025-11-10T20:43:20.303+0000] {logging_mixin.py:188} INFO - [2025-11-10T20:43:20.303+0000] {dag.py:3834} INFO - Setting next_dagrun for dataset_consumes_1_never_scheduled to None, run_after=None
[2025-11-10T20:43:20.305+0000] {logging_mixin.py:188} INFO - [2025-11-10T20:43:20.305+0000] {dag.py:3834} INFO - Setting next_dagrun for dataset_consumes_unknown_never_scheduled to None, run_after=None
[2025-11-10T20:43:20.308+0000] {logging_mixin.py:188} INFO - [2025-11-10T20:43:20.308+0000] {dag.py:3834} INFO - Setting next_dagrun for dataset_produces_1 to 2025-11-09 00:00:00+00:00, run_after=2025-11-10 00:00:00+00:00
[2025-11-10T20:43:20.310+0000] {logging_mixin.py:188} INFO - [2025-11-10T20:43:20.310+0000] {dag.py:3834} INFO - Setting next_dagrun for dataset_produces_2 to None, run_after=None
[2025-11-10T20:43:20.342+0000] {processor.py:183} INFO - Processing /home/airflow/.local/lib/python3.8/site-packages/airflow/example_dags/example_datasets.py took 0.128 seconds
[2025-11-10T20:43:50.606+0000] {processor.py:161} INFO - Started process (PID=928) to work on /home/airflow/.local/lib/python3.8/site-packages/airflow/example_dags/example_datasets.py
[2025-11-10T20:43:50.609+0000] {processor.py:830} INFO - Processing file /home/airflow/.local/lib/python3.8/site-packages/airflow/example_dags/example_datasets.py for tasks to queue
[2025-11-10T20:43:50.613+0000] {logging_mixin.py:188} INFO - [2025-11-10T20:43:50.612+0000] {dagbag.py:540} INFO - Filling up the DagBag from /home/airflow/.local/lib/python3.8/site-packages/airflow/example_dags/example_datasets.py
[2025-11-10T20:43:50.628+0000] {processor.py:840} INFO - DAG(s) 'dataset_produces_1', 'dataset_consumes_1_never_scheduled', 'dataset_consumes_1_and_2', 'dataset_produces_2', 'dataset_consumes_1', 'dataset_consumes_unknown_never_scheduled' retrieved from /home/airflow/.local/lib/python3.8/site-packages/airflow/example_dags/example_datasets.py
[2025-11-10T20:43:50.668+0000] {logging_mixin.py:188} INFO - [2025-11-10T20:43:50.668+0000] {dag.py:3047} INFO - Sync 6 DAGs
[2025-11-10T20:43:50.697+0000] {logging_mixin.py:188} INFO - [2025-11-10T20:43:50.697+0000] {dag.py:3834} INFO - Setting next_dagrun for dataset_consumes_1 to None, run_after=None
[2025-11-10T20:43:50.702+0000] {logging_mixin.py:188} INFO - [2025-11-10T20:43:50.701+0000] {dag.py:3834} INFO - Setting next_dagrun for dataset_consumes_1_and_2 to None, run_after=None
[2025-11-10T20:43:50.704+0000] {logging_mixin.py:188} INFO - [2025-11-10T20:43:50.704+0000] {dag.py:3834} INFO - Setting next_dagrun for dataset_consumes_1_never_scheduled to None, run_after=None
[2025-11-10T20:43:50.706+0000] {logging_mixin.py:188} INFO - [2025-11-10T20:43:50.706+0000] {dag.py:3834} INFO - Setting next_dagrun for dataset_consumes_unknown_never_scheduled to None, run_after=None
[2025-11-10T20:43:50.712+0000] {logging_mixin.py:188} INFO - [2025-11-10T20:43:50.711+0000] {dag.py:3834} INFO - Setting next_dagrun for dataset_produces_1 to 2025-11-09 00:00:00+00:00, run_after=2025-11-10 00:00:00+00:00
[2025-11-10T20:43:50.715+0000] {logging_mixin.py:188} INFO - [2025-11-10T20:43:50.715+0000] {dag.py:3834} INFO - Setting next_dagrun for dataset_produces_2 to None, run_after=None
[2025-11-10T20:43:50.749+0000] {processor.py:183} INFO - Processing /home/airflow/.local/lib/python3.8/site-packages/airflow/example_dags/example_datasets.py took 0.150 seconds
[2025-11-10T20:44:21.361+0000] {processor.py:161} INFO - Started process (PID=983) to work on /home/airflow/.local/lib/python3.8/site-packages/airflow/example_dags/example_datasets.py
[2025-11-10T20:44:21.362+0000] {processor.py:830} INFO - Processing file /home/airflow/.local/lib/python3.8/site-packages/airflow/example_dags/example_datasets.py for tasks to queue
[2025-11-10T20:44:21.365+0000] {logging_mixin.py:188} INFO - [2025-11-10T20:44:21.364+0000] {dagbag.py:540} INFO - Filling up the DagBag from /home/airflow/.local/lib/python3.8/site-packages/airflow/example_dags/example_datasets.py
[2025-11-10T20:44:21.374+0000] {processor.py:840} INFO - DAG(s) 'dataset_consumes_1_and_2', 'dataset_produces_1', 'dataset_consumes_1', 'dataset_consumes_unknown_never_scheduled', 'dataset_produces_2', 'dataset_consumes_1_never_scheduled' retrieved from /home/airflow/.local/lib/python3.8/site-packages/airflow/example_dags/example_datasets.py
[2025-11-10T20:44:21.411+0000] {logging_mixin.py:188} INFO - [2025-11-10T20:44:21.411+0000] {dag.py:3047} INFO - Sync 6 DAGs
[2025-11-10T20:44:21.433+0000] {logging_mixin.py:188} INFO - [2025-11-10T20:44:21.433+0000] {dag.py:3834} INFO - Setting next_dagrun for dataset_consumes_1 to None, run_after=None
[2025-11-10T20:44:21.438+0000] {logging_mixin.py:188} INFO - [2025-11-10T20:44:21.438+0000] {dag.py:3834} INFO - Setting next_dagrun for dataset_consumes_1_and_2 to None, run_after=None
[2025-11-10T20:44:21.440+0000] {logging_mixin.py:188} INFO - [2025-11-10T20:44:21.439+0000] {dag.py:3834} INFO - Setting next_dagrun for dataset_consumes_1_never_scheduled to None, run_after=None
[2025-11-10T20:44:21.442+0000] {logging_mixin.py:188} INFO - [2025-11-10T20:44:21.441+0000] {dag.py:3834} INFO - Setting next_dagrun for dataset_consumes_unknown_never_scheduled to None, run_after=None
[2025-11-10T20:44:21.445+0000] {logging_mixin.py:188} INFO - [2025-11-10T20:44:21.445+0000] {dag.py:3834} INFO - Setting next_dagrun for dataset_produces_1 to 2025-11-09 00:00:00+00:00, run_after=2025-11-10 00:00:00+00:00
[2025-11-10T20:44:21.446+0000] {logging_mixin.py:188} INFO - [2025-11-10T20:44:21.446+0000] {dag.py:3834} INFO - Setting next_dagrun for dataset_produces_2 to None, run_after=None
[2025-11-10T20:44:21.478+0000] {processor.py:183} INFO - Processing /home/airflow/.local/lib/python3.8/site-packages/airflow/example_dags/example_datasets.py took 0.120 seconds
[2025-11-10T20:44:52.037+0000] {processor.py:161} INFO - Started process (PID=1038) to work on /home/airflow/.local/lib/python3.8/site-packages/airflow/example_dags/example_datasets.py
[2025-11-10T20:44:52.039+0000] {processor.py:830} INFO - Processing file /home/airflow/.local/lib/python3.8/site-packages/airflow/example_dags/example_datasets.py for tasks to queue
[2025-11-10T20:44:52.043+0000] {logging_mixin.py:188} INFO - [2025-11-10T20:44:52.042+0000] {dagbag.py:540} INFO - Filling up the DagBag from /home/airflow/.local/lib/python3.8/site-packages/airflow/example_dags/example_datasets.py
[2025-11-10T20:44:52.053+0000] {processor.py:840} INFO - DAG(s) 'dataset_consumes_1_and_2', 'dataset_consumes_1', 'dataset_produces_1', 'dataset_produces_2', 'dataset_consumes_unknown_never_scheduled', 'dataset_consumes_1_never_scheduled' retrieved from /home/airflow/.local/lib/python3.8/site-packages/airflow/example_dags/example_datasets.py
[2025-11-10T20:44:52.096+0000] {logging_mixin.py:188} INFO - [2025-11-10T20:44:52.096+0000] {dag.py:3047} INFO - Sync 6 DAGs
[2025-11-10T20:44:52.122+0000] {logging_mixin.py:188} INFO - [2025-11-10T20:44:52.121+0000] {dag.py:3834} INFO - Setting next_dagrun for dataset_consumes_1 to None, run_after=None
[2025-11-10T20:44:52.126+0000] {logging_mixin.py:188} INFO - [2025-11-10T20:44:52.126+0000] {dag.py:3834} INFO - Setting next_dagrun for dataset_consumes_1_and_2 to None, run_after=None
[2025-11-10T20:44:52.128+0000] {logging_mixin.py:188} INFO - [2025-11-10T20:44:52.128+0000] {dag.py:3834} INFO - Setting next_dagrun for dataset_consumes_1_never_scheduled to None, run_after=None
[2025-11-10T20:44:52.130+0000] {logging_mixin.py:188} INFO - [2025-11-10T20:44:52.130+0000] {dag.py:3834} INFO - Setting next_dagrun for dataset_consumes_unknown_never_scheduled to None, run_after=None
[2025-11-10T20:44:52.134+0000] {logging_mixin.py:188} INFO - [2025-11-10T20:44:52.134+0000] {dag.py:3834} INFO - Setting next_dagrun for dataset_produces_1 to 2025-11-09 00:00:00+00:00, run_after=2025-11-10 00:00:00+00:00
[2025-11-10T20:44:52.136+0000] {logging_mixin.py:188} INFO - [2025-11-10T20:44:52.136+0000] {dag.py:3834} INFO - Setting next_dagrun for dataset_produces_2 to None, run_after=None
[2025-11-10T20:44:52.187+0000] {processor.py:183} INFO - Processing /home/airflow/.local/lib/python3.8/site-packages/airflow/example_dags/example_datasets.py took 0.154 seconds
[2025-11-10T20:45:22.449+0000] {processor.py:161} INFO - Started process (PID=1093) to work on /home/airflow/.local/lib/python3.8/site-packages/airflow/example_dags/example_datasets.py
[2025-11-10T20:45:22.452+0000] {processor.py:830} INFO - Processing file /home/airflow/.local/lib/python3.8/site-packages/airflow/example_dags/example_datasets.py for tasks to queue
[2025-11-10T20:45:22.458+0000] {logging_mixin.py:188} INFO - [2025-11-10T20:45:22.457+0000] {dagbag.py:540} INFO - Filling up the DagBag from /home/airflow/.local/lib/python3.8/site-packages/airflow/example_dags/example_datasets.py
[2025-11-10T20:45:22.472+0000] {processor.py:840} INFO - DAG(s) 'dataset_produces_2', 'dataset_produces_1', 'dataset_consumes_1_never_scheduled', 'dataset_consumes_1', 'dataset_consumes_1_and_2', 'dataset_consumes_unknown_never_scheduled' retrieved from /home/airflow/.local/lib/python3.8/site-packages/airflow/example_dags/example_datasets.py
[2025-11-10T20:45:22.542+0000] {logging_mixin.py:188} INFO - [2025-11-10T20:45:22.542+0000] {dag.py:3047} INFO - Sync 6 DAGs
[2025-11-10T20:45:22.564+0000] {logging_mixin.py:188} INFO - [2025-11-10T20:45:22.564+0000] {dag.py:3834} INFO - Setting next_dagrun for dataset_consumes_1 to None, run_after=None
[2025-11-10T20:45:22.568+0000] {logging_mixin.py:188} INFO - [2025-11-10T20:45:22.568+0000] {dag.py:3834} INFO - Setting next_dagrun for dataset_consumes_1_and_2 to None, run_after=None
[2025-11-10T20:45:22.571+0000] {logging_mixin.py:188} INFO - [2025-11-10T20:45:22.571+0000] {dag.py:3834} INFO - Setting next_dagrun for dataset_consumes_1_never_scheduled to None, run_after=None
[2025-11-10T20:45:22.573+0000] {logging_mixin.py:188} INFO - [2025-11-10T20:45:22.573+0000] {dag.py:3834} INFO - Setting next_dagrun for dataset_consumes_unknown_never_scheduled to None, run_after=None
[2025-11-10T20:45:22.576+0000] {logging_mixin.py:188} INFO - [2025-11-10T20:45:22.575+0000] {dag.py:3834} INFO - Setting next_dagrun for dataset_produces_1 to 2025-11-09 00:00:00+00:00, run_after=2025-11-10 00:00:00+00:00
[2025-11-10T20:45:22.580+0000] {logging_mixin.py:188} INFO - [2025-11-10T20:45:22.579+0000] {dag.py:3834} INFO - Setting next_dagrun for dataset_produces_2 to None, run_after=None
[2025-11-10T20:45:22.627+0000] {processor.py:183} INFO - Processing /home/airflow/.local/lib/python3.8/site-packages/airflow/example_dags/example_datasets.py took 0.188 seconds
[2025-11-10T20:45:53.019+0000] {processor.py:161} INFO - Started process (PID=1148) to work on /home/airflow/.local/lib/python3.8/site-packages/airflow/example_dags/example_datasets.py
[2025-11-10T20:45:53.021+0000] {processor.py:830} INFO - Processing file /home/airflow/.local/lib/python3.8/site-packages/airflow/example_dags/example_datasets.py for tasks to queue
[2025-11-10T20:45:53.023+0000] {logging_mixin.py:188} INFO - [2025-11-10T20:45:53.022+0000] {dagbag.py:540} INFO - Filling up the DagBag from /home/airflow/.local/lib/python3.8/site-packages/airflow/example_dags/example_datasets.py
[2025-11-10T20:45:53.033+0000] {processor.py:840} INFO - DAG(s) 'dataset_produces_1', 'dataset_consumes_1_and_2', 'dataset_consumes_1_never_scheduled', 'dataset_produces_2', 'dataset_consumes_1', 'dataset_consumes_unknown_never_scheduled' retrieved from /home/airflow/.local/lib/python3.8/site-packages/airflow/example_dags/example_datasets.py
[2025-11-10T20:45:53.072+0000] {logging_mixin.py:188} INFO - [2025-11-10T20:45:53.072+0000] {dag.py:3047} INFO - Sync 6 DAGs
[2025-11-10T20:45:53.096+0000] {logging_mixin.py:188} INFO - [2025-11-10T20:45:53.096+0000] {dag.py:3834} INFO - Setting next_dagrun for dataset_consumes_1 to None, run_after=None
[2025-11-10T20:45:53.100+0000] {logging_mixin.py:188} INFO - [2025-11-10T20:45:53.100+0000] {dag.py:3834} INFO - Setting next_dagrun for dataset_consumes_1_and_2 to None, run_after=None
[2025-11-10T20:45:53.103+0000] {logging_mixin.py:188} INFO - [2025-11-10T20:45:53.103+0000] {dag.py:3834} INFO - Setting next_dagrun for dataset_consumes_1_never_scheduled to None, run_after=None
[2025-11-10T20:45:53.105+0000] {logging_mixin.py:188} INFO - [2025-11-10T20:45:53.104+0000] {dag.py:3834} INFO - Setting next_dagrun for dataset_consumes_unknown_never_scheduled to None, run_after=None
[2025-11-10T20:45:53.108+0000] {logging_mixin.py:188} INFO - [2025-11-10T20:45:53.108+0000] {dag.py:3834} INFO - Setting next_dagrun for dataset_produces_1 to 2025-11-09 00:00:00+00:00, run_after=2025-11-10 00:00:00+00:00
[2025-11-10T20:45:53.110+0000] {logging_mixin.py:188} INFO - [2025-11-10T20:45:53.110+0000] {dag.py:3834} INFO - Setting next_dagrun for dataset_produces_2 to None, run_after=None
[2025-11-10T20:45:53.146+0000] {processor.py:183} INFO - Processing /home/airflow/.local/lib/python3.8/site-packages/airflow/example_dags/example_datasets.py took 0.131 seconds
[2025-11-10T20:46:23.373+0000] {processor.py:161} INFO - Started process (PID=1203) to work on /home/airflow/.local/lib/python3.8/site-packages/airflow/example_dags/example_datasets.py
[2025-11-10T20:46:23.376+0000] {processor.py:830} INFO - Processing file /home/airflow/.local/lib/python3.8/site-packages/airflow/example_dags/example_datasets.py for tasks to queue
[2025-11-10T20:46:23.382+0000] {logging_mixin.py:188} INFO - [2025-11-10T20:46:23.381+0000] {dagbag.py:540} INFO - Filling up the DagBag from /home/airflow/.local/lib/python3.8/site-packages/airflow/example_dags/example_datasets.py
[2025-11-10T20:46:23.395+0000] {processor.py:840} INFO - DAG(s) 'dataset_consumes_1_never_scheduled', 'dataset_consumes_1', 'dataset_consumes_1_and_2', 'dataset_produces_2', 'dataset_consumes_unknown_never_scheduled', 'dataset_produces_1' retrieved from /home/airflow/.local/lib/python3.8/site-packages/airflow/example_dags/example_datasets.py
[2025-11-10T20:46:23.433+0000] {logging_mixin.py:188} INFO - [2025-11-10T20:46:23.433+0000] {dag.py:3047} INFO - Sync 6 DAGs
[2025-11-10T20:46:23.454+0000] {logging_mixin.py:188} INFO - [2025-11-10T20:46:23.454+0000] {dag.py:3834} INFO - Setting next_dagrun for dataset_consumes_1 to None, run_after=None
[2025-11-10T20:46:23.459+0000] {logging_mixin.py:188} INFO - [2025-11-10T20:46:23.459+0000] {dag.py:3834} INFO - Setting next_dagrun for dataset_consumes_1_and_2 to None, run_after=None
[2025-11-10T20:46:23.461+0000] {logging_mixin.py:188} INFO - [2025-11-10T20:46:23.461+0000] {dag.py:3834} INFO - Setting next_dagrun for dataset_consumes_1_never_scheduled to None, run_after=None
[2025-11-10T20:46:23.463+0000] {logging_mixin.py:188} INFO - [2025-11-10T20:46:23.463+0000] {dag.py:3834} INFO - Setting next_dagrun for dataset_consumes_unknown_never_scheduled to None, run_after=None
[2025-11-10T20:46:23.467+0000] {logging_mixin.py:188} INFO - [2025-11-10T20:46:23.467+0000] {dag.py:3834} INFO - Setting next_dagrun for dataset_produces_1 to 2025-11-09 00:00:00+00:00, run_after=2025-11-10 00:00:00+00:00
[2025-11-10T20:46:23.473+0000] {logging_mixin.py:188} INFO - [2025-11-10T20:46:23.473+0000] {dag.py:3834} INFO - Setting next_dagrun for dataset_produces_2 to None, run_after=None
[2025-11-10T20:46:23.505+0000] {processor.py:183} INFO - Processing /home/airflow/.local/lib/python3.8/site-packages/airflow/example_dags/example_datasets.py took 0.136 seconds
[2025-11-10T20:46:54.309+0000] {processor.py:161} INFO - Started process (PID=1259) to work on /home/airflow/.local/lib/python3.8/site-packages/airflow/example_dags/example_datasets.py
[2025-11-10T20:46:54.311+0000] {processor.py:830} INFO - Processing file /home/airflow/.local/lib/python3.8/site-packages/airflow/example_dags/example_datasets.py for tasks to queue
[2025-11-10T20:46:54.314+0000] {logging_mixin.py:188} INFO - [2025-11-10T20:46:54.313+0000] {dagbag.py:540} INFO - Filling up the DagBag from /home/airflow/.local/lib/python3.8/site-packages/airflow/example_dags/example_datasets.py
[2025-11-10T20:46:54.325+0000] {processor.py:840} INFO - DAG(s) 'dataset_produces_1', 'dataset_consumes_1', 'dataset_produces_2', 'dataset_consumes_1_never_scheduled', 'dataset_consumes_unknown_never_scheduled', 'dataset_consumes_1_and_2' retrieved from /home/airflow/.local/lib/python3.8/site-packages/airflow/example_dags/example_datasets.py
[2025-11-10T20:46:54.363+0000] {logging_mixin.py:188} INFO - [2025-11-10T20:46:54.362+0000] {dag.py:3047} INFO - Sync 6 DAGs
[2025-11-10T20:46:54.385+0000] {logging_mixin.py:188} INFO - [2025-11-10T20:46:54.384+0000] {dag.py:3834} INFO - Setting next_dagrun for dataset_consumes_1 to None, run_after=None
[2025-11-10T20:46:54.389+0000] {logging_mixin.py:188} INFO - [2025-11-10T20:46:54.389+0000] {dag.py:3834} INFO - Setting next_dagrun for dataset_consumes_1_and_2 to None, run_after=None
[2025-11-10T20:46:54.391+0000] {logging_mixin.py:188} INFO - [2025-11-10T20:46:54.391+0000] {dag.py:3834} INFO - Setting next_dagrun for dataset_consumes_1_never_scheduled to None, run_after=None
[2025-11-10T20:46:54.393+0000] {logging_mixin.py:188} INFO - [2025-11-10T20:46:54.393+0000] {dag.py:3834} INFO - Setting next_dagrun for dataset_consumes_unknown_never_scheduled to None, run_after=None
[2025-11-10T20:46:54.396+0000] {logging_mixin.py:188} INFO - [2025-11-10T20:46:54.396+0000] {dag.py:3834} INFO - Setting next_dagrun for dataset_produces_1 to 2025-11-09 00:00:00+00:00, run_after=2025-11-10 00:00:00+00:00
[2025-11-10T20:46:54.399+0000] {logging_mixin.py:188} INFO - [2025-11-10T20:46:54.399+0000] {dag.py:3834} INFO - Setting next_dagrun for dataset_produces_2 to None, run_after=None
[2025-11-10T20:46:54.436+0000] {processor.py:183} INFO - Processing /home/airflow/.local/lib/python3.8/site-packages/airflow/example_dags/example_datasets.py took 0.131 seconds
[2025-11-10T20:47:24.560+0000] {processor.py:161} INFO - Started process (PID=1314) to work on /home/airflow/.local/lib/python3.8/site-packages/airflow/example_dags/example_datasets.py
[2025-11-10T20:47:24.561+0000] {processor.py:830} INFO - Processing file /home/airflow/.local/lib/python3.8/site-packages/airflow/example_dags/example_datasets.py for tasks to queue
[2025-11-10T20:47:24.564+0000] {logging_mixin.py:188} INFO - [2025-11-10T20:47:24.563+0000] {dagbag.py:540} INFO - Filling up the DagBag from /home/airflow/.local/lib/python3.8/site-packages/airflow/example_dags/example_datasets.py
[2025-11-10T20:47:24.573+0000] {processor.py:840} INFO - DAG(s) 'dataset_consumes_unknown_never_scheduled', 'dataset_consumes_1_and_2', 'dataset_consumes_1', 'dataset_produces_2', 'dataset_consumes_1_never_scheduled', 'dataset_produces_1' retrieved from /home/airflow/.local/lib/python3.8/site-packages/airflow/example_dags/example_datasets.py
[2025-11-10T20:47:24.606+0000] {logging_mixin.py:188} INFO - [2025-11-10T20:47:24.606+0000] {dag.py:3047} INFO - Sync 6 DAGs
[2025-11-10T20:47:24.629+0000] {logging_mixin.py:188} INFO - [2025-11-10T20:47:24.629+0000] {dag.py:3834} INFO - Setting next_dagrun for dataset_consumes_1 to None, run_after=None
[2025-11-10T20:47:24.633+0000] {logging_mixin.py:188} INFO - [2025-11-10T20:47:24.633+0000] {dag.py:3834} INFO - Setting next_dagrun for dataset_consumes_1_and_2 to None, run_after=None
[2025-11-10T20:47:24.634+0000] {logging_mixin.py:188} INFO - [2025-11-10T20:47:24.634+0000] {dag.py:3834} INFO - Setting next_dagrun for dataset_consumes_1_never_scheduled to None, run_after=None
[2025-11-10T20:47:24.636+0000] {logging_mixin.py:188} INFO - [2025-11-10T20:47:24.636+0000] {dag.py:3834} INFO - Setting next_dagrun for dataset_consumes_unknown_never_scheduled to None, run_after=None
[2025-11-10T20:47:24.640+0000] {logging_mixin.py:188} INFO - [2025-11-10T20:47:24.640+0000] {dag.py:3834} INFO - Setting next_dagrun for dataset_produces_1 to 2025-11-09 00:00:00+00:00, run_after=2025-11-10 00:00:00+00:00
[2025-11-10T20:47:24.642+0000] {logging_mixin.py:188} INFO - [2025-11-10T20:47:24.642+0000] {dag.py:3834} INFO - Setting next_dagrun for dataset_produces_2 to None, run_after=None
[2025-11-10T20:47:24.671+0000] {processor.py:183} INFO - Processing /home/airflow/.local/lib/python3.8/site-packages/airflow/example_dags/example_datasets.py took 0.114 seconds
[2025-11-10T20:47:55.076+0000] {processor.py:161} INFO - Started process (PID=1369) to work on /home/airflow/.local/lib/python3.8/site-packages/airflow/example_dags/example_datasets.py
[2025-11-10T20:47:55.077+0000] {processor.py:830} INFO - Processing file /home/airflow/.local/lib/python3.8/site-packages/airflow/example_dags/example_datasets.py for tasks to queue
[2025-11-10T20:47:55.080+0000] {logging_mixin.py:188} INFO - [2025-11-10T20:47:55.079+0000] {dagbag.py:540} INFO - Filling up the DagBag from /home/airflow/.local/lib/python3.8/site-packages/airflow/example_dags/example_datasets.py
[2025-11-10T20:47:55.093+0000] {processor.py:840} INFO - DAG(s) 'dataset_produces_2', 'dataset_consumes_1_never_scheduled', 'dataset_produces_1', 'dataset_consumes_unknown_never_scheduled', 'dataset_consumes_1', 'dataset_consumes_1_and_2' retrieved from /home/airflow/.local/lib/python3.8/site-packages/airflow/example_dags/example_datasets.py
[2025-11-10T20:47:55.130+0000] {logging_mixin.py:188} INFO - [2025-11-10T20:47:55.129+0000] {dag.py:3047} INFO - Sync 6 DAGs
[2025-11-10T20:47:55.154+0000] {logging_mixin.py:188} INFO - [2025-11-10T20:47:55.154+0000] {dag.py:3834} INFO - Setting next_dagrun for dataset_consumes_1 to None, run_after=None
[2025-11-10T20:47:55.159+0000] {logging_mixin.py:188} INFO - [2025-11-10T20:47:55.159+0000] {dag.py:3834} INFO - Setting next_dagrun for dataset_consumes_1_and_2 to None, run_after=None
[2025-11-10T20:47:55.161+0000] {logging_mixin.py:188} INFO - [2025-11-10T20:47:55.161+0000] {dag.py:3834} INFO - Setting next_dagrun for dataset_consumes_1_never_scheduled to None, run_after=None
[2025-11-10T20:47:55.162+0000] {logging_mixin.py:188} INFO - [2025-11-10T20:47:55.162+0000] {dag.py:3834} INFO - Setting next_dagrun for dataset_consumes_unknown_never_scheduled to None, run_after=None
[2025-11-10T20:47:55.165+0000] {logging_mixin.py:188} INFO - [2025-11-10T20:47:55.165+0000] {dag.py:3834} INFO - Setting next_dagrun for dataset_produces_1 to 2025-11-09 00:00:00+00:00, run_after=2025-11-10 00:00:00+00:00
[2025-11-10T20:47:55.167+0000] {logging_mixin.py:188} INFO - [2025-11-10T20:47:55.167+0000] {dag.py:3834} INFO - Setting next_dagrun for dataset_produces_2 to None, run_after=None
[2025-11-10T20:47:55.198+0000] {processor.py:183} INFO - Processing /home/airflow/.local/lib/python3.8/site-packages/airflow/example_dags/example_datasets.py took 0.125 seconds
[2025-11-10T20:48:25.653+0000] {processor.py:161} INFO - Started process (PID=1424) to work on /home/airflow/.local/lib/python3.8/site-packages/airflow/example_dags/example_datasets.py
[2025-11-10T20:48:25.659+0000] {processor.py:830} INFO - Processing file /home/airflow/.local/lib/python3.8/site-packages/airflow/example_dags/example_datasets.py for tasks to queue
[2025-11-10T20:48:25.667+0000] {logging_mixin.py:188} INFO - [2025-11-10T20:48:25.666+0000] {dagbag.py:540} INFO - Filling up the DagBag from /home/airflow/.local/lib/python3.8/site-packages/airflow/example_dags/example_datasets.py
[2025-11-10T20:48:25.702+0000] {processor.py:840} INFO - DAG(s) 'dataset_produces_2', 'dataset_consumes_1', 'dataset_consumes_1_never_scheduled', 'dataset_produces_1', 'dataset_consumes_1_and_2', 'dataset_consumes_unknown_never_scheduled' retrieved from /home/airflow/.local/lib/python3.8/site-packages/airflow/example_dags/example_datasets.py
[2025-11-10T20:48:25.815+0000] {logging_mixin.py:188} INFO - [2025-11-10T20:48:25.815+0000] {dag.py:3047} INFO - Sync 6 DAGs
[2025-11-10T20:48:25.850+0000] {logging_mixin.py:188} INFO - [2025-11-10T20:48:25.849+0000] {dag.py:3834} INFO - Setting next_dagrun for dataset_consumes_1 to None, run_after=None
[2025-11-10T20:48:25.859+0000] {logging_mixin.py:188} INFO - [2025-11-10T20:48:25.858+0000] {dag.py:3834} INFO - Setting next_dagrun for dataset_consumes_1_and_2 to None, run_after=None
[2025-11-10T20:48:25.864+0000] {logging_mixin.py:188} INFO - [2025-11-10T20:48:25.863+0000] {dag.py:3834} INFO - Setting next_dagrun for dataset_consumes_1_never_scheduled to None, run_after=None
[2025-11-10T20:48:25.867+0000] {logging_mixin.py:188} INFO - [2025-11-10T20:48:25.867+0000] {dag.py:3834} INFO - Setting next_dagrun for dataset_consumes_unknown_never_scheduled to None, run_after=None
[2025-11-10T20:48:25.876+0000] {logging_mixin.py:188} INFO - [2025-11-10T20:48:25.876+0000] {dag.py:3834} INFO - Setting next_dagrun for dataset_produces_1 to 2025-11-09 00:00:00+00:00, run_after=2025-11-10 00:00:00+00:00
[2025-11-10T20:48:25.882+0000] {logging_mixin.py:188} INFO - [2025-11-10T20:48:25.881+0000] {dag.py:3834} INFO - Setting next_dagrun for dataset_produces_2 to None, run_after=None
[2025-11-10T20:48:25.987+0000] {processor.py:183} INFO - Processing /home/airflow/.local/lib/python3.8/site-packages/airflow/example_dags/example_datasets.py took 0.348 seconds
[2025-11-10T20:48:56.670+0000] {processor.py:161} INFO - Started process (PID=1479) to work on /home/airflow/.local/lib/python3.8/site-packages/airflow/example_dags/example_datasets.py
[2025-11-10T20:48:56.672+0000] {processor.py:830} INFO - Processing file /home/airflow/.local/lib/python3.8/site-packages/airflow/example_dags/example_datasets.py for tasks to queue
[2025-11-10T20:48:56.675+0000] {logging_mixin.py:188} INFO - [2025-11-10T20:48:56.674+0000] {dagbag.py:540} INFO - Filling up the DagBag from /home/airflow/.local/lib/python3.8/site-packages/airflow/example_dags/example_datasets.py
[2025-11-10T20:48:56.689+0000] {processor.py:840} INFO - DAG(s) 'dataset_produces_2', 'dataset_produces_1', 'dataset_consumes_1_and_2', 'dataset_consumes_unknown_never_scheduled', 'dataset_consumes_1', 'dataset_consumes_1_never_scheduled' retrieved from /home/airflow/.local/lib/python3.8/site-packages/airflow/example_dags/example_datasets.py
[2025-11-10T20:48:56.725+0000] {logging_mixin.py:188} INFO - [2025-11-10T20:48:56.725+0000] {dag.py:3047} INFO - Sync 6 DAGs
[2025-11-10T20:48:56.745+0000] {logging_mixin.py:188} INFO - [2025-11-10T20:48:56.745+0000] {dag.py:3834} INFO - Setting next_dagrun for dataset_consumes_1 to None, run_after=None
[2025-11-10T20:48:56.749+0000] {logging_mixin.py:188} INFO - [2025-11-10T20:48:56.749+0000] {dag.py:3834} INFO - Setting next_dagrun for dataset_consumes_1_and_2 to None, run_after=None
[2025-11-10T20:48:56.751+0000] {logging_mixin.py:188} INFO - [2025-11-10T20:48:56.751+0000] {dag.py:3834} INFO - Setting next_dagrun for dataset_consumes_1_never_scheduled to None, run_after=None
[2025-11-10T20:48:56.753+0000] {logging_mixin.py:188} INFO - [2025-11-10T20:48:56.753+0000] {dag.py:3834} INFO - Setting next_dagrun for dataset_consumes_unknown_never_scheduled to None, run_after=None
[2025-11-10T20:48:56.756+0000] {logging_mixin.py:188} INFO - [2025-11-10T20:48:56.756+0000] {dag.py:3834} INFO - Setting next_dagrun for dataset_produces_1 to 2025-11-09 00:00:00+00:00, run_after=2025-11-10 00:00:00+00:00
[2025-11-10T20:48:56.758+0000] {logging_mixin.py:188} INFO - [2025-11-10T20:48:56.758+0000] {dag.py:3834} INFO - Setting next_dagrun for dataset_produces_2 to None, run_after=None
[2025-11-10T20:48:56.790+0000] {processor.py:183} INFO - Processing /home/airflow/.local/lib/python3.8/site-packages/airflow/example_dags/example_datasets.py took 0.127 seconds
[2025-11-10T20:49:27.082+0000] {processor.py:161} INFO - Started process (PID=1535) to work on /home/airflow/.local/lib/python3.8/site-packages/airflow/example_dags/example_datasets.py
[2025-11-10T20:49:27.089+0000] {processor.py:830} INFO - Processing file /home/airflow/.local/lib/python3.8/site-packages/airflow/example_dags/example_datasets.py for tasks to queue
[2025-11-10T20:49:27.095+0000] {logging_mixin.py:188} INFO - [2025-11-10T20:49:27.094+0000] {dagbag.py:540} INFO - Filling up the DagBag from /home/airflow/.local/lib/python3.8/site-packages/airflow/example_dags/example_datasets.py
[2025-11-10T20:49:27.117+0000] {processor.py:840} INFO - DAG(s) 'dataset_consumes_1_and_2', 'dataset_produces_2', 'dataset_consumes_1_never_scheduled', 'dataset_produces_1', 'dataset_consumes_unknown_never_scheduled', 'dataset_consumes_1' retrieved from /home/airflow/.local/lib/python3.8/site-packages/airflow/example_dags/example_datasets.py
[2025-11-10T20:49:27.155+0000] {logging_mixin.py:188} INFO - [2025-11-10T20:49:27.155+0000] {dag.py:3047} INFO - Sync 6 DAGs
[2025-11-10T20:49:27.180+0000] {logging_mixin.py:188} INFO - [2025-11-10T20:49:27.180+0000] {dag.py:3834} INFO - Setting next_dagrun for dataset_consumes_1 to None, run_after=None
[2025-11-10T20:49:27.186+0000] {logging_mixin.py:188} INFO - [2025-11-10T20:49:27.185+0000] {dag.py:3834} INFO - Setting next_dagrun for dataset_consumes_1_and_2 to None, run_after=None
[2025-11-10T20:49:27.187+0000] {logging_mixin.py:188} INFO - [2025-11-10T20:49:27.187+0000] {dag.py:3834} INFO - Setting next_dagrun for dataset_consumes_1_never_scheduled to None, run_after=None
[2025-11-10T20:49:27.189+0000] {logging_mixin.py:188} INFO - [2025-11-10T20:49:27.189+0000] {dag.py:3834} INFO - Setting next_dagrun for dataset_consumes_unknown_never_scheduled to None, run_after=None
[2025-11-10T20:49:27.193+0000] {logging_mixin.py:188} INFO - [2025-11-10T20:49:27.193+0000] {dag.py:3834} INFO - Setting next_dagrun for dataset_produces_1 to 2025-11-09 00:00:00+00:00, run_after=2025-11-10 00:00:00+00:00
[2025-11-10T20:49:27.195+0000] {logging_mixin.py:188} INFO - [2025-11-10T20:49:27.195+0000] {dag.py:3834} INFO - Setting next_dagrun for dataset_produces_2 to None, run_after=None
[2025-11-10T20:49:27.236+0000] {processor.py:183} INFO - Processing /home/airflow/.local/lib/python3.8/site-packages/airflow/example_dags/example_datasets.py took 0.163 seconds
[2025-11-10T20:49:57.366+0000] {processor.py:161} INFO - Started process (PID=1590) to work on /home/airflow/.local/lib/python3.8/site-packages/airflow/example_dags/example_datasets.py
[2025-11-10T20:49:57.368+0000] {processor.py:830} INFO - Processing file /home/airflow/.local/lib/python3.8/site-packages/airflow/example_dags/example_datasets.py for tasks to queue
[2025-11-10T20:49:57.370+0000] {logging_mixin.py:188} INFO - [2025-11-10T20:49:57.370+0000] {dagbag.py:540} INFO - Filling up the DagBag from /home/airflow/.local/lib/python3.8/site-packages/airflow/example_dags/example_datasets.py
[2025-11-10T20:49:57.390+0000] {processor.py:840} INFO - DAG(s) 'dataset_consumes_1_never_scheduled', 'dataset_consumes_1', 'dataset_produces_2', 'dataset_produces_1', 'dataset_consumes_unknown_never_scheduled', 'dataset_consumes_1_and_2' retrieved from /home/airflow/.local/lib/python3.8/site-packages/airflow/example_dags/example_datasets.py
[2025-11-10T20:49:57.422+0000] {logging_mixin.py:188} INFO - [2025-11-10T20:49:57.422+0000] {dag.py:3047} INFO - Sync 6 DAGs
[2025-11-10T20:49:57.446+0000] {logging_mixin.py:188} INFO - [2025-11-10T20:49:57.446+0000] {dag.py:3834} INFO - Setting next_dagrun for dataset_consumes_1 to None, run_after=None
[2025-11-10T20:49:57.452+0000] {logging_mixin.py:188} INFO - [2025-11-10T20:49:57.451+0000] {dag.py:3834} INFO - Setting next_dagrun for dataset_consumes_1_and_2 to None, run_after=None
[2025-11-10T20:49:57.454+0000] {logging_mixin.py:188} INFO - [2025-11-10T20:49:57.454+0000] {dag.py:3834} INFO - Setting next_dagrun for dataset_consumes_1_never_scheduled to None, run_after=None
[2025-11-10T20:49:57.455+0000] {logging_mixin.py:188} INFO - [2025-11-10T20:49:57.455+0000] {dag.py:3834} INFO - Setting next_dagrun for dataset_consumes_unknown_never_scheduled to None, run_after=None
[2025-11-10T20:49:57.459+0000] {logging_mixin.py:188} INFO - [2025-11-10T20:49:57.459+0000] {dag.py:3834} INFO - Setting next_dagrun for dataset_produces_1 to 2025-11-09 00:00:00+00:00, run_after=2025-11-10 00:00:00+00:00
[2025-11-10T20:49:57.461+0000] {logging_mixin.py:188} INFO - [2025-11-10T20:49:57.461+0000] {dag.py:3834} INFO - Setting next_dagrun for dataset_produces_2 to None, run_after=None
[2025-11-10T20:49:57.496+0000] {processor.py:183} INFO - Processing /home/airflow/.local/lib/python3.8/site-packages/airflow/example_dags/example_datasets.py took 0.135 seconds
[2025-11-10T20:50:28.110+0000] {processor.py:161} INFO - Started process (PID=1645) to work on /home/airflow/.local/lib/python3.8/site-packages/airflow/example_dags/example_datasets.py
[2025-11-10T20:50:28.111+0000] {processor.py:830} INFO - Processing file /home/airflow/.local/lib/python3.8/site-packages/airflow/example_dags/example_datasets.py for tasks to queue
[2025-11-10T20:50:28.114+0000] {logging_mixin.py:188} INFO - [2025-11-10T20:50:28.113+0000] {dagbag.py:540} INFO - Filling up the DagBag from /home/airflow/.local/lib/python3.8/site-packages/airflow/example_dags/example_datasets.py
[2025-11-10T20:50:28.124+0000] {processor.py:840} INFO - DAG(s) 'dataset_consumes_1_never_scheduled', 'dataset_consumes_1_and_2', 'dataset_consumes_1', 'dataset_produces_1', 'dataset_consumes_unknown_never_scheduled', 'dataset_produces_2' retrieved from /home/airflow/.local/lib/python3.8/site-packages/airflow/example_dags/example_datasets.py
[2025-11-10T20:50:28.155+0000] {logging_mixin.py:188} INFO - [2025-11-10T20:50:28.155+0000] {dag.py:3047} INFO - Sync 6 DAGs
[2025-11-10T20:50:28.174+0000] {logging_mixin.py:188} INFO - [2025-11-10T20:50:28.174+0000] {dag.py:3834} INFO - Setting next_dagrun for dataset_consumes_1 to None, run_after=None
[2025-11-10T20:50:28.178+0000] {logging_mixin.py:188} INFO - [2025-11-10T20:50:28.177+0000] {dag.py:3834} INFO - Setting next_dagrun for dataset_consumes_1_and_2 to None, run_after=None
[2025-11-10T20:50:28.180+0000] {logging_mixin.py:188} INFO - [2025-11-10T20:50:28.180+0000] {dag.py:3834} INFO - Setting next_dagrun for dataset_consumes_1_never_scheduled to None, run_after=None
[2025-11-10T20:50:28.181+0000] {logging_mixin.py:188} INFO - [2025-11-10T20:50:28.181+0000] {dag.py:3834} INFO - Setting next_dagrun for dataset_consumes_unknown_never_scheduled to None, run_after=None
[2025-11-10T20:50:28.184+0000] {logging_mixin.py:188} INFO - [2025-11-10T20:50:28.184+0000] {dag.py:3834} INFO - Setting next_dagrun for dataset_produces_1 to 2025-11-09 00:00:00+00:00, run_after=2025-11-10 00:00:00+00:00
[2025-11-10T20:50:28.185+0000] {logging_mixin.py:188} INFO - [2025-11-10T20:50:28.185+0000] {dag.py:3834} INFO - Setting next_dagrun for dataset_produces_2 to None, run_after=None
[2025-11-10T20:50:28.215+0000] {processor.py:183} INFO - Processing /home/airflow/.local/lib/python3.8/site-packages/airflow/example_dags/example_datasets.py took 0.112 seconds
[2025-11-10T20:50:58.511+0000] {processor.py:161} INFO - Started process (PID=1700) to work on /home/airflow/.local/lib/python3.8/site-packages/airflow/example_dags/example_datasets.py
[2025-11-10T20:50:58.512+0000] {processor.py:830} INFO - Processing file /home/airflow/.local/lib/python3.8/site-packages/airflow/example_dags/example_datasets.py for tasks to queue
[2025-11-10T20:50:58.515+0000] {logging_mixin.py:188} INFO - [2025-11-10T20:50:58.514+0000] {dagbag.py:540} INFO - Filling up the DagBag from /home/airflow/.local/lib/python3.8/site-packages/airflow/example_dags/example_datasets.py
[2025-11-10T20:50:58.525+0000] {processor.py:840} INFO - DAG(s) 'dataset_consumes_unknown_never_scheduled', 'dataset_produces_1', 'dataset_consumes_1', 'dataset_consumes_1_never_scheduled', 'dataset_consumes_1_and_2', 'dataset_produces_2' retrieved from /home/airflow/.local/lib/python3.8/site-packages/airflow/example_dags/example_datasets.py
[2025-11-10T20:50:58.561+0000] {logging_mixin.py:188} INFO - [2025-11-10T20:50:58.561+0000] {dag.py:3047} INFO - Sync 6 DAGs
[2025-11-10T20:50:58.586+0000] {logging_mixin.py:188} INFO - [2025-11-10T20:50:58.586+0000] {dag.py:3834} INFO - Setting next_dagrun for dataset_consumes_1 to None, run_after=None
[2025-11-10T20:50:58.591+0000] {logging_mixin.py:188} INFO - [2025-11-10T20:50:58.590+0000] {dag.py:3834} INFO - Setting next_dagrun for dataset_consumes_1_and_2 to None, run_after=None
[2025-11-10T20:50:58.594+0000] {logging_mixin.py:188} INFO - [2025-11-10T20:50:58.593+0000] {dag.py:3834} INFO - Setting next_dagrun for dataset_consumes_1_never_scheduled to None, run_after=None
[2025-11-10T20:50:58.596+0000] {logging_mixin.py:188} INFO - [2025-11-10T20:50:58.595+0000] {dag.py:3834} INFO - Setting next_dagrun for dataset_consumes_unknown_never_scheduled to None, run_after=None
[2025-11-10T20:50:58.599+0000] {logging_mixin.py:188} INFO - [2025-11-10T20:50:58.599+0000] {dag.py:3834} INFO - Setting next_dagrun for dataset_produces_1 to 2025-11-09 00:00:00+00:00, run_after=2025-11-10 00:00:00+00:00
[2025-11-10T20:50:58.602+0000] {logging_mixin.py:188} INFO - [2025-11-10T20:50:58.602+0000] {dag.py:3834} INFO - Setting next_dagrun for dataset_produces_2 to None, run_after=None
[2025-11-10T20:50:58.640+0000] {processor.py:183} INFO - Processing /home/airflow/.local/lib/python3.8/site-packages/airflow/example_dags/example_datasets.py took 0.134 seconds
[2025-11-10T20:51:29.283+0000] {processor.py:161} INFO - Started process (PID=1755) to work on /home/airflow/.local/lib/python3.8/site-packages/airflow/example_dags/example_datasets.py
[2025-11-10T20:51:29.285+0000] {processor.py:830} INFO - Processing file /home/airflow/.local/lib/python3.8/site-packages/airflow/example_dags/example_datasets.py for tasks to queue
[2025-11-10T20:51:29.287+0000] {logging_mixin.py:188} INFO - [2025-11-10T20:51:29.287+0000] {dagbag.py:540} INFO - Filling up the DagBag from /home/airflow/.local/lib/python3.8/site-packages/airflow/example_dags/example_datasets.py
[2025-11-10T20:51:29.297+0000] {processor.py:840} INFO - DAG(s) 'dataset_consumes_unknown_never_scheduled', 'dataset_consumes_1_and_2', 'dataset_produces_2', 'dataset_produces_1', 'dataset_consumes_1_never_scheduled', 'dataset_consumes_1' retrieved from /home/airflow/.local/lib/python3.8/site-packages/airflow/example_dags/example_datasets.py
[2025-11-10T20:51:29.329+0000] {logging_mixin.py:188} INFO - [2025-11-10T20:51:29.329+0000] {dag.py:3047} INFO - Sync 6 DAGs
[2025-11-10T20:51:29.350+0000] {logging_mixin.py:188} INFO - [2025-11-10T20:51:29.350+0000] {dag.py:3834} INFO - Setting next_dagrun for dataset_consumes_1 to None, run_after=None
[2025-11-10T20:51:29.354+0000] {logging_mixin.py:188} INFO - [2025-11-10T20:51:29.354+0000] {dag.py:3834} INFO - Setting next_dagrun for dataset_consumes_1_and_2 to None, run_after=None
[2025-11-10T20:51:29.356+0000] {logging_mixin.py:188} INFO - [2025-11-10T20:51:29.356+0000] {dag.py:3834} INFO - Setting next_dagrun for dataset_consumes_1_never_scheduled to None, run_after=None
[2025-11-10T20:51:29.358+0000] {logging_mixin.py:188} INFO - [2025-11-10T20:51:29.358+0000] {dag.py:3834} INFO - Setting next_dagrun for dataset_consumes_unknown_never_scheduled to None, run_after=None
[2025-11-10T20:51:29.361+0000] {logging_mixin.py:188} INFO - [2025-11-10T20:51:29.361+0000] {dag.py:3834} INFO - Setting next_dagrun for dataset_produces_1 to 2025-11-09 00:00:00+00:00, run_after=2025-11-10 00:00:00+00:00
[2025-11-10T20:51:29.362+0000] {logging_mixin.py:188} INFO - [2025-11-10T20:51:29.362+0000] {dag.py:3834} INFO - Setting next_dagrun for dataset_produces_2 to None, run_after=None
[2025-11-10T20:51:29.398+0000] {processor.py:183} INFO - Processing /home/airflow/.local/lib/python3.8/site-packages/airflow/example_dags/example_datasets.py took 0.118 seconds
[2025-11-10T20:51:59.583+0000] {processor.py:161} INFO - Started process (PID=1810) to work on /home/airflow/.local/lib/python3.8/site-packages/airflow/example_dags/example_datasets.py
[2025-11-10T20:51:59.586+0000] {processor.py:830} INFO - Processing file /home/airflow/.local/lib/python3.8/site-packages/airflow/example_dags/example_datasets.py for tasks to queue
[2025-11-10T20:51:59.593+0000] {logging_mixin.py:188} INFO - [2025-11-10T20:51:59.592+0000] {dagbag.py:540} INFO - Filling up the DagBag from /home/airflow/.local/lib/python3.8/site-packages/airflow/example_dags/example_datasets.py
[2025-11-10T20:51:59.624+0000] {processor.py:840} INFO - DAG(s) 'dataset_produces_1', 'dataset_consumes_1_never_scheduled', 'dataset_consumes_1_and_2', 'dataset_produces_2', 'dataset_consumes_unknown_never_scheduled', 'dataset_consumes_1' retrieved from /home/airflow/.local/lib/python3.8/site-packages/airflow/example_dags/example_datasets.py
[2025-11-10T20:51:59.669+0000] {logging_mixin.py:188} INFO - [2025-11-10T20:51:59.668+0000] {dag.py:3047} INFO - Sync 6 DAGs
[2025-11-10T20:51:59.692+0000] {logging_mixin.py:188} INFO - [2025-11-10T20:51:59.692+0000] {dag.py:3834} INFO - Setting next_dagrun for dataset_consumes_1 to None, run_after=None
[2025-11-10T20:51:59.696+0000] {logging_mixin.py:188} INFO - [2025-11-10T20:51:59.696+0000] {dag.py:3834} INFO - Setting next_dagrun for dataset_consumes_1_and_2 to None, run_after=None
[2025-11-10T20:51:59.698+0000] {logging_mixin.py:188} INFO - [2025-11-10T20:51:59.698+0000] {dag.py:3834} INFO - Setting next_dagrun for dataset_consumes_1_never_scheduled to None, run_after=None
[2025-11-10T20:51:59.699+0000] {logging_mixin.py:188} INFO - [2025-11-10T20:51:59.699+0000] {dag.py:3834} INFO - Setting next_dagrun for dataset_consumes_unknown_never_scheduled to None, run_after=None
[2025-11-10T20:51:59.702+0000] {logging_mixin.py:188} INFO - [2025-11-10T20:51:59.702+0000] {dag.py:3834} INFO - Setting next_dagrun for dataset_produces_1 to 2025-11-09 00:00:00+00:00, run_after=2025-11-10 00:00:00+00:00
[2025-11-10T20:51:59.705+0000] {logging_mixin.py:188} INFO - [2025-11-10T20:51:59.704+0000] {dag.py:3834} INFO - Setting next_dagrun for dataset_produces_2 to None, run_after=None
[2025-11-10T20:51:59.768+0000] {processor.py:183} INFO - Processing /home/airflow/.local/lib/python3.8/site-packages/airflow/example_dags/example_datasets.py took 0.198 seconds
[2025-11-10T20:52:29.915+0000] {processor.py:161} INFO - Started process (PID=1865) to work on /home/airflow/.local/lib/python3.8/site-packages/airflow/example_dags/example_datasets.py
[2025-11-10T20:52:29.917+0000] {processor.py:830} INFO - Processing file /home/airflow/.local/lib/python3.8/site-packages/airflow/example_dags/example_datasets.py for tasks to queue
[2025-11-10T20:52:29.921+0000] {logging_mixin.py:188} INFO - [2025-11-10T20:52:29.920+0000] {dagbag.py:540} INFO - Filling up the DagBag from /home/airflow/.local/lib/python3.8/site-packages/airflow/example_dags/example_datasets.py
[2025-11-10T20:52:29.939+0000] {processor.py:840} INFO - DAG(s) 'dataset_consumes_unknown_never_scheduled', 'dataset_consumes_1', 'dataset_produces_2', 'dataset_consumes_1_and_2', 'dataset_consumes_1_never_scheduled', 'dataset_produces_1' retrieved from /home/airflow/.local/lib/python3.8/site-packages/airflow/example_dags/example_datasets.py
[2025-11-10T20:52:29.974+0000] {logging_mixin.py:188} INFO - [2025-11-10T20:52:29.974+0000] {dag.py:3047} INFO - Sync 6 DAGs
[2025-11-10T20:52:29.994+0000] {logging_mixin.py:188} INFO - [2025-11-10T20:52:29.994+0000] {dag.py:3834} INFO - Setting next_dagrun for dataset_consumes_1 to None, run_after=None
[2025-11-10T20:52:29.998+0000] {logging_mixin.py:188} INFO - [2025-11-10T20:52:29.998+0000] {dag.py:3834} INFO - Setting next_dagrun for dataset_consumes_1_and_2 to None, run_after=None
[2025-11-10T20:52:30.000+0000] {logging_mixin.py:188} INFO - [2025-11-10T20:52:30.000+0000] {dag.py:3834} INFO - Setting next_dagrun for dataset_consumes_1_never_scheduled to None, run_after=None
[2025-11-10T20:52:30.001+0000] {logging_mixin.py:188} INFO - [2025-11-10T20:52:30.001+0000] {dag.py:3834} INFO - Setting next_dagrun for dataset_consumes_unknown_never_scheduled to None, run_after=None
[2025-11-10T20:52:30.005+0000] {logging_mixin.py:188} INFO - [2025-11-10T20:52:30.005+0000] {dag.py:3834} INFO - Setting next_dagrun for dataset_produces_1 to 2025-11-09 00:00:00+00:00, run_after=2025-11-10 00:00:00+00:00
[2025-11-10T20:52:30.007+0000] {logging_mixin.py:188} INFO - [2025-11-10T20:52:30.007+0000] {dag.py:3834} INFO - Setting next_dagrun for dataset_produces_2 to None, run_after=None
[2025-11-10T20:52:30.044+0000] {processor.py:183} INFO - Processing /home/airflow/.local/lib/python3.8/site-packages/airflow/example_dags/example_datasets.py took 0.136 seconds
[2025-11-10T20:53:00.171+0000] {processor.py:161} INFO - Started process (PID=1920) to work on /home/airflow/.local/lib/python3.8/site-packages/airflow/example_dags/example_datasets.py
[2025-11-10T20:53:00.173+0000] {processor.py:830} INFO - Processing file /home/airflow/.local/lib/python3.8/site-packages/airflow/example_dags/example_datasets.py for tasks to queue
[2025-11-10T20:53:00.175+0000] {logging_mixin.py:188} INFO - [2025-11-10T20:53:00.175+0000] {dagbag.py:540} INFO - Filling up the DagBag from /home/airflow/.local/lib/python3.8/site-packages/airflow/example_dags/example_datasets.py
[2025-11-10T20:53:00.186+0000] {processor.py:840} INFO - DAG(s) 'dataset_consumes_unknown_never_scheduled', 'dataset_produces_1', 'dataset_consumes_1_never_scheduled', 'dataset_consumes_1_and_2', 'dataset_consumes_1', 'dataset_produces_2' retrieved from /home/airflow/.local/lib/python3.8/site-packages/airflow/example_dags/example_datasets.py
[2025-11-10T20:53:00.224+0000] {logging_mixin.py:188} INFO - [2025-11-10T20:53:00.223+0000] {dag.py:3047} INFO - Sync 6 DAGs
[2025-11-10T20:53:00.244+0000] {logging_mixin.py:188} INFO - [2025-11-10T20:53:00.244+0000] {dag.py:3834} INFO - Setting next_dagrun for dataset_consumes_1 to None, run_after=None
[2025-11-10T20:53:00.248+0000] {logging_mixin.py:188} INFO - [2025-11-10T20:53:00.248+0000] {dag.py:3834} INFO - Setting next_dagrun for dataset_consumes_1_and_2 to None, run_after=None
[2025-11-10T20:53:00.250+0000] {logging_mixin.py:188} INFO - [2025-11-10T20:53:00.249+0000] {dag.py:3834} INFO - Setting next_dagrun for dataset_consumes_1_never_scheduled to None, run_after=None
[2025-11-10T20:53:00.252+0000] {logging_mixin.py:188} INFO - [2025-11-10T20:53:00.251+0000] {dag.py:3834} INFO - Setting next_dagrun for dataset_consumes_unknown_never_scheduled to None, run_after=None
[2025-11-10T20:53:00.254+0000] {logging_mixin.py:188} INFO - [2025-11-10T20:53:00.254+0000] {dag.py:3834} INFO - Setting next_dagrun for dataset_produces_1 to 2025-11-09 00:00:00+00:00, run_after=2025-11-10 00:00:00+00:00
[2025-11-10T20:53:00.256+0000] {logging_mixin.py:188} INFO - [2025-11-10T20:53:00.256+0000] {dag.py:3834} INFO - Setting next_dagrun for dataset_produces_2 to None, run_after=None
[2025-11-10T20:53:00.283+0000] {processor.py:183} INFO - Processing /home/airflow/.local/lib/python3.8/site-packages/airflow/example_dags/example_datasets.py took 0.115 seconds
