[2025-11-10T20:36:11.055+0000] {processor.py:161} INFO - Started process (PID=88) to work on /home/airflow/.local/lib/python3.8/site-packages/airflow/example_dags/example_short_circuit_decorator.py
[2025-11-10T20:36:11.056+0000] {processor.py:830} INFO - Processing file /home/airflow/.local/lib/python3.8/site-packages/airflow/example_dags/example_short_circuit_decorator.py for tasks to queue
[2025-11-10T20:36:11.059+0000] {logging_mixin.py:188} INFO - [2025-11-10T20:36:11.059+0000] {dagbag.py:540} INFO - Filling up the DagBag from /home/airflow/.local/lib/python3.8/site-packages/airflow/example_dags/example_short_circuit_decorator.py
[2025-11-10T20:36:11.070+0000] {processor.py:840} INFO - DAG(s) 'example_short_circuit_decorator' retrieved from /home/airflow/.local/lib/python3.8/site-packages/airflow/example_dags/example_short_circuit_decorator.py
[2025-11-10T20:36:11.197+0000] {logging_mixin.py:188} INFO - [2025-11-10T20:36:11.196+0000] {override.py:1769} INFO - Created Permission View: can read on DAG:example_short_circuit_decorator
[2025-11-10T20:36:11.222+0000] {logging_mixin.py:188} INFO - [2025-11-10T20:36:11.221+0000] {override.py:1769} INFO - Created Permission View: can edit on DAG:example_short_circuit_decorator
[2025-11-10T20:36:11.243+0000] {logging_mixin.py:188} INFO - [2025-11-10T20:36:11.242+0000] {override.py:1769} INFO - Created Permission View: can delete on DAG:example_short_circuit_decorator
[2025-11-10T20:36:11.245+0000] {logging_mixin.py:188} INFO - [2025-11-10T20:36:11.245+0000] {dag.py:3047} INFO - Sync 1 DAGs
[2025-11-10T20:36:11.275+0000] {logging_mixin.py:188} INFO - [2025-11-10T20:36:11.275+0000] {dag.py:3069} INFO - Creating ORM DAG for example_short_circuit_decorator
[2025-11-10T20:36:11.302+0000] {logging_mixin.py:188} INFO - [2025-11-10T20:36:11.302+0000] {dag.py:3834} INFO - Setting next_dagrun for example_short_circuit_decorator to 2025-11-09 00:00:00+00:00, run_after=2025-11-10 00:00:00+00:00
[2025-11-10T20:36:11.347+0000] {processor.py:183} INFO - Processing /home/airflow/.local/lib/python3.8/site-packages/airflow/example_dags/example_short_circuit_decorator.py took 0.296 seconds
[2025-11-10T20:36:42.112+0000] {processor.py:161} INFO - Started process (PID=143) to work on /home/airflow/.local/lib/python3.8/site-packages/airflow/example_dags/example_short_circuit_decorator.py
[2025-11-10T20:36:42.114+0000] {processor.py:830} INFO - Processing file /home/airflow/.local/lib/python3.8/site-packages/airflow/example_dags/example_short_circuit_decorator.py for tasks to queue
[2025-11-10T20:36:42.116+0000] {logging_mixin.py:188} INFO - [2025-11-10T20:36:42.116+0000] {dagbag.py:540} INFO - Filling up the DagBag from /home/airflow/.local/lib/python3.8/site-packages/airflow/example_dags/example_short_circuit_decorator.py
[2025-11-10T20:36:42.127+0000] {processor.py:840} INFO - DAG(s) 'example_short_circuit_decorator' retrieved from /home/airflow/.local/lib/python3.8/site-packages/airflow/example_dags/example_short_circuit_decorator.py
[2025-11-10T20:36:42.153+0000] {logging_mixin.py:188} INFO - [2025-11-10T20:36:42.153+0000] {dag.py:3047} INFO - Sync 1 DAGs
[2025-11-10T20:36:42.177+0000] {logging_mixin.py:188} INFO - [2025-11-10T20:36:42.177+0000] {dag.py:3834} INFO - Setting next_dagrun for example_short_circuit_decorator to 2025-11-09 00:00:00+00:00, run_after=2025-11-10 00:00:00+00:00
[2025-11-10T20:36:42.196+0000] {processor.py:183} INFO - Processing /home/airflow/.local/lib/python3.8/site-packages/airflow/example_dags/example_short_circuit_decorator.py took 0.087 seconds
[2025-11-10T20:37:12.942+0000] {processor.py:161} INFO - Started process (PID=198) to work on /home/airflow/.local/lib/python3.8/site-packages/airflow/example_dags/example_short_circuit_decorator.py
[2025-11-10T20:37:12.947+0000] {processor.py:830} INFO - Processing file /home/airflow/.local/lib/python3.8/site-packages/airflow/example_dags/example_short_circuit_decorator.py for tasks to queue
[2025-11-10T20:37:12.955+0000] {logging_mixin.py:188} INFO - [2025-11-10T20:37:12.954+0000] {dagbag.py:540} INFO - Filling up the DagBag from /home/airflow/.local/lib/python3.8/site-packages/airflow/example_dags/example_short_circuit_decorator.py
[2025-11-10T20:37:12.992+0000] {processor.py:840} INFO - DAG(s) 'example_short_circuit_decorator' retrieved from /home/airflow/.local/lib/python3.8/site-packages/airflow/example_dags/example_short_circuit_decorator.py
[2025-11-10T20:37:13.066+0000] {logging_mixin.py:188} INFO - [2025-11-10T20:37:13.065+0000] {dag.py:3047} INFO - Sync 1 DAGs
[2025-11-10T20:37:13.089+0000] {logging_mixin.py:188} INFO - [2025-11-10T20:37:13.089+0000] {dag.py:3834} INFO - Setting next_dagrun for example_short_circuit_decorator to 2025-11-09 00:00:00+00:00, run_after=2025-11-10 00:00:00+00:00
[2025-11-10T20:37:13.111+0000] {processor.py:183} INFO - Processing /home/airflow/.local/lib/python3.8/site-packages/airflow/example_dags/example_short_circuit_decorator.py took 0.180 seconds
[2025-11-10T20:37:43.248+0000] {processor.py:161} INFO - Started process (PID=253) to work on /home/airflow/.local/lib/python3.8/site-packages/airflow/example_dags/example_short_circuit_decorator.py
[2025-11-10T20:37:43.250+0000] {processor.py:830} INFO - Processing file /home/airflow/.local/lib/python3.8/site-packages/airflow/example_dags/example_short_circuit_decorator.py for tasks to queue
[2025-11-10T20:37:43.253+0000] {logging_mixin.py:188} INFO - [2025-11-10T20:37:43.252+0000] {dagbag.py:540} INFO - Filling up the DagBag from /home/airflow/.local/lib/python3.8/site-packages/airflow/example_dags/example_short_circuit_decorator.py
[2025-11-10T20:37:43.265+0000] {processor.py:840} INFO - DAG(s) 'example_short_circuit_decorator' retrieved from /home/airflow/.local/lib/python3.8/site-packages/airflow/example_dags/example_short_circuit_decorator.py
[2025-11-10T20:37:43.292+0000] {logging_mixin.py:188} INFO - [2025-11-10T20:37:43.291+0000] {dag.py:3047} INFO - Sync 1 DAGs
[2025-11-10T20:37:43.313+0000] {logging_mixin.py:188} INFO - [2025-11-10T20:37:43.313+0000] {dag.py:3834} INFO - Setting next_dagrun for example_short_circuit_decorator to 2025-11-09 00:00:00+00:00, run_after=2025-11-10 00:00:00+00:00
[2025-11-10T20:37:43.332+0000] {processor.py:183} INFO - Processing /home/airflow/.local/lib/python3.8/site-packages/airflow/example_dags/example_short_circuit_decorator.py took 0.089 seconds
[2025-11-10T20:38:13.538+0000] {processor.py:161} INFO - Started process (PID=308) to work on /home/airflow/.local/lib/python3.8/site-packages/airflow/example_dags/example_short_circuit_decorator.py
[2025-11-10T20:38:13.540+0000] {processor.py:830} INFO - Processing file /home/airflow/.local/lib/python3.8/site-packages/airflow/example_dags/example_short_circuit_decorator.py for tasks to queue
[2025-11-10T20:38:13.542+0000] {logging_mixin.py:188} INFO - [2025-11-10T20:38:13.542+0000] {dagbag.py:540} INFO - Filling up the DagBag from /home/airflow/.local/lib/python3.8/site-packages/airflow/example_dags/example_short_circuit_decorator.py
[2025-11-10T20:38:13.551+0000] {processor.py:840} INFO - DAG(s) 'example_short_circuit_decorator' retrieved from /home/airflow/.local/lib/python3.8/site-packages/airflow/example_dags/example_short_circuit_decorator.py
[2025-11-10T20:38:13.573+0000] {logging_mixin.py:188} INFO - [2025-11-10T20:38:13.573+0000] {dag.py:3047} INFO - Sync 1 DAGs
[2025-11-10T20:38:13.596+0000] {logging_mixin.py:188} INFO - [2025-11-10T20:38:13.596+0000] {dag.py:3834} INFO - Setting next_dagrun for example_short_circuit_decorator to 2025-11-09 00:00:00+00:00, run_after=2025-11-10 00:00:00+00:00
[2025-11-10T20:38:13.616+0000] {processor.py:183} INFO - Processing /home/airflow/.local/lib/python3.8/site-packages/airflow/example_dags/example_short_circuit_decorator.py took 0.081 seconds
[2025-11-10T20:38:43.977+0000] {processor.py:161} INFO - Started process (PID=363) to work on /home/airflow/.local/lib/python3.8/site-packages/airflow/example_dags/example_short_circuit_decorator.py
[2025-11-10T20:38:43.978+0000] {processor.py:830} INFO - Processing file /home/airflow/.local/lib/python3.8/site-packages/airflow/example_dags/example_short_circuit_decorator.py for tasks to queue
[2025-11-10T20:38:43.981+0000] {logging_mixin.py:188} INFO - [2025-11-10T20:38:43.981+0000] {dagbag.py:540} INFO - Filling up the DagBag from /home/airflow/.local/lib/python3.8/site-packages/airflow/example_dags/example_short_circuit_decorator.py
[2025-11-10T20:38:43.992+0000] {processor.py:840} INFO - DAG(s) 'example_short_circuit_decorator' retrieved from /home/airflow/.local/lib/python3.8/site-packages/airflow/example_dags/example_short_circuit_decorator.py
[2025-11-10T20:38:44.015+0000] {logging_mixin.py:188} INFO - [2025-11-10T20:38:44.015+0000] {dag.py:3047} INFO - Sync 1 DAGs
[2025-11-10T20:38:44.035+0000] {logging_mixin.py:188} INFO - [2025-11-10T20:38:44.035+0000] {dag.py:3834} INFO - Setting next_dagrun for example_short_circuit_decorator to 2025-11-09 00:00:00+00:00, run_after=2025-11-10 00:00:00+00:00
[2025-11-10T20:38:44.052+0000] {processor.py:183} INFO - Processing /home/airflow/.local/lib/python3.8/site-packages/airflow/example_dags/example_short_circuit_decorator.py took 0.080 seconds
[2025-11-10T20:39:14.337+0000] {processor.py:161} INFO - Started process (PID=418) to work on /home/airflow/.local/lib/python3.8/site-packages/airflow/example_dags/example_short_circuit_decorator.py
[2025-11-10T20:39:14.340+0000] {processor.py:830} INFO - Processing file /home/airflow/.local/lib/python3.8/site-packages/airflow/example_dags/example_short_circuit_decorator.py for tasks to queue
[2025-11-10T20:39:14.343+0000] {logging_mixin.py:188} INFO - [2025-11-10T20:39:14.343+0000] {dagbag.py:540} INFO - Filling up the DagBag from /home/airflow/.local/lib/python3.8/site-packages/airflow/example_dags/example_short_circuit_decorator.py
[2025-11-10T20:39:14.355+0000] {processor.py:840} INFO - DAG(s) 'example_short_circuit_decorator' retrieved from /home/airflow/.local/lib/python3.8/site-packages/airflow/example_dags/example_short_circuit_decorator.py
[2025-11-10T20:39:14.380+0000] {logging_mixin.py:188} INFO - [2025-11-10T20:39:14.380+0000] {dag.py:3047} INFO - Sync 1 DAGs
[2025-11-10T20:39:14.402+0000] {logging_mixin.py:188} INFO - [2025-11-10T20:39:14.402+0000] {dag.py:3834} INFO - Setting next_dagrun for example_short_circuit_decorator to 2025-11-09 00:00:00+00:00, run_after=2025-11-10 00:00:00+00:00
[2025-11-10T20:39:14.419+0000] {processor.py:183} INFO - Processing /home/airflow/.local/lib/python3.8/site-packages/airflow/example_dags/example_short_circuit_decorator.py took 0.089 seconds
[2025-11-10T20:39:45.031+0000] {processor.py:161} INFO - Started process (PID=473) to work on /home/airflow/.local/lib/python3.8/site-packages/airflow/example_dags/example_short_circuit_decorator.py
[2025-11-10T20:39:45.034+0000] {processor.py:830} INFO - Processing file /home/airflow/.local/lib/python3.8/site-packages/airflow/example_dags/example_short_circuit_decorator.py for tasks to queue
[2025-11-10T20:39:45.037+0000] {logging_mixin.py:188} INFO - [2025-11-10T20:39:45.037+0000] {dagbag.py:540} INFO - Filling up the DagBag from /home/airflow/.local/lib/python3.8/site-packages/airflow/example_dags/example_short_circuit_decorator.py
[2025-11-10T20:39:45.050+0000] {processor.py:840} INFO - DAG(s) 'example_short_circuit_decorator' retrieved from /home/airflow/.local/lib/python3.8/site-packages/airflow/example_dags/example_short_circuit_decorator.py
[2025-11-10T20:39:45.077+0000] {logging_mixin.py:188} INFO - [2025-11-10T20:39:45.077+0000] {dag.py:3047} INFO - Sync 1 DAGs
[2025-11-10T20:39:45.101+0000] {logging_mixin.py:188} INFO - [2025-11-10T20:39:45.101+0000] {dag.py:3834} INFO - Setting next_dagrun for example_short_circuit_decorator to 2025-11-09 00:00:00+00:00, run_after=2025-11-10 00:00:00+00:00
[2025-11-10T20:39:45.124+0000] {processor.py:183} INFO - Processing /home/airflow/.local/lib/python3.8/site-packages/airflow/example_dags/example_short_circuit_decorator.py took 0.099 seconds
[2025-11-10T20:40:15.935+0000] {processor.py:161} INFO - Started process (PID=528) to work on /home/airflow/.local/lib/python3.8/site-packages/airflow/example_dags/example_short_circuit_decorator.py
[2025-11-10T20:40:15.937+0000] {processor.py:830} INFO - Processing file /home/airflow/.local/lib/python3.8/site-packages/airflow/example_dags/example_short_circuit_decorator.py for tasks to queue
[2025-11-10T20:40:15.939+0000] {logging_mixin.py:188} INFO - [2025-11-10T20:40:15.939+0000] {dagbag.py:540} INFO - Filling up the DagBag from /home/airflow/.local/lib/python3.8/site-packages/airflow/example_dags/example_short_circuit_decorator.py
[2025-11-10T20:40:15.948+0000] {processor.py:840} INFO - DAG(s) 'example_short_circuit_decorator' retrieved from /home/airflow/.local/lib/python3.8/site-packages/airflow/example_dags/example_short_circuit_decorator.py
[2025-11-10T20:40:15.970+0000] {logging_mixin.py:188} INFO - [2025-11-10T20:40:15.970+0000] {dag.py:3047} INFO - Sync 1 DAGs
[2025-11-10T20:40:15.991+0000] {logging_mixin.py:188} INFO - [2025-11-10T20:40:15.991+0000] {dag.py:3834} INFO - Setting next_dagrun for example_short_circuit_decorator to 2025-11-09 00:00:00+00:00, run_after=2025-11-10 00:00:00+00:00
[2025-11-10T20:40:16.010+0000] {processor.py:183} INFO - Processing /home/airflow/.local/lib/python3.8/site-packages/airflow/example_dags/example_short_circuit_decorator.py took 0.078 seconds
[2025-11-10T20:40:46.390+0000] {processor.py:161} INFO - Started process (PID=583) to work on /home/airflow/.local/lib/python3.8/site-packages/airflow/example_dags/example_short_circuit_decorator.py
[2025-11-10T20:40:46.392+0000] {processor.py:830} INFO - Processing file /home/airflow/.local/lib/python3.8/site-packages/airflow/example_dags/example_short_circuit_decorator.py for tasks to queue
[2025-11-10T20:40:46.395+0000] {logging_mixin.py:188} INFO - [2025-11-10T20:40:46.395+0000] {dagbag.py:540} INFO - Filling up the DagBag from /home/airflow/.local/lib/python3.8/site-packages/airflow/example_dags/example_short_circuit_decorator.py
[2025-11-10T20:40:46.406+0000] {processor.py:840} INFO - DAG(s) 'example_short_circuit_decorator' retrieved from /home/airflow/.local/lib/python3.8/site-packages/airflow/example_dags/example_short_circuit_decorator.py
[2025-11-10T20:40:46.429+0000] {logging_mixin.py:188} INFO - [2025-11-10T20:40:46.429+0000] {dag.py:3047} INFO - Sync 1 DAGs
[2025-11-10T20:40:46.450+0000] {logging_mixin.py:188} INFO - [2025-11-10T20:40:46.450+0000] {dag.py:3834} INFO - Setting next_dagrun for example_short_circuit_decorator to 2025-11-09 00:00:00+00:00, run_after=2025-11-10 00:00:00+00:00
[2025-11-10T20:40:46.470+0000] {processor.py:183} INFO - Processing /home/airflow/.local/lib/python3.8/site-packages/airflow/example_dags/example_short_circuit_decorator.py took 0.085 seconds
[2025-11-10T20:41:16.597+0000] {processor.py:161} INFO - Started process (PID=638) to work on /home/airflow/.local/lib/python3.8/site-packages/airflow/example_dags/example_short_circuit_decorator.py
[2025-11-10T20:41:16.599+0000] {processor.py:830} INFO - Processing file /home/airflow/.local/lib/python3.8/site-packages/airflow/example_dags/example_short_circuit_decorator.py for tasks to queue
[2025-11-10T20:41:16.602+0000] {logging_mixin.py:188} INFO - [2025-11-10T20:41:16.601+0000] {dagbag.py:540} INFO - Filling up the DagBag from /home/airflow/.local/lib/python3.8/site-packages/airflow/example_dags/example_short_circuit_decorator.py
[2025-11-10T20:41:16.619+0000] {processor.py:840} INFO - DAG(s) 'example_short_circuit_decorator' retrieved from /home/airflow/.local/lib/python3.8/site-packages/airflow/example_dags/example_short_circuit_decorator.py
[2025-11-10T20:41:16.652+0000] {logging_mixin.py:188} INFO - [2025-11-10T20:41:16.652+0000] {dag.py:3047} INFO - Sync 1 DAGs
[2025-11-10T20:41:16.673+0000] {logging_mixin.py:188} INFO - [2025-11-10T20:41:16.673+0000] {dag.py:3834} INFO - Setting next_dagrun for example_short_circuit_decorator to 2025-11-09 00:00:00+00:00, run_after=2025-11-10 00:00:00+00:00
[2025-11-10T20:41:16.694+0000] {processor.py:183} INFO - Processing /home/airflow/.local/lib/python3.8/site-packages/airflow/example_dags/example_short_circuit_decorator.py took 0.103 seconds
[2025-11-10T20:41:47.090+0000] {processor.py:161} INFO - Started process (PID=693) to work on /home/airflow/.local/lib/python3.8/site-packages/airflow/example_dags/example_short_circuit_decorator.py
[2025-11-10T20:41:47.092+0000] {processor.py:830} INFO - Processing file /home/airflow/.local/lib/python3.8/site-packages/airflow/example_dags/example_short_circuit_decorator.py for tasks to queue
[2025-11-10T20:41:47.095+0000] {logging_mixin.py:188} INFO - [2025-11-10T20:41:47.094+0000] {dagbag.py:540} INFO - Filling up the DagBag from /home/airflow/.local/lib/python3.8/site-packages/airflow/example_dags/example_short_circuit_decorator.py
[2025-11-10T20:41:47.104+0000] {processor.py:840} INFO - DAG(s) 'example_short_circuit_decorator' retrieved from /home/airflow/.local/lib/python3.8/site-packages/airflow/example_dags/example_short_circuit_decorator.py
[2025-11-10T20:41:47.126+0000] {logging_mixin.py:188} INFO - [2025-11-10T20:41:47.126+0000] {dag.py:3047} INFO - Sync 1 DAGs
[2025-11-10T20:41:47.145+0000] {logging_mixin.py:188} INFO - [2025-11-10T20:41:47.145+0000] {dag.py:3834} INFO - Setting next_dagrun for example_short_circuit_decorator to 2025-11-09 00:00:00+00:00, run_after=2025-11-10 00:00:00+00:00
[2025-11-10T20:41:47.164+0000] {processor.py:183} INFO - Processing /home/airflow/.local/lib/python3.8/site-packages/airflow/example_dags/example_short_circuit_decorator.py took 0.077 seconds
[2025-11-10T20:42:17.928+0000] {processor.py:161} INFO - Started process (PID=748) to work on /home/airflow/.local/lib/python3.8/site-packages/airflow/example_dags/example_short_circuit_decorator.py
[2025-11-10T20:42:17.932+0000] {processor.py:830} INFO - Processing file /home/airflow/.local/lib/python3.8/site-packages/airflow/example_dags/example_short_circuit_decorator.py for tasks to queue
[2025-11-10T20:42:17.940+0000] {logging_mixin.py:188} INFO - [2025-11-10T20:42:17.939+0000] {dagbag.py:540} INFO - Filling up the DagBag from /home/airflow/.local/lib/python3.8/site-packages/airflow/example_dags/example_short_circuit_decorator.py
[2025-11-10T20:42:17.963+0000] {processor.py:840} INFO - DAG(s) 'example_short_circuit_decorator' retrieved from /home/airflow/.local/lib/python3.8/site-packages/airflow/example_dags/example_short_circuit_decorator.py
[2025-11-10T20:42:18.012+0000] {logging_mixin.py:188} INFO - [2025-11-10T20:42:18.012+0000] {dag.py:3047} INFO - Sync 1 DAGs
[2025-11-10T20:42:18.043+0000] {logging_mixin.py:188} INFO - [2025-11-10T20:42:18.043+0000] {dag.py:3834} INFO - Setting next_dagrun for example_short_circuit_decorator to 2025-11-09 00:00:00+00:00, run_after=2025-11-10 00:00:00+00:00
[2025-11-10T20:42:18.066+0000] {processor.py:183} INFO - Processing /home/airflow/.local/lib/python3.8/site-packages/airflow/example_dags/example_short_circuit_decorator.py took 0.148 seconds
[2025-11-10T20:42:48.526+0000] {processor.py:161} INFO - Started process (PID=803) to work on /home/airflow/.local/lib/python3.8/site-packages/airflow/example_dags/example_short_circuit_decorator.py
[2025-11-10T20:42:48.527+0000] {processor.py:830} INFO - Processing file /home/airflow/.local/lib/python3.8/site-packages/airflow/example_dags/example_short_circuit_decorator.py for tasks to queue
[2025-11-10T20:42:48.529+0000] {logging_mixin.py:188} INFO - [2025-11-10T20:42:48.529+0000] {dagbag.py:540} INFO - Filling up the DagBag from /home/airflow/.local/lib/python3.8/site-packages/airflow/example_dags/example_short_circuit_decorator.py
[2025-11-10T20:42:48.539+0000] {processor.py:840} INFO - DAG(s) 'example_short_circuit_decorator' retrieved from /home/airflow/.local/lib/python3.8/site-packages/airflow/example_dags/example_short_circuit_decorator.py
[2025-11-10T20:42:48.566+0000] {logging_mixin.py:188} INFO - [2025-11-10T20:42:48.566+0000] {dag.py:3047} INFO - Sync 1 DAGs
[2025-11-10T20:42:48.586+0000] {logging_mixin.py:188} INFO - [2025-11-10T20:42:48.586+0000] {dag.py:3834} INFO - Setting next_dagrun for example_short_circuit_decorator to 2025-11-09 00:00:00+00:00, run_after=2025-11-10 00:00:00+00:00
[2025-11-10T20:42:48.603+0000] {processor.py:183} INFO - Processing /home/airflow/.local/lib/python3.8/site-packages/airflow/example_dags/example_short_circuit_decorator.py took 0.080 seconds
[2025-11-10T20:43:18.834+0000] {processor.py:161} INFO - Started process (PID=858) to work on /home/airflow/.local/lib/python3.8/site-packages/airflow/example_dags/example_short_circuit_decorator.py
[2025-11-10T20:43:18.836+0000] {processor.py:830} INFO - Processing file /home/airflow/.local/lib/python3.8/site-packages/airflow/example_dags/example_short_circuit_decorator.py for tasks to queue
[2025-11-10T20:43:18.838+0000] {logging_mixin.py:188} INFO - [2025-11-10T20:43:18.838+0000] {dagbag.py:540} INFO - Filling up the DagBag from /home/airflow/.local/lib/python3.8/site-packages/airflow/example_dags/example_short_circuit_decorator.py
[2025-11-10T20:43:18.847+0000] {processor.py:840} INFO - DAG(s) 'example_short_circuit_decorator' retrieved from /home/airflow/.local/lib/python3.8/site-packages/airflow/example_dags/example_short_circuit_decorator.py
[2025-11-10T20:43:18.869+0000] {logging_mixin.py:188} INFO - [2025-11-10T20:43:18.869+0000] {dag.py:3047} INFO - Sync 1 DAGs
[2025-11-10T20:43:18.888+0000] {logging_mixin.py:188} INFO - [2025-11-10T20:43:18.888+0000] {dag.py:3834} INFO - Setting next_dagrun for example_short_circuit_decorator to 2025-11-09 00:00:00+00:00, run_after=2025-11-10 00:00:00+00:00
[2025-11-10T20:43:18.905+0000] {processor.py:183} INFO - Processing /home/airflow/.local/lib/python3.8/site-packages/airflow/example_dags/example_short_circuit_decorator.py took 0.076 seconds
[2025-11-10T20:43:49.127+0000] {processor.py:161} INFO - Started process (PID=912) to work on /home/airflow/.local/lib/python3.8/site-packages/airflow/example_dags/example_short_circuit_decorator.py
[2025-11-10T20:43:49.129+0000] {processor.py:830} INFO - Processing file /home/airflow/.local/lib/python3.8/site-packages/airflow/example_dags/example_short_circuit_decorator.py for tasks to queue
[2025-11-10T20:43:49.132+0000] {logging_mixin.py:188} INFO - [2025-11-10T20:43:49.131+0000] {dagbag.py:540} INFO - Filling up the DagBag from /home/airflow/.local/lib/python3.8/site-packages/airflow/example_dags/example_short_circuit_decorator.py
[2025-11-10T20:43:49.147+0000] {processor.py:840} INFO - DAG(s) 'example_short_circuit_decorator' retrieved from /home/airflow/.local/lib/python3.8/site-packages/airflow/example_dags/example_short_circuit_decorator.py
[2025-11-10T20:43:49.169+0000] {logging_mixin.py:188} INFO - [2025-11-10T20:43:49.169+0000] {dag.py:3047} INFO - Sync 1 DAGs
[2025-11-10T20:43:49.189+0000] {logging_mixin.py:188} INFO - [2025-11-10T20:43:49.189+0000] {dag.py:3834} INFO - Setting next_dagrun for example_short_circuit_decorator to 2025-11-09 00:00:00+00:00, run_after=2025-11-10 00:00:00+00:00
[2025-11-10T20:43:49.205+0000] {processor.py:183} INFO - Processing /home/airflow/.local/lib/python3.8/site-packages/airflow/example_dags/example_short_circuit_decorator.py took 0.084 seconds
[2025-11-10T20:44:19.399+0000] {processor.py:161} INFO - Started process (PID=967) to work on /home/airflow/.local/lib/python3.8/site-packages/airflow/example_dags/example_short_circuit_decorator.py
[2025-11-10T20:44:19.400+0000] {processor.py:830} INFO - Processing file /home/airflow/.local/lib/python3.8/site-packages/airflow/example_dags/example_short_circuit_decorator.py for tasks to queue
[2025-11-10T20:44:19.402+0000] {logging_mixin.py:188} INFO - [2025-11-10T20:44:19.402+0000] {dagbag.py:540} INFO - Filling up the DagBag from /home/airflow/.local/lib/python3.8/site-packages/airflow/example_dags/example_short_circuit_decorator.py
[2025-11-10T20:44:19.411+0000] {processor.py:840} INFO - DAG(s) 'example_short_circuit_decorator' retrieved from /home/airflow/.local/lib/python3.8/site-packages/airflow/example_dags/example_short_circuit_decorator.py
[2025-11-10T20:44:19.435+0000] {logging_mixin.py:188} INFO - [2025-11-10T20:44:19.435+0000] {dag.py:3047} INFO - Sync 1 DAGs
[2025-11-10T20:44:19.456+0000] {logging_mixin.py:188} INFO - [2025-11-10T20:44:19.455+0000] {dag.py:3834} INFO - Setting next_dagrun for example_short_circuit_decorator to 2025-11-09 00:00:00+00:00, run_after=2025-11-10 00:00:00+00:00
[2025-11-10T20:44:19.473+0000] {processor.py:183} INFO - Processing /home/airflow/.local/lib/python3.8/site-packages/airflow/example_dags/example_short_circuit_decorator.py took 0.077 seconds
[2025-11-10T20:44:49.859+0000] {processor.py:161} INFO - Started process (PID=1022) to work on /home/airflow/.local/lib/python3.8/site-packages/airflow/example_dags/example_short_circuit_decorator.py
[2025-11-10T20:44:49.861+0000] {processor.py:830} INFO - Processing file /home/airflow/.local/lib/python3.8/site-packages/airflow/example_dags/example_short_circuit_decorator.py for tasks to queue
[2025-11-10T20:44:49.864+0000] {logging_mixin.py:188} INFO - [2025-11-10T20:44:49.863+0000] {dagbag.py:540} INFO - Filling up the DagBag from /home/airflow/.local/lib/python3.8/site-packages/airflow/example_dags/example_short_circuit_decorator.py
[2025-11-10T20:44:49.872+0000] {processor.py:840} INFO - DAG(s) 'example_short_circuit_decorator' retrieved from /home/airflow/.local/lib/python3.8/site-packages/airflow/example_dags/example_short_circuit_decorator.py
[2025-11-10T20:44:49.895+0000] {logging_mixin.py:188} INFO - [2025-11-10T20:44:49.894+0000] {dag.py:3047} INFO - Sync 1 DAGs
[2025-11-10T20:44:49.914+0000] {logging_mixin.py:188} INFO - [2025-11-10T20:44:49.914+0000] {dag.py:3834} INFO - Setting next_dagrun for example_short_circuit_decorator to 2025-11-09 00:00:00+00:00, run_after=2025-11-10 00:00:00+00:00
[2025-11-10T20:44:49.934+0000] {processor.py:183} INFO - Processing /home/airflow/.local/lib/python3.8/site-packages/airflow/example_dags/example_short_circuit_decorator.py took 0.082 seconds
[2025-11-10T20:45:20.209+0000] {processor.py:161} INFO - Started process (PID=1077) to work on /home/airflow/.local/lib/python3.8/site-packages/airflow/example_dags/example_short_circuit_decorator.py
[2025-11-10T20:45:20.210+0000] {processor.py:830} INFO - Processing file /home/airflow/.local/lib/python3.8/site-packages/airflow/example_dags/example_short_circuit_decorator.py for tasks to queue
[2025-11-10T20:45:20.212+0000] {logging_mixin.py:188} INFO - [2025-11-10T20:45:20.212+0000] {dagbag.py:540} INFO - Filling up the DagBag from /home/airflow/.local/lib/python3.8/site-packages/airflow/example_dags/example_short_circuit_decorator.py
[2025-11-10T20:45:20.223+0000] {processor.py:840} INFO - DAG(s) 'example_short_circuit_decorator' retrieved from /home/airflow/.local/lib/python3.8/site-packages/airflow/example_dags/example_short_circuit_decorator.py
[2025-11-10T20:45:20.248+0000] {logging_mixin.py:188} INFO - [2025-11-10T20:45:20.248+0000] {dag.py:3047} INFO - Sync 1 DAGs
[2025-11-10T20:45:20.273+0000] {logging_mixin.py:188} INFO - [2025-11-10T20:45:20.273+0000] {dag.py:3834} INFO - Setting next_dagrun for example_short_circuit_decorator to 2025-11-09 00:00:00+00:00, run_after=2025-11-10 00:00:00+00:00
[2025-11-10T20:45:20.309+0000] {processor.py:183} INFO - Processing /home/airflow/.local/lib/python3.8/site-packages/airflow/example_dags/example_short_circuit_decorator.py took 0.103 seconds
[2025-11-10T20:45:50.395+0000] {processor.py:161} INFO - Started process (PID=1132) to work on /home/airflow/.local/lib/python3.8/site-packages/airflow/example_dags/example_short_circuit_decorator.py
[2025-11-10T20:45:50.397+0000] {processor.py:830} INFO - Processing file /home/airflow/.local/lib/python3.8/site-packages/airflow/example_dags/example_short_circuit_decorator.py for tasks to queue
[2025-11-10T20:45:50.399+0000] {logging_mixin.py:188} INFO - [2025-11-10T20:45:50.399+0000] {dagbag.py:540} INFO - Filling up the DagBag from /home/airflow/.local/lib/python3.8/site-packages/airflow/example_dags/example_short_circuit_decorator.py
[2025-11-10T20:45:50.409+0000] {processor.py:840} INFO - DAG(s) 'example_short_circuit_decorator' retrieved from /home/airflow/.local/lib/python3.8/site-packages/airflow/example_dags/example_short_circuit_decorator.py
[2025-11-10T20:45:50.433+0000] {logging_mixin.py:188} INFO - [2025-11-10T20:45:50.432+0000] {dag.py:3047} INFO - Sync 1 DAGs
[2025-11-10T20:45:50.454+0000] {logging_mixin.py:188} INFO - [2025-11-10T20:45:50.454+0000] {dag.py:3834} INFO - Setting next_dagrun for example_short_circuit_decorator to 2025-11-09 00:00:00+00:00, run_after=2025-11-10 00:00:00+00:00
[2025-11-10T20:45:50.474+0000] {processor.py:183} INFO - Processing /home/airflow/.local/lib/python3.8/site-packages/airflow/example_dags/example_short_circuit_decorator.py took 0.084 seconds
[2025-11-10T20:46:20.642+0000] {processor.py:161} INFO - Started process (PID=1187) to work on /home/airflow/.local/lib/python3.8/site-packages/airflow/example_dags/example_short_circuit_decorator.py
[2025-11-10T20:46:20.644+0000] {processor.py:830} INFO - Processing file /home/airflow/.local/lib/python3.8/site-packages/airflow/example_dags/example_short_circuit_decorator.py for tasks to queue
[2025-11-10T20:46:20.646+0000] {logging_mixin.py:188} INFO - [2025-11-10T20:46:20.646+0000] {dagbag.py:540} INFO - Filling up the DagBag from /home/airflow/.local/lib/python3.8/site-packages/airflow/example_dags/example_short_circuit_decorator.py
[2025-11-10T20:46:20.659+0000] {processor.py:840} INFO - DAG(s) 'example_short_circuit_decorator' retrieved from /home/airflow/.local/lib/python3.8/site-packages/airflow/example_dags/example_short_circuit_decorator.py
[2025-11-10T20:46:20.686+0000] {logging_mixin.py:188} INFO - [2025-11-10T20:46:20.686+0000] {dag.py:3047} INFO - Sync 1 DAGs
[2025-11-10T20:46:20.709+0000] {logging_mixin.py:188} INFO - [2025-11-10T20:46:20.709+0000] {dag.py:3834} INFO - Setting next_dagrun for example_short_circuit_decorator to 2025-11-09 00:00:00+00:00, run_after=2025-11-10 00:00:00+00:00
[2025-11-10T20:46:20.731+0000] {processor.py:183} INFO - Processing /home/airflow/.local/lib/python3.8/site-packages/airflow/example_dags/example_short_circuit_decorator.py took 0.092 seconds
[2025-11-10T20:46:50.943+0000] {processor.py:161} INFO - Started process (PID=1243) to work on /home/airflow/.local/lib/python3.8/site-packages/airflow/example_dags/example_short_circuit_decorator.py
[2025-11-10T20:46:50.945+0000] {processor.py:830} INFO - Processing file /home/airflow/.local/lib/python3.8/site-packages/airflow/example_dags/example_short_circuit_decorator.py for tasks to queue
[2025-11-10T20:46:50.948+0000] {logging_mixin.py:188} INFO - [2025-11-10T20:46:50.947+0000] {dagbag.py:540} INFO - Filling up the DagBag from /home/airflow/.local/lib/python3.8/site-packages/airflow/example_dags/example_short_circuit_decorator.py
[2025-11-10T20:46:50.959+0000] {processor.py:840} INFO - DAG(s) 'example_short_circuit_decorator' retrieved from /home/airflow/.local/lib/python3.8/site-packages/airflow/example_dags/example_short_circuit_decorator.py
[2025-11-10T20:46:50.981+0000] {logging_mixin.py:188} INFO - [2025-11-10T20:46:50.981+0000] {dag.py:3047} INFO - Sync 1 DAGs
[2025-11-10T20:46:51.003+0000] {logging_mixin.py:188} INFO - [2025-11-10T20:46:51.002+0000] {dag.py:3834} INFO - Setting next_dagrun for example_short_circuit_decorator to 2025-11-09 00:00:00+00:00, run_after=2025-11-10 00:00:00+00:00
[2025-11-10T20:46:51.022+0000] {processor.py:183} INFO - Processing /home/airflow/.local/lib/python3.8/site-packages/airflow/example_dags/example_short_circuit_decorator.py took 0.083 seconds
[2025-11-10T20:47:21.568+0000] {processor.py:161} INFO - Started process (PID=1298) to work on /home/airflow/.local/lib/python3.8/site-packages/airflow/example_dags/example_short_circuit_decorator.py
[2025-11-10T20:47:21.569+0000] {processor.py:830} INFO - Processing file /home/airflow/.local/lib/python3.8/site-packages/airflow/example_dags/example_short_circuit_decorator.py for tasks to queue
[2025-11-10T20:47:21.571+0000] {logging_mixin.py:188} INFO - [2025-11-10T20:47:21.571+0000] {dagbag.py:540} INFO - Filling up the DagBag from /home/airflow/.local/lib/python3.8/site-packages/airflow/example_dags/example_short_circuit_decorator.py
[2025-11-10T20:47:21.582+0000] {processor.py:840} INFO - DAG(s) 'example_short_circuit_decorator' retrieved from /home/airflow/.local/lib/python3.8/site-packages/airflow/example_dags/example_short_circuit_decorator.py
[2025-11-10T20:47:21.613+0000] {logging_mixin.py:188} INFO - [2025-11-10T20:47:21.612+0000] {dag.py:3047} INFO - Sync 1 DAGs
[2025-11-10T20:47:21.637+0000] {logging_mixin.py:188} INFO - [2025-11-10T20:47:21.637+0000] {dag.py:3834} INFO - Setting next_dagrun for example_short_circuit_decorator to 2025-11-09 00:00:00+00:00, run_after=2025-11-10 00:00:00+00:00
[2025-11-10T20:47:21.656+0000] {processor.py:183} INFO - Processing /home/airflow/.local/lib/python3.8/site-packages/airflow/example_dags/example_short_circuit_decorator.py took 0.091 seconds
[2025-11-10T20:47:51.821+0000] {processor.py:161} INFO - Started process (PID=1353) to work on /home/airflow/.local/lib/python3.8/site-packages/airflow/example_dags/example_short_circuit_decorator.py
[2025-11-10T20:47:51.823+0000] {processor.py:830} INFO - Processing file /home/airflow/.local/lib/python3.8/site-packages/airflow/example_dags/example_short_circuit_decorator.py for tasks to queue
[2025-11-10T20:47:51.826+0000] {logging_mixin.py:188} INFO - [2025-11-10T20:47:51.826+0000] {dagbag.py:540} INFO - Filling up the DagBag from /home/airflow/.local/lib/python3.8/site-packages/airflow/example_dags/example_short_circuit_decorator.py
[2025-11-10T20:47:51.839+0000] {processor.py:840} INFO - DAG(s) 'example_short_circuit_decorator' retrieved from /home/airflow/.local/lib/python3.8/site-packages/airflow/example_dags/example_short_circuit_decorator.py
[2025-11-10T20:47:51.861+0000] {logging_mixin.py:188} INFO - [2025-11-10T20:47:51.861+0000] {dag.py:3047} INFO - Sync 1 DAGs
[2025-11-10T20:47:51.881+0000] {logging_mixin.py:188} INFO - [2025-11-10T20:47:51.881+0000] {dag.py:3834} INFO - Setting next_dagrun for example_short_circuit_decorator to 2025-11-09 00:00:00+00:00, run_after=2025-11-10 00:00:00+00:00
[2025-11-10T20:47:51.899+0000] {processor.py:183} INFO - Processing /home/airflow/.local/lib/python3.8/site-packages/airflow/example_dags/example_short_circuit_decorator.py took 0.085 seconds
[2025-11-10T20:48:22.207+0000] {processor.py:161} INFO - Started process (PID=1408) to work on /home/airflow/.local/lib/python3.8/site-packages/airflow/example_dags/example_short_circuit_decorator.py
[2025-11-10T20:48:22.210+0000] {processor.py:830} INFO - Processing file /home/airflow/.local/lib/python3.8/site-packages/airflow/example_dags/example_short_circuit_decorator.py for tasks to queue
[2025-11-10T20:48:22.215+0000] {logging_mixin.py:188} INFO - [2025-11-10T20:48:22.214+0000] {dagbag.py:540} INFO - Filling up the DagBag from /home/airflow/.local/lib/python3.8/site-packages/airflow/example_dags/example_short_circuit_decorator.py
[2025-11-10T20:48:22.239+0000] {processor.py:840} INFO - DAG(s) 'example_short_circuit_decorator' retrieved from /home/airflow/.local/lib/python3.8/site-packages/airflow/example_dags/example_short_circuit_decorator.py
[2025-11-10T20:48:22.288+0000] {logging_mixin.py:188} INFO - [2025-11-10T20:48:22.287+0000] {dag.py:3047} INFO - Sync 1 DAGs
[2025-11-10T20:48:22.323+0000] {logging_mixin.py:188} INFO - [2025-11-10T20:48:22.323+0000] {dag.py:3834} INFO - Setting next_dagrun for example_short_circuit_decorator to 2025-11-09 00:00:00+00:00, run_after=2025-11-10 00:00:00+00:00
[2025-11-10T20:48:22.358+0000] {processor.py:183} INFO - Processing /home/airflow/.local/lib/python3.8/site-packages/airflow/example_dags/example_short_circuit_decorator.py took 0.159 seconds
[2025-11-10T20:48:52.559+0000] {processor.py:161} INFO - Started process (PID=1463) to work on /home/airflow/.local/lib/python3.8/site-packages/airflow/example_dags/example_short_circuit_decorator.py
[2025-11-10T20:48:52.560+0000] {processor.py:830} INFO - Processing file /home/airflow/.local/lib/python3.8/site-packages/airflow/example_dags/example_short_circuit_decorator.py for tasks to queue
[2025-11-10T20:48:52.562+0000] {logging_mixin.py:188} INFO - [2025-11-10T20:48:52.562+0000] {dagbag.py:540} INFO - Filling up the DagBag from /home/airflow/.local/lib/python3.8/site-packages/airflow/example_dags/example_short_circuit_decorator.py
[2025-11-10T20:48:52.571+0000] {processor.py:840} INFO - DAG(s) 'example_short_circuit_decorator' retrieved from /home/airflow/.local/lib/python3.8/site-packages/airflow/example_dags/example_short_circuit_decorator.py
[2025-11-10T20:48:52.594+0000] {logging_mixin.py:188} INFO - [2025-11-10T20:48:52.593+0000] {dag.py:3047} INFO - Sync 1 DAGs
[2025-11-10T20:48:52.614+0000] {logging_mixin.py:188} INFO - [2025-11-10T20:48:52.614+0000] {dag.py:3834} INFO - Setting next_dagrun for example_short_circuit_decorator to 2025-11-09 00:00:00+00:00, run_after=2025-11-10 00:00:00+00:00
[2025-11-10T20:48:52.632+0000] {processor.py:183} INFO - Processing /home/airflow/.local/lib/python3.8/site-packages/airflow/example_dags/example_short_circuit_decorator.py took 0.076 seconds
[2025-11-10T20:49:23.010+0000] {processor.py:161} INFO - Started process (PID=1519) to work on /home/airflow/.local/lib/python3.8/site-packages/airflow/example_dags/example_short_circuit_decorator.py
[2025-11-10T20:49:23.013+0000] {processor.py:830} INFO - Processing file /home/airflow/.local/lib/python3.8/site-packages/airflow/example_dags/example_short_circuit_decorator.py for tasks to queue
[2025-11-10T20:49:23.019+0000] {logging_mixin.py:188} INFO - [2025-11-10T20:49:23.018+0000] {dagbag.py:540} INFO - Filling up the DagBag from /home/airflow/.local/lib/python3.8/site-packages/airflow/example_dags/example_short_circuit_decorator.py
[2025-11-10T20:49:23.045+0000] {processor.py:840} INFO - DAG(s) 'example_short_circuit_decorator' retrieved from /home/airflow/.local/lib/python3.8/site-packages/airflow/example_dags/example_short_circuit_decorator.py
[2025-11-10T20:49:23.103+0000] {logging_mixin.py:188} INFO - [2025-11-10T20:49:23.102+0000] {dag.py:3047} INFO - Sync 1 DAGs
[2025-11-10T20:49:23.125+0000] {logging_mixin.py:188} INFO - [2025-11-10T20:49:23.124+0000] {dag.py:3834} INFO - Setting next_dagrun for example_short_circuit_decorator to 2025-11-09 00:00:00+00:00, run_after=2025-11-10 00:00:00+00:00
[2025-11-10T20:49:23.153+0000] {processor.py:183} INFO - Processing /home/airflow/.local/lib/python3.8/site-packages/airflow/example_dags/example_short_circuit_decorator.py took 0.152 seconds
[2025-11-10T20:49:53.715+0000] {processor.py:161} INFO - Started process (PID=1574) to work on /home/airflow/.local/lib/python3.8/site-packages/airflow/example_dags/example_short_circuit_decorator.py
[2025-11-10T20:49:53.717+0000] {processor.py:830} INFO - Processing file /home/airflow/.local/lib/python3.8/site-packages/airflow/example_dags/example_short_circuit_decorator.py for tasks to queue
[2025-11-10T20:49:53.718+0000] {logging_mixin.py:188} INFO - [2025-11-10T20:49:53.718+0000] {dagbag.py:540} INFO - Filling up the DagBag from /home/airflow/.local/lib/python3.8/site-packages/airflow/example_dags/example_short_circuit_decorator.py
[2025-11-10T20:49:53.737+0000] {processor.py:840} INFO - DAG(s) 'example_short_circuit_decorator' retrieved from /home/airflow/.local/lib/python3.8/site-packages/airflow/example_dags/example_short_circuit_decorator.py
[2025-11-10T20:49:53.761+0000] {logging_mixin.py:188} INFO - [2025-11-10T20:49:53.761+0000] {dag.py:3047} INFO - Sync 1 DAGs
[2025-11-10T20:49:53.781+0000] {logging_mixin.py:188} INFO - [2025-11-10T20:49:53.781+0000] {dag.py:3834} INFO - Setting next_dagrun for example_short_circuit_decorator to 2025-11-09 00:00:00+00:00, run_after=2025-11-10 00:00:00+00:00
[2025-11-10T20:49:53.800+0000] {processor.py:183} INFO - Processing /home/airflow/.local/lib/python3.8/site-packages/airflow/example_dags/example_short_circuit_decorator.py took 0.088 seconds
[2025-11-10T20:50:23.970+0000] {processor.py:161} INFO - Started process (PID=1629) to work on /home/airflow/.local/lib/python3.8/site-packages/airflow/example_dags/example_short_circuit_decorator.py
[2025-11-10T20:50:23.972+0000] {processor.py:830} INFO - Processing file /home/airflow/.local/lib/python3.8/site-packages/airflow/example_dags/example_short_circuit_decorator.py for tasks to queue
[2025-11-10T20:50:23.975+0000] {logging_mixin.py:188} INFO - [2025-11-10T20:50:23.975+0000] {dagbag.py:540} INFO - Filling up the DagBag from /home/airflow/.local/lib/python3.8/site-packages/airflow/example_dags/example_short_circuit_decorator.py
[2025-11-10T20:50:23.990+0000] {processor.py:840} INFO - DAG(s) 'example_short_circuit_decorator' retrieved from /home/airflow/.local/lib/python3.8/site-packages/airflow/example_dags/example_short_circuit_decorator.py
[2025-11-10T20:50:24.013+0000] {logging_mixin.py:188} INFO - [2025-11-10T20:50:24.013+0000] {dag.py:3047} INFO - Sync 1 DAGs
[2025-11-10T20:50:24.033+0000] {logging_mixin.py:188} INFO - [2025-11-10T20:50:24.032+0000] {dag.py:3834} INFO - Setting next_dagrun for example_short_circuit_decorator to 2025-11-09 00:00:00+00:00, run_after=2025-11-10 00:00:00+00:00
[2025-11-10T20:50:24.051+0000] {processor.py:183} INFO - Processing /home/airflow/.local/lib/python3.8/site-packages/airflow/example_dags/example_short_circuit_decorator.py took 0.087 seconds
[2025-11-10T20:50:54.879+0000] {processor.py:161} INFO - Started process (PID=1684) to work on /home/airflow/.local/lib/python3.8/site-packages/airflow/example_dags/example_short_circuit_decorator.py
[2025-11-10T20:50:54.881+0000] {processor.py:830} INFO - Processing file /home/airflow/.local/lib/python3.8/site-packages/airflow/example_dags/example_short_circuit_decorator.py for tasks to queue
[2025-11-10T20:50:54.884+0000] {logging_mixin.py:188} INFO - [2025-11-10T20:50:54.883+0000] {dagbag.py:540} INFO - Filling up the DagBag from /home/airflow/.local/lib/python3.8/site-packages/airflow/example_dags/example_short_circuit_decorator.py
[2025-11-10T20:50:54.895+0000] {processor.py:840} INFO - DAG(s) 'example_short_circuit_decorator' retrieved from /home/airflow/.local/lib/python3.8/site-packages/airflow/example_dags/example_short_circuit_decorator.py
[2025-11-10T20:50:54.919+0000] {logging_mixin.py:188} INFO - [2025-11-10T20:50:54.919+0000] {dag.py:3047} INFO - Sync 1 DAGs
[2025-11-10T20:50:54.942+0000] {logging_mixin.py:188} INFO - [2025-11-10T20:50:54.942+0000] {dag.py:3834} INFO - Setting next_dagrun for example_short_circuit_decorator to 2025-11-09 00:00:00+00:00, run_after=2025-11-10 00:00:00+00:00
[2025-11-10T20:50:54.960+0000] {processor.py:183} INFO - Processing /home/airflow/.local/lib/python3.8/site-packages/airflow/example_dags/example_short_circuit_decorator.py took 0.085 seconds
[2025-11-10T20:51:25.057+0000] {processor.py:161} INFO - Started process (PID=1739) to work on /home/airflow/.local/lib/python3.8/site-packages/airflow/example_dags/example_short_circuit_decorator.py
[2025-11-10T20:51:25.059+0000] {processor.py:830} INFO - Processing file /home/airflow/.local/lib/python3.8/site-packages/airflow/example_dags/example_short_circuit_decorator.py for tasks to queue
[2025-11-10T20:51:25.061+0000] {logging_mixin.py:188} INFO - [2025-11-10T20:51:25.060+0000] {dagbag.py:540} INFO - Filling up the DagBag from /home/airflow/.local/lib/python3.8/site-packages/airflow/example_dags/example_short_circuit_decorator.py
[2025-11-10T20:51:25.070+0000] {processor.py:840} INFO - DAG(s) 'example_short_circuit_decorator' retrieved from /home/airflow/.local/lib/python3.8/site-packages/airflow/example_dags/example_short_circuit_decorator.py
[2025-11-10T20:51:25.093+0000] {logging_mixin.py:188} INFO - [2025-11-10T20:51:25.092+0000] {dag.py:3047} INFO - Sync 1 DAGs
[2025-11-10T20:51:25.114+0000] {logging_mixin.py:188} INFO - [2025-11-10T20:51:25.114+0000] {dag.py:3834} INFO - Setting next_dagrun for example_short_circuit_decorator to 2025-11-09 00:00:00+00:00, run_after=2025-11-10 00:00:00+00:00
[2025-11-10T20:51:25.134+0000] {processor.py:183} INFO - Processing /home/airflow/.local/lib/python3.8/site-packages/airflow/example_dags/example_short_circuit_decorator.py took 0.080 seconds
[2025-11-10T20:51:55.308+0000] {processor.py:161} INFO - Started process (PID=1794) to work on /home/airflow/.local/lib/python3.8/site-packages/airflow/example_dags/example_short_circuit_decorator.py
[2025-11-10T20:51:55.310+0000] {processor.py:830} INFO - Processing file /home/airflow/.local/lib/python3.8/site-packages/airflow/example_dags/example_short_circuit_decorator.py for tasks to queue
[2025-11-10T20:51:55.312+0000] {logging_mixin.py:188} INFO - [2025-11-10T20:51:55.311+0000] {dagbag.py:540} INFO - Filling up the DagBag from /home/airflow/.local/lib/python3.8/site-packages/airflow/example_dags/example_short_circuit_decorator.py
[2025-11-10T20:51:55.322+0000] {processor.py:840} INFO - DAG(s) 'example_short_circuit_decorator' retrieved from /home/airflow/.local/lib/python3.8/site-packages/airflow/example_dags/example_short_circuit_decorator.py
[2025-11-10T20:51:55.347+0000] {logging_mixin.py:188} INFO - [2025-11-10T20:51:55.347+0000] {dag.py:3047} INFO - Sync 1 DAGs
[2025-11-10T20:51:55.378+0000] {logging_mixin.py:188} INFO - [2025-11-10T20:51:55.378+0000] {dag.py:3834} INFO - Setting next_dagrun for example_short_circuit_decorator to 2025-11-09 00:00:00+00:00, run_after=2025-11-10 00:00:00+00:00
[2025-11-10T20:51:55.426+0000] {processor.py:183} INFO - Processing /home/airflow/.local/lib/python3.8/site-packages/airflow/example_dags/example_short_circuit_decorator.py took 0.120 seconds
[2025-11-10T20:52:25.545+0000] {processor.py:161} INFO - Started process (PID=1849) to work on /home/airflow/.local/lib/python3.8/site-packages/airflow/example_dags/example_short_circuit_decorator.py
[2025-11-10T20:52:25.547+0000] {processor.py:830} INFO - Processing file /home/airflow/.local/lib/python3.8/site-packages/airflow/example_dags/example_short_circuit_decorator.py for tasks to queue
[2025-11-10T20:52:25.549+0000] {logging_mixin.py:188} INFO - [2025-11-10T20:52:25.549+0000] {dagbag.py:540} INFO - Filling up the DagBag from /home/airflow/.local/lib/python3.8/site-packages/airflow/example_dags/example_short_circuit_decorator.py
[2025-11-10T20:52:25.559+0000] {processor.py:840} INFO - DAG(s) 'example_short_circuit_decorator' retrieved from /home/airflow/.local/lib/python3.8/site-packages/airflow/example_dags/example_short_circuit_decorator.py
[2025-11-10T20:52:25.581+0000] {logging_mixin.py:188} INFO - [2025-11-10T20:52:25.581+0000] {dag.py:3047} INFO - Sync 1 DAGs
[2025-11-10T20:52:25.600+0000] {logging_mixin.py:188} INFO - [2025-11-10T20:52:25.600+0000] {dag.py:3834} INFO - Setting next_dagrun for example_short_circuit_decorator to 2025-11-09 00:00:00+00:00, run_after=2025-11-10 00:00:00+00:00
[2025-11-10T20:52:25.625+0000] {processor.py:183} INFO - Processing /home/airflow/.local/lib/python3.8/site-packages/airflow/example_dags/example_short_circuit_decorator.py took 0.085 seconds
[2025-11-10T20:52:55.980+0000] {processor.py:161} INFO - Started process (PID=1904) to work on /home/airflow/.local/lib/python3.8/site-packages/airflow/example_dags/example_short_circuit_decorator.py
[2025-11-10T20:52:55.981+0000] {processor.py:830} INFO - Processing file /home/airflow/.local/lib/python3.8/site-packages/airflow/example_dags/example_short_circuit_decorator.py for tasks to queue
[2025-11-10T20:52:55.983+0000] {logging_mixin.py:188} INFO - [2025-11-10T20:52:55.982+0000] {dagbag.py:540} INFO - Filling up the DagBag from /home/airflow/.local/lib/python3.8/site-packages/airflow/example_dags/example_short_circuit_decorator.py
[2025-11-10T20:52:55.991+0000] {processor.py:840} INFO - DAG(s) 'example_short_circuit_decorator' retrieved from /home/airflow/.local/lib/python3.8/site-packages/airflow/example_dags/example_short_circuit_decorator.py
[2025-11-10T20:52:56.014+0000] {logging_mixin.py:188} INFO - [2025-11-10T20:52:56.014+0000] {dag.py:3047} INFO - Sync 1 DAGs
[2025-11-10T20:52:56.034+0000] {logging_mixin.py:188} INFO - [2025-11-10T20:52:56.033+0000] {dag.py:3834} INFO - Setting next_dagrun for example_short_circuit_decorator to 2025-11-09 00:00:00+00:00, run_after=2025-11-10 00:00:00+00:00
[2025-11-10T20:52:56.062+0000] {processor.py:183} INFO - Processing /home/airflow/.local/lib/python3.8/site-packages/airflow/example_dags/example_short_circuit_decorator.py took 0.086 seconds
[2025-11-10T20:53:26.363+0000] {processor.py:161} INFO - Started process (PID=1959) to work on /home/airflow/.local/lib/python3.8/site-packages/airflow/example_dags/example_short_circuit_decorator.py
[2025-11-10T20:53:26.369+0000] {processor.py:830} INFO - Processing file /home/airflow/.local/lib/python3.8/site-packages/airflow/example_dags/example_short_circuit_decorator.py for tasks to queue
[2025-11-10T20:53:26.378+0000] {logging_mixin.py:188} INFO - [2025-11-10T20:53:26.377+0000] {dagbag.py:540} INFO - Filling up the DagBag from /home/airflow/.local/lib/python3.8/site-packages/airflow/example_dags/example_short_circuit_decorator.py
[2025-11-10T20:53:26.419+0000] {processor.py:840} INFO - DAG(s) 'example_short_circuit_decorator' retrieved from /home/airflow/.local/lib/python3.8/site-packages/airflow/example_dags/example_short_circuit_decorator.py
[2025-11-10T20:53:26.466+0000] {logging_mixin.py:188} INFO - [2025-11-10T20:53:26.465+0000] {dag.py:3047} INFO - Sync 1 DAGs
[2025-11-10T20:53:26.492+0000] {logging_mixin.py:188} INFO - [2025-11-10T20:53:26.492+0000] {dag.py:3834} INFO - Setting next_dagrun for example_short_circuit_decorator to 2025-11-09 00:00:00+00:00, run_after=2025-11-10 00:00:00+00:00
[2025-11-10T20:53:26.519+0000] {processor.py:183} INFO - Processing /home/airflow/.local/lib/python3.8/site-packages/airflow/example_dags/example_short_circuit_decorator.py took 0.166 seconds
