[2025-11-10T20:36:09.577+0000] {processor.py:161} INFO - Started process (PID=76) to work on /home/airflow/.local/lib/python3.8/site-packages/airflow/example_dags/example_latest_only.py
[2025-11-10T20:36:09.579+0000] {processor.py:830} INFO - Processing file /home/airflow/.local/lib/python3.8/site-packages/airflow/example_dags/example_latest_only.py for tasks to queue
[2025-11-10T20:36:09.582+0000] {logging_mixin.py:188} INFO - [2025-11-10T20:36:09.582+0000] {dagbag.py:540} INFO - Filling up the DagBag from /home/airflow/.local/lib/python3.8/site-packages/airflow/example_dags/example_latest_only.py
[2025-11-10T20:36:09.592+0000] {processor.py:840} INFO - DAG(s) 'latest_only' retrieved from /home/airflow/.local/lib/python3.8/site-packages/airflow/example_dags/example_latest_only.py
[2025-11-10T20:36:09.881+0000] {logging_mixin.py:188} INFO - [2025-11-10T20:36:09.878+0000] {override.py:1769} INFO - Created Permission View: can read on DAG:latest_only
[2025-11-10T20:36:09.896+0000] {logging_mixin.py:188} INFO - [2025-11-10T20:36:09.895+0000] {override.py:1769} INFO - Created Permission View: can edit on DAG:latest_only
[2025-11-10T20:36:09.910+0000] {logging_mixin.py:188} INFO - [2025-11-10T20:36:09.909+0000] {override.py:1769} INFO - Created Permission View: can delete on DAG:latest_only
[2025-11-10T20:36:09.911+0000] {logging_mixin.py:188} INFO - [2025-11-10T20:36:09.911+0000] {dag.py:3047} INFO - Sync 1 DAGs
[2025-11-10T20:36:09.931+0000] {logging_mixin.py:188} INFO - [2025-11-10T20:36:09.930+0000] {dag.py:3069} INFO - Creating ORM DAG for latest_only
[2025-11-10T20:36:09.947+0000] {logging_mixin.py:188} INFO - [2025-11-10T20:36:09.947+0000] {dag.py:3834} INFO - Setting next_dagrun for latest_only to 2025-11-10 16:00:00+00:00, run_after=2025-11-10 20:00:00+00:00
[2025-11-10T20:36:09.982+0000] {processor.py:183} INFO - Processing /home/airflow/.local/lib/python3.8/site-packages/airflow/example_dags/example_latest_only.py took 0.408 seconds
[2025-11-10T20:36:40.608+0000] {processor.py:161} INFO - Started process (PID=137) to work on /home/airflow/.local/lib/python3.8/site-packages/airflow/example_dags/example_latest_only.py
[2025-11-10T20:36:40.619+0000] {processor.py:830} INFO - Processing file /home/airflow/.local/lib/python3.8/site-packages/airflow/example_dags/example_latest_only.py for tasks to queue
[2025-11-10T20:36:40.625+0000] {logging_mixin.py:188} INFO - [2025-11-10T20:36:40.624+0000] {dagbag.py:540} INFO - Filling up the DagBag from /home/airflow/.local/lib/python3.8/site-packages/airflow/example_dags/example_latest_only.py
[2025-11-10T20:36:40.640+0000] {processor.py:840} INFO - DAG(s) 'latest_only' retrieved from /home/airflow/.local/lib/python3.8/site-packages/airflow/example_dags/example_latest_only.py
[2025-11-10T20:36:40.673+0000] {logging_mixin.py:188} INFO - [2025-11-10T20:36:40.673+0000] {dag.py:3047} INFO - Sync 1 DAGs
[2025-11-10T20:36:40.702+0000] {logging_mixin.py:188} INFO - [2025-11-10T20:36:40.702+0000] {dag.py:3834} INFO - Setting next_dagrun for latest_only to 2025-11-10 16:00:00+00:00, run_after=2025-11-10 20:00:00+00:00
[2025-11-10T20:36:40.725+0000] {processor.py:183} INFO - Processing /home/airflow/.local/lib/python3.8/site-packages/airflow/example_dags/example_latest_only.py took 0.121 seconds
[2025-11-10T20:37:11.485+0000] {processor.py:161} INFO - Started process (PID=192) to work on /home/airflow/.local/lib/python3.8/site-packages/airflow/example_dags/example_latest_only.py
[2025-11-10T20:37:11.488+0000] {processor.py:830} INFO - Processing file /home/airflow/.local/lib/python3.8/site-packages/airflow/example_dags/example_latest_only.py for tasks to queue
[2025-11-10T20:37:11.492+0000] {logging_mixin.py:188} INFO - [2025-11-10T20:37:11.492+0000] {dagbag.py:540} INFO - Filling up the DagBag from /home/airflow/.local/lib/python3.8/site-packages/airflow/example_dags/example_latest_only.py
[2025-11-10T20:37:11.499+0000] {processor.py:840} INFO - DAG(s) 'latest_only' retrieved from /home/airflow/.local/lib/python3.8/site-packages/airflow/example_dags/example_latest_only.py
[2025-11-10T20:37:11.519+0000] {logging_mixin.py:188} INFO - [2025-11-10T20:37:11.519+0000] {dag.py:3047} INFO - Sync 1 DAGs
[2025-11-10T20:37:11.543+0000] {logging_mixin.py:188} INFO - [2025-11-10T20:37:11.543+0000] {dag.py:3834} INFO - Setting next_dagrun for latest_only to 2025-11-10 16:00:00+00:00, run_after=2025-11-10 20:00:00+00:00
[2025-11-10T20:37:11.564+0000] {processor.py:183} INFO - Processing /home/airflow/.local/lib/python3.8/site-packages/airflow/example_dags/example_latest_only.py took 0.083 seconds
[2025-11-10T20:37:41.744+0000] {processor.py:161} INFO - Started process (PID=247) to work on /home/airflow/.local/lib/python3.8/site-packages/airflow/example_dags/example_latest_only.py
[2025-11-10T20:37:41.745+0000] {processor.py:830} INFO - Processing file /home/airflow/.local/lib/python3.8/site-packages/airflow/example_dags/example_latest_only.py for tasks to queue
[2025-11-10T20:37:41.748+0000] {logging_mixin.py:188} INFO - [2025-11-10T20:37:41.748+0000] {dagbag.py:540} INFO - Filling up the DagBag from /home/airflow/.local/lib/python3.8/site-packages/airflow/example_dags/example_latest_only.py
[2025-11-10T20:37:41.756+0000] {processor.py:840} INFO - DAG(s) 'latest_only' retrieved from /home/airflow/.local/lib/python3.8/site-packages/airflow/example_dags/example_latest_only.py
[2025-11-10T20:37:41.779+0000] {logging_mixin.py:188} INFO - [2025-11-10T20:37:41.778+0000] {dag.py:3047} INFO - Sync 1 DAGs
[2025-11-10T20:37:41.801+0000] {logging_mixin.py:188} INFO - [2025-11-10T20:37:41.801+0000] {dag.py:3834} INFO - Setting next_dagrun for latest_only to 2025-11-10 16:00:00+00:00, run_after=2025-11-10 20:00:00+00:00
[2025-11-10T20:37:41.822+0000] {processor.py:183} INFO - Processing /home/airflow/.local/lib/python3.8/site-packages/airflow/example_dags/example_latest_only.py took 0.083 seconds
[2025-11-10T20:38:12.076+0000] {processor.py:161} INFO - Started process (PID=302) to work on /home/airflow/.local/lib/python3.8/site-packages/airflow/example_dags/example_latest_only.py
[2025-11-10T20:38:12.078+0000] {processor.py:830} INFO - Processing file /home/airflow/.local/lib/python3.8/site-packages/airflow/example_dags/example_latest_only.py for tasks to queue
[2025-11-10T20:38:12.081+0000] {logging_mixin.py:188} INFO - [2025-11-10T20:38:12.080+0000] {dagbag.py:540} INFO - Filling up the DagBag from /home/airflow/.local/lib/python3.8/site-packages/airflow/example_dags/example_latest_only.py
[2025-11-10T20:38:12.087+0000] {processor.py:840} INFO - DAG(s) 'latest_only' retrieved from /home/airflow/.local/lib/python3.8/site-packages/airflow/example_dags/example_latest_only.py
[2025-11-10T20:38:12.106+0000] {logging_mixin.py:188} INFO - [2025-11-10T20:38:12.106+0000] {dag.py:3047} INFO - Sync 1 DAGs
[2025-11-10T20:38:12.128+0000] {logging_mixin.py:188} INFO - [2025-11-10T20:38:12.128+0000] {dag.py:3834} INFO - Setting next_dagrun for latest_only to 2025-11-10 16:00:00+00:00, run_after=2025-11-10 20:00:00+00:00
[2025-11-10T20:38:12.147+0000] {processor.py:183} INFO - Processing /home/airflow/.local/lib/python3.8/site-packages/airflow/example_dags/example_latest_only.py took 0.075 seconds
[2025-11-10T20:38:42.472+0000] {processor.py:161} INFO - Started process (PID=357) to work on /home/airflow/.local/lib/python3.8/site-packages/airflow/example_dags/example_latest_only.py
[2025-11-10T20:38:42.475+0000] {processor.py:830} INFO - Processing file /home/airflow/.local/lib/python3.8/site-packages/airflow/example_dags/example_latest_only.py for tasks to queue
[2025-11-10T20:38:42.479+0000] {logging_mixin.py:188} INFO - [2025-11-10T20:38:42.478+0000] {dagbag.py:540} INFO - Filling up the DagBag from /home/airflow/.local/lib/python3.8/site-packages/airflow/example_dags/example_latest_only.py
[2025-11-10T20:38:42.497+0000] {processor.py:840} INFO - DAG(s) 'latest_only' retrieved from /home/airflow/.local/lib/python3.8/site-packages/airflow/example_dags/example_latest_only.py
[2025-11-10T20:38:42.536+0000] {logging_mixin.py:188} INFO - [2025-11-10T20:38:42.536+0000] {dag.py:3047} INFO - Sync 1 DAGs
[2025-11-10T20:38:42.559+0000] {logging_mixin.py:188} INFO - [2025-11-10T20:38:42.559+0000] {dag.py:3834} INFO - Setting next_dagrun for latest_only to 2025-11-10 16:00:00+00:00, run_after=2025-11-10 20:00:00+00:00
[2025-11-10T20:38:42.579+0000] {processor.py:183} INFO - Processing /home/airflow/.local/lib/python3.8/site-packages/airflow/example_dags/example_latest_only.py took 0.113 seconds
[2025-11-10T20:39:12.663+0000] {processor.py:161} INFO - Started process (PID=412) to work on /home/airflow/.local/lib/python3.8/site-packages/airflow/example_dags/example_latest_only.py
[2025-11-10T20:39:12.668+0000] {processor.py:830} INFO - Processing file /home/airflow/.local/lib/python3.8/site-packages/airflow/example_dags/example_latest_only.py for tasks to queue
[2025-11-10T20:39:12.675+0000] {logging_mixin.py:188} INFO - [2025-11-10T20:39:12.674+0000] {dagbag.py:540} INFO - Filling up the DagBag from /home/airflow/.local/lib/python3.8/site-packages/airflow/example_dags/example_latest_only.py
[2025-11-10T20:39:12.690+0000] {processor.py:840} INFO - DAG(s) 'latest_only' retrieved from /home/airflow/.local/lib/python3.8/site-packages/airflow/example_dags/example_latest_only.py
[2025-11-10T20:39:12.730+0000] {logging_mixin.py:188} INFO - [2025-11-10T20:39:12.730+0000] {dag.py:3047} INFO - Sync 1 DAGs
[2025-11-10T20:39:12.757+0000] {logging_mixin.py:188} INFO - [2025-11-10T20:39:12.757+0000] {dag.py:3834} INFO - Setting next_dagrun for latest_only to 2025-11-10 16:00:00+00:00, run_after=2025-11-10 20:00:00+00:00
[2025-11-10T20:39:12.777+0000] {processor.py:183} INFO - Processing /home/airflow/.local/lib/python3.8/site-packages/airflow/example_dags/example_latest_only.py took 0.126 seconds
[2025-11-10T20:39:43.560+0000] {processor.py:161} INFO - Started process (PID=467) to work on /home/airflow/.local/lib/python3.8/site-packages/airflow/example_dags/example_latest_only.py
[2025-11-10T20:39:43.562+0000] {processor.py:830} INFO - Processing file /home/airflow/.local/lib/python3.8/site-packages/airflow/example_dags/example_latest_only.py for tasks to queue
[2025-11-10T20:39:43.565+0000] {logging_mixin.py:188} INFO - [2025-11-10T20:39:43.565+0000] {dagbag.py:540} INFO - Filling up the DagBag from /home/airflow/.local/lib/python3.8/site-packages/airflow/example_dags/example_latest_only.py
[2025-11-10T20:39:43.574+0000] {processor.py:840} INFO - DAG(s) 'latest_only' retrieved from /home/airflow/.local/lib/python3.8/site-packages/airflow/example_dags/example_latest_only.py
[2025-11-10T20:39:43.610+0000] {logging_mixin.py:188} INFO - [2025-11-10T20:39:43.610+0000] {dag.py:3047} INFO - Sync 1 DAGs
[2025-11-10T20:39:43.636+0000] {logging_mixin.py:188} INFO - [2025-11-10T20:39:43.635+0000] {dag.py:3834} INFO - Setting next_dagrun for latest_only to 2025-11-10 16:00:00+00:00, run_after=2025-11-10 20:00:00+00:00
[2025-11-10T20:39:43.656+0000] {processor.py:183} INFO - Processing /home/airflow/.local/lib/python3.8/site-packages/airflow/example_dags/example_latest_only.py took 0.101 seconds
[2025-11-10T20:40:14.571+0000] {processor.py:161} INFO - Started process (PID=522) to work on /home/airflow/.local/lib/python3.8/site-packages/airflow/example_dags/example_latest_only.py
[2025-11-10T20:40:14.573+0000] {processor.py:830} INFO - Processing file /home/airflow/.local/lib/python3.8/site-packages/airflow/example_dags/example_latest_only.py for tasks to queue
[2025-11-10T20:40:14.575+0000] {logging_mixin.py:188} INFO - [2025-11-10T20:40:14.574+0000] {dagbag.py:540} INFO - Filling up the DagBag from /home/airflow/.local/lib/python3.8/site-packages/airflow/example_dags/example_latest_only.py
[2025-11-10T20:40:14.580+0000] {processor.py:840} INFO - DAG(s) 'latest_only' retrieved from /home/airflow/.local/lib/python3.8/site-packages/airflow/example_dags/example_latest_only.py
[2025-11-10T20:40:14.601+0000] {logging_mixin.py:188} INFO - [2025-11-10T20:40:14.601+0000] {dag.py:3047} INFO - Sync 1 DAGs
[2025-11-10T20:40:14.622+0000] {logging_mixin.py:188} INFO - [2025-11-10T20:40:14.622+0000] {dag.py:3834} INFO - Setting next_dagrun for latest_only to 2025-11-10 16:00:00+00:00, run_after=2025-11-10 20:00:00+00:00
[2025-11-10T20:40:14.639+0000] {processor.py:183} INFO - Processing /home/airflow/.local/lib/python3.8/site-packages/airflow/example_dags/example_latest_only.py took 0.071 seconds
[2025-11-10T20:40:44.818+0000] {processor.py:161} INFO - Started process (PID=577) to work on /home/airflow/.local/lib/python3.8/site-packages/airflow/example_dags/example_latest_only.py
[2025-11-10T20:40:44.821+0000] {processor.py:830} INFO - Processing file /home/airflow/.local/lib/python3.8/site-packages/airflow/example_dags/example_latest_only.py for tasks to queue
[2025-11-10T20:40:44.826+0000] {logging_mixin.py:188} INFO - [2025-11-10T20:40:44.826+0000] {dagbag.py:540} INFO - Filling up the DagBag from /home/airflow/.local/lib/python3.8/site-packages/airflow/example_dags/example_latest_only.py
[2025-11-10T20:40:44.837+0000] {processor.py:840} INFO - DAG(s) 'latest_only' retrieved from /home/airflow/.local/lib/python3.8/site-packages/airflow/example_dags/example_latest_only.py
[2025-11-10T20:40:44.876+0000] {logging_mixin.py:188} INFO - [2025-11-10T20:40:44.875+0000] {dag.py:3047} INFO - Sync 1 DAGs
[2025-11-10T20:40:44.904+0000] {logging_mixin.py:188} INFO - [2025-11-10T20:40:44.903+0000] {dag.py:3834} INFO - Setting next_dagrun for latest_only to 2025-11-10 16:00:00+00:00, run_after=2025-11-10 20:00:00+00:00
[2025-11-10T20:40:44.929+0000] {processor.py:183} INFO - Processing /home/airflow/.local/lib/python3.8/site-packages/airflow/example_dags/example_latest_only.py took 0.115 seconds
[2025-11-10T20:41:15.067+0000] {processor.py:161} INFO - Started process (PID=632) to work on /home/airflow/.local/lib/python3.8/site-packages/airflow/example_dags/example_latest_only.py
[2025-11-10T20:41:15.069+0000] {processor.py:830} INFO - Processing file /home/airflow/.local/lib/python3.8/site-packages/airflow/example_dags/example_latest_only.py for tasks to queue
[2025-11-10T20:41:15.071+0000] {logging_mixin.py:188} INFO - [2025-11-10T20:41:15.071+0000] {dagbag.py:540} INFO - Filling up the DagBag from /home/airflow/.local/lib/python3.8/site-packages/airflow/example_dags/example_latest_only.py
[2025-11-10T20:41:15.077+0000] {processor.py:840} INFO - DAG(s) 'latest_only' retrieved from /home/airflow/.local/lib/python3.8/site-packages/airflow/example_dags/example_latest_only.py
[2025-11-10T20:41:15.099+0000] {logging_mixin.py:188} INFO - [2025-11-10T20:41:15.099+0000] {dag.py:3047} INFO - Sync 1 DAGs
[2025-11-10T20:41:15.121+0000] {logging_mixin.py:188} INFO - [2025-11-10T20:41:15.121+0000] {dag.py:3834} INFO - Setting next_dagrun for latest_only to 2025-11-10 16:00:00+00:00, run_after=2025-11-10 20:00:00+00:00
[2025-11-10T20:41:15.143+0000] {processor.py:183} INFO - Processing /home/airflow/.local/lib/python3.8/site-packages/airflow/example_dags/example_latest_only.py took 0.079 seconds
[2025-11-10T20:41:45.636+0000] {processor.py:161} INFO - Started process (PID=687) to work on /home/airflow/.local/lib/python3.8/site-packages/airflow/example_dags/example_latest_only.py
[2025-11-10T20:41:45.640+0000] {processor.py:830} INFO - Processing file /home/airflow/.local/lib/python3.8/site-packages/airflow/example_dags/example_latest_only.py for tasks to queue
[2025-11-10T20:41:45.649+0000] {logging_mixin.py:188} INFO - [2025-11-10T20:41:45.648+0000] {dagbag.py:540} INFO - Filling up the DagBag from /home/airflow/.local/lib/python3.8/site-packages/airflow/example_dags/example_latest_only.py
[2025-11-10T20:41:45.668+0000] {processor.py:840} INFO - DAG(s) 'latest_only' retrieved from /home/airflow/.local/lib/python3.8/site-packages/airflow/example_dags/example_latest_only.py
[2025-11-10T20:41:45.720+0000] {logging_mixin.py:188} INFO - [2025-11-10T20:41:45.719+0000] {dag.py:3047} INFO - Sync 1 DAGs
[2025-11-10T20:41:45.751+0000] {logging_mixin.py:188} INFO - [2025-11-10T20:41:45.751+0000] {dag.py:3834} INFO - Setting next_dagrun for latest_only to 2025-11-10 16:00:00+00:00, run_after=2025-11-10 20:00:00+00:00
[2025-11-10T20:41:45.773+0000] {processor.py:183} INFO - Processing /home/airflow/.local/lib/python3.8/site-packages/airflow/example_dags/example_latest_only.py took 0.148 seconds
[2025-11-10T20:42:16.532+0000] {processor.py:161} INFO - Started process (PID=742) to work on /home/airflow/.local/lib/python3.8/site-packages/airflow/example_dags/example_latest_only.py
[2025-11-10T20:42:16.534+0000] {processor.py:830} INFO - Processing file /home/airflow/.local/lib/python3.8/site-packages/airflow/example_dags/example_latest_only.py for tasks to queue
[2025-11-10T20:42:16.536+0000] {logging_mixin.py:188} INFO - [2025-11-10T20:42:16.536+0000] {dagbag.py:540} INFO - Filling up the DagBag from /home/airflow/.local/lib/python3.8/site-packages/airflow/example_dags/example_latest_only.py
[2025-11-10T20:42:16.542+0000] {processor.py:840} INFO - DAG(s) 'latest_only' retrieved from /home/airflow/.local/lib/python3.8/site-packages/airflow/example_dags/example_latest_only.py
[2025-11-10T20:42:16.562+0000] {logging_mixin.py:188} INFO - [2025-11-10T20:42:16.561+0000] {dag.py:3047} INFO - Sync 1 DAGs
[2025-11-10T20:42:16.586+0000] {logging_mixin.py:188} INFO - [2025-11-10T20:42:16.585+0000] {dag.py:3834} INFO - Setting next_dagrun for latest_only to 2025-11-10 16:00:00+00:00, run_after=2025-11-10 20:00:00+00:00
[2025-11-10T20:42:16.604+0000] {processor.py:183} INFO - Processing /home/airflow/.local/lib/python3.8/site-packages/airflow/example_dags/example_latest_only.py took 0.077 seconds
[2025-11-10T20:42:47.131+0000] {processor.py:161} INFO - Started process (PID=797) to work on /home/airflow/.local/lib/python3.8/site-packages/airflow/example_dags/example_latest_only.py
[2025-11-10T20:42:47.132+0000] {processor.py:830} INFO - Processing file /home/airflow/.local/lib/python3.8/site-packages/airflow/example_dags/example_latest_only.py for tasks to queue
[2025-11-10T20:42:47.134+0000] {logging_mixin.py:188} INFO - [2025-11-10T20:42:47.134+0000] {dagbag.py:540} INFO - Filling up the DagBag from /home/airflow/.local/lib/python3.8/site-packages/airflow/example_dags/example_latest_only.py
[2025-11-10T20:42:47.140+0000] {processor.py:840} INFO - DAG(s) 'latest_only' retrieved from /home/airflow/.local/lib/python3.8/site-packages/airflow/example_dags/example_latest_only.py
[2025-11-10T20:42:47.161+0000] {logging_mixin.py:188} INFO - [2025-11-10T20:42:47.161+0000] {dag.py:3047} INFO - Sync 1 DAGs
[2025-11-10T20:42:47.183+0000] {logging_mixin.py:188} INFO - [2025-11-10T20:42:47.183+0000] {dag.py:3834} INFO - Setting next_dagrun for latest_only to 2025-11-10 16:00:00+00:00, run_after=2025-11-10 20:00:00+00:00
[2025-11-10T20:42:47.200+0000] {processor.py:183} INFO - Processing /home/airflow/.local/lib/python3.8/site-packages/airflow/example_dags/example_latest_only.py took 0.072 seconds
[2025-11-10T20:43:17.350+0000] {processor.py:161} INFO - Started process (PID=852) to work on /home/airflow/.local/lib/python3.8/site-packages/airflow/example_dags/example_latest_only.py
[2025-11-10T20:43:17.351+0000] {processor.py:830} INFO - Processing file /home/airflow/.local/lib/python3.8/site-packages/airflow/example_dags/example_latest_only.py for tasks to queue
[2025-11-10T20:43:17.353+0000] {logging_mixin.py:188} INFO - [2025-11-10T20:43:17.353+0000] {dagbag.py:540} INFO - Filling up the DagBag from /home/airflow/.local/lib/python3.8/site-packages/airflow/example_dags/example_latest_only.py
[2025-11-10T20:43:17.358+0000] {processor.py:840} INFO - DAG(s) 'latest_only' retrieved from /home/airflow/.local/lib/python3.8/site-packages/airflow/example_dags/example_latest_only.py
[2025-11-10T20:43:17.377+0000] {logging_mixin.py:188} INFO - [2025-11-10T20:43:17.377+0000] {dag.py:3047} INFO - Sync 1 DAGs
[2025-11-10T20:43:17.397+0000] {logging_mixin.py:188} INFO - [2025-11-10T20:43:17.397+0000] {dag.py:3834} INFO - Setting next_dagrun for latest_only to 2025-11-10 16:00:00+00:00, run_after=2025-11-10 20:00:00+00:00
[2025-11-10T20:43:17.415+0000] {processor.py:183} INFO - Processing /home/airflow/.local/lib/python3.8/site-packages/airflow/example_dags/example_latest_only.py took 0.068 seconds
[2025-11-10T20:43:47.719+0000] {processor.py:161} INFO - Started process (PID=906) to work on /home/airflow/.local/lib/python3.8/site-packages/airflow/example_dags/example_latest_only.py
[2025-11-10T20:43:47.720+0000] {processor.py:830} INFO - Processing file /home/airflow/.local/lib/python3.8/site-packages/airflow/example_dags/example_latest_only.py for tasks to queue
[2025-11-10T20:43:47.722+0000] {logging_mixin.py:188} INFO - [2025-11-10T20:43:47.721+0000] {dagbag.py:540} INFO - Filling up the DagBag from /home/airflow/.local/lib/python3.8/site-packages/airflow/example_dags/example_latest_only.py
[2025-11-10T20:43:47.727+0000] {processor.py:840} INFO - DAG(s) 'latest_only' retrieved from /home/airflow/.local/lib/python3.8/site-packages/airflow/example_dags/example_latest_only.py
[2025-11-10T20:43:47.747+0000] {logging_mixin.py:188} INFO - [2025-11-10T20:43:47.747+0000] {dag.py:3047} INFO - Sync 1 DAGs
[2025-11-10T20:43:47.768+0000] {logging_mixin.py:188} INFO - [2025-11-10T20:43:47.768+0000] {dag.py:3834} INFO - Setting next_dagrun for latest_only to 2025-11-10 16:00:00+00:00, run_after=2025-11-10 20:00:00+00:00
[2025-11-10T20:43:47.785+0000] {processor.py:183} INFO - Processing /home/airflow/.local/lib/python3.8/site-packages/airflow/example_dags/example_latest_only.py took 0.070 seconds
[2025-11-10T20:44:18.032+0000] {processor.py:161} INFO - Started process (PID=961) to work on /home/airflow/.local/lib/python3.8/site-packages/airflow/example_dags/example_latest_only.py
[2025-11-10T20:44:18.033+0000] {processor.py:830} INFO - Processing file /home/airflow/.local/lib/python3.8/site-packages/airflow/example_dags/example_latest_only.py for tasks to queue
[2025-11-10T20:44:18.036+0000] {logging_mixin.py:188} INFO - [2025-11-10T20:44:18.035+0000] {dagbag.py:540} INFO - Filling up the DagBag from /home/airflow/.local/lib/python3.8/site-packages/airflow/example_dags/example_latest_only.py
[2025-11-10T20:44:18.041+0000] {processor.py:840} INFO - DAG(s) 'latest_only' retrieved from /home/airflow/.local/lib/python3.8/site-packages/airflow/example_dags/example_latest_only.py
[2025-11-10T20:44:18.059+0000] {logging_mixin.py:188} INFO - [2025-11-10T20:44:18.059+0000] {dag.py:3047} INFO - Sync 1 DAGs
[2025-11-10T20:44:18.078+0000] {logging_mixin.py:188} INFO - [2025-11-10T20:44:18.078+0000] {dag.py:3834} INFO - Setting next_dagrun for latest_only to 2025-11-10 16:00:00+00:00, run_after=2025-11-10 20:00:00+00:00
[2025-11-10T20:44:18.096+0000] {processor.py:183} INFO - Processing /home/airflow/.local/lib/python3.8/site-packages/airflow/example_dags/example_latest_only.py took 0.069 seconds
[2025-11-10T20:44:48.561+0000] {processor.py:161} INFO - Started process (PID=1016) to work on /home/airflow/.local/lib/python3.8/site-packages/airflow/example_dags/example_latest_only.py
[2025-11-10T20:44:48.562+0000] {processor.py:830} INFO - Processing file /home/airflow/.local/lib/python3.8/site-packages/airflow/example_dags/example_latest_only.py for tasks to queue
[2025-11-10T20:44:48.565+0000] {logging_mixin.py:188} INFO - [2025-11-10T20:44:48.564+0000] {dagbag.py:540} INFO - Filling up the DagBag from /home/airflow/.local/lib/python3.8/site-packages/airflow/example_dags/example_latest_only.py
[2025-11-10T20:44:48.572+0000] {processor.py:840} INFO - DAG(s) 'latest_only' retrieved from /home/airflow/.local/lib/python3.8/site-packages/airflow/example_dags/example_latest_only.py
[2025-11-10T20:44:48.593+0000] {logging_mixin.py:188} INFO - [2025-11-10T20:44:48.593+0000] {dag.py:3047} INFO - Sync 1 DAGs
[2025-11-10T20:44:48.613+0000] {logging_mixin.py:188} INFO - [2025-11-10T20:44:48.613+0000] {dag.py:3834} INFO - Setting next_dagrun for latest_only to 2025-11-10 16:00:00+00:00, run_after=2025-11-10 20:00:00+00:00
[2025-11-10T20:44:48.634+0000] {processor.py:183} INFO - Processing /home/airflow/.local/lib/python3.8/site-packages/airflow/example_dags/example_latest_only.py took 0.077 seconds
[2025-11-10T20:45:18.854+0000] {processor.py:161} INFO - Started process (PID=1071) to work on /home/airflow/.local/lib/python3.8/site-packages/airflow/example_dags/example_latest_only.py
[2025-11-10T20:45:18.856+0000] {processor.py:830} INFO - Processing file /home/airflow/.local/lib/python3.8/site-packages/airflow/example_dags/example_latest_only.py for tasks to queue
[2025-11-10T20:45:18.858+0000] {logging_mixin.py:188} INFO - [2025-11-10T20:45:18.857+0000] {dagbag.py:540} INFO - Filling up the DagBag from /home/airflow/.local/lib/python3.8/site-packages/airflow/example_dags/example_latest_only.py
[2025-11-10T20:45:18.863+0000] {processor.py:840} INFO - DAG(s) 'latest_only' retrieved from /home/airflow/.local/lib/python3.8/site-packages/airflow/example_dags/example_latest_only.py
[2025-11-10T20:45:18.883+0000] {logging_mixin.py:188} INFO - [2025-11-10T20:45:18.883+0000] {dag.py:3047} INFO - Sync 1 DAGs
[2025-11-10T20:45:18.903+0000] {logging_mixin.py:188} INFO - [2025-11-10T20:45:18.902+0000] {dag.py:3834} INFO - Setting next_dagrun for latest_only to 2025-11-10 16:00:00+00:00, run_after=2025-11-10 20:00:00+00:00
[2025-11-10T20:45:18.921+0000] {processor.py:183} INFO - Processing /home/airflow/.local/lib/python3.8/site-packages/airflow/example_dags/example_latest_only.py took 0.070 seconds
[2025-11-10T20:45:49.058+0000] {processor.py:161} INFO - Started process (PID=1126) to work on /home/airflow/.local/lib/python3.8/site-packages/airflow/example_dags/example_latest_only.py
[2025-11-10T20:45:49.060+0000] {processor.py:830} INFO - Processing file /home/airflow/.local/lib/python3.8/site-packages/airflow/example_dags/example_latest_only.py for tasks to queue
[2025-11-10T20:45:49.062+0000] {logging_mixin.py:188} INFO - [2025-11-10T20:45:49.061+0000] {dagbag.py:540} INFO - Filling up the DagBag from /home/airflow/.local/lib/python3.8/site-packages/airflow/example_dags/example_latest_only.py
[2025-11-10T20:45:49.067+0000] {processor.py:840} INFO - DAG(s) 'latest_only' retrieved from /home/airflow/.local/lib/python3.8/site-packages/airflow/example_dags/example_latest_only.py
[2025-11-10T20:45:49.088+0000] {logging_mixin.py:188} INFO - [2025-11-10T20:45:49.088+0000] {dag.py:3047} INFO - Sync 1 DAGs
[2025-11-10T20:45:49.108+0000] {logging_mixin.py:188} INFO - [2025-11-10T20:45:49.108+0000] {dag.py:3834} INFO - Setting next_dagrun for latest_only to 2025-11-10 16:00:00+00:00, run_after=2025-11-10 20:00:00+00:00
[2025-11-10T20:45:49.128+0000] {processor.py:183} INFO - Processing /home/airflow/.local/lib/python3.8/site-packages/airflow/example_dags/example_latest_only.py took 0.072 seconds
[2025-11-10T20:46:19.289+0000] {processor.py:161} INFO - Started process (PID=1181) to work on /home/airflow/.local/lib/python3.8/site-packages/airflow/example_dags/example_latest_only.py
[2025-11-10T20:46:19.290+0000] {processor.py:830} INFO - Processing file /home/airflow/.local/lib/python3.8/site-packages/airflow/example_dags/example_latest_only.py for tasks to queue
[2025-11-10T20:46:19.293+0000] {logging_mixin.py:188} INFO - [2025-11-10T20:46:19.292+0000] {dagbag.py:540} INFO - Filling up the DagBag from /home/airflow/.local/lib/python3.8/site-packages/airflow/example_dags/example_latest_only.py
[2025-11-10T20:46:19.299+0000] {processor.py:840} INFO - DAG(s) 'latest_only' retrieved from /home/airflow/.local/lib/python3.8/site-packages/airflow/example_dags/example_latest_only.py
[2025-11-10T20:46:19.319+0000] {logging_mixin.py:188} INFO - [2025-11-10T20:46:19.319+0000] {dag.py:3047} INFO - Sync 1 DAGs
[2025-11-10T20:46:19.341+0000] {logging_mixin.py:188} INFO - [2025-11-10T20:46:19.341+0000] {dag.py:3834} INFO - Setting next_dagrun for latest_only to 2025-11-10 16:00:00+00:00, run_after=2025-11-10 20:00:00+00:00
[2025-11-10T20:46:19.359+0000] {processor.py:183} INFO - Processing /home/airflow/.local/lib/python3.8/site-packages/airflow/example_dags/example_latest_only.py took 0.074 seconds
[2025-11-10T20:46:49.584+0000] {processor.py:161} INFO - Started process (PID=1237) to work on /home/airflow/.local/lib/python3.8/site-packages/airflow/example_dags/example_latest_only.py
[2025-11-10T20:46:49.585+0000] {processor.py:830} INFO - Processing file /home/airflow/.local/lib/python3.8/site-packages/airflow/example_dags/example_latest_only.py for tasks to queue
[2025-11-10T20:46:49.588+0000] {logging_mixin.py:188} INFO - [2025-11-10T20:46:49.587+0000] {dagbag.py:540} INFO - Filling up the DagBag from /home/airflow/.local/lib/python3.8/site-packages/airflow/example_dags/example_latest_only.py
[2025-11-10T20:46:49.595+0000] {processor.py:840} INFO - DAG(s) 'latest_only' retrieved from /home/airflow/.local/lib/python3.8/site-packages/airflow/example_dags/example_latest_only.py
[2025-11-10T20:46:49.619+0000] {logging_mixin.py:188} INFO - [2025-11-10T20:46:49.618+0000] {dag.py:3047} INFO - Sync 1 DAGs
[2025-11-10T20:46:49.639+0000] {logging_mixin.py:188} INFO - [2025-11-10T20:46:49.639+0000] {dag.py:3834} INFO - Setting next_dagrun for latest_only to 2025-11-10 16:00:00+00:00, run_after=2025-11-10 20:00:00+00:00
[2025-11-10T20:46:49.659+0000] {processor.py:183} INFO - Processing /home/airflow/.local/lib/python3.8/site-packages/airflow/example_dags/example_latest_only.py took 0.080 seconds
[2025-11-10T20:47:20.081+0000] {processor.py:161} INFO - Started process (PID=1292) to work on /home/airflow/.local/lib/python3.8/site-packages/airflow/example_dags/example_latest_only.py
[2025-11-10T20:47:20.084+0000] {processor.py:830} INFO - Processing file /home/airflow/.local/lib/python3.8/site-packages/airflow/example_dags/example_latest_only.py for tasks to queue
[2025-11-10T20:47:20.089+0000] {logging_mixin.py:188} INFO - [2025-11-10T20:47:20.088+0000] {dagbag.py:540} INFO - Filling up the DagBag from /home/airflow/.local/lib/python3.8/site-packages/airflow/example_dags/example_latest_only.py
[2025-11-10T20:47:20.101+0000] {processor.py:840} INFO - DAG(s) 'latest_only' retrieved from /home/airflow/.local/lib/python3.8/site-packages/airflow/example_dags/example_latest_only.py
[2025-11-10T20:47:20.149+0000] {logging_mixin.py:188} INFO - [2025-11-10T20:47:20.148+0000] {dag.py:3047} INFO - Sync 1 DAGs
[2025-11-10T20:47:20.185+0000] {logging_mixin.py:188} INFO - [2025-11-10T20:47:20.184+0000] {dag.py:3834} INFO - Setting next_dagrun for latest_only to 2025-11-10 16:00:00+00:00, run_after=2025-11-10 20:00:00+00:00
[2025-11-10T20:47:20.215+0000] {processor.py:183} INFO - Processing /home/airflow/.local/lib/python3.8/site-packages/airflow/example_dags/example_latest_only.py took 0.139 seconds
[2025-11-10T20:47:50.334+0000] {processor.py:161} INFO - Started process (PID=1347) to work on /home/airflow/.local/lib/python3.8/site-packages/airflow/example_dags/example_latest_only.py
[2025-11-10T20:47:50.336+0000] {processor.py:830} INFO - Processing file /home/airflow/.local/lib/python3.8/site-packages/airflow/example_dags/example_latest_only.py for tasks to queue
[2025-11-10T20:47:50.338+0000] {logging_mixin.py:188} INFO - [2025-11-10T20:47:50.338+0000] {dagbag.py:540} INFO - Filling up the DagBag from /home/airflow/.local/lib/python3.8/site-packages/airflow/example_dags/example_latest_only.py
[2025-11-10T20:47:50.343+0000] {processor.py:840} INFO - DAG(s) 'latest_only' retrieved from /home/airflow/.local/lib/python3.8/site-packages/airflow/example_dags/example_latest_only.py
[2025-11-10T20:47:50.365+0000] {logging_mixin.py:188} INFO - [2025-11-10T20:47:50.365+0000] {dag.py:3047} INFO - Sync 1 DAGs
[2025-11-10T20:47:50.385+0000] {logging_mixin.py:188} INFO - [2025-11-10T20:47:50.385+0000] {dag.py:3834} INFO - Setting next_dagrun for latest_only to 2025-11-10 16:00:00+00:00, run_after=2025-11-10 20:00:00+00:00
[2025-11-10T20:47:50.403+0000] {processor.py:183} INFO - Processing /home/airflow/.local/lib/python3.8/site-packages/airflow/example_dags/example_latest_only.py took 0.072 seconds
[2025-11-10T20:48:20.854+0000] {processor.py:161} INFO - Started process (PID=1402) to work on /home/airflow/.local/lib/python3.8/site-packages/airflow/example_dags/example_latest_only.py
[2025-11-10T20:48:20.858+0000] {processor.py:830} INFO - Processing file /home/airflow/.local/lib/python3.8/site-packages/airflow/example_dags/example_latest_only.py for tasks to queue
[2025-11-10T20:48:20.863+0000] {logging_mixin.py:188} INFO - [2025-11-10T20:48:20.862+0000] {dagbag.py:540} INFO - Filling up the DagBag from /home/airflow/.local/lib/python3.8/site-packages/airflow/example_dags/example_latest_only.py
[2025-11-10T20:48:20.877+0000] {processor.py:840} INFO - DAG(s) 'latest_only' retrieved from /home/airflow/.local/lib/python3.8/site-packages/airflow/example_dags/example_latest_only.py
[2025-11-10T20:48:20.905+0000] {logging_mixin.py:188} INFO - [2025-11-10T20:48:20.904+0000] {dag.py:3047} INFO - Sync 1 DAGs
[2025-11-10T20:48:20.929+0000] {logging_mixin.py:188} INFO - [2025-11-10T20:48:20.929+0000] {dag.py:3834} INFO - Setting next_dagrun for latest_only to 2025-11-10 16:00:00+00:00, run_after=2025-11-10 20:00:00+00:00
[2025-11-10T20:48:20.949+0000] {processor.py:183} INFO - Processing /home/airflow/.local/lib/python3.8/site-packages/airflow/example_dags/example_latest_only.py took 0.104 seconds
[2025-11-10T20:48:51.176+0000] {processor.py:161} INFO - Started process (PID=1457) to work on /home/airflow/.local/lib/python3.8/site-packages/airflow/example_dags/example_latest_only.py
[2025-11-10T20:48:51.177+0000] {processor.py:830} INFO - Processing file /home/airflow/.local/lib/python3.8/site-packages/airflow/example_dags/example_latest_only.py for tasks to queue
[2025-11-10T20:48:51.180+0000] {logging_mixin.py:188} INFO - [2025-11-10T20:48:51.179+0000] {dagbag.py:540} INFO - Filling up the DagBag from /home/airflow/.local/lib/python3.8/site-packages/airflow/example_dags/example_latest_only.py
[2025-11-10T20:48:51.187+0000] {processor.py:840} INFO - DAG(s) 'latest_only' retrieved from /home/airflow/.local/lib/python3.8/site-packages/airflow/example_dags/example_latest_only.py
[2025-11-10T20:48:51.206+0000] {logging_mixin.py:188} INFO - [2025-11-10T20:48:51.205+0000] {dag.py:3047} INFO - Sync 1 DAGs
[2025-11-10T20:48:51.225+0000] {logging_mixin.py:188} INFO - [2025-11-10T20:48:51.225+0000] {dag.py:3834} INFO - Setting next_dagrun for latest_only to 2025-11-10 16:00:00+00:00, run_after=2025-11-10 20:00:00+00:00
[2025-11-10T20:48:51.244+0000] {processor.py:183} INFO - Processing /home/airflow/.local/lib/python3.8/site-packages/airflow/example_dags/example_latest_only.py took 0.073 seconds
[2025-11-10T20:49:21.700+0000] {processor.py:161} INFO - Started process (PID=1513) to work on /home/airflow/.local/lib/python3.8/site-packages/airflow/example_dags/example_latest_only.py
[2025-11-10T20:49:21.702+0000] {processor.py:830} INFO - Processing file /home/airflow/.local/lib/python3.8/site-packages/airflow/example_dags/example_latest_only.py for tasks to queue
[2025-11-10T20:49:21.704+0000] {logging_mixin.py:188} INFO - [2025-11-10T20:49:21.704+0000] {dagbag.py:540} INFO - Filling up the DagBag from /home/airflow/.local/lib/python3.8/site-packages/airflow/example_dags/example_latest_only.py
[2025-11-10T20:49:21.709+0000] {processor.py:840} INFO - DAG(s) 'latest_only' retrieved from /home/airflow/.local/lib/python3.8/site-packages/airflow/example_dags/example_latest_only.py
[2025-11-10T20:49:21.727+0000] {logging_mixin.py:188} INFO - [2025-11-10T20:49:21.727+0000] {dag.py:3047} INFO - Sync 1 DAGs
[2025-11-10T20:49:21.747+0000] {logging_mixin.py:188} INFO - [2025-11-10T20:49:21.747+0000] {dag.py:3834} INFO - Setting next_dagrun for latest_only to 2025-11-10 16:00:00+00:00, run_after=2025-11-10 20:00:00+00:00
[2025-11-10T20:49:21.765+0000] {processor.py:183} INFO - Processing /home/airflow/.local/lib/python3.8/site-packages/airflow/example_dags/example_latest_only.py took 0.068 seconds
[2025-11-10T20:49:52.355+0000] {processor.py:161} INFO - Started process (PID=1568) to work on /home/airflow/.local/lib/python3.8/site-packages/airflow/example_dags/example_latest_only.py
[2025-11-10T20:49:52.356+0000] {processor.py:830} INFO - Processing file /home/airflow/.local/lib/python3.8/site-packages/airflow/example_dags/example_latest_only.py for tasks to queue
[2025-11-10T20:49:52.359+0000] {logging_mixin.py:188} INFO - [2025-11-10T20:49:52.359+0000] {dagbag.py:540} INFO - Filling up the DagBag from /home/airflow/.local/lib/python3.8/site-packages/airflow/example_dags/example_latest_only.py
[2025-11-10T20:49:52.367+0000] {processor.py:840} INFO - DAG(s) 'latest_only' retrieved from /home/airflow/.local/lib/python3.8/site-packages/airflow/example_dags/example_latest_only.py
[2025-11-10T20:49:52.385+0000] {logging_mixin.py:188} INFO - [2025-11-10T20:49:52.385+0000] {dag.py:3047} INFO - Sync 1 DAGs
[2025-11-10T20:49:52.407+0000] {logging_mixin.py:188} INFO - [2025-11-10T20:49:52.406+0000] {dag.py:3834} INFO - Setting next_dagrun for latest_only to 2025-11-10 16:00:00+00:00, run_after=2025-11-10 20:00:00+00:00
[2025-11-10T20:49:52.425+0000] {processor.py:183} INFO - Processing /home/airflow/.local/lib/python3.8/site-packages/airflow/example_dags/example_latest_only.py took 0.077 seconds
[2025-11-10T20:50:22.632+0000] {processor.py:161} INFO - Started process (PID=1623) to work on /home/airflow/.local/lib/python3.8/site-packages/airflow/example_dags/example_latest_only.py
[2025-11-10T20:50:22.633+0000] {processor.py:830} INFO - Processing file /home/airflow/.local/lib/python3.8/site-packages/airflow/example_dags/example_latest_only.py for tasks to queue
[2025-11-10T20:50:22.635+0000] {logging_mixin.py:188} INFO - [2025-11-10T20:50:22.635+0000] {dagbag.py:540} INFO - Filling up the DagBag from /home/airflow/.local/lib/python3.8/site-packages/airflow/example_dags/example_latest_only.py
[2025-11-10T20:50:22.641+0000] {processor.py:840} INFO - DAG(s) 'latest_only' retrieved from /home/airflow/.local/lib/python3.8/site-packages/airflow/example_dags/example_latest_only.py
[2025-11-10T20:50:22.659+0000] {logging_mixin.py:188} INFO - [2025-11-10T20:50:22.659+0000] {dag.py:3047} INFO - Sync 1 DAGs
[2025-11-10T20:50:22.680+0000] {logging_mixin.py:188} INFO - [2025-11-10T20:50:22.680+0000] {dag.py:3834} INFO - Setting next_dagrun for latest_only to 2025-11-10 16:00:00+00:00, run_after=2025-11-10 20:00:00+00:00
[2025-11-10T20:50:22.698+0000] {processor.py:183} INFO - Processing /home/airflow/.local/lib/python3.8/site-packages/airflow/example_dags/example_latest_only.py took 0.070 seconds
[2025-11-10T20:50:53.452+0000] {processor.py:161} INFO - Started process (PID=1678) to work on /home/airflow/.local/lib/python3.8/site-packages/airflow/example_dags/example_latest_only.py
[2025-11-10T20:50:53.454+0000] {processor.py:830} INFO - Processing file /home/airflow/.local/lib/python3.8/site-packages/airflow/example_dags/example_latest_only.py for tasks to queue
[2025-11-10T20:50:53.457+0000] {logging_mixin.py:188} INFO - [2025-11-10T20:50:53.457+0000] {dagbag.py:540} INFO - Filling up the DagBag from /home/airflow/.local/lib/python3.8/site-packages/airflow/example_dags/example_latest_only.py
[2025-11-10T20:50:53.464+0000] {processor.py:840} INFO - DAG(s) 'latest_only' retrieved from /home/airflow/.local/lib/python3.8/site-packages/airflow/example_dags/example_latest_only.py
[2025-11-10T20:50:53.495+0000] {logging_mixin.py:188} INFO - [2025-11-10T20:50:53.495+0000] {dag.py:3047} INFO - Sync 1 DAGs
[2025-11-10T20:50:53.529+0000] {logging_mixin.py:188} INFO - [2025-11-10T20:50:53.528+0000] {dag.py:3834} INFO - Setting next_dagrun for latest_only to 2025-11-10 16:00:00+00:00, run_after=2025-11-10 20:00:00+00:00
[2025-11-10T20:50:53.548+0000] {processor.py:183} INFO - Processing /home/airflow/.local/lib/python3.8/site-packages/airflow/example_dags/example_latest_only.py took 0.105 seconds
[2025-11-10T20:51:23.657+0000] {processor.py:161} INFO - Started process (PID=1733) to work on /home/airflow/.local/lib/python3.8/site-packages/airflow/example_dags/example_latest_only.py
[2025-11-10T20:51:23.658+0000] {processor.py:830} INFO - Processing file /home/airflow/.local/lib/python3.8/site-packages/airflow/example_dags/example_latest_only.py for tasks to queue
[2025-11-10T20:51:23.660+0000] {logging_mixin.py:188} INFO - [2025-11-10T20:51:23.660+0000] {dagbag.py:540} INFO - Filling up the DagBag from /home/airflow/.local/lib/python3.8/site-packages/airflow/example_dags/example_latest_only.py
[2025-11-10T20:51:23.666+0000] {processor.py:840} INFO - DAG(s) 'latest_only' retrieved from /home/airflow/.local/lib/python3.8/site-packages/airflow/example_dags/example_latest_only.py
[2025-11-10T20:51:23.684+0000] {logging_mixin.py:188} INFO - [2025-11-10T20:51:23.684+0000] {dag.py:3047} INFO - Sync 1 DAGs
[2025-11-10T20:51:23.705+0000] {logging_mixin.py:188} INFO - [2025-11-10T20:51:23.705+0000] {dag.py:3834} INFO - Setting next_dagrun for latest_only to 2025-11-10 16:00:00+00:00, run_after=2025-11-10 20:00:00+00:00
[2025-11-10T20:51:23.725+0000] {processor.py:183} INFO - Processing /home/airflow/.local/lib/python3.8/site-packages/airflow/example_dags/example_latest_only.py took 0.071 seconds
[2025-11-10T20:51:53.847+0000] {processor.py:161} INFO - Started process (PID=1788) to work on /home/airflow/.local/lib/python3.8/site-packages/airflow/example_dags/example_latest_only.py
[2025-11-10T20:51:53.853+0000] {processor.py:830} INFO - Processing file /home/airflow/.local/lib/python3.8/site-packages/airflow/example_dags/example_latest_only.py for tasks to queue
[2025-11-10T20:51:53.856+0000] {logging_mixin.py:188} INFO - [2025-11-10T20:51:53.856+0000] {dagbag.py:540} INFO - Filling up the DagBag from /home/airflow/.local/lib/python3.8/site-packages/airflow/example_dags/example_latest_only.py
[2025-11-10T20:51:53.863+0000] {processor.py:840} INFO - DAG(s) 'latest_only' retrieved from /home/airflow/.local/lib/python3.8/site-packages/airflow/example_dags/example_latest_only.py
[2025-11-10T20:51:53.885+0000] {logging_mixin.py:188} INFO - [2025-11-10T20:51:53.884+0000] {dag.py:3047} INFO - Sync 1 DAGs
[2025-11-10T20:51:53.906+0000] {logging_mixin.py:188} INFO - [2025-11-10T20:51:53.905+0000] {dag.py:3834} INFO - Setting next_dagrun for latest_only to 2025-11-10 16:00:00+00:00, run_after=2025-11-10 20:00:00+00:00
[2025-11-10T20:51:53.927+0000] {processor.py:183} INFO - Processing /home/airflow/.local/lib/python3.8/site-packages/airflow/example_dags/example_latest_only.py took 0.083 seconds
[2025-11-10T20:52:24.185+0000] {processor.py:161} INFO - Started process (PID=1843) to work on /home/airflow/.local/lib/python3.8/site-packages/airflow/example_dags/example_latest_only.py
[2025-11-10T20:52:24.187+0000] {processor.py:830} INFO - Processing file /home/airflow/.local/lib/python3.8/site-packages/airflow/example_dags/example_latest_only.py for tasks to queue
[2025-11-10T20:52:24.189+0000] {logging_mixin.py:188} INFO - [2025-11-10T20:52:24.189+0000] {dagbag.py:540} INFO - Filling up the DagBag from /home/airflow/.local/lib/python3.8/site-packages/airflow/example_dags/example_latest_only.py
[2025-11-10T20:52:24.195+0000] {processor.py:840} INFO - DAG(s) 'latest_only' retrieved from /home/airflow/.local/lib/python3.8/site-packages/airflow/example_dags/example_latest_only.py
[2025-11-10T20:52:24.214+0000] {logging_mixin.py:188} INFO - [2025-11-10T20:52:24.214+0000] {dag.py:3047} INFO - Sync 1 DAGs
[2025-11-10T20:52:24.235+0000] {logging_mixin.py:188} INFO - [2025-11-10T20:52:24.235+0000] {dag.py:3834} INFO - Setting next_dagrun for latest_only to 2025-11-10 16:00:00+00:00, run_after=2025-11-10 20:00:00+00:00
[2025-11-10T20:52:24.253+0000] {processor.py:183} INFO - Processing /home/airflow/.local/lib/python3.8/site-packages/airflow/example_dags/example_latest_only.py took 0.071 seconds
[2025-11-10T20:52:54.571+0000] {processor.py:161} INFO - Started process (PID=1898) to work on /home/airflow/.local/lib/python3.8/site-packages/airflow/example_dags/example_latest_only.py
[2025-11-10T20:52:54.572+0000] {processor.py:830} INFO - Processing file /home/airflow/.local/lib/python3.8/site-packages/airflow/example_dags/example_latest_only.py for tasks to queue
[2025-11-10T20:52:54.575+0000] {logging_mixin.py:188} INFO - [2025-11-10T20:52:54.575+0000] {dagbag.py:540} INFO - Filling up the DagBag from /home/airflow/.local/lib/python3.8/site-packages/airflow/example_dags/example_latest_only.py
[2025-11-10T20:52:54.580+0000] {processor.py:840} INFO - DAG(s) 'latest_only' retrieved from /home/airflow/.local/lib/python3.8/site-packages/airflow/example_dags/example_latest_only.py
[2025-11-10T20:52:54.604+0000] {logging_mixin.py:188} INFO - [2025-11-10T20:52:54.604+0000] {dag.py:3047} INFO - Sync 1 DAGs
[2025-11-10T20:52:54.629+0000] {logging_mixin.py:188} INFO - [2025-11-10T20:52:54.628+0000] {dag.py:3834} INFO - Setting next_dagrun for latest_only to 2025-11-10 16:00:00+00:00, run_after=2025-11-10 20:00:00+00:00
[2025-11-10T20:52:54.650+0000] {processor.py:183} INFO - Processing /home/airflow/.local/lib/python3.8/site-packages/airflow/example_dags/example_latest_only.py took 0.085 seconds
[2025-11-10T20:53:24.959+0000] {processor.py:161} INFO - Started process (PID=1953) to work on /home/airflow/.local/lib/python3.8/site-packages/airflow/example_dags/example_latest_only.py
[2025-11-10T20:53:24.961+0000] {processor.py:830} INFO - Processing file /home/airflow/.local/lib/python3.8/site-packages/airflow/example_dags/example_latest_only.py for tasks to queue
[2025-11-10T20:53:24.963+0000] {logging_mixin.py:188} INFO - [2025-11-10T20:53:24.963+0000] {dagbag.py:540} INFO - Filling up the DagBag from /home/airflow/.local/lib/python3.8/site-packages/airflow/example_dags/example_latest_only.py
[2025-11-10T20:53:24.968+0000] {processor.py:840} INFO - DAG(s) 'latest_only' retrieved from /home/airflow/.local/lib/python3.8/site-packages/airflow/example_dags/example_latest_only.py
[2025-11-10T20:53:24.987+0000] {logging_mixin.py:188} INFO - [2025-11-10T20:53:24.987+0000] {dag.py:3047} INFO - Sync 1 DAGs
[2025-11-10T20:53:25.007+0000] {logging_mixin.py:188} INFO - [2025-11-10T20:53:25.007+0000] {dag.py:3834} INFO - Setting next_dagrun for latest_only to 2025-11-10 16:00:00+00:00, run_after=2025-11-10 20:00:00+00:00
[2025-11-10T20:53:25.026+0000] {processor.py:183} INFO - Processing /home/airflow/.local/lib/python3.8/site-packages/airflow/example_dags/example_latest_only.py took 0.070 seconds
