[2025-11-10T20:36:12.568+0000] {processor.py:161} INFO - Started process (PID=98) to work on /home/airflow/.local/lib/python3.8/site-packages/airflow/example_dags/example_branch_operator.py
[2025-11-10T20:36:12.570+0000] {processor.py:830} INFO - Processing file /home/airflow/.local/lib/python3.8/site-packages/airflow/example_dags/example_branch_operator.py for tasks to queue
[2025-11-10T20:36:12.574+0000] {logging_mixin.py:188} INFO - [2025-11-10T20:36:12.574+0000] {dagbag.py:540} INFO - Filling up the DagBag from /home/airflow/.local/lib/python3.8/site-packages/airflow/example_dags/example_branch_operator.py
[2025-11-10T20:36:12.605+0000] {processor.py:840} INFO - DAG(s) 'example_branch_operator' retrieved from /home/airflow/.local/lib/python3.8/site-packages/airflow/example_dags/example_branch_operator.py
[2025-11-10T20:36:12.721+0000] {logging_mixin.py:188} INFO - [2025-11-10T20:36:12.720+0000] {override.py:1769} INFO - Created Permission View: can read on DAG:example_branch_operator
[2025-11-10T20:36:12.737+0000] {logging_mixin.py:188} INFO - [2025-11-10T20:36:12.737+0000] {override.py:1769} INFO - Created Permission View: can edit on DAG:example_branch_operator
[2025-11-10T20:36:12.745+0000] {logging_mixin.py:188} INFO - [2025-11-10T20:36:12.745+0000] {override.py:1769} INFO - Created Permission View: can delete on DAG:example_branch_operator
[2025-11-10T20:36:12.747+0000] {logging_mixin.py:188} INFO - [2025-11-10T20:36:12.746+0000] {dag.py:3047} INFO - Sync 1 DAGs
[2025-11-10T20:36:12.758+0000] {logging_mixin.py:188} INFO - [2025-11-10T20:36:12.758+0000] {dag.py:3069} INFO - Creating ORM DAG for example_branch_operator
[2025-11-10T20:36:12.770+0000] {logging_mixin.py:188} INFO - [2025-11-10T20:36:12.770+0000] {dag.py:3834} INFO - Setting next_dagrun for example_branch_operator to 2025-11-09 00:00:00+00:00, run_after=2025-11-10 00:00:00+00:00
[2025-11-10T20:36:12.791+0000] {processor.py:183} INFO - Processing /home/airflow/.local/lib/python3.8/site-packages/airflow/example_dags/example_branch_operator.py took 0.228 seconds
[2025-11-10T20:36:42.886+0000] {processor.py:161} INFO - Started process (PID=153) to work on /home/airflow/.local/lib/python3.8/site-packages/airflow/example_dags/example_branch_operator.py
[2025-11-10T20:36:42.888+0000] {processor.py:830} INFO - Processing file /home/airflow/.local/lib/python3.8/site-packages/airflow/example_dags/example_branch_operator.py for tasks to queue
[2025-11-10T20:36:42.889+0000] {logging_mixin.py:188} INFO - [2025-11-10T20:36:42.889+0000] {dagbag.py:540} INFO - Filling up the DagBag from /home/airflow/.local/lib/python3.8/site-packages/airflow/example_dags/example_branch_operator.py
[2025-11-10T20:36:42.906+0000] {processor.py:840} INFO - DAG(s) 'example_branch_operator' retrieved from /home/airflow/.local/lib/python3.8/site-packages/airflow/example_dags/example_branch_operator.py
[2025-11-10T20:36:42.933+0000] {logging_mixin.py:188} INFO - [2025-11-10T20:36:42.933+0000] {dag.py:3047} INFO - Sync 1 DAGs
[2025-11-10T20:36:42.960+0000] {logging_mixin.py:188} INFO - [2025-11-10T20:36:42.960+0000] {dag.py:3834} INFO - Setting next_dagrun for example_branch_operator to 2025-11-09 00:00:00+00:00, run_after=2025-11-10 00:00:00+00:00
[2025-11-10T20:36:42.980+0000] {processor.py:183} INFO - Processing /home/airflow/.local/lib/python3.8/site-packages/airflow/example_dags/example_branch_operator.py took 0.097 seconds
[2025-11-10T20:37:13.814+0000] {processor.py:161} INFO - Started process (PID=208) to work on /home/airflow/.local/lib/python3.8/site-packages/airflow/example_dags/example_branch_operator.py
[2025-11-10T20:37:13.817+0000] {processor.py:830} INFO - Processing file /home/airflow/.local/lib/python3.8/site-packages/airflow/example_dags/example_branch_operator.py for tasks to queue
[2025-11-10T20:37:13.821+0000] {logging_mixin.py:188} INFO - [2025-11-10T20:37:13.820+0000] {dagbag.py:540} INFO - Filling up the DagBag from /home/airflow/.local/lib/python3.8/site-packages/airflow/example_dags/example_branch_operator.py
[2025-11-10T20:37:13.842+0000] {processor.py:840} INFO - DAG(s) 'example_branch_operator' retrieved from /home/airflow/.local/lib/python3.8/site-packages/airflow/example_dags/example_branch_operator.py
[2025-11-10T20:37:13.870+0000] {logging_mixin.py:188} INFO - [2025-11-10T20:37:13.870+0000] {dag.py:3047} INFO - Sync 1 DAGs
[2025-11-10T20:37:13.894+0000] {logging_mixin.py:188} INFO - [2025-11-10T20:37:13.894+0000] {dag.py:3834} INFO - Setting next_dagrun for example_branch_operator to 2025-11-09 00:00:00+00:00, run_after=2025-11-10 00:00:00+00:00
[2025-11-10T20:37:13.914+0000] {processor.py:183} INFO - Processing /home/airflow/.local/lib/python3.8/site-packages/airflow/example_dags/example_branch_operator.py took 0.104 seconds
[2025-11-10T20:37:44.075+0000] {processor.py:161} INFO - Started process (PID=263) to work on /home/airflow/.local/lib/python3.8/site-packages/airflow/example_dags/example_branch_operator.py
[2025-11-10T20:37:44.078+0000] {processor.py:830} INFO - Processing file /home/airflow/.local/lib/python3.8/site-packages/airflow/example_dags/example_branch_operator.py for tasks to queue
[2025-11-10T20:37:44.080+0000] {logging_mixin.py:188} INFO - [2025-11-10T20:37:44.080+0000] {dagbag.py:540} INFO - Filling up the DagBag from /home/airflow/.local/lib/python3.8/site-packages/airflow/example_dags/example_branch_operator.py
[2025-11-10T20:37:44.097+0000] {processor.py:840} INFO - DAG(s) 'example_branch_operator' retrieved from /home/airflow/.local/lib/python3.8/site-packages/airflow/example_dags/example_branch_operator.py
[2025-11-10T20:37:44.125+0000] {logging_mixin.py:188} INFO - [2025-11-10T20:37:44.125+0000] {dag.py:3047} INFO - Sync 1 DAGs
[2025-11-10T20:37:44.149+0000] {logging_mixin.py:188} INFO - [2025-11-10T20:37:44.149+0000] {dag.py:3834} INFO - Setting next_dagrun for example_branch_operator to 2025-11-09 00:00:00+00:00, run_after=2025-11-10 00:00:00+00:00
[2025-11-10T20:37:44.171+0000] {processor.py:183} INFO - Processing /home/airflow/.local/lib/python3.8/site-packages/airflow/example_dags/example_branch_operator.py took 0.099 seconds
[2025-11-10T20:38:14.467+0000] {processor.py:161} INFO - Started process (PID=318) to work on /home/airflow/.local/lib/python3.8/site-packages/airflow/example_dags/example_branch_operator.py
[2025-11-10T20:38:14.469+0000] {processor.py:830} INFO - Processing file /home/airflow/.local/lib/python3.8/site-packages/airflow/example_dags/example_branch_operator.py for tasks to queue
[2025-11-10T20:38:14.471+0000] {logging_mixin.py:188} INFO - [2025-11-10T20:38:14.471+0000] {dagbag.py:540} INFO - Filling up the DagBag from /home/airflow/.local/lib/python3.8/site-packages/airflow/example_dags/example_branch_operator.py
[2025-11-10T20:38:14.488+0000] {processor.py:840} INFO - DAG(s) 'example_branch_operator' retrieved from /home/airflow/.local/lib/python3.8/site-packages/airflow/example_dags/example_branch_operator.py
[2025-11-10T20:38:14.516+0000] {logging_mixin.py:188} INFO - [2025-11-10T20:38:14.516+0000] {dag.py:3047} INFO - Sync 1 DAGs
[2025-11-10T20:38:14.539+0000] {logging_mixin.py:188} INFO - [2025-11-10T20:38:14.538+0000] {dag.py:3834} INFO - Setting next_dagrun for example_branch_operator to 2025-11-09 00:00:00+00:00, run_after=2025-11-10 00:00:00+00:00
[2025-11-10T20:38:14.558+0000] {processor.py:183} INFO - Processing /home/airflow/.local/lib/python3.8/site-packages/airflow/example_dags/example_branch_operator.py took 0.094 seconds
[2025-11-10T20:38:44.762+0000] {processor.py:161} INFO - Started process (PID=373) to work on /home/airflow/.local/lib/python3.8/site-packages/airflow/example_dags/example_branch_operator.py
[2025-11-10T20:38:44.764+0000] {processor.py:830} INFO - Processing file /home/airflow/.local/lib/python3.8/site-packages/airflow/example_dags/example_branch_operator.py for tasks to queue
[2025-11-10T20:38:44.767+0000] {logging_mixin.py:188} INFO - [2025-11-10T20:38:44.767+0000] {dagbag.py:540} INFO - Filling up the DagBag from /home/airflow/.local/lib/python3.8/site-packages/airflow/example_dags/example_branch_operator.py
[2025-11-10T20:38:44.792+0000] {processor.py:840} INFO - DAG(s) 'example_branch_operator' retrieved from /home/airflow/.local/lib/python3.8/site-packages/airflow/example_dags/example_branch_operator.py
[2025-11-10T20:38:44.827+0000] {logging_mixin.py:188} INFO - [2025-11-10T20:38:44.827+0000] {dag.py:3047} INFO - Sync 1 DAGs
[2025-11-10T20:38:44.855+0000] {logging_mixin.py:188} INFO - [2025-11-10T20:38:44.855+0000] {dag.py:3834} INFO - Setting next_dagrun for example_branch_operator to 2025-11-09 00:00:00+00:00, run_after=2025-11-10 00:00:00+00:00
[2025-11-10T20:38:44.874+0000] {processor.py:183} INFO - Processing /home/airflow/.local/lib/python3.8/site-packages/airflow/example_dags/example_branch_operator.py took 0.116 seconds
[2025-11-10T20:39:15.161+0000] {processor.py:161} INFO - Started process (PID=428) to work on /home/airflow/.local/lib/python3.8/site-packages/airflow/example_dags/example_branch_operator.py
[2025-11-10T20:39:15.164+0000] {processor.py:830} INFO - Processing file /home/airflow/.local/lib/python3.8/site-packages/airflow/example_dags/example_branch_operator.py for tasks to queue
[2025-11-10T20:39:15.167+0000] {logging_mixin.py:188} INFO - [2025-11-10T20:39:15.166+0000] {dagbag.py:540} INFO - Filling up the DagBag from /home/airflow/.local/lib/python3.8/site-packages/airflow/example_dags/example_branch_operator.py
[2025-11-10T20:39:15.186+0000] {processor.py:840} INFO - DAG(s) 'example_branch_operator' retrieved from /home/airflow/.local/lib/python3.8/site-packages/airflow/example_dags/example_branch_operator.py
[2025-11-10T20:39:15.214+0000] {logging_mixin.py:188} INFO - [2025-11-10T20:39:15.214+0000] {dag.py:3047} INFO - Sync 1 DAGs
[2025-11-10T20:39:15.236+0000] {logging_mixin.py:188} INFO - [2025-11-10T20:39:15.236+0000] {dag.py:3834} INFO - Setting next_dagrun for example_branch_operator to 2025-11-09 00:00:00+00:00, run_after=2025-11-10 00:00:00+00:00
[2025-11-10T20:39:15.254+0000] {processor.py:183} INFO - Processing /home/airflow/.local/lib/python3.8/site-packages/airflow/example_dags/example_branch_operator.py took 0.096 seconds
[2025-11-10T20:39:46.012+0000] {processor.py:161} INFO - Started process (PID=483) to work on /home/airflow/.local/lib/python3.8/site-packages/airflow/example_dags/example_branch_operator.py
[2025-11-10T20:39:46.015+0000] {processor.py:830} INFO - Processing file /home/airflow/.local/lib/python3.8/site-packages/airflow/example_dags/example_branch_operator.py for tasks to queue
[2025-11-10T20:39:46.020+0000] {logging_mixin.py:188} INFO - [2025-11-10T20:39:46.019+0000] {dagbag.py:540} INFO - Filling up the DagBag from /home/airflow/.local/lib/python3.8/site-packages/airflow/example_dags/example_branch_operator.py
[2025-11-10T20:39:46.047+0000] {processor.py:840} INFO - DAG(s) 'example_branch_operator' retrieved from /home/airflow/.local/lib/python3.8/site-packages/airflow/example_dags/example_branch_operator.py
[2025-11-10T20:39:46.083+0000] {logging_mixin.py:188} INFO - [2025-11-10T20:39:46.083+0000] {dag.py:3047} INFO - Sync 1 DAGs
[2025-11-10T20:39:46.110+0000] {logging_mixin.py:188} INFO - [2025-11-10T20:39:46.109+0000] {dag.py:3834} INFO - Setting next_dagrun for example_branch_operator to 2025-11-09 00:00:00+00:00, run_after=2025-11-10 00:00:00+00:00
[2025-11-10T20:39:46.134+0000] {processor.py:183} INFO - Processing /home/airflow/.local/lib/python3.8/site-packages/airflow/example_dags/example_branch_operator.py took 0.130 seconds
[2025-11-10T20:40:16.740+0000] {processor.py:161} INFO - Started process (PID=538) to work on /home/airflow/.local/lib/python3.8/site-packages/airflow/example_dags/example_branch_operator.py
[2025-11-10T20:40:16.741+0000] {processor.py:830} INFO - Processing file /home/airflow/.local/lib/python3.8/site-packages/airflow/example_dags/example_branch_operator.py for tasks to queue
[2025-11-10T20:40:16.744+0000] {logging_mixin.py:188} INFO - [2025-11-10T20:40:16.743+0000] {dagbag.py:540} INFO - Filling up the DagBag from /home/airflow/.local/lib/python3.8/site-packages/airflow/example_dags/example_branch_operator.py
[2025-11-10T20:40:16.762+0000] {processor.py:840} INFO - DAG(s) 'example_branch_operator' retrieved from /home/airflow/.local/lib/python3.8/site-packages/airflow/example_dags/example_branch_operator.py
[2025-11-10T20:40:16.787+0000] {logging_mixin.py:188} INFO - [2025-11-10T20:40:16.787+0000] {dag.py:3047} INFO - Sync 1 DAGs
[2025-11-10T20:40:16.809+0000] {logging_mixin.py:188} INFO - [2025-11-10T20:40:16.808+0000] {dag.py:3834} INFO - Setting next_dagrun for example_branch_operator to 2025-11-09 00:00:00+00:00, run_after=2025-11-10 00:00:00+00:00
[2025-11-10T20:40:16.826+0000] {processor.py:183} INFO - Processing /home/airflow/.local/lib/python3.8/site-packages/airflow/example_dags/example_branch_operator.py took 0.090 seconds
[2025-11-10T20:40:47.055+0000] {processor.py:161} INFO - Started process (PID=593) to work on /home/airflow/.local/lib/python3.8/site-packages/airflow/example_dags/example_branch_operator.py
[2025-11-10T20:40:47.057+0000] {processor.py:830} INFO - Processing file /home/airflow/.local/lib/python3.8/site-packages/airflow/example_dags/example_branch_operator.py for tasks to queue
[2025-11-10T20:40:47.060+0000] {logging_mixin.py:188} INFO - [2025-11-10T20:40:47.060+0000] {dagbag.py:540} INFO - Filling up the DagBag from /home/airflow/.local/lib/python3.8/site-packages/airflow/example_dags/example_branch_operator.py
[2025-11-10T20:40:47.078+0000] {processor.py:840} INFO - DAG(s) 'example_branch_operator' retrieved from /home/airflow/.local/lib/python3.8/site-packages/airflow/example_dags/example_branch_operator.py
[2025-11-10T20:40:47.105+0000] {logging_mixin.py:188} INFO - [2025-11-10T20:40:47.104+0000] {dag.py:3047} INFO - Sync 1 DAGs
[2025-11-10T20:40:47.129+0000] {logging_mixin.py:188} INFO - [2025-11-10T20:40:47.129+0000] {dag.py:3834} INFO - Setting next_dagrun for example_branch_operator to 2025-11-09 00:00:00+00:00, run_after=2025-11-10 00:00:00+00:00
[2025-11-10T20:40:47.153+0000] {processor.py:183} INFO - Processing /home/airflow/.local/lib/python3.8/site-packages/airflow/example_dags/example_branch_operator.py took 0.101 seconds
[2025-11-10T20:41:17.519+0000] {processor.py:161} INFO - Started process (PID=648) to work on /home/airflow/.local/lib/python3.8/site-packages/airflow/example_dags/example_branch_operator.py
[2025-11-10T20:41:17.520+0000] {processor.py:830} INFO - Processing file /home/airflow/.local/lib/python3.8/site-packages/airflow/example_dags/example_branch_operator.py for tasks to queue
[2025-11-10T20:41:17.523+0000] {logging_mixin.py:188} INFO - [2025-11-10T20:41:17.522+0000] {dagbag.py:540} INFO - Filling up the DagBag from /home/airflow/.local/lib/python3.8/site-packages/airflow/example_dags/example_branch_operator.py
[2025-11-10T20:41:17.544+0000] {processor.py:840} INFO - DAG(s) 'example_branch_operator' retrieved from /home/airflow/.local/lib/python3.8/site-packages/airflow/example_dags/example_branch_operator.py
[2025-11-10T20:41:17.571+0000] {logging_mixin.py:188} INFO - [2025-11-10T20:41:17.571+0000] {dag.py:3047} INFO - Sync 1 DAGs
[2025-11-10T20:41:17.594+0000] {logging_mixin.py:188} INFO - [2025-11-10T20:41:17.594+0000] {dag.py:3834} INFO - Setting next_dagrun for example_branch_operator to 2025-11-09 00:00:00+00:00, run_after=2025-11-10 00:00:00+00:00
[2025-11-10T20:41:17.613+0000] {processor.py:183} INFO - Processing /home/airflow/.local/lib/python3.8/site-packages/airflow/example_dags/example_branch_operator.py took 0.098 seconds
[2025-11-10T20:41:48.099+0000] {processor.py:161} INFO - Started process (PID=703) to work on /home/airflow/.local/lib/python3.8/site-packages/airflow/example_dags/example_branch_operator.py
[2025-11-10T20:41:48.101+0000] {processor.py:830} INFO - Processing file /home/airflow/.local/lib/python3.8/site-packages/airflow/example_dags/example_branch_operator.py for tasks to queue
[2025-11-10T20:41:48.105+0000] {logging_mixin.py:188} INFO - [2025-11-10T20:41:48.104+0000] {dagbag.py:540} INFO - Filling up the DagBag from /home/airflow/.local/lib/python3.8/site-packages/airflow/example_dags/example_branch_operator.py
[2025-11-10T20:41:48.145+0000] {processor.py:840} INFO - DAG(s) 'example_branch_operator' retrieved from /home/airflow/.local/lib/python3.8/site-packages/airflow/example_dags/example_branch_operator.py
[2025-11-10T20:41:48.174+0000] {logging_mixin.py:188} INFO - [2025-11-10T20:41:48.174+0000] {dag.py:3047} INFO - Sync 1 DAGs
[2025-11-10T20:41:48.196+0000] {logging_mixin.py:188} INFO - [2025-11-10T20:41:48.196+0000] {dag.py:3834} INFO - Setting next_dagrun for example_branch_operator to 2025-11-09 00:00:00+00:00, run_after=2025-11-10 00:00:00+00:00
[2025-11-10T20:41:48.217+0000] {processor.py:183} INFO - Processing /home/airflow/.local/lib/python3.8/site-packages/airflow/example_dags/example_branch_operator.py took 0.122 seconds
[2025-11-10T20:42:18.972+0000] {processor.py:161} INFO - Started process (PID=758) to work on /home/airflow/.local/lib/python3.8/site-packages/airflow/example_dags/example_branch_operator.py
[2025-11-10T20:42:18.975+0000] {processor.py:830} INFO - Processing file /home/airflow/.local/lib/python3.8/site-packages/airflow/example_dags/example_branch_operator.py for tasks to queue
[2025-11-10T20:42:18.977+0000] {logging_mixin.py:188} INFO - [2025-11-10T20:42:18.977+0000] {dagbag.py:540} INFO - Filling up the DagBag from /home/airflow/.local/lib/python3.8/site-packages/airflow/example_dags/example_branch_operator.py
[2025-11-10T20:42:18.995+0000] {processor.py:840} INFO - DAG(s) 'example_branch_operator' retrieved from /home/airflow/.local/lib/python3.8/site-packages/airflow/example_dags/example_branch_operator.py
[2025-11-10T20:42:19.026+0000] {logging_mixin.py:188} INFO - [2025-11-10T20:42:19.025+0000] {dag.py:3047} INFO - Sync 1 DAGs
[2025-11-10T20:42:19.047+0000] {logging_mixin.py:188} INFO - [2025-11-10T20:42:19.047+0000] {dag.py:3834} INFO - Setting next_dagrun for example_branch_operator to 2025-11-09 00:00:00+00:00, run_after=2025-11-10 00:00:00+00:00
[2025-11-10T20:42:19.064+0000] {processor.py:183} INFO - Processing /home/airflow/.local/lib/python3.8/site-packages/airflow/example_dags/example_branch_operator.py took 0.095 seconds
[2025-11-10T20:42:49.362+0000] {processor.py:161} INFO - Started process (PID=813) to work on /home/airflow/.local/lib/python3.8/site-packages/airflow/example_dags/example_branch_operator.py
[2025-11-10T20:42:49.363+0000] {processor.py:830} INFO - Processing file /home/airflow/.local/lib/python3.8/site-packages/airflow/example_dags/example_branch_operator.py for tasks to queue
[2025-11-10T20:42:49.365+0000] {logging_mixin.py:188} INFO - [2025-11-10T20:42:49.365+0000] {dagbag.py:540} INFO - Filling up the DagBag from /home/airflow/.local/lib/python3.8/site-packages/airflow/example_dags/example_branch_operator.py
[2025-11-10T20:42:49.382+0000] {processor.py:840} INFO - DAG(s) 'example_branch_operator' retrieved from /home/airflow/.local/lib/python3.8/site-packages/airflow/example_dags/example_branch_operator.py
[2025-11-10T20:42:49.410+0000] {logging_mixin.py:188} INFO - [2025-11-10T20:42:49.410+0000] {dag.py:3047} INFO - Sync 1 DAGs
[2025-11-10T20:42:49.432+0000] {logging_mixin.py:188} INFO - [2025-11-10T20:42:49.432+0000] {dag.py:3834} INFO - Setting next_dagrun for example_branch_operator to 2025-11-09 00:00:00+00:00, run_after=2025-11-10 00:00:00+00:00
[2025-11-10T20:42:49.455+0000] {processor.py:183} INFO - Processing /home/airflow/.local/lib/python3.8/site-packages/airflow/example_dags/example_branch_operator.py took 0.096 seconds
[2025-11-10T20:43:19.693+0000] {processor.py:161} INFO - Started process (PID=868) to work on /home/airflow/.local/lib/python3.8/site-packages/airflow/example_dags/example_branch_operator.py
[2025-11-10T20:43:19.695+0000] {processor.py:830} INFO - Processing file /home/airflow/.local/lib/python3.8/site-packages/airflow/example_dags/example_branch_operator.py for tasks to queue
[2025-11-10T20:43:19.697+0000] {logging_mixin.py:188} INFO - [2025-11-10T20:43:19.697+0000] {dagbag.py:540} INFO - Filling up the DagBag from /home/airflow/.local/lib/python3.8/site-packages/airflow/example_dags/example_branch_operator.py
[2025-11-10T20:43:19.716+0000] {processor.py:840} INFO - DAG(s) 'example_branch_operator' retrieved from /home/airflow/.local/lib/python3.8/site-packages/airflow/example_dags/example_branch_operator.py
[2025-11-10T20:43:19.744+0000] {logging_mixin.py:188} INFO - [2025-11-10T20:43:19.744+0000] {dag.py:3047} INFO - Sync 1 DAGs
[2025-11-10T20:43:19.764+0000] {logging_mixin.py:188} INFO - [2025-11-10T20:43:19.764+0000] {dag.py:3834} INFO - Setting next_dagrun for example_branch_operator to 2025-11-09 00:00:00+00:00, run_after=2025-11-10 00:00:00+00:00
[2025-11-10T20:43:19.784+0000] {processor.py:183} INFO - Processing /home/airflow/.local/lib/python3.8/site-packages/airflow/example_dags/example_branch_operator.py took 0.094 seconds
[2025-11-10T20:43:50.204+0000] {processor.py:161} INFO - Started process (PID=922) to work on /home/airflow/.local/lib/python3.8/site-packages/airflow/example_dags/example_branch_operator.py
[2025-11-10T20:43:50.205+0000] {processor.py:830} INFO - Processing file /home/airflow/.local/lib/python3.8/site-packages/airflow/example_dags/example_branch_operator.py for tasks to queue
[2025-11-10T20:43:50.208+0000] {logging_mixin.py:188} INFO - [2025-11-10T20:43:50.207+0000] {dagbag.py:540} INFO - Filling up the DagBag from /home/airflow/.local/lib/python3.8/site-packages/airflow/example_dags/example_branch_operator.py
[2025-11-10T20:43:50.230+0000] {processor.py:840} INFO - DAG(s) 'example_branch_operator' retrieved from /home/airflow/.local/lib/python3.8/site-packages/airflow/example_dags/example_branch_operator.py
[2025-11-10T20:43:50.265+0000] {logging_mixin.py:188} INFO - [2025-11-10T20:43:50.264+0000] {dag.py:3047} INFO - Sync 1 DAGs
[2025-11-10T20:43:50.290+0000] {logging_mixin.py:188} INFO - [2025-11-10T20:43:50.290+0000] {dag.py:3834} INFO - Setting next_dagrun for example_branch_operator to 2025-11-09 00:00:00+00:00, run_after=2025-11-10 00:00:00+00:00
[2025-11-10T20:43:50.310+0000] {processor.py:183} INFO - Processing /home/airflow/.local/lib/python3.8/site-packages/airflow/example_dags/example_branch_operator.py took 0.112 seconds
[2025-11-10T20:44:20.955+0000] {processor.py:161} INFO - Started process (PID=977) to work on /home/airflow/.local/lib/python3.8/site-packages/airflow/example_dags/example_branch_operator.py
[2025-11-10T20:44:20.957+0000] {processor.py:830} INFO - Processing file /home/airflow/.local/lib/python3.8/site-packages/airflow/example_dags/example_branch_operator.py for tasks to queue
[2025-11-10T20:44:20.958+0000] {logging_mixin.py:188} INFO - [2025-11-10T20:44:20.958+0000] {dagbag.py:540} INFO - Filling up the DagBag from /home/airflow/.local/lib/python3.8/site-packages/airflow/example_dags/example_branch_operator.py
[2025-11-10T20:44:20.976+0000] {processor.py:840} INFO - DAG(s) 'example_branch_operator' retrieved from /home/airflow/.local/lib/python3.8/site-packages/airflow/example_dags/example_branch_operator.py
[2025-11-10T20:44:21.000+0000] {logging_mixin.py:188} INFO - [2025-11-10T20:44:21.000+0000] {dag.py:3047} INFO - Sync 1 DAGs
[2025-11-10T20:44:21.022+0000] {logging_mixin.py:188} INFO - [2025-11-10T20:44:21.022+0000] {dag.py:3834} INFO - Setting next_dagrun for example_branch_operator to 2025-11-09 00:00:00+00:00, run_after=2025-11-10 00:00:00+00:00
[2025-11-10T20:44:21.042+0000] {processor.py:183} INFO - Processing /home/airflow/.local/lib/python3.8/site-packages/airflow/example_dags/example_branch_operator.py took 0.090 seconds
[2025-11-10T20:44:51.603+0000] {processor.py:161} INFO - Started process (PID=1032) to work on /home/airflow/.local/lib/python3.8/site-packages/airflow/example_dags/example_branch_operator.py
[2025-11-10T20:44:51.605+0000] {processor.py:830} INFO - Processing file /home/airflow/.local/lib/python3.8/site-packages/airflow/example_dags/example_branch_operator.py for tasks to queue
[2025-11-10T20:44:51.607+0000] {logging_mixin.py:188} INFO - [2025-11-10T20:44:51.607+0000] {dagbag.py:540} INFO - Filling up the DagBag from /home/airflow/.local/lib/python3.8/site-packages/airflow/example_dags/example_branch_operator.py
[2025-11-10T20:44:51.628+0000] {processor.py:840} INFO - DAG(s) 'example_branch_operator' retrieved from /home/airflow/.local/lib/python3.8/site-packages/airflow/example_dags/example_branch_operator.py
[2025-11-10T20:44:51.665+0000] {logging_mixin.py:188} INFO - [2025-11-10T20:44:51.665+0000] {dag.py:3047} INFO - Sync 1 DAGs
[2025-11-10T20:44:51.690+0000] {logging_mixin.py:188} INFO - [2025-11-10T20:44:51.689+0000] {dag.py:3834} INFO - Setting next_dagrun for example_branch_operator to 2025-11-09 00:00:00+00:00, run_after=2025-11-10 00:00:00+00:00
[2025-11-10T20:44:51.711+0000] {processor.py:183} INFO - Processing /home/airflow/.local/lib/python3.8/site-packages/airflow/example_dags/example_branch_operator.py took 0.113 seconds
[2025-11-10T20:45:21.997+0000] {processor.py:161} INFO - Started process (PID=1087) to work on /home/airflow/.local/lib/python3.8/site-packages/airflow/example_dags/example_branch_operator.py
[2025-11-10T20:45:21.999+0000] {processor.py:830} INFO - Processing file /home/airflow/.local/lib/python3.8/site-packages/airflow/example_dags/example_branch_operator.py for tasks to queue
[2025-11-10T20:45:22.003+0000] {logging_mixin.py:188} INFO - [2025-11-10T20:45:22.003+0000] {dagbag.py:540} INFO - Filling up the DagBag from /home/airflow/.local/lib/python3.8/site-packages/airflow/example_dags/example_branch_operator.py
[2025-11-10T20:45:22.027+0000] {processor.py:840} INFO - DAG(s) 'example_branch_operator' retrieved from /home/airflow/.local/lib/python3.8/site-packages/airflow/example_dags/example_branch_operator.py
[2025-11-10T20:45:22.080+0000] {logging_mixin.py:188} INFO - [2025-11-10T20:45:22.080+0000] {dag.py:3047} INFO - Sync 1 DAGs
[2025-11-10T20:45:22.104+0000] {logging_mixin.py:188} INFO - [2025-11-10T20:45:22.104+0000] {dag.py:3834} INFO - Setting next_dagrun for example_branch_operator to 2025-11-09 00:00:00+00:00, run_after=2025-11-10 00:00:00+00:00
[2025-11-10T20:45:22.126+0000] {processor.py:183} INFO - Processing /home/airflow/.local/lib/python3.8/site-packages/airflow/example_dags/example_branch_operator.py took 0.136 seconds
[2025-11-10T20:45:52.582+0000] {processor.py:161} INFO - Started process (PID=1142) to work on /home/airflow/.local/lib/python3.8/site-packages/airflow/example_dags/example_branch_operator.py
[2025-11-10T20:45:52.583+0000] {processor.py:830} INFO - Processing file /home/airflow/.local/lib/python3.8/site-packages/airflow/example_dags/example_branch_operator.py for tasks to queue
[2025-11-10T20:45:52.585+0000] {logging_mixin.py:188} INFO - [2025-11-10T20:45:52.585+0000] {dagbag.py:540} INFO - Filling up the DagBag from /home/airflow/.local/lib/python3.8/site-packages/airflow/example_dags/example_branch_operator.py
[2025-11-10T20:45:52.602+0000] {processor.py:840} INFO - DAG(s) 'example_branch_operator' retrieved from /home/airflow/.local/lib/python3.8/site-packages/airflow/example_dags/example_branch_operator.py
[2025-11-10T20:45:52.631+0000] {logging_mixin.py:188} INFO - [2025-11-10T20:45:52.631+0000] {dag.py:3047} INFO - Sync 1 DAGs
[2025-11-10T20:45:52.653+0000] {logging_mixin.py:188} INFO - [2025-11-10T20:45:52.653+0000] {dag.py:3834} INFO - Setting next_dagrun for example_branch_operator to 2025-11-09 00:00:00+00:00, run_after=2025-11-10 00:00:00+00:00
[2025-11-10T20:45:52.675+0000] {processor.py:183} INFO - Processing /home/airflow/.local/lib/python3.8/site-packages/airflow/example_dags/example_branch_operator.py took 0.096 seconds
[2025-11-10T20:46:22.767+0000] {processor.py:161} INFO - Started process (PID=1197) to work on /home/airflow/.local/lib/python3.8/site-packages/airflow/example_dags/example_branch_operator.py
[2025-11-10T20:46:22.772+0000] {processor.py:830} INFO - Processing file /home/airflow/.local/lib/python3.8/site-packages/airflow/example_dags/example_branch_operator.py for tasks to queue
[2025-11-10T20:46:22.781+0000] {logging_mixin.py:188} INFO - [2025-11-10T20:46:22.780+0000] {dagbag.py:540} INFO - Filling up the DagBag from /home/airflow/.local/lib/python3.8/site-packages/airflow/example_dags/example_branch_operator.py
[2025-11-10T20:46:22.808+0000] {processor.py:840} INFO - DAG(s) 'example_branch_operator' retrieved from /home/airflow/.local/lib/python3.8/site-packages/airflow/example_dags/example_branch_operator.py
[2025-11-10T20:46:22.848+0000] {logging_mixin.py:188} INFO - [2025-11-10T20:46:22.847+0000] {dag.py:3047} INFO - Sync 1 DAGs
[2025-11-10T20:46:22.879+0000] {logging_mixin.py:188} INFO - [2025-11-10T20:46:22.879+0000] {dag.py:3834} INFO - Setting next_dagrun for example_branch_operator to 2025-11-09 00:00:00+00:00, run_after=2025-11-10 00:00:00+00:00
[2025-11-10T20:46:22.903+0000] {processor.py:183} INFO - Processing /home/airflow/.local/lib/python3.8/site-packages/airflow/example_dags/example_branch_operator.py took 0.144 seconds
[2025-11-10T20:46:53.011+0000] {processor.py:161} INFO - Started process (PID=1253) to work on /home/airflow/.local/lib/python3.8/site-packages/airflow/example_dags/example_branch_operator.py
[2025-11-10T20:46:53.012+0000] {processor.py:830} INFO - Processing file /home/airflow/.local/lib/python3.8/site-packages/airflow/example_dags/example_branch_operator.py for tasks to queue
[2025-11-10T20:46:53.014+0000] {logging_mixin.py:188} INFO - [2025-11-10T20:46:53.014+0000] {dagbag.py:540} INFO - Filling up the DagBag from /home/airflow/.local/lib/python3.8/site-packages/airflow/example_dags/example_branch_operator.py
[2025-11-10T20:46:53.030+0000] {processor.py:840} INFO - DAG(s) 'example_branch_operator' retrieved from /home/airflow/.local/lib/python3.8/site-packages/airflow/example_dags/example_branch_operator.py
[2025-11-10T20:46:53.056+0000] {logging_mixin.py:188} INFO - [2025-11-10T20:46:53.056+0000] {dag.py:3047} INFO - Sync 1 DAGs
[2025-11-10T20:46:53.082+0000] {logging_mixin.py:188} INFO - [2025-11-10T20:46:53.082+0000] {dag.py:3834} INFO - Setting next_dagrun for example_branch_operator to 2025-11-09 00:00:00+00:00, run_after=2025-11-10 00:00:00+00:00
[2025-11-10T20:46:53.102+0000] {processor.py:183} INFO - Processing /home/airflow/.local/lib/python3.8/site-packages/airflow/example_dags/example_branch_operator.py took 0.094 seconds
[2025-11-10T20:47:23.270+0000] {processor.py:161} INFO - Started process (PID=1308) to work on /home/airflow/.local/lib/python3.8/site-packages/airflow/example_dags/example_branch_operator.py
[2025-11-10T20:47:23.271+0000] {processor.py:830} INFO - Processing file /home/airflow/.local/lib/python3.8/site-packages/airflow/example_dags/example_branch_operator.py for tasks to queue
[2025-11-10T20:47:23.274+0000] {logging_mixin.py:188} INFO - [2025-11-10T20:47:23.273+0000] {dagbag.py:540} INFO - Filling up the DagBag from /home/airflow/.local/lib/python3.8/site-packages/airflow/example_dags/example_branch_operator.py
[2025-11-10T20:47:23.291+0000] {processor.py:840} INFO - DAG(s) 'example_branch_operator' retrieved from /home/airflow/.local/lib/python3.8/site-packages/airflow/example_dags/example_branch_operator.py
[2025-11-10T20:47:23.318+0000] {logging_mixin.py:188} INFO - [2025-11-10T20:47:23.318+0000] {dag.py:3047} INFO - Sync 1 DAGs
[2025-11-10T20:47:23.340+0000] {logging_mixin.py:188} INFO - [2025-11-10T20:47:23.340+0000] {dag.py:3834} INFO - Setting next_dagrun for example_branch_operator to 2025-11-09 00:00:00+00:00, run_after=2025-11-10 00:00:00+00:00
[2025-11-10T20:47:23.359+0000] {processor.py:183} INFO - Processing /home/airflow/.local/lib/python3.8/site-packages/airflow/example_dags/example_branch_operator.py took 0.093 seconds
[2025-11-10T20:47:53.646+0000] {processor.py:161} INFO - Started process (PID=1363) to work on /home/airflow/.local/lib/python3.8/site-packages/airflow/example_dags/example_branch_operator.py
[2025-11-10T20:47:53.648+0000] {processor.py:830} INFO - Processing file /home/airflow/.local/lib/python3.8/site-packages/airflow/example_dags/example_branch_operator.py for tasks to queue
[2025-11-10T20:47:53.651+0000] {logging_mixin.py:188} INFO - [2025-11-10T20:47:53.651+0000] {dagbag.py:540} INFO - Filling up the DagBag from /home/airflow/.local/lib/python3.8/site-packages/airflow/example_dags/example_branch_operator.py
[2025-11-10T20:47:53.671+0000] {processor.py:840} INFO - DAG(s) 'example_branch_operator' retrieved from /home/airflow/.local/lib/python3.8/site-packages/airflow/example_dags/example_branch_operator.py
[2025-11-10T20:47:53.694+0000] {logging_mixin.py:188} INFO - [2025-11-10T20:47:53.694+0000] {dag.py:3047} INFO - Sync 1 DAGs
[2025-11-10T20:47:53.714+0000] {logging_mixin.py:188} INFO - [2025-11-10T20:47:53.714+0000] {dag.py:3834} INFO - Setting next_dagrun for example_branch_operator to 2025-11-09 00:00:00+00:00, run_after=2025-11-10 00:00:00+00:00
[2025-11-10T20:47:53.733+0000] {processor.py:183} INFO - Processing /home/airflow/.local/lib/python3.8/site-packages/airflow/example_dags/example_branch_operator.py took 0.091 seconds
[2025-11-10T20:48:24.031+0000] {processor.py:161} INFO - Started process (PID=1418) to work on /home/airflow/.local/lib/python3.8/site-packages/airflow/example_dags/example_branch_operator.py
[2025-11-10T20:48:24.034+0000] {processor.py:830} INFO - Processing file /home/airflow/.local/lib/python3.8/site-packages/airflow/example_dags/example_branch_operator.py for tasks to queue
[2025-11-10T20:48:24.036+0000] {logging_mixin.py:188} INFO - [2025-11-10T20:48:24.036+0000] {dagbag.py:540} INFO - Filling up the DagBag from /home/airflow/.local/lib/python3.8/site-packages/airflow/example_dags/example_branch_operator.py
[2025-11-10T20:48:24.065+0000] {processor.py:840} INFO - DAG(s) 'example_branch_operator' retrieved from /home/airflow/.local/lib/python3.8/site-packages/airflow/example_dags/example_branch_operator.py
[2025-11-10T20:48:24.100+0000] {logging_mixin.py:188} INFO - [2025-11-10T20:48:24.100+0000] {dag.py:3047} INFO - Sync 1 DAGs
[2025-11-10T20:48:24.124+0000] {logging_mixin.py:188} INFO - [2025-11-10T20:48:24.124+0000] {dag.py:3834} INFO - Setting next_dagrun for example_branch_operator to 2025-11-09 00:00:00+00:00, run_after=2025-11-10 00:00:00+00:00
[2025-11-10T20:48:24.145+0000] {processor.py:183} INFO - Processing /home/airflow/.local/lib/python3.8/site-packages/airflow/example_dags/example_branch_operator.py took 0.119 seconds
[2025-11-10T20:48:54.207+0000] {processor.py:161} INFO - Started process (PID=1473) to work on /home/airflow/.local/lib/python3.8/site-packages/airflow/example_dags/example_branch_operator.py
[2025-11-10T20:48:54.208+0000] {processor.py:830} INFO - Processing file /home/airflow/.local/lib/python3.8/site-packages/airflow/example_dags/example_branch_operator.py for tasks to queue
[2025-11-10T20:48:54.210+0000] {logging_mixin.py:188} INFO - [2025-11-10T20:48:54.210+0000] {dagbag.py:540} INFO - Filling up the DagBag from /home/airflow/.local/lib/python3.8/site-packages/airflow/example_dags/example_branch_operator.py
[2025-11-10T20:48:54.226+0000] {processor.py:840} INFO - DAG(s) 'example_branch_operator' retrieved from /home/airflow/.local/lib/python3.8/site-packages/airflow/example_dags/example_branch_operator.py
[2025-11-10T20:48:54.252+0000] {logging_mixin.py:188} INFO - [2025-11-10T20:48:54.252+0000] {dag.py:3047} INFO - Sync 1 DAGs
[2025-11-10T20:48:54.272+0000] {logging_mixin.py:188} INFO - [2025-11-10T20:48:54.272+0000] {dag.py:3834} INFO - Setting next_dagrun for example_branch_operator to 2025-11-09 00:00:00+00:00, run_after=2025-11-10 00:00:00+00:00
[2025-11-10T20:48:54.290+0000] {processor.py:183} INFO - Processing /home/airflow/.local/lib/python3.8/site-packages/airflow/example_dags/example_branch_operator.py took 0.086 seconds
[2025-11-10T20:49:24.702+0000] {processor.py:161} INFO - Started process (PID=1529) to work on /home/airflow/.local/lib/python3.8/site-packages/airflow/example_dags/example_branch_operator.py
[2025-11-10T20:49:24.703+0000] {processor.py:830} INFO - Processing file /home/airflow/.local/lib/python3.8/site-packages/airflow/example_dags/example_branch_operator.py for tasks to queue
[2025-11-10T20:49:24.705+0000] {logging_mixin.py:188} INFO - [2025-11-10T20:49:24.705+0000] {dagbag.py:540} INFO - Filling up the DagBag from /home/airflow/.local/lib/python3.8/site-packages/airflow/example_dags/example_branch_operator.py
[2025-11-10T20:49:24.723+0000] {processor.py:840} INFO - DAG(s) 'example_branch_operator' retrieved from /home/airflow/.local/lib/python3.8/site-packages/airflow/example_dags/example_branch_operator.py
[2025-11-10T20:49:24.752+0000] {logging_mixin.py:188} INFO - [2025-11-10T20:49:24.752+0000] {dag.py:3047} INFO - Sync 1 DAGs
[2025-11-10T20:49:24.778+0000] {logging_mixin.py:188} INFO - [2025-11-10T20:49:24.777+0000] {dag.py:3834} INFO - Setting next_dagrun for example_branch_operator to 2025-11-09 00:00:00+00:00, run_after=2025-11-10 00:00:00+00:00
[2025-11-10T20:49:24.804+0000] {processor.py:183} INFO - Processing /home/airflow/.local/lib/python3.8/site-packages/airflow/example_dags/example_branch_operator.py took 0.106 seconds
[2025-11-10T20:49:55.885+0000] {processor.py:161} INFO - Started process (PID=1584) to work on /home/airflow/.local/lib/python3.8/site-packages/airflow/example_dags/example_branch_operator.py
[2025-11-10T20:49:55.886+0000] {processor.py:830} INFO - Processing file /home/airflow/.local/lib/python3.8/site-packages/airflow/example_dags/example_branch_operator.py for tasks to queue
[2025-11-10T20:49:55.888+0000] {logging_mixin.py:188} INFO - [2025-11-10T20:49:55.888+0000] {dagbag.py:540} INFO - Filling up the DagBag from /home/airflow/.local/lib/python3.8/site-packages/airflow/example_dags/example_branch_operator.py
[2025-11-10T20:49:55.904+0000] {processor.py:840} INFO - DAG(s) 'example_branch_operator' retrieved from /home/airflow/.local/lib/python3.8/site-packages/airflow/example_dags/example_branch_operator.py
[2025-11-10T20:49:55.928+0000] {logging_mixin.py:188} INFO - [2025-11-10T20:49:55.928+0000] {dag.py:3047} INFO - Sync 1 DAGs
[2025-11-10T20:49:55.949+0000] {logging_mixin.py:188} INFO - [2025-11-10T20:49:55.948+0000] {dag.py:3834} INFO - Setting next_dagrun for example_branch_operator to 2025-11-09 00:00:00+00:00, run_after=2025-11-10 00:00:00+00:00
[2025-11-10T20:49:55.968+0000] {processor.py:183} INFO - Processing /home/airflow/.local/lib/python3.8/site-packages/airflow/example_dags/example_branch_operator.py took 0.086 seconds
[2025-11-10T20:50:26.819+0000] {processor.py:161} INFO - Started process (PID=1639) to work on /home/airflow/.local/lib/python3.8/site-packages/airflow/example_dags/example_branch_operator.py
[2025-11-10T20:50:26.820+0000] {processor.py:830} INFO - Processing file /home/airflow/.local/lib/python3.8/site-packages/airflow/example_dags/example_branch_operator.py for tasks to queue
[2025-11-10T20:50:26.822+0000] {logging_mixin.py:188} INFO - [2025-11-10T20:50:26.822+0000] {dagbag.py:540} INFO - Filling up the DagBag from /home/airflow/.local/lib/python3.8/site-packages/airflow/example_dags/example_branch_operator.py
[2025-11-10T20:50:26.839+0000] {processor.py:840} INFO - DAG(s) 'example_branch_operator' retrieved from /home/airflow/.local/lib/python3.8/site-packages/airflow/example_dags/example_branch_operator.py
[2025-11-10T20:50:26.866+0000] {logging_mixin.py:188} INFO - [2025-11-10T20:50:26.866+0000] {dag.py:3047} INFO - Sync 1 DAGs
[2025-11-10T20:50:26.886+0000] {logging_mixin.py:188} INFO - [2025-11-10T20:50:26.886+0000] {dag.py:3834} INFO - Setting next_dagrun for example_branch_operator to 2025-11-09 00:00:00+00:00, run_after=2025-11-10 00:00:00+00:00
[2025-11-10T20:50:26.904+0000] {processor.py:183} INFO - Processing /home/airflow/.local/lib/python3.8/site-packages/airflow/example_dags/example_branch_operator.py took 0.089 seconds
[2025-11-10T20:50:57.671+0000] {processor.py:161} INFO - Started process (PID=1694) to work on /home/airflow/.local/lib/python3.8/site-packages/airflow/example_dags/example_branch_operator.py
[2025-11-10T20:50:57.673+0000] {processor.py:830} INFO - Processing file /home/airflow/.local/lib/python3.8/site-packages/airflow/example_dags/example_branch_operator.py for tasks to queue
[2025-11-10T20:50:57.675+0000] {logging_mixin.py:188} INFO - [2025-11-10T20:50:57.675+0000] {dagbag.py:540} INFO - Filling up the DagBag from /home/airflow/.local/lib/python3.8/site-packages/airflow/example_dags/example_branch_operator.py
[2025-11-10T20:50:57.705+0000] {processor.py:840} INFO - DAG(s) 'example_branch_operator' retrieved from /home/airflow/.local/lib/python3.8/site-packages/airflow/example_dags/example_branch_operator.py
[2025-11-10T20:50:57.736+0000] {logging_mixin.py:188} INFO - [2025-11-10T20:50:57.736+0000] {dag.py:3047} INFO - Sync 1 DAGs
[2025-11-10T20:50:57.758+0000] {logging_mixin.py:188} INFO - [2025-11-10T20:50:57.757+0000] {dag.py:3834} INFO - Setting next_dagrun for example_branch_operator to 2025-11-09 00:00:00+00:00, run_after=2025-11-10 00:00:00+00:00
[2025-11-10T20:50:57.777+0000] {processor.py:183} INFO - Processing /home/airflow/.local/lib/python3.8/site-packages/airflow/example_dags/example_branch_operator.py took 0.112 seconds
[2025-11-10T20:51:27.860+0000] {processor.py:161} INFO - Started process (PID=1749) to work on /home/airflow/.local/lib/python3.8/site-packages/airflow/example_dags/example_branch_operator.py
[2025-11-10T20:51:27.862+0000] {processor.py:830} INFO - Processing file /home/airflow/.local/lib/python3.8/site-packages/airflow/example_dags/example_branch_operator.py for tasks to queue
[2025-11-10T20:51:27.864+0000] {logging_mixin.py:188} INFO - [2025-11-10T20:51:27.864+0000] {dagbag.py:540} INFO - Filling up the DagBag from /home/airflow/.local/lib/python3.8/site-packages/airflow/example_dags/example_branch_operator.py
[2025-11-10T20:51:27.881+0000] {processor.py:840} INFO - DAG(s) 'example_branch_operator' retrieved from /home/airflow/.local/lib/python3.8/site-packages/airflow/example_dags/example_branch_operator.py
[2025-11-10T20:51:27.908+0000] {logging_mixin.py:188} INFO - [2025-11-10T20:51:27.908+0000] {dag.py:3047} INFO - Sync 1 DAGs
[2025-11-10T20:51:27.929+0000] {logging_mixin.py:188} INFO - [2025-11-10T20:51:27.929+0000] {dag.py:3834} INFO - Setting next_dagrun for example_branch_operator to 2025-11-09 00:00:00+00:00, run_after=2025-11-10 00:00:00+00:00
[2025-11-10T20:51:27.950+0000] {processor.py:183} INFO - Processing /home/airflow/.local/lib/python3.8/site-packages/airflow/example_dags/example_branch_operator.py took 0.093 seconds
[2025-11-10T20:51:58.167+0000] {processor.py:161} INFO - Started process (PID=1804) to work on /home/airflow/.local/lib/python3.8/site-packages/airflow/example_dags/example_branch_operator.py
[2025-11-10T20:51:58.177+0000] {processor.py:830} INFO - Processing file /home/airflow/.local/lib/python3.8/site-packages/airflow/example_dags/example_branch_operator.py for tasks to queue
[2025-11-10T20:51:58.182+0000] {logging_mixin.py:188} INFO - [2025-11-10T20:51:58.182+0000] {dagbag.py:540} INFO - Filling up the DagBag from /home/airflow/.local/lib/python3.8/site-packages/airflow/example_dags/example_branch_operator.py
[2025-11-10T20:51:58.202+0000] {processor.py:840} INFO - DAG(s) 'example_branch_operator' retrieved from /home/airflow/.local/lib/python3.8/site-packages/airflow/example_dags/example_branch_operator.py
[2025-11-10T20:51:58.234+0000] {logging_mixin.py:188} INFO - [2025-11-10T20:51:58.233+0000] {dag.py:3047} INFO - Sync 1 DAGs
[2025-11-10T20:51:58.255+0000] {logging_mixin.py:188} INFO - [2025-11-10T20:51:58.255+0000] {dag.py:3834} INFO - Setting next_dagrun for example_branch_operator to 2025-11-09 00:00:00+00:00, run_after=2025-11-10 00:00:00+00:00
[2025-11-10T20:51:58.275+0000] {processor.py:183} INFO - Processing /home/airflow/.local/lib/python3.8/site-packages/airflow/example_dags/example_branch_operator.py took 0.112 seconds
[2025-11-10T20:52:28.413+0000] {processor.py:161} INFO - Started process (PID=1859) to work on /home/airflow/.local/lib/python3.8/site-packages/airflow/example_dags/example_branch_operator.py
[2025-11-10T20:52:28.416+0000] {processor.py:830} INFO - Processing file /home/airflow/.local/lib/python3.8/site-packages/airflow/example_dags/example_branch_operator.py for tasks to queue
[2025-11-10T20:52:28.420+0000] {logging_mixin.py:188} INFO - [2025-11-10T20:52:28.419+0000] {dagbag.py:540} INFO - Filling up the DagBag from /home/airflow/.local/lib/python3.8/site-packages/airflow/example_dags/example_branch_operator.py
[2025-11-10T20:52:28.451+0000] {processor.py:840} INFO - DAG(s) 'example_branch_operator' retrieved from /home/airflow/.local/lib/python3.8/site-packages/airflow/example_dags/example_branch_operator.py
[2025-11-10T20:52:28.486+0000] {logging_mixin.py:188} INFO - [2025-11-10T20:52:28.486+0000] {dag.py:3047} INFO - Sync 1 DAGs
[2025-11-10T20:52:28.508+0000] {logging_mixin.py:188} INFO - [2025-11-10T20:52:28.508+0000] {dag.py:3834} INFO - Setting next_dagrun for example_branch_operator to 2025-11-09 00:00:00+00:00, run_after=2025-11-10 00:00:00+00:00
[2025-11-10T20:52:28.526+0000] {processor.py:183} INFO - Processing /home/airflow/.local/lib/python3.8/site-packages/airflow/example_dags/example_branch_operator.py took 0.120 seconds
[2025-11-10T20:52:58.669+0000] {processor.py:161} INFO - Started process (PID=1914) to work on /home/airflow/.local/lib/python3.8/site-packages/airflow/example_dags/example_branch_operator.py
[2025-11-10T20:52:58.671+0000] {processor.py:830} INFO - Processing file /home/airflow/.local/lib/python3.8/site-packages/airflow/example_dags/example_branch_operator.py for tasks to queue
[2025-11-10T20:52:58.673+0000] {logging_mixin.py:188} INFO - [2025-11-10T20:52:58.673+0000] {dagbag.py:540} INFO - Filling up the DagBag from /home/airflow/.local/lib/python3.8/site-packages/airflow/example_dags/example_branch_operator.py
[2025-11-10T20:52:58.691+0000] {processor.py:840} INFO - DAG(s) 'example_branch_operator' retrieved from /home/airflow/.local/lib/python3.8/site-packages/airflow/example_dags/example_branch_operator.py
[2025-11-10T20:52:58.722+0000] {logging_mixin.py:188} INFO - [2025-11-10T20:52:58.722+0000] {dag.py:3047} INFO - Sync 1 DAGs
[2025-11-10T20:52:58.751+0000] {logging_mixin.py:188} INFO - [2025-11-10T20:52:58.751+0000] {dag.py:3834} INFO - Setting next_dagrun for example_branch_operator to 2025-11-09 00:00:00+00:00, run_after=2025-11-10 00:00:00+00:00
[2025-11-10T20:52:58.776+0000] {processor.py:183} INFO - Processing /home/airflow/.local/lib/python3.8/site-packages/airflow/example_dags/example_branch_operator.py took 0.110 seconds
[2025-11-10T20:53:29.228+0000] {processor.py:161} INFO - Started process (PID=1969) to work on /home/airflow/.local/lib/python3.8/site-packages/airflow/example_dags/example_branch_operator.py
[2025-11-10T20:53:29.230+0000] {processor.py:830} INFO - Processing file /home/airflow/.local/lib/python3.8/site-packages/airflow/example_dags/example_branch_operator.py for tasks to queue
[2025-11-10T20:53:29.232+0000] {logging_mixin.py:188} INFO - [2025-11-10T20:53:29.232+0000] {dagbag.py:540} INFO - Filling up the DagBag from /home/airflow/.local/lib/python3.8/site-packages/airflow/example_dags/example_branch_operator.py
[2025-11-10T20:53:29.257+0000] {processor.py:840} INFO - DAG(s) 'example_branch_operator' retrieved from /home/airflow/.local/lib/python3.8/site-packages/airflow/example_dags/example_branch_operator.py
[2025-11-10T20:53:29.291+0000] {logging_mixin.py:188} INFO - [2025-11-10T20:53:29.290+0000] {dag.py:3047} INFO - Sync 1 DAGs
[2025-11-10T20:53:29.315+0000] {logging_mixin.py:188} INFO - [2025-11-10T20:53:29.315+0000] {dag.py:3834} INFO - Setting next_dagrun for example_branch_operator to 2025-11-09 00:00:00+00:00, run_after=2025-11-10 00:00:00+00:00
[2025-11-10T20:53:29.337+0000] {processor.py:183} INFO - Processing /home/airflow/.local/lib/python3.8/site-packages/airflow/example_dags/example_branch_operator.py took 0.112 seconds
