[2025-11-10T20:36:13.457+0000] {processor.py:161} INFO - Started process (PID=105) to work on /home/airflow/.local/lib/python3.8/site-packages/airflow/example_dags/example_nested_branch_dag.py
[2025-11-10T20:36:13.458+0000] {processor.py:830} INFO - Processing file /home/airflow/.local/lib/python3.8/site-packages/airflow/example_dags/example_nested_branch_dag.py for tasks to queue
[2025-11-10T20:36:13.461+0000] {logging_mixin.py:188} INFO - [2025-11-10T20:36:13.461+0000] {dagbag.py:540} INFO - Filling up the DagBag from /home/airflow/.local/lib/python3.8/site-packages/airflow/example_dags/example_nested_branch_dag.py
[2025-11-10T20:36:13.474+0000] {processor.py:840} INFO - DAG(s) 'example_nested_branch_dag' retrieved from /home/airflow/.local/lib/python3.8/site-packages/airflow/example_dags/example_nested_branch_dag.py
[2025-11-10T20:36:13.574+0000] {logging_mixin.py:188} INFO - [2025-11-10T20:36:13.574+0000] {override.py:1769} INFO - Created Permission View: can read on DAG:example_nested_branch_dag
[2025-11-10T20:36:13.584+0000] {logging_mixin.py:188} INFO - [2025-11-10T20:36:13.584+0000] {override.py:1769} INFO - Created Permission View: can edit on DAG:example_nested_branch_dag
[2025-11-10T20:36:13.591+0000] {logging_mixin.py:188} INFO - [2025-11-10T20:36:13.591+0000] {override.py:1769} INFO - Created Permission View: can delete on DAG:example_nested_branch_dag
[2025-11-10T20:36:13.592+0000] {logging_mixin.py:188} INFO - [2025-11-10T20:36:13.592+0000] {dag.py:3047} INFO - Sync 1 DAGs
[2025-11-10T20:36:13.602+0000] {logging_mixin.py:188} INFO - [2025-11-10T20:36:13.602+0000] {dag.py:3069} INFO - Creating ORM DAG for example_nested_branch_dag
[2025-11-10T20:36:13.613+0000] {logging_mixin.py:188} INFO - [2025-11-10T20:36:13.613+0000] {dag.py:3834} INFO - Setting next_dagrun for example_nested_branch_dag to 2025-11-09 00:00:00+00:00, run_after=2025-11-10 00:00:00+00:00
[2025-11-10T20:36:13.630+0000] {processor.py:183} INFO - Processing /home/airflow/.local/lib/python3.8/site-packages/airflow/example_dags/example_nested_branch_dag.py took 0.177 seconds
[2025-11-10T20:36:44.474+0000] {processor.py:161} INFO - Started process (PID=160) to work on /home/airflow/.local/lib/python3.8/site-packages/airflow/example_dags/example_nested_branch_dag.py
[2025-11-10T20:36:44.475+0000] {processor.py:830} INFO - Processing file /home/airflow/.local/lib/python3.8/site-packages/airflow/example_dags/example_nested_branch_dag.py for tasks to queue
[2025-11-10T20:36:44.477+0000] {logging_mixin.py:188} INFO - [2025-11-10T20:36:44.477+0000] {dagbag.py:540} INFO - Filling up the DagBag from /home/airflow/.local/lib/python3.8/site-packages/airflow/example_dags/example_nested_branch_dag.py
[2025-11-10T20:36:44.488+0000] {processor.py:840} INFO - DAG(s) 'example_nested_branch_dag' retrieved from /home/airflow/.local/lib/python3.8/site-packages/airflow/example_dags/example_nested_branch_dag.py
[2025-11-10T20:36:44.508+0000] {logging_mixin.py:188} INFO - [2025-11-10T20:36:44.508+0000] {dag.py:3047} INFO - Sync 1 DAGs
[2025-11-10T20:36:44.529+0000] {logging_mixin.py:188} INFO - [2025-11-10T20:36:44.529+0000] {dag.py:3834} INFO - Setting next_dagrun for example_nested_branch_dag to 2025-11-09 00:00:00+00:00, run_after=2025-11-10 00:00:00+00:00
[2025-11-10T20:36:44.548+0000] {processor.py:183} INFO - Processing /home/airflow/.local/lib/python3.8/site-packages/airflow/example_dags/example_nested_branch_dag.py took 0.079 seconds
[2025-11-10T20:37:15.223+0000] {processor.py:161} INFO - Started process (PID=215) to work on /home/airflow/.local/lib/python3.8/site-packages/airflow/example_dags/example_nested_branch_dag.py
[2025-11-10T20:37:15.226+0000] {processor.py:830} INFO - Processing file /home/airflow/.local/lib/python3.8/site-packages/airflow/example_dags/example_nested_branch_dag.py for tasks to queue
[2025-11-10T20:37:15.230+0000] {logging_mixin.py:188} INFO - [2025-11-10T20:37:15.229+0000] {dagbag.py:540} INFO - Filling up the DagBag from /home/airflow/.local/lib/python3.8/site-packages/airflow/example_dags/example_nested_branch_dag.py
[2025-11-10T20:37:15.242+0000] {processor.py:840} INFO - DAG(s) 'example_nested_branch_dag' retrieved from /home/airflow/.local/lib/python3.8/site-packages/airflow/example_dags/example_nested_branch_dag.py
[2025-11-10T20:37:15.271+0000] {logging_mixin.py:188} INFO - [2025-11-10T20:37:15.271+0000] {dag.py:3047} INFO - Sync 1 DAGs
[2025-11-10T20:37:15.307+0000] {logging_mixin.py:188} INFO - [2025-11-10T20:37:15.306+0000] {dag.py:3834} INFO - Setting next_dagrun for example_nested_branch_dag to 2025-11-09 00:00:00+00:00, run_after=2025-11-10 00:00:00+00:00
[2025-11-10T20:37:15.333+0000] {processor.py:183} INFO - Processing /home/airflow/.local/lib/python3.8/site-packages/airflow/example_dags/example_nested_branch_dag.py took 0.117 seconds
[2025-11-10T20:37:45.657+0000] {processor.py:161} INFO - Started process (PID=270) to work on /home/airflow/.local/lib/python3.8/site-packages/airflow/example_dags/example_nested_branch_dag.py
[2025-11-10T20:37:45.663+0000] {processor.py:830} INFO - Processing file /home/airflow/.local/lib/python3.8/site-packages/airflow/example_dags/example_nested_branch_dag.py for tasks to queue
[2025-11-10T20:37:45.666+0000] {logging_mixin.py:188} INFO - [2025-11-10T20:37:45.666+0000] {dagbag.py:540} INFO - Filling up the DagBag from /home/airflow/.local/lib/python3.8/site-packages/airflow/example_dags/example_nested_branch_dag.py
[2025-11-10T20:37:45.679+0000] {processor.py:840} INFO - DAG(s) 'example_nested_branch_dag' retrieved from /home/airflow/.local/lib/python3.8/site-packages/airflow/example_dags/example_nested_branch_dag.py
[2025-11-10T20:37:45.704+0000] {logging_mixin.py:188} INFO - [2025-11-10T20:37:45.703+0000] {dag.py:3047} INFO - Sync 1 DAGs
[2025-11-10T20:37:45.727+0000] {logging_mixin.py:188} INFO - [2025-11-10T20:37:45.727+0000] {dag.py:3834} INFO - Setting next_dagrun for example_nested_branch_dag to 2025-11-09 00:00:00+00:00, run_after=2025-11-10 00:00:00+00:00
[2025-11-10T20:37:45.747+0000] {processor.py:183} INFO - Processing /home/airflow/.local/lib/python3.8/site-packages/airflow/example_dags/example_nested_branch_dag.py took 0.094 seconds
[2025-11-10T20:38:16.023+0000] {processor.py:161} INFO - Started process (PID=325) to work on /home/airflow/.local/lib/python3.8/site-packages/airflow/example_dags/example_nested_branch_dag.py
[2025-11-10T20:38:16.028+0000] {processor.py:830} INFO - Processing file /home/airflow/.local/lib/python3.8/site-packages/airflow/example_dags/example_nested_branch_dag.py for tasks to queue
[2025-11-10T20:38:16.035+0000] {logging_mixin.py:188} INFO - [2025-11-10T20:38:16.034+0000] {dagbag.py:540} INFO - Filling up the DagBag from /home/airflow/.local/lib/python3.8/site-packages/airflow/example_dags/example_nested_branch_dag.py
[2025-11-10T20:38:16.048+0000] {processor.py:840} INFO - DAG(s) 'example_nested_branch_dag' retrieved from /home/airflow/.local/lib/python3.8/site-packages/airflow/example_dags/example_nested_branch_dag.py
[2025-11-10T20:38:16.084+0000] {logging_mixin.py:188} INFO - [2025-11-10T20:38:16.083+0000] {dag.py:3047} INFO - Sync 1 DAGs
[2025-11-10T20:38:16.107+0000] {logging_mixin.py:188} INFO - [2025-11-10T20:38:16.107+0000] {dag.py:3834} INFO - Setting next_dagrun for example_nested_branch_dag to 2025-11-09 00:00:00+00:00, run_after=2025-11-10 00:00:00+00:00
[2025-11-10T20:38:16.128+0000] {processor.py:183} INFO - Processing /home/airflow/.local/lib/python3.8/site-packages/airflow/example_dags/example_nested_branch_dag.py took 0.114 seconds
[2025-11-10T20:38:46.332+0000] {processor.py:161} INFO - Started process (PID=380) to work on /home/airflow/.local/lib/python3.8/site-packages/airflow/example_dags/example_nested_branch_dag.py
[2025-11-10T20:38:46.334+0000] {processor.py:830} INFO - Processing file /home/airflow/.local/lib/python3.8/site-packages/airflow/example_dags/example_nested_branch_dag.py for tasks to queue
[2025-11-10T20:38:46.335+0000] {logging_mixin.py:188} INFO - [2025-11-10T20:38:46.335+0000] {dagbag.py:540} INFO - Filling up the DagBag from /home/airflow/.local/lib/python3.8/site-packages/airflow/example_dags/example_nested_branch_dag.py
[2025-11-10T20:38:46.345+0000] {processor.py:840} INFO - DAG(s) 'example_nested_branch_dag' retrieved from /home/airflow/.local/lib/python3.8/site-packages/airflow/example_dags/example_nested_branch_dag.py
[2025-11-10T20:38:46.368+0000] {logging_mixin.py:188} INFO - [2025-11-10T20:38:46.368+0000] {dag.py:3047} INFO - Sync 1 DAGs
[2025-11-10T20:38:46.392+0000] {logging_mixin.py:188} INFO - [2025-11-10T20:38:46.392+0000] {dag.py:3834} INFO - Setting next_dagrun for example_nested_branch_dag to 2025-11-09 00:00:00+00:00, run_after=2025-11-10 00:00:00+00:00
[2025-11-10T20:38:46.416+0000] {processor.py:183} INFO - Processing /home/airflow/.local/lib/python3.8/site-packages/airflow/example_dags/example_nested_branch_dag.py took 0.087 seconds
[2025-11-10T20:39:16.532+0000] {processor.py:161} INFO - Started process (PID=435) to work on /home/airflow/.local/lib/python3.8/site-packages/airflow/example_dags/example_nested_branch_dag.py
[2025-11-10T20:39:16.533+0000] {processor.py:830} INFO - Processing file /home/airflow/.local/lib/python3.8/site-packages/airflow/example_dags/example_nested_branch_dag.py for tasks to queue
[2025-11-10T20:39:16.535+0000] {logging_mixin.py:188} INFO - [2025-11-10T20:39:16.535+0000] {dagbag.py:540} INFO - Filling up the DagBag from /home/airflow/.local/lib/python3.8/site-packages/airflow/example_dags/example_nested_branch_dag.py
[2025-11-10T20:39:16.544+0000] {processor.py:840} INFO - DAG(s) 'example_nested_branch_dag' retrieved from /home/airflow/.local/lib/python3.8/site-packages/airflow/example_dags/example_nested_branch_dag.py
[2025-11-10T20:39:16.564+0000] {logging_mixin.py:188} INFO - [2025-11-10T20:39:16.564+0000] {dag.py:3047} INFO - Sync 1 DAGs
[2025-11-10T20:39:16.586+0000] {logging_mixin.py:188} INFO - [2025-11-10T20:39:16.586+0000] {dag.py:3834} INFO - Setting next_dagrun for example_nested_branch_dag to 2025-11-09 00:00:00+00:00, run_after=2025-11-10 00:00:00+00:00
[2025-11-10T20:39:16.605+0000] {processor.py:183} INFO - Processing /home/airflow/.local/lib/python3.8/site-packages/airflow/example_dags/example_nested_branch_dag.py took 0.076 seconds
[2025-11-10T20:39:46.684+0000] {processor.py:161} INFO - Started process (PID=489) to work on /home/airflow/.local/lib/python3.8/site-packages/airflow/example_dags/example_nested_branch_dag.py
[2025-11-10T20:39:46.686+0000] {processor.py:830} INFO - Processing file /home/airflow/.local/lib/python3.8/site-packages/airflow/example_dags/example_nested_branch_dag.py for tasks to queue
[2025-11-10T20:39:46.688+0000] {logging_mixin.py:188} INFO - [2025-11-10T20:39:46.688+0000] {dagbag.py:540} INFO - Filling up the DagBag from /home/airflow/.local/lib/python3.8/site-packages/airflow/example_dags/example_nested_branch_dag.py
[2025-11-10T20:39:46.698+0000] {processor.py:840} INFO - DAG(s) 'example_nested_branch_dag' retrieved from /home/airflow/.local/lib/python3.8/site-packages/airflow/example_dags/example_nested_branch_dag.py
[2025-11-10T20:39:46.720+0000] {logging_mixin.py:188} INFO - [2025-11-10T20:39:46.720+0000] {dag.py:3047} INFO - Sync 1 DAGs
[2025-11-10T20:39:46.744+0000] {logging_mixin.py:188} INFO - [2025-11-10T20:39:46.744+0000] {dag.py:3834} INFO - Setting next_dagrun for example_nested_branch_dag to 2025-11-09 00:00:00+00:00, run_after=2025-11-10 00:00:00+00:00
[2025-11-10T20:39:46.765+0000] {processor.py:183} INFO - Processing /home/airflow/.local/lib/python3.8/site-packages/airflow/example_dags/example_nested_branch_dag.py took 0.084 seconds
[2025-11-10T20:40:17.212+0000] {processor.py:161} INFO - Started process (PID=545) to work on /home/airflow/.local/lib/python3.8/site-packages/airflow/example_dags/example_nested_branch_dag.py
[2025-11-10T20:40:17.214+0000] {processor.py:830} INFO - Processing file /home/airflow/.local/lib/python3.8/site-packages/airflow/example_dags/example_nested_branch_dag.py for tasks to queue
[2025-11-10T20:40:17.218+0000] {logging_mixin.py:188} INFO - [2025-11-10T20:40:17.217+0000] {dagbag.py:540} INFO - Filling up the DagBag from /home/airflow/.local/lib/python3.8/site-packages/airflow/example_dags/example_nested_branch_dag.py
[2025-11-10T20:40:17.230+0000] {processor.py:840} INFO - DAG(s) 'example_nested_branch_dag' retrieved from /home/airflow/.local/lib/python3.8/site-packages/airflow/example_dags/example_nested_branch_dag.py
[2025-11-10T20:40:17.252+0000] {logging_mixin.py:188} INFO - [2025-11-10T20:40:17.251+0000] {dag.py:3047} INFO - Sync 1 DAGs
[2025-11-10T20:40:17.274+0000] {logging_mixin.py:188} INFO - [2025-11-10T20:40:17.274+0000] {dag.py:3834} INFO - Setting next_dagrun for example_nested_branch_dag to 2025-11-09 00:00:00+00:00, run_after=2025-11-10 00:00:00+00:00
[2025-11-10T20:40:17.292+0000] {processor.py:183} INFO - Processing /home/airflow/.local/lib/python3.8/site-packages/airflow/example_dags/example_nested_branch_dag.py took 0.083 seconds
[2025-11-10T20:40:47.504+0000] {processor.py:161} INFO - Started process (PID=600) to work on /home/airflow/.local/lib/python3.8/site-packages/airflow/example_dags/example_nested_branch_dag.py
[2025-11-10T20:40:47.506+0000] {processor.py:830} INFO - Processing file /home/airflow/.local/lib/python3.8/site-packages/airflow/example_dags/example_nested_branch_dag.py for tasks to queue
[2025-11-10T20:40:47.509+0000] {logging_mixin.py:188} INFO - [2025-11-10T20:40:47.508+0000] {dagbag.py:540} INFO - Filling up the DagBag from /home/airflow/.local/lib/python3.8/site-packages/airflow/example_dags/example_nested_branch_dag.py
[2025-11-10T20:40:47.519+0000] {processor.py:840} INFO - DAG(s) 'example_nested_branch_dag' retrieved from /home/airflow/.local/lib/python3.8/site-packages/airflow/example_dags/example_nested_branch_dag.py
[2025-11-10T20:40:47.543+0000] {logging_mixin.py:188} INFO - [2025-11-10T20:40:47.543+0000] {dag.py:3047} INFO - Sync 1 DAGs
[2025-11-10T20:40:47.564+0000] {logging_mixin.py:188} INFO - [2025-11-10T20:40:47.564+0000] {dag.py:3834} INFO - Setting next_dagrun for example_nested_branch_dag to 2025-11-09 00:00:00+00:00, run_after=2025-11-10 00:00:00+00:00
[2025-11-10T20:40:47.587+0000] {processor.py:183} INFO - Processing /home/airflow/.local/lib/python3.8/site-packages/airflow/example_dags/example_nested_branch_dag.py took 0.086 seconds
[2025-11-10T20:41:18.168+0000] {processor.py:161} INFO - Started process (PID=655) to work on /home/airflow/.local/lib/python3.8/site-packages/airflow/example_dags/example_nested_branch_dag.py
[2025-11-10T20:41:18.169+0000] {processor.py:830} INFO - Processing file /home/airflow/.local/lib/python3.8/site-packages/airflow/example_dags/example_nested_branch_dag.py for tasks to queue
[2025-11-10T20:41:18.172+0000] {logging_mixin.py:188} INFO - [2025-11-10T20:41:18.171+0000] {dagbag.py:540} INFO - Filling up the DagBag from /home/airflow/.local/lib/python3.8/site-packages/airflow/example_dags/example_nested_branch_dag.py
[2025-11-10T20:41:18.184+0000] {processor.py:840} INFO - DAG(s) 'example_nested_branch_dag' retrieved from /home/airflow/.local/lib/python3.8/site-packages/airflow/example_dags/example_nested_branch_dag.py
[2025-11-10T20:41:18.206+0000] {logging_mixin.py:188} INFO - [2025-11-10T20:41:18.206+0000] {dag.py:3047} INFO - Sync 1 DAGs
[2025-11-10T20:41:18.232+0000] {logging_mixin.py:188} INFO - [2025-11-10T20:41:18.231+0000] {dag.py:3834} INFO - Setting next_dagrun for example_nested_branch_dag to 2025-11-09 00:00:00+00:00, run_after=2025-11-10 00:00:00+00:00
[2025-11-10T20:41:18.254+0000] {processor.py:183} INFO - Processing /home/airflow/.local/lib/python3.8/site-packages/airflow/example_dags/example_nested_branch_dag.py took 0.090 seconds
[2025-11-10T20:41:48.567+0000] {processor.py:161} INFO - Started process (PID=710) to work on /home/airflow/.local/lib/python3.8/site-packages/airflow/example_dags/example_nested_branch_dag.py
[2025-11-10T20:41:48.569+0000] {processor.py:830} INFO - Processing file /home/airflow/.local/lib/python3.8/site-packages/airflow/example_dags/example_nested_branch_dag.py for tasks to queue
[2025-11-10T20:41:48.571+0000] {logging_mixin.py:188} INFO - [2025-11-10T20:41:48.571+0000] {dagbag.py:540} INFO - Filling up the DagBag from /home/airflow/.local/lib/python3.8/site-packages/airflow/example_dags/example_nested_branch_dag.py
[2025-11-10T20:41:48.582+0000] {processor.py:840} INFO - DAG(s) 'example_nested_branch_dag' retrieved from /home/airflow/.local/lib/python3.8/site-packages/airflow/example_dags/example_nested_branch_dag.py
[2025-11-10T20:41:48.602+0000] {logging_mixin.py:188} INFO - [2025-11-10T20:41:48.602+0000] {dag.py:3047} INFO - Sync 1 DAGs
[2025-11-10T20:41:48.622+0000] {logging_mixin.py:188} INFO - [2025-11-10T20:41:48.622+0000] {dag.py:3834} INFO - Setting next_dagrun for example_nested_branch_dag to 2025-11-09 00:00:00+00:00, run_after=2025-11-10 00:00:00+00:00
[2025-11-10T20:41:48.643+0000] {processor.py:183} INFO - Processing /home/airflow/.local/lib/python3.8/site-packages/airflow/example_dags/example_nested_branch_dag.py took 0.079 seconds
[2025-11-10T20:42:19.367+0000] {processor.py:161} INFO - Started process (PID=765) to work on /home/airflow/.local/lib/python3.8/site-packages/airflow/example_dags/example_nested_branch_dag.py
[2025-11-10T20:42:19.369+0000] {processor.py:830} INFO - Processing file /home/airflow/.local/lib/python3.8/site-packages/airflow/example_dags/example_nested_branch_dag.py for tasks to queue
[2025-11-10T20:42:19.371+0000] {logging_mixin.py:188} INFO - [2025-11-10T20:42:19.370+0000] {dagbag.py:540} INFO - Filling up the DagBag from /home/airflow/.local/lib/python3.8/site-packages/airflow/example_dags/example_nested_branch_dag.py
[2025-11-10T20:42:19.382+0000] {processor.py:840} INFO - DAG(s) 'example_nested_branch_dag' retrieved from /home/airflow/.local/lib/python3.8/site-packages/airflow/example_dags/example_nested_branch_dag.py
[2025-11-10T20:42:19.403+0000] {logging_mixin.py:188} INFO - [2025-11-10T20:42:19.403+0000] {dag.py:3047} INFO - Sync 1 DAGs
[2025-11-10T20:42:19.424+0000] {logging_mixin.py:188} INFO - [2025-11-10T20:42:19.424+0000] {dag.py:3834} INFO - Setting next_dagrun for example_nested_branch_dag to 2025-11-09 00:00:00+00:00, run_after=2025-11-10 00:00:00+00:00
[2025-11-10T20:42:19.442+0000] {processor.py:183} INFO - Processing /home/airflow/.local/lib/python3.8/site-packages/airflow/example_dags/example_nested_branch_dag.py took 0.078 seconds
[2025-11-10T20:42:49.801+0000] {processor.py:161} INFO - Started process (PID=820) to work on /home/airflow/.local/lib/python3.8/site-packages/airflow/example_dags/example_nested_branch_dag.py
[2025-11-10T20:42:49.804+0000] {processor.py:830} INFO - Processing file /home/airflow/.local/lib/python3.8/site-packages/airflow/example_dags/example_nested_branch_dag.py for tasks to queue
[2025-11-10T20:42:49.808+0000] {logging_mixin.py:188} INFO - [2025-11-10T20:42:49.807+0000] {dagbag.py:540} INFO - Filling up the DagBag from /home/airflow/.local/lib/python3.8/site-packages/airflow/example_dags/example_nested_branch_dag.py
[2025-11-10T20:42:49.818+0000] {processor.py:840} INFO - DAG(s) 'example_nested_branch_dag' retrieved from /home/airflow/.local/lib/python3.8/site-packages/airflow/example_dags/example_nested_branch_dag.py
[2025-11-10T20:42:49.845+0000] {logging_mixin.py:188} INFO - [2025-11-10T20:42:49.844+0000] {dag.py:3047} INFO - Sync 1 DAGs
[2025-11-10T20:42:49.868+0000] {logging_mixin.py:188} INFO - [2025-11-10T20:42:49.867+0000] {dag.py:3834} INFO - Setting next_dagrun for example_nested_branch_dag to 2025-11-09 00:00:00+00:00, run_after=2025-11-10 00:00:00+00:00
[2025-11-10T20:42:49.886+0000] {processor.py:183} INFO - Processing /home/airflow/.local/lib/python3.8/site-packages/airflow/example_dags/example_nested_branch_dag.py took 0.089 seconds
[2025-11-10T20:43:20.322+0000] {processor.py:161} INFO - Started process (PID=875) to work on /home/airflow/.local/lib/python3.8/site-packages/airflow/example_dags/example_nested_branch_dag.py
[2025-11-10T20:43:20.324+0000] {processor.py:830} INFO - Processing file /home/airflow/.local/lib/python3.8/site-packages/airflow/example_dags/example_nested_branch_dag.py for tasks to queue
[2025-11-10T20:43:20.327+0000] {logging_mixin.py:188} INFO - [2025-11-10T20:43:20.326+0000] {dagbag.py:540} INFO - Filling up the DagBag from /home/airflow/.local/lib/python3.8/site-packages/airflow/example_dags/example_nested_branch_dag.py
[2025-11-10T20:43:20.337+0000] {processor.py:840} INFO - DAG(s) 'example_nested_branch_dag' retrieved from /home/airflow/.local/lib/python3.8/site-packages/airflow/example_dags/example_nested_branch_dag.py
[2025-11-10T20:43:20.359+0000] {logging_mixin.py:188} INFO - [2025-11-10T20:43:20.358+0000] {dag.py:3047} INFO - Sync 1 DAGs
[2025-11-10T20:43:20.382+0000] {logging_mixin.py:188} INFO - [2025-11-10T20:43:20.382+0000] {dag.py:3834} INFO - Setting next_dagrun for example_nested_branch_dag to 2025-11-09 00:00:00+00:00, run_after=2025-11-10 00:00:00+00:00
[2025-11-10T20:43:20.401+0000] {processor.py:183} INFO - Processing /home/airflow/.local/lib/python3.8/site-packages/airflow/example_dags/example_nested_branch_dag.py took 0.082 seconds
[2025-11-10T20:43:50.794+0000] {processor.py:161} INFO - Started process (PID=929) to work on /home/airflow/.local/lib/python3.8/site-packages/airflow/example_dags/example_nested_branch_dag.py
[2025-11-10T20:43:50.796+0000] {processor.py:830} INFO - Processing file /home/airflow/.local/lib/python3.8/site-packages/airflow/example_dags/example_nested_branch_dag.py for tasks to queue
[2025-11-10T20:43:50.799+0000] {logging_mixin.py:188} INFO - [2025-11-10T20:43:50.799+0000] {dagbag.py:540} INFO - Filling up the DagBag from /home/airflow/.local/lib/python3.8/site-packages/airflow/example_dags/example_nested_branch_dag.py
[2025-11-10T20:43:50.811+0000] {processor.py:840} INFO - DAG(s) 'example_nested_branch_dag' retrieved from /home/airflow/.local/lib/python3.8/site-packages/airflow/example_dags/example_nested_branch_dag.py
[2025-11-10T20:43:50.832+0000] {logging_mixin.py:188} INFO - [2025-11-10T20:43:50.832+0000] {dag.py:3047} INFO - Sync 1 DAGs
[2025-11-10T20:43:50.853+0000] {logging_mixin.py:188} INFO - [2025-11-10T20:43:50.853+0000] {dag.py:3834} INFO - Setting next_dagrun for example_nested_branch_dag to 2025-11-09 00:00:00+00:00, run_after=2025-11-10 00:00:00+00:00
[2025-11-10T20:43:50.875+0000] {processor.py:183} INFO - Processing /home/airflow/.local/lib/python3.8/site-packages/airflow/example_dags/example_nested_branch_dag.py took 0.085 seconds
[2025-11-10T20:44:21.409+0000] {processor.py:161} INFO - Started process (PID=984) to work on /home/airflow/.local/lib/python3.8/site-packages/airflow/example_dags/example_nested_branch_dag.py
[2025-11-10T20:44:21.411+0000] {processor.py:830} INFO - Processing file /home/airflow/.local/lib/python3.8/site-packages/airflow/example_dags/example_nested_branch_dag.py for tasks to queue
[2025-11-10T20:44:21.413+0000] {logging_mixin.py:188} INFO - [2025-11-10T20:44:21.413+0000] {dagbag.py:540} INFO - Filling up the DagBag from /home/airflow/.local/lib/python3.8/site-packages/airflow/example_dags/example_nested_branch_dag.py
[2025-11-10T20:44:21.423+0000] {processor.py:840} INFO - DAG(s) 'example_nested_branch_dag' retrieved from /home/airflow/.local/lib/python3.8/site-packages/airflow/example_dags/example_nested_branch_dag.py
[2025-11-10T20:44:21.445+0000] {logging_mixin.py:188} INFO - [2025-11-10T20:44:21.444+0000] {dag.py:3047} INFO - Sync 1 DAGs
[2025-11-10T20:44:21.466+0000] {logging_mixin.py:188} INFO - [2025-11-10T20:44:21.466+0000] {dag.py:3834} INFO - Setting next_dagrun for example_nested_branch_dag to 2025-11-09 00:00:00+00:00, run_after=2025-11-10 00:00:00+00:00
[2025-11-10T20:44:21.485+0000] {processor.py:183} INFO - Processing /home/airflow/.local/lib/python3.8/site-packages/airflow/example_dags/example_nested_branch_dag.py took 0.080 seconds
[2025-11-10T20:44:52.230+0000] {processor.py:161} INFO - Started process (PID=1039) to work on /home/airflow/.local/lib/python3.8/site-packages/airflow/example_dags/example_nested_branch_dag.py
[2025-11-10T20:44:52.231+0000] {processor.py:830} INFO - Processing file /home/airflow/.local/lib/python3.8/site-packages/airflow/example_dags/example_nested_branch_dag.py for tasks to queue
[2025-11-10T20:44:52.233+0000] {logging_mixin.py:188} INFO - [2025-11-10T20:44:52.233+0000] {dagbag.py:540} INFO - Filling up the DagBag from /home/airflow/.local/lib/python3.8/site-packages/airflow/example_dags/example_nested_branch_dag.py
[2025-11-10T20:44:52.247+0000] {processor.py:840} INFO - DAG(s) 'example_nested_branch_dag' retrieved from /home/airflow/.local/lib/python3.8/site-packages/airflow/example_dags/example_nested_branch_dag.py
[2025-11-10T20:44:52.272+0000] {logging_mixin.py:188} INFO - [2025-11-10T20:44:52.272+0000] {dag.py:3047} INFO - Sync 1 DAGs
[2025-11-10T20:44:52.297+0000] {logging_mixin.py:188} INFO - [2025-11-10T20:44:52.297+0000] {dag.py:3834} INFO - Setting next_dagrun for example_nested_branch_dag to 2025-11-09 00:00:00+00:00, run_after=2025-11-10 00:00:00+00:00
[2025-11-10T20:44:52.323+0000] {processor.py:183} INFO - Processing /home/airflow/.local/lib/python3.8/site-packages/airflow/example_dags/example_nested_branch_dag.py took 0.097 seconds
[2025-11-10T20:45:22.465+0000] {processor.py:161} INFO - Started process (PID=1094) to work on /home/airflow/.local/lib/python3.8/site-packages/airflow/example_dags/example_nested_branch_dag.py
[2025-11-10T20:45:22.467+0000] {processor.py:830} INFO - Processing file /home/airflow/.local/lib/python3.8/site-packages/airflow/example_dags/example_nested_branch_dag.py for tasks to queue
[2025-11-10T20:45:22.469+0000] {logging_mixin.py:188} INFO - [2025-11-10T20:45:22.469+0000] {dagbag.py:540} INFO - Filling up the DagBag from /home/airflow/.local/lib/python3.8/site-packages/airflow/example_dags/example_nested_branch_dag.py
[2025-11-10T20:45:22.485+0000] {processor.py:840} INFO - DAG(s) 'example_nested_branch_dag' retrieved from /home/airflow/.local/lib/python3.8/site-packages/airflow/example_dags/example_nested_branch_dag.py
[2025-11-10T20:45:22.527+0000] {logging_mixin.py:188} INFO - [2025-11-10T20:45:22.527+0000] {dag.py:3047} INFO - Sync 1 DAGs
[2025-11-10T20:45:22.557+0000] {logging_mixin.py:188} INFO - [2025-11-10T20:45:22.557+0000] {dag.py:3834} INFO - Setting next_dagrun for example_nested_branch_dag to 2025-11-09 00:00:00+00:00, run_after=2025-11-10 00:00:00+00:00
[2025-11-10T20:45:22.581+0000] {processor.py:183} INFO - Processing /home/airflow/.local/lib/python3.8/site-packages/airflow/example_dags/example_nested_branch_dag.py took 0.122 seconds
[2025-11-10T20:45:53.102+0000] {processor.py:161} INFO - Started process (PID=1149) to work on /home/airflow/.local/lib/python3.8/site-packages/airflow/example_dags/example_nested_branch_dag.py
[2025-11-10T20:45:53.104+0000] {processor.py:830} INFO - Processing file /home/airflow/.local/lib/python3.8/site-packages/airflow/example_dags/example_nested_branch_dag.py for tasks to queue
[2025-11-10T20:45:53.106+0000] {logging_mixin.py:188} INFO - [2025-11-10T20:45:53.106+0000] {dagbag.py:540} INFO - Filling up the DagBag from /home/airflow/.local/lib/python3.8/site-packages/airflow/example_dags/example_nested_branch_dag.py
[2025-11-10T20:45:53.116+0000] {processor.py:840} INFO - DAG(s) 'example_nested_branch_dag' retrieved from /home/airflow/.local/lib/python3.8/site-packages/airflow/example_dags/example_nested_branch_dag.py
[2025-11-10T20:45:53.138+0000] {logging_mixin.py:188} INFO - [2025-11-10T20:45:53.138+0000] {dag.py:3047} INFO - Sync 1 DAGs
[2025-11-10T20:45:53.161+0000] {logging_mixin.py:188} INFO - [2025-11-10T20:45:53.161+0000] {dag.py:3834} INFO - Setting next_dagrun for example_nested_branch_dag to 2025-11-09 00:00:00+00:00, run_after=2025-11-10 00:00:00+00:00
[2025-11-10T20:45:53.183+0000] {processor.py:183} INFO - Processing /home/airflow/.local/lib/python3.8/site-packages/airflow/example_dags/example_nested_branch_dag.py took 0.084 seconds
[2025-11-10T20:46:23.471+0000] {processor.py:161} INFO - Started process (PID=1204) to work on /home/airflow/.local/lib/python3.8/site-packages/airflow/example_dags/example_nested_branch_dag.py
[2025-11-10T20:46:23.472+0000] {processor.py:830} INFO - Processing file /home/airflow/.local/lib/python3.8/site-packages/airflow/example_dags/example_nested_branch_dag.py for tasks to queue
[2025-11-10T20:46:23.474+0000] {logging_mixin.py:188} INFO - [2025-11-10T20:46:23.474+0000] {dagbag.py:540} INFO - Filling up the DagBag from /home/airflow/.local/lib/python3.8/site-packages/airflow/example_dags/example_nested_branch_dag.py
[2025-11-10T20:46:23.485+0000] {processor.py:840} INFO - DAG(s) 'example_nested_branch_dag' retrieved from /home/airflow/.local/lib/python3.8/site-packages/airflow/example_dags/example_nested_branch_dag.py
[2025-11-10T20:46:23.507+0000] {logging_mixin.py:188} INFO - [2025-11-10T20:46:23.506+0000] {dag.py:3047} INFO - Sync 1 DAGs
[2025-11-10T20:46:23.532+0000] {logging_mixin.py:188} INFO - [2025-11-10T20:46:23.531+0000] {dag.py:3834} INFO - Setting next_dagrun for example_nested_branch_dag to 2025-11-09 00:00:00+00:00, run_after=2025-11-10 00:00:00+00:00
[2025-11-10T20:46:23.551+0000] {processor.py:183} INFO - Processing /home/airflow/.local/lib/python3.8/site-packages/airflow/example_dags/example_nested_branch_dag.py took 0.084 seconds
[2025-11-10T20:46:54.406+0000] {processor.py:161} INFO - Started process (PID=1260) to work on /home/airflow/.local/lib/python3.8/site-packages/airflow/example_dags/example_nested_branch_dag.py
[2025-11-10T20:46:54.407+0000] {processor.py:830} INFO - Processing file /home/airflow/.local/lib/python3.8/site-packages/airflow/example_dags/example_nested_branch_dag.py for tasks to queue
[2025-11-10T20:46:54.410+0000] {logging_mixin.py:188} INFO - [2025-11-10T20:46:54.409+0000] {dagbag.py:540} INFO - Filling up the DagBag from /home/airflow/.local/lib/python3.8/site-packages/airflow/example_dags/example_nested_branch_dag.py
[2025-11-10T20:46:54.423+0000] {processor.py:840} INFO - DAG(s) 'example_nested_branch_dag' retrieved from /home/airflow/.local/lib/python3.8/site-packages/airflow/example_dags/example_nested_branch_dag.py
[2025-11-10T20:46:54.445+0000] {logging_mixin.py:188} INFO - [2025-11-10T20:46:54.444+0000] {dag.py:3047} INFO - Sync 1 DAGs
[2025-11-10T20:46:54.466+0000] {logging_mixin.py:188} INFO - [2025-11-10T20:46:54.465+0000] {dag.py:3834} INFO - Setting next_dagrun for example_nested_branch_dag to 2025-11-09 00:00:00+00:00, run_after=2025-11-10 00:00:00+00:00
[2025-11-10T20:46:54.487+0000] {processor.py:183} INFO - Processing /home/airflow/.local/lib/python3.8/site-packages/airflow/example_dags/example_nested_branch_dag.py took 0.084 seconds
[2025-11-10T20:47:24.656+0000] {processor.py:161} INFO - Started process (PID=1315) to work on /home/airflow/.local/lib/python3.8/site-packages/airflow/example_dags/example_nested_branch_dag.py
[2025-11-10T20:47:24.658+0000] {processor.py:830} INFO - Processing file /home/airflow/.local/lib/python3.8/site-packages/airflow/example_dags/example_nested_branch_dag.py for tasks to queue
[2025-11-10T20:47:24.660+0000] {logging_mixin.py:188} INFO - [2025-11-10T20:47:24.660+0000] {dagbag.py:540} INFO - Filling up the DagBag from /home/airflow/.local/lib/python3.8/site-packages/airflow/example_dags/example_nested_branch_dag.py
[2025-11-10T20:47:24.670+0000] {processor.py:840} INFO - DAG(s) 'example_nested_branch_dag' retrieved from /home/airflow/.local/lib/python3.8/site-packages/airflow/example_dags/example_nested_branch_dag.py
[2025-11-10T20:47:24.693+0000] {logging_mixin.py:188} INFO - [2025-11-10T20:47:24.692+0000] {dag.py:3047} INFO - Sync 1 DAGs
[2025-11-10T20:47:24.715+0000] {logging_mixin.py:188} INFO - [2025-11-10T20:47:24.715+0000] {dag.py:3834} INFO - Setting next_dagrun for example_nested_branch_dag to 2025-11-09 00:00:00+00:00, run_after=2025-11-10 00:00:00+00:00
[2025-11-10T20:47:24.735+0000] {processor.py:183} INFO - Processing /home/airflow/.local/lib/python3.8/site-packages/airflow/example_dags/example_nested_branch_dag.py took 0.082 seconds
[2025-11-10T20:47:55.159+0000] {processor.py:161} INFO - Started process (PID=1370) to work on /home/airflow/.local/lib/python3.8/site-packages/airflow/example_dags/example_nested_branch_dag.py
[2025-11-10T20:47:55.160+0000] {processor.py:830} INFO - Processing file /home/airflow/.local/lib/python3.8/site-packages/airflow/example_dags/example_nested_branch_dag.py for tasks to queue
[2025-11-10T20:47:55.162+0000] {logging_mixin.py:188} INFO - [2025-11-10T20:47:55.162+0000] {dagbag.py:540} INFO - Filling up the DagBag from /home/airflow/.local/lib/python3.8/site-packages/airflow/example_dags/example_nested_branch_dag.py
[2025-11-10T20:47:55.173+0000] {processor.py:840} INFO - DAG(s) 'example_nested_branch_dag' retrieved from /home/airflow/.local/lib/python3.8/site-packages/airflow/example_dags/example_nested_branch_dag.py
[2025-11-10T20:47:55.195+0000] {logging_mixin.py:188} INFO - [2025-11-10T20:47:55.195+0000] {dag.py:3047} INFO - Sync 1 DAGs
[2025-11-10T20:47:55.218+0000] {logging_mixin.py:188} INFO - [2025-11-10T20:47:55.217+0000] {dag.py:3834} INFO - Setting next_dagrun for example_nested_branch_dag to 2025-11-09 00:00:00+00:00, run_after=2025-11-10 00:00:00+00:00
[2025-11-10T20:47:55.235+0000] {processor.py:183} INFO - Processing /home/airflow/.local/lib/python3.8/site-packages/airflow/example_dags/example_nested_branch_dag.py took 0.080 seconds
[2025-11-10T20:48:25.660+0000] {processor.py:161} INFO - Started process (PID=1425) to work on /home/airflow/.local/lib/python3.8/site-packages/airflow/example_dags/example_nested_branch_dag.py
[2025-11-10T20:48:25.665+0000] {processor.py:830} INFO - Processing file /home/airflow/.local/lib/python3.8/site-packages/airflow/example_dags/example_nested_branch_dag.py for tasks to queue
[2025-11-10T20:48:25.672+0000] {logging_mixin.py:188} INFO - [2025-11-10T20:48:25.671+0000] {dagbag.py:540} INFO - Filling up the DagBag from /home/airflow/.local/lib/python3.8/site-packages/airflow/example_dags/example_nested_branch_dag.py
[2025-11-10T20:48:25.708+0000] {processor.py:840} INFO - DAG(s) 'example_nested_branch_dag' retrieved from /home/airflow/.local/lib/python3.8/site-packages/airflow/example_dags/example_nested_branch_dag.py
[2025-11-10T20:48:25.781+0000] {logging_mixin.py:188} INFO - [2025-11-10T20:48:25.781+0000] {dag.py:3047} INFO - Sync 1 DAGs
[2025-11-10T20:48:25.824+0000] {logging_mixin.py:188} INFO - [2025-11-10T20:48:25.823+0000] {dag.py:3834} INFO - Setting next_dagrun for example_nested_branch_dag to 2025-11-09 00:00:00+00:00, run_after=2025-11-10 00:00:00+00:00
[2025-11-10T20:48:25.865+0000] {processor.py:183} INFO - Processing /home/airflow/.local/lib/python3.8/site-packages/airflow/example_dags/example_nested_branch_dag.py took 0.222 seconds
[2025-11-10T20:48:56.670+0000] {processor.py:161} INFO - Started process (PID=1480) to work on /home/airflow/.local/lib/python3.8/site-packages/airflow/example_dags/example_nested_branch_dag.py
[2025-11-10T20:48:56.672+0000] {processor.py:830} INFO - Processing file /home/airflow/.local/lib/python3.8/site-packages/airflow/example_dags/example_nested_branch_dag.py for tasks to queue
[2025-11-10T20:48:56.675+0000] {logging_mixin.py:188} INFO - [2025-11-10T20:48:56.675+0000] {dagbag.py:540} INFO - Filling up the DagBag from /home/airflow/.local/lib/python3.8/site-packages/airflow/example_dags/example_nested_branch_dag.py
[2025-11-10T20:48:56.690+0000] {processor.py:840} INFO - DAG(s) 'example_nested_branch_dag' retrieved from /home/airflow/.local/lib/python3.8/site-packages/airflow/example_dags/example_nested_branch_dag.py
[2025-11-10T20:48:56.713+0000] {logging_mixin.py:188} INFO - [2025-11-10T20:48:56.712+0000] {dag.py:3047} INFO - Sync 1 DAGs
[2025-11-10T20:48:56.732+0000] {logging_mixin.py:188} INFO - [2025-11-10T20:48:56.732+0000] {dag.py:3834} INFO - Setting next_dagrun for example_nested_branch_dag to 2025-11-09 00:00:00+00:00, run_after=2025-11-10 00:00:00+00:00
[2025-11-10T20:48:56.749+0000] {processor.py:183} INFO - Processing /home/airflow/.local/lib/python3.8/site-packages/airflow/example_dags/example_nested_branch_dag.py took 0.086 seconds
[2025-11-10T20:49:27.084+0000] {processor.py:161} INFO - Started process (PID=1536) to work on /home/airflow/.local/lib/python3.8/site-packages/airflow/example_dags/example_nested_branch_dag.py
[2025-11-10T20:49:27.090+0000] {processor.py:830} INFO - Processing file /home/airflow/.local/lib/python3.8/site-packages/airflow/example_dags/example_nested_branch_dag.py for tasks to queue
[2025-11-10T20:49:27.095+0000] {logging_mixin.py:188} INFO - [2025-11-10T20:49:27.095+0000] {dagbag.py:540} INFO - Filling up the DagBag from /home/airflow/.local/lib/python3.8/site-packages/airflow/example_dags/example_nested_branch_dag.py
[2025-11-10T20:49:27.117+0000] {processor.py:840} INFO - DAG(s) 'example_nested_branch_dag' retrieved from /home/airflow/.local/lib/python3.8/site-packages/airflow/example_dags/example_nested_branch_dag.py
[2025-11-10T20:49:27.143+0000] {logging_mixin.py:188} INFO - [2025-11-10T20:49:27.143+0000] {dag.py:3047} INFO - Sync 1 DAGs
[2025-11-10T20:49:27.163+0000] {logging_mixin.py:188} INFO - [2025-11-10T20:49:27.163+0000] {dag.py:3834} INFO - Setting next_dagrun for example_nested_branch_dag to 2025-11-09 00:00:00+00:00, run_after=2025-11-10 00:00:00+00:00
[2025-11-10T20:49:27.187+0000] {processor.py:183} INFO - Processing /home/airflow/.local/lib/python3.8/site-packages/airflow/example_dags/example_nested_branch_dag.py took 0.112 seconds
[2025-11-10T20:49:57.366+0000] {processor.py:161} INFO - Started process (PID=1591) to work on /home/airflow/.local/lib/python3.8/site-packages/airflow/example_dags/example_nested_branch_dag.py
[2025-11-10T20:49:57.369+0000] {processor.py:830} INFO - Processing file /home/airflow/.local/lib/python3.8/site-packages/airflow/example_dags/example_nested_branch_dag.py for tasks to queue
[2025-11-10T20:49:57.370+0000] {logging_mixin.py:188} INFO - [2025-11-10T20:49:57.370+0000] {dagbag.py:540} INFO - Filling up the DagBag from /home/airflow/.local/lib/python3.8/site-packages/airflow/example_dags/example_nested_branch_dag.py
[2025-11-10T20:49:57.391+0000] {processor.py:840} INFO - DAG(s) 'example_nested_branch_dag' retrieved from /home/airflow/.local/lib/python3.8/site-packages/airflow/example_dags/example_nested_branch_dag.py
[2025-11-10T20:49:57.410+0000] {logging_mixin.py:188} INFO - [2025-11-10T20:49:57.410+0000] {dag.py:3047} INFO - Sync 1 DAGs
[2025-11-10T20:49:57.430+0000] {logging_mixin.py:188} INFO - [2025-11-10T20:49:57.430+0000] {dag.py:3834} INFO - Setting next_dagrun for example_nested_branch_dag to 2025-11-09 00:00:00+00:00, run_after=2025-11-10 00:00:00+00:00
[2025-11-10T20:49:57.455+0000] {processor.py:183} INFO - Processing /home/airflow/.local/lib/python3.8/site-packages/airflow/example_dags/example_nested_branch_dag.py took 0.093 seconds
[2025-11-10T20:50:28.110+0000] {processor.py:161} INFO - Started process (PID=1646) to work on /home/airflow/.local/lib/python3.8/site-packages/airflow/example_dags/example_nested_branch_dag.py
[2025-11-10T20:50:28.111+0000] {processor.py:830} INFO - Processing file /home/airflow/.local/lib/python3.8/site-packages/airflow/example_dags/example_nested_branch_dag.py for tasks to queue
[2025-11-10T20:50:28.114+0000] {logging_mixin.py:188} INFO - [2025-11-10T20:50:28.114+0000] {dagbag.py:540} INFO - Filling up the DagBag from /home/airflow/.local/lib/python3.8/site-packages/airflow/example_dags/example_nested_branch_dag.py
[2025-11-10T20:50:28.125+0000] {processor.py:840} INFO - DAG(s) 'example_nested_branch_dag' retrieved from /home/airflow/.local/lib/python3.8/site-packages/airflow/example_dags/example_nested_branch_dag.py
[2025-11-10T20:50:28.144+0000] {logging_mixin.py:188} INFO - [2025-11-10T20:50:28.143+0000] {dag.py:3047} INFO - Sync 1 DAGs
[2025-11-10T20:50:28.164+0000] {logging_mixin.py:188} INFO - [2025-11-10T20:50:28.163+0000] {dag.py:3834} INFO - Setting next_dagrun for example_nested_branch_dag to 2025-11-09 00:00:00+00:00, run_after=2025-11-10 00:00:00+00:00
[2025-11-10T20:50:28.182+0000] {processor.py:183} INFO - Processing /home/airflow/.local/lib/python3.8/site-packages/airflow/example_dags/example_nested_branch_dag.py took 0.078 seconds
[2025-11-10T20:50:58.511+0000] {processor.py:161} INFO - Started process (PID=1701) to work on /home/airflow/.local/lib/python3.8/site-packages/airflow/example_dags/example_nested_branch_dag.py
[2025-11-10T20:50:58.513+0000] {processor.py:830} INFO - Processing file /home/airflow/.local/lib/python3.8/site-packages/airflow/example_dags/example_nested_branch_dag.py for tasks to queue
[2025-11-10T20:50:58.515+0000] {logging_mixin.py:188} INFO - [2025-11-10T20:50:58.515+0000] {dagbag.py:540} INFO - Filling up the DagBag from /home/airflow/.local/lib/python3.8/site-packages/airflow/example_dags/example_nested_branch_dag.py
[2025-11-10T20:50:58.525+0000] {processor.py:840} INFO - DAG(s) 'example_nested_branch_dag' retrieved from /home/airflow/.local/lib/python3.8/site-packages/airflow/example_dags/example_nested_branch_dag.py
[2025-11-10T20:50:58.548+0000] {logging_mixin.py:188} INFO - [2025-11-10T20:50:58.548+0000] {dag.py:3047} INFO - Sync 1 DAGs
[2025-11-10T20:50:58.570+0000] {logging_mixin.py:188} INFO - [2025-11-10T20:50:58.569+0000] {dag.py:3834} INFO - Setting next_dagrun for example_nested_branch_dag to 2025-11-09 00:00:00+00:00, run_after=2025-11-10 00:00:00+00:00
[2025-11-10T20:50:58.594+0000] {processor.py:183} INFO - Processing /home/airflow/.local/lib/python3.8/site-packages/airflow/example_dags/example_nested_branch_dag.py took 0.087 seconds
[2025-11-10T20:51:29.413+0000] {processor.py:161} INFO - Started process (PID=1756) to work on /home/airflow/.local/lib/python3.8/site-packages/airflow/example_dags/example_nested_branch_dag.py
[2025-11-10T20:51:29.414+0000] {processor.py:830} INFO - Processing file /home/airflow/.local/lib/python3.8/site-packages/airflow/example_dags/example_nested_branch_dag.py for tasks to queue
[2025-11-10T20:51:29.418+0000] {logging_mixin.py:188} INFO - [2025-11-10T20:51:29.417+0000] {dagbag.py:540} INFO - Filling up the DagBag from /home/airflow/.local/lib/python3.8/site-packages/airflow/example_dags/example_nested_branch_dag.py
[2025-11-10T20:51:29.429+0000] {processor.py:840} INFO - DAG(s) 'example_nested_branch_dag' retrieved from /home/airflow/.local/lib/python3.8/site-packages/airflow/example_dags/example_nested_branch_dag.py
[2025-11-10T20:51:29.451+0000] {logging_mixin.py:188} INFO - [2025-11-10T20:51:29.450+0000] {dag.py:3047} INFO - Sync 1 DAGs
[2025-11-10T20:51:29.471+0000] {logging_mixin.py:188} INFO - [2025-11-10T20:51:29.471+0000] {dag.py:3834} INFO - Setting next_dagrun for example_nested_branch_dag to 2025-11-09 00:00:00+00:00, run_after=2025-11-10 00:00:00+00:00
[2025-11-10T20:51:29.490+0000] {processor.py:183} INFO - Processing /home/airflow/.local/lib/python3.8/site-packages/airflow/example_dags/example_nested_branch_dag.py took 0.080 seconds
[2025-11-10T20:51:59.730+0000] {processor.py:161} INFO - Started process (PID=1811) to work on /home/airflow/.local/lib/python3.8/site-packages/airflow/example_dags/example_nested_branch_dag.py
[2025-11-10T20:51:59.732+0000] {processor.py:830} INFO - Processing file /home/airflow/.local/lib/python3.8/site-packages/airflow/example_dags/example_nested_branch_dag.py for tasks to queue
[2025-11-10T20:51:59.736+0000] {logging_mixin.py:188} INFO - [2025-11-10T20:51:59.735+0000] {dagbag.py:540} INFO - Filling up the DagBag from /home/airflow/.local/lib/python3.8/site-packages/airflow/example_dags/example_nested_branch_dag.py
[2025-11-10T20:51:59.754+0000] {processor.py:840} INFO - DAG(s) 'example_nested_branch_dag' retrieved from /home/airflow/.local/lib/python3.8/site-packages/airflow/example_dags/example_nested_branch_dag.py
[2025-11-10T20:51:59.786+0000] {logging_mixin.py:188} INFO - [2025-11-10T20:51:59.785+0000] {dag.py:3047} INFO - Sync 1 DAGs
[2025-11-10T20:51:59.814+0000] {logging_mixin.py:188} INFO - [2025-11-10T20:51:59.813+0000] {dag.py:3834} INFO - Setting next_dagrun for example_nested_branch_dag to 2025-11-09 00:00:00+00:00, run_after=2025-11-10 00:00:00+00:00
[2025-11-10T20:51:59.833+0000] {processor.py:183} INFO - Processing /home/airflow/.local/lib/python3.8/site-packages/airflow/example_dags/example_nested_branch_dag.py took 0.109 seconds
[2025-11-10T20:52:30.042+0000] {processor.py:161} INFO - Started process (PID=1866) to work on /home/airflow/.local/lib/python3.8/site-packages/airflow/example_dags/example_nested_branch_dag.py
[2025-11-10T20:52:30.044+0000] {processor.py:830} INFO - Processing file /home/airflow/.local/lib/python3.8/site-packages/airflow/example_dags/example_nested_branch_dag.py for tasks to queue
[2025-11-10T20:52:30.046+0000] {logging_mixin.py:188} INFO - [2025-11-10T20:52:30.046+0000] {dagbag.py:540} INFO - Filling up the DagBag from /home/airflow/.local/lib/python3.8/site-packages/airflow/example_dags/example_nested_branch_dag.py
[2025-11-10T20:52:30.057+0000] {processor.py:840} INFO - DAG(s) 'example_nested_branch_dag' retrieved from /home/airflow/.local/lib/python3.8/site-packages/airflow/example_dags/example_nested_branch_dag.py
[2025-11-10T20:52:30.084+0000] {logging_mixin.py:188} INFO - [2025-11-10T20:52:30.084+0000] {dag.py:3047} INFO - Sync 1 DAGs
[2025-11-10T20:52:30.106+0000] {logging_mixin.py:188} INFO - [2025-11-10T20:52:30.106+0000] {dag.py:3834} INFO - Setting next_dagrun for example_nested_branch_dag to 2025-11-09 00:00:00+00:00, run_after=2025-11-10 00:00:00+00:00
[2025-11-10T20:52:30.125+0000] {processor.py:183} INFO - Processing /home/airflow/.local/lib/python3.8/site-packages/airflow/example_dags/example_nested_branch_dag.py took 0.086 seconds
[2025-11-10T20:53:00.227+0000] {processor.py:161} INFO - Started process (PID=1921) to work on /home/airflow/.local/lib/python3.8/site-packages/airflow/example_dags/example_nested_branch_dag.py
[2025-11-10T20:53:00.228+0000] {processor.py:830} INFO - Processing file /home/airflow/.local/lib/python3.8/site-packages/airflow/example_dags/example_nested_branch_dag.py for tasks to queue
[2025-11-10T20:53:00.230+0000] {logging_mixin.py:188} INFO - [2025-11-10T20:53:00.230+0000] {dagbag.py:540} INFO - Filling up the DagBag from /home/airflow/.local/lib/python3.8/site-packages/airflow/example_dags/example_nested_branch_dag.py
[2025-11-10T20:53:00.241+0000] {processor.py:840} INFO - DAG(s) 'example_nested_branch_dag' retrieved from /home/airflow/.local/lib/python3.8/site-packages/airflow/example_dags/example_nested_branch_dag.py
[2025-11-10T20:53:00.260+0000] {logging_mixin.py:188} INFO - [2025-11-10T20:53:00.260+0000] {dag.py:3047} INFO - Sync 1 DAGs
[2025-11-10T20:53:00.281+0000] {logging_mixin.py:188} INFO - [2025-11-10T20:53:00.280+0000] {dag.py:3834} INFO - Setting next_dagrun for example_nested_branch_dag to 2025-11-09 00:00:00+00:00, run_after=2025-11-10 00:00:00+00:00
[2025-11-10T20:53:00.299+0000] {processor.py:183} INFO - Processing /home/airflow/.local/lib/python3.8/site-packages/airflow/example_dags/example_nested_branch_dag.py took 0.075 seconds
