[2025-11-10T20:36:12.463+0000] {processor.py:161} INFO - Started process (PID=97) to work on /home/airflow/.local/lib/python3.8/site-packages/airflow/example_dags/example_sla_dag.py
[2025-11-10T20:36:12.464+0000] {processor.py:830} INFO - Processing file /home/airflow/.local/lib/python3.8/site-packages/airflow/example_dags/example_sla_dag.py for tasks to queue
[2025-11-10T20:36:12.467+0000] {logging_mixin.py:188} INFO - [2025-11-10T20:36:12.466+0000] {dagbag.py:540} INFO - Filling up the DagBag from /home/airflow/.local/lib/python3.8/site-packages/airflow/example_dags/example_sla_dag.py
[2025-11-10T20:36:12.477+0000] {processor.py:840} INFO - DAG(s) 'example_sla_dag' retrieved from /home/airflow/.local/lib/python3.8/site-packages/airflow/example_dags/example_sla_dag.py
[2025-11-10T20:36:12.599+0000] {logging_mixin.py:188} INFO - [2025-11-10T20:36:12.598+0000] {override.py:1769} INFO - Created Permission View: can read on DAG:example_sla_dag
[2025-11-10T20:36:12.614+0000] {logging_mixin.py:188} INFO - [2025-11-10T20:36:12.614+0000] {override.py:1769} INFO - Created Permission View: can edit on DAG:example_sla_dag
[2025-11-10T20:36:12.622+0000] {logging_mixin.py:188} INFO - [2025-11-10T20:36:12.622+0000] {override.py:1769} INFO - Created Permission View: can delete on DAG:example_sla_dag
[2025-11-10T20:36:12.623+0000] {logging_mixin.py:188} INFO - [2025-11-10T20:36:12.623+0000] {dag.py:3047} INFO - Sync 1 DAGs
[2025-11-10T20:36:12.637+0000] {logging_mixin.py:188} INFO - [2025-11-10T20:36:12.637+0000] {dag.py:3069} INFO - Creating ORM DAG for example_sla_dag
[2025-11-10T20:36:12.652+0000] {logging_mixin.py:188} INFO - [2025-11-10T20:36:12.652+0000] {dag.py:3834} INFO - Setting next_dagrun for example_sla_dag to 2025-11-10 20:34:00+00:00, run_after=2025-11-10 20:36:00+00:00
[2025-11-10T20:36:12.669+0000] {processor.py:183} INFO - Processing /home/airflow/.local/lib/python3.8/site-packages/airflow/example_dags/example_sla_dag.py took 0.209 seconds
[2025-11-10T20:36:42.738+0000] {processor.py:161} INFO - Started process (PID=152) to work on /home/airflow/.local/lib/python3.8/site-packages/airflow/example_dags/example_sla_dag.py
[2025-11-10T20:36:42.740+0000] {processor.py:830} INFO - Processing file /home/airflow/.local/lib/python3.8/site-packages/airflow/example_dags/example_sla_dag.py for tasks to queue
[2025-11-10T20:36:42.743+0000] {logging_mixin.py:188} INFO - [2025-11-10T20:36:42.742+0000] {dagbag.py:540} INFO - Filling up the DagBag from /home/airflow/.local/lib/python3.8/site-packages/airflow/example_dags/example_sla_dag.py
[2025-11-10T20:36:42.759+0000] {processor.py:840} INFO - DAG(s) 'example_sla_dag' retrieved from /home/airflow/.local/lib/python3.8/site-packages/airflow/example_dags/example_sla_dag.py
[2025-11-10T20:36:42.788+0000] {logging_mixin.py:188} INFO - [2025-11-10T20:36:42.788+0000] {dag.py:3047} INFO - Sync 1 DAGs
[2025-11-10T20:36:42.816+0000] {logging_mixin.py:188} INFO - [2025-11-10T20:36:42.816+0000] {dag.py:3834} INFO - Setting next_dagrun for example_sla_dag to 2025-11-10 20:34:00+00:00, run_after=2025-11-10 20:36:00+00:00
[2025-11-10T20:36:42.845+0000] {processor.py:183} INFO - Processing /home/airflow/.local/lib/python3.8/site-packages/airflow/example_dags/example_sla_dag.py took 0.112 seconds
[2025-11-10T20:37:13.762+0000] {processor.py:161} INFO - Started process (PID=207) to work on /home/airflow/.local/lib/python3.8/site-packages/airflow/example_dags/example_sla_dag.py
[2025-11-10T20:37:13.764+0000] {processor.py:830} INFO - Processing file /home/airflow/.local/lib/python3.8/site-packages/airflow/example_dags/example_sla_dag.py for tasks to queue
[2025-11-10T20:37:13.767+0000] {logging_mixin.py:188} INFO - [2025-11-10T20:37:13.766+0000] {dagbag.py:540} INFO - Filling up the DagBag from /home/airflow/.local/lib/python3.8/site-packages/airflow/example_dags/example_sla_dag.py
[2025-11-10T20:37:13.781+0000] {processor.py:840} INFO - DAG(s) 'example_sla_dag' retrieved from /home/airflow/.local/lib/python3.8/site-packages/airflow/example_dags/example_sla_dag.py
[2025-11-10T20:37:13.816+0000] {logging_mixin.py:188} INFO - [2025-11-10T20:37:13.815+0000] {dag.py:3047} INFO - Sync 1 DAGs
[2025-11-10T20:37:13.847+0000] {logging_mixin.py:188} INFO - [2025-11-10T20:37:13.846+0000] {dag.py:3834} INFO - Setting next_dagrun for example_sla_dag to 2025-11-10 20:34:00+00:00, run_after=2025-11-10 20:36:00+00:00
[2025-11-10T20:37:13.866+0000] {processor.py:183} INFO - Processing /home/airflow/.local/lib/python3.8/site-packages/airflow/example_dags/example_sla_dag.py took 0.111 seconds
[2025-11-10T20:37:44.075+0000] {processor.py:161} INFO - Started process (PID=262) to work on /home/airflow/.local/lib/python3.8/site-packages/airflow/example_dags/example_sla_dag.py
[2025-11-10T20:37:44.078+0000] {processor.py:830} INFO - Processing file /home/airflow/.local/lib/python3.8/site-packages/airflow/example_dags/example_sla_dag.py for tasks to queue
[2025-11-10T20:37:44.080+0000] {logging_mixin.py:188} INFO - [2025-11-10T20:37:44.080+0000] {dagbag.py:540} INFO - Filling up the DagBag from /home/airflow/.local/lib/python3.8/site-packages/airflow/example_dags/example_sla_dag.py
[2025-11-10T20:37:44.089+0000] {processor.py:840} INFO - DAG(s) 'example_sla_dag' retrieved from /home/airflow/.local/lib/python3.8/site-packages/airflow/example_dags/example_sla_dag.py
[2025-11-10T20:37:44.113+0000] {logging_mixin.py:188} INFO - [2025-11-10T20:37:44.112+0000] {dag.py:3047} INFO - Sync 1 DAGs
[2025-11-10T20:37:44.136+0000] {logging_mixin.py:188} INFO - [2025-11-10T20:37:44.136+0000] {dag.py:3834} INFO - Setting next_dagrun for example_sla_dag to 2025-11-10 20:34:00+00:00, run_after=2025-11-10 20:36:00+00:00
[2025-11-10T20:37:44.157+0000] {processor.py:183} INFO - Processing /home/airflow/.local/lib/python3.8/site-packages/airflow/example_dags/example_sla_dag.py took 0.085 seconds
[2025-11-10T20:38:14.467+0000] {processor.py:161} INFO - Started process (PID=317) to work on /home/airflow/.local/lib/python3.8/site-packages/airflow/example_dags/example_sla_dag.py
[2025-11-10T20:38:14.469+0000] {processor.py:830} INFO - Processing file /home/airflow/.local/lib/python3.8/site-packages/airflow/example_dags/example_sla_dag.py for tasks to queue
[2025-11-10T20:38:14.471+0000] {logging_mixin.py:188} INFO - [2025-11-10T20:38:14.470+0000] {dagbag.py:540} INFO - Filling up the DagBag from /home/airflow/.local/lib/python3.8/site-packages/airflow/example_dags/example_sla_dag.py
[2025-11-10T20:38:14.479+0000] {processor.py:840} INFO - DAG(s) 'example_sla_dag' retrieved from /home/airflow/.local/lib/python3.8/site-packages/airflow/example_dags/example_sla_dag.py
[2025-11-10T20:38:14.498+0000] {logging_mixin.py:188} INFO - [2025-11-10T20:38:14.498+0000] {dag.py:3047} INFO - Sync 1 DAGs
[2025-11-10T20:38:14.524+0000] {logging_mixin.py:188} INFO - [2025-11-10T20:38:14.524+0000] {dag.py:3834} INFO - Setting next_dagrun for example_sla_dag to 2025-11-10 20:36:00+00:00, run_after=2025-11-10 20:38:00+00:00
[2025-11-10T20:38:14.548+0000] {processor.py:183} INFO - Processing /home/airflow/.local/lib/python3.8/site-packages/airflow/example_dags/example_sla_dag.py took 0.084 seconds
[2025-11-10T20:38:44.640+0000] {processor.py:161} INFO - Started process (PID=372) to work on /home/airflow/.local/lib/python3.8/site-packages/airflow/example_dags/example_sla_dag.py
[2025-11-10T20:38:44.642+0000] {processor.py:830} INFO - Processing file /home/airflow/.local/lib/python3.8/site-packages/airflow/example_dags/example_sla_dag.py for tasks to queue
[2025-11-10T20:38:44.645+0000] {logging_mixin.py:188} INFO - [2025-11-10T20:38:44.644+0000] {dagbag.py:540} INFO - Filling up the DagBag from /home/airflow/.local/lib/python3.8/site-packages/airflow/example_dags/example_sla_dag.py
[2025-11-10T20:38:44.655+0000] {processor.py:840} INFO - DAG(s) 'example_sla_dag' retrieved from /home/airflow/.local/lib/python3.8/site-packages/airflow/example_dags/example_sla_dag.py
[2025-11-10T20:38:44.672+0000] {logging_mixin.py:188} INFO - [2025-11-10T20:38:44.672+0000] {dag.py:3047} INFO - Sync 1 DAGs
[2025-11-10T20:38:44.695+0000] {logging_mixin.py:188} INFO - [2025-11-10T20:38:44.695+0000] {dag.py:3834} INFO - Setting next_dagrun for example_sla_dag to 2025-11-10 20:36:00+00:00, run_after=2025-11-10 20:38:00+00:00
[2025-11-10T20:38:44.712+0000] {processor.py:183} INFO - Processing /home/airflow/.local/lib/python3.8/site-packages/airflow/example_dags/example_sla_dag.py took 0.076 seconds
[2025-11-10T20:39:15.037+0000] {processor.py:161} INFO - Started process (PID=427) to work on /home/airflow/.local/lib/python3.8/site-packages/airflow/example_dags/example_sla_dag.py
[2025-11-10T20:39:15.039+0000] {processor.py:830} INFO - Processing file /home/airflow/.local/lib/python3.8/site-packages/airflow/example_dags/example_sla_dag.py for tasks to queue
[2025-11-10T20:39:15.041+0000] {logging_mixin.py:188} INFO - [2025-11-10T20:39:15.041+0000] {dagbag.py:540} INFO - Filling up the DagBag from /home/airflow/.local/lib/python3.8/site-packages/airflow/example_dags/example_sla_dag.py
[2025-11-10T20:39:15.053+0000] {processor.py:840} INFO - DAG(s) 'example_sla_dag' retrieved from /home/airflow/.local/lib/python3.8/site-packages/airflow/example_dags/example_sla_dag.py
[2025-11-10T20:39:15.071+0000] {logging_mixin.py:188} INFO - [2025-11-10T20:39:15.071+0000] {dag.py:3047} INFO - Sync 1 DAGs
[2025-11-10T20:39:15.094+0000] {logging_mixin.py:188} INFO - [2025-11-10T20:39:15.094+0000] {dag.py:3834} INFO - Setting next_dagrun for example_sla_dag to 2025-11-10 20:36:00+00:00, run_after=2025-11-10 20:38:00+00:00
[2025-11-10T20:39:15.112+0000] {processor.py:183} INFO - Processing /home/airflow/.local/lib/python3.8/site-packages/airflow/example_dags/example_sla_dag.py took 0.078 seconds
[2025-11-10T20:39:45.836+0000] {processor.py:161} INFO - Started process (PID=482) to work on /home/airflow/.local/lib/python3.8/site-packages/airflow/example_dags/example_sla_dag.py
[2025-11-10T20:39:45.838+0000] {processor.py:830} INFO - Processing file /home/airflow/.local/lib/python3.8/site-packages/airflow/example_dags/example_sla_dag.py for tasks to queue
[2025-11-10T20:39:45.842+0000] {logging_mixin.py:188} INFO - [2025-11-10T20:39:45.841+0000] {dagbag.py:540} INFO - Filling up the DagBag from /home/airflow/.local/lib/python3.8/site-packages/airflow/example_dags/example_sla_dag.py
[2025-11-10T20:39:45.856+0000] {processor.py:840} INFO - DAG(s) 'example_sla_dag' retrieved from /home/airflow/.local/lib/python3.8/site-packages/airflow/example_dags/example_sla_dag.py
[2025-11-10T20:39:45.878+0000] {logging_mixin.py:188} INFO - [2025-11-10T20:39:45.878+0000] {dag.py:3047} INFO - Sync 1 DAGs
[2025-11-10T20:39:45.903+0000] {logging_mixin.py:188} INFO - [2025-11-10T20:39:45.903+0000] {dag.py:3834} INFO - Setting next_dagrun for example_sla_dag to 2025-11-10 20:36:00+00:00, run_after=2025-11-10 20:38:00+00:00
[2025-11-10T20:39:45.925+0000] {processor.py:183} INFO - Processing /home/airflow/.local/lib/python3.8/site-packages/airflow/example_dags/example_sla_dag.py took 0.096 seconds
[2025-11-10T20:40:16.616+0000] {processor.py:161} INFO - Started process (PID=537) to work on /home/airflow/.local/lib/python3.8/site-packages/airflow/example_dags/example_sla_dag.py
[2025-11-10T20:40:16.618+0000] {processor.py:830} INFO - Processing file /home/airflow/.local/lib/python3.8/site-packages/airflow/example_dags/example_sla_dag.py for tasks to queue
[2025-11-10T20:40:16.621+0000] {logging_mixin.py:188} INFO - [2025-11-10T20:40:16.621+0000] {dagbag.py:540} INFO - Filling up the DagBag from /home/airflow/.local/lib/python3.8/site-packages/airflow/example_dags/example_sla_dag.py
[2025-11-10T20:40:16.630+0000] {processor.py:840} INFO - DAG(s) 'example_sla_dag' retrieved from /home/airflow/.local/lib/python3.8/site-packages/airflow/example_dags/example_sla_dag.py
[2025-11-10T20:40:16.649+0000] {logging_mixin.py:188} INFO - [2025-11-10T20:40:16.649+0000] {dag.py:3047} INFO - Sync 1 DAGs
[2025-11-10T20:40:16.673+0000] {logging_mixin.py:188} INFO - [2025-11-10T20:40:16.673+0000] {dag.py:3834} INFO - Setting next_dagrun for example_sla_dag to 2025-11-10 20:38:00+00:00, run_after=2025-11-10 20:40:00+00:00
[2025-11-10T20:40:16.692+0000] {processor.py:183} INFO - Processing /home/airflow/.local/lib/python3.8/site-packages/airflow/example_dags/example_sla_dag.py took 0.081 seconds
[2025-11-10T20:40:47.028+0000] {processor.py:161} INFO - Started process (PID=592) to work on /home/airflow/.local/lib/python3.8/site-packages/airflow/example_dags/example_sla_dag.py
[2025-11-10T20:40:47.029+0000] {processor.py:830} INFO - Processing file /home/airflow/.local/lib/python3.8/site-packages/airflow/example_dags/example_sla_dag.py for tasks to queue
[2025-11-10T20:40:47.032+0000] {logging_mixin.py:188} INFO - [2025-11-10T20:40:47.031+0000] {dagbag.py:540} INFO - Filling up the DagBag from /home/airflow/.local/lib/python3.8/site-packages/airflow/example_dags/example_sla_dag.py
[2025-11-10T20:40:47.044+0000] {processor.py:840} INFO - DAG(s) 'example_sla_dag' retrieved from /home/airflow/.local/lib/python3.8/site-packages/airflow/example_dags/example_sla_dag.py
[2025-11-10T20:40:47.064+0000] {logging_mixin.py:188} INFO - [2025-11-10T20:40:47.064+0000] {dag.py:3047} INFO - Sync 1 DAGs
[2025-11-10T20:40:47.088+0000] {logging_mixin.py:188} INFO - [2025-11-10T20:40:47.088+0000] {dag.py:3834} INFO - Setting next_dagrun for example_sla_dag to 2025-11-10 20:38:00+00:00, run_after=2025-11-10 20:40:00+00:00
[2025-11-10T20:40:47.109+0000] {processor.py:183} INFO - Processing /home/airflow/.local/lib/python3.8/site-packages/airflow/example_dags/example_sla_dag.py took 0.084 seconds
[2025-11-10T20:41:17.424+0000] {processor.py:161} INFO - Started process (PID=647) to work on /home/airflow/.local/lib/python3.8/site-packages/airflow/example_dags/example_sla_dag.py
[2025-11-10T20:41:17.425+0000] {processor.py:830} INFO - Processing file /home/airflow/.local/lib/python3.8/site-packages/airflow/example_dags/example_sla_dag.py for tasks to queue
[2025-11-10T20:41:17.428+0000] {logging_mixin.py:188} INFO - [2025-11-10T20:41:17.427+0000] {dagbag.py:540} INFO - Filling up the DagBag from /home/airflow/.local/lib/python3.8/site-packages/airflow/example_dags/example_sla_dag.py
[2025-11-10T20:41:17.439+0000] {processor.py:840} INFO - DAG(s) 'example_sla_dag' retrieved from /home/airflow/.local/lib/python3.8/site-packages/airflow/example_dags/example_sla_dag.py
[2025-11-10T20:41:17.463+0000] {logging_mixin.py:188} INFO - [2025-11-10T20:41:17.463+0000] {dag.py:3047} INFO - Sync 1 DAGs
[2025-11-10T20:41:17.491+0000] {logging_mixin.py:188} INFO - [2025-11-10T20:41:17.491+0000] {dag.py:3834} INFO - Setting next_dagrun for example_sla_dag to 2025-11-10 20:38:00+00:00, run_after=2025-11-10 20:40:00+00:00
[2025-11-10T20:41:17.517+0000] {processor.py:183} INFO - Processing /home/airflow/.local/lib/python3.8/site-packages/airflow/example_dags/example_sla_dag.py took 0.097 seconds
[2025-11-10T20:41:48.099+0000] {processor.py:161} INFO - Started process (PID=702) to work on /home/airflow/.local/lib/python3.8/site-packages/airflow/example_dags/example_sla_dag.py
[2025-11-10T20:41:48.101+0000] {processor.py:830} INFO - Processing file /home/airflow/.local/lib/python3.8/site-packages/airflow/example_dags/example_sla_dag.py for tasks to queue
[2025-11-10T20:41:48.105+0000] {logging_mixin.py:188} INFO - [2025-11-10T20:41:48.104+0000] {dagbag.py:540} INFO - Filling up the DagBag from /home/airflow/.local/lib/python3.8/site-packages/airflow/example_dags/example_sla_dag.py
[2025-11-10T20:41:48.127+0000] {processor.py:840} INFO - DAG(s) 'example_sla_dag' retrieved from /home/airflow/.local/lib/python3.8/site-packages/airflow/example_dags/example_sla_dag.py
[2025-11-10T20:41:48.158+0000] {logging_mixin.py:188} INFO - [2025-11-10T20:41:48.157+0000] {dag.py:3047} INFO - Sync 1 DAGs
[2025-11-10T20:41:48.183+0000] {logging_mixin.py:188} INFO - [2025-11-10T20:41:48.182+0000] {dag.py:3834} INFO - Setting next_dagrun for example_sla_dag to 2025-11-10 20:38:00+00:00, run_after=2025-11-10 20:40:00+00:00
[2025-11-10T20:41:48.200+0000] {processor.py:183} INFO - Processing /home/airflow/.local/lib/python3.8/site-packages/airflow/example_dags/example_sla_dag.py took 0.105 seconds
[2025-11-10T20:42:18.902+0000] {processor.py:161} INFO - Started process (PID=757) to work on /home/airflow/.local/lib/python3.8/site-packages/airflow/example_dags/example_sla_dag.py
[2025-11-10T20:42:18.903+0000] {processor.py:830} INFO - Processing file /home/airflow/.local/lib/python3.8/site-packages/airflow/example_dags/example_sla_dag.py for tasks to queue
[2025-11-10T20:42:18.905+0000] {logging_mixin.py:188} INFO - [2025-11-10T20:42:18.905+0000] {dagbag.py:540} INFO - Filling up the DagBag from /home/airflow/.local/lib/python3.8/site-packages/airflow/example_dags/example_sla_dag.py
[2025-11-10T20:42:18.913+0000] {processor.py:840} INFO - DAG(s) 'example_sla_dag' retrieved from /home/airflow/.local/lib/python3.8/site-packages/airflow/example_dags/example_sla_dag.py
[2025-11-10T20:42:18.934+0000] {logging_mixin.py:188} INFO - [2025-11-10T20:42:18.933+0000] {dag.py:3047} INFO - Sync 1 DAGs
[2025-11-10T20:42:18.958+0000] {logging_mixin.py:188} INFO - [2025-11-10T20:42:18.958+0000] {dag.py:3834} INFO - Setting next_dagrun for example_sla_dag to 2025-11-10 20:40:00+00:00, run_after=2025-11-10 20:42:00+00:00
[2025-11-10T20:42:18.977+0000] {processor.py:183} INFO - Processing /home/airflow/.local/lib/python3.8/site-packages/airflow/example_dags/example_sla_dag.py took 0.079 seconds
[2025-11-10T20:42:49.310+0000] {processor.py:161} INFO - Started process (PID=812) to work on /home/airflow/.local/lib/python3.8/site-packages/airflow/example_dags/example_sla_dag.py
[2025-11-10T20:42:49.311+0000] {processor.py:830} INFO - Processing file /home/airflow/.local/lib/python3.8/site-packages/airflow/example_dags/example_sla_dag.py for tasks to queue
[2025-11-10T20:42:49.313+0000] {logging_mixin.py:188} INFO - [2025-11-10T20:42:49.313+0000] {dagbag.py:540} INFO - Filling up the DagBag from /home/airflow/.local/lib/python3.8/site-packages/airflow/example_dags/example_sla_dag.py
[2025-11-10T20:42:49.322+0000] {processor.py:840} INFO - DAG(s) 'example_sla_dag' retrieved from /home/airflow/.local/lib/python3.8/site-packages/airflow/example_dags/example_sla_dag.py
[2025-11-10T20:42:49.342+0000] {logging_mixin.py:188} INFO - [2025-11-10T20:42:49.341+0000] {dag.py:3047} INFO - Sync 1 DAGs
[2025-11-10T20:42:49.365+0000] {logging_mixin.py:188} INFO - [2025-11-10T20:42:49.364+0000] {dag.py:3834} INFO - Setting next_dagrun for example_sla_dag to 2025-11-10 20:40:00+00:00, run_after=2025-11-10 20:42:00+00:00
[2025-11-10T20:42:49.381+0000] {processor.py:183} INFO - Processing /home/airflow/.local/lib/python3.8/site-packages/airflow/example_dags/example_sla_dag.py took 0.074 seconds
[2025-11-10T20:43:19.616+0000] {processor.py:161} INFO - Started process (PID=867) to work on /home/airflow/.local/lib/python3.8/site-packages/airflow/example_dags/example_sla_dag.py
[2025-11-10T20:43:19.617+0000] {processor.py:830} INFO - Processing file /home/airflow/.local/lib/python3.8/site-packages/airflow/example_dags/example_sla_dag.py for tasks to queue
[2025-11-10T20:43:19.619+0000] {logging_mixin.py:188} INFO - [2025-11-10T20:43:19.619+0000] {dagbag.py:540} INFO - Filling up the DagBag from /home/airflow/.local/lib/python3.8/site-packages/airflow/example_dags/example_sla_dag.py
[2025-11-10T20:43:19.628+0000] {processor.py:840} INFO - DAG(s) 'example_sla_dag' retrieved from /home/airflow/.local/lib/python3.8/site-packages/airflow/example_dags/example_sla_dag.py
[2025-11-10T20:43:19.646+0000] {logging_mixin.py:188} INFO - [2025-11-10T20:43:19.646+0000] {dag.py:3047} INFO - Sync 1 DAGs
[2025-11-10T20:43:19.671+0000] {logging_mixin.py:188} INFO - [2025-11-10T20:43:19.671+0000] {dag.py:3834} INFO - Setting next_dagrun for example_sla_dag to 2025-11-10 20:40:00+00:00, run_after=2025-11-10 20:42:00+00:00
[2025-11-10T20:43:19.688+0000] {processor.py:183} INFO - Processing /home/airflow/.local/lib/python3.8/site-packages/airflow/example_dags/example_sla_dag.py took 0.076 seconds
[2025-11-10T20:43:50.080+0000] {processor.py:161} INFO - Started process (PID=921) to work on /home/airflow/.local/lib/python3.8/site-packages/airflow/example_dags/example_sla_dag.py
[2025-11-10T20:43:50.082+0000] {processor.py:830} INFO - Processing file /home/airflow/.local/lib/python3.8/site-packages/airflow/example_dags/example_sla_dag.py for tasks to queue
[2025-11-10T20:43:50.084+0000] {logging_mixin.py:188} INFO - [2025-11-10T20:43:50.084+0000] {dagbag.py:540} INFO - Filling up the DagBag from /home/airflow/.local/lib/python3.8/site-packages/airflow/example_dags/example_sla_dag.py
[2025-11-10T20:43:50.094+0000] {processor.py:840} INFO - DAG(s) 'example_sla_dag' retrieved from /home/airflow/.local/lib/python3.8/site-packages/airflow/example_dags/example_sla_dag.py
[2025-11-10T20:43:50.119+0000] {logging_mixin.py:188} INFO - [2025-11-10T20:43:50.118+0000] {dag.py:3047} INFO - Sync 1 DAGs
[2025-11-10T20:43:50.184+0000] {logging_mixin.py:188} INFO - [2025-11-10T20:43:50.184+0000] {dag.py:3834} INFO - Setting next_dagrun for example_sla_dag to 2025-11-10 20:40:00+00:00, run_after=2025-11-10 20:42:00+00:00
[2025-11-10T20:43:50.212+0000] {processor.py:183} INFO - Processing /home/airflow/.local/lib/python3.8/site-packages/airflow/example_dags/example_sla_dag.py took 0.137 seconds
[2025-11-10T20:44:20.925+0000] {processor.py:161} INFO - Started process (PID=976) to work on /home/airflow/.local/lib/python3.8/site-packages/airflow/example_dags/example_sla_dag.py
[2025-11-10T20:44:20.928+0000] {processor.py:830} INFO - Processing file /home/airflow/.local/lib/python3.8/site-packages/airflow/example_dags/example_sla_dag.py for tasks to queue
[2025-11-10T20:44:20.937+0000] {logging_mixin.py:188} INFO - [2025-11-10T20:44:20.936+0000] {dagbag.py:540} INFO - Filling up the DagBag from /home/airflow/.local/lib/python3.8/site-packages/airflow/example_dags/example_sla_dag.py
[2025-11-10T20:44:20.946+0000] {processor.py:840} INFO - DAG(s) 'example_sla_dag' retrieved from /home/airflow/.local/lib/python3.8/site-packages/airflow/example_dags/example_sla_dag.py
[2025-11-10T20:44:20.964+0000] {logging_mixin.py:188} INFO - [2025-11-10T20:44:20.963+0000] {dag.py:3047} INFO - Sync 1 DAGs
[2025-11-10T20:44:20.986+0000] {logging_mixin.py:188} INFO - [2025-11-10T20:44:20.986+0000] {dag.py:3834} INFO - Setting next_dagrun for example_sla_dag to 2025-11-10 20:42:00+00:00, run_after=2025-11-10 20:44:00+00:00
[2025-11-10T20:44:21.003+0000] {processor.py:183} INFO - Processing /home/airflow/.local/lib/python3.8/site-packages/airflow/example_dags/example_sla_dag.py took 0.081 seconds
[2025-11-10T20:44:51.481+0000] {processor.py:161} INFO - Started process (PID=1031) to work on /home/airflow/.local/lib/python3.8/site-packages/airflow/example_dags/example_sla_dag.py
[2025-11-10T20:44:51.484+0000] {processor.py:830} INFO - Processing file /home/airflow/.local/lib/python3.8/site-packages/airflow/example_dags/example_sla_dag.py for tasks to queue
[2025-11-10T20:44:51.488+0000] {logging_mixin.py:188} INFO - [2025-11-10T20:44:51.487+0000] {dagbag.py:540} INFO - Filling up the DagBag from /home/airflow/.local/lib/python3.8/site-packages/airflow/example_dags/example_sla_dag.py
[2025-11-10T20:44:51.507+0000] {processor.py:840} INFO - DAG(s) 'example_sla_dag' retrieved from /home/airflow/.local/lib/python3.8/site-packages/airflow/example_dags/example_sla_dag.py
[2025-11-10T20:44:51.548+0000] {logging_mixin.py:188} INFO - [2025-11-10T20:44:51.547+0000] {dag.py:3047} INFO - Sync 1 DAGs
[2025-11-10T20:44:51.587+0000] {logging_mixin.py:188} INFO - [2025-11-10T20:44:51.586+0000] {dag.py:3834} INFO - Setting next_dagrun for example_sla_dag to 2025-11-10 20:42:00+00:00, run_after=2025-11-10 20:44:00+00:00
[2025-11-10T20:44:51.613+0000] {processor.py:183} INFO - Processing /home/airflow/.local/lib/python3.8/site-packages/airflow/example_dags/example_sla_dag.py took 0.138 seconds
[2025-11-10T20:45:21.900+0000] {processor.py:161} INFO - Started process (PID=1086) to work on /home/airflow/.local/lib/python3.8/site-packages/airflow/example_dags/example_sla_dag.py
[2025-11-10T20:45:21.901+0000] {processor.py:830} INFO - Processing file /home/airflow/.local/lib/python3.8/site-packages/airflow/example_dags/example_sla_dag.py for tasks to queue
[2025-11-10T20:45:21.903+0000] {logging_mixin.py:188} INFO - [2025-11-10T20:45:21.903+0000] {dagbag.py:540} INFO - Filling up the DagBag from /home/airflow/.local/lib/python3.8/site-packages/airflow/example_dags/example_sla_dag.py
[2025-11-10T20:45:21.913+0000] {processor.py:840} INFO - DAG(s) 'example_sla_dag' retrieved from /home/airflow/.local/lib/python3.8/site-packages/airflow/example_dags/example_sla_dag.py
[2025-11-10T20:45:21.936+0000] {logging_mixin.py:188} INFO - [2025-11-10T20:45:21.936+0000] {dag.py:3047} INFO - Sync 1 DAGs
[2025-11-10T20:45:21.971+0000] {logging_mixin.py:188} INFO - [2025-11-10T20:45:21.970+0000] {dag.py:3834} INFO - Setting next_dagrun for example_sla_dag to 2025-11-10 20:42:00+00:00, run_after=2025-11-10 20:44:00+00:00
[2025-11-10T20:45:22.012+0000] {processor.py:183} INFO - Processing /home/airflow/.local/lib/python3.8/site-packages/airflow/example_dags/example_sla_dag.py took 0.116 seconds
[2025-11-10T20:45:52.448+0000] {processor.py:161} INFO - Started process (PID=1141) to work on /home/airflow/.local/lib/python3.8/site-packages/airflow/example_dags/example_sla_dag.py
[2025-11-10T20:45:52.450+0000] {processor.py:830} INFO - Processing file /home/airflow/.local/lib/python3.8/site-packages/airflow/example_dags/example_sla_dag.py for tasks to queue
[2025-11-10T20:45:52.452+0000] {logging_mixin.py:188} INFO - [2025-11-10T20:45:52.452+0000] {dagbag.py:540} INFO - Filling up the DagBag from /home/airflow/.local/lib/python3.8/site-packages/airflow/example_dags/example_sla_dag.py
[2025-11-10T20:45:52.461+0000] {processor.py:840} INFO - DAG(s) 'example_sla_dag' retrieved from /home/airflow/.local/lib/python3.8/site-packages/airflow/example_dags/example_sla_dag.py
[2025-11-10T20:45:52.484+0000] {logging_mixin.py:188} INFO - [2025-11-10T20:45:52.483+0000] {dag.py:3047} INFO - Sync 1 DAGs
[2025-11-10T20:45:52.510+0000] {logging_mixin.py:188} INFO - [2025-11-10T20:45:52.509+0000] {dag.py:3834} INFO - Setting next_dagrun for example_sla_dag to 2025-11-10 20:42:00+00:00, run_after=2025-11-10 20:44:00+00:00
[2025-11-10T20:45:52.535+0000] {processor.py:183} INFO - Processing /home/airflow/.local/lib/python3.8/site-packages/airflow/example_dags/example_sla_dag.py took 0.090 seconds
[2025-11-10T20:46:22.598+0000] {processor.py:161} INFO - Started process (PID=1196) to work on /home/airflow/.local/lib/python3.8/site-packages/airflow/example_dags/example_sla_dag.py
[2025-11-10T20:46:22.599+0000] {processor.py:830} INFO - Processing file /home/airflow/.local/lib/python3.8/site-packages/airflow/example_dags/example_sla_dag.py for tasks to queue
[2025-11-10T20:46:22.602+0000] {logging_mixin.py:188} INFO - [2025-11-10T20:46:22.601+0000] {dagbag.py:540} INFO - Filling up the DagBag from /home/airflow/.local/lib/python3.8/site-packages/airflow/example_dags/example_sla_dag.py
[2025-11-10T20:46:22.615+0000] {processor.py:840} INFO - DAG(s) 'example_sla_dag' retrieved from /home/airflow/.local/lib/python3.8/site-packages/airflow/example_dags/example_sla_dag.py
[2025-11-10T20:46:22.647+0000] {logging_mixin.py:188} INFO - [2025-11-10T20:46:22.647+0000] {dag.py:3047} INFO - Sync 1 DAGs
[2025-11-10T20:46:22.674+0000] {logging_mixin.py:188} INFO - [2025-11-10T20:46:22.674+0000] {dag.py:3834} INFO - Setting next_dagrun for example_sla_dag to 2025-11-10 20:44:00+00:00, run_after=2025-11-10 20:46:00+00:00
[2025-11-10T20:46:22.694+0000] {processor.py:183} INFO - Processing /home/airflow/.local/lib/python3.8/site-packages/airflow/example_dags/example_sla_dag.py took 0.101 seconds
[2025-11-10T20:46:52.887+0000] {processor.py:161} INFO - Started process (PID=1252) to work on /home/airflow/.local/lib/python3.8/site-packages/airflow/example_dags/example_sla_dag.py
[2025-11-10T20:46:52.890+0000] {processor.py:830} INFO - Processing file /home/airflow/.local/lib/python3.8/site-packages/airflow/example_dags/example_sla_dag.py for tasks to queue
[2025-11-10T20:46:52.894+0000] {logging_mixin.py:188} INFO - [2025-11-10T20:46:52.894+0000] {dagbag.py:540} INFO - Filling up the DagBag from /home/airflow/.local/lib/python3.8/site-packages/airflow/example_dags/example_sla_dag.py
[2025-11-10T20:46:52.912+0000] {processor.py:840} INFO - DAG(s) 'example_sla_dag' retrieved from /home/airflow/.local/lib/python3.8/site-packages/airflow/example_dags/example_sla_dag.py
[2025-11-10T20:46:52.932+0000] {logging_mixin.py:188} INFO - [2025-11-10T20:46:52.932+0000] {dag.py:3047} INFO - Sync 1 DAGs
[2025-11-10T20:46:52.956+0000] {logging_mixin.py:188} INFO - [2025-11-10T20:46:52.955+0000] {dag.py:3834} INFO - Setting next_dagrun for example_sla_dag to 2025-11-10 20:44:00+00:00, run_after=2025-11-10 20:46:00+00:00
[2025-11-10T20:46:52.974+0000] {processor.py:183} INFO - Processing /home/airflow/.local/lib/python3.8/site-packages/airflow/example_dags/example_sla_dag.py took 0.092 seconds
[2025-11-10T20:47:23.187+0000] {processor.py:161} INFO - Started process (PID=1307) to work on /home/airflow/.local/lib/python3.8/site-packages/airflow/example_dags/example_sla_dag.py
[2025-11-10T20:47:23.190+0000] {processor.py:830} INFO - Processing file /home/airflow/.local/lib/python3.8/site-packages/airflow/example_dags/example_sla_dag.py for tasks to queue
[2025-11-10T20:47:23.194+0000] {logging_mixin.py:188} INFO - [2025-11-10T20:47:23.194+0000] {dagbag.py:540} INFO - Filling up the DagBag from /home/airflow/.local/lib/python3.8/site-packages/airflow/example_dags/example_sla_dag.py
[2025-11-10T20:47:23.214+0000] {processor.py:840} INFO - DAG(s) 'example_sla_dag' retrieved from /home/airflow/.local/lib/python3.8/site-packages/airflow/example_dags/example_sla_dag.py
[2025-11-10T20:47:23.239+0000] {logging_mixin.py:188} INFO - [2025-11-10T20:47:23.239+0000] {dag.py:3047} INFO - Sync 1 DAGs
[2025-11-10T20:47:23.270+0000] {logging_mixin.py:188} INFO - [2025-11-10T20:47:23.270+0000] {dag.py:3834} INFO - Setting next_dagrun for example_sla_dag to 2025-11-10 20:44:00+00:00, run_after=2025-11-10 20:46:00+00:00
[2025-11-10T20:47:23.290+0000] {processor.py:183} INFO - Processing /home/airflow/.local/lib/python3.8/site-packages/airflow/example_dags/example_sla_dag.py took 0.107 seconds
[2025-11-10T20:47:53.536+0000] {processor.py:161} INFO - Started process (PID=1362) to work on /home/airflow/.local/lib/python3.8/site-packages/airflow/example_dags/example_sla_dag.py
[2025-11-10T20:47:53.538+0000] {processor.py:830} INFO - Processing file /home/airflow/.local/lib/python3.8/site-packages/airflow/example_dags/example_sla_dag.py for tasks to queue
[2025-11-10T20:47:53.540+0000] {logging_mixin.py:188} INFO - [2025-11-10T20:47:53.539+0000] {dagbag.py:540} INFO - Filling up the DagBag from /home/airflow/.local/lib/python3.8/site-packages/airflow/example_dags/example_sla_dag.py
[2025-11-10T20:47:53.549+0000] {processor.py:840} INFO - DAG(s) 'example_sla_dag' retrieved from /home/airflow/.local/lib/python3.8/site-packages/airflow/example_dags/example_sla_dag.py
[2025-11-10T20:47:53.567+0000] {logging_mixin.py:188} INFO - [2025-11-10T20:47:53.567+0000] {dag.py:3047} INFO - Sync 1 DAGs
[2025-11-10T20:47:53.589+0000] {logging_mixin.py:188} INFO - [2025-11-10T20:47:53.589+0000] {dag.py:3834} INFO - Setting next_dagrun for example_sla_dag to 2025-11-10 20:44:00+00:00, run_after=2025-11-10 20:46:00+00:00
[2025-11-10T20:47:53.606+0000] {processor.py:183} INFO - Processing /home/airflow/.local/lib/python3.8/site-packages/airflow/example_dags/example_sla_dag.py took 0.073 seconds
[2025-11-10T20:48:23.939+0000] {processor.py:161} INFO - Started process (PID=1417) to work on /home/airflow/.local/lib/python3.8/site-packages/airflow/example_dags/example_sla_dag.py
[2025-11-10T20:48:23.941+0000] {processor.py:830} INFO - Processing file /home/airflow/.local/lib/python3.8/site-packages/airflow/example_dags/example_sla_dag.py for tasks to queue
[2025-11-10T20:48:23.943+0000] {logging_mixin.py:188} INFO - [2025-11-10T20:48:23.943+0000] {dagbag.py:540} INFO - Filling up the DagBag from /home/airflow/.local/lib/python3.8/site-packages/airflow/example_dags/example_sla_dag.py
[2025-11-10T20:48:23.952+0000] {processor.py:840} INFO - DAG(s) 'example_sla_dag' retrieved from /home/airflow/.local/lib/python3.8/site-packages/airflow/example_dags/example_sla_dag.py
[2025-11-10T20:48:23.971+0000] {logging_mixin.py:188} INFO - [2025-11-10T20:48:23.970+0000] {dag.py:3047} INFO - Sync 1 DAGs
[2025-11-10T20:48:23.993+0000] {logging_mixin.py:188} INFO - [2025-11-10T20:48:23.993+0000] {dag.py:3834} INFO - Setting next_dagrun for example_sla_dag to 2025-11-10 20:46:00+00:00, run_after=2025-11-10 20:48:00+00:00
[2025-11-10T20:48:24.014+0000] {processor.py:183} INFO - Processing /home/airflow/.local/lib/python3.8/site-packages/airflow/example_dags/example_sla_dag.py took 0.078 seconds
[2025-11-10T20:48:54.185+0000] {processor.py:161} INFO - Started process (PID=1472) to work on /home/airflow/.local/lib/python3.8/site-packages/airflow/example_dags/example_sla_dag.py
[2025-11-10T20:48:54.187+0000] {processor.py:830} INFO - Processing file /home/airflow/.local/lib/python3.8/site-packages/airflow/example_dags/example_sla_dag.py for tasks to queue
[2025-11-10T20:48:54.189+0000] {logging_mixin.py:188} INFO - [2025-11-10T20:48:54.188+0000] {dagbag.py:540} INFO - Filling up the DagBag from /home/airflow/.local/lib/python3.8/site-packages/airflow/example_dags/example_sla_dag.py
[2025-11-10T20:48:54.197+0000] {processor.py:840} INFO - DAG(s) 'example_sla_dag' retrieved from /home/airflow/.local/lib/python3.8/site-packages/airflow/example_dags/example_sla_dag.py
[2025-11-10T20:48:54.214+0000] {logging_mixin.py:188} INFO - [2025-11-10T20:48:54.214+0000] {dag.py:3047} INFO - Sync 1 DAGs
[2025-11-10T20:48:54.237+0000] {logging_mixin.py:188} INFO - [2025-11-10T20:48:54.237+0000] {dag.py:3834} INFO - Setting next_dagrun for example_sla_dag to 2025-11-10 20:46:00+00:00, run_after=2025-11-10 20:48:00+00:00
[2025-11-10T20:48:54.253+0000] {processor.py:183} INFO - Processing /home/airflow/.local/lib/python3.8/site-packages/airflow/example_dags/example_sla_dag.py took 0.071 seconds
[2025-11-10T20:49:24.556+0000] {processor.py:161} INFO - Started process (PID=1528) to work on /home/airflow/.local/lib/python3.8/site-packages/airflow/example_dags/example_sla_dag.py
[2025-11-10T20:49:24.557+0000] {processor.py:830} INFO - Processing file /home/airflow/.local/lib/python3.8/site-packages/airflow/example_dags/example_sla_dag.py for tasks to queue
[2025-11-10T20:49:24.560+0000] {logging_mixin.py:188} INFO - [2025-11-10T20:49:24.560+0000] {dagbag.py:540} INFO - Filling up the DagBag from /home/airflow/.local/lib/python3.8/site-packages/airflow/example_dags/example_sla_dag.py
[2025-11-10T20:49:24.574+0000] {processor.py:840} INFO - DAG(s) 'example_sla_dag' retrieved from /home/airflow/.local/lib/python3.8/site-packages/airflow/example_dags/example_sla_dag.py
[2025-11-10T20:49:24.605+0000] {logging_mixin.py:188} INFO - [2025-11-10T20:49:24.605+0000] {dag.py:3047} INFO - Sync 1 DAGs
[2025-11-10T20:49:24.637+0000] {logging_mixin.py:188} INFO - [2025-11-10T20:49:24.637+0000] {dag.py:3834} INFO - Setting next_dagrun for example_sla_dag to 2025-11-10 20:46:00+00:00, run_after=2025-11-10 20:48:00+00:00
[2025-11-10T20:49:24.656+0000] {processor.py:183} INFO - Processing /home/airflow/.local/lib/python3.8/site-packages/airflow/example_dags/example_sla_dag.py took 0.105 seconds
[2025-11-10T20:49:55.753+0000] {processor.py:161} INFO - Started process (PID=1583) to work on /home/airflow/.local/lib/python3.8/site-packages/airflow/example_dags/example_sla_dag.py
[2025-11-10T20:49:55.756+0000] {processor.py:830} INFO - Processing file /home/airflow/.local/lib/python3.8/site-packages/airflow/example_dags/example_sla_dag.py for tasks to queue
[2025-11-10T20:49:55.759+0000] {logging_mixin.py:188} INFO - [2025-11-10T20:49:55.758+0000] {dagbag.py:540} INFO - Filling up the DagBag from /home/airflow/.local/lib/python3.8/site-packages/airflow/example_dags/example_sla_dag.py
[2025-11-10T20:49:55.773+0000] {processor.py:840} INFO - DAG(s) 'example_sla_dag' retrieved from /home/airflow/.local/lib/python3.8/site-packages/airflow/example_dags/example_sla_dag.py
[2025-11-10T20:49:55.807+0000] {logging_mixin.py:188} INFO - [2025-11-10T20:49:55.807+0000] {dag.py:3047} INFO - Sync 1 DAGs
[2025-11-10T20:49:55.835+0000] {logging_mixin.py:188} INFO - [2025-11-10T20:49:55.835+0000] {dag.py:3834} INFO - Setting next_dagrun for example_sla_dag to 2025-11-10 20:46:00+00:00, run_after=2025-11-10 20:48:00+00:00
[2025-11-10T20:49:55.853+0000] {processor.py:183} INFO - Processing /home/airflow/.local/lib/python3.8/site-packages/airflow/example_dags/example_sla_dag.py took 0.107 seconds
[2025-11-10T20:50:26.643+0000] {processor.py:161} INFO - Started process (PID=1638) to work on /home/airflow/.local/lib/python3.8/site-packages/airflow/example_dags/example_sla_dag.py
[2025-11-10T20:50:26.653+0000] {processor.py:830} INFO - Processing file /home/airflow/.local/lib/python3.8/site-packages/airflow/example_dags/example_sla_dag.py for tasks to queue
[2025-11-10T20:50:26.660+0000] {logging_mixin.py:188} INFO - [2025-11-10T20:50:26.660+0000] {dagbag.py:540} INFO - Filling up the DagBag from /home/airflow/.local/lib/python3.8/site-packages/airflow/example_dags/example_sla_dag.py
[2025-11-10T20:50:26.699+0000] {processor.py:840} INFO - DAG(s) 'example_sla_dag' retrieved from /home/airflow/.local/lib/python3.8/site-packages/airflow/example_dags/example_sla_dag.py
[2025-11-10T20:50:26.743+0000] {logging_mixin.py:188} INFO - [2025-11-10T20:50:26.742+0000] {dag.py:3047} INFO - Sync 1 DAGs
[2025-11-10T20:50:26.766+0000] {logging_mixin.py:188} INFO - [2025-11-10T20:50:26.766+0000] {dag.py:3834} INFO - Setting next_dagrun for example_sla_dag to 2025-11-10 20:48:00+00:00, run_after=2025-11-10 20:50:00+00:00
[2025-11-10T20:50:26.783+0000] {processor.py:183} INFO - Processing /home/airflow/.local/lib/python3.8/site-packages/airflow/example_dags/example_sla_dag.py took 0.146 seconds
[2025-11-10T20:50:57.510+0000] {processor.py:161} INFO - Started process (PID=1693) to work on /home/airflow/.local/lib/python3.8/site-packages/airflow/example_dags/example_sla_dag.py
[2025-11-10T20:50:57.514+0000] {processor.py:830} INFO - Processing file /home/airflow/.local/lib/python3.8/site-packages/airflow/example_dags/example_sla_dag.py for tasks to queue
[2025-11-10T20:50:57.520+0000] {logging_mixin.py:188} INFO - [2025-11-10T20:50:57.520+0000] {dagbag.py:540} INFO - Filling up the DagBag from /home/airflow/.local/lib/python3.8/site-packages/airflow/example_dags/example_sla_dag.py
[2025-11-10T20:50:57.544+0000] {processor.py:840} INFO - DAG(s) 'example_sla_dag' retrieved from /home/airflow/.local/lib/python3.8/site-packages/airflow/example_dags/example_sla_dag.py
[2025-11-10T20:50:57.574+0000] {logging_mixin.py:188} INFO - [2025-11-10T20:50:57.574+0000] {dag.py:3047} INFO - Sync 1 DAGs
[2025-11-10T20:50:57.598+0000] {logging_mixin.py:188} INFO - [2025-11-10T20:50:57.598+0000] {dag.py:3834} INFO - Setting next_dagrun for example_sla_dag to 2025-11-10 20:48:00+00:00, run_after=2025-11-10 20:50:00+00:00
[2025-11-10T20:50:57.621+0000] {processor.py:183} INFO - Processing /home/airflow/.local/lib/python3.8/site-packages/airflow/example_dags/example_sla_dag.py took 0.122 seconds
[2025-11-10T20:51:27.740+0000] {processor.py:161} INFO - Started process (PID=1748) to work on /home/airflow/.local/lib/python3.8/site-packages/airflow/example_dags/example_sla_dag.py
[2025-11-10T20:51:27.741+0000] {processor.py:830} INFO - Processing file /home/airflow/.local/lib/python3.8/site-packages/airflow/example_dags/example_sla_dag.py for tasks to queue
[2025-11-10T20:51:27.743+0000] {logging_mixin.py:188} INFO - [2025-11-10T20:51:27.743+0000] {dagbag.py:540} INFO - Filling up the DagBag from /home/airflow/.local/lib/python3.8/site-packages/airflow/example_dags/example_sla_dag.py
[2025-11-10T20:51:27.751+0000] {processor.py:840} INFO - DAG(s) 'example_sla_dag' retrieved from /home/airflow/.local/lib/python3.8/site-packages/airflow/example_dags/example_sla_dag.py
[2025-11-10T20:51:27.773+0000] {logging_mixin.py:188} INFO - [2025-11-10T20:51:27.772+0000] {dag.py:3047} INFO - Sync 1 DAGs
[2025-11-10T20:51:27.798+0000] {logging_mixin.py:188} INFO - [2025-11-10T20:51:27.798+0000] {dag.py:3834} INFO - Setting next_dagrun for example_sla_dag to 2025-11-10 20:48:00+00:00, run_after=2025-11-10 20:50:00+00:00
[2025-11-10T20:51:27.817+0000] {processor.py:183} INFO - Processing /home/airflow/.local/lib/python3.8/site-packages/airflow/example_dags/example_sla_dag.py took 0.080 seconds
[2025-11-10T20:51:58.029+0000] {processor.py:161} INFO - Started process (PID=1803) to work on /home/airflow/.local/lib/python3.8/site-packages/airflow/example_dags/example_sla_dag.py
[2025-11-10T20:51:58.031+0000] {processor.py:830} INFO - Processing file /home/airflow/.local/lib/python3.8/site-packages/airflow/example_dags/example_sla_dag.py for tasks to queue
[2025-11-10T20:51:58.033+0000] {logging_mixin.py:188} INFO - [2025-11-10T20:51:58.033+0000] {dagbag.py:540} INFO - Filling up the DagBag from /home/airflow/.local/lib/python3.8/site-packages/airflow/example_dags/example_sla_dag.py
[2025-11-10T20:51:58.042+0000] {processor.py:840} INFO - DAG(s) 'example_sla_dag' retrieved from /home/airflow/.local/lib/python3.8/site-packages/airflow/example_dags/example_sla_dag.py
[2025-11-10T20:51:58.061+0000] {logging_mixin.py:188} INFO - [2025-11-10T20:51:58.061+0000] {dag.py:3047} INFO - Sync 1 DAGs
[2025-11-10T20:51:58.085+0000] {logging_mixin.py:188} INFO - [2025-11-10T20:51:58.085+0000] {dag.py:3834} INFO - Setting next_dagrun for example_sla_dag to 2025-11-10 20:48:00+00:00, run_after=2025-11-10 20:50:00+00:00
[2025-11-10T20:51:58.102+0000] {processor.py:183} INFO - Processing /home/airflow/.local/lib/python3.8/site-packages/airflow/example_dags/example_sla_dag.py took 0.078 seconds
[2025-11-10T20:52:28.270+0000] {processor.py:161} INFO - Started process (PID=1858) to work on /home/airflow/.local/lib/python3.8/site-packages/airflow/example_dags/example_sla_dag.py
[2025-11-10T20:52:28.272+0000] {processor.py:830} INFO - Processing file /home/airflow/.local/lib/python3.8/site-packages/airflow/example_dags/example_sla_dag.py for tasks to queue
[2025-11-10T20:52:28.274+0000] {logging_mixin.py:188} INFO - [2025-11-10T20:52:28.274+0000] {dagbag.py:540} INFO - Filling up the DagBag from /home/airflow/.local/lib/python3.8/site-packages/airflow/example_dags/example_sla_dag.py
[2025-11-10T20:52:28.283+0000] {processor.py:840} INFO - DAG(s) 'example_sla_dag' retrieved from /home/airflow/.local/lib/python3.8/site-packages/airflow/example_dags/example_sla_dag.py
[2025-11-10T20:52:28.301+0000] {logging_mixin.py:188} INFO - [2025-11-10T20:52:28.301+0000] {dag.py:3047} INFO - Sync 1 DAGs
[2025-11-10T20:52:28.323+0000] {logging_mixin.py:188} INFO - [2025-11-10T20:52:28.323+0000] {dag.py:3834} INFO - Setting next_dagrun for example_sla_dag to 2025-11-10 20:50:00+00:00, run_after=2025-11-10 20:52:00+00:00
[2025-11-10T20:52:28.343+0000] {processor.py:183} INFO - Processing /home/airflow/.local/lib/python3.8/site-packages/airflow/example_dags/example_sla_dag.py took 0.077 seconds
[2025-11-10T20:52:58.614+0000] {processor.py:161} INFO - Started process (PID=1913) to work on /home/airflow/.local/lib/python3.8/site-packages/airflow/example_dags/example_sla_dag.py
[2025-11-10T20:52:58.615+0000] {processor.py:830} INFO - Processing file /home/airflow/.local/lib/python3.8/site-packages/airflow/example_dags/example_sla_dag.py for tasks to queue
[2025-11-10T20:52:58.617+0000] {logging_mixin.py:188} INFO - [2025-11-10T20:52:58.617+0000] {dagbag.py:540} INFO - Filling up the DagBag from /home/airflow/.local/lib/python3.8/site-packages/airflow/example_dags/example_sla_dag.py
[2025-11-10T20:52:58.626+0000] {processor.py:840} INFO - DAG(s) 'example_sla_dag' retrieved from /home/airflow/.local/lib/python3.8/site-packages/airflow/example_dags/example_sla_dag.py
[2025-11-10T20:52:58.644+0000] {logging_mixin.py:188} INFO - [2025-11-10T20:52:58.644+0000] {dag.py:3047} INFO - Sync 1 DAGs
[2025-11-10T20:52:58.670+0000] {logging_mixin.py:188} INFO - [2025-11-10T20:52:58.670+0000] {dag.py:3834} INFO - Setting next_dagrun for example_sla_dag to 2025-11-10 20:50:00+00:00, run_after=2025-11-10 20:52:00+00:00
[2025-11-10T20:52:58.688+0000] {processor.py:183} INFO - Processing /home/airflow/.local/lib/python3.8/site-packages/airflow/example_dags/example_sla_dag.py took 0.078 seconds
[2025-11-10T20:53:29.174+0000] {processor.py:161} INFO - Started process (PID=1968) to work on /home/airflow/.local/lib/python3.8/site-packages/airflow/example_dags/example_sla_dag.py
[2025-11-10T20:53:29.176+0000] {processor.py:830} INFO - Processing file /home/airflow/.local/lib/python3.8/site-packages/airflow/example_dags/example_sla_dag.py for tasks to queue
[2025-11-10T20:53:29.181+0000] {logging_mixin.py:188} INFO - [2025-11-10T20:53:29.180+0000] {dagbag.py:540} INFO - Filling up the DagBag from /home/airflow/.local/lib/python3.8/site-packages/airflow/example_dags/example_sla_dag.py
[2025-11-10T20:53:29.192+0000] {processor.py:840} INFO - DAG(s) 'example_sla_dag' retrieved from /home/airflow/.local/lib/python3.8/site-packages/airflow/example_dags/example_sla_dag.py
[2025-11-10T20:53:29.222+0000] {logging_mixin.py:188} INFO - [2025-11-10T20:53:29.222+0000] {dag.py:3047} INFO - Sync 1 DAGs
[2025-11-10T20:53:29.251+0000] {logging_mixin.py:188} INFO - [2025-11-10T20:53:29.250+0000] {dag.py:3834} INFO - Setting next_dagrun for example_sla_dag to 2025-11-10 20:50:00+00:00, run_after=2025-11-10 20:52:00+00:00
[2025-11-10T20:53:29.277+0000] {processor.py:183} INFO - Processing /home/airflow/.local/lib/python3.8/site-packages/airflow/example_dags/example_sla_dag.py took 0.107 seconds
