[2025-11-10T20:36:12.346+0000] {processor.py:161} INFO - Started process (PID=96) to work on /home/airflow/.local/lib/python3.8/site-packages/airflow/example_dags/example_short_circuit_operator.py
[2025-11-10T20:36:12.348+0000] {processor.py:830} INFO - Processing file /home/airflow/.local/lib/python3.8/site-packages/airflow/example_dags/example_short_circuit_operator.py for tasks to queue
[2025-11-10T20:36:12.351+0000] {logging_mixin.py:188} INFO - [2025-11-10T20:36:12.350+0000] {dagbag.py:540} INFO - Filling up the DagBag from /home/airflow/.local/lib/python3.8/site-packages/airflow/example_dags/example_short_circuit_operator.py
[2025-11-10T20:36:12.360+0000] {processor.py:840} INFO - DAG(s) 'example_short_circuit_operator' retrieved from /home/airflow/.local/lib/python3.8/site-packages/airflow/example_dags/example_short_circuit_operator.py
[2025-11-10T20:36:12.465+0000] {logging_mixin.py:188} INFO - [2025-11-10T20:36:12.464+0000] {override.py:1769} INFO - Created Permission View: can read on DAG:example_short_circuit_operator
[2025-11-10T20:36:12.476+0000] {logging_mixin.py:188} INFO - [2025-11-10T20:36:12.476+0000] {override.py:1769} INFO - Created Permission View: can edit on DAG:example_short_circuit_operator
[2025-11-10T20:36:12.485+0000] {logging_mixin.py:188} INFO - [2025-11-10T20:36:12.485+0000] {override.py:1769} INFO - Created Permission View: can delete on DAG:example_short_circuit_operator
[2025-11-10T20:36:12.486+0000] {logging_mixin.py:188} INFO - [2025-11-10T20:36:12.486+0000] {dag.py:3047} INFO - Sync 1 DAGs
[2025-11-10T20:36:12.497+0000] {logging_mixin.py:188} INFO - [2025-11-10T20:36:12.497+0000] {dag.py:3069} INFO - Creating ORM DAG for example_short_circuit_operator
[2025-11-10T20:36:12.508+0000] {logging_mixin.py:188} INFO - [2025-11-10T20:36:12.508+0000] {dag.py:3834} INFO - Setting next_dagrun for example_short_circuit_operator to 2025-11-09 00:00:00+00:00, run_after=2025-11-10 00:00:00+00:00
[2025-11-10T20:36:12.526+0000] {processor.py:183} INFO - Processing /home/airflow/.local/lib/python3.8/site-packages/airflow/example_dags/example_short_circuit_operator.py took 0.185 seconds
[2025-11-10T20:36:42.738+0000] {processor.py:161} INFO - Started process (PID=151) to work on /home/airflow/.local/lib/python3.8/site-packages/airflow/example_dags/example_short_circuit_operator.py
[2025-11-10T20:36:42.740+0000] {processor.py:830} INFO - Processing file /home/airflow/.local/lib/python3.8/site-packages/airflow/example_dags/example_short_circuit_operator.py for tasks to queue
[2025-11-10T20:36:42.743+0000] {logging_mixin.py:188} INFO - [2025-11-10T20:36:42.743+0000] {dagbag.py:540} INFO - Filling up the DagBag from /home/airflow/.local/lib/python3.8/site-packages/airflow/example_dags/example_short_circuit_operator.py
[2025-11-10T20:36:42.758+0000] {processor.py:840} INFO - DAG(s) 'example_short_circuit_operator' retrieved from /home/airflow/.local/lib/python3.8/site-packages/airflow/example_dags/example_short_circuit_operator.py
[2025-11-10T20:36:42.793+0000] {logging_mixin.py:188} INFO - [2025-11-10T20:36:42.792+0000] {dag.py:3047} INFO - Sync 1 DAGs
[2025-11-10T20:36:42.817+0000] {logging_mixin.py:188} INFO - [2025-11-10T20:36:42.816+0000] {dag.py:3834} INFO - Setting next_dagrun for example_short_circuit_operator to 2025-11-09 00:00:00+00:00, run_after=2025-11-10 00:00:00+00:00
[2025-11-10T20:36:42.844+0000] {processor.py:183} INFO - Processing /home/airflow/.local/lib/python3.8/site-packages/airflow/example_dags/example_short_circuit_operator.py took 0.110 seconds
[2025-11-10T20:37:13.653+0000] {processor.py:161} INFO - Started process (PID=206) to work on /home/airflow/.local/lib/python3.8/site-packages/airflow/example_dags/example_short_circuit_operator.py
[2025-11-10T20:37:13.656+0000] {processor.py:830} INFO - Processing file /home/airflow/.local/lib/python3.8/site-packages/airflow/example_dags/example_short_circuit_operator.py for tasks to queue
[2025-11-10T20:37:13.658+0000] {logging_mixin.py:188} INFO - [2025-11-10T20:37:13.658+0000] {dagbag.py:540} INFO - Filling up the DagBag from /home/airflow/.local/lib/python3.8/site-packages/airflow/example_dags/example_short_circuit_operator.py
[2025-11-10T20:37:13.668+0000] {processor.py:840} INFO - DAG(s) 'example_short_circuit_operator' retrieved from /home/airflow/.local/lib/python3.8/site-packages/airflow/example_dags/example_short_circuit_operator.py
[2025-11-10T20:37:13.694+0000] {logging_mixin.py:188} INFO - [2025-11-10T20:37:13.694+0000] {dag.py:3047} INFO - Sync 1 DAGs
[2025-11-10T20:37:13.728+0000] {logging_mixin.py:188} INFO - [2025-11-10T20:37:13.727+0000] {dag.py:3834} INFO - Setting next_dagrun for example_short_circuit_operator to 2025-11-09 00:00:00+00:00, run_after=2025-11-10 00:00:00+00:00
[2025-11-10T20:37:13.769+0000] {processor.py:183} INFO - Processing /home/airflow/.local/lib/python3.8/site-packages/airflow/example_dags/example_short_circuit_operator.py took 0.120 seconds
[2025-11-10T20:37:43.949+0000] {processor.py:161} INFO - Started process (PID=261) to work on /home/airflow/.local/lib/python3.8/site-packages/airflow/example_dags/example_short_circuit_operator.py
[2025-11-10T20:37:43.951+0000] {processor.py:830} INFO - Processing file /home/airflow/.local/lib/python3.8/site-packages/airflow/example_dags/example_short_circuit_operator.py for tasks to queue
[2025-11-10T20:37:43.954+0000] {logging_mixin.py:188} INFO - [2025-11-10T20:37:43.954+0000] {dagbag.py:540} INFO - Filling up the DagBag from /home/airflow/.local/lib/python3.8/site-packages/airflow/example_dags/example_short_circuit_operator.py
[2025-11-10T20:37:43.965+0000] {processor.py:840} INFO - DAG(s) 'example_short_circuit_operator' retrieved from /home/airflow/.local/lib/python3.8/site-packages/airflow/example_dags/example_short_circuit_operator.py
[2025-11-10T20:37:43.996+0000] {logging_mixin.py:188} INFO - [2025-11-10T20:37:43.996+0000] {dag.py:3047} INFO - Sync 1 DAGs
[2025-11-10T20:37:44.018+0000] {logging_mixin.py:188} INFO - [2025-11-10T20:37:44.017+0000] {dag.py:3834} INFO - Setting next_dagrun for example_short_circuit_operator to 2025-11-09 00:00:00+00:00, run_after=2025-11-10 00:00:00+00:00
[2025-11-10T20:37:44.035+0000] {processor.py:183} INFO - Processing /home/airflow/.local/lib/python3.8/site-packages/airflow/example_dags/example_short_circuit_operator.py took 0.093 seconds
[2025-11-10T20:38:14.346+0000] {processor.py:161} INFO - Started process (PID=316) to work on /home/airflow/.local/lib/python3.8/site-packages/airflow/example_dags/example_short_circuit_operator.py
[2025-11-10T20:38:14.347+0000] {processor.py:830} INFO - Processing file /home/airflow/.local/lib/python3.8/site-packages/airflow/example_dags/example_short_circuit_operator.py for tasks to queue
[2025-11-10T20:38:14.350+0000] {logging_mixin.py:188} INFO - [2025-11-10T20:38:14.349+0000] {dagbag.py:540} INFO - Filling up the DagBag from /home/airflow/.local/lib/python3.8/site-packages/airflow/example_dags/example_short_circuit_operator.py
[2025-11-10T20:38:14.358+0000] {processor.py:840} INFO - DAG(s) 'example_short_circuit_operator' retrieved from /home/airflow/.local/lib/python3.8/site-packages/airflow/example_dags/example_short_circuit_operator.py
[2025-11-10T20:38:14.380+0000] {logging_mixin.py:188} INFO - [2025-11-10T20:38:14.380+0000] {dag.py:3047} INFO - Sync 1 DAGs
[2025-11-10T20:38:14.403+0000] {logging_mixin.py:188} INFO - [2025-11-10T20:38:14.403+0000] {dag.py:3834} INFO - Setting next_dagrun for example_short_circuit_operator to 2025-11-09 00:00:00+00:00, run_after=2025-11-10 00:00:00+00:00
[2025-11-10T20:38:14.423+0000] {processor.py:183} INFO - Processing /home/airflow/.local/lib/python3.8/site-packages/airflow/example_dags/example_short_circuit_operator.py took 0.080 seconds
[2025-11-10T20:38:44.638+0000] {processor.py:161} INFO - Started process (PID=371) to work on /home/airflow/.local/lib/python3.8/site-packages/airflow/example_dags/example_short_circuit_operator.py
[2025-11-10T20:38:44.640+0000] {processor.py:830} INFO - Processing file /home/airflow/.local/lib/python3.8/site-packages/airflow/example_dags/example_short_circuit_operator.py for tasks to queue
[2025-11-10T20:38:44.643+0000] {logging_mixin.py:188} INFO - [2025-11-10T20:38:44.642+0000] {dagbag.py:540} INFO - Filling up the DagBag from /home/airflow/.local/lib/python3.8/site-packages/airflow/example_dags/example_short_circuit_operator.py
[2025-11-10T20:38:44.652+0000] {processor.py:840} INFO - DAG(s) 'example_short_circuit_operator' retrieved from /home/airflow/.local/lib/python3.8/site-packages/airflow/example_dags/example_short_circuit_operator.py
[2025-11-10T20:38:44.675+0000] {logging_mixin.py:188} INFO - [2025-11-10T20:38:44.674+0000] {dag.py:3047} INFO - Sync 1 DAGs
[2025-11-10T20:38:44.695+0000] {logging_mixin.py:188} INFO - [2025-11-10T20:38:44.694+0000] {dag.py:3834} INFO - Setting next_dagrun for example_short_circuit_operator to 2025-11-09 00:00:00+00:00, run_after=2025-11-10 00:00:00+00:00
[2025-11-10T20:38:44.711+0000] {processor.py:183} INFO - Processing /home/airflow/.local/lib/python3.8/site-packages/airflow/example_dags/example_short_circuit_operator.py took 0.078 seconds
[2025-11-10T20:39:15.037+0000] {processor.py:161} INFO - Started process (PID=426) to work on /home/airflow/.local/lib/python3.8/site-packages/airflow/example_dags/example_short_circuit_operator.py
[2025-11-10T20:39:15.039+0000] {processor.py:830} INFO - Processing file /home/airflow/.local/lib/python3.8/site-packages/airflow/example_dags/example_short_circuit_operator.py for tasks to queue
[2025-11-10T20:39:15.041+0000] {logging_mixin.py:188} INFO - [2025-11-10T20:39:15.041+0000] {dagbag.py:540} INFO - Filling up the DagBag from /home/airflow/.local/lib/python3.8/site-packages/airflow/example_dags/example_short_circuit_operator.py
[2025-11-10T20:39:15.051+0000] {processor.py:840} INFO - DAG(s) 'example_short_circuit_operator' retrieved from /home/airflow/.local/lib/python3.8/site-packages/airflow/example_dags/example_short_circuit_operator.py
[2025-11-10T20:39:15.075+0000] {logging_mixin.py:188} INFO - [2025-11-10T20:39:15.075+0000] {dag.py:3047} INFO - Sync 1 DAGs
[2025-11-10T20:39:15.095+0000] {logging_mixin.py:188} INFO - [2025-11-10T20:39:15.095+0000] {dag.py:3834} INFO - Setting next_dagrun for example_short_circuit_operator to 2025-11-09 00:00:00+00:00, run_after=2025-11-10 00:00:00+00:00
[2025-11-10T20:39:15.112+0000] {processor.py:183} INFO - Processing /home/airflow/.local/lib/python3.8/site-packages/airflow/example_dags/example_short_circuit_operator.py took 0.079 seconds
[2025-11-10T20:39:45.835+0000] {processor.py:161} INFO - Started process (PID=481) to work on /home/airflow/.local/lib/python3.8/site-packages/airflow/example_dags/example_short_circuit_operator.py
[2025-11-10T20:39:45.838+0000] {processor.py:830} INFO - Processing file /home/airflow/.local/lib/python3.8/site-packages/airflow/example_dags/example_short_circuit_operator.py for tasks to queue
[2025-11-10T20:39:45.841+0000] {logging_mixin.py:188} INFO - [2025-11-10T20:39:45.841+0000] {dagbag.py:540} INFO - Filling up the DagBag from /home/airflow/.local/lib/python3.8/site-packages/airflow/example_dags/example_short_circuit_operator.py
[2025-11-10T20:39:45.855+0000] {processor.py:840} INFO - DAG(s) 'example_short_circuit_operator' retrieved from /home/airflow/.local/lib/python3.8/site-packages/airflow/example_dags/example_short_circuit_operator.py
[2025-11-10T20:39:45.881+0000] {logging_mixin.py:188} INFO - [2025-11-10T20:39:45.880+0000] {dag.py:3047} INFO - Sync 1 DAGs
[2025-11-10T20:39:45.902+0000] {logging_mixin.py:188} INFO - [2025-11-10T20:39:45.902+0000] {dag.py:3834} INFO - Setting next_dagrun for example_short_circuit_operator to 2025-11-09 00:00:00+00:00, run_after=2025-11-10 00:00:00+00:00
[2025-11-10T20:39:45.924+0000] {processor.py:183} INFO - Processing /home/airflow/.local/lib/python3.8/site-packages/airflow/example_dags/example_short_circuit_operator.py took 0.097 seconds
[2025-11-10T20:40:16.616+0000] {processor.py:161} INFO - Started process (PID=536) to work on /home/airflow/.local/lib/python3.8/site-packages/airflow/example_dags/example_short_circuit_operator.py
[2025-11-10T20:40:16.618+0000] {processor.py:830} INFO - Processing file /home/airflow/.local/lib/python3.8/site-packages/airflow/example_dags/example_short_circuit_operator.py for tasks to queue
[2025-11-10T20:40:16.621+0000] {logging_mixin.py:188} INFO - [2025-11-10T20:40:16.621+0000] {dagbag.py:540} INFO - Filling up the DagBag from /home/airflow/.local/lib/python3.8/site-packages/airflow/example_dags/example_short_circuit_operator.py
[2025-11-10T20:40:16.629+0000] {processor.py:840} INFO - DAG(s) 'example_short_circuit_operator' retrieved from /home/airflow/.local/lib/python3.8/site-packages/airflow/example_dags/example_short_circuit_operator.py
[2025-11-10T20:40:16.653+0000] {logging_mixin.py:188} INFO - [2025-11-10T20:40:16.652+0000] {dag.py:3047} INFO - Sync 1 DAGs
[2025-11-10T20:40:16.673+0000] {logging_mixin.py:188} INFO - [2025-11-10T20:40:16.673+0000] {dag.py:3834} INFO - Setting next_dagrun for example_short_circuit_operator to 2025-11-09 00:00:00+00:00, run_after=2025-11-10 00:00:00+00:00
[2025-11-10T20:40:16.693+0000] {processor.py:183} INFO - Processing /home/airflow/.local/lib/python3.8/site-packages/airflow/example_dags/example_short_circuit_operator.py took 0.081 seconds
[2025-11-10T20:40:46.925+0000] {processor.py:161} INFO - Started process (PID=591) to work on /home/airflow/.local/lib/python3.8/site-packages/airflow/example_dags/example_short_circuit_operator.py
[2025-11-10T20:40:46.927+0000] {processor.py:830} INFO - Processing file /home/airflow/.local/lib/python3.8/site-packages/airflow/example_dags/example_short_circuit_operator.py for tasks to queue
[2025-11-10T20:40:46.929+0000] {logging_mixin.py:188} INFO - [2025-11-10T20:40:46.928+0000] {dagbag.py:540} INFO - Filling up the DagBag from /home/airflow/.local/lib/python3.8/site-packages/airflow/example_dags/example_short_circuit_operator.py
[2025-11-10T20:40:46.936+0000] {processor.py:840} INFO - DAG(s) 'example_short_circuit_operator' retrieved from /home/airflow/.local/lib/python3.8/site-packages/airflow/example_dags/example_short_circuit_operator.py
[2025-11-10T20:40:46.959+0000] {logging_mixin.py:188} INFO - [2025-11-10T20:40:46.959+0000] {dag.py:3047} INFO - Sync 1 DAGs
[2025-11-10T20:40:46.982+0000] {logging_mixin.py:188} INFO - [2025-11-10T20:40:46.982+0000] {dag.py:3834} INFO - Setting next_dagrun for example_short_circuit_operator to 2025-11-09 00:00:00+00:00, run_after=2025-11-10 00:00:00+00:00
[2025-11-10T20:40:47.006+0000] {processor.py:183} INFO - Processing /home/airflow/.local/lib/python3.8/site-packages/airflow/example_dags/example_short_circuit_operator.py took 0.084 seconds
[2025-11-10T20:41:17.381+0000] {processor.py:161} INFO - Started process (PID=646) to work on /home/airflow/.local/lib/python3.8/site-packages/airflow/example_dags/example_short_circuit_operator.py
[2025-11-10T20:41:17.383+0000] {processor.py:830} INFO - Processing file /home/airflow/.local/lib/python3.8/site-packages/airflow/example_dags/example_short_circuit_operator.py for tasks to queue
[2025-11-10T20:41:17.386+0000] {logging_mixin.py:188} INFO - [2025-11-10T20:41:17.385+0000] {dagbag.py:540} INFO - Filling up the DagBag from /home/airflow/.local/lib/python3.8/site-packages/airflow/example_dags/example_short_circuit_operator.py
[2025-11-10T20:41:17.394+0000] {processor.py:840} INFO - DAG(s) 'example_short_circuit_operator' retrieved from /home/airflow/.local/lib/python3.8/site-packages/airflow/example_dags/example_short_circuit_operator.py
[2025-11-10T20:41:17.427+0000] {logging_mixin.py:188} INFO - [2025-11-10T20:41:17.427+0000] {dag.py:3047} INFO - Sync 1 DAGs
[2025-11-10T20:41:17.455+0000] {logging_mixin.py:188} INFO - [2025-11-10T20:41:17.455+0000] {dag.py:3834} INFO - Setting next_dagrun for example_short_circuit_operator to 2025-11-09 00:00:00+00:00, run_after=2025-11-10 00:00:00+00:00
[2025-11-10T20:41:17.478+0000] {processor.py:183} INFO - Processing /home/airflow/.local/lib/python3.8/site-packages/airflow/example_dags/example_short_circuit_operator.py took 0.101 seconds
[2025-11-10T20:41:47.841+0000] {processor.py:161} INFO - Started process (PID=701) to work on /home/airflow/.local/lib/python3.8/site-packages/airflow/example_dags/example_short_circuit_operator.py
[2025-11-10T20:41:47.846+0000] {processor.py:830} INFO - Processing file /home/airflow/.local/lib/python3.8/site-packages/airflow/example_dags/example_short_circuit_operator.py for tasks to queue
[2025-11-10T20:41:47.853+0000] {logging_mixin.py:188} INFO - [2025-11-10T20:41:47.852+0000] {dagbag.py:540} INFO - Filling up the DagBag from /home/airflow/.local/lib/python3.8/site-packages/airflow/example_dags/example_short_circuit_operator.py
[2025-11-10T20:41:47.881+0000] {processor.py:840} INFO - DAG(s) 'example_short_circuit_operator' retrieved from /home/airflow/.local/lib/python3.8/site-packages/airflow/example_dags/example_short_circuit_operator.py
[2025-11-10T20:41:47.932+0000] {logging_mixin.py:188} INFO - [2025-11-10T20:41:47.932+0000] {dag.py:3047} INFO - Sync 1 DAGs
[2025-11-10T20:41:47.961+0000] {logging_mixin.py:188} INFO - [2025-11-10T20:41:47.960+0000] {dag.py:3834} INFO - Setting next_dagrun for example_short_circuit_operator to 2025-11-09 00:00:00+00:00, run_after=2025-11-10 00:00:00+00:00
[2025-11-10T20:41:48.014+0000] {processor.py:183} INFO - Processing /home/airflow/.local/lib/python3.8/site-packages/airflow/example_dags/example_short_circuit_operator.py took 0.183 seconds
[2025-11-10T20:42:18.861+0000] {processor.py:161} INFO - Started process (PID=756) to work on /home/airflow/.local/lib/python3.8/site-packages/airflow/example_dags/example_short_circuit_operator.py
[2025-11-10T20:42:18.862+0000] {processor.py:830} INFO - Processing file /home/airflow/.local/lib/python3.8/site-packages/airflow/example_dags/example_short_circuit_operator.py for tasks to queue
[2025-11-10T20:42:18.864+0000] {logging_mixin.py:188} INFO - [2025-11-10T20:42:18.864+0000] {dagbag.py:540} INFO - Filling up the DagBag from /home/airflow/.local/lib/python3.8/site-packages/airflow/example_dags/example_short_circuit_operator.py
[2025-11-10T20:42:18.872+0000] {processor.py:840} INFO - DAG(s) 'example_short_circuit_operator' retrieved from /home/airflow/.local/lib/python3.8/site-packages/airflow/example_dags/example_short_circuit_operator.py
[2025-11-10T20:42:18.899+0000] {logging_mixin.py:188} INFO - [2025-11-10T20:42:18.898+0000] {dag.py:3047} INFO - Sync 1 DAGs
[2025-11-10T20:42:18.922+0000] {logging_mixin.py:188} INFO - [2025-11-10T20:42:18.922+0000] {dag.py:3834} INFO - Setting next_dagrun for example_short_circuit_operator to 2025-11-09 00:00:00+00:00, run_after=2025-11-10 00:00:00+00:00
[2025-11-10T20:42:18.943+0000] {processor.py:183} INFO - Processing /home/airflow/.local/lib/python3.8/site-packages/airflow/example_dags/example_short_circuit_operator.py took 0.085 seconds
[2025-11-10T20:42:49.256+0000] {processor.py:161} INFO - Started process (PID=811) to work on /home/airflow/.local/lib/python3.8/site-packages/airflow/example_dags/example_short_circuit_operator.py
[2025-11-10T20:42:49.261+0000] {processor.py:830} INFO - Processing file /home/airflow/.local/lib/python3.8/site-packages/airflow/example_dags/example_short_circuit_operator.py for tasks to queue
[2025-11-10T20:42:49.265+0000] {logging_mixin.py:188} INFO - [2025-11-10T20:42:49.264+0000] {dagbag.py:540} INFO - Filling up the DagBag from /home/airflow/.local/lib/python3.8/site-packages/airflow/example_dags/example_short_circuit_operator.py
[2025-11-10T20:42:49.272+0000] {processor.py:840} INFO - DAG(s) 'example_short_circuit_operator' retrieved from /home/airflow/.local/lib/python3.8/site-packages/airflow/example_dags/example_short_circuit_operator.py
[2025-11-10T20:42:49.295+0000] {logging_mixin.py:188} INFO - [2025-11-10T20:42:49.295+0000] {dag.py:3047} INFO - Sync 1 DAGs
[2025-11-10T20:42:49.316+0000] {logging_mixin.py:188} INFO - [2025-11-10T20:42:49.315+0000] {dag.py:3834} INFO - Setting next_dagrun for example_short_circuit_operator to 2025-11-09 00:00:00+00:00, run_after=2025-11-10 00:00:00+00:00
[2025-11-10T20:42:49.334+0000] {processor.py:183} INFO - Processing /home/airflow/.local/lib/python3.8/site-packages/airflow/example_dags/example_short_circuit_operator.py took 0.082 seconds
[2025-11-10T20:43:19.574+0000] {processor.py:161} INFO - Started process (PID=866) to work on /home/airflow/.local/lib/python3.8/site-packages/airflow/example_dags/example_short_circuit_operator.py
[2025-11-10T20:43:19.576+0000] {processor.py:830} INFO - Processing file /home/airflow/.local/lib/python3.8/site-packages/airflow/example_dags/example_short_circuit_operator.py for tasks to queue
[2025-11-10T20:43:19.578+0000] {logging_mixin.py:188} INFO - [2025-11-10T20:43:19.578+0000] {dagbag.py:540} INFO - Filling up the DagBag from /home/airflow/.local/lib/python3.8/site-packages/airflow/example_dags/example_short_circuit_operator.py
[2025-11-10T20:43:19.586+0000] {processor.py:840} INFO - DAG(s) 'example_short_circuit_operator' retrieved from /home/airflow/.local/lib/python3.8/site-packages/airflow/example_dags/example_short_circuit_operator.py
[2025-11-10T20:43:19.608+0000] {logging_mixin.py:188} INFO - [2025-11-10T20:43:19.608+0000] {dag.py:3047} INFO - Sync 1 DAGs
[2025-11-10T20:43:19.629+0000] {logging_mixin.py:188} INFO - [2025-11-10T20:43:19.628+0000] {dag.py:3834} INFO - Setting next_dagrun for example_short_circuit_operator to 2025-11-09 00:00:00+00:00, run_after=2025-11-10 00:00:00+00:00
[2025-11-10T20:43:19.648+0000] {processor.py:183} INFO - Processing /home/airflow/.local/lib/python3.8/site-packages/airflow/example_dags/example_short_circuit_operator.py took 0.076 seconds
[2025-11-10T20:43:50.022+0000] {processor.py:161} INFO - Started process (PID=920) to work on /home/airflow/.local/lib/python3.8/site-packages/airflow/example_dags/example_short_circuit_operator.py
[2025-11-10T20:43:50.024+0000] {processor.py:830} INFO - Processing file /home/airflow/.local/lib/python3.8/site-packages/airflow/example_dags/example_short_circuit_operator.py for tasks to queue
[2025-11-10T20:43:50.027+0000] {logging_mixin.py:188} INFO - [2025-11-10T20:43:50.026+0000] {dagbag.py:540} INFO - Filling up the DagBag from /home/airflow/.local/lib/python3.8/site-packages/airflow/example_dags/example_short_circuit_operator.py
[2025-11-10T20:43:50.043+0000] {processor.py:840} INFO - DAG(s) 'example_short_circuit_operator' retrieved from /home/airflow/.local/lib/python3.8/site-packages/airflow/example_dags/example_short_circuit_operator.py
[2025-11-10T20:43:50.085+0000] {logging_mixin.py:188} INFO - [2025-11-10T20:43:50.085+0000] {dag.py:3047} INFO - Sync 1 DAGs
[2025-11-10T20:43:50.108+0000] {logging_mixin.py:188} INFO - [2025-11-10T20:43:50.108+0000] {dag.py:3834} INFO - Setting next_dagrun for example_short_circuit_operator to 2025-11-09 00:00:00+00:00, run_after=2025-11-10 00:00:00+00:00
[2025-11-10T20:43:50.148+0000] {processor.py:183} INFO - Processing /home/airflow/.local/lib/python3.8/site-packages/airflow/example_dags/example_short_circuit_operator.py took 0.136 seconds
[2025-11-10T20:44:20.836+0000] {processor.py:161} INFO - Started process (PID=975) to work on /home/airflow/.local/lib/python3.8/site-packages/airflow/example_dags/example_short_circuit_operator.py
[2025-11-10T20:44:20.838+0000] {processor.py:830} INFO - Processing file /home/airflow/.local/lib/python3.8/site-packages/airflow/example_dags/example_short_circuit_operator.py for tasks to queue
[2025-11-10T20:44:20.840+0000] {logging_mixin.py:188} INFO - [2025-11-10T20:44:20.839+0000] {dagbag.py:540} INFO - Filling up the DagBag from /home/airflow/.local/lib/python3.8/site-packages/airflow/example_dags/example_short_circuit_operator.py
[2025-11-10T20:44:20.847+0000] {processor.py:840} INFO - DAG(s) 'example_short_circuit_operator' retrieved from /home/airflow/.local/lib/python3.8/site-packages/airflow/example_dags/example_short_circuit_operator.py
[2025-11-10T20:44:20.876+0000] {logging_mixin.py:188} INFO - [2025-11-10T20:44:20.876+0000] {dag.py:3047} INFO - Sync 1 DAGs
[2025-11-10T20:44:20.898+0000] {logging_mixin.py:188} INFO - [2025-11-10T20:44:20.898+0000] {dag.py:3834} INFO - Setting next_dagrun for example_short_circuit_operator to 2025-11-09 00:00:00+00:00, run_after=2025-11-10 00:00:00+00:00
[2025-11-10T20:44:20.917+0000] {processor.py:183} INFO - Processing /home/airflow/.local/lib/python3.8/site-packages/airflow/example_dags/example_short_circuit_operator.py took 0.084 seconds
[2025-11-10T20:44:51.407+0000] {processor.py:161} INFO - Started process (PID=1030) to work on /home/airflow/.local/lib/python3.8/site-packages/airflow/example_dags/example_short_circuit_operator.py
[2025-11-10T20:44:51.409+0000] {processor.py:830} INFO - Processing file /home/airflow/.local/lib/python3.8/site-packages/airflow/example_dags/example_short_circuit_operator.py for tasks to queue
[2025-11-10T20:44:51.412+0000] {logging_mixin.py:188} INFO - [2025-11-10T20:44:51.412+0000] {dagbag.py:540} INFO - Filling up the DagBag from /home/airflow/.local/lib/python3.8/site-packages/airflow/example_dags/example_short_circuit_operator.py
[2025-11-10T20:44:51.424+0000] {processor.py:840} INFO - DAG(s) 'example_short_circuit_operator' retrieved from /home/airflow/.local/lib/python3.8/site-packages/airflow/example_dags/example_short_circuit_operator.py
[2025-11-10T20:44:51.476+0000] {logging_mixin.py:188} INFO - [2025-11-10T20:44:51.475+0000] {dag.py:3047} INFO - Sync 1 DAGs
[2025-11-10T20:44:51.523+0000] {logging_mixin.py:188} INFO - [2025-11-10T20:44:51.522+0000] {dag.py:3834} INFO - Setting next_dagrun for example_short_circuit_operator to 2025-11-09 00:00:00+00:00, run_after=2025-11-10 00:00:00+00:00
[2025-11-10T20:44:51.563+0000] {processor.py:183} INFO - Processing /home/airflow/.local/lib/python3.8/site-packages/airflow/example_dags/example_short_circuit_operator.py took 0.160 seconds
[2025-11-10T20:45:21.850+0000] {processor.py:161} INFO - Started process (PID=1085) to work on /home/airflow/.local/lib/python3.8/site-packages/airflow/example_dags/example_short_circuit_operator.py
[2025-11-10T20:45:21.854+0000] {processor.py:830} INFO - Processing file /home/airflow/.local/lib/python3.8/site-packages/airflow/example_dags/example_short_circuit_operator.py for tasks to queue
[2025-11-10T20:45:21.861+0000] {logging_mixin.py:188} INFO - [2025-11-10T20:45:21.860+0000] {dagbag.py:540} INFO - Filling up the DagBag from /home/airflow/.local/lib/python3.8/site-packages/airflow/example_dags/example_short_circuit_operator.py
[2025-11-10T20:45:21.874+0000] {processor.py:840} INFO - DAG(s) 'example_short_circuit_operator' retrieved from /home/airflow/.local/lib/python3.8/site-packages/airflow/example_dags/example_short_circuit_operator.py
[2025-11-10T20:45:21.903+0000] {logging_mixin.py:188} INFO - [2025-11-10T20:45:21.903+0000] {dag.py:3047} INFO - Sync 1 DAGs
[2025-11-10T20:45:21.925+0000] {logging_mixin.py:188} INFO - [2025-11-10T20:45:21.925+0000] {dag.py:3834} INFO - Setting next_dagrun for example_short_circuit_operator to 2025-11-09 00:00:00+00:00, run_after=2025-11-10 00:00:00+00:00
[2025-11-10T20:45:21.947+0000] {processor.py:183} INFO - Processing /home/airflow/.local/lib/python3.8/site-packages/airflow/example_dags/example_short_circuit_operator.py took 0.106 seconds
[2025-11-10T20:45:52.310+0000] {processor.py:161} INFO - Started process (PID=1140) to work on /home/airflow/.local/lib/python3.8/site-packages/airflow/example_dags/example_short_circuit_operator.py
[2025-11-10T20:45:52.312+0000] {processor.py:830} INFO - Processing file /home/airflow/.local/lib/python3.8/site-packages/airflow/example_dags/example_short_circuit_operator.py for tasks to queue
[2025-11-10T20:45:52.315+0000] {logging_mixin.py:188} INFO - [2025-11-10T20:45:52.314+0000] {dagbag.py:540} INFO - Filling up the DagBag from /home/airflow/.local/lib/python3.8/site-packages/airflow/example_dags/example_short_circuit_operator.py
[2025-11-10T20:45:52.326+0000] {processor.py:840} INFO - DAG(s) 'example_short_circuit_operator' retrieved from /home/airflow/.local/lib/python3.8/site-packages/airflow/example_dags/example_short_circuit_operator.py
[2025-11-10T20:45:52.350+0000] {logging_mixin.py:188} INFO - [2025-11-10T20:45:52.349+0000] {dag.py:3047} INFO - Sync 1 DAGs
[2025-11-10T20:45:52.370+0000] {logging_mixin.py:188} INFO - [2025-11-10T20:45:52.370+0000] {dag.py:3834} INFO - Setting next_dagrun for example_short_circuit_operator to 2025-11-09 00:00:00+00:00, run_after=2025-11-10 00:00:00+00:00
[2025-11-10T20:45:52.393+0000] {processor.py:183} INFO - Processing /home/airflow/.local/lib/python3.8/site-packages/airflow/example_dags/example_short_circuit_operator.py took 0.087 seconds
[2025-11-10T20:46:22.460+0000] {processor.py:161} INFO - Started process (PID=1195) to work on /home/airflow/.local/lib/python3.8/site-packages/airflow/example_dags/example_short_circuit_operator.py
[2025-11-10T20:46:22.462+0000] {processor.py:830} INFO - Processing file /home/airflow/.local/lib/python3.8/site-packages/airflow/example_dags/example_short_circuit_operator.py for tasks to queue
[2025-11-10T20:46:22.464+0000] {logging_mixin.py:188} INFO - [2025-11-10T20:46:22.464+0000] {dagbag.py:540} INFO - Filling up the DagBag from /home/airflow/.local/lib/python3.8/site-packages/airflow/example_dags/example_short_circuit_operator.py
[2025-11-10T20:46:22.473+0000] {processor.py:840} INFO - DAG(s) 'example_short_circuit_operator' retrieved from /home/airflow/.local/lib/python3.8/site-packages/airflow/example_dags/example_short_circuit_operator.py
[2025-11-10T20:46:22.498+0000] {logging_mixin.py:188} INFO - [2025-11-10T20:46:22.497+0000] {dag.py:3047} INFO - Sync 1 DAGs
[2025-11-10T20:46:22.520+0000] {logging_mixin.py:188} INFO - [2025-11-10T20:46:22.519+0000] {dag.py:3834} INFO - Setting next_dagrun for example_short_circuit_operator to 2025-11-09 00:00:00+00:00, run_after=2025-11-10 00:00:00+00:00
[2025-11-10T20:46:22.539+0000] {processor.py:183} INFO - Processing /home/airflow/.local/lib/python3.8/site-packages/airflow/example_dags/example_short_circuit_operator.py took 0.083 seconds
[2025-11-10T20:46:52.787+0000] {processor.py:161} INFO - Started process (PID=1251) to work on /home/airflow/.local/lib/python3.8/site-packages/airflow/example_dags/example_short_circuit_operator.py
[2025-11-10T20:46:52.789+0000] {processor.py:830} INFO - Processing file /home/airflow/.local/lib/python3.8/site-packages/airflow/example_dags/example_short_circuit_operator.py for tasks to queue
[2025-11-10T20:46:52.791+0000] {logging_mixin.py:188} INFO - [2025-11-10T20:46:52.790+0000] {dagbag.py:540} INFO - Filling up the DagBag from /home/airflow/.local/lib/python3.8/site-packages/airflow/example_dags/example_short_circuit_operator.py
[2025-11-10T20:46:52.798+0000] {processor.py:840} INFO - DAG(s) 'example_short_circuit_operator' retrieved from /home/airflow/.local/lib/python3.8/site-packages/airflow/example_dags/example_short_circuit_operator.py
[2025-11-10T20:46:52.821+0000] {logging_mixin.py:188} INFO - [2025-11-10T20:46:52.821+0000] {dag.py:3047} INFO - Sync 1 DAGs
[2025-11-10T20:46:52.843+0000] {logging_mixin.py:188} INFO - [2025-11-10T20:46:52.843+0000] {dag.py:3834} INFO - Setting next_dagrun for example_short_circuit_operator to 2025-11-09 00:00:00+00:00, run_after=2025-11-10 00:00:00+00:00
[2025-11-10T20:46:52.863+0000] {processor.py:183} INFO - Processing /home/airflow/.local/lib/python3.8/site-packages/airflow/example_dags/example_short_circuit_operator.py took 0.079 seconds
[2025-11-10T20:47:23.126+0000] {processor.py:161} INFO - Started process (PID=1306) to work on /home/airflow/.local/lib/python3.8/site-packages/airflow/example_dags/example_short_circuit_operator.py
[2025-11-10T20:47:23.127+0000] {processor.py:830} INFO - Processing file /home/airflow/.local/lib/python3.8/site-packages/airflow/example_dags/example_short_circuit_operator.py for tasks to queue
[2025-11-10T20:47:23.130+0000] {logging_mixin.py:188} INFO - [2025-11-10T20:47:23.129+0000] {dagbag.py:540} INFO - Filling up the DagBag from /home/airflow/.local/lib/python3.8/site-packages/airflow/example_dags/example_short_circuit_operator.py
[2025-11-10T20:47:23.138+0000] {processor.py:840} INFO - DAG(s) 'example_short_circuit_operator' retrieved from /home/airflow/.local/lib/python3.8/site-packages/airflow/example_dags/example_short_circuit_operator.py
[2025-11-10T20:47:23.161+0000] {logging_mixin.py:188} INFO - [2025-11-10T20:47:23.160+0000] {dag.py:3047} INFO - Sync 1 DAGs
[2025-11-10T20:47:23.193+0000] {logging_mixin.py:188} INFO - [2025-11-10T20:47:23.193+0000] {dag.py:3834} INFO - Setting next_dagrun for example_short_circuit_operator to 2025-11-09 00:00:00+00:00, run_after=2025-11-10 00:00:00+00:00
[2025-11-10T20:47:23.228+0000] {processor.py:183} INFO - Processing /home/airflow/.local/lib/python3.8/site-packages/airflow/example_dags/example_short_circuit_operator.py took 0.106 seconds
[2025-11-10T20:47:53.517+0000] {processor.py:161} INFO - Started process (PID=1361) to work on /home/airflow/.local/lib/python3.8/site-packages/airflow/example_dags/example_short_circuit_operator.py
[2025-11-10T20:47:53.518+0000] {processor.py:830} INFO - Processing file /home/airflow/.local/lib/python3.8/site-packages/airflow/example_dags/example_short_circuit_operator.py for tasks to queue
[2025-11-10T20:47:53.520+0000] {logging_mixin.py:188} INFO - [2025-11-10T20:47:53.519+0000] {dagbag.py:540} INFO - Filling up the DagBag from /home/airflow/.local/lib/python3.8/site-packages/airflow/example_dags/example_short_circuit_operator.py
[2025-11-10T20:47:53.527+0000] {processor.py:840} INFO - DAG(s) 'example_short_circuit_operator' retrieved from /home/airflow/.local/lib/python3.8/site-packages/airflow/example_dags/example_short_circuit_operator.py
[2025-11-10T20:47:53.551+0000] {logging_mixin.py:188} INFO - [2025-11-10T20:47:53.551+0000] {dag.py:3047} INFO - Sync 1 DAGs
[2025-11-10T20:47:53.571+0000] {logging_mixin.py:188} INFO - [2025-11-10T20:47:53.571+0000] {dag.py:3834} INFO - Setting next_dagrun for example_short_circuit_operator to 2025-11-09 00:00:00+00:00, run_after=2025-11-10 00:00:00+00:00
[2025-11-10T20:47:53.588+0000] {processor.py:183} INFO - Processing /home/airflow/.local/lib/python3.8/site-packages/airflow/example_dags/example_short_circuit_operator.py took 0.074 seconds
[2025-11-10T20:48:23.911+0000] {processor.py:161} INFO - Started process (PID=1416) to work on /home/airflow/.local/lib/python3.8/site-packages/airflow/example_dags/example_short_circuit_operator.py
[2025-11-10T20:48:23.913+0000] {processor.py:830} INFO - Processing file /home/airflow/.local/lib/python3.8/site-packages/airflow/example_dags/example_short_circuit_operator.py for tasks to queue
[2025-11-10T20:48:23.915+0000] {logging_mixin.py:188} INFO - [2025-11-10T20:48:23.915+0000] {dagbag.py:540} INFO - Filling up the DagBag from /home/airflow/.local/lib/python3.8/site-packages/airflow/example_dags/example_short_circuit_operator.py
[2025-11-10T20:48:23.925+0000] {processor.py:840} INFO - DAG(s) 'example_short_circuit_operator' retrieved from /home/airflow/.local/lib/python3.8/site-packages/airflow/example_dags/example_short_circuit_operator.py
[2025-11-10T20:48:23.950+0000] {logging_mixin.py:188} INFO - [2025-11-10T20:48:23.949+0000] {dag.py:3047} INFO - Sync 1 DAGs
[2025-11-10T20:48:23.970+0000] {logging_mixin.py:188} INFO - [2025-11-10T20:48:23.970+0000] {dag.py:3834} INFO - Setting next_dagrun for example_short_circuit_operator to 2025-11-09 00:00:00+00:00, run_after=2025-11-10 00:00:00+00:00
[2025-11-10T20:48:23.990+0000] {processor.py:183} INFO - Processing /home/airflow/.local/lib/python3.8/site-packages/airflow/example_dags/example_short_circuit_operator.py took 0.082 seconds
[2025-11-10T20:48:54.109+0000] {processor.py:161} INFO - Started process (PID=1471) to work on /home/airflow/.local/lib/python3.8/site-packages/airflow/example_dags/example_short_circuit_operator.py
[2025-11-10T20:48:54.110+0000] {processor.py:830} INFO - Processing file /home/airflow/.local/lib/python3.8/site-packages/airflow/example_dags/example_short_circuit_operator.py for tasks to queue
[2025-11-10T20:48:54.112+0000] {logging_mixin.py:188} INFO - [2025-11-10T20:48:54.112+0000] {dagbag.py:540} INFO - Filling up the DagBag from /home/airflow/.local/lib/python3.8/site-packages/airflow/example_dags/example_short_circuit_operator.py
[2025-11-10T20:48:54.120+0000] {processor.py:840} INFO - DAG(s) 'example_short_circuit_operator' retrieved from /home/airflow/.local/lib/python3.8/site-packages/airflow/example_dags/example_short_circuit_operator.py
[2025-11-10T20:48:54.143+0000] {logging_mixin.py:188} INFO - [2025-11-10T20:48:54.143+0000] {dag.py:3047} INFO - Sync 1 DAGs
[2025-11-10T20:48:54.163+0000] {logging_mixin.py:188} INFO - [2025-11-10T20:48:54.163+0000] {dag.py:3834} INFO - Setting next_dagrun for example_short_circuit_operator to 2025-11-09 00:00:00+00:00, run_after=2025-11-10 00:00:00+00:00
[2025-11-10T20:48:54.181+0000] {processor.py:183} INFO - Processing /home/airflow/.local/lib/python3.8/site-packages/airflow/example_dags/example_short_circuit_operator.py took 0.076 seconds
[2025-11-10T20:49:24.552+0000] {processor.py:161} INFO - Started process (PID=1527) to work on /home/airflow/.local/lib/python3.8/site-packages/airflow/example_dags/example_short_circuit_operator.py
[2025-11-10T20:49:24.554+0000] {processor.py:830} INFO - Processing file /home/airflow/.local/lib/python3.8/site-packages/airflow/example_dags/example_short_circuit_operator.py for tasks to queue
[2025-11-10T20:49:24.557+0000] {logging_mixin.py:188} INFO - [2025-11-10T20:49:24.557+0000] {dagbag.py:540} INFO - Filling up the DagBag from /home/airflow/.local/lib/python3.8/site-packages/airflow/example_dags/example_short_circuit_operator.py
[2025-11-10T20:49:24.568+0000] {processor.py:840} INFO - DAG(s) 'example_short_circuit_operator' retrieved from /home/airflow/.local/lib/python3.8/site-packages/airflow/example_dags/example_short_circuit_operator.py
[2025-11-10T20:49:24.605+0000] {logging_mixin.py:188} INFO - [2025-11-10T20:49:24.605+0000] {dag.py:3047} INFO - Sync 1 DAGs
[2025-11-10T20:49:24.635+0000] {logging_mixin.py:188} INFO - [2025-11-10T20:49:24.635+0000] {dag.py:3834} INFO - Setting next_dagrun for example_short_circuit_operator to 2025-11-09 00:00:00+00:00, run_after=2025-11-10 00:00:00+00:00
[2025-11-10T20:49:24.655+0000] {processor.py:183} INFO - Processing /home/airflow/.local/lib/python3.8/site-packages/airflow/example_dags/example_short_circuit_operator.py took 0.106 seconds
[2025-11-10T20:49:55.548+0000] {processor.py:161} INFO - Started process (PID=1582) to work on /home/airflow/.local/lib/python3.8/site-packages/airflow/example_dags/example_short_circuit_operator.py
[2025-11-10T20:49:55.550+0000] {processor.py:830} INFO - Processing file /home/airflow/.local/lib/python3.8/site-packages/airflow/example_dags/example_short_circuit_operator.py for tasks to queue
[2025-11-10T20:49:55.554+0000] {logging_mixin.py:188} INFO - [2025-11-10T20:49:55.554+0000] {dagbag.py:540} INFO - Filling up the DagBag from /home/airflow/.local/lib/python3.8/site-packages/airflow/example_dags/example_short_circuit_operator.py
[2025-11-10T20:49:55.569+0000] {processor.py:840} INFO - DAG(s) 'example_short_circuit_operator' retrieved from /home/airflow/.local/lib/python3.8/site-packages/airflow/example_dags/example_short_circuit_operator.py
[2025-11-10T20:49:55.645+0000] {logging_mixin.py:188} INFO - [2025-11-10T20:49:55.644+0000] {dag.py:3047} INFO - Sync 1 DAGs
[2025-11-10T20:49:55.677+0000] {logging_mixin.py:188} INFO - [2025-11-10T20:49:55.677+0000] {dag.py:3834} INFO - Setting next_dagrun for example_short_circuit_operator to 2025-11-09 00:00:00+00:00, run_after=2025-11-10 00:00:00+00:00
[2025-11-10T20:49:55.695+0000] {processor.py:183} INFO - Processing /home/airflow/.local/lib/python3.8/site-packages/airflow/example_dags/example_short_circuit_operator.py took 0.154 seconds
[2025-11-10T20:50:26.643+0000] {processor.py:161} INFO - Started process (PID=1637) to work on /home/airflow/.local/lib/python3.8/site-packages/airflow/example_dags/example_short_circuit_operator.py
[2025-11-10T20:50:26.653+0000] {processor.py:830} INFO - Processing file /home/airflow/.local/lib/python3.8/site-packages/airflow/example_dags/example_short_circuit_operator.py for tasks to queue
[2025-11-10T20:50:26.661+0000] {logging_mixin.py:188} INFO - [2025-11-10T20:50:26.660+0000] {dagbag.py:540} INFO - Filling up the DagBag from /home/airflow/.local/lib/python3.8/site-packages/airflow/example_dags/example_short_circuit_operator.py
[2025-11-10T20:50:26.697+0000] {processor.py:840} INFO - DAG(s) 'example_short_circuit_operator' retrieved from /home/airflow/.local/lib/python3.8/site-packages/airflow/example_dags/example_short_circuit_operator.py
[2025-11-10T20:50:26.746+0000] {logging_mixin.py:188} INFO - [2025-11-10T20:50:26.745+0000] {dag.py:3047} INFO - Sync 1 DAGs
[2025-11-10T20:50:26.765+0000] {logging_mixin.py:188} INFO - [2025-11-10T20:50:26.765+0000] {dag.py:3834} INFO - Setting next_dagrun for example_short_circuit_operator to 2025-11-09 00:00:00+00:00, run_after=2025-11-10 00:00:00+00:00
[2025-11-10T20:50:26.783+0000] {processor.py:183} INFO - Processing /home/airflow/.local/lib/python3.8/site-packages/airflow/example_dags/example_short_circuit_operator.py took 0.146 seconds
[2025-11-10T20:50:57.510+0000] {processor.py:161} INFO - Started process (PID=1692) to work on /home/airflow/.local/lib/python3.8/site-packages/airflow/example_dags/example_short_circuit_operator.py
[2025-11-10T20:50:57.513+0000] {processor.py:830} INFO - Processing file /home/airflow/.local/lib/python3.8/site-packages/airflow/example_dags/example_short_circuit_operator.py for tasks to queue
[2025-11-10T20:50:57.520+0000] {logging_mixin.py:188} INFO - [2025-11-10T20:50:57.519+0000] {dagbag.py:540} INFO - Filling up the DagBag from /home/airflow/.local/lib/python3.8/site-packages/airflow/example_dags/example_short_circuit_operator.py
[2025-11-10T20:50:57.542+0000] {processor.py:840} INFO - DAG(s) 'example_short_circuit_operator' retrieved from /home/airflow/.local/lib/python3.8/site-packages/airflow/example_dags/example_short_circuit_operator.py
[2025-11-10T20:50:57.578+0000] {logging_mixin.py:188} INFO - [2025-11-10T20:50:57.577+0000] {dag.py:3047} INFO - Sync 1 DAGs
[2025-11-10T20:50:57.598+0000] {logging_mixin.py:188} INFO - [2025-11-10T20:50:57.598+0000] {dag.py:3834} INFO - Setting next_dagrun for example_short_circuit_operator to 2025-11-09 00:00:00+00:00, run_after=2025-11-10 00:00:00+00:00
[2025-11-10T20:50:57.621+0000] {processor.py:183} INFO - Processing /home/airflow/.local/lib/python3.8/site-packages/airflow/example_dags/example_short_circuit_operator.py took 0.121 seconds
[2025-11-10T20:51:27.740+0000] {processor.py:161} INFO - Started process (PID=1747) to work on /home/airflow/.local/lib/python3.8/site-packages/airflow/example_dags/example_short_circuit_operator.py
[2025-11-10T20:51:27.741+0000] {processor.py:830} INFO - Processing file /home/airflow/.local/lib/python3.8/site-packages/airflow/example_dags/example_short_circuit_operator.py for tasks to queue
[2025-11-10T20:51:27.743+0000] {logging_mixin.py:188} INFO - [2025-11-10T20:51:27.743+0000] {dagbag.py:540} INFO - Filling up the DagBag from /home/airflow/.local/lib/python3.8/site-packages/airflow/example_dags/example_short_circuit_operator.py
[2025-11-10T20:51:27.750+0000] {processor.py:840} INFO - DAG(s) 'example_short_circuit_operator' retrieved from /home/airflow/.local/lib/python3.8/site-packages/airflow/example_dags/example_short_circuit_operator.py
[2025-11-10T20:51:27.778+0000] {logging_mixin.py:188} INFO - [2025-11-10T20:51:27.778+0000] {dag.py:3047} INFO - Sync 1 DAGs
[2025-11-10T20:51:27.800+0000] {logging_mixin.py:188} INFO - [2025-11-10T20:51:27.800+0000] {dag.py:3834} INFO - Setting next_dagrun for example_short_circuit_operator to 2025-11-09 00:00:00+00:00, run_after=2025-11-10 00:00:00+00:00
[2025-11-10T20:51:27.817+0000] {processor.py:183} INFO - Processing /home/airflow/.local/lib/python3.8/site-packages/airflow/example_dags/example_short_circuit_operator.py took 0.081 seconds
[2025-11-10T20:51:58.029+0000] {processor.py:161} INFO - Started process (PID=1802) to work on /home/airflow/.local/lib/python3.8/site-packages/airflow/example_dags/example_short_circuit_operator.py
[2025-11-10T20:51:58.031+0000] {processor.py:830} INFO - Processing file /home/airflow/.local/lib/python3.8/site-packages/airflow/example_dags/example_short_circuit_operator.py for tasks to queue
[2025-11-10T20:51:58.033+0000] {logging_mixin.py:188} INFO - [2025-11-10T20:51:58.033+0000] {dagbag.py:540} INFO - Filling up the DagBag from /home/airflow/.local/lib/python3.8/site-packages/airflow/example_dags/example_short_circuit_operator.py
[2025-11-10T20:51:58.042+0000] {processor.py:840} INFO - DAG(s) 'example_short_circuit_operator' retrieved from /home/airflow/.local/lib/python3.8/site-packages/airflow/example_dags/example_short_circuit_operator.py
[2025-11-10T20:51:58.066+0000] {logging_mixin.py:188} INFO - [2025-11-10T20:51:58.066+0000] {dag.py:3047} INFO - Sync 1 DAGs
[2025-11-10T20:51:58.087+0000] {logging_mixin.py:188} INFO - [2025-11-10T20:51:58.087+0000] {dag.py:3834} INFO - Setting next_dagrun for example_short_circuit_operator to 2025-11-09 00:00:00+00:00, run_after=2025-11-10 00:00:00+00:00
[2025-11-10T20:51:58.105+0000] {processor.py:183} INFO - Processing /home/airflow/.local/lib/python3.8/site-packages/airflow/example_dags/example_short_circuit_operator.py took 0.080 seconds
[2025-11-10T20:52:28.269+0000] {processor.py:161} INFO - Started process (PID=1857) to work on /home/airflow/.local/lib/python3.8/site-packages/airflow/example_dags/example_short_circuit_operator.py
[2025-11-10T20:52:28.271+0000] {processor.py:830} INFO - Processing file /home/airflow/.local/lib/python3.8/site-packages/airflow/example_dags/example_short_circuit_operator.py for tasks to queue
[2025-11-10T20:52:28.274+0000] {logging_mixin.py:188} INFO - [2025-11-10T20:52:28.274+0000] {dagbag.py:540} INFO - Filling up the DagBag from /home/airflow/.local/lib/python3.8/site-packages/airflow/example_dags/example_short_circuit_operator.py
[2025-11-10T20:52:28.282+0000] {processor.py:840} INFO - DAG(s) 'example_short_circuit_operator' retrieved from /home/airflow/.local/lib/python3.8/site-packages/airflow/example_dags/example_short_circuit_operator.py
[2025-11-10T20:52:28.305+0000] {logging_mixin.py:188} INFO - [2025-11-10T20:52:28.304+0000] {dag.py:3047} INFO - Sync 1 DAGs
[2025-11-10T20:52:28.325+0000] {logging_mixin.py:188} INFO - [2025-11-10T20:52:28.324+0000] {dag.py:3834} INFO - Setting next_dagrun for example_short_circuit_operator to 2025-11-09 00:00:00+00:00, run_after=2025-11-10 00:00:00+00:00
[2025-11-10T20:52:28.343+0000] {processor.py:183} INFO - Processing /home/airflow/.local/lib/python3.8/site-packages/airflow/example_dags/example_short_circuit_operator.py took 0.077 seconds
[2025-11-10T20:52:58.552+0000] {processor.py:161} INFO - Started process (PID=1912) to work on /home/airflow/.local/lib/python3.8/site-packages/airflow/example_dags/example_short_circuit_operator.py
[2025-11-10T20:52:58.554+0000] {processor.py:830} INFO - Processing file /home/airflow/.local/lib/python3.8/site-packages/airflow/example_dags/example_short_circuit_operator.py for tasks to queue
[2025-11-10T20:52:58.556+0000] {logging_mixin.py:188} INFO - [2025-11-10T20:52:58.556+0000] {dagbag.py:540} INFO - Filling up the DagBag from /home/airflow/.local/lib/python3.8/site-packages/airflow/example_dags/example_short_circuit_operator.py
[2025-11-10T20:52:58.566+0000] {processor.py:840} INFO - DAG(s) 'example_short_circuit_operator' retrieved from /home/airflow/.local/lib/python3.8/site-packages/airflow/example_dags/example_short_circuit_operator.py
[2025-11-10T20:52:58.592+0000] {logging_mixin.py:188} INFO - [2025-11-10T20:52:58.592+0000] {dag.py:3047} INFO - Sync 1 DAGs
[2025-11-10T20:52:58.616+0000] {logging_mixin.py:188} INFO - [2025-11-10T20:52:58.616+0000] {dag.py:3834} INFO - Setting next_dagrun for example_short_circuit_operator to 2025-11-09 00:00:00+00:00, run_after=2025-11-10 00:00:00+00:00
[2025-11-10T20:52:58.634+0000] {processor.py:183} INFO - Processing /home/airflow/.local/lib/python3.8/site-packages/airflow/example_dags/example_short_circuit_operator.py took 0.085 seconds
[2025-11-10T20:53:29.087+0000] {processor.py:161} INFO - Started process (PID=1967) to work on /home/airflow/.local/lib/python3.8/site-packages/airflow/example_dags/example_short_circuit_operator.py
[2025-11-10T20:53:29.090+0000] {processor.py:830} INFO - Processing file /home/airflow/.local/lib/python3.8/site-packages/airflow/example_dags/example_short_circuit_operator.py for tasks to queue
[2025-11-10T20:53:29.093+0000] {logging_mixin.py:188} INFO - [2025-11-10T20:53:29.092+0000] {dagbag.py:540} INFO - Filling up the DagBag from /home/airflow/.local/lib/python3.8/site-packages/airflow/example_dags/example_short_circuit_operator.py
[2025-11-10T20:53:29.101+0000] {processor.py:840} INFO - DAG(s) 'example_short_circuit_operator' retrieved from /home/airflow/.local/lib/python3.8/site-packages/airflow/example_dags/example_short_circuit_operator.py
[2025-11-10T20:53:29.125+0000] {logging_mixin.py:188} INFO - [2025-11-10T20:53:29.125+0000] {dag.py:3047} INFO - Sync 1 DAGs
[2025-11-10T20:53:29.148+0000] {logging_mixin.py:188} INFO - [2025-11-10T20:53:29.148+0000] {dag.py:3834} INFO - Setting next_dagrun for example_short_circuit_operator to 2025-11-09 00:00:00+00:00, run_after=2025-11-10 00:00:00+00:00
[2025-11-10T20:53:29.180+0000] {processor.py:183} INFO - Processing /home/airflow/.local/lib/python3.8/site-packages/airflow/example_dags/example_short_circuit_operator.py took 0.096 seconds
