[2025-11-10T20:36:12.200+0000] {processor.py:161} INFO - Started process (PID=95) to work on /home/airflow/.local/lib/python3.8/site-packages/airflow/example_dags/example_latest_only_with_trigger.py
[2025-11-10T20:36:12.201+0000] {processor.py:830} INFO - Processing file /home/airflow/.local/lib/python3.8/site-packages/airflow/example_dags/example_latest_only_with_trigger.py for tasks to queue
[2025-11-10T20:36:12.203+0000] {logging_mixin.py:188} INFO - [2025-11-10T20:36:12.203+0000] {dagbag.py:540} INFO - Filling up the DagBag from /home/airflow/.local/lib/python3.8/site-packages/airflow/example_dags/example_latest_only_with_trigger.py
[2025-11-10T20:36:12.214+0000] {processor.py:840} INFO - DAG(s) 'latest_only_with_trigger' retrieved from /home/airflow/.local/lib/python3.8/site-packages/airflow/example_dags/example_latest_only_with_trigger.py
[2025-11-10T20:36:12.368+0000] {logging_mixin.py:188} INFO - [2025-11-10T20:36:12.367+0000] {override.py:1769} INFO - Created Permission View: can read on DAG:latest_only_with_trigger
[2025-11-10T20:36:12.381+0000] {logging_mixin.py:188} INFO - [2025-11-10T20:36:12.380+0000] {override.py:1769} INFO - Created Permission View: can edit on DAG:latest_only_with_trigger
[2025-11-10T20:36:12.390+0000] {logging_mixin.py:188} INFO - [2025-11-10T20:36:12.390+0000] {override.py:1769} INFO - Created Permission View: can delete on DAG:latest_only_with_trigger
[2025-11-10T20:36:12.391+0000] {logging_mixin.py:188} INFO - [2025-11-10T20:36:12.391+0000] {dag.py:3047} INFO - Sync 1 DAGs
[2025-11-10T20:36:12.402+0000] {logging_mixin.py:188} INFO - [2025-11-10T20:36:12.401+0000] {dag.py:3069} INFO - Creating ORM DAG for latest_only_with_trigger
[2025-11-10T20:36:12.412+0000] {logging_mixin.py:188} INFO - [2025-11-10T20:36:12.411+0000] {dag.py:3834} INFO - Setting next_dagrun for latest_only_with_trigger to 2025-11-10 16:00:00+00:00, run_after=2025-11-10 20:00:00+00:00
[2025-11-10T20:36:12.429+0000] {processor.py:183} INFO - Processing /home/airflow/.local/lib/python3.8/site-packages/airflow/example_dags/example_latest_only_with_trigger.py took 0.232 seconds
[2025-11-10T20:36:42.616+0000] {processor.py:161} INFO - Started process (PID=150) to work on /home/airflow/.local/lib/python3.8/site-packages/airflow/example_dags/example_latest_only_with_trigger.py
[2025-11-10T20:36:42.618+0000] {processor.py:830} INFO - Processing file /home/airflow/.local/lib/python3.8/site-packages/airflow/example_dags/example_latest_only_with_trigger.py for tasks to queue
[2025-11-10T20:36:42.620+0000] {logging_mixin.py:188} INFO - [2025-11-10T20:36:42.619+0000] {dagbag.py:540} INFO - Filling up the DagBag from /home/airflow/.local/lib/python3.8/site-packages/airflow/example_dags/example_latest_only_with_trigger.py
[2025-11-10T20:36:42.626+0000] {processor.py:840} INFO - DAG(s) 'latest_only_with_trigger' retrieved from /home/airflow/.local/lib/python3.8/site-packages/airflow/example_dags/example_latest_only_with_trigger.py
[2025-11-10T20:36:42.652+0000] {logging_mixin.py:188} INFO - [2025-11-10T20:36:42.652+0000] {dag.py:3047} INFO - Sync 1 DAGs
[2025-11-10T20:36:42.674+0000] {logging_mixin.py:188} INFO - [2025-11-10T20:36:42.674+0000] {dag.py:3834} INFO - Setting next_dagrun for latest_only_with_trigger to 2025-11-10 16:00:00+00:00, run_after=2025-11-10 20:00:00+00:00
[2025-11-10T20:36:42.694+0000] {processor.py:183} INFO - Processing /home/airflow/.local/lib/python3.8/site-packages/airflow/example_dags/example_latest_only_with_trigger.py took 0.081 seconds
[2025-11-10T20:37:13.620+0000] {processor.py:161} INFO - Started process (PID=205) to work on /home/airflow/.local/lib/python3.8/site-packages/airflow/example_dags/example_latest_only_with_trigger.py
[2025-11-10T20:37:13.622+0000] {processor.py:830} INFO - Processing file /home/airflow/.local/lib/python3.8/site-packages/airflow/example_dags/example_latest_only_with_trigger.py for tasks to queue
[2025-11-10T20:37:13.625+0000] {logging_mixin.py:188} INFO - [2025-11-10T20:37:13.625+0000] {dagbag.py:540} INFO - Filling up the DagBag from /home/airflow/.local/lib/python3.8/site-packages/airflow/example_dags/example_latest_only_with_trigger.py
[2025-11-10T20:37:13.632+0000] {processor.py:840} INFO - DAG(s) 'latest_only_with_trigger' retrieved from /home/airflow/.local/lib/python3.8/site-packages/airflow/example_dags/example_latest_only_with_trigger.py
[2025-11-10T20:37:13.661+0000] {logging_mixin.py:188} INFO - [2025-11-10T20:37:13.660+0000] {dag.py:3047} INFO - Sync 1 DAGs
[2025-11-10T20:37:13.686+0000] {logging_mixin.py:188} INFO - [2025-11-10T20:37:13.686+0000] {dag.py:3834} INFO - Setting next_dagrun for latest_only_with_trigger to 2025-11-10 16:00:00+00:00, run_after=2025-11-10 20:00:00+00:00
[2025-11-10T20:37:13.709+0000] {processor.py:183} INFO - Processing /home/airflow/.local/lib/python3.8/site-packages/airflow/example_dags/example_latest_only_with_trigger.py took 0.094 seconds
[2025-11-10T20:37:43.820+0000] {processor.py:161} INFO - Started process (PID=260) to work on /home/airflow/.local/lib/python3.8/site-packages/airflow/example_dags/example_latest_only_with_trigger.py
[2025-11-10T20:37:43.822+0000] {processor.py:830} INFO - Processing file /home/airflow/.local/lib/python3.8/site-packages/airflow/example_dags/example_latest_only_with_trigger.py for tasks to queue
[2025-11-10T20:37:43.824+0000] {logging_mixin.py:188} INFO - [2025-11-10T20:37:43.824+0000] {dagbag.py:540} INFO - Filling up the DagBag from /home/airflow/.local/lib/python3.8/site-packages/airflow/example_dags/example_latest_only_with_trigger.py
[2025-11-10T20:37:43.832+0000] {processor.py:840} INFO - DAG(s) 'latest_only_with_trigger' retrieved from /home/airflow/.local/lib/python3.8/site-packages/airflow/example_dags/example_latest_only_with_trigger.py
[2025-11-10T20:37:43.856+0000] {logging_mixin.py:188} INFO - [2025-11-10T20:37:43.856+0000] {dag.py:3047} INFO - Sync 1 DAGs
[2025-11-10T20:37:43.875+0000] {logging_mixin.py:188} INFO - [2025-11-10T20:37:43.875+0000] {dag.py:3834} INFO - Setting next_dagrun for latest_only_with_trigger to 2025-11-10 16:00:00+00:00, run_after=2025-11-10 20:00:00+00:00
[2025-11-10T20:37:43.892+0000] {processor.py:183} INFO - Processing /home/airflow/.local/lib/python3.8/site-packages/airflow/example_dags/example_latest_only_with_trigger.py took 0.075 seconds
[2025-11-10T20:38:14.225+0000] {processor.py:161} INFO - Started process (PID=315) to work on /home/airflow/.local/lib/python3.8/site-packages/airflow/example_dags/example_latest_only_with_trigger.py
[2025-11-10T20:38:14.228+0000] {processor.py:830} INFO - Processing file /home/airflow/.local/lib/python3.8/site-packages/airflow/example_dags/example_latest_only_with_trigger.py for tasks to queue
[2025-11-10T20:38:14.231+0000] {logging_mixin.py:188} INFO - [2025-11-10T20:38:14.230+0000] {dagbag.py:540} INFO - Filling up the DagBag from /home/airflow/.local/lib/python3.8/site-packages/airflow/example_dags/example_latest_only_with_trigger.py
[2025-11-10T20:38:14.237+0000] {processor.py:840} INFO - DAG(s) 'latest_only_with_trigger' retrieved from /home/airflow/.local/lib/python3.8/site-packages/airflow/example_dags/example_latest_only_with_trigger.py
[2025-11-10T20:38:14.260+0000] {logging_mixin.py:188} INFO - [2025-11-10T20:38:14.260+0000] {dag.py:3047} INFO - Sync 1 DAGs
[2025-11-10T20:38:14.283+0000] {logging_mixin.py:188} INFO - [2025-11-10T20:38:14.283+0000] {dag.py:3834} INFO - Setting next_dagrun for latest_only_with_trigger to 2025-11-10 16:00:00+00:00, run_after=2025-11-10 20:00:00+00:00
[2025-11-10T20:38:14.303+0000] {processor.py:183} INFO - Processing /home/airflow/.local/lib/python3.8/site-packages/airflow/example_dags/example_latest_only_with_trigger.py took 0.083 seconds
[2025-11-10T20:38:44.503+0000] {processor.py:161} INFO - Started process (PID=370) to work on /home/airflow/.local/lib/python3.8/site-packages/airflow/example_dags/example_latest_only_with_trigger.py
[2025-11-10T20:38:44.505+0000] {processor.py:830} INFO - Processing file /home/airflow/.local/lib/python3.8/site-packages/airflow/example_dags/example_latest_only_with_trigger.py for tasks to queue
[2025-11-10T20:38:44.507+0000] {logging_mixin.py:188} INFO - [2025-11-10T20:38:44.507+0000] {dagbag.py:540} INFO - Filling up the DagBag from /home/airflow/.local/lib/python3.8/site-packages/airflow/example_dags/example_latest_only_with_trigger.py
[2025-11-10T20:38:44.514+0000] {processor.py:840} INFO - DAG(s) 'latest_only_with_trigger' retrieved from /home/airflow/.local/lib/python3.8/site-packages/airflow/example_dags/example_latest_only_with_trigger.py
[2025-11-10T20:38:44.536+0000] {logging_mixin.py:188} INFO - [2025-11-10T20:38:44.536+0000] {dag.py:3047} INFO - Sync 1 DAGs
[2025-11-10T20:38:44.558+0000] {logging_mixin.py:188} INFO - [2025-11-10T20:38:44.558+0000] {dag.py:3834} INFO - Setting next_dagrun for latest_only_with_trigger to 2025-11-10 16:00:00+00:00, run_after=2025-11-10 20:00:00+00:00
[2025-11-10T20:38:44.580+0000] {processor.py:183} INFO - Processing /home/airflow/.local/lib/python3.8/site-packages/airflow/example_dags/example_latest_only_with_trigger.py took 0.081 seconds
[2025-11-10T20:39:14.924+0000] {processor.py:161} INFO - Started process (PID=425) to work on /home/airflow/.local/lib/python3.8/site-packages/airflow/example_dags/example_latest_only_with_trigger.py
[2025-11-10T20:39:14.925+0000] {processor.py:830} INFO - Processing file /home/airflow/.local/lib/python3.8/site-packages/airflow/example_dags/example_latest_only_with_trigger.py for tasks to queue
[2025-11-10T20:39:14.927+0000] {logging_mixin.py:188} INFO - [2025-11-10T20:39:14.927+0000] {dagbag.py:540} INFO - Filling up the DagBag from /home/airflow/.local/lib/python3.8/site-packages/airflow/example_dags/example_latest_only_with_trigger.py
[2025-11-10T20:39:14.933+0000] {processor.py:840} INFO - DAG(s) 'latest_only_with_trigger' retrieved from /home/airflow/.local/lib/python3.8/site-packages/airflow/example_dags/example_latest_only_with_trigger.py
[2025-11-10T20:39:14.956+0000] {logging_mixin.py:188} INFO - [2025-11-10T20:39:14.956+0000] {dag.py:3047} INFO - Sync 1 DAGs
[2025-11-10T20:39:14.977+0000] {logging_mixin.py:188} INFO - [2025-11-10T20:39:14.977+0000] {dag.py:3834} INFO - Setting next_dagrun for latest_only_with_trigger to 2025-11-10 16:00:00+00:00, run_after=2025-11-10 20:00:00+00:00
[2025-11-10T20:39:14.995+0000] {processor.py:183} INFO - Processing /home/airflow/.local/lib/python3.8/site-packages/airflow/example_dags/example_latest_only_with_trigger.py took 0.075 seconds
[2025-11-10T20:39:45.683+0000] {processor.py:161} INFO - Started process (PID=480) to work on /home/airflow/.local/lib/python3.8/site-packages/airflow/example_dags/example_latest_only_with_trigger.py
[2025-11-10T20:39:45.685+0000] {processor.py:830} INFO - Processing file /home/airflow/.local/lib/python3.8/site-packages/airflow/example_dags/example_latest_only_with_trigger.py for tasks to queue
[2025-11-10T20:39:45.688+0000] {logging_mixin.py:188} INFO - [2025-11-10T20:39:45.687+0000] {dagbag.py:540} INFO - Filling up the DagBag from /home/airflow/.local/lib/python3.8/site-packages/airflow/example_dags/example_latest_only_with_trigger.py
[2025-11-10T20:39:45.698+0000] {processor.py:840} INFO - DAG(s) 'latest_only_with_trigger' retrieved from /home/airflow/.local/lib/python3.8/site-packages/airflow/example_dags/example_latest_only_with_trigger.py
[2025-11-10T20:39:45.726+0000] {logging_mixin.py:188} INFO - [2025-11-10T20:39:45.726+0000] {dag.py:3047} INFO - Sync 1 DAGs
[2025-11-10T20:39:45.753+0000] {logging_mixin.py:188} INFO - [2025-11-10T20:39:45.753+0000] {dag.py:3834} INFO - Setting next_dagrun for latest_only_with_trigger to 2025-11-10 16:00:00+00:00, run_after=2025-11-10 20:00:00+00:00
[2025-11-10T20:39:45.778+0000] {processor.py:183} INFO - Processing /home/airflow/.local/lib/python3.8/site-packages/airflow/example_dags/example_latest_only_with_trigger.py took 0.099 seconds
[2025-11-10T20:40:16.478+0000] {processor.py:161} INFO - Started process (PID=535) to work on /home/airflow/.local/lib/python3.8/site-packages/airflow/example_dags/example_latest_only_with_trigger.py
[2025-11-10T20:40:16.479+0000] {processor.py:830} INFO - Processing file /home/airflow/.local/lib/python3.8/site-packages/airflow/example_dags/example_latest_only_with_trigger.py for tasks to queue
[2025-11-10T20:40:16.481+0000] {logging_mixin.py:188} INFO - [2025-11-10T20:40:16.481+0000] {dagbag.py:540} INFO - Filling up the DagBag from /home/airflow/.local/lib/python3.8/site-packages/airflow/example_dags/example_latest_only_with_trigger.py
[2025-11-10T20:40:16.488+0000] {processor.py:840} INFO - DAG(s) 'latest_only_with_trigger' retrieved from /home/airflow/.local/lib/python3.8/site-packages/airflow/example_dags/example_latest_only_with_trigger.py
[2025-11-10T20:40:16.510+0000] {logging_mixin.py:188} INFO - [2025-11-10T20:40:16.510+0000] {dag.py:3047} INFO - Sync 1 DAGs
[2025-11-10T20:40:16.531+0000] {logging_mixin.py:188} INFO - [2025-11-10T20:40:16.531+0000] {dag.py:3834} INFO - Setting next_dagrun for latest_only_with_trigger to 2025-11-10 16:00:00+00:00, run_after=2025-11-10 20:00:00+00:00
[2025-11-10T20:40:16.552+0000] {processor.py:183} INFO - Processing /home/airflow/.local/lib/python3.8/site-packages/airflow/example_dags/example_latest_only_with_trigger.py took 0.078 seconds
[2025-11-10T20:40:46.905+0000] {processor.py:161} INFO - Started process (PID=590) to work on /home/airflow/.local/lib/python3.8/site-packages/airflow/example_dags/example_latest_only_with_trigger.py
[2025-11-10T20:40:46.906+0000] {processor.py:830} INFO - Processing file /home/airflow/.local/lib/python3.8/site-packages/airflow/example_dags/example_latest_only_with_trigger.py for tasks to queue
[2025-11-10T20:40:46.909+0000] {logging_mixin.py:188} INFO - [2025-11-10T20:40:46.909+0000] {dagbag.py:540} INFO - Filling up the DagBag from /home/airflow/.local/lib/python3.8/site-packages/airflow/example_dags/example_latest_only_with_trigger.py
[2025-11-10T20:40:46.915+0000] {processor.py:840} INFO - DAG(s) 'latest_only_with_trigger' retrieved from /home/airflow/.local/lib/python3.8/site-packages/airflow/example_dags/example_latest_only_with_trigger.py
[2025-11-10T20:40:46.935+0000] {logging_mixin.py:188} INFO - [2025-11-10T20:40:46.935+0000] {dag.py:3047} INFO - Sync 1 DAGs
[2025-11-10T20:40:46.957+0000] {logging_mixin.py:188} INFO - [2025-11-10T20:40:46.956+0000] {dag.py:3834} INFO - Setting next_dagrun for latest_only_with_trigger to 2025-11-10 16:00:00+00:00, run_after=2025-11-10 20:00:00+00:00
[2025-11-10T20:40:46.981+0000] {processor.py:183} INFO - Processing /home/airflow/.local/lib/python3.8/site-packages/airflow/example_dags/example_latest_only_with_trigger.py took 0.079 seconds
[2025-11-10T20:41:17.298+0000] {processor.py:161} INFO - Started process (PID=645) to work on /home/airflow/.local/lib/python3.8/site-packages/airflow/example_dags/example_latest_only_with_trigger.py
[2025-11-10T20:41:17.299+0000] {processor.py:830} INFO - Processing file /home/airflow/.local/lib/python3.8/site-packages/airflow/example_dags/example_latest_only_with_trigger.py for tasks to queue
[2025-11-10T20:41:17.302+0000] {logging_mixin.py:188} INFO - [2025-11-10T20:41:17.301+0000] {dagbag.py:540} INFO - Filling up the DagBag from /home/airflow/.local/lib/python3.8/site-packages/airflow/example_dags/example_latest_only_with_trigger.py
[2025-11-10T20:41:17.308+0000] {processor.py:840} INFO - DAG(s) 'latest_only_with_trigger' retrieved from /home/airflow/.local/lib/python3.8/site-packages/airflow/example_dags/example_latest_only_with_trigger.py
[2025-11-10T20:41:17.331+0000] {logging_mixin.py:188} INFO - [2025-11-10T20:41:17.331+0000] {dag.py:3047} INFO - Sync 1 DAGs
[2025-11-10T20:41:17.353+0000] {logging_mixin.py:188} INFO - [2025-11-10T20:41:17.352+0000] {dag.py:3834} INFO - Setting next_dagrun for latest_only_with_trigger to 2025-11-10 16:00:00+00:00, run_after=2025-11-10 20:00:00+00:00
[2025-11-10T20:41:17.378+0000] {processor.py:183} INFO - Processing /home/airflow/.local/lib/python3.8/site-packages/airflow/example_dags/example_latest_only_with_trigger.py took 0.083 seconds
[2025-11-10T20:41:47.676+0000] {processor.py:161} INFO - Started process (PID=700) to work on /home/airflow/.local/lib/python3.8/site-packages/airflow/example_dags/example_latest_only_with_trigger.py
[2025-11-10T20:41:47.677+0000] {processor.py:830} INFO - Processing file /home/airflow/.local/lib/python3.8/site-packages/airflow/example_dags/example_latest_only_with_trigger.py for tasks to queue
[2025-11-10T20:41:47.680+0000] {logging_mixin.py:188} INFO - [2025-11-10T20:41:47.679+0000] {dagbag.py:540} INFO - Filling up the DagBag from /home/airflow/.local/lib/python3.8/site-packages/airflow/example_dags/example_latest_only_with_trigger.py
[2025-11-10T20:41:47.686+0000] {processor.py:840} INFO - DAG(s) 'latest_only_with_trigger' retrieved from /home/airflow/.local/lib/python3.8/site-packages/airflow/example_dags/example_latest_only_with_trigger.py
[2025-11-10T20:41:47.706+0000] {logging_mixin.py:188} INFO - [2025-11-10T20:41:47.706+0000] {dag.py:3047} INFO - Sync 1 DAGs
[2025-11-10T20:41:47.726+0000] {logging_mixin.py:188} INFO - [2025-11-10T20:41:47.726+0000] {dag.py:3834} INFO - Setting next_dagrun for latest_only_with_trigger to 2025-11-10 16:00:00+00:00, run_after=2025-11-10 20:00:00+00:00
[2025-11-10T20:41:47.744+0000] {processor.py:183} INFO - Processing /home/airflow/.local/lib/python3.8/site-packages/airflow/example_dags/example_latest_only_with_trigger.py took 0.072 seconds
[2025-11-10T20:42:18.795+0000] {processor.py:161} INFO - Started process (PID=755) to work on /home/airflow/.local/lib/python3.8/site-packages/airflow/example_dags/example_latest_only_with_trigger.py
[2025-11-10T20:42:18.797+0000] {processor.py:830} INFO - Processing file /home/airflow/.local/lib/python3.8/site-packages/airflow/example_dags/example_latest_only_with_trigger.py for tasks to queue
[2025-11-10T20:42:18.799+0000] {logging_mixin.py:188} INFO - [2025-11-10T20:42:18.798+0000] {dagbag.py:540} INFO - Filling up the DagBag from /home/airflow/.local/lib/python3.8/site-packages/airflow/example_dags/example_latest_only_with_trigger.py
[2025-11-10T20:42:18.804+0000] {processor.py:840} INFO - DAG(s) 'latest_only_with_trigger' retrieved from /home/airflow/.local/lib/python3.8/site-packages/airflow/example_dags/example_latest_only_with_trigger.py
[2025-11-10T20:42:18.825+0000] {logging_mixin.py:188} INFO - [2025-11-10T20:42:18.825+0000] {dag.py:3047} INFO - Sync 1 DAGs
[2025-11-10T20:42:18.850+0000] {logging_mixin.py:188} INFO - [2025-11-10T20:42:18.850+0000] {dag.py:3834} INFO - Setting next_dagrun for latest_only_with_trigger to 2025-11-10 16:00:00+00:00, run_after=2025-11-10 20:00:00+00:00
[2025-11-10T20:42:18.870+0000] {processor.py:183} INFO - Processing /home/airflow/.local/lib/python3.8/site-packages/airflow/example_dags/example_latest_only_with_trigger.py took 0.078 seconds
[2025-11-10T20:42:49.200+0000] {processor.py:161} INFO - Started process (PID=810) to work on /home/airflow/.local/lib/python3.8/site-packages/airflow/example_dags/example_latest_only_with_trigger.py
[2025-11-10T20:42:49.201+0000] {processor.py:830} INFO - Processing file /home/airflow/.local/lib/python3.8/site-packages/airflow/example_dags/example_latest_only_with_trigger.py for tasks to queue
[2025-11-10T20:42:49.203+0000] {logging_mixin.py:188} INFO - [2025-11-10T20:42:49.202+0000] {dagbag.py:540} INFO - Filling up the DagBag from /home/airflow/.local/lib/python3.8/site-packages/airflow/example_dags/example_latest_only_with_trigger.py
[2025-11-10T20:42:49.208+0000] {processor.py:840} INFO - DAG(s) 'latest_only_with_trigger' retrieved from /home/airflow/.local/lib/python3.8/site-packages/airflow/example_dags/example_latest_only_with_trigger.py
[2025-11-10T20:42:49.229+0000] {logging_mixin.py:188} INFO - [2025-11-10T20:42:49.229+0000] {dag.py:3047} INFO - Sync 1 DAGs
[2025-11-10T20:42:49.254+0000] {logging_mixin.py:188} INFO - [2025-11-10T20:42:49.254+0000] {dag.py:3834} INFO - Setting next_dagrun for latest_only_with_trigger to 2025-11-10 16:00:00+00:00, run_after=2025-11-10 20:00:00+00:00
[2025-11-10T20:42:49.278+0000] {processor.py:183} INFO - Processing /home/airflow/.local/lib/python3.8/site-packages/airflow/example_dags/example_latest_only_with_trigger.py took 0.082 seconds
[2025-11-10T20:43:19.513+0000] {processor.py:161} INFO - Started process (PID=865) to work on /home/airflow/.local/lib/python3.8/site-packages/airflow/example_dags/example_latest_only_with_trigger.py
[2025-11-10T20:43:19.515+0000] {processor.py:830} INFO - Processing file /home/airflow/.local/lib/python3.8/site-packages/airflow/example_dags/example_latest_only_with_trigger.py for tasks to queue
[2025-11-10T20:43:19.517+0000] {logging_mixin.py:188} INFO - [2025-11-10T20:43:19.517+0000] {dagbag.py:540} INFO - Filling up the DagBag from /home/airflow/.local/lib/python3.8/site-packages/airflow/example_dags/example_latest_only_with_trigger.py
[2025-11-10T20:43:19.523+0000] {processor.py:840} INFO - DAG(s) 'latest_only_with_trigger' retrieved from /home/airflow/.local/lib/python3.8/site-packages/airflow/example_dags/example_latest_only_with_trigger.py
[2025-11-10T20:43:19.543+0000] {logging_mixin.py:188} INFO - [2025-11-10T20:43:19.543+0000] {dag.py:3047} INFO - Sync 1 DAGs
[2025-11-10T20:43:19.563+0000] {logging_mixin.py:188} INFO - [2025-11-10T20:43:19.563+0000] {dag.py:3834} INFO - Setting next_dagrun for latest_only_with_trigger to 2025-11-10 16:00:00+00:00, run_after=2025-11-10 20:00:00+00:00
[2025-11-10T20:43:19.580+0000] {processor.py:183} INFO - Processing /home/airflow/.local/lib/python3.8/site-packages/airflow/example_dags/example_latest_only_with_trigger.py took 0.071 seconds
[2025-11-10T20:43:49.892+0000] {processor.py:161} INFO - Started process (PID=919) to work on /home/airflow/.local/lib/python3.8/site-packages/airflow/example_dags/example_latest_only_with_trigger.py
[2025-11-10T20:43:49.893+0000] {processor.py:830} INFO - Processing file /home/airflow/.local/lib/python3.8/site-packages/airflow/example_dags/example_latest_only_with_trigger.py for tasks to queue
[2025-11-10T20:43:49.895+0000] {logging_mixin.py:188} INFO - [2025-11-10T20:43:49.895+0000] {dagbag.py:540} INFO - Filling up the DagBag from /home/airflow/.local/lib/python3.8/site-packages/airflow/example_dags/example_latest_only_with_trigger.py
[2025-11-10T20:43:49.901+0000] {processor.py:840} INFO - DAG(s) 'latest_only_with_trigger' retrieved from /home/airflow/.local/lib/python3.8/site-packages/airflow/example_dags/example_latest_only_with_trigger.py
[2025-11-10T20:43:49.935+0000] {logging_mixin.py:188} INFO - [2025-11-10T20:43:49.935+0000] {dag.py:3047} INFO - Sync 1 DAGs
[2025-11-10T20:43:49.974+0000] {logging_mixin.py:188} INFO - [2025-11-10T20:43:49.973+0000] {dag.py:3834} INFO - Setting next_dagrun for latest_only_with_trigger to 2025-11-10 16:00:00+00:00, run_after=2025-11-10 20:00:00+00:00
[2025-11-10T20:43:50.024+0000] {processor.py:183} INFO - Processing /home/airflow/.local/lib/python3.8/site-packages/airflow/example_dags/example_latest_only_with_trigger.py took 0.136 seconds
[2025-11-10T20:44:20.811+0000] {processor.py:161} INFO - Started process (PID=974) to work on /home/airflow/.local/lib/python3.8/site-packages/airflow/example_dags/example_latest_only_with_trigger.py
[2025-11-10T20:44:20.812+0000] {processor.py:830} INFO - Processing file /home/airflow/.local/lib/python3.8/site-packages/airflow/example_dags/example_latest_only_with_trigger.py for tasks to queue
[2025-11-10T20:44:20.814+0000] {logging_mixin.py:188} INFO - [2025-11-10T20:44:20.814+0000] {dagbag.py:540} INFO - Filling up the DagBag from /home/airflow/.local/lib/python3.8/site-packages/airflow/example_dags/example_latest_only_with_trigger.py
[2025-11-10T20:44:20.820+0000] {processor.py:840} INFO - DAG(s) 'latest_only_with_trigger' retrieved from /home/airflow/.local/lib/python3.8/site-packages/airflow/example_dags/example_latest_only_with_trigger.py
[2025-11-10T20:44:20.840+0000] {logging_mixin.py:188} INFO - [2025-11-10T20:44:20.839+0000] {dag.py:3047} INFO - Sync 1 DAGs
[2025-11-10T20:44:20.860+0000] {logging_mixin.py:188} INFO - [2025-11-10T20:44:20.860+0000] {dag.py:3834} INFO - Setting next_dagrun for latest_only_with_trigger to 2025-11-10 16:00:00+00:00, run_after=2025-11-10 20:00:00+00:00
[2025-11-10T20:44:20.879+0000] {processor.py:183} INFO - Processing /home/airflow/.local/lib/python3.8/site-packages/airflow/example_dags/example_latest_only_with_trigger.py took 0.071 seconds
[2025-11-10T20:44:51.334+0000] {processor.py:161} INFO - Started process (PID=1029) to work on /home/airflow/.local/lib/python3.8/site-packages/airflow/example_dags/example_latest_only_with_trigger.py
[2025-11-10T20:44:51.336+0000] {processor.py:830} INFO - Processing file /home/airflow/.local/lib/python3.8/site-packages/airflow/example_dags/example_latest_only_with_trigger.py for tasks to queue
[2025-11-10T20:44:51.338+0000] {logging_mixin.py:188} INFO - [2025-11-10T20:44:51.337+0000] {dagbag.py:540} INFO - Filling up the DagBag from /home/airflow/.local/lib/python3.8/site-packages/airflow/example_dags/example_latest_only_with_trigger.py
[2025-11-10T20:44:51.345+0000] {processor.py:840} INFO - DAG(s) 'latest_only_with_trigger' retrieved from /home/airflow/.local/lib/python3.8/site-packages/airflow/example_dags/example_latest_only_with_trigger.py
[2025-11-10T20:44:51.367+0000] {logging_mixin.py:188} INFO - [2025-11-10T20:44:51.367+0000] {dag.py:3047} INFO - Sync 1 DAGs
[2025-11-10T20:44:51.392+0000] {logging_mixin.py:188} INFO - [2025-11-10T20:44:51.392+0000] {dag.py:3834} INFO - Setting next_dagrun for latest_only_with_trigger to 2025-11-10 16:00:00+00:00, run_after=2025-11-10 20:00:00+00:00
[2025-11-10T20:44:51.421+0000] {processor.py:183} INFO - Processing /home/airflow/.local/lib/python3.8/site-packages/airflow/example_dags/example_latest_only_with_trigger.py took 0.090 seconds
[2025-11-10T20:45:21.742+0000] {processor.py:161} INFO - Started process (PID=1084) to work on /home/airflow/.local/lib/python3.8/site-packages/airflow/example_dags/example_latest_only_with_trigger.py
[2025-11-10T20:45:21.744+0000] {processor.py:830} INFO - Processing file /home/airflow/.local/lib/python3.8/site-packages/airflow/example_dags/example_latest_only_with_trigger.py for tasks to queue
[2025-11-10T20:45:21.746+0000] {logging_mixin.py:188} INFO - [2025-11-10T20:45:21.746+0000] {dagbag.py:540} INFO - Filling up the DagBag from /home/airflow/.local/lib/python3.8/site-packages/airflow/example_dags/example_latest_only_with_trigger.py
[2025-11-10T20:45:21.754+0000] {processor.py:840} INFO - DAG(s) 'latest_only_with_trigger' retrieved from /home/airflow/.local/lib/python3.8/site-packages/airflow/example_dags/example_latest_only_with_trigger.py
[2025-11-10T20:45:21.778+0000] {logging_mixin.py:188} INFO - [2025-11-10T20:45:21.777+0000] {dag.py:3047} INFO - Sync 1 DAGs
[2025-11-10T20:45:21.811+0000] {logging_mixin.py:188} INFO - [2025-11-10T20:45:21.811+0000] {dag.py:3834} INFO - Setting next_dagrun for latest_only_with_trigger to 2025-11-10 16:00:00+00:00, run_after=2025-11-10 20:00:00+00:00
[2025-11-10T20:45:21.861+0000] {processor.py:183} INFO - Processing /home/airflow/.local/lib/python3.8/site-packages/airflow/example_dags/example_latest_only_with_trigger.py took 0.122 seconds
[2025-11-10T20:45:52.309+0000] {processor.py:161} INFO - Started process (PID=1139) to work on /home/airflow/.local/lib/python3.8/site-packages/airflow/example_dags/example_latest_only_with_trigger.py
[2025-11-10T20:45:52.311+0000] {processor.py:830} INFO - Processing file /home/airflow/.local/lib/python3.8/site-packages/airflow/example_dags/example_latest_only_with_trigger.py for tasks to queue
[2025-11-10T20:45:52.314+0000] {logging_mixin.py:188} INFO - [2025-11-10T20:45:52.314+0000] {dagbag.py:540} INFO - Filling up the DagBag from /home/airflow/.local/lib/python3.8/site-packages/airflow/example_dags/example_latest_only_with_trigger.py
[2025-11-10T20:45:52.324+0000] {processor.py:840} INFO - DAG(s) 'latest_only_with_trigger' retrieved from /home/airflow/.local/lib/python3.8/site-packages/airflow/example_dags/example_latest_only_with_trigger.py
[2025-11-10T20:45:52.347+0000] {logging_mixin.py:188} INFO - [2025-11-10T20:45:52.347+0000] {dag.py:3047} INFO - Sync 1 DAGs
[2025-11-10T20:45:52.370+0000] {logging_mixin.py:188} INFO - [2025-11-10T20:45:52.370+0000] {dag.py:3834} INFO - Setting next_dagrun for latest_only_with_trigger to 2025-11-10 16:00:00+00:00, run_after=2025-11-10 20:00:00+00:00
[2025-11-10T20:45:52.392+0000] {processor.py:183} INFO - Processing /home/airflow/.local/lib/python3.8/site-packages/airflow/example_dags/example_latest_only_with_trigger.py took 0.087 seconds
[2025-11-10T20:46:22.460+0000] {processor.py:161} INFO - Started process (PID=1194) to work on /home/airflow/.local/lib/python3.8/site-packages/airflow/example_dags/example_latest_only_with_trigger.py
[2025-11-10T20:46:22.461+0000] {processor.py:830} INFO - Processing file /home/airflow/.local/lib/python3.8/site-packages/airflow/example_dags/example_latest_only_with_trigger.py for tasks to queue
[2025-11-10T20:46:22.464+0000] {logging_mixin.py:188} INFO - [2025-11-10T20:46:22.464+0000] {dagbag.py:540} INFO - Filling up the DagBag from /home/airflow/.local/lib/python3.8/site-packages/airflow/example_dags/example_latest_only_with_trigger.py
[2025-11-10T20:46:22.471+0000] {processor.py:840} INFO - DAG(s) 'latest_only_with_trigger' retrieved from /home/airflow/.local/lib/python3.8/site-packages/airflow/example_dags/example_latest_only_with_trigger.py
[2025-11-10T20:46:22.495+0000] {logging_mixin.py:188} INFO - [2025-11-10T20:46:22.495+0000] {dag.py:3047} INFO - Sync 1 DAGs
[2025-11-10T20:46:22.519+0000] {logging_mixin.py:188} INFO - [2025-11-10T20:46:22.518+0000] {dag.py:3834} INFO - Setting next_dagrun for latest_only_with_trigger to 2025-11-10 16:00:00+00:00, run_after=2025-11-10 20:00:00+00:00
[2025-11-10T20:46:22.538+0000] {processor.py:183} INFO - Processing /home/airflow/.local/lib/python3.8/site-packages/airflow/example_dags/example_latest_only_with_trigger.py took 0.083 seconds
[2025-11-10T20:46:52.777+0000] {processor.py:161} INFO - Started process (PID=1250) to work on /home/airflow/.local/lib/python3.8/site-packages/airflow/example_dags/example_latest_only_with_trigger.py
[2025-11-10T20:46:52.778+0000] {processor.py:830} INFO - Processing file /home/airflow/.local/lib/python3.8/site-packages/airflow/example_dags/example_latest_only_with_trigger.py for tasks to queue
[2025-11-10T20:46:52.781+0000] {logging_mixin.py:188} INFO - [2025-11-10T20:46:52.780+0000] {dagbag.py:540} INFO - Filling up the DagBag from /home/airflow/.local/lib/python3.8/site-packages/airflow/example_dags/example_latest_only_with_trigger.py
[2025-11-10T20:46:52.787+0000] {processor.py:840} INFO - DAG(s) 'latest_only_with_trigger' retrieved from /home/airflow/.local/lib/python3.8/site-packages/airflow/example_dags/example_latest_only_with_trigger.py
[2025-11-10T20:46:52.805+0000] {logging_mixin.py:188} INFO - [2025-11-10T20:46:52.805+0000] {dag.py:3047} INFO - Sync 1 DAGs
[2025-11-10T20:46:52.825+0000] {logging_mixin.py:188} INFO - [2025-11-10T20:46:52.825+0000] {dag.py:3834} INFO - Setting next_dagrun for latest_only_with_trigger to 2025-11-10 16:00:00+00:00, run_after=2025-11-10 20:00:00+00:00
[2025-11-10T20:46:52.846+0000] {processor.py:183} INFO - Processing /home/airflow/.local/lib/python3.8/site-packages/airflow/example_dags/example_latest_only_with_trigger.py took 0.072 seconds
[2025-11-10T20:47:23.072+0000] {processor.py:161} INFO - Started process (PID=1305) to work on /home/airflow/.local/lib/python3.8/site-packages/airflow/example_dags/example_latest_only_with_trigger.py
[2025-11-10T20:47:23.074+0000] {processor.py:830} INFO - Processing file /home/airflow/.local/lib/python3.8/site-packages/airflow/example_dags/example_latest_only_with_trigger.py for tasks to queue
[2025-11-10T20:47:23.076+0000] {logging_mixin.py:188} INFO - [2025-11-10T20:47:23.075+0000] {dagbag.py:540} INFO - Filling up the DagBag from /home/airflow/.local/lib/python3.8/site-packages/airflow/example_dags/example_latest_only_with_trigger.py
[2025-11-10T20:47:23.082+0000] {processor.py:840} INFO - DAG(s) 'latest_only_with_trigger' retrieved from /home/airflow/.local/lib/python3.8/site-packages/airflow/example_dags/example_latest_only_with_trigger.py
[2025-11-10T20:47:23.104+0000] {logging_mixin.py:188} INFO - [2025-11-10T20:47:23.104+0000] {dag.py:3047} INFO - Sync 1 DAGs
[2025-11-10T20:47:23.128+0000] {logging_mixin.py:188} INFO - [2025-11-10T20:47:23.128+0000] {dag.py:3834} INFO - Setting next_dagrun for latest_only_with_trigger to 2025-11-10 16:00:00+00:00, run_after=2025-11-10 20:00:00+00:00
[2025-11-10T20:47:23.148+0000] {processor.py:183} INFO - Processing /home/airflow/.local/lib/python3.8/site-packages/airflow/example_dags/example_latest_only_with_trigger.py took 0.080 seconds
[2025-11-10T20:47:53.426+0000] {processor.py:161} INFO - Started process (PID=1360) to work on /home/airflow/.local/lib/python3.8/site-packages/airflow/example_dags/example_latest_only_with_trigger.py
[2025-11-10T20:47:53.428+0000] {processor.py:830} INFO - Processing file /home/airflow/.local/lib/python3.8/site-packages/airflow/example_dags/example_latest_only_with_trigger.py for tasks to queue
[2025-11-10T20:47:53.431+0000] {logging_mixin.py:188} INFO - [2025-11-10T20:47:53.431+0000] {dagbag.py:540} INFO - Filling up the DagBag from /home/airflow/.local/lib/python3.8/site-packages/airflow/example_dags/example_latest_only_with_trigger.py
[2025-11-10T20:47:53.438+0000] {processor.py:840} INFO - DAG(s) 'latest_only_with_trigger' retrieved from /home/airflow/.local/lib/python3.8/site-packages/airflow/example_dags/example_latest_only_with_trigger.py
[2025-11-10T20:47:53.456+0000] {logging_mixin.py:188} INFO - [2025-11-10T20:47:53.456+0000] {dag.py:3047} INFO - Sync 1 DAGs
[2025-11-10T20:47:53.476+0000] {logging_mixin.py:188} INFO - [2025-11-10T20:47:53.476+0000] {dag.py:3834} INFO - Setting next_dagrun for latest_only_with_trigger to 2025-11-10 16:00:00+00:00, run_after=2025-11-10 20:00:00+00:00
[2025-11-10T20:47:53.494+0000] {processor.py:183} INFO - Processing /home/airflow/.local/lib/python3.8/site-packages/airflow/example_dags/example_latest_only_with_trigger.py took 0.071 seconds
[2025-11-10T20:48:23.827+0000] {processor.py:161} INFO - Started process (PID=1415) to work on /home/airflow/.local/lib/python3.8/site-packages/airflow/example_dags/example_latest_only_with_trigger.py
[2025-11-10T20:48:23.829+0000] {processor.py:830} INFO - Processing file /home/airflow/.local/lib/python3.8/site-packages/airflow/example_dags/example_latest_only_with_trigger.py for tasks to queue
[2025-11-10T20:48:23.831+0000] {logging_mixin.py:188} INFO - [2025-11-10T20:48:23.831+0000] {dagbag.py:540} INFO - Filling up the DagBag from /home/airflow/.local/lib/python3.8/site-packages/airflow/example_dags/example_latest_only_with_trigger.py
[2025-11-10T20:48:23.838+0000] {processor.py:840} INFO - DAG(s) 'latest_only_with_trigger' retrieved from /home/airflow/.local/lib/python3.8/site-packages/airflow/example_dags/example_latest_only_with_trigger.py
[2025-11-10T20:48:23.865+0000] {logging_mixin.py:188} INFO - [2025-11-10T20:48:23.865+0000] {dag.py:3047} INFO - Sync 1 DAGs
[2025-11-10T20:48:23.887+0000] {logging_mixin.py:188} INFO - [2025-11-10T20:48:23.886+0000] {dag.py:3834} INFO - Setting next_dagrun for latest_only_with_trigger to 2025-11-10 16:00:00+00:00, run_after=2025-11-10 20:00:00+00:00
[2025-11-10T20:48:23.907+0000] {processor.py:183} INFO - Processing /home/airflow/.local/lib/python3.8/site-packages/airflow/example_dags/example_latest_only_with_trigger.py took 0.084 seconds
[2025-11-10T20:48:54.084+0000] {processor.py:161} INFO - Started process (PID=1470) to work on /home/airflow/.local/lib/python3.8/site-packages/airflow/example_dags/example_latest_only_with_trigger.py
[2025-11-10T20:48:54.086+0000] {processor.py:830} INFO - Processing file /home/airflow/.local/lib/python3.8/site-packages/airflow/example_dags/example_latest_only_with_trigger.py for tasks to queue
[2025-11-10T20:48:54.088+0000] {logging_mixin.py:188} INFO - [2025-11-10T20:48:54.088+0000] {dagbag.py:540} INFO - Filling up the DagBag from /home/airflow/.local/lib/python3.8/site-packages/airflow/example_dags/example_latest_only_with_trigger.py
[2025-11-10T20:48:54.097+0000] {processor.py:840} INFO - DAG(s) 'latest_only_with_trigger' retrieved from /home/airflow/.local/lib/python3.8/site-packages/airflow/example_dags/example_latest_only_with_trigger.py
[2025-11-10T20:48:54.117+0000] {logging_mixin.py:188} INFO - [2025-11-10T20:48:54.117+0000] {dag.py:3047} INFO - Sync 1 DAGs
[2025-11-10T20:48:54.137+0000] {logging_mixin.py:188} INFO - [2025-11-10T20:48:54.137+0000] {dag.py:3834} INFO - Setting next_dagrun for latest_only_with_trigger to 2025-11-10 16:00:00+00:00, run_after=2025-11-10 20:00:00+00:00
[2025-11-10T20:48:54.157+0000] {processor.py:183} INFO - Processing /home/airflow/.local/lib/python3.8/site-packages/airflow/example_dags/example_latest_only_with_trigger.py took 0.076 seconds
[2025-11-10T20:49:24.423+0000] {processor.py:161} INFO - Started process (PID=1526) to work on /home/airflow/.local/lib/python3.8/site-packages/airflow/example_dags/example_latest_only_with_trigger.py
[2025-11-10T20:49:24.425+0000] {processor.py:830} INFO - Processing file /home/airflow/.local/lib/python3.8/site-packages/airflow/example_dags/example_latest_only_with_trigger.py for tasks to queue
[2025-11-10T20:49:24.427+0000] {logging_mixin.py:188} INFO - [2025-11-10T20:49:24.427+0000] {dagbag.py:540} INFO - Filling up the DagBag from /home/airflow/.local/lib/python3.8/site-packages/airflow/example_dags/example_latest_only_with_trigger.py
[2025-11-10T20:49:24.434+0000] {processor.py:840} INFO - DAG(s) 'latest_only_with_trigger' retrieved from /home/airflow/.local/lib/python3.8/site-packages/airflow/example_dags/example_latest_only_with_trigger.py
[2025-11-10T20:49:24.457+0000] {logging_mixin.py:188} INFO - [2025-11-10T20:49:24.456+0000] {dag.py:3047} INFO - Sync 1 DAGs
[2025-11-10T20:49:24.481+0000] {logging_mixin.py:188} INFO - [2025-11-10T20:49:24.480+0000] {dag.py:3834} INFO - Setting next_dagrun for latest_only_with_trigger to 2025-11-10 16:00:00+00:00, run_after=2025-11-10 20:00:00+00:00
[2025-11-10T20:49:24.504+0000] {processor.py:183} INFO - Processing /home/airflow/.local/lib/python3.8/site-packages/airflow/example_dags/example_latest_only_with_trigger.py took 0.085 seconds
[2025-11-10T20:49:55.417+0000] {processor.py:161} INFO - Started process (PID=1581) to work on /home/airflow/.local/lib/python3.8/site-packages/airflow/example_dags/example_latest_only_with_trigger.py
[2025-11-10T20:49:55.418+0000] {processor.py:830} INFO - Processing file /home/airflow/.local/lib/python3.8/site-packages/airflow/example_dags/example_latest_only_with_trigger.py for tasks to queue
[2025-11-10T20:49:55.421+0000] {logging_mixin.py:188} INFO - [2025-11-10T20:49:55.421+0000] {dagbag.py:540} INFO - Filling up the DagBag from /home/airflow/.local/lib/python3.8/site-packages/airflow/example_dags/example_latest_only_with_trigger.py
[2025-11-10T20:49:55.429+0000] {processor.py:840} INFO - DAG(s) 'latest_only_with_trigger' retrieved from /home/airflow/.local/lib/python3.8/site-packages/airflow/example_dags/example_latest_only_with_trigger.py
[2025-11-10T20:49:55.452+0000] {logging_mixin.py:188} INFO - [2025-11-10T20:49:55.452+0000] {dag.py:3047} INFO - Sync 1 DAGs
[2025-11-10T20:49:55.472+0000] {logging_mixin.py:188} INFO - [2025-11-10T20:49:55.471+0000] {dag.py:3834} INFO - Setting next_dagrun for latest_only_with_trigger to 2025-11-10 16:00:00+00:00, run_after=2025-11-10 20:00:00+00:00
[2025-11-10T20:49:55.492+0000] {processor.py:183} INFO - Processing /home/airflow/.local/lib/python3.8/site-packages/airflow/example_dags/example_latest_only_with_trigger.py took 0.080 seconds
[2025-11-10T20:50:25.621+0000] {processor.py:161} INFO - Started process (PID=1636) to work on /home/airflow/.local/lib/python3.8/site-packages/airflow/example_dags/example_latest_only_with_trigger.py
[2025-11-10T20:50:25.622+0000] {processor.py:830} INFO - Processing file /home/airflow/.local/lib/python3.8/site-packages/airflow/example_dags/example_latest_only_with_trigger.py for tasks to queue
[2025-11-10T20:50:25.625+0000] {logging_mixin.py:188} INFO - [2025-11-10T20:50:25.625+0000] {dagbag.py:540} INFO - Filling up the DagBag from /home/airflow/.local/lib/python3.8/site-packages/airflow/example_dags/example_latest_only_with_trigger.py
[2025-11-10T20:50:25.632+0000] {processor.py:840} INFO - DAG(s) 'latest_only_with_trigger' retrieved from /home/airflow/.local/lib/python3.8/site-packages/airflow/example_dags/example_latest_only_with_trigger.py
[2025-11-10T20:50:25.652+0000] {logging_mixin.py:188} INFO - [2025-11-10T20:50:25.651+0000] {dag.py:3047} INFO - Sync 1 DAGs
[2025-11-10T20:50:25.671+0000] {logging_mixin.py:188} INFO - [2025-11-10T20:50:25.671+0000] {dag.py:3834} INFO - Setting next_dagrun for latest_only_with_trigger to 2025-11-10 16:00:00+00:00, run_after=2025-11-10 20:00:00+00:00
[2025-11-10T20:50:25.689+0000] {processor.py:183} INFO - Processing /home/airflow/.local/lib/python3.8/site-packages/airflow/example_dags/example_latest_only_with_trigger.py took 0.074 seconds
[2025-11-10T20:50:56.352+0000] {processor.py:161} INFO - Started process (PID=1691) to work on /home/airflow/.local/lib/python3.8/site-packages/airflow/example_dags/example_latest_only_with_trigger.py
[2025-11-10T20:50:56.353+0000] {processor.py:830} INFO - Processing file /home/airflow/.local/lib/python3.8/site-packages/airflow/example_dags/example_latest_only_with_trigger.py for tasks to queue
[2025-11-10T20:50:56.355+0000] {logging_mixin.py:188} INFO - [2025-11-10T20:50:56.355+0000] {dagbag.py:540} INFO - Filling up the DagBag from /home/airflow/.local/lib/python3.8/site-packages/airflow/example_dags/example_latest_only_with_trigger.py
[2025-11-10T20:50:56.361+0000] {processor.py:840} INFO - DAG(s) 'latest_only_with_trigger' retrieved from /home/airflow/.local/lib/python3.8/site-packages/airflow/example_dags/example_latest_only_with_trigger.py
[2025-11-10T20:50:56.388+0000] {logging_mixin.py:188} INFO - [2025-11-10T20:50:56.387+0000] {dag.py:3047} INFO - Sync 1 DAGs
[2025-11-10T20:50:56.427+0000] {logging_mixin.py:188} INFO - [2025-11-10T20:50:56.427+0000] {dag.py:3834} INFO - Setting next_dagrun for latest_only_with_trigger to 2025-11-10 16:00:00+00:00, run_after=2025-11-10 20:00:00+00:00
[2025-11-10T20:50:56.449+0000] {processor.py:183} INFO - Processing /home/airflow/.local/lib/python3.8/site-packages/airflow/example_dags/example_latest_only_with_trigger.py took 0.101 seconds
[2025-11-10T20:51:26.734+0000] {processor.py:161} INFO - Started process (PID=1746) to work on /home/airflow/.local/lib/python3.8/site-packages/airflow/example_dags/example_latest_only_with_trigger.py
[2025-11-10T20:51:26.735+0000] {processor.py:830} INFO - Processing file /home/airflow/.local/lib/python3.8/site-packages/airflow/example_dags/example_latest_only_with_trigger.py for tasks to queue
[2025-11-10T20:51:26.737+0000] {logging_mixin.py:188} INFO - [2025-11-10T20:51:26.737+0000] {dagbag.py:540} INFO - Filling up the DagBag from /home/airflow/.local/lib/python3.8/site-packages/airflow/example_dags/example_latest_only_with_trigger.py
[2025-11-10T20:51:26.743+0000] {processor.py:840} INFO - DAG(s) 'latest_only_with_trigger' retrieved from /home/airflow/.local/lib/python3.8/site-packages/airflow/example_dags/example_latest_only_with_trigger.py
[2025-11-10T20:51:26.766+0000] {logging_mixin.py:188} INFO - [2025-11-10T20:51:26.765+0000] {dag.py:3047} INFO - Sync 1 DAGs
[2025-11-10T20:51:26.789+0000] {logging_mixin.py:188} INFO - [2025-11-10T20:51:26.789+0000] {dag.py:3834} INFO - Setting next_dagrun for latest_only_with_trigger to 2025-11-10 16:00:00+00:00, run_after=2025-11-10 20:00:00+00:00
[2025-11-10T20:51:26.809+0000] {processor.py:183} INFO - Processing /home/airflow/.local/lib/python3.8/site-packages/airflow/example_dags/example_latest_only_with_trigger.py took 0.079 seconds
[2025-11-10T20:51:56.929+0000] {processor.py:161} INFO - Started process (PID=1801) to work on /home/airflow/.local/lib/python3.8/site-packages/airflow/example_dags/example_latest_only_with_trigger.py
[2025-11-10T20:51:56.931+0000] {processor.py:830} INFO - Processing file /home/airflow/.local/lib/python3.8/site-packages/airflow/example_dags/example_latest_only_with_trigger.py for tasks to queue
[2025-11-10T20:51:56.933+0000] {logging_mixin.py:188} INFO - [2025-11-10T20:51:56.933+0000] {dagbag.py:540} INFO - Filling up the DagBag from /home/airflow/.local/lib/python3.8/site-packages/airflow/example_dags/example_latest_only_with_trigger.py
[2025-11-10T20:51:56.939+0000] {processor.py:840} INFO - DAG(s) 'latest_only_with_trigger' retrieved from /home/airflow/.local/lib/python3.8/site-packages/airflow/example_dags/example_latest_only_with_trigger.py
[2025-11-10T20:51:56.961+0000] {logging_mixin.py:188} INFO - [2025-11-10T20:51:56.960+0000] {dag.py:3047} INFO - Sync 1 DAGs
[2025-11-10T20:51:56.982+0000] {logging_mixin.py:188} INFO - [2025-11-10T20:51:56.982+0000] {dag.py:3834} INFO - Setting next_dagrun for latest_only_with_trigger to 2025-11-10 16:00:00+00:00, run_after=2025-11-10 20:00:00+00:00
[2025-11-10T20:51:57.003+0000] {processor.py:183} INFO - Processing /home/airflow/.local/lib/python3.8/site-packages/airflow/example_dags/example_latest_only_with_trigger.py took 0.076 seconds
[2025-11-10T20:52:28.127+0000] {processor.py:161} INFO - Started process (PID=1856) to work on /home/airflow/.local/lib/python3.8/site-packages/airflow/example_dags/example_latest_only_with_trigger.py
[2025-11-10T20:52:28.128+0000] {processor.py:830} INFO - Processing file /home/airflow/.local/lib/python3.8/site-packages/airflow/example_dags/example_latest_only_with_trigger.py for tasks to queue
[2025-11-10T20:52:28.131+0000] {logging_mixin.py:188} INFO - [2025-11-10T20:52:28.131+0000] {dagbag.py:540} INFO - Filling up the DagBag from /home/airflow/.local/lib/python3.8/site-packages/airflow/example_dags/example_latest_only_with_trigger.py
[2025-11-10T20:52:28.140+0000] {processor.py:840} INFO - DAG(s) 'latest_only_with_trigger' retrieved from /home/airflow/.local/lib/python3.8/site-packages/airflow/example_dags/example_latest_only_with_trigger.py
[2025-11-10T20:52:28.170+0000] {logging_mixin.py:188} INFO - [2025-11-10T20:52:28.169+0000] {dag.py:3047} INFO - Sync 1 DAGs
[2025-11-10T20:52:28.202+0000] {logging_mixin.py:188} INFO - [2025-11-10T20:52:28.202+0000] {dag.py:3834} INFO - Setting next_dagrun for latest_only_with_trigger to 2025-11-10 16:00:00+00:00, run_after=2025-11-10 20:00:00+00:00
[2025-11-10T20:52:28.222+0000] {processor.py:183} INFO - Processing /home/airflow/.local/lib/python3.8/site-packages/airflow/example_dags/example_latest_only_with_trigger.py took 0.101 seconds
[2025-11-10T20:52:58.494+0000] {processor.py:161} INFO - Started process (PID=1911) to work on /home/airflow/.local/lib/python3.8/site-packages/airflow/example_dags/example_latest_only_with_trigger.py
[2025-11-10T20:52:58.495+0000] {processor.py:830} INFO - Processing file /home/airflow/.local/lib/python3.8/site-packages/airflow/example_dags/example_latest_only_with_trigger.py for tasks to queue
[2025-11-10T20:52:58.497+0000] {logging_mixin.py:188} INFO - [2025-11-10T20:52:58.496+0000] {dagbag.py:540} INFO - Filling up the DagBag from /home/airflow/.local/lib/python3.8/site-packages/airflow/example_dags/example_latest_only_with_trigger.py
[2025-11-10T20:52:58.505+0000] {processor.py:840} INFO - DAG(s) 'latest_only_with_trigger' retrieved from /home/airflow/.local/lib/python3.8/site-packages/airflow/example_dags/example_latest_only_with_trigger.py
[2025-11-10T20:52:58.531+0000] {logging_mixin.py:188} INFO - [2025-11-10T20:52:58.531+0000] {dag.py:3047} INFO - Sync 1 DAGs
[2025-11-10T20:52:58.556+0000] {logging_mixin.py:188} INFO - [2025-11-10T20:52:58.556+0000] {dag.py:3834} INFO - Setting next_dagrun for latest_only_with_trigger to 2025-11-10 16:00:00+00:00, run_after=2025-11-10 20:00:00+00:00
[2025-11-10T20:52:58.577+0000] {processor.py:183} INFO - Processing /home/airflow/.local/lib/python3.8/site-packages/airflow/example_dags/example_latest_only_with_trigger.py took 0.087 seconds
[2025-11-10T20:53:29.025+0000] {processor.py:161} INFO - Started process (PID=1966) to work on /home/airflow/.local/lib/python3.8/site-packages/airflow/example_dags/example_latest_only_with_trigger.py
[2025-11-10T20:53:29.026+0000] {processor.py:830} INFO - Processing file /home/airflow/.local/lib/python3.8/site-packages/airflow/example_dags/example_latest_only_with_trigger.py for tasks to queue
[2025-11-10T20:53:29.028+0000] {logging_mixin.py:188} INFO - [2025-11-10T20:53:29.028+0000] {dagbag.py:540} INFO - Filling up the DagBag from /home/airflow/.local/lib/python3.8/site-packages/airflow/example_dags/example_latest_only_with_trigger.py
[2025-11-10T20:53:29.034+0000] {processor.py:840} INFO - DAG(s) 'latest_only_with_trigger' retrieved from /home/airflow/.local/lib/python3.8/site-packages/airflow/example_dags/example_latest_only_with_trigger.py
[2025-11-10T20:53:29.056+0000] {logging_mixin.py:188} INFO - [2025-11-10T20:53:29.055+0000] {dag.py:3047} INFO - Sync 1 DAGs
[2025-11-10T20:53:29.077+0000] {logging_mixin.py:188} INFO - [2025-11-10T20:53:29.077+0000] {dag.py:3834} INFO - Setting next_dagrun for latest_only_with_trigger to 2025-11-10 16:00:00+00:00, run_after=2025-11-10 20:00:00+00:00
[2025-11-10T20:53:29.100+0000] {processor.py:183} INFO - Processing /home/airflow/.local/lib/python3.8/site-packages/airflow/example_dags/example_latest_only_with_trigger.py took 0.078 seconds
