[2025-11-10T20:36:10.470+0000] {processor.py:161} INFO - Started process (PID=86) to work on /home/airflow/.local/lib/python3.8/site-packages/airflow/example_dags/tutorial.py
[2025-11-10T20:36:10.471+0000] {processor.py:830} INFO - Processing file /home/airflow/.local/lib/python3.8/site-packages/airflow/example_dags/tutorial.py for tasks to queue
[2025-11-10T20:36:10.474+0000] {logging_mixin.py:188} INFO - [2025-11-10T20:36:10.474+0000] {dagbag.py:540} INFO - Filling up the DagBag from /home/airflow/.local/lib/python3.8/site-packages/airflow/example_dags/tutorial.py
[2025-11-10T20:36:10.484+0000] {processor.py:840} INFO - DAG(s) 'tutorial' retrieved from /home/airflow/.local/lib/python3.8/site-packages/airflow/example_dags/tutorial.py
[2025-11-10T20:36:10.624+0000] {logging_mixin.py:188} INFO - [2025-11-10T20:36:10.623+0000] {override.py:1769} INFO - Created Permission View: can read on DAG:tutorial
[2025-11-10T20:36:10.637+0000] {logging_mixin.py:188} INFO - [2025-11-10T20:36:10.637+0000] {override.py:1769} INFO - Created Permission View: can edit on DAG:tutorial
[2025-11-10T20:36:10.649+0000] {logging_mixin.py:188} INFO - [2025-11-10T20:36:10.648+0000] {override.py:1769} INFO - Created Permission View: can delete on DAG:tutorial
[2025-11-10T20:36:10.650+0000] {logging_mixin.py:188} INFO - [2025-11-10T20:36:10.650+0000] {dag.py:3047} INFO - Sync 1 DAGs
[2025-11-10T20:36:10.663+0000] {logging_mixin.py:188} INFO - [2025-11-10T20:36:10.663+0000] {dag.py:3069} INFO - Creating ORM DAG for tutorial
[2025-11-10T20:36:10.676+0000] {logging_mixin.py:188} INFO - [2025-11-10T20:36:10.676+0000] {dag.py:3834} INFO - Setting next_dagrun for tutorial to 2025-11-09 00:00:00+00:00, run_after=2025-11-10 00:00:00+00:00
[2025-11-10T20:36:10.699+0000] {processor.py:183} INFO - Processing /home/airflow/.local/lib/python3.8/site-packages/airflow/example_dags/tutorial.py took 0.233 seconds
[2025-11-10T20:36:40.985+0000] {processor.py:161} INFO - Started process (PID=141) to work on /home/airflow/.local/lib/python3.8/site-packages/airflow/example_dags/tutorial.py
[2025-11-10T20:36:40.987+0000] {processor.py:830} INFO - Processing file /home/airflow/.local/lib/python3.8/site-packages/airflow/example_dags/tutorial.py for tasks to queue
[2025-11-10T20:36:40.991+0000] {logging_mixin.py:188} INFO - [2025-11-10T20:36:40.990+0000] {dagbag.py:540} INFO - Filling up the DagBag from /home/airflow/.local/lib/python3.8/site-packages/airflow/example_dags/tutorial.py
[2025-11-10T20:36:41.000+0000] {processor.py:840} INFO - DAG(s) 'tutorial' retrieved from /home/airflow/.local/lib/python3.8/site-packages/airflow/example_dags/tutorial.py
[2025-11-10T20:36:41.030+0000] {logging_mixin.py:188} INFO - [2025-11-10T20:36:41.030+0000] {dag.py:3047} INFO - Sync 1 DAGs
[2025-11-10T20:36:41.054+0000] {logging_mixin.py:188} INFO - [2025-11-10T20:36:41.053+0000] {dag.py:3834} INFO - Setting next_dagrun for tutorial to 2025-11-09 00:00:00+00:00, run_after=2025-11-10 00:00:00+00:00
[2025-11-10T20:36:41.072+0000] {processor.py:183} INFO - Processing /home/airflow/.local/lib/python3.8/site-packages/airflow/example_dags/tutorial.py took 0.093 seconds
[2025-11-10T20:37:11.756+0000] {processor.py:161} INFO - Started process (PID=196) to work on /home/airflow/.local/lib/python3.8/site-packages/airflow/example_dags/tutorial.py
[2025-11-10T20:37:11.758+0000] {processor.py:830} INFO - Processing file /home/airflow/.local/lib/python3.8/site-packages/airflow/example_dags/tutorial.py for tasks to queue
[2025-11-10T20:37:11.761+0000] {logging_mixin.py:188} INFO - [2025-11-10T20:37:11.761+0000] {dagbag.py:540} INFO - Filling up the DagBag from /home/airflow/.local/lib/python3.8/site-packages/airflow/example_dags/tutorial.py
[2025-11-10T20:37:11.769+0000] {processor.py:840} INFO - DAG(s) 'tutorial' retrieved from /home/airflow/.local/lib/python3.8/site-packages/airflow/example_dags/tutorial.py
[2025-11-10T20:37:11.791+0000] {logging_mixin.py:188} INFO - [2025-11-10T20:37:11.791+0000] {dag.py:3047} INFO - Sync 1 DAGs
[2025-11-10T20:37:11.813+0000] {logging_mixin.py:188} INFO - [2025-11-10T20:37:11.813+0000] {dag.py:3834} INFO - Setting next_dagrun for tutorial to 2025-11-09 00:00:00+00:00, run_after=2025-11-10 00:00:00+00:00
[2025-11-10T20:37:11.839+0000] {processor.py:183} INFO - Processing /home/airflow/.local/lib/python3.8/site-packages/airflow/example_dags/tutorial.py took 0.088 seconds
[2025-11-10T20:37:42.121+0000] {processor.py:161} INFO - Started process (PID=251) to work on /home/airflow/.local/lib/python3.8/site-packages/airflow/example_dags/tutorial.py
[2025-11-10T20:37:42.122+0000] {processor.py:830} INFO - Processing file /home/airflow/.local/lib/python3.8/site-packages/airflow/example_dags/tutorial.py for tasks to queue
[2025-11-10T20:37:42.124+0000] {logging_mixin.py:188} INFO - [2025-11-10T20:37:42.124+0000] {dagbag.py:540} INFO - Filling up the DagBag from /home/airflow/.local/lib/python3.8/site-packages/airflow/example_dags/tutorial.py
[2025-11-10T20:37:42.129+0000] {processor.py:840} INFO - DAG(s) 'tutorial' retrieved from /home/airflow/.local/lib/python3.8/site-packages/airflow/example_dags/tutorial.py
[2025-11-10T20:37:42.151+0000] {logging_mixin.py:188} INFO - [2025-11-10T20:37:42.151+0000] {dag.py:3047} INFO - Sync 1 DAGs
[2025-11-10T20:37:42.174+0000] {logging_mixin.py:188} INFO - [2025-11-10T20:37:42.174+0000] {dag.py:3834} INFO - Setting next_dagrun for tutorial to 2025-11-09 00:00:00+00:00, run_after=2025-11-10 00:00:00+00:00
[2025-11-10T20:37:42.193+0000] {processor.py:183} INFO - Processing /home/airflow/.local/lib/python3.8/site-packages/airflow/example_dags/tutorial.py took 0.075 seconds
[2025-11-10T20:38:12.386+0000] {processor.py:161} INFO - Started process (PID=306) to work on /home/airflow/.local/lib/python3.8/site-packages/airflow/example_dags/tutorial.py
[2025-11-10T20:38:12.388+0000] {processor.py:830} INFO - Processing file /home/airflow/.local/lib/python3.8/site-packages/airflow/example_dags/tutorial.py for tasks to queue
[2025-11-10T20:38:12.392+0000] {logging_mixin.py:188} INFO - [2025-11-10T20:38:12.392+0000] {dagbag.py:540} INFO - Filling up the DagBag from /home/airflow/.local/lib/python3.8/site-packages/airflow/example_dags/tutorial.py
[2025-11-10T20:38:12.398+0000] {processor.py:840} INFO - DAG(s) 'tutorial' retrieved from /home/airflow/.local/lib/python3.8/site-packages/airflow/example_dags/tutorial.py
[2025-11-10T20:38:12.420+0000] {logging_mixin.py:188} INFO - [2025-11-10T20:38:12.420+0000] {dag.py:3047} INFO - Sync 1 DAGs
[2025-11-10T20:38:12.441+0000] {logging_mixin.py:188} INFO - [2025-11-10T20:38:12.441+0000] {dag.py:3834} INFO - Setting next_dagrun for tutorial to 2025-11-09 00:00:00+00:00, run_after=2025-11-10 00:00:00+00:00
[2025-11-10T20:38:12.459+0000] {processor.py:183} INFO - Processing /home/airflow/.local/lib/python3.8/site-packages/airflow/example_dags/tutorial.py took 0.077 seconds
[2025-11-10T20:38:42.805+0000] {processor.py:161} INFO - Started process (PID=361) to work on /home/airflow/.local/lib/python3.8/site-packages/airflow/example_dags/tutorial.py
[2025-11-10T20:38:42.807+0000] {processor.py:830} INFO - Processing file /home/airflow/.local/lib/python3.8/site-packages/airflow/example_dags/tutorial.py for tasks to queue
[2025-11-10T20:38:42.810+0000] {logging_mixin.py:188} INFO - [2025-11-10T20:38:42.810+0000] {dagbag.py:540} INFO - Filling up the DagBag from /home/airflow/.local/lib/python3.8/site-packages/airflow/example_dags/tutorial.py
[2025-11-10T20:38:42.817+0000] {processor.py:840} INFO - DAG(s) 'tutorial' retrieved from /home/airflow/.local/lib/python3.8/site-packages/airflow/example_dags/tutorial.py
[2025-11-10T20:38:42.850+0000] {logging_mixin.py:188} INFO - [2025-11-10T20:38:42.850+0000] {dag.py:3047} INFO - Sync 1 DAGs
[2025-11-10T20:38:42.875+0000] {logging_mixin.py:188} INFO - [2025-11-10T20:38:42.875+0000] {dag.py:3834} INFO - Setting next_dagrun for tutorial to 2025-11-09 00:00:00+00:00, run_after=2025-11-10 00:00:00+00:00
[2025-11-10T20:38:42.893+0000] {processor.py:183} INFO - Processing /home/airflow/.local/lib/python3.8/site-packages/airflow/example_dags/tutorial.py took 0.091 seconds
[2025-11-10T20:39:13.170+0000] {processor.py:161} INFO - Started process (PID=416) to work on /home/airflow/.local/lib/python3.8/site-packages/airflow/example_dags/tutorial.py
[2025-11-10T20:39:13.172+0000] {processor.py:830} INFO - Processing file /home/airflow/.local/lib/python3.8/site-packages/airflow/example_dags/tutorial.py for tasks to queue
[2025-11-10T20:39:13.180+0000] {logging_mixin.py:188} INFO - [2025-11-10T20:39:13.180+0000] {dagbag.py:540} INFO - Filling up the DagBag from /home/airflow/.local/lib/python3.8/site-packages/airflow/example_dags/tutorial.py
[2025-11-10T20:39:13.188+0000] {processor.py:840} INFO - DAG(s) 'tutorial' retrieved from /home/airflow/.local/lib/python3.8/site-packages/airflow/example_dags/tutorial.py
[2025-11-10T20:39:13.213+0000] {logging_mixin.py:188} INFO - [2025-11-10T20:39:13.213+0000] {dag.py:3047} INFO - Sync 1 DAGs
[2025-11-10T20:39:13.249+0000] {logging_mixin.py:188} INFO - [2025-11-10T20:39:13.249+0000] {dag.py:3834} INFO - Setting next_dagrun for tutorial to 2025-11-09 00:00:00+00:00, run_after=2025-11-10 00:00:00+00:00
[2025-11-10T20:39:13.268+0000] {processor.py:183} INFO - Processing /home/airflow/.local/lib/python3.8/site-packages/airflow/example_dags/tutorial.py took 0.102 seconds
[2025-11-10T20:39:43.860+0000] {processor.py:161} INFO - Started process (PID=471) to work on /home/airflow/.local/lib/python3.8/site-packages/airflow/example_dags/tutorial.py
[2025-11-10T20:39:43.862+0000] {processor.py:830} INFO - Processing file /home/airflow/.local/lib/python3.8/site-packages/airflow/example_dags/tutorial.py for tasks to queue
[2025-11-10T20:39:43.865+0000] {logging_mixin.py:188} INFO - [2025-11-10T20:39:43.864+0000] {dagbag.py:540} INFO - Filling up the DagBag from /home/airflow/.local/lib/python3.8/site-packages/airflow/example_dags/tutorial.py
[2025-11-10T20:39:43.871+0000] {processor.py:840} INFO - DAG(s) 'tutorial' retrieved from /home/airflow/.local/lib/python3.8/site-packages/airflow/example_dags/tutorial.py
[2025-11-10T20:39:43.895+0000] {logging_mixin.py:188} INFO - [2025-11-10T20:39:43.895+0000] {dag.py:3047} INFO - Sync 1 DAGs
[2025-11-10T20:39:43.917+0000] {logging_mixin.py:188} INFO - [2025-11-10T20:39:43.916+0000] {dag.py:3834} INFO - Setting next_dagrun for tutorial to 2025-11-09 00:00:00+00:00, run_after=2025-11-10 00:00:00+00:00
[2025-11-10T20:39:43.937+0000] {processor.py:183} INFO - Processing /home/airflow/.local/lib/python3.8/site-packages/airflow/example_dags/tutorial.py took 0.081 seconds
[2025-11-10T20:40:14.820+0000] {processor.py:161} INFO - Started process (PID=526) to work on /home/airflow/.local/lib/python3.8/site-packages/airflow/example_dags/tutorial.py
[2025-11-10T20:40:14.821+0000] {processor.py:830} INFO - Processing file /home/airflow/.local/lib/python3.8/site-packages/airflow/example_dags/tutorial.py for tasks to queue
[2025-11-10T20:40:14.824+0000] {logging_mixin.py:188} INFO - [2025-11-10T20:40:14.824+0000] {dagbag.py:540} INFO - Filling up the DagBag from /home/airflow/.local/lib/python3.8/site-packages/airflow/example_dags/tutorial.py
[2025-11-10T20:40:14.832+0000] {processor.py:840} INFO - DAG(s) 'tutorial' retrieved from /home/airflow/.local/lib/python3.8/site-packages/airflow/example_dags/tutorial.py
[2025-11-10T20:40:14.853+0000] {logging_mixin.py:188} INFO - [2025-11-10T20:40:14.853+0000] {dag.py:3047} INFO - Sync 1 DAGs
[2025-11-10T20:40:14.874+0000] {logging_mixin.py:188} INFO - [2025-11-10T20:40:14.874+0000] {dag.py:3834} INFO - Setting next_dagrun for tutorial to 2025-11-09 00:00:00+00:00, run_after=2025-11-10 00:00:00+00:00
[2025-11-10T20:40:14.892+0000] {processor.py:183} INFO - Processing /home/airflow/.local/lib/python3.8/site-packages/airflow/example_dags/tutorial.py took 0.075 seconds
[2025-11-10T20:40:45.183+0000] {processor.py:161} INFO - Started process (PID=581) to work on /home/airflow/.local/lib/python3.8/site-packages/airflow/example_dags/tutorial.py
[2025-11-10T20:40:45.185+0000] {processor.py:830} INFO - Processing file /home/airflow/.local/lib/python3.8/site-packages/airflow/example_dags/tutorial.py for tasks to queue
[2025-11-10T20:40:45.189+0000] {logging_mixin.py:188} INFO - [2025-11-10T20:40:45.189+0000] {dagbag.py:540} INFO - Filling up the DagBag from /home/airflow/.local/lib/python3.8/site-packages/airflow/example_dags/tutorial.py
[2025-11-10T20:40:45.197+0000] {processor.py:840} INFO - DAG(s) 'tutorial' retrieved from /home/airflow/.local/lib/python3.8/site-packages/airflow/example_dags/tutorial.py
[2025-11-10T20:40:45.221+0000] {logging_mixin.py:188} INFO - [2025-11-10T20:40:45.220+0000] {dag.py:3047} INFO - Sync 1 DAGs
[2025-11-10T20:40:45.259+0000] {logging_mixin.py:188} INFO - [2025-11-10T20:40:45.259+0000] {dag.py:3834} INFO - Setting next_dagrun for tutorial to 2025-11-09 00:00:00+00:00, run_after=2025-11-10 00:00:00+00:00
[2025-11-10T20:40:45.297+0000] {processor.py:183} INFO - Processing /home/airflow/.local/lib/python3.8/site-packages/airflow/example_dags/tutorial.py took 0.121 seconds
[2025-11-10T20:41:15.348+0000] {processor.py:161} INFO - Started process (PID=636) to work on /home/airflow/.local/lib/python3.8/site-packages/airflow/example_dags/tutorial.py
[2025-11-10T20:41:15.350+0000] {processor.py:830} INFO - Processing file /home/airflow/.local/lib/python3.8/site-packages/airflow/example_dags/tutorial.py for tasks to queue
[2025-11-10T20:41:15.353+0000] {logging_mixin.py:188} INFO - [2025-11-10T20:41:15.352+0000] {dagbag.py:540} INFO - Filling up the DagBag from /home/airflow/.local/lib/python3.8/site-packages/airflow/example_dags/tutorial.py
[2025-11-10T20:41:15.359+0000] {processor.py:840} INFO - DAG(s) 'tutorial' retrieved from /home/airflow/.local/lib/python3.8/site-packages/airflow/example_dags/tutorial.py
[2025-11-10T20:41:15.382+0000] {logging_mixin.py:188} INFO - [2025-11-10T20:41:15.382+0000] {dag.py:3047} INFO - Sync 1 DAGs
[2025-11-10T20:41:15.404+0000] {logging_mixin.py:188} INFO - [2025-11-10T20:41:15.403+0000] {dag.py:3834} INFO - Setting next_dagrun for tutorial to 2025-11-09 00:00:00+00:00, run_after=2025-11-10 00:00:00+00:00
[2025-11-10T20:41:15.423+0000] {processor.py:183} INFO - Processing /home/airflow/.local/lib/python3.8/site-packages/airflow/example_dags/tutorial.py took 0.079 seconds
[2025-11-10T20:41:45.994+0000] {processor.py:161} INFO - Started process (PID=691) to work on /home/airflow/.local/lib/python3.8/site-packages/airflow/example_dags/tutorial.py
[2025-11-10T20:41:45.996+0000] {processor.py:830} INFO - Processing file /home/airflow/.local/lib/python3.8/site-packages/airflow/example_dags/tutorial.py for tasks to queue
[2025-11-10T20:41:45.999+0000] {logging_mixin.py:188} INFO - [2025-11-10T20:41:45.998+0000] {dagbag.py:540} INFO - Filling up the DagBag from /home/airflow/.local/lib/python3.8/site-packages/airflow/example_dags/tutorial.py
[2025-11-10T20:41:46.007+0000] {processor.py:840} INFO - DAG(s) 'tutorial' retrieved from /home/airflow/.local/lib/python3.8/site-packages/airflow/example_dags/tutorial.py
[2025-11-10T20:41:46.032+0000] {logging_mixin.py:188} INFO - [2025-11-10T20:41:46.032+0000] {dag.py:3047} INFO - Sync 1 DAGs
[2025-11-10T20:41:46.054+0000] {logging_mixin.py:188} INFO - [2025-11-10T20:41:46.054+0000] {dag.py:3834} INFO - Setting next_dagrun for tutorial to 2025-11-09 00:00:00+00:00, run_after=2025-11-10 00:00:00+00:00
[2025-11-10T20:41:46.073+0000] {processor.py:183} INFO - Processing /home/airflow/.local/lib/python3.8/site-packages/airflow/example_dags/tutorial.py took 0.083 seconds
[2025-11-10T20:42:16.793+0000] {processor.py:161} INFO - Started process (PID=746) to work on /home/airflow/.local/lib/python3.8/site-packages/airflow/example_dags/tutorial.py
[2025-11-10T20:42:16.794+0000] {processor.py:830} INFO - Processing file /home/airflow/.local/lib/python3.8/site-packages/airflow/example_dags/tutorial.py for tasks to queue
[2025-11-10T20:42:16.797+0000] {logging_mixin.py:188} INFO - [2025-11-10T20:42:16.796+0000] {dagbag.py:540} INFO - Filling up the DagBag from /home/airflow/.local/lib/python3.8/site-packages/airflow/example_dags/tutorial.py
[2025-11-10T20:42:16.802+0000] {processor.py:840} INFO - DAG(s) 'tutorial' retrieved from /home/airflow/.local/lib/python3.8/site-packages/airflow/example_dags/tutorial.py
[2025-11-10T20:42:16.822+0000] {logging_mixin.py:188} INFO - [2025-11-10T20:42:16.822+0000] {dag.py:3047} INFO - Sync 1 DAGs
[2025-11-10T20:42:16.844+0000] {logging_mixin.py:188} INFO - [2025-11-10T20:42:16.844+0000] {dag.py:3834} INFO - Setting next_dagrun for tutorial to 2025-11-09 00:00:00+00:00, run_after=2025-11-10 00:00:00+00:00
[2025-11-10T20:42:16.862+0000] {processor.py:183} INFO - Processing /home/airflow/.local/lib/python3.8/site-packages/airflow/example_dags/tutorial.py took 0.073 seconds
[2025-11-10T20:42:47.407+0000] {processor.py:161} INFO - Started process (PID=801) to work on /home/airflow/.local/lib/python3.8/site-packages/airflow/example_dags/tutorial.py
[2025-11-10T20:42:47.410+0000] {processor.py:830} INFO - Processing file /home/airflow/.local/lib/python3.8/site-packages/airflow/example_dags/tutorial.py for tasks to queue
[2025-11-10T20:42:47.415+0000] {logging_mixin.py:188} INFO - [2025-11-10T20:42:47.415+0000] {dagbag.py:540} INFO - Filling up the DagBag from /home/airflow/.local/lib/python3.8/site-packages/airflow/example_dags/tutorial.py
[2025-11-10T20:42:47.426+0000] {processor.py:840} INFO - DAG(s) 'tutorial' retrieved from /home/airflow/.local/lib/python3.8/site-packages/airflow/example_dags/tutorial.py
[2025-11-10T20:42:47.447+0000] {logging_mixin.py:188} INFO - [2025-11-10T20:42:47.447+0000] {dag.py:3047} INFO - Sync 1 DAGs
[2025-11-10T20:42:47.467+0000] {logging_mixin.py:188} INFO - [2025-11-10T20:42:47.467+0000] {dag.py:3834} INFO - Setting next_dagrun for tutorial to 2025-11-09 00:00:00+00:00, run_after=2025-11-10 00:00:00+00:00
[2025-11-10T20:42:47.484+0000] {processor.py:183} INFO - Processing /home/airflow/.local/lib/python3.8/site-packages/airflow/example_dags/tutorial.py took 0.084 seconds
[2025-11-10T20:43:17.858+0000] {processor.py:161} INFO - Started process (PID=856) to work on /home/airflow/.local/lib/python3.8/site-packages/airflow/example_dags/tutorial.py
[2025-11-10T20:43:17.860+0000] {processor.py:830} INFO - Processing file /home/airflow/.local/lib/python3.8/site-packages/airflow/example_dags/tutorial.py for tasks to queue
[2025-11-10T20:43:17.864+0000] {logging_mixin.py:188} INFO - [2025-11-10T20:43:17.863+0000] {dagbag.py:540} INFO - Filling up the DagBag from /home/airflow/.local/lib/python3.8/site-packages/airflow/example_dags/tutorial.py
[2025-11-10T20:43:17.874+0000] {processor.py:840} INFO - DAG(s) 'tutorial' retrieved from /home/airflow/.local/lib/python3.8/site-packages/airflow/example_dags/tutorial.py
[2025-11-10T20:43:17.908+0000] {logging_mixin.py:188} INFO - [2025-11-10T20:43:17.908+0000] {dag.py:3047} INFO - Sync 1 DAGs
[2025-11-10T20:43:17.937+0000] {logging_mixin.py:188} INFO - [2025-11-10T20:43:17.937+0000] {dag.py:3834} INFO - Setting next_dagrun for tutorial to 2025-11-09 00:00:00+00:00, run_after=2025-11-10 00:00:00+00:00
[2025-11-10T20:43:17.955+0000] {processor.py:183} INFO - Processing /home/airflow/.local/lib/python3.8/site-packages/airflow/example_dags/tutorial.py took 0.104 seconds
[2025-11-10T20:43:48.010+0000] {processor.py:161} INFO - Started process (PID=910) to work on /home/airflow/.local/lib/python3.8/site-packages/airflow/example_dags/tutorial.py
[2025-11-10T20:43:48.012+0000] {processor.py:830} INFO - Processing file /home/airflow/.local/lib/python3.8/site-packages/airflow/example_dags/tutorial.py for tasks to queue
[2025-11-10T20:43:48.015+0000] {logging_mixin.py:188} INFO - [2025-11-10T20:43:48.014+0000] {dagbag.py:540} INFO - Filling up the DagBag from /home/airflow/.local/lib/python3.8/site-packages/airflow/example_dags/tutorial.py
[2025-11-10T20:43:48.022+0000] {processor.py:840} INFO - DAG(s) 'tutorial' retrieved from /home/airflow/.local/lib/python3.8/site-packages/airflow/example_dags/tutorial.py
[2025-11-10T20:43:48.043+0000] {logging_mixin.py:188} INFO - [2025-11-10T20:43:48.042+0000] {dag.py:3047} INFO - Sync 1 DAGs
[2025-11-10T20:43:48.063+0000] {logging_mixin.py:188} INFO - [2025-11-10T20:43:48.063+0000] {dag.py:3834} INFO - Setting next_dagrun for tutorial to 2025-11-09 00:00:00+00:00, run_after=2025-11-10 00:00:00+00:00
[2025-11-10T20:43:48.083+0000] {processor.py:183} INFO - Processing /home/airflow/.local/lib/python3.8/site-packages/airflow/example_dags/tutorial.py took 0.076 seconds
[2025-11-10T20:44:18.265+0000] {processor.py:161} INFO - Started process (PID=965) to work on /home/airflow/.local/lib/python3.8/site-packages/airflow/example_dags/tutorial.py
[2025-11-10T20:44:18.266+0000] {processor.py:830} INFO - Processing file /home/airflow/.local/lib/python3.8/site-packages/airflow/example_dags/tutorial.py for tasks to queue
[2025-11-10T20:44:18.268+0000] {logging_mixin.py:188} INFO - [2025-11-10T20:44:18.268+0000] {dagbag.py:540} INFO - Filling up the DagBag from /home/airflow/.local/lib/python3.8/site-packages/airflow/example_dags/tutorial.py
[2025-11-10T20:44:18.275+0000] {processor.py:840} INFO - DAG(s) 'tutorial' retrieved from /home/airflow/.local/lib/python3.8/site-packages/airflow/example_dags/tutorial.py
[2025-11-10T20:44:18.295+0000] {logging_mixin.py:188} INFO - [2025-11-10T20:44:18.295+0000] {dag.py:3047} INFO - Sync 1 DAGs
[2025-11-10T20:44:18.320+0000] {logging_mixin.py:188} INFO - [2025-11-10T20:44:18.319+0000] {dag.py:3834} INFO - Setting next_dagrun for tutorial to 2025-11-09 00:00:00+00:00, run_after=2025-11-10 00:00:00+00:00
[2025-11-10T20:44:18.339+0000] {processor.py:183} INFO - Processing /home/airflow/.local/lib/python3.8/site-packages/airflow/example_dags/tutorial.py took 0.077 seconds
[2025-11-10T20:44:48.785+0000] {processor.py:161} INFO - Started process (PID=1020) to work on /home/airflow/.local/lib/python3.8/site-packages/airflow/example_dags/tutorial.py
[2025-11-10T20:44:48.786+0000] {processor.py:830} INFO - Processing file /home/airflow/.local/lib/python3.8/site-packages/airflow/example_dags/tutorial.py for tasks to queue
[2025-11-10T20:44:48.789+0000] {logging_mixin.py:188} INFO - [2025-11-10T20:44:48.788+0000] {dagbag.py:540} INFO - Filling up the DagBag from /home/airflow/.local/lib/python3.8/site-packages/airflow/example_dags/tutorial.py
[2025-11-10T20:44:48.795+0000] {processor.py:840} INFO - DAG(s) 'tutorial' retrieved from /home/airflow/.local/lib/python3.8/site-packages/airflow/example_dags/tutorial.py
[2025-11-10T20:44:48.816+0000] {logging_mixin.py:188} INFO - [2025-11-10T20:44:48.815+0000] {dag.py:3047} INFO - Sync 1 DAGs
[2025-11-10T20:44:48.841+0000] {logging_mixin.py:188} INFO - [2025-11-10T20:44:48.841+0000] {dag.py:3834} INFO - Setting next_dagrun for tutorial to 2025-11-09 00:00:00+00:00, run_after=2025-11-10 00:00:00+00:00
[2025-11-10T20:44:48.862+0000] {processor.py:183} INFO - Processing /home/airflow/.local/lib/python3.8/site-packages/airflow/example_dags/tutorial.py took 0.081 seconds
[2025-11-10T20:45:19.092+0000] {processor.py:161} INFO - Started process (PID=1075) to work on /home/airflow/.local/lib/python3.8/site-packages/airflow/example_dags/tutorial.py
[2025-11-10T20:45:19.094+0000] {processor.py:830} INFO - Processing file /home/airflow/.local/lib/python3.8/site-packages/airflow/example_dags/tutorial.py for tasks to queue
[2025-11-10T20:45:19.097+0000] {logging_mixin.py:188} INFO - [2025-11-10T20:45:19.096+0000] {dagbag.py:540} INFO - Filling up the DagBag from /home/airflow/.local/lib/python3.8/site-packages/airflow/example_dags/tutorial.py
[2025-11-10T20:45:19.104+0000] {processor.py:840} INFO - DAG(s) 'tutorial' retrieved from /home/airflow/.local/lib/python3.8/site-packages/airflow/example_dags/tutorial.py
[2025-11-10T20:45:19.131+0000] {logging_mixin.py:188} INFO - [2025-11-10T20:45:19.130+0000] {dag.py:3047} INFO - Sync 1 DAGs
[2025-11-10T20:45:19.159+0000] {logging_mixin.py:188} INFO - [2025-11-10T20:45:19.159+0000] {dag.py:3834} INFO - Setting next_dagrun for tutorial to 2025-11-09 00:00:00+00:00, run_after=2025-11-10 00:00:00+00:00
[2025-11-10T20:45:19.186+0000] {processor.py:183} INFO - Processing /home/airflow/.local/lib/python3.8/site-packages/airflow/example_dags/tutorial.py took 0.097 seconds
[2025-11-10T20:45:49.306+0000] {processor.py:161} INFO - Started process (PID=1130) to work on /home/airflow/.local/lib/python3.8/site-packages/airflow/example_dags/tutorial.py
[2025-11-10T20:45:49.308+0000] {processor.py:830} INFO - Processing file /home/airflow/.local/lib/python3.8/site-packages/airflow/example_dags/tutorial.py for tasks to queue
[2025-11-10T20:45:49.310+0000] {logging_mixin.py:188} INFO - [2025-11-10T20:45:49.310+0000] {dagbag.py:540} INFO - Filling up the DagBag from /home/airflow/.local/lib/python3.8/site-packages/airflow/example_dags/tutorial.py
[2025-11-10T20:45:49.316+0000] {processor.py:840} INFO - DAG(s) 'tutorial' retrieved from /home/airflow/.local/lib/python3.8/site-packages/airflow/example_dags/tutorial.py
[2025-11-10T20:45:49.335+0000] {logging_mixin.py:188} INFO - [2025-11-10T20:45:49.334+0000] {dag.py:3047} INFO - Sync 1 DAGs
[2025-11-10T20:45:49.354+0000] {logging_mixin.py:188} INFO - [2025-11-10T20:45:49.354+0000] {dag.py:3834} INFO - Setting next_dagrun for tutorial to 2025-11-09 00:00:00+00:00, run_after=2025-11-10 00:00:00+00:00
[2025-11-10T20:45:49.373+0000] {processor.py:183} INFO - Processing /home/airflow/.local/lib/python3.8/site-packages/airflow/example_dags/tutorial.py took 0.070 seconds
[2025-11-10T20:46:19.536+0000] {processor.py:161} INFO - Started process (PID=1185) to work on /home/airflow/.local/lib/python3.8/site-packages/airflow/example_dags/tutorial.py
[2025-11-10T20:46:19.537+0000] {processor.py:830} INFO - Processing file /home/airflow/.local/lib/python3.8/site-packages/airflow/example_dags/tutorial.py for tasks to queue
[2025-11-10T20:46:19.539+0000] {logging_mixin.py:188} INFO - [2025-11-10T20:46:19.539+0000] {dagbag.py:540} INFO - Filling up the DagBag from /home/airflow/.local/lib/python3.8/site-packages/airflow/example_dags/tutorial.py
[2025-11-10T20:46:19.545+0000] {processor.py:840} INFO - DAG(s) 'tutorial' retrieved from /home/airflow/.local/lib/python3.8/site-packages/airflow/example_dags/tutorial.py
[2025-11-10T20:46:19.566+0000] {logging_mixin.py:188} INFO - [2025-11-10T20:46:19.566+0000] {dag.py:3047} INFO - Sync 1 DAGs
[2025-11-10T20:46:19.594+0000] {logging_mixin.py:188} INFO - [2025-11-10T20:46:19.594+0000] {dag.py:3834} INFO - Setting next_dagrun for tutorial to 2025-11-09 00:00:00+00:00, run_after=2025-11-10 00:00:00+00:00
[2025-11-10T20:46:19.612+0000] {processor.py:183} INFO - Processing /home/airflow/.local/lib/python3.8/site-packages/airflow/example_dags/tutorial.py took 0.080 seconds
[2025-11-10T20:46:49.832+0000] {processor.py:161} INFO - Started process (PID=1241) to work on /home/airflow/.local/lib/python3.8/site-packages/airflow/example_dags/tutorial.py
[2025-11-10T20:46:49.835+0000] {processor.py:830} INFO - Processing file /home/airflow/.local/lib/python3.8/site-packages/airflow/example_dags/tutorial.py for tasks to queue
[2025-11-10T20:46:49.839+0000] {logging_mixin.py:188} INFO - [2025-11-10T20:46:49.838+0000] {dagbag.py:540} INFO - Filling up the DagBag from /home/airflow/.local/lib/python3.8/site-packages/airflow/example_dags/tutorial.py
[2025-11-10T20:46:49.845+0000] {processor.py:840} INFO - DAG(s) 'tutorial' retrieved from /home/airflow/.local/lib/python3.8/site-packages/airflow/example_dags/tutorial.py
[2025-11-10T20:46:49.864+0000] {logging_mixin.py:188} INFO - [2025-11-10T20:46:49.864+0000] {dag.py:3047} INFO - Sync 1 DAGs
[2025-11-10T20:46:49.889+0000] {logging_mixin.py:188} INFO - [2025-11-10T20:46:49.889+0000] {dag.py:3834} INFO - Setting next_dagrun for tutorial to 2025-11-09 00:00:00+00:00, run_after=2025-11-10 00:00:00+00:00
[2025-11-10T20:46:49.907+0000] {processor.py:183} INFO - Processing /home/airflow/.local/lib/python3.8/site-packages/airflow/example_dags/tutorial.py took 0.078 seconds
[2025-11-10T20:47:20.463+0000] {processor.py:161} INFO - Started process (PID=1296) to work on /home/airflow/.local/lib/python3.8/site-packages/airflow/example_dags/tutorial.py
[2025-11-10T20:47:20.464+0000] {processor.py:830} INFO - Processing file /home/airflow/.local/lib/python3.8/site-packages/airflow/example_dags/tutorial.py for tasks to queue
[2025-11-10T20:47:20.467+0000] {logging_mixin.py:188} INFO - [2025-11-10T20:47:20.467+0000] {dagbag.py:540} INFO - Filling up the DagBag from /home/airflow/.local/lib/python3.8/site-packages/airflow/example_dags/tutorial.py
[2025-11-10T20:47:20.473+0000] {processor.py:840} INFO - DAG(s) 'tutorial' retrieved from /home/airflow/.local/lib/python3.8/site-packages/airflow/example_dags/tutorial.py
[2025-11-10T20:47:20.493+0000] {logging_mixin.py:188} INFO - [2025-11-10T20:47:20.493+0000] {dag.py:3047} INFO - Sync 1 DAGs
[2025-11-10T20:47:20.513+0000] {logging_mixin.py:188} INFO - [2025-11-10T20:47:20.513+0000] {dag.py:3834} INFO - Setting next_dagrun for tutorial to 2025-11-09 00:00:00+00:00, run_after=2025-11-10 00:00:00+00:00
[2025-11-10T20:47:20.531+0000] {processor.py:183} INFO - Processing /home/airflow/.local/lib/python3.8/site-packages/airflow/example_dags/tutorial.py took 0.071 seconds
[2025-11-10T20:47:50.808+0000] {processor.py:161} INFO - Started process (PID=1351) to work on /home/airflow/.local/lib/python3.8/site-packages/airflow/example_dags/tutorial.py
[2025-11-10T20:47:50.810+0000] {processor.py:830} INFO - Processing file /home/airflow/.local/lib/python3.8/site-packages/airflow/example_dags/tutorial.py for tasks to queue
[2025-11-10T20:47:50.814+0000] {logging_mixin.py:188} INFO - [2025-11-10T20:47:50.813+0000] {dagbag.py:540} INFO - Filling up the DagBag from /home/airflow/.local/lib/python3.8/site-packages/airflow/example_dags/tutorial.py
[2025-11-10T20:47:50.825+0000] {processor.py:840} INFO - DAG(s) 'tutorial' retrieved from /home/airflow/.local/lib/python3.8/site-packages/airflow/example_dags/tutorial.py
[2025-11-10T20:47:50.846+0000] {logging_mixin.py:188} INFO - [2025-11-10T20:47:50.845+0000] {dag.py:3047} INFO - Sync 1 DAGs
[2025-11-10T20:47:50.866+0000] {logging_mixin.py:188} INFO - [2025-11-10T20:47:50.865+0000] {dag.py:3834} INFO - Setting next_dagrun for tutorial to 2025-11-09 00:00:00+00:00, run_after=2025-11-10 00:00:00+00:00
[2025-11-10T20:47:50.883+0000] {processor.py:183} INFO - Processing /home/airflow/.local/lib/python3.8/site-packages/airflow/example_dags/tutorial.py took 0.082 seconds
[2025-11-10T20:48:21.175+0000] {processor.py:161} INFO - Started process (PID=1406) to work on /home/airflow/.local/lib/python3.8/site-packages/airflow/example_dags/tutorial.py
[2025-11-10T20:48:21.180+0000] {processor.py:830} INFO - Processing file /home/airflow/.local/lib/python3.8/site-packages/airflow/example_dags/tutorial.py for tasks to queue
[2025-11-10T20:48:21.192+0000] {logging_mixin.py:188} INFO - [2025-11-10T20:48:21.190+0000] {dagbag.py:540} INFO - Filling up the DagBag from /home/airflow/.local/lib/python3.8/site-packages/airflow/example_dags/tutorial.py
[2025-11-10T20:48:21.205+0000] {processor.py:840} INFO - DAG(s) 'tutorial' retrieved from /home/airflow/.local/lib/python3.8/site-packages/airflow/example_dags/tutorial.py
[2025-11-10T20:48:21.238+0000] {logging_mixin.py:188} INFO - [2025-11-10T20:48:21.237+0000] {dag.py:3047} INFO - Sync 1 DAGs
[2025-11-10T20:48:21.267+0000] {logging_mixin.py:188} INFO - [2025-11-10T20:48:21.266+0000] {dag.py:3834} INFO - Setting next_dagrun for tutorial to 2025-11-09 00:00:00+00:00, run_after=2025-11-10 00:00:00+00:00
[2025-11-10T20:48:21.300+0000] {processor.py:183} INFO - Processing /home/airflow/.local/lib/python3.8/site-packages/airflow/example_dags/tutorial.py took 0.132 seconds
[2025-11-10T20:48:51.451+0000] {processor.py:161} INFO - Started process (PID=1461) to work on /home/airflow/.local/lib/python3.8/site-packages/airflow/example_dags/tutorial.py
[2025-11-10T20:48:51.453+0000] {processor.py:830} INFO - Processing file /home/airflow/.local/lib/python3.8/site-packages/airflow/example_dags/tutorial.py for tasks to queue
[2025-11-10T20:48:51.455+0000] {logging_mixin.py:188} INFO - [2025-11-10T20:48:51.455+0000] {dagbag.py:540} INFO - Filling up the DagBag from /home/airflow/.local/lib/python3.8/site-packages/airflow/example_dags/tutorial.py
[2025-11-10T20:48:51.461+0000] {processor.py:840} INFO - DAG(s) 'tutorial' retrieved from /home/airflow/.local/lib/python3.8/site-packages/airflow/example_dags/tutorial.py
[2025-11-10T20:48:51.480+0000] {logging_mixin.py:188} INFO - [2025-11-10T20:48:51.480+0000] {dag.py:3047} INFO - Sync 1 DAGs
[2025-11-10T20:48:51.500+0000] {logging_mixin.py:188} INFO - [2025-11-10T20:48:51.500+0000] {dag.py:3834} INFO - Setting next_dagrun for tutorial to 2025-11-09 00:00:00+00:00, run_after=2025-11-10 00:00:00+00:00
[2025-11-10T20:48:51.518+0000] {processor.py:183} INFO - Processing /home/airflow/.local/lib/python3.8/site-packages/airflow/example_dags/tutorial.py took 0.071 seconds
[2025-11-10T20:49:21.909+0000] {processor.py:161} INFO - Started process (PID=1517) to work on /home/airflow/.local/lib/python3.8/site-packages/airflow/example_dags/tutorial.py
[2025-11-10T20:49:21.910+0000] {processor.py:830} INFO - Processing file /home/airflow/.local/lib/python3.8/site-packages/airflow/example_dags/tutorial.py for tasks to queue
[2025-11-10T20:49:21.913+0000] {logging_mixin.py:188} INFO - [2025-11-10T20:49:21.912+0000] {dagbag.py:540} INFO - Filling up the DagBag from /home/airflow/.local/lib/python3.8/site-packages/airflow/example_dags/tutorial.py
[2025-11-10T20:49:21.919+0000] {processor.py:840} INFO - DAG(s) 'tutorial' retrieved from /home/airflow/.local/lib/python3.8/site-packages/airflow/example_dags/tutorial.py
[2025-11-10T20:49:21.939+0000] {logging_mixin.py:188} INFO - [2025-11-10T20:49:21.939+0000] {dag.py:3047} INFO - Sync 1 DAGs
[2025-11-10T20:49:21.960+0000] {logging_mixin.py:188} INFO - [2025-11-10T20:49:21.960+0000] {dag.py:3834} INFO - Setting next_dagrun for tutorial to 2025-11-09 00:00:00+00:00, run_after=2025-11-10 00:00:00+00:00
[2025-11-10T20:49:21.983+0000] {processor.py:183} INFO - Processing /home/airflow/.local/lib/python3.8/site-packages/airflow/example_dags/tutorial.py took 0.077 seconds
[2025-11-10T20:49:52.604+0000] {processor.py:161} INFO - Started process (PID=1572) to work on /home/airflow/.local/lib/python3.8/site-packages/airflow/example_dags/tutorial.py
[2025-11-10T20:49:52.605+0000] {processor.py:830} INFO - Processing file /home/airflow/.local/lib/python3.8/site-packages/airflow/example_dags/tutorial.py for tasks to queue
[2025-11-10T20:49:52.610+0000] {logging_mixin.py:188} INFO - [2025-11-10T20:49:52.608+0000] {dagbag.py:540} INFO - Filling up the DagBag from /home/airflow/.local/lib/python3.8/site-packages/airflow/example_dags/tutorial.py
[2025-11-10T20:49:52.616+0000] {processor.py:840} INFO - DAG(s) 'tutorial' retrieved from /home/airflow/.local/lib/python3.8/site-packages/airflow/example_dags/tutorial.py
[2025-11-10T20:49:52.636+0000] {logging_mixin.py:188} INFO - [2025-11-10T20:49:52.635+0000] {dag.py:3047} INFO - Sync 1 DAGs
[2025-11-10T20:49:52.655+0000] {logging_mixin.py:188} INFO - [2025-11-10T20:49:52.655+0000] {dag.py:3834} INFO - Setting next_dagrun for tutorial to 2025-11-09 00:00:00+00:00, run_after=2025-11-10 00:00:00+00:00
[2025-11-10T20:49:52.673+0000] {processor.py:183} INFO - Processing /home/airflow/.local/lib/python3.8/site-packages/airflow/example_dags/tutorial.py took 0.072 seconds
[2025-11-10T20:50:22.860+0000] {processor.py:161} INFO - Started process (PID=1627) to work on /home/airflow/.local/lib/python3.8/site-packages/airflow/example_dags/tutorial.py
[2025-11-10T20:50:22.862+0000] {processor.py:830} INFO - Processing file /home/airflow/.local/lib/python3.8/site-packages/airflow/example_dags/tutorial.py for tasks to queue
[2025-11-10T20:50:22.865+0000] {logging_mixin.py:188} INFO - [2025-11-10T20:50:22.864+0000] {dagbag.py:540} INFO - Filling up the DagBag from /home/airflow/.local/lib/python3.8/site-packages/airflow/example_dags/tutorial.py
[2025-11-10T20:50:22.871+0000] {processor.py:840} INFO - DAG(s) 'tutorial' retrieved from /home/airflow/.local/lib/python3.8/site-packages/airflow/example_dags/tutorial.py
[2025-11-10T20:50:22.890+0000] {logging_mixin.py:188} INFO - [2025-11-10T20:50:22.889+0000] {dag.py:3047} INFO - Sync 1 DAGs
[2025-11-10T20:50:22.911+0000] {logging_mixin.py:188} INFO - [2025-11-10T20:50:22.910+0000] {dag.py:3834} INFO - Setting next_dagrun for tutorial to 2025-11-09 00:00:00+00:00, run_after=2025-11-10 00:00:00+00:00
[2025-11-10T20:50:22.929+0000] {processor.py:183} INFO - Processing /home/airflow/.local/lib/python3.8/site-packages/airflow/example_dags/tutorial.py took 0.072 seconds
[2025-11-10T20:50:53.741+0000] {processor.py:161} INFO - Started process (PID=1682) to work on /home/airflow/.local/lib/python3.8/site-packages/airflow/example_dags/tutorial.py
[2025-11-10T20:50:53.743+0000] {processor.py:830} INFO - Processing file /home/airflow/.local/lib/python3.8/site-packages/airflow/example_dags/tutorial.py for tasks to queue
[2025-11-10T20:50:53.746+0000] {logging_mixin.py:188} INFO - [2025-11-10T20:50:53.745+0000] {dagbag.py:540} INFO - Filling up the DagBag from /home/airflow/.local/lib/python3.8/site-packages/airflow/example_dags/tutorial.py
[2025-11-10T20:50:53.752+0000] {processor.py:840} INFO - DAG(s) 'tutorial' retrieved from /home/airflow/.local/lib/python3.8/site-packages/airflow/example_dags/tutorial.py
[2025-11-10T20:50:53.772+0000] {logging_mixin.py:188} INFO - [2025-11-10T20:50:53.771+0000] {dag.py:3047} INFO - Sync 1 DAGs
[2025-11-10T20:50:53.792+0000] {logging_mixin.py:188} INFO - [2025-11-10T20:50:53.791+0000] {dag.py:3834} INFO - Setting next_dagrun for tutorial to 2025-11-09 00:00:00+00:00, run_after=2025-11-10 00:00:00+00:00
[2025-11-10T20:50:53.816+0000] {processor.py:183} INFO - Processing /home/airflow/.local/lib/python3.8/site-packages/airflow/example_dags/tutorial.py took 0.078 seconds
[2025-11-10T20:51:23.922+0000] {processor.py:161} INFO - Started process (PID=1737) to work on /home/airflow/.local/lib/python3.8/site-packages/airflow/example_dags/tutorial.py
[2025-11-10T20:51:23.924+0000] {processor.py:830} INFO - Processing file /home/airflow/.local/lib/python3.8/site-packages/airflow/example_dags/tutorial.py for tasks to queue
[2025-11-10T20:51:23.928+0000] {logging_mixin.py:188} INFO - [2025-11-10T20:51:23.928+0000] {dagbag.py:540} INFO - Filling up the DagBag from /home/airflow/.local/lib/python3.8/site-packages/airflow/example_dags/tutorial.py
[2025-11-10T20:51:23.935+0000] {processor.py:840} INFO - DAG(s) 'tutorial' retrieved from /home/airflow/.local/lib/python3.8/site-packages/airflow/example_dags/tutorial.py
[2025-11-10T20:51:23.954+0000] {logging_mixin.py:188} INFO - [2025-11-10T20:51:23.954+0000] {dag.py:3047} INFO - Sync 1 DAGs
[2025-11-10T20:51:23.973+0000] {logging_mixin.py:188} INFO - [2025-11-10T20:51:23.973+0000] {dag.py:3834} INFO - Setting next_dagrun for tutorial to 2025-11-09 00:00:00+00:00, run_after=2025-11-10 00:00:00+00:00
[2025-11-10T20:51:23.995+0000] {processor.py:183} INFO - Processing /home/airflow/.local/lib/python3.8/site-packages/airflow/example_dags/tutorial.py took 0.078 seconds
[2025-11-10T20:51:54.107+0000] {processor.py:161} INFO - Started process (PID=1792) to work on /home/airflow/.local/lib/python3.8/site-packages/airflow/example_dags/tutorial.py
[2025-11-10T20:51:54.110+0000] {processor.py:830} INFO - Processing file /home/airflow/.local/lib/python3.8/site-packages/airflow/example_dags/tutorial.py for tasks to queue
[2025-11-10T20:51:54.117+0000] {logging_mixin.py:188} INFO - [2025-11-10T20:51:54.113+0000] {dagbag.py:540} INFO - Filling up the DagBag from /home/airflow/.local/lib/python3.8/site-packages/airflow/example_dags/tutorial.py
[2025-11-10T20:51:54.129+0000] {processor.py:840} INFO - DAG(s) 'tutorial' retrieved from /home/airflow/.local/lib/python3.8/site-packages/airflow/example_dags/tutorial.py
[2025-11-10T20:51:54.173+0000] {logging_mixin.py:188} INFO - [2025-11-10T20:51:54.172+0000] {dag.py:3047} INFO - Sync 1 DAGs
[2025-11-10T20:51:54.219+0000] {logging_mixin.py:188} INFO - [2025-11-10T20:51:54.219+0000] {dag.py:3834} INFO - Setting next_dagrun for tutorial to 2025-11-09 00:00:00+00:00, run_after=2025-11-10 00:00:00+00:00
[2025-11-10T20:51:54.265+0000] {processor.py:183} INFO - Processing /home/airflow/.local/lib/python3.8/site-packages/airflow/example_dags/tutorial.py took 0.165 seconds
[2025-11-10T20:52:24.444+0000] {processor.py:161} INFO - Started process (PID=1847) to work on /home/airflow/.local/lib/python3.8/site-packages/airflow/example_dags/tutorial.py
[2025-11-10T20:52:24.445+0000] {processor.py:830} INFO - Processing file /home/airflow/.local/lib/python3.8/site-packages/airflow/example_dags/tutorial.py for tasks to queue
[2025-11-10T20:52:24.448+0000] {logging_mixin.py:188} INFO - [2025-11-10T20:52:24.447+0000] {dagbag.py:540} INFO - Filling up the DagBag from /home/airflow/.local/lib/python3.8/site-packages/airflow/example_dags/tutorial.py
[2025-11-10T20:52:24.454+0000] {processor.py:840} INFO - DAG(s) 'tutorial' retrieved from /home/airflow/.local/lib/python3.8/site-packages/airflow/example_dags/tutorial.py
[2025-11-10T20:52:24.472+0000] {logging_mixin.py:188} INFO - [2025-11-10T20:52:24.472+0000] {dag.py:3047} INFO - Sync 1 DAGs
[2025-11-10T20:52:24.491+0000] {logging_mixin.py:188} INFO - [2025-11-10T20:52:24.491+0000] {dag.py:3834} INFO - Setting next_dagrun for tutorial to 2025-11-09 00:00:00+00:00, run_after=2025-11-10 00:00:00+00:00
[2025-11-10T20:52:24.508+0000] {processor.py:183} INFO - Processing /home/airflow/.local/lib/python3.8/site-packages/airflow/example_dags/tutorial.py took 0.067 seconds
[2025-11-10T20:52:54.968+0000] {processor.py:161} INFO - Started process (PID=1902) to work on /home/airflow/.local/lib/python3.8/site-packages/airflow/example_dags/tutorial.py
[2025-11-10T20:52:54.969+0000] {processor.py:830} INFO - Processing file /home/airflow/.local/lib/python3.8/site-packages/airflow/example_dags/tutorial.py for tasks to queue
[2025-11-10T20:52:54.972+0000] {logging_mixin.py:188} INFO - [2025-11-10T20:52:54.971+0000] {dagbag.py:540} INFO - Filling up the DagBag from /home/airflow/.local/lib/python3.8/site-packages/airflow/example_dags/tutorial.py
[2025-11-10T20:52:54.978+0000] {processor.py:840} INFO - DAG(s) 'tutorial' retrieved from /home/airflow/.local/lib/python3.8/site-packages/airflow/example_dags/tutorial.py
[2025-11-10T20:52:54.999+0000] {logging_mixin.py:188} INFO - [2025-11-10T20:52:54.998+0000] {dag.py:3047} INFO - Sync 1 DAGs
[2025-11-10T20:52:55.021+0000] {logging_mixin.py:188} INFO - [2025-11-10T20:52:55.021+0000] {dag.py:3834} INFO - Setting next_dagrun for tutorial to 2025-11-09 00:00:00+00:00, run_after=2025-11-10 00:00:00+00:00
[2025-11-10T20:52:55.040+0000] {processor.py:183} INFO - Processing /home/airflow/.local/lib/python3.8/site-packages/airflow/example_dags/tutorial.py took 0.076 seconds
[2025-11-10T20:53:25.211+0000] {processor.py:161} INFO - Started process (PID=1957) to work on /home/airflow/.local/lib/python3.8/site-packages/airflow/example_dags/tutorial.py
[2025-11-10T20:53:25.213+0000] {processor.py:830} INFO - Processing file /home/airflow/.local/lib/python3.8/site-packages/airflow/example_dags/tutorial.py for tasks to queue
[2025-11-10T20:53:25.218+0000] {logging_mixin.py:188} INFO - [2025-11-10T20:53:25.216+0000] {dagbag.py:540} INFO - Filling up the DagBag from /home/airflow/.local/lib/python3.8/site-packages/airflow/example_dags/tutorial.py
[2025-11-10T20:53:25.224+0000] {processor.py:840} INFO - DAG(s) 'tutorial' retrieved from /home/airflow/.local/lib/python3.8/site-packages/airflow/example_dags/tutorial.py
[2025-11-10T20:53:25.245+0000] {logging_mixin.py:188} INFO - [2025-11-10T20:53:25.245+0000] {dag.py:3047} INFO - Sync 1 DAGs
[2025-11-10T20:53:25.275+0000] {logging_mixin.py:188} INFO - [2025-11-10T20:53:25.275+0000] {dag.py:3834} INFO - Setting next_dagrun for tutorial to 2025-11-09 00:00:00+00:00, run_after=2025-11-10 00:00:00+00:00
[2025-11-10T20:53:25.297+0000] {processor.py:183} INFO - Processing /home/airflow/.local/lib/python3.8/site-packages/airflow/example_dags/tutorial.py took 0.089 seconds
