[2025-11-10T20:36:11.391+0000] {processor.py:161} INFO - Started process (PID=90) to work on /home/airflow/.local/lib/python3.8/site-packages/airflow/example_dags/tutorial_taskflow_api.py
[2025-11-10T20:36:11.394+0000] {processor.py:830} INFO - Processing file /home/airflow/.local/lib/python3.8/site-packages/airflow/example_dags/tutorial_taskflow_api.py for tasks to queue
[2025-11-10T20:36:11.400+0000] {logging_mixin.py:188} INFO - [2025-11-10T20:36:11.399+0000] {dagbag.py:540} INFO - Filling up the DagBag from /home/airflow/.local/lib/python3.8/site-packages/airflow/example_dags/tutorial_taskflow_api.py
[2025-11-10T20:36:11.420+0000] {processor.py:840} INFO - DAG(s) 'tutorial_taskflow_api' retrieved from /home/airflow/.local/lib/python3.8/site-packages/airflow/example_dags/tutorial_taskflow_api.py
[2025-11-10T20:36:11.567+0000] {logging_mixin.py:188} INFO - [2025-11-10T20:36:11.565+0000] {override.py:1769} INFO - Created Permission View: can read on DAG:tutorial_taskflow_api
[2025-11-10T20:36:11.579+0000] {logging_mixin.py:188} INFO - [2025-11-10T20:36:11.578+0000] {override.py:1769} INFO - Created Permission View: can edit on DAG:tutorial_taskflow_api
[2025-11-10T20:36:11.588+0000] {logging_mixin.py:188} INFO - [2025-11-10T20:36:11.588+0000] {override.py:1769} INFO - Created Permission View: can delete on DAG:tutorial_taskflow_api
[2025-11-10T20:36:11.589+0000] {logging_mixin.py:188} INFO - [2025-11-10T20:36:11.589+0000] {dag.py:3047} INFO - Sync 1 DAGs
[2025-11-10T20:36:11.603+0000] {logging_mixin.py:188} INFO - [2025-11-10T20:36:11.603+0000] {dag.py:3069} INFO - Creating ORM DAG for tutorial_taskflow_api
[2025-11-10T20:36:11.605+0000] {logging_mixin.py:188} INFO - [2025-11-10T20:36:11.604+0000] {dag.py:3834} INFO - Setting next_dagrun for tutorial_taskflow_api to None, run_after=None
[2025-11-10T20:36:11.624+0000] {processor.py:183} INFO - Processing /home/airflow/.local/lib/python3.8/site-packages/airflow/example_dags/tutorial_taskflow_api.py took 0.241 seconds
[2025-11-10T20:36:42.228+0000] {processor.py:161} INFO - Started process (PID=145) to work on /home/airflow/.local/lib/python3.8/site-packages/airflow/example_dags/tutorial_taskflow_api.py
[2025-11-10T20:36:42.229+0000] {processor.py:830} INFO - Processing file /home/airflow/.local/lib/python3.8/site-packages/airflow/example_dags/tutorial_taskflow_api.py for tasks to queue
[2025-11-10T20:36:42.232+0000] {logging_mixin.py:188} INFO - [2025-11-10T20:36:42.231+0000] {dagbag.py:540} INFO - Filling up the DagBag from /home/airflow/.local/lib/python3.8/site-packages/airflow/example_dags/tutorial_taskflow_api.py
[2025-11-10T20:36:42.240+0000] {processor.py:840} INFO - DAG(s) 'tutorial_taskflow_api' retrieved from /home/airflow/.local/lib/python3.8/site-packages/airflow/example_dags/tutorial_taskflow_api.py
[2025-11-10T20:36:42.265+0000] {logging_mixin.py:188} INFO - [2025-11-10T20:36:42.264+0000] {dag.py:3047} INFO - Sync 1 DAGs
[2025-11-10T20:36:42.278+0000] {logging_mixin.py:188} INFO - [2025-11-10T20:36:42.278+0000] {dag.py:3834} INFO - Setting next_dagrun for tutorial_taskflow_api to None, run_after=None
[2025-11-10T20:36:42.299+0000] {processor.py:183} INFO - Processing /home/airflow/.local/lib/python3.8/site-packages/airflow/example_dags/tutorial_taskflow_api.py took 0.075 seconds
[2025-11-10T20:37:13.151+0000] {processor.py:161} INFO - Started process (PID=200) to work on /home/airflow/.local/lib/python3.8/site-packages/airflow/example_dags/tutorial_taskflow_api.py
[2025-11-10T20:37:13.152+0000] {processor.py:830} INFO - Processing file /home/airflow/.local/lib/python3.8/site-packages/airflow/example_dags/tutorial_taskflow_api.py for tasks to queue
[2025-11-10T20:37:13.155+0000] {logging_mixin.py:188} INFO - [2025-11-10T20:37:13.154+0000] {dagbag.py:540} INFO - Filling up the DagBag from /home/airflow/.local/lib/python3.8/site-packages/airflow/example_dags/tutorial_taskflow_api.py
[2025-11-10T20:37:13.162+0000] {processor.py:840} INFO - DAG(s) 'tutorial_taskflow_api' retrieved from /home/airflow/.local/lib/python3.8/site-packages/airflow/example_dags/tutorial_taskflow_api.py
[2025-11-10T20:37:13.194+0000] {logging_mixin.py:188} INFO - [2025-11-10T20:37:13.194+0000] {dag.py:3047} INFO - Sync 1 DAGs
[2025-11-10T20:37:13.221+0000] {logging_mixin.py:188} INFO - [2025-11-10T20:37:13.221+0000] {dag.py:3834} INFO - Setting next_dagrun for tutorial_taskflow_api to None, run_after=None
[2025-11-10T20:37:13.245+0000] {processor.py:183} INFO - Processing /home/airflow/.local/lib/python3.8/site-packages/airflow/example_dags/tutorial_taskflow_api.py took 0.098 seconds
[2025-11-10T20:37:43.372+0000] {processor.py:161} INFO - Started process (PID=255) to work on /home/airflow/.local/lib/python3.8/site-packages/airflow/example_dags/tutorial_taskflow_api.py
[2025-11-10T20:37:43.377+0000] {processor.py:830} INFO - Processing file /home/airflow/.local/lib/python3.8/site-packages/airflow/example_dags/tutorial_taskflow_api.py for tasks to queue
[2025-11-10T20:37:43.382+0000] {logging_mixin.py:188} INFO - [2025-11-10T20:37:43.381+0000] {dagbag.py:540} INFO - Filling up the DagBag from /home/airflow/.local/lib/python3.8/site-packages/airflow/example_dags/tutorial_taskflow_api.py
[2025-11-10T20:37:43.392+0000] {processor.py:840} INFO - DAG(s) 'tutorial_taskflow_api' retrieved from /home/airflow/.local/lib/python3.8/site-packages/airflow/example_dags/tutorial_taskflow_api.py
[2025-11-10T20:37:43.414+0000] {logging_mixin.py:188} INFO - [2025-11-10T20:37:43.413+0000] {dag.py:3047} INFO - Sync 1 DAGs
[2025-11-10T20:37:43.427+0000] {logging_mixin.py:188} INFO - [2025-11-10T20:37:43.426+0000] {dag.py:3834} INFO - Setting next_dagrun for tutorial_taskflow_api to None, run_after=None
[2025-11-10T20:37:43.446+0000] {processor.py:183} INFO - Processing /home/airflow/.local/lib/python3.8/site-packages/airflow/example_dags/tutorial_taskflow_api.py took 0.079 seconds
[2025-11-10T20:38:13.538+0000] {processor.py:161} INFO - Started process (PID=309) to work on /home/airflow/.local/lib/python3.8/site-packages/airflow/example_dags/tutorial_taskflow_api.py
[2025-11-10T20:38:13.540+0000] {processor.py:830} INFO - Processing file /home/airflow/.local/lib/python3.8/site-packages/airflow/example_dags/tutorial_taskflow_api.py for tasks to queue
[2025-11-10T20:38:13.542+0000] {logging_mixin.py:188} INFO - [2025-11-10T20:38:13.542+0000] {dagbag.py:540} INFO - Filling up the DagBag from /home/airflow/.local/lib/python3.8/site-packages/airflow/example_dags/tutorial_taskflow_api.py
[2025-11-10T20:38:13.549+0000] {processor.py:840} INFO - DAG(s) 'tutorial_taskflow_api' retrieved from /home/airflow/.local/lib/python3.8/site-packages/airflow/example_dags/tutorial_taskflow_api.py
[2025-11-10T20:38:13.569+0000] {logging_mixin.py:188} INFO - [2025-11-10T20:38:13.568+0000] {dag.py:3047} INFO - Sync 1 DAGs
[2025-11-10T20:38:13.581+0000] {logging_mixin.py:188} INFO - [2025-11-10T20:38:13.581+0000] {dag.py:3834} INFO - Setting next_dagrun for tutorial_taskflow_api to None, run_after=None
[2025-11-10T20:38:13.606+0000] {processor.py:183} INFO - Processing /home/airflow/.local/lib/python3.8/site-packages/airflow/example_dags/tutorial_taskflow_api.py took 0.070 seconds
[2025-11-10T20:38:43.977+0000] {processor.py:161} INFO - Started process (PID=364) to work on /home/airflow/.local/lib/python3.8/site-packages/airflow/example_dags/tutorial_taskflow_api.py
[2025-11-10T20:38:43.978+0000] {processor.py:830} INFO - Processing file /home/airflow/.local/lib/python3.8/site-packages/airflow/example_dags/tutorial_taskflow_api.py for tasks to queue
[2025-11-10T20:38:43.981+0000] {logging_mixin.py:188} INFO - [2025-11-10T20:38:43.981+0000] {dagbag.py:540} INFO - Filling up the DagBag from /home/airflow/.local/lib/python3.8/site-packages/airflow/example_dags/tutorial_taskflow_api.py
[2025-11-10T20:38:43.989+0000] {processor.py:840} INFO - DAG(s) 'tutorial_taskflow_api' retrieved from /home/airflow/.local/lib/python3.8/site-packages/airflow/example_dags/tutorial_taskflow_api.py
[2025-11-10T20:38:44.011+0000] {logging_mixin.py:188} INFO - [2025-11-10T20:38:44.010+0000] {dag.py:3047} INFO - Sync 1 DAGs
[2025-11-10T20:38:44.023+0000] {logging_mixin.py:188} INFO - [2025-11-10T20:38:44.023+0000] {dag.py:3834} INFO - Setting next_dagrun for tutorial_taskflow_api to None, run_after=None
[2025-11-10T20:38:44.041+0000] {processor.py:183} INFO - Processing /home/airflow/.local/lib/python3.8/site-packages/airflow/example_dags/tutorial_taskflow_api.py took 0.068 seconds
[2025-11-10T20:39:14.344+0000] {processor.py:161} INFO - Started process (PID=419) to work on /home/airflow/.local/lib/python3.8/site-packages/airflow/example_dags/tutorial_taskflow_api.py
[2025-11-10T20:39:14.346+0000] {processor.py:830} INFO - Processing file /home/airflow/.local/lib/python3.8/site-packages/airflow/example_dags/tutorial_taskflow_api.py for tasks to queue
[2025-11-10T20:39:14.351+0000] {logging_mixin.py:188} INFO - [2025-11-10T20:39:14.350+0000] {dagbag.py:540} INFO - Filling up the DagBag from /home/airflow/.local/lib/python3.8/site-packages/airflow/example_dags/tutorial_taskflow_api.py
[2025-11-10T20:39:14.360+0000] {processor.py:840} INFO - DAG(s) 'tutorial_taskflow_api' retrieved from /home/airflow/.local/lib/python3.8/site-packages/airflow/example_dags/tutorial_taskflow_api.py
[2025-11-10T20:39:14.380+0000] {logging_mixin.py:188} INFO - [2025-11-10T20:39:14.380+0000] {dag.py:3047} INFO - Sync 1 DAGs
[2025-11-10T20:39:14.395+0000] {logging_mixin.py:188} INFO - [2025-11-10T20:39:14.394+0000] {dag.py:3834} INFO - Setting next_dagrun for tutorial_taskflow_api to None, run_after=None
[2025-11-10T20:39:14.414+0000] {processor.py:183} INFO - Processing /home/airflow/.local/lib/python3.8/site-packages/airflow/example_dags/tutorial_taskflow_api.py took 0.079 seconds
[2025-11-10T20:39:45.196+0000] {processor.py:161} INFO - Started process (PID=475) to work on /home/airflow/.local/lib/python3.8/site-packages/airflow/example_dags/tutorial_taskflow_api.py
[2025-11-10T20:39:45.199+0000] {processor.py:830} INFO - Processing file /home/airflow/.local/lib/python3.8/site-packages/airflow/example_dags/tutorial_taskflow_api.py for tasks to queue
[2025-11-10T20:39:45.202+0000] {logging_mixin.py:188} INFO - [2025-11-10T20:39:45.202+0000] {dagbag.py:540} INFO - Filling up the DagBag from /home/airflow/.local/lib/python3.8/site-packages/airflow/example_dags/tutorial_taskflow_api.py
[2025-11-10T20:39:45.215+0000] {processor.py:840} INFO - DAG(s) 'tutorial_taskflow_api' retrieved from /home/airflow/.local/lib/python3.8/site-packages/airflow/example_dags/tutorial_taskflow_api.py
[2025-11-10T20:39:45.239+0000] {logging_mixin.py:188} INFO - [2025-11-10T20:39:45.239+0000] {dag.py:3047} INFO - Sync 1 DAGs
[2025-11-10T20:39:45.253+0000] {logging_mixin.py:188} INFO - [2025-11-10T20:39:45.252+0000] {dag.py:3834} INFO - Setting next_dagrun for tutorial_taskflow_api to None, run_after=None
[2025-11-10T20:39:45.273+0000] {processor.py:183} INFO - Processing /home/airflow/.local/lib/python3.8/site-packages/airflow/example_dags/tutorial_taskflow_api.py took 0.081 seconds
[2025-11-10T20:40:16.033+0000] {processor.py:161} INFO - Started process (PID=530) to work on /home/airflow/.local/lib/python3.8/site-packages/airflow/example_dags/tutorial_taskflow_api.py
[2025-11-10T20:40:16.034+0000] {processor.py:830} INFO - Processing file /home/airflow/.local/lib/python3.8/site-packages/airflow/example_dags/tutorial_taskflow_api.py for tasks to queue
[2025-11-10T20:40:16.036+0000] {logging_mixin.py:188} INFO - [2025-11-10T20:40:16.036+0000] {dagbag.py:540} INFO - Filling up the DagBag from /home/airflow/.local/lib/python3.8/site-packages/airflow/example_dags/tutorial_taskflow_api.py
[2025-11-10T20:40:16.043+0000] {processor.py:840} INFO - DAG(s) 'tutorial_taskflow_api' retrieved from /home/airflow/.local/lib/python3.8/site-packages/airflow/example_dags/tutorial_taskflow_api.py
[2025-11-10T20:40:16.061+0000] {logging_mixin.py:188} INFO - [2025-11-10T20:40:16.060+0000] {dag.py:3047} INFO - Sync 1 DAGs
[2025-11-10T20:40:16.073+0000] {logging_mixin.py:188} INFO - [2025-11-10T20:40:16.072+0000] {dag.py:3834} INFO - Setting next_dagrun for tutorial_taskflow_api to None, run_after=None
[2025-11-10T20:40:16.091+0000] {processor.py:183} INFO - Processing /home/airflow/.local/lib/python3.8/site-packages/airflow/example_dags/tutorial_taskflow_api.py took 0.061 seconds
[2025-11-10T20:40:46.509+0000] {processor.py:161} INFO - Started process (PID=585) to work on /home/airflow/.local/lib/python3.8/site-packages/airflow/example_dags/tutorial_taskflow_api.py
[2025-11-10T20:40:46.511+0000] {processor.py:830} INFO - Processing file /home/airflow/.local/lib/python3.8/site-packages/airflow/example_dags/tutorial_taskflow_api.py for tasks to queue
[2025-11-10T20:40:46.514+0000] {logging_mixin.py:188} INFO - [2025-11-10T20:40:46.513+0000] {dagbag.py:540} INFO - Filling up the DagBag from /home/airflow/.local/lib/python3.8/site-packages/airflow/example_dags/tutorial_taskflow_api.py
[2025-11-10T20:40:46.520+0000] {processor.py:840} INFO - DAG(s) 'tutorial_taskflow_api' retrieved from /home/airflow/.local/lib/python3.8/site-packages/airflow/example_dags/tutorial_taskflow_api.py
[2025-11-10T20:40:46.544+0000] {logging_mixin.py:188} INFO - [2025-11-10T20:40:46.544+0000] {dag.py:3047} INFO - Sync 1 DAGs
[2025-11-10T20:40:46.556+0000] {logging_mixin.py:188} INFO - [2025-11-10T20:40:46.556+0000] {dag.py:3834} INFO - Setting next_dagrun for tutorial_taskflow_api to None, run_after=None
[2025-11-10T20:40:46.577+0000] {processor.py:183} INFO - Processing /home/airflow/.local/lib/python3.8/site-packages/airflow/example_dags/tutorial_taskflow_api.py took 0.072 seconds
[2025-11-10T20:41:16.754+0000] {processor.py:161} INFO - Started process (PID=640) to work on /home/airflow/.local/lib/python3.8/site-packages/airflow/example_dags/tutorial_taskflow_api.py
[2025-11-10T20:41:16.756+0000] {processor.py:830} INFO - Processing file /home/airflow/.local/lib/python3.8/site-packages/airflow/example_dags/tutorial_taskflow_api.py for tasks to queue
[2025-11-10T20:41:16.759+0000] {logging_mixin.py:188} INFO - [2025-11-10T20:41:16.758+0000] {dagbag.py:540} INFO - Filling up the DagBag from /home/airflow/.local/lib/python3.8/site-packages/airflow/example_dags/tutorial_taskflow_api.py
[2025-11-10T20:41:16.766+0000] {processor.py:840} INFO - DAG(s) 'tutorial_taskflow_api' retrieved from /home/airflow/.local/lib/python3.8/site-packages/airflow/example_dags/tutorial_taskflow_api.py
[2025-11-10T20:41:16.787+0000] {logging_mixin.py:188} INFO - [2025-11-10T20:41:16.787+0000] {dag.py:3047} INFO - Sync 1 DAGs
[2025-11-10T20:41:16.800+0000] {logging_mixin.py:188} INFO - [2025-11-10T20:41:16.799+0000] {dag.py:3834} INFO - Setting next_dagrun for tutorial_taskflow_api to None, run_after=None
[2025-11-10T20:41:16.821+0000] {processor.py:183} INFO - Processing /home/airflow/.local/lib/python3.8/site-packages/airflow/example_dags/tutorial_taskflow_api.py took 0.071 seconds
[2025-11-10T20:41:47.210+0000] {processor.py:161} INFO - Started process (PID=694) to work on /home/airflow/.local/lib/python3.8/site-packages/airflow/example_dags/tutorial_taskflow_api.py
[2025-11-10T20:41:47.213+0000] {processor.py:830} INFO - Processing file /home/airflow/.local/lib/python3.8/site-packages/airflow/example_dags/tutorial_taskflow_api.py for tasks to queue
[2025-11-10T20:41:47.216+0000] {logging_mixin.py:188} INFO - [2025-11-10T20:41:47.215+0000] {dagbag.py:540} INFO - Filling up the DagBag from /home/airflow/.local/lib/python3.8/site-packages/airflow/example_dags/tutorial_taskflow_api.py
[2025-11-10T20:41:47.223+0000] {processor.py:840} INFO - DAG(s) 'tutorial_taskflow_api' retrieved from /home/airflow/.local/lib/python3.8/site-packages/airflow/example_dags/tutorial_taskflow_api.py
[2025-11-10T20:41:47.243+0000] {logging_mixin.py:188} INFO - [2025-11-10T20:41:47.243+0000] {dag.py:3047} INFO - Sync 1 DAGs
[2025-11-10T20:41:47.256+0000] {logging_mixin.py:188} INFO - [2025-11-10T20:41:47.256+0000] {dag.py:3834} INFO - Setting next_dagrun for tutorial_taskflow_api to None, run_after=None
[2025-11-10T20:41:47.275+0000] {processor.py:183} INFO - Processing /home/airflow/.local/lib/python3.8/site-packages/airflow/example_dags/tutorial_taskflow_api.py took 0.068 seconds
[2025-11-10T20:42:18.480+0000] {processor.py:161} INFO - Started process (PID=750) to work on /home/airflow/.local/lib/python3.8/site-packages/airflow/example_dags/tutorial_taskflow_api.py
[2025-11-10T20:42:18.485+0000] {processor.py:830} INFO - Processing file /home/airflow/.local/lib/python3.8/site-packages/airflow/example_dags/tutorial_taskflow_api.py for tasks to queue
[2025-11-10T20:42:18.493+0000] {logging_mixin.py:188} INFO - [2025-11-10T20:42:18.491+0000] {dagbag.py:540} INFO - Filling up the DagBag from /home/airflow/.local/lib/python3.8/site-packages/airflow/example_dags/tutorial_taskflow_api.py
[2025-11-10T20:42:18.517+0000] {processor.py:840} INFO - DAG(s) 'tutorial_taskflow_api' retrieved from /home/airflow/.local/lib/python3.8/site-packages/airflow/example_dags/tutorial_taskflow_api.py
[2025-11-10T20:42:18.551+0000] {logging_mixin.py:188} INFO - [2025-11-10T20:42:18.551+0000] {dag.py:3047} INFO - Sync 1 DAGs
[2025-11-10T20:42:18.564+0000] {logging_mixin.py:188} INFO - [2025-11-10T20:42:18.564+0000] {dag.py:3834} INFO - Setting next_dagrun for tutorial_taskflow_api to None, run_after=None
[2025-11-10T20:42:18.584+0000] {processor.py:183} INFO - Processing /home/airflow/.local/lib/python3.8/site-packages/airflow/example_dags/tutorial_taskflow_api.py took 0.113 seconds
[2025-11-10T20:42:48.919+0000] {processor.py:161} INFO - Started process (PID=805) to work on /home/airflow/.local/lib/python3.8/site-packages/airflow/example_dags/tutorial_taskflow_api.py
[2025-11-10T20:42:48.921+0000] {processor.py:830} INFO - Processing file /home/airflow/.local/lib/python3.8/site-packages/airflow/example_dags/tutorial_taskflow_api.py for tasks to queue
[2025-11-10T20:42:48.924+0000] {logging_mixin.py:188} INFO - [2025-11-10T20:42:48.924+0000] {dagbag.py:540} INFO - Filling up the DagBag from /home/airflow/.local/lib/python3.8/site-packages/airflow/example_dags/tutorial_taskflow_api.py
[2025-11-10T20:42:48.934+0000] {processor.py:840} INFO - DAG(s) 'tutorial_taskflow_api' retrieved from /home/airflow/.local/lib/python3.8/site-packages/airflow/example_dags/tutorial_taskflow_api.py
[2025-11-10T20:42:48.953+0000] {logging_mixin.py:188} INFO - [2025-11-10T20:42:48.953+0000] {dag.py:3047} INFO - Sync 1 DAGs
[2025-11-10T20:42:48.964+0000] {logging_mixin.py:188} INFO - [2025-11-10T20:42:48.964+0000] {dag.py:3834} INFO - Setting next_dagrun for tutorial_taskflow_api to None, run_after=None
[2025-11-10T20:42:48.982+0000] {processor.py:183} INFO - Processing /home/airflow/.local/lib/python3.8/site-packages/airflow/example_dags/tutorial_taskflow_api.py took 0.069 seconds
[2025-11-10T20:43:19.231+0000] {processor.py:161} INFO - Started process (PID=860) to work on /home/airflow/.local/lib/python3.8/site-packages/airflow/example_dags/tutorial_taskflow_api.py
[2025-11-10T20:43:19.234+0000] {processor.py:830} INFO - Processing file /home/airflow/.local/lib/python3.8/site-packages/airflow/example_dags/tutorial_taskflow_api.py for tasks to queue
[2025-11-10T20:43:19.240+0000] {logging_mixin.py:188} INFO - [2025-11-10T20:43:19.240+0000] {dagbag.py:540} INFO - Filling up the DagBag from /home/airflow/.local/lib/python3.8/site-packages/airflow/example_dags/tutorial_taskflow_api.py
[2025-11-10T20:43:19.258+0000] {processor.py:840} INFO - DAG(s) 'tutorial_taskflow_api' retrieved from /home/airflow/.local/lib/python3.8/site-packages/airflow/example_dags/tutorial_taskflow_api.py
[2025-11-10T20:43:19.282+0000] {logging_mixin.py:188} INFO - [2025-11-10T20:43:19.282+0000] {dag.py:3047} INFO - Sync 1 DAGs
[2025-11-10T20:43:19.294+0000] {logging_mixin.py:188} INFO - [2025-11-10T20:43:19.294+0000] {dag.py:3834} INFO - Setting next_dagrun for tutorial_taskflow_api to None, run_after=None
[2025-11-10T20:43:19.314+0000] {processor.py:183} INFO - Processing /home/airflow/.local/lib/python3.8/site-packages/airflow/example_dags/tutorial_taskflow_api.py took 0.091 seconds
[2025-11-10T20:43:49.626+0000] {processor.py:161} INFO - Started process (PID=914) to work on /home/airflow/.local/lib/python3.8/site-packages/airflow/example_dags/tutorial_taskflow_api.py
[2025-11-10T20:43:49.628+0000] {processor.py:830} INFO - Processing file /home/airflow/.local/lib/python3.8/site-packages/airflow/example_dags/tutorial_taskflow_api.py for tasks to queue
[2025-11-10T20:43:49.630+0000] {logging_mixin.py:188} INFO - [2025-11-10T20:43:49.630+0000] {dagbag.py:540} INFO - Filling up the DagBag from /home/airflow/.local/lib/python3.8/site-packages/airflow/example_dags/tutorial_taskflow_api.py
[2025-11-10T20:43:49.638+0000] {processor.py:840} INFO - DAG(s) 'tutorial_taskflow_api' retrieved from /home/airflow/.local/lib/python3.8/site-packages/airflow/example_dags/tutorial_taskflow_api.py
[2025-11-10T20:43:49.657+0000] {logging_mixin.py:188} INFO - [2025-11-10T20:43:49.657+0000] {dag.py:3047} INFO - Sync 1 DAGs
[2025-11-10T20:43:49.668+0000] {logging_mixin.py:188} INFO - [2025-11-10T20:43:49.668+0000] {dag.py:3834} INFO - Setting next_dagrun for tutorial_taskflow_api to None, run_after=None
[2025-11-10T20:43:49.686+0000] {processor.py:183} INFO - Processing /home/airflow/.local/lib/python3.8/site-packages/airflow/example_dags/tutorial_taskflow_api.py took 0.067 seconds
[2025-11-10T20:44:20.425+0000] {processor.py:161} INFO - Started process (PID=969) to work on /home/airflow/.local/lib/python3.8/site-packages/airflow/example_dags/tutorial_taskflow_api.py
[2025-11-10T20:44:20.427+0000] {processor.py:830} INFO - Processing file /home/airflow/.local/lib/python3.8/site-packages/airflow/example_dags/tutorial_taskflow_api.py for tasks to queue
[2025-11-10T20:44:20.430+0000] {logging_mixin.py:188} INFO - [2025-11-10T20:44:20.429+0000] {dagbag.py:540} INFO - Filling up the DagBag from /home/airflow/.local/lib/python3.8/site-packages/airflow/example_dags/tutorial_taskflow_api.py
[2025-11-10T20:44:20.444+0000] {processor.py:840} INFO - DAG(s) 'tutorial_taskflow_api' retrieved from /home/airflow/.local/lib/python3.8/site-packages/airflow/example_dags/tutorial_taskflow_api.py
[2025-11-10T20:44:20.463+0000] {logging_mixin.py:188} INFO - [2025-11-10T20:44:20.463+0000] {dag.py:3047} INFO - Sync 1 DAGs
[2025-11-10T20:44:20.475+0000] {logging_mixin.py:188} INFO - [2025-11-10T20:44:20.475+0000] {dag.py:3834} INFO - Setting next_dagrun for tutorial_taskflow_api to None, run_after=None
[2025-11-10T20:44:20.496+0000] {processor.py:183} INFO - Processing /home/airflow/.local/lib/python3.8/site-packages/airflow/example_dags/tutorial_taskflow_api.py took 0.076 seconds
[2025-11-10T20:44:50.924+0000] {processor.py:161} INFO - Started process (PID=1024) to work on /home/airflow/.local/lib/python3.8/site-packages/airflow/example_dags/tutorial_taskflow_api.py
[2025-11-10T20:44:50.926+0000] {processor.py:830} INFO - Processing file /home/airflow/.local/lib/python3.8/site-packages/airflow/example_dags/tutorial_taskflow_api.py for tasks to queue
[2025-11-10T20:44:50.928+0000] {logging_mixin.py:188} INFO - [2025-11-10T20:44:50.928+0000] {dagbag.py:540} INFO - Filling up the DagBag from /home/airflow/.local/lib/python3.8/site-packages/airflow/example_dags/tutorial_taskflow_api.py
[2025-11-10T20:44:50.936+0000] {processor.py:840} INFO - DAG(s) 'tutorial_taskflow_api' retrieved from /home/airflow/.local/lib/python3.8/site-packages/airflow/example_dags/tutorial_taskflow_api.py
[2025-11-10T20:44:50.957+0000] {logging_mixin.py:188} INFO - [2025-11-10T20:44:50.957+0000] {dag.py:3047} INFO - Sync 1 DAGs
[2025-11-10T20:44:50.969+0000] {logging_mixin.py:188} INFO - [2025-11-10T20:44:50.969+0000] {dag.py:3834} INFO - Setting next_dagrun for tutorial_taskflow_api to None, run_after=None
[2025-11-10T20:44:50.988+0000] {processor.py:183} INFO - Processing /home/airflow/.local/lib/python3.8/site-packages/airflow/example_dags/tutorial_taskflow_api.py took 0.068 seconds
[2025-11-10T20:45:21.338+0000] {processor.py:161} INFO - Started process (PID=1079) to work on /home/airflow/.local/lib/python3.8/site-packages/airflow/example_dags/tutorial_taskflow_api.py
[2025-11-10T20:45:21.340+0000] {processor.py:830} INFO - Processing file /home/airflow/.local/lib/python3.8/site-packages/airflow/example_dags/tutorial_taskflow_api.py for tasks to queue
[2025-11-10T20:45:21.342+0000] {logging_mixin.py:188} INFO - [2025-11-10T20:45:21.342+0000] {dagbag.py:540} INFO - Filling up the DagBag from /home/airflow/.local/lib/python3.8/site-packages/airflow/example_dags/tutorial_taskflow_api.py
[2025-11-10T20:45:21.352+0000] {processor.py:840} INFO - DAG(s) 'tutorial_taskflow_api' retrieved from /home/airflow/.local/lib/python3.8/site-packages/airflow/example_dags/tutorial_taskflow_api.py
[2025-11-10T20:45:21.378+0000] {logging_mixin.py:188} INFO - [2025-11-10T20:45:21.378+0000] {dag.py:3047} INFO - Sync 1 DAGs
[2025-11-10T20:45:21.394+0000] {logging_mixin.py:188} INFO - [2025-11-10T20:45:21.394+0000] {dag.py:3834} INFO - Setting next_dagrun for tutorial_taskflow_api to None, run_after=None
[2025-11-10T20:45:21.420+0000] {processor.py:183} INFO - Processing /home/airflow/.local/lib/python3.8/site-packages/airflow/example_dags/tutorial_taskflow_api.py took 0.085 seconds
[2025-11-10T20:45:51.536+0000] {processor.py:161} INFO - Started process (PID=1133) to work on /home/airflow/.local/lib/python3.8/site-packages/airflow/example_dags/tutorial_taskflow_api.py
[2025-11-10T20:45:51.538+0000] {processor.py:830} INFO - Processing file /home/airflow/.local/lib/python3.8/site-packages/airflow/example_dags/tutorial_taskflow_api.py for tasks to queue
[2025-11-10T20:45:51.540+0000] {logging_mixin.py:188} INFO - [2025-11-10T20:45:51.540+0000] {dagbag.py:540} INFO - Filling up the DagBag from /home/airflow/.local/lib/python3.8/site-packages/airflow/example_dags/tutorial_taskflow_api.py
[2025-11-10T20:45:51.547+0000] {processor.py:840} INFO - DAG(s) 'tutorial_taskflow_api' retrieved from /home/airflow/.local/lib/python3.8/site-packages/airflow/example_dags/tutorial_taskflow_api.py
[2025-11-10T20:45:51.569+0000] {logging_mixin.py:188} INFO - [2025-11-10T20:45:51.569+0000] {dag.py:3047} INFO - Sync 1 DAGs
[2025-11-10T20:45:51.587+0000] {logging_mixin.py:188} INFO - [2025-11-10T20:45:51.587+0000] {dag.py:3834} INFO - Setting next_dagrun for tutorial_taskflow_api to None, run_after=None
[2025-11-10T20:45:51.617+0000] {processor.py:183} INFO - Processing /home/airflow/.local/lib/python3.8/site-packages/airflow/example_dags/tutorial_taskflow_api.py took 0.084 seconds
[2025-11-10T20:46:21.731+0000] {processor.py:161} INFO - Started process (PID=1188) to work on /home/airflow/.local/lib/python3.8/site-packages/airflow/example_dags/tutorial_taskflow_api.py
[2025-11-10T20:46:21.733+0000] {processor.py:830} INFO - Processing file /home/airflow/.local/lib/python3.8/site-packages/airflow/example_dags/tutorial_taskflow_api.py for tasks to queue
[2025-11-10T20:46:21.736+0000] {logging_mixin.py:188} INFO - [2025-11-10T20:46:21.736+0000] {dagbag.py:540} INFO - Filling up the DagBag from /home/airflow/.local/lib/python3.8/site-packages/airflow/example_dags/tutorial_taskflow_api.py
[2025-11-10T20:46:21.746+0000] {processor.py:840} INFO - DAG(s) 'tutorial_taskflow_api' retrieved from /home/airflow/.local/lib/python3.8/site-packages/airflow/example_dags/tutorial_taskflow_api.py
[2025-11-10T20:46:21.767+0000] {logging_mixin.py:188} INFO - [2025-11-10T20:46:21.767+0000] {dag.py:3047} INFO - Sync 1 DAGs
[2025-11-10T20:46:21.780+0000] {logging_mixin.py:188} INFO - [2025-11-10T20:46:21.780+0000] {dag.py:3834} INFO - Setting next_dagrun for tutorial_taskflow_api to None, run_after=None
[2025-11-10T20:46:21.802+0000] {processor.py:183} INFO - Processing /home/airflow/.local/lib/python3.8/site-packages/airflow/example_dags/tutorial_taskflow_api.py took 0.079 seconds
[2025-11-10T20:46:51.979+0000] {processor.py:161} INFO - Started process (PID=1244) to work on /home/airflow/.local/lib/python3.8/site-packages/airflow/example_dags/tutorial_taskflow_api.py
[2025-11-10T20:46:51.981+0000] {processor.py:830} INFO - Processing file /home/airflow/.local/lib/python3.8/site-packages/airflow/example_dags/tutorial_taskflow_api.py for tasks to queue
[2025-11-10T20:46:51.985+0000] {logging_mixin.py:188} INFO - [2025-11-10T20:46:51.984+0000] {dagbag.py:540} INFO - Filling up the DagBag from /home/airflow/.local/lib/python3.8/site-packages/airflow/example_dags/tutorial_taskflow_api.py
[2025-11-10T20:46:51.994+0000] {processor.py:840} INFO - DAG(s) 'tutorial_taskflow_api' retrieved from /home/airflow/.local/lib/python3.8/site-packages/airflow/example_dags/tutorial_taskflow_api.py
[2025-11-10T20:46:52.013+0000] {logging_mixin.py:188} INFO - [2025-11-10T20:46:52.013+0000] {dag.py:3047} INFO - Sync 1 DAGs
[2025-11-10T20:46:52.025+0000] {logging_mixin.py:188} INFO - [2025-11-10T20:46:52.025+0000] {dag.py:3834} INFO - Setting next_dagrun for tutorial_taskflow_api to None, run_after=None
[2025-11-10T20:46:52.045+0000] {processor.py:183} INFO - Processing /home/airflow/.local/lib/python3.8/site-packages/airflow/example_dags/tutorial_taskflow_api.py took 0.072 seconds
[2025-11-10T20:47:22.614+0000] {processor.py:161} INFO - Started process (PID=1299) to work on /home/airflow/.local/lib/python3.8/site-packages/airflow/example_dags/tutorial_taskflow_api.py
[2025-11-10T20:47:22.619+0000] {processor.py:830} INFO - Processing file /home/airflow/.local/lib/python3.8/site-packages/airflow/example_dags/tutorial_taskflow_api.py for tasks to queue
[2025-11-10T20:47:22.622+0000] {logging_mixin.py:188} INFO - [2025-11-10T20:47:22.621+0000] {dagbag.py:540} INFO - Filling up the DagBag from /home/airflow/.local/lib/python3.8/site-packages/airflow/example_dags/tutorial_taskflow_api.py
[2025-11-10T20:47:22.629+0000] {processor.py:840} INFO - DAG(s) 'tutorial_taskflow_api' retrieved from /home/airflow/.local/lib/python3.8/site-packages/airflow/example_dags/tutorial_taskflow_api.py
[2025-11-10T20:47:22.647+0000] {logging_mixin.py:188} INFO - [2025-11-10T20:47:22.647+0000] {dag.py:3047} INFO - Sync 1 DAGs
[2025-11-10T20:47:22.659+0000] {logging_mixin.py:188} INFO - [2025-11-10T20:47:22.658+0000] {dag.py:3834} INFO - Setting next_dagrun for tutorial_taskflow_api to None, run_after=None
[2025-11-10T20:47:22.677+0000] {processor.py:183} INFO - Processing /home/airflow/.local/lib/python3.8/site-packages/airflow/example_dags/tutorial_taskflow_api.py took 0.067 seconds
[2025-11-10T20:47:52.953+0000] {processor.py:161} INFO - Started process (PID=1354) to work on /home/airflow/.local/lib/python3.8/site-packages/airflow/example_dags/tutorial_taskflow_api.py
[2025-11-10T20:47:52.955+0000] {processor.py:830} INFO - Processing file /home/airflow/.local/lib/python3.8/site-packages/airflow/example_dags/tutorial_taskflow_api.py for tasks to queue
[2025-11-10T20:47:52.958+0000] {logging_mixin.py:188} INFO - [2025-11-10T20:47:52.958+0000] {dagbag.py:540} INFO - Filling up the DagBag from /home/airflow/.local/lib/python3.8/site-packages/airflow/example_dags/tutorial_taskflow_api.py
[2025-11-10T20:47:52.968+0000] {processor.py:840} INFO - DAG(s) 'tutorial_taskflow_api' retrieved from /home/airflow/.local/lib/python3.8/site-packages/airflow/example_dags/tutorial_taskflow_api.py
[2025-11-10T20:47:52.988+0000] {logging_mixin.py:188} INFO - [2025-11-10T20:47:52.988+0000] {dag.py:3047} INFO - Sync 1 DAGs
[2025-11-10T20:47:52.999+0000] {logging_mixin.py:188} INFO - [2025-11-10T20:47:52.999+0000] {dag.py:3834} INFO - Setting next_dagrun for tutorial_taskflow_api to None, run_after=None
[2025-11-10T20:47:53.019+0000] {processor.py:183} INFO - Processing /home/airflow/.local/lib/python3.8/site-packages/airflow/example_dags/tutorial_taskflow_api.py took 0.073 seconds
[2025-11-10T20:48:23.402+0000] {processor.py:161} INFO - Started process (PID=1409) to work on /home/airflow/.local/lib/python3.8/site-packages/airflow/example_dags/tutorial_taskflow_api.py
[2025-11-10T20:48:23.406+0000] {processor.py:830} INFO - Processing file /home/airflow/.local/lib/python3.8/site-packages/airflow/example_dags/tutorial_taskflow_api.py for tasks to queue
[2025-11-10T20:48:23.410+0000] {logging_mixin.py:188} INFO - [2025-11-10T20:48:23.410+0000] {dagbag.py:540} INFO - Filling up the DagBag from /home/airflow/.local/lib/python3.8/site-packages/airflow/example_dags/tutorial_taskflow_api.py
[2025-11-10T20:48:23.419+0000] {processor.py:840} INFO - DAG(s) 'tutorial_taskflow_api' retrieved from /home/airflow/.local/lib/python3.8/site-packages/airflow/example_dags/tutorial_taskflow_api.py
[2025-11-10T20:48:23.445+0000] {logging_mixin.py:188} INFO - [2025-11-10T20:48:23.445+0000] {dag.py:3047} INFO - Sync 1 DAGs
[2025-11-10T20:48:23.458+0000] {logging_mixin.py:188} INFO - [2025-11-10T20:48:23.458+0000] {dag.py:3834} INFO - Setting next_dagrun for tutorial_taskflow_api to None, run_after=None
[2025-11-10T20:48:23.476+0000] {processor.py:183} INFO - Processing /home/airflow/.local/lib/python3.8/site-packages/airflow/example_dags/tutorial_taskflow_api.py took 0.081 seconds
[2025-11-10T20:48:53.603+0000] {processor.py:161} INFO - Started process (PID=1464) to work on /home/airflow/.local/lib/python3.8/site-packages/airflow/example_dags/tutorial_taskflow_api.py
[2025-11-10T20:48:53.605+0000] {processor.py:830} INFO - Processing file /home/airflow/.local/lib/python3.8/site-packages/airflow/example_dags/tutorial_taskflow_api.py for tasks to queue
[2025-11-10T20:48:53.607+0000] {logging_mixin.py:188} INFO - [2025-11-10T20:48:53.607+0000] {dagbag.py:540} INFO - Filling up the DagBag from /home/airflow/.local/lib/python3.8/site-packages/airflow/example_dags/tutorial_taskflow_api.py
[2025-11-10T20:48:53.613+0000] {processor.py:840} INFO - DAG(s) 'tutorial_taskflow_api' retrieved from /home/airflow/.local/lib/python3.8/site-packages/airflow/example_dags/tutorial_taskflow_api.py
[2025-11-10T20:48:53.631+0000] {logging_mixin.py:188} INFO - [2025-11-10T20:48:53.631+0000] {dag.py:3047} INFO - Sync 1 DAGs
[2025-11-10T20:48:53.643+0000] {logging_mixin.py:188} INFO - [2025-11-10T20:48:53.642+0000] {dag.py:3834} INFO - Setting next_dagrun for tutorial_taskflow_api to None, run_after=None
[2025-11-10T20:48:53.659+0000] {processor.py:183} INFO - Processing /home/airflow/.local/lib/python3.8/site-packages/airflow/example_dags/tutorial_taskflow_api.py took 0.060 seconds
[2025-11-10T20:49:24.054+0000] {processor.py:161} INFO - Started process (PID=1520) to work on /home/airflow/.local/lib/python3.8/site-packages/airflow/example_dags/tutorial_taskflow_api.py
[2025-11-10T20:49:24.056+0000] {processor.py:830} INFO - Processing file /home/airflow/.local/lib/python3.8/site-packages/airflow/example_dags/tutorial_taskflow_api.py for tasks to queue
[2025-11-10T20:49:24.058+0000] {logging_mixin.py:188} INFO - [2025-11-10T20:49:24.058+0000] {dagbag.py:540} INFO - Filling up the DagBag from /home/airflow/.local/lib/python3.8/site-packages/airflow/example_dags/tutorial_taskflow_api.py
[2025-11-10T20:49:24.066+0000] {processor.py:840} INFO - DAG(s) 'tutorial_taskflow_api' retrieved from /home/airflow/.local/lib/python3.8/site-packages/airflow/example_dags/tutorial_taskflow_api.py
[2025-11-10T20:49:24.083+0000] {logging_mixin.py:188} INFO - [2025-11-10T20:49:24.083+0000] {dag.py:3047} INFO - Sync 1 DAGs
[2025-11-10T20:49:24.095+0000] {logging_mixin.py:188} INFO - [2025-11-10T20:49:24.094+0000] {dag.py:3834} INFO - Setting next_dagrun for tutorial_taskflow_api to None, run_after=None
[2025-11-10T20:49:24.112+0000] {processor.py:183} INFO - Processing /home/airflow/.local/lib/python3.8/site-packages/airflow/example_dags/tutorial_taskflow_api.py took 0.063 seconds
[2025-11-10T20:49:54.739+0000] {processor.py:161} INFO - Started process (PID=1576) to work on /home/airflow/.local/lib/python3.8/site-packages/airflow/example_dags/tutorial_taskflow_api.py
[2025-11-10T20:49:54.741+0000] {processor.py:830} INFO - Processing file /home/airflow/.local/lib/python3.8/site-packages/airflow/example_dags/tutorial_taskflow_api.py for tasks to queue
[2025-11-10T20:49:54.743+0000] {logging_mixin.py:188} INFO - [2025-11-10T20:49:54.742+0000] {dagbag.py:540} INFO - Filling up the DagBag from /home/airflow/.local/lib/python3.8/site-packages/airflow/example_dags/tutorial_taskflow_api.py
[2025-11-10T20:49:54.750+0000] {processor.py:840} INFO - DAG(s) 'tutorial_taskflow_api' retrieved from /home/airflow/.local/lib/python3.8/site-packages/airflow/example_dags/tutorial_taskflow_api.py
[2025-11-10T20:49:54.771+0000] {logging_mixin.py:188} INFO - [2025-11-10T20:49:54.771+0000] {dag.py:3047} INFO - Sync 1 DAGs
[2025-11-10T20:49:54.783+0000] {logging_mixin.py:188} INFO - [2025-11-10T20:49:54.783+0000] {dag.py:3834} INFO - Setting next_dagrun for tutorial_taskflow_api to None, run_after=None
[2025-11-10T20:49:54.803+0000] {processor.py:183} INFO - Processing /home/airflow/.local/lib/python3.8/site-packages/airflow/example_dags/tutorial_taskflow_api.py took 0.067 seconds
[2025-11-10T20:50:25.114+0000] {processor.py:161} INFO - Started process (PID=1631) to work on /home/airflow/.local/lib/python3.8/site-packages/airflow/example_dags/tutorial_taskflow_api.py
[2025-11-10T20:50:25.116+0000] {processor.py:830} INFO - Processing file /home/airflow/.local/lib/python3.8/site-packages/airflow/example_dags/tutorial_taskflow_api.py for tasks to queue
[2025-11-10T20:50:25.119+0000] {logging_mixin.py:188} INFO - [2025-11-10T20:50:25.118+0000] {dagbag.py:540} INFO - Filling up the DagBag from /home/airflow/.local/lib/python3.8/site-packages/airflow/example_dags/tutorial_taskflow_api.py
[2025-11-10T20:50:25.132+0000] {processor.py:840} INFO - DAG(s) 'tutorial_taskflow_api' retrieved from /home/airflow/.local/lib/python3.8/site-packages/airflow/example_dags/tutorial_taskflow_api.py
[2025-11-10T20:50:25.151+0000] {logging_mixin.py:188} INFO - [2025-11-10T20:50:25.150+0000] {dag.py:3047} INFO - Sync 1 DAGs
[2025-11-10T20:50:25.162+0000] {logging_mixin.py:188} INFO - [2025-11-10T20:50:25.162+0000] {dag.py:3834} INFO - Setting next_dagrun for tutorial_taskflow_api to None, run_after=None
[2025-11-10T20:50:25.179+0000] {processor.py:183} INFO - Processing /home/airflow/.local/lib/python3.8/site-packages/airflow/example_dags/tutorial_taskflow_api.py took 0.070 seconds
[2025-11-10T20:50:55.939+0000] {processor.py:161} INFO - Started process (PID=1686) to work on /home/airflow/.local/lib/python3.8/site-packages/airflow/example_dags/tutorial_taskflow_api.py
[2025-11-10T20:50:55.942+0000] {processor.py:830} INFO - Processing file /home/airflow/.local/lib/python3.8/site-packages/airflow/example_dags/tutorial_taskflow_api.py for tasks to queue
[2025-11-10T20:50:55.946+0000] {logging_mixin.py:188} INFO - [2025-11-10T20:50:55.945+0000] {dagbag.py:540} INFO - Filling up the DagBag from /home/airflow/.local/lib/python3.8/site-packages/airflow/example_dags/tutorial_taskflow_api.py
[2025-11-10T20:50:55.958+0000] {processor.py:840} INFO - DAG(s) 'tutorial_taskflow_api' retrieved from /home/airflow/.local/lib/python3.8/site-packages/airflow/example_dags/tutorial_taskflow_api.py
[2025-11-10T20:50:55.981+0000] {logging_mixin.py:188} INFO - [2025-11-10T20:50:55.981+0000] {dag.py:3047} INFO - Sync 1 DAGs
[2025-11-10T20:50:55.994+0000] {logging_mixin.py:188} INFO - [2025-11-10T20:50:55.994+0000] {dag.py:3834} INFO - Setting next_dagrun for tutorial_taskflow_api to None, run_after=None
[2025-11-10T20:50:56.014+0000] {processor.py:183} INFO - Processing /home/airflow/.local/lib/python3.8/site-packages/airflow/example_dags/tutorial_taskflow_api.py took 0.086 seconds
[2025-11-10T20:51:26.098+0000] {processor.py:161} INFO - Started process (PID=1740) to work on /home/airflow/.local/lib/python3.8/site-packages/airflow/example_dags/tutorial_taskflow_api.py
[2025-11-10T20:51:26.099+0000] {processor.py:830} INFO - Processing file /home/airflow/.local/lib/python3.8/site-packages/airflow/example_dags/tutorial_taskflow_api.py for tasks to queue
[2025-11-10T20:51:26.102+0000] {logging_mixin.py:188} INFO - [2025-11-10T20:51:26.101+0000] {dagbag.py:540} INFO - Filling up the DagBag from /home/airflow/.local/lib/python3.8/site-packages/airflow/example_dags/tutorial_taskflow_api.py
[2025-11-10T20:51:26.109+0000] {processor.py:840} INFO - DAG(s) 'tutorial_taskflow_api' retrieved from /home/airflow/.local/lib/python3.8/site-packages/airflow/example_dags/tutorial_taskflow_api.py
[2025-11-10T20:51:26.128+0000] {logging_mixin.py:188} INFO - [2025-11-10T20:51:26.128+0000] {dag.py:3047} INFO - Sync 1 DAGs
[2025-11-10T20:51:26.139+0000] {logging_mixin.py:188} INFO - [2025-11-10T20:51:26.139+0000] {dag.py:3834} INFO - Setting next_dagrun for tutorial_taskflow_api to None, run_after=None
[2025-11-10T20:51:26.159+0000] {processor.py:183} INFO - Processing /home/airflow/.local/lib/python3.8/site-packages/airflow/example_dags/tutorial_taskflow_api.py took 0.065 seconds
[2025-11-10T20:51:56.488+0000] {processor.py:161} INFO - Started process (PID=1795) to work on /home/airflow/.local/lib/python3.8/site-packages/airflow/example_dags/tutorial_taskflow_api.py
[2025-11-10T20:51:56.490+0000] {processor.py:830} INFO - Processing file /home/airflow/.local/lib/python3.8/site-packages/airflow/example_dags/tutorial_taskflow_api.py for tasks to queue
[2025-11-10T20:51:56.493+0000] {logging_mixin.py:188} INFO - [2025-11-10T20:51:56.492+0000] {dagbag.py:540} INFO - Filling up the DagBag from /home/airflow/.local/lib/python3.8/site-packages/airflow/example_dags/tutorial_taskflow_api.py
[2025-11-10T20:51:56.500+0000] {processor.py:840} INFO - DAG(s) 'tutorial_taskflow_api' retrieved from /home/airflow/.local/lib/python3.8/site-packages/airflow/example_dags/tutorial_taskflow_api.py
[2025-11-10T20:51:56.521+0000] {logging_mixin.py:188} INFO - [2025-11-10T20:51:56.520+0000] {dag.py:3047} INFO - Sync 1 DAGs
[2025-11-10T20:51:56.533+0000] {logging_mixin.py:188} INFO - [2025-11-10T20:51:56.532+0000] {dag.py:3834} INFO - Setting next_dagrun for tutorial_taskflow_api to None, run_after=None
[2025-11-10T20:51:56.566+0000] {processor.py:183} INFO - Processing /home/airflow/.local/lib/python3.8/site-packages/airflow/example_dags/tutorial_taskflow_api.py took 0.081 seconds
[2025-11-10T20:52:26.683+0000] {processor.py:161} INFO - Started process (PID=1850) to work on /home/airflow/.local/lib/python3.8/site-packages/airflow/example_dags/tutorial_taskflow_api.py
[2025-11-10T20:52:26.685+0000] {processor.py:830} INFO - Processing file /home/airflow/.local/lib/python3.8/site-packages/airflow/example_dags/tutorial_taskflow_api.py for tasks to queue
[2025-11-10T20:52:26.688+0000] {logging_mixin.py:188} INFO - [2025-11-10T20:52:26.688+0000] {dagbag.py:540} INFO - Filling up the DagBag from /home/airflow/.local/lib/python3.8/site-packages/airflow/example_dags/tutorial_taskflow_api.py
[2025-11-10T20:52:26.697+0000] {processor.py:840} INFO - DAG(s) 'tutorial_taskflow_api' retrieved from /home/airflow/.local/lib/python3.8/site-packages/airflow/example_dags/tutorial_taskflow_api.py
[2025-11-10T20:52:26.715+0000] {logging_mixin.py:188} INFO - [2025-11-10T20:52:26.715+0000] {dag.py:3047} INFO - Sync 1 DAGs
[2025-11-10T20:52:26.726+0000] {logging_mixin.py:188} INFO - [2025-11-10T20:52:26.726+0000] {dag.py:3834} INFO - Setting next_dagrun for tutorial_taskflow_api to None, run_after=None
[2025-11-10T20:52:26.743+0000] {processor.py:183} INFO - Processing /home/airflow/.local/lib/python3.8/site-packages/airflow/example_dags/tutorial_taskflow_api.py took 0.066 seconds
[2025-11-10T20:52:57.104+0000] {processor.py:161} INFO - Started process (PID=1905) to work on /home/airflow/.local/lib/python3.8/site-packages/airflow/example_dags/tutorial_taskflow_api.py
[2025-11-10T20:52:57.105+0000] {processor.py:830} INFO - Processing file /home/airflow/.local/lib/python3.8/site-packages/airflow/example_dags/tutorial_taskflow_api.py for tasks to queue
[2025-11-10T20:52:57.108+0000] {logging_mixin.py:188} INFO - [2025-11-10T20:52:57.107+0000] {dagbag.py:540} INFO - Filling up the DagBag from /home/airflow/.local/lib/python3.8/site-packages/airflow/example_dags/tutorial_taskflow_api.py
[2025-11-10T20:52:57.115+0000] {processor.py:840} INFO - DAG(s) 'tutorial_taskflow_api' retrieved from /home/airflow/.local/lib/python3.8/site-packages/airflow/example_dags/tutorial_taskflow_api.py
[2025-11-10T20:52:57.133+0000] {logging_mixin.py:188} INFO - [2025-11-10T20:52:57.133+0000] {dag.py:3047} INFO - Sync 1 DAGs
[2025-11-10T20:52:57.146+0000] {logging_mixin.py:188} INFO - [2025-11-10T20:52:57.145+0000] {dag.py:3834} INFO - Setting next_dagrun for tutorial_taskflow_api to None, run_after=None
[2025-11-10T20:52:57.173+0000] {processor.py:183} INFO - Processing /home/airflow/.local/lib/python3.8/site-packages/airflow/example_dags/tutorial_taskflow_api.py took 0.074 seconds
[2025-11-10T20:53:27.596+0000] {processor.py:161} INFO - Started process (PID=1960) to work on /home/airflow/.local/lib/python3.8/site-packages/airflow/example_dags/tutorial_taskflow_api.py
[2025-11-10T20:53:27.598+0000] {processor.py:830} INFO - Processing file /home/airflow/.local/lib/python3.8/site-packages/airflow/example_dags/tutorial_taskflow_api.py for tasks to queue
[2025-11-10T20:53:27.601+0000] {logging_mixin.py:188} INFO - [2025-11-10T20:53:27.601+0000] {dagbag.py:540} INFO - Filling up the DagBag from /home/airflow/.local/lib/python3.8/site-packages/airflow/example_dags/tutorial_taskflow_api.py
[2025-11-10T20:53:27.609+0000] {processor.py:840} INFO - DAG(s) 'tutorial_taskflow_api' retrieved from /home/airflow/.local/lib/python3.8/site-packages/airflow/example_dags/tutorial_taskflow_api.py
[2025-11-10T20:53:27.632+0000] {logging_mixin.py:188} INFO - [2025-11-10T20:53:27.632+0000] {dag.py:3047} INFO - Sync 1 DAGs
[2025-11-10T20:53:27.646+0000] {logging_mixin.py:188} INFO - [2025-11-10T20:53:27.646+0000] {dag.py:3834} INFO - Setting next_dagrun for tutorial_taskflow_api to None, run_after=None
[2025-11-10T20:53:27.667+0000] {processor.py:183} INFO - Processing /home/airflow/.local/lib/python3.8/site-packages/airflow/example_dags/tutorial_taskflow_api.py took 0.075 seconds
