[2025-11-10T20:36:07.840+0000] {processor.py:161} INFO - Started process (PID=70) to work on /home/airflow/.local/lib/python3.8/site-packages/airflow/example_dags/tutorial_objectstorage.py
[2025-11-10T20:36:07.843+0000] {processor.py:830} INFO - Processing file /home/airflow/.local/lib/python3.8/site-packages/airflow/example_dags/tutorial_objectstorage.py for tasks to queue
[2025-11-10T20:36:07.849+0000] {logging_mixin.py:188} INFO - [2025-11-10T20:36:07.848+0000] {dagbag.py:540} INFO - Filling up the DagBag from /home/airflow/.local/lib/python3.8/site-packages/airflow/example_dags/tutorial_objectstorage.py
[2025-11-10T20:36:07.950+0000] {processor.py:840} INFO - DAG(s) 'tutorial_objectstorage' retrieved from /home/airflow/.local/lib/python3.8/site-packages/airflow/example_dags/tutorial_objectstorage.py
[2025-11-10T20:36:08.306+0000] {logging_mixin.py:188} INFO - [2025-11-10T20:36:08.306+0000] {override.py:1769} INFO - Created Permission View: can read on DAG:tutorial_objectstorage
[2025-11-10T20:36:08.319+0000] {logging_mixin.py:188} INFO - [2025-11-10T20:36:08.319+0000] {override.py:1769} INFO - Created Permission View: can edit on DAG:tutorial_objectstorage
[2025-11-10T20:36:08.331+0000] {logging_mixin.py:188} INFO - [2025-11-10T20:36:08.330+0000] {override.py:1769} INFO - Created Permission View: can delete on DAG:tutorial_objectstorage
[2025-11-10T20:36:08.332+0000] {logging_mixin.py:188} INFO - [2025-11-10T20:36:08.331+0000] {dag.py:3047} INFO - Sync 1 DAGs
[2025-11-10T20:36:08.347+0000] {logging_mixin.py:188} INFO - [2025-11-10T20:36:08.347+0000] {dag.py:3069} INFO - Creating ORM DAG for tutorial_objectstorage
[2025-11-10T20:36:08.348+0000] {logging_mixin.py:188} INFO - [2025-11-10T20:36:08.348+0000] {dag.py:3834} INFO - Setting next_dagrun for tutorial_objectstorage to None, run_after=None
[2025-11-10T20:36:08.380+0000] {processor.py:183} INFO - Processing /home/airflow/.local/lib/python3.8/site-packages/airflow/example_dags/tutorial_objectstorage.py took 0.546 seconds
[2025-11-10T20:36:39.140+0000] {processor.py:161} INFO - Started process (PID=125) to work on /home/airflow/.local/lib/python3.8/site-packages/airflow/example_dags/tutorial_objectstorage.py
[2025-11-10T20:36:39.143+0000] {processor.py:830} INFO - Processing file /home/airflow/.local/lib/python3.8/site-packages/airflow/example_dags/tutorial_objectstorage.py for tasks to queue
[2025-11-10T20:36:39.148+0000] {logging_mixin.py:188} INFO - [2025-11-10T20:36:39.148+0000] {dagbag.py:540} INFO - Filling up the DagBag from /home/airflow/.local/lib/python3.8/site-packages/airflow/example_dags/tutorial_objectstorage.py
[2025-11-10T20:36:39.160+0000] {processor.py:840} INFO - DAG(s) 'tutorial_objectstorage' retrieved from /home/airflow/.local/lib/python3.8/site-packages/airflow/example_dags/tutorial_objectstorage.py
[2025-11-10T20:36:39.180+0000] {logging_mixin.py:188} INFO - [2025-11-10T20:36:39.180+0000] {dag.py:3047} INFO - Sync 1 DAGs
[2025-11-10T20:36:39.192+0000] {logging_mixin.py:188} INFO - [2025-11-10T20:36:39.192+0000] {dag.py:3834} INFO - Setting next_dagrun for tutorial_objectstorage to None, run_after=None
[2025-11-10T20:36:39.216+0000] {processor.py:183} INFO - Processing /home/airflow/.local/lib/python3.8/site-packages/airflow/example_dags/tutorial_objectstorage.py took 0.082 seconds
[2025-11-10T20:37:10.013+0000] {processor.py:161} INFO - Started process (PID=180) to work on /home/airflow/.local/lib/python3.8/site-packages/airflow/example_dags/tutorial_objectstorage.py
[2025-11-10T20:37:10.015+0000] {processor.py:830} INFO - Processing file /home/airflow/.local/lib/python3.8/site-packages/airflow/example_dags/tutorial_objectstorage.py for tasks to queue
[2025-11-10T20:37:10.018+0000] {logging_mixin.py:188} INFO - [2025-11-10T20:37:10.018+0000] {dagbag.py:540} INFO - Filling up the DagBag from /home/airflow/.local/lib/python3.8/site-packages/airflow/example_dags/tutorial_objectstorage.py
[2025-11-10T20:37:10.029+0000] {processor.py:840} INFO - DAG(s) 'tutorial_objectstorage' retrieved from /home/airflow/.local/lib/python3.8/site-packages/airflow/example_dags/tutorial_objectstorage.py
[2025-11-10T20:37:10.049+0000] {logging_mixin.py:188} INFO - [2025-11-10T20:37:10.049+0000] {dag.py:3047} INFO - Sync 1 DAGs
[2025-11-10T20:37:10.062+0000] {logging_mixin.py:188} INFO - [2025-11-10T20:37:10.062+0000] {dag.py:3834} INFO - Setting next_dagrun for tutorial_objectstorage to None, run_after=None
[2025-11-10T20:37:10.088+0000] {processor.py:183} INFO - Processing /home/airflow/.local/lib/python3.8/site-packages/airflow/example_dags/tutorial_objectstorage.py took 0.078 seconds
[2025-11-10T20:37:40.193+0000] {processor.py:161} INFO - Started process (PID=241) to work on /home/airflow/.local/lib/python3.8/site-packages/airflow/example_dags/tutorial_objectstorage.py
[2025-11-10T20:37:40.196+0000] {processor.py:830} INFO - Processing file /home/airflow/.local/lib/python3.8/site-packages/airflow/example_dags/tutorial_objectstorage.py for tasks to queue
[2025-11-10T20:37:40.198+0000] {logging_mixin.py:188} INFO - [2025-11-10T20:37:40.198+0000] {dagbag.py:540} INFO - Filling up the DagBag from /home/airflow/.local/lib/python3.8/site-packages/airflow/example_dags/tutorial_objectstorage.py
[2025-11-10T20:37:40.213+0000] {processor.py:840} INFO - DAG(s) 'tutorial_objectstorage' retrieved from /home/airflow/.local/lib/python3.8/site-packages/airflow/example_dags/tutorial_objectstorage.py
[2025-11-10T20:37:40.247+0000] {logging_mixin.py:188} INFO - [2025-11-10T20:37:40.247+0000] {dag.py:3047} INFO - Sync 1 DAGs
[2025-11-10T20:37:40.259+0000] {logging_mixin.py:188} INFO - [2025-11-10T20:37:40.259+0000] {dag.py:3834} INFO - Setting next_dagrun for tutorial_objectstorage to None, run_after=None
[2025-11-10T20:37:40.277+0000] {processor.py:183} INFO - Processing /home/airflow/.local/lib/python3.8/site-packages/airflow/example_dags/tutorial_objectstorage.py took 0.090 seconds
[2025-11-10T20:38:10.446+0000] {processor.py:161} INFO - Started process (PID=296) to work on /home/airflow/.local/lib/python3.8/site-packages/airflow/example_dags/tutorial_objectstorage.py
[2025-11-10T20:38:10.447+0000] {processor.py:830} INFO - Processing file /home/airflow/.local/lib/python3.8/site-packages/airflow/example_dags/tutorial_objectstorage.py for tasks to queue
[2025-11-10T20:38:10.449+0000] {logging_mixin.py:188} INFO - [2025-11-10T20:38:10.449+0000] {dagbag.py:540} INFO - Filling up the DagBag from /home/airflow/.local/lib/python3.8/site-packages/airflow/example_dags/tutorial_objectstorage.py
[2025-11-10T20:38:10.457+0000] {processor.py:840} INFO - DAG(s) 'tutorial_objectstorage' retrieved from /home/airflow/.local/lib/python3.8/site-packages/airflow/example_dags/tutorial_objectstorage.py
[2025-11-10T20:38:10.473+0000] {logging_mixin.py:188} INFO - [2025-11-10T20:38:10.473+0000] {dag.py:3047} INFO - Sync 1 DAGs
[2025-11-10T20:38:10.485+0000] {logging_mixin.py:188} INFO - [2025-11-10T20:38:10.485+0000] {dag.py:3834} INFO - Setting next_dagrun for tutorial_objectstorage to None, run_after=None
[2025-11-10T20:38:10.504+0000] {processor.py:183} INFO - Processing /home/airflow/.local/lib/python3.8/site-packages/airflow/example_dags/tutorial_objectstorage.py took 0.063 seconds
[2025-11-10T20:38:40.952+0000] {processor.py:161} INFO - Started process (PID=351) to work on /home/airflow/.local/lib/python3.8/site-packages/airflow/example_dags/tutorial_objectstorage.py
[2025-11-10T20:38:40.954+0000] {processor.py:830} INFO - Processing file /home/airflow/.local/lib/python3.8/site-packages/airflow/example_dags/tutorial_objectstorage.py for tasks to queue
[2025-11-10T20:38:40.956+0000] {logging_mixin.py:188} INFO - [2025-11-10T20:38:40.956+0000] {dagbag.py:540} INFO - Filling up the DagBag from /home/airflow/.local/lib/python3.8/site-packages/airflow/example_dags/tutorial_objectstorage.py
[2025-11-10T20:38:40.965+0000] {processor.py:840} INFO - DAG(s) 'tutorial_objectstorage' retrieved from /home/airflow/.local/lib/python3.8/site-packages/airflow/example_dags/tutorial_objectstorage.py
[2025-11-10T20:38:40.987+0000] {logging_mixin.py:188} INFO - [2025-11-10T20:38:40.987+0000] {dag.py:3047} INFO - Sync 1 DAGs
[2025-11-10T20:38:40.999+0000] {logging_mixin.py:188} INFO - [2025-11-10T20:38:40.999+0000] {dag.py:3834} INFO - Setting next_dagrun for tutorial_objectstorage to None, run_after=None
[2025-11-10T20:38:41.020+0000] {processor.py:183} INFO - Processing /home/airflow/.local/lib/python3.8/site-packages/airflow/example_dags/tutorial_objectstorage.py took 0.072 seconds
[2025-11-10T20:39:11.109+0000] {processor.py:161} INFO - Started process (PID=406) to work on /home/airflow/.local/lib/python3.8/site-packages/airflow/example_dags/tutorial_objectstorage.py
[2025-11-10T20:39:11.111+0000] {processor.py:830} INFO - Processing file /home/airflow/.local/lib/python3.8/site-packages/airflow/example_dags/tutorial_objectstorage.py for tasks to queue
[2025-11-10T20:39:11.114+0000] {logging_mixin.py:188} INFO - [2025-11-10T20:39:11.114+0000] {dagbag.py:540} INFO - Filling up the DagBag from /home/airflow/.local/lib/python3.8/site-packages/airflow/example_dags/tutorial_objectstorage.py
[2025-11-10T20:39:11.123+0000] {processor.py:840} INFO - DAG(s) 'tutorial_objectstorage' retrieved from /home/airflow/.local/lib/python3.8/site-packages/airflow/example_dags/tutorial_objectstorage.py
[2025-11-10T20:39:11.143+0000] {logging_mixin.py:188} INFO - [2025-11-10T20:39:11.142+0000] {dag.py:3047} INFO - Sync 1 DAGs
[2025-11-10T20:39:11.154+0000] {logging_mixin.py:188} INFO - [2025-11-10T20:39:11.154+0000] {dag.py:3834} INFO - Setting next_dagrun for tutorial_objectstorage to None, run_after=None
[2025-11-10T20:39:11.173+0000] {processor.py:183} INFO - Processing /home/airflow/.local/lib/python3.8/site-packages/airflow/example_dags/tutorial_objectstorage.py took 0.070 seconds
[2025-11-10T20:39:42.025+0000] {processor.py:161} INFO - Started process (PID=461) to work on /home/airflow/.local/lib/python3.8/site-packages/airflow/example_dags/tutorial_objectstorage.py
[2025-11-10T20:39:42.029+0000] {processor.py:830} INFO - Processing file /home/airflow/.local/lib/python3.8/site-packages/airflow/example_dags/tutorial_objectstorage.py for tasks to queue
[2025-11-10T20:39:42.032+0000] {logging_mixin.py:188} INFO - [2025-11-10T20:39:42.032+0000] {dagbag.py:540} INFO - Filling up the DagBag from /home/airflow/.local/lib/python3.8/site-packages/airflow/example_dags/tutorial_objectstorage.py
[2025-11-10T20:39:42.041+0000] {processor.py:840} INFO - DAG(s) 'tutorial_objectstorage' retrieved from /home/airflow/.local/lib/python3.8/site-packages/airflow/example_dags/tutorial_objectstorage.py
[2025-11-10T20:39:42.062+0000] {logging_mixin.py:188} INFO - [2025-11-10T20:39:42.061+0000] {dag.py:3047} INFO - Sync 1 DAGs
[2025-11-10T20:39:42.083+0000] {logging_mixin.py:188} INFO - [2025-11-10T20:39:42.082+0000] {dag.py:3834} INFO - Setting next_dagrun for tutorial_objectstorage to None, run_after=None
[2025-11-10T20:39:42.117+0000] {processor.py:183} INFO - Processing /home/airflow/.local/lib/python3.8/site-packages/airflow/example_dags/tutorial_objectstorage.py took 0.098 seconds
[2025-11-10T20:40:12.182+0000] {processor.py:161} INFO - Started process (PID=516) to work on /home/airflow/.local/lib/python3.8/site-packages/airflow/example_dags/tutorial_objectstorage.py
[2025-11-10T20:40:12.184+0000] {processor.py:830} INFO - Processing file /home/airflow/.local/lib/python3.8/site-packages/airflow/example_dags/tutorial_objectstorage.py for tasks to queue
[2025-11-10T20:40:12.186+0000] {logging_mixin.py:188} INFO - [2025-11-10T20:40:12.186+0000] {dagbag.py:540} INFO - Filling up the DagBag from /home/airflow/.local/lib/python3.8/site-packages/airflow/example_dags/tutorial_objectstorage.py
[2025-11-10T20:40:12.193+0000] {processor.py:840} INFO - DAG(s) 'tutorial_objectstorage' retrieved from /home/airflow/.local/lib/python3.8/site-packages/airflow/example_dags/tutorial_objectstorage.py
[2025-11-10T20:40:12.209+0000] {logging_mixin.py:188} INFO - [2025-11-10T20:40:12.209+0000] {dag.py:3047} INFO - Sync 1 DAGs
[2025-11-10T20:40:12.223+0000] {logging_mixin.py:188} INFO - [2025-11-10T20:40:12.223+0000] {dag.py:3834} INFO - Setting next_dagrun for tutorial_objectstorage to None, run_after=None
[2025-11-10T20:40:12.242+0000] {processor.py:183} INFO - Processing /home/airflow/.local/lib/python3.8/site-packages/airflow/example_dags/tutorial_objectstorage.py took 0.063 seconds
[2025-11-10T20:40:42.564+0000] {processor.py:161} INFO - Started process (PID=571) to work on /home/airflow/.local/lib/python3.8/site-packages/airflow/example_dags/tutorial_objectstorage.py
[2025-11-10T20:40:42.566+0000] {processor.py:830} INFO - Processing file /home/airflow/.local/lib/python3.8/site-packages/airflow/example_dags/tutorial_objectstorage.py for tasks to queue
[2025-11-10T20:40:42.568+0000] {logging_mixin.py:188} INFO - [2025-11-10T20:40:42.568+0000] {dagbag.py:540} INFO - Filling up the DagBag from /home/airflow/.local/lib/python3.8/site-packages/airflow/example_dags/tutorial_objectstorage.py
[2025-11-10T20:40:42.576+0000] {processor.py:840} INFO - DAG(s) 'tutorial_objectstorage' retrieved from /home/airflow/.local/lib/python3.8/site-packages/airflow/example_dags/tutorial_objectstorage.py
[2025-11-10T20:40:42.610+0000] {logging_mixin.py:188} INFO - [2025-11-10T20:40:42.610+0000] {dag.py:3047} INFO - Sync 1 DAGs
[2025-11-10T20:40:42.642+0000] {logging_mixin.py:188} INFO - [2025-11-10T20:40:42.642+0000] {dag.py:3834} INFO - Setting next_dagrun for tutorial_objectstorage to None, run_after=None
[2025-11-10T20:40:42.663+0000] {processor.py:183} INFO - Processing /home/airflow/.local/lib/python3.8/site-packages/airflow/example_dags/tutorial_objectstorage.py took 0.102 seconds
[2025-11-10T20:41:12.861+0000] {processor.py:161} INFO - Started process (PID=626) to work on /home/airflow/.local/lib/python3.8/site-packages/airflow/example_dags/tutorial_objectstorage.py
[2025-11-10T20:41:12.863+0000] {processor.py:830} INFO - Processing file /home/airflow/.local/lib/python3.8/site-packages/airflow/example_dags/tutorial_objectstorage.py for tasks to queue
[2025-11-10T20:41:12.867+0000] {logging_mixin.py:188} INFO - [2025-11-10T20:41:12.866+0000] {dagbag.py:540} INFO - Filling up the DagBag from /home/airflow/.local/lib/python3.8/site-packages/airflow/example_dags/tutorial_objectstorage.py
[2025-11-10T20:41:12.882+0000] {processor.py:840} INFO - DAG(s) 'tutorial_objectstorage' retrieved from /home/airflow/.local/lib/python3.8/site-packages/airflow/example_dags/tutorial_objectstorage.py
[2025-11-10T20:41:12.929+0000] {logging_mixin.py:188} INFO - [2025-11-10T20:41:12.929+0000] {dag.py:3047} INFO - Sync 1 DAGs
[2025-11-10T20:41:12.962+0000] {logging_mixin.py:188} INFO - [2025-11-10T20:41:12.962+0000] {dag.py:3834} INFO - Setting next_dagrun for tutorial_objectstorage to None, run_after=None
[2025-11-10T20:41:12.997+0000] {processor.py:183} INFO - Processing /home/airflow/.local/lib/python3.8/site-packages/airflow/example_dags/tutorial_objectstorage.py took 0.145 seconds
[2025-11-10T20:41:43.360+0000] {processor.py:161} INFO - Started process (PID=681) to work on /home/airflow/.local/lib/python3.8/site-packages/airflow/example_dags/tutorial_objectstorage.py
[2025-11-10T20:41:43.363+0000] {processor.py:830} INFO - Processing file /home/airflow/.local/lib/python3.8/site-packages/airflow/example_dags/tutorial_objectstorage.py for tasks to queue
[2025-11-10T20:41:43.368+0000] {logging_mixin.py:188} INFO - [2025-11-10T20:41:43.367+0000] {dagbag.py:540} INFO - Filling up the DagBag from /home/airflow/.local/lib/python3.8/site-packages/airflow/example_dags/tutorial_objectstorage.py
[2025-11-10T20:41:43.384+0000] {processor.py:840} INFO - DAG(s) 'tutorial_objectstorage' retrieved from /home/airflow/.local/lib/python3.8/site-packages/airflow/example_dags/tutorial_objectstorage.py
[2025-11-10T20:41:43.410+0000] {logging_mixin.py:188} INFO - [2025-11-10T20:41:43.410+0000] {dag.py:3047} INFO - Sync 1 DAGs
[2025-11-10T20:41:43.422+0000] {logging_mixin.py:188} INFO - [2025-11-10T20:41:43.421+0000] {dag.py:3834} INFO - Setting next_dagrun for tutorial_objectstorage to None, run_after=None
[2025-11-10T20:41:43.442+0000] {processor.py:183} INFO - Processing /home/airflow/.local/lib/python3.8/site-packages/airflow/example_dags/tutorial_objectstorage.py took 0.089 seconds
[2025-11-10T20:42:14.282+0000] {processor.py:161} INFO - Started process (PID=736) to work on /home/airflow/.local/lib/python3.8/site-packages/airflow/example_dags/tutorial_objectstorage.py
[2025-11-10T20:42:14.284+0000] {processor.py:830} INFO - Processing file /home/airflow/.local/lib/python3.8/site-packages/airflow/example_dags/tutorial_objectstorage.py for tasks to queue
[2025-11-10T20:42:14.287+0000] {logging_mixin.py:188} INFO - [2025-11-10T20:42:14.286+0000] {dagbag.py:540} INFO - Filling up the DagBag from /home/airflow/.local/lib/python3.8/site-packages/airflow/example_dags/tutorial_objectstorage.py
[2025-11-10T20:42:14.294+0000] {processor.py:840} INFO - DAG(s) 'tutorial_objectstorage' retrieved from /home/airflow/.local/lib/python3.8/site-packages/airflow/example_dags/tutorial_objectstorage.py
[2025-11-10T20:42:14.314+0000] {logging_mixin.py:188} INFO - [2025-11-10T20:42:14.313+0000] {dag.py:3047} INFO - Sync 1 DAGs
[2025-11-10T20:42:14.325+0000] {logging_mixin.py:188} INFO - [2025-11-10T20:42:14.325+0000] {dag.py:3834} INFO - Setting next_dagrun for tutorial_objectstorage to None, run_after=None
[2025-11-10T20:42:14.344+0000] {processor.py:183} INFO - Processing /home/airflow/.local/lib/python3.8/site-packages/airflow/example_dags/tutorial_objectstorage.py took 0.065 seconds
[2025-11-10T20:42:44.928+0000] {processor.py:161} INFO - Started process (PID=791) to work on /home/airflow/.local/lib/python3.8/site-packages/airflow/example_dags/tutorial_objectstorage.py
[2025-11-10T20:42:44.930+0000] {processor.py:830} INFO - Processing file /home/airflow/.local/lib/python3.8/site-packages/airflow/example_dags/tutorial_objectstorage.py for tasks to queue
[2025-11-10T20:42:44.932+0000] {logging_mixin.py:188} INFO - [2025-11-10T20:42:44.932+0000] {dagbag.py:540} INFO - Filling up the DagBag from /home/airflow/.local/lib/python3.8/site-packages/airflow/example_dags/tutorial_objectstorage.py
[2025-11-10T20:42:44.942+0000] {processor.py:840} INFO - DAG(s) 'tutorial_objectstorage' retrieved from /home/airflow/.local/lib/python3.8/site-packages/airflow/example_dags/tutorial_objectstorage.py
[2025-11-10T20:42:44.960+0000] {logging_mixin.py:188} INFO - [2025-11-10T20:42:44.960+0000] {dag.py:3047} INFO - Sync 1 DAGs
[2025-11-10T20:42:44.971+0000] {logging_mixin.py:188} INFO - [2025-11-10T20:42:44.971+0000] {dag.py:3834} INFO - Setting next_dagrun for tutorial_objectstorage to None, run_after=None
[2025-11-10T20:42:44.989+0000] {processor.py:183} INFO - Processing /home/airflow/.local/lib/python3.8/site-packages/airflow/example_dags/tutorial_objectstorage.py took 0.066 seconds
[2025-11-10T20:43:15.954+0000] {processor.py:161} INFO - Started process (PID=846) to work on /home/airflow/.local/lib/python3.8/site-packages/airflow/example_dags/tutorial_objectstorage.py
[2025-11-10T20:43:15.956+0000] {processor.py:830} INFO - Processing file /home/airflow/.local/lib/python3.8/site-packages/airflow/example_dags/tutorial_objectstorage.py for tasks to queue
[2025-11-10T20:43:15.958+0000] {logging_mixin.py:188} INFO - [2025-11-10T20:43:15.958+0000] {dagbag.py:540} INFO - Filling up the DagBag from /home/airflow/.local/lib/python3.8/site-packages/airflow/example_dags/tutorial_objectstorage.py
[2025-11-10T20:43:15.967+0000] {processor.py:840} INFO - DAG(s) 'tutorial_objectstorage' retrieved from /home/airflow/.local/lib/python3.8/site-packages/airflow/example_dags/tutorial_objectstorage.py
[2025-11-10T20:43:15.987+0000] {logging_mixin.py:188} INFO - [2025-11-10T20:43:15.987+0000] {dag.py:3047} INFO - Sync 1 DAGs
[2025-11-10T20:43:15.998+0000] {logging_mixin.py:188} INFO - [2025-11-10T20:43:15.998+0000] {dag.py:3834} INFO - Setting next_dagrun for tutorial_objectstorage to None, run_after=None
[2025-11-10T20:43:16.016+0000] {processor.py:183} INFO - Processing /home/airflow/.local/lib/python3.8/site-packages/airflow/example_dags/tutorial_objectstorage.py took 0.067 seconds
[2025-11-10T20:43:46.358+0000] {processor.py:161} INFO - Started process (PID=900) to work on /home/airflow/.local/lib/python3.8/site-packages/airflow/example_dags/tutorial_objectstorage.py
[2025-11-10T20:43:46.360+0000] {processor.py:830} INFO - Processing file /home/airflow/.local/lib/python3.8/site-packages/airflow/example_dags/tutorial_objectstorage.py for tasks to queue
[2025-11-10T20:43:46.363+0000] {logging_mixin.py:188} INFO - [2025-11-10T20:43:46.363+0000] {dagbag.py:540} INFO - Filling up the DagBag from /home/airflow/.local/lib/python3.8/site-packages/airflow/example_dags/tutorial_objectstorage.py
[2025-11-10T20:43:46.376+0000] {processor.py:840} INFO - DAG(s) 'tutorial_objectstorage' retrieved from /home/airflow/.local/lib/python3.8/site-packages/airflow/example_dags/tutorial_objectstorage.py
[2025-11-10T20:43:46.394+0000] {logging_mixin.py:188} INFO - [2025-11-10T20:43:46.393+0000] {dag.py:3047} INFO - Sync 1 DAGs
[2025-11-10T20:43:46.405+0000] {logging_mixin.py:188} INFO - [2025-11-10T20:43:46.405+0000] {dag.py:3834} INFO - Setting next_dagrun for tutorial_objectstorage to None, run_after=None
[2025-11-10T20:43:46.422+0000] {processor.py:183} INFO - Processing /home/airflow/.local/lib/python3.8/site-packages/airflow/example_dags/tutorial_objectstorage.py took 0.070 seconds
[2025-11-10T20:44:16.719+0000] {processor.py:161} INFO - Started process (PID=955) to work on /home/airflow/.local/lib/python3.8/site-packages/airflow/example_dags/tutorial_objectstorage.py
[2025-11-10T20:44:16.722+0000] {processor.py:830} INFO - Processing file /home/airflow/.local/lib/python3.8/site-packages/airflow/example_dags/tutorial_objectstorage.py for tasks to queue
[2025-11-10T20:44:16.725+0000] {logging_mixin.py:188} INFO - [2025-11-10T20:44:16.724+0000] {dagbag.py:540} INFO - Filling up the DagBag from /home/airflow/.local/lib/python3.8/site-packages/airflow/example_dags/tutorial_objectstorage.py
[2025-11-10T20:44:16.735+0000] {processor.py:840} INFO - DAG(s) 'tutorial_objectstorage' retrieved from /home/airflow/.local/lib/python3.8/site-packages/airflow/example_dags/tutorial_objectstorage.py
[2025-11-10T20:44:16.773+0000] {logging_mixin.py:188} INFO - [2025-11-10T20:44:16.773+0000] {dag.py:3047} INFO - Sync 1 DAGs
[2025-11-10T20:44:16.798+0000] {logging_mixin.py:188} INFO - [2025-11-10T20:44:16.798+0000] {dag.py:3834} INFO - Setting next_dagrun for tutorial_objectstorage to None, run_after=None
[2025-11-10T20:44:16.825+0000] {processor.py:183} INFO - Processing /home/airflow/.local/lib/python3.8/site-packages/airflow/example_dags/tutorial_objectstorage.py took 0.111 seconds
[2025-11-10T20:44:47.286+0000] {processor.py:161} INFO - Started process (PID=1010) to work on /home/airflow/.local/lib/python3.8/site-packages/airflow/example_dags/tutorial_objectstorage.py
[2025-11-10T20:44:47.288+0000] {processor.py:830} INFO - Processing file /home/airflow/.local/lib/python3.8/site-packages/airflow/example_dags/tutorial_objectstorage.py for tasks to queue
[2025-11-10T20:44:47.291+0000] {logging_mixin.py:188} INFO - [2025-11-10T20:44:47.291+0000] {dagbag.py:540} INFO - Filling up the DagBag from /home/airflow/.local/lib/python3.8/site-packages/airflow/example_dags/tutorial_objectstorage.py
[2025-11-10T20:44:47.302+0000] {processor.py:840} INFO - DAG(s) 'tutorial_objectstorage' retrieved from /home/airflow/.local/lib/python3.8/site-packages/airflow/example_dags/tutorial_objectstorage.py
[2025-11-10T20:44:47.319+0000] {logging_mixin.py:188} INFO - [2025-11-10T20:44:47.319+0000] {dag.py:3047} INFO - Sync 1 DAGs
[2025-11-10T20:44:47.332+0000] {logging_mixin.py:188} INFO - [2025-11-10T20:44:47.331+0000] {dag.py:3834} INFO - Setting next_dagrun for tutorial_objectstorage to None, run_after=None
[2025-11-10T20:44:47.356+0000] {processor.py:183} INFO - Processing /home/airflow/.local/lib/python3.8/site-packages/airflow/example_dags/tutorial_objectstorage.py took 0.075 seconds
[2025-11-10T20:45:17.561+0000] {processor.py:161} INFO - Started process (PID=1065) to work on /home/airflow/.local/lib/python3.8/site-packages/airflow/example_dags/tutorial_objectstorage.py
[2025-11-10T20:45:17.563+0000] {processor.py:830} INFO - Processing file /home/airflow/.local/lib/python3.8/site-packages/airflow/example_dags/tutorial_objectstorage.py for tasks to queue
[2025-11-10T20:45:17.566+0000] {logging_mixin.py:188} INFO - [2025-11-10T20:45:17.565+0000] {dagbag.py:540} INFO - Filling up the DagBag from /home/airflow/.local/lib/python3.8/site-packages/airflow/example_dags/tutorial_objectstorage.py
[2025-11-10T20:45:17.582+0000] {processor.py:840} INFO - DAG(s) 'tutorial_objectstorage' retrieved from /home/airflow/.local/lib/python3.8/site-packages/airflow/example_dags/tutorial_objectstorage.py
[2025-11-10T20:45:17.617+0000] {logging_mixin.py:188} INFO - [2025-11-10T20:45:17.617+0000] {dag.py:3047} INFO - Sync 1 DAGs
[2025-11-10T20:45:17.635+0000] {logging_mixin.py:188} INFO - [2025-11-10T20:45:17.635+0000] {dag.py:3834} INFO - Setting next_dagrun for tutorial_objectstorage to None, run_after=None
[2025-11-10T20:45:17.655+0000] {processor.py:183} INFO - Processing /home/airflow/.local/lib/python3.8/site-packages/airflow/example_dags/tutorial_objectstorage.py took 0.098 seconds
[2025-11-10T20:45:47.711+0000] {processor.py:161} INFO - Started process (PID=1120) to work on /home/airflow/.local/lib/python3.8/site-packages/airflow/example_dags/tutorial_objectstorage.py
[2025-11-10T20:45:47.712+0000] {processor.py:830} INFO - Processing file /home/airflow/.local/lib/python3.8/site-packages/airflow/example_dags/tutorial_objectstorage.py for tasks to queue
[2025-11-10T20:45:47.714+0000] {logging_mixin.py:188} INFO - [2025-11-10T20:45:47.714+0000] {dagbag.py:540} INFO - Filling up the DagBag from /home/airflow/.local/lib/python3.8/site-packages/airflow/example_dags/tutorial_objectstorage.py
[2025-11-10T20:45:47.721+0000] {processor.py:840} INFO - DAG(s) 'tutorial_objectstorage' retrieved from /home/airflow/.local/lib/python3.8/site-packages/airflow/example_dags/tutorial_objectstorage.py
[2025-11-10T20:45:47.738+0000] {logging_mixin.py:188} INFO - [2025-11-10T20:45:47.738+0000] {dag.py:3047} INFO - Sync 1 DAGs
[2025-11-10T20:45:47.750+0000] {logging_mixin.py:188} INFO - [2025-11-10T20:45:47.749+0000] {dag.py:3834} INFO - Setting next_dagrun for tutorial_objectstorage to None, run_after=None
[2025-11-10T20:45:47.768+0000] {processor.py:183} INFO - Processing /home/airflow/.local/lib/python3.8/site-packages/airflow/example_dags/tutorial_objectstorage.py took 0.061 seconds
[2025-11-10T20:46:17.934+0000] {processor.py:161} INFO - Started process (PID=1175) to work on /home/airflow/.local/lib/python3.8/site-packages/airflow/example_dags/tutorial_objectstorage.py
[2025-11-10T20:46:17.935+0000] {processor.py:830} INFO - Processing file /home/airflow/.local/lib/python3.8/site-packages/airflow/example_dags/tutorial_objectstorage.py for tasks to queue
[2025-11-10T20:46:17.937+0000] {logging_mixin.py:188} INFO - [2025-11-10T20:46:17.937+0000] {dagbag.py:540} INFO - Filling up the DagBag from /home/airflow/.local/lib/python3.8/site-packages/airflow/example_dags/tutorial_objectstorage.py
[2025-11-10T20:46:17.944+0000] {processor.py:840} INFO - DAG(s) 'tutorial_objectstorage' retrieved from /home/airflow/.local/lib/python3.8/site-packages/airflow/example_dags/tutorial_objectstorage.py
[2025-11-10T20:46:17.960+0000] {logging_mixin.py:188} INFO - [2025-11-10T20:46:17.960+0000] {dag.py:3047} INFO - Sync 1 DAGs
[2025-11-10T20:46:17.972+0000] {logging_mixin.py:188} INFO - [2025-11-10T20:46:17.972+0000] {dag.py:3834} INFO - Setting next_dagrun for tutorial_objectstorage to None, run_after=None
[2025-11-10T20:46:17.990+0000] {processor.py:183} INFO - Processing /home/airflow/.local/lib/python3.8/site-packages/airflow/example_dags/tutorial_objectstorage.py took 0.060 seconds
[2025-11-10T20:46:48.246+0000] {processor.py:161} INFO - Started process (PID=1231) to work on /home/airflow/.local/lib/python3.8/site-packages/airflow/example_dags/tutorial_objectstorage.py
[2025-11-10T20:46:48.248+0000] {processor.py:830} INFO - Processing file /home/airflow/.local/lib/python3.8/site-packages/airflow/example_dags/tutorial_objectstorage.py for tasks to queue
[2025-11-10T20:46:48.251+0000] {logging_mixin.py:188} INFO - [2025-11-10T20:46:48.251+0000] {dagbag.py:540} INFO - Filling up the DagBag from /home/airflow/.local/lib/python3.8/site-packages/airflow/example_dags/tutorial_objectstorage.py
[2025-11-10T20:46:48.260+0000] {processor.py:840} INFO - DAG(s) 'tutorial_objectstorage' retrieved from /home/airflow/.local/lib/python3.8/site-packages/airflow/example_dags/tutorial_objectstorage.py
[2025-11-10T20:46:48.279+0000] {logging_mixin.py:188} INFO - [2025-11-10T20:46:48.279+0000] {dag.py:3047} INFO - Sync 1 DAGs
[2025-11-10T20:46:48.291+0000] {logging_mixin.py:188} INFO - [2025-11-10T20:46:48.290+0000] {dag.py:3834} INFO - Setting next_dagrun for tutorial_objectstorage to None, run_after=None
[2025-11-10T20:46:48.311+0000] {processor.py:183} INFO - Processing /home/airflow/.local/lib/python3.8/site-packages/airflow/example_dags/tutorial_objectstorage.py took 0.072 seconds
[2025-11-10T20:47:18.766+0000] {processor.py:161} INFO - Started process (PID=1286) to work on /home/airflow/.local/lib/python3.8/site-packages/airflow/example_dags/tutorial_objectstorage.py
[2025-11-10T20:47:18.769+0000] {processor.py:830} INFO - Processing file /home/airflow/.local/lib/python3.8/site-packages/airflow/example_dags/tutorial_objectstorage.py for tasks to queue
[2025-11-10T20:47:18.772+0000] {logging_mixin.py:188} INFO - [2025-11-10T20:47:18.772+0000] {dagbag.py:540} INFO - Filling up the DagBag from /home/airflow/.local/lib/python3.8/site-packages/airflow/example_dags/tutorial_objectstorage.py
[2025-11-10T20:47:18.786+0000] {processor.py:840} INFO - DAG(s) 'tutorial_objectstorage' retrieved from /home/airflow/.local/lib/python3.8/site-packages/airflow/example_dags/tutorial_objectstorage.py
[2025-11-10T20:47:18.813+0000] {logging_mixin.py:188} INFO - [2025-11-10T20:47:18.813+0000] {dag.py:3047} INFO - Sync 1 DAGs
[2025-11-10T20:47:18.830+0000] {logging_mixin.py:188} INFO - [2025-11-10T20:47:18.829+0000] {dag.py:3834} INFO - Setting next_dagrun for tutorial_objectstorage to None, run_after=None
[2025-11-10T20:47:18.851+0000] {processor.py:183} INFO - Processing /home/airflow/.local/lib/python3.8/site-packages/airflow/example_dags/tutorial_objectstorage.py took 0.092 seconds
[2025-11-10T20:47:48.981+0000] {processor.py:161} INFO - Started process (PID=1341) to work on /home/airflow/.local/lib/python3.8/site-packages/airflow/example_dags/tutorial_objectstorage.py
[2025-11-10T20:47:48.983+0000] {processor.py:830} INFO - Processing file /home/airflow/.local/lib/python3.8/site-packages/airflow/example_dags/tutorial_objectstorage.py for tasks to queue
[2025-11-10T20:47:48.986+0000] {logging_mixin.py:188} INFO - [2025-11-10T20:47:48.985+0000] {dagbag.py:540} INFO - Filling up the DagBag from /home/airflow/.local/lib/python3.8/site-packages/airflow/example_dags/tutorial_objectstorage.py
[2025-11-10T20:47:48.994+0000] {processor.py:840} INFO - DAG(s) 'tutorial_objectstorage' retrieved from /home/airflow/.local/lib/python3.8/site-packages/airflow/example_dags/tutorial_objectstorage.py
[2025-11-10T20:47:49.012+0000] {logging_mixin.py:188} INFO - [2025-11-10T20:47:49.012+0000] {dag.py:3047} INFO - Sync 1 DAGs
[2025-11-10T20:47:49.023+0000] {logging_mixin.py:188} INFO - [2025-11-10T20:47:49.023+0000] {dag.py:3834} INFO - Setting next_dagrun for tutorial_objectstorage to None, run_after=None
[2025-11-10T20:47:49.043+0000] {processor.py:183} INFO - Processing /home/airflow/.local/lib/python3.8/site-packages/airflow/example_dags/tutorial_objectstorage.py took 0.069 seconds
[2025-11-10T20:48:19.399+0000] {processor.py:161} INFO - Started process (PID=1396) to work on /home/airflow/.local/lib/python3.8/site-packages/airflow/example_dags/tutorial_objectstorage.py
[2025-11-10T20:48:19.403+0000] {processor.py:830} INFO - Processing file /home/airflow/.local/lib/python3.8/site-packages/airflow/example_dags/tutorial_objectstorage.py for tasks to queue
[2025-11-10T20:48:19.408+0000] {logging_mixin.py:188} INFO - [2025-11-10T20:48:19.407+0000] {dagbag.py:540} INFO - Filling up the DagBag from /home/airflow/.local/lib/python3.8/site-packages/airflow/example_dags/tutorial_objectstorage.py
[2025-11-10T20:48:19.421+0000] {processor.py:840} INFO - DAG(s) 'tutorial_objectstorage' retrieved from /home/airflow/.local/lib/python3.8/site-packages/airflow/example_dags/tutorial_objectstorage.py
[2025-11-10T20:48:19.459+0000] {logging_mixin.py:188} INFO - [2025-11-10T20:48:19.459+0000] {dag.py:3047} INFO - Sync 1 DAGs
[2025-11-10T20:48:19.472+0000] {logging_mixin.py:188} INFO - [2025-11-10T20:48:19.471+0000] {dag.py:3834} INFO - Setting next_dagrun for tutorial_objectstorage to None, run_after=None
[2025-11-10T20:48:19.492+0000] {processor.py:183} INFO - Processing /home/airflow/.local/lib/python3.8/site-packages/airflow/example_dags/tutorial_objectstorage.py took 0.103 seconds
[2025-11-10T20:48:49.785+0000] {processor.py:161} INFO - Started process (PID=1451) to work on /home/airflow/.local/lib/python3.8/site-packages/airflow/example_dags/tutorial_objectstorage.py
[2025-11-10T20:48:49.787+0000] {processor.py:830} INFO - Processing file /home/airflow/.local/lib/python3.8/site-packages/airflow/example_dags/tutorial_objectstorage.py for tasks to queue
[2025-11-10T20:48:49.789+0000] {logging_mixin.py:188} INFO - [2025-11-10T20:48:49.789+0000] {dagbag.py:540} INFO - Filling up the DagBag from /home/airflow/.local/lib/python3.8/site-packages/airflow/example_dags/tutorial_objectstorage.py
[2025-11-10T20:48:49.795+0000] {processor.py:840} INFO - DAG(s) 'tutorial_objectstorage' retrieved from /home/airflow/.local/lib/python3.8/site-packages/airflow/example_dags/tutorial_objectstorage.py
[2025-11-10T20:48:49.812+0000] {logging_mixin.py:188} INFO - [2025-11-10T20:48:49.812+0000] {dag.py:3047} INFO - Sync 1 DAGs
[2025-11-10T20:48:49.823+0000] {logging_mixin.py:188} INFO - [2025-11-10T20:48:49.823+0000] {dag.py:3834} INFO - Setting next_dagrun for tutorial_objectstorage to None, run_after=None
[2025-11-10T20:48:49.843+0000] {processor.py:183} INFO - Processing /home/airflow/.local/lib/python3.8/site-packages/airflow/example_dags/tutorial_objectstorage.py took 0.062 seconds
[2025-11-10T20:49:20.455+0000] {processor.py:161} INFO - Started process (PID=1507) to work on /home/airflow/.local/lib/python3.8/site-packages/airflow/example_dags/tutorial_objectstorage.py
[2025-11-10T20:49:20.457+0000] {processor.py:830} INFO - Processing file /home/airflow/.local/lib/python3.8/site-packages/airflow/example_dags/tutorial_objectstorage.py for tasks to queue
[2025-11-10T20:49:20.459+0000] {logging_mixin.py:188} INFO - [2025-11-10T20:49:20.459+0000] {dagbag.py:540} INFO - Filling up the DagBag from /home/airflow/.local/lib/python3.8/site-packages/airflow/example_dags/tutorial_objectstorage.py
[2025-11-10T20:49:20.466+0000] {processor.py:840} INFO - DAG(s) 'tutorial_objectstorage' retrieved from /home/airflow/.local/lib/python3.8/site-packages/airflow/example_dags/tutorial_objectstorage.py
[2025-11-10T20:49:20.483+0000] {logging_mixin.py:188} INFO - [2025-11-10T20:49:20.483+0000] {dag.py:3047} INFO - Sync 1 DAGs
[2025-11-10T20:49:20.495+0000] {logging_mixin.py:188} INFO - [2025-11-10T20:49:20.494+0000] {dag.py:3834} INFO - Setting next_dagrun for tutorial_objectstorage to None, run_after=None
[2025-11-10T20:49:20.513+0000] {processor.py:183} INFO - Processing /home/airflow/.local/lib/python3.8/site-packages/airflow/example_dags/tutorial_objectstorage.py took 0.061 seconds
[2025-11-10T20:49:51.064+0000] {processor.py:161} INFO - Started process (PID=1562) to work on /home/airflow/.local/lib/python3.8/site-packages/airflow/example_dags/tutorial_objectstorage.py
[2025-11-10T20:49:51.067+0000] {processor.py:830} INFO - Processing file /home/airflow/.local/lib/python3.8/site-packages/airflow/example_dags/tutorial_objectstorage.py for tasks to queue
[2025-11-10T20:49:51.071+0000] {logging_mixin.py:188} INFO - [2025-11-10T20:49:51.071+0000] {dagbag.py:540} INFO - Filling up the DagBag from /home/airflow/.local/lib/python3.8/site-packages/airflow/example_dags/tutorial_objectstorage.py
[2025-11-10T20:49:51.086+0000] {processor.py:840} INFO - DAG(s) 'tutorial_objectstorage' retrieved from /home/airflow/.local/lib/python3.8/site-packages/airflow/example_dags/tutorial_objectstorage.py
[2025-11-10T20:49:51.111+0000] {logging_mixin.py:188} INFO - [2025-11-10T20:49:51.111+0000] {dag.py:3047} INFO - Sync 1 DAGs
[2025-11-10T20:49:51.122+0000] {logging_mixin.py:188} INFO - [2025-11-10T20:49:51.122+0000] {dag.py:3834} INFO - Setting next_dagrun for tutorial_objectstorage to None, run_after=None
[2025-11-10T20:49:51.143+0000] {processor.py:183} INFO - Processing /home/airflow/.local/lib/python3.8/site-packages/airflow/example_dags/tutorial_objectstorage.py took 0.086 seconds
[2025-11-10T20:50:21.273+0000] {processor.py:161} INFO - Started process (PID=1617) to work on /home/airflow/.local/lib/python3.8/site-packages/airflow/example_dags/tutorial_objectstorage.py
[2025-11-10T20:50:21.274+0000] {processor.py:830} INFO - Processing file /home/airflow/.local/lib/python3.8/site-packages/airflow/example_dags/tutorial_objectstorage.py for tasks to queue
[2025-11-10T20:50:21.277+0000] {logging_mixin.py:188} INFO - [2025-11-10T20:50:21.277+0000] {dagbag.py:540} INFO - Filling up the DagBag from /home/airflow/.local/lib/python3.8/site-packages/airflow/example_dags/tutorial_objectstorage.py
[2025-11-10T20:50:21.287+0000] {processor.py:840} INFO - DAG(s) 'tutorial_objectstorage' retrieved from /home/airflow/.local/lib/python3.8/site-packages/airflow/example_dags/tutorial_objectstorage.py
[2025-11-10T20:50:21.310+0000] {logging_mixin.py:188} INFO - [2025-11-10T20:50:21.310+0000] {dag.py:3047} INFO - Sync 1 DAGs
[2025-11-10T20:50:21.321+0000] {logging_mixin.py:188} INFO - [2025-11-10T20:50:21.321+0000] {dag.py:3834} INFO - Setting next_dagrun for tutorial_objectstorage to None, run_after=None
[2025-11-10T20:50:21.345+0000] {processor.py:183} INFO - Processing /home/airflow/.local/lib/python3.8/site-packages/airflow/example_dags/tutorial_objectstorage.py took 0.077 seconds
[2025-11-10T20:50:51.906+0000] {processor.py:161} INFO - Started process (PID=1672) to work on /home/airflow/.local/lib/python3.8/site-packages/airflow/example_dags/tutorial_objectstorage.py
[2025-11-10T20:50:51.909+0000] {processor.py:830} INFO - Processing file /home/airflow/.local/lib/python3.8/site-packages/airflow/example_dags/tutorial_objectstorage.py for tasks to queue
[2025-11-10T20:50:51.914+0000] {logging_mixin.py:188} INFO - [2025-11-10T20:50:51.913+0000] {dagbag.py:540} INFO - Filling up the DagBag from /home/airflow/.local/lib/python3.8/site-packages/airflow/example_dags/tutorial_objectstorage.py
[2025-11-10T20:50:51.932+0000] {processor.py:840} INFO - DAG(s) 'tutorial_objectstorage' retrieved from /home/airflow/.local/lib/python3.8/site-packages/airflow/example_dags/tutorial_objectstorage.py
[2025-11-10T20:50:51.957+0000] {logging_mixin.py:188} INFO - [2025-11-10T20:50:51.957+0000] {dag.py:3047} INFO - Sync 1 DAGs
[2025-11-10T20:50:51.969+0000] {logging_mixin.py:188} INFO - [2025-11-10T20:50:51.969+0000] {dag.py:3834} INFO - Setting next_dagrun for tutorial_objectstorage to None, run_after=None
[2025-11-10T20:50:52.000+0000] {processor.py:183} INFO - Processing /home/airflow/.local/lib/python3.8/site-packages/airflow/example_dags/tutorial_objectstorage.py took 0.099 seconds
[2025-11-10T20:51:22.245+0000] {processor.py:161} INFO - Started process (PID=1727) to work on /home/airflow/.local/lib/python3.8/site-packages/airflow/example_dags/tutorial_objectstorage.py
[2025-11-10T20:51:22.247+0000] {processor.py:830} INFO - Processing file /home/airflow/.local/lib/python3.8/site-packages/airflow/example_dags/tutorial_objectstorage.py for tasks to queue
[2025-11-10T20:51:22.249+0000] {logging_mixin.py:188} INFO - [2025-11-10T20:51:22.249+0000] {dagbag.py:540} INFO - Filling up the DagBag from /home/airflow/.local/lib/python3.8/site-packages/airflow/example_dags/tutorial_objectstorage.py
[2025-11-10T20:51:22.255+0000] {processor.py:840} INFO - DAG(s) 'tutorial_objectstorage' retrieved from /home/airflow/.local/lib/python3.8/site-packages/airflow/example_dags/tutorial_objectstorage.py
[2025-11-10T20:51:22.273+0000] {logging_mixin.py:188} INFO - [2025-11-10T20:51:22.273+0000] {dag.py:3047} INFO - Sync 1 DAGs
[2025-11-10T20:51:22.286+0000] {logging_mixin.py:188} INFO - [2025-11-10T20:51:22.286+0000] {dag.py:3834} INFO - Setting next_dagrun for tutorial_objectstorage to None, run_after=None
[2025-11-10T20:51:22.306+0000] {processor.py:183} INFO - Processing /home/airflow/.local/lib/python3.8/site-packages/airflow/example_dags/tutorial_objectstorage.py took 0.068 seconds
[2025-11-10T20:51:52.564+0000] {processor.py:161} INFO - Started process (PID=1782) to work on /home/airflow/.local/lib/python3.8/site-packages/airflow/example_dags/tutorial_objectstorage.py
[2025-11-10T20:51:52.566+0000] {processor.py:830} INFO - Processing file /home/airflow/.local/lib/python3.8/site-packages/airflow/example_dags/tutorial_objectstorage.py for tasks to queue
[2025-11-10T20:51:52.568+0000] {logging_mixin.py:188} INFO - [2025-11-10T20:51:52.568+0000] {dagbag.py:540} INFO - Filling up the DagBag from /home/airflow/.local/lib/python3.8/site-packages/airflow/example_dags/tutorial_objectstorage.py
[2025-11-10T20:51:52.575+0000] {processor.py:840} INFO - DAG(s) 'tutorial_objectstorage' retrieved from /home/airflow/.local/lib/python3.8/site-packages/airflow/example_dags/tutorial_objectstorage.py
[2025-11-10T20:51:52.594+0000] {logging_mixin.py:188} INFO - [2025-11-10T20:51:52.593+0000] {dag.py:3047} INFO - Sync 1 DAGs
[2025-11-10T20:51:52.605+0000] {logging_mixin.py:188} INFO - [2025-11-10T20:51:52.605+0000] {dag.py:3834} INFO - Setting next_dagrun for tutorial_objectstorage to None, run_after=None
[2025-11-10T20:51:52.625+0000] {processor.py:183} INFO - Processing /home/airflow/.local/lib/python3.8/site-packages/airflow/example_dags/tutorial_objectstorage.py took 0.065 seconds
[2025-11-10T20:52:22.892+0000] {processor.py:161} INFO - Started process (PID=1837) to work on /home/airflow/.local/lib/python3.8/site-packages/airflow/example_dags/tutorial_objectstorage.py
[2025-11-10T20:52:22.894+0000] {processor.py:830} INFO - Processing file /home/airflow/.local/lib/python3.8/site-packages/airflow/example_dags/tutorial_objectstorage.py for tasks to queue
[2025-11-10T20:52:22.897+0000] {logging_mixin.py:188} INFO - [2025-11-10T20:52:22.897+0000] {dagbag.py:540} INFO - Filling up the DagBag from /home/airflow/.local/lib/python3.8/site-packages/airflow/example_dags/tutorial_objectstorage.py
[2025-11-10T20:52:22.905+0000] {processor.py:840} INFO - DAG(s) 'tutorial_objectstorage' retrieved from /home/airflow/.local/lib/python3.8/site-packages/airflow/example_dags/tutorial_objectstorage.py
[2025-11-10T20:52:22.923+0000] {logging_mixin.py:188} INFO - [2025-11-10T20:52:22.923+0000] {dag.py:3047} INFO - Sync 1 DAGs
[2025-11-10T20:52:22.935+0000] {logging_mixin.py:188} INFO - [2025-11-10T20:52:22.935+0000] {dag.py:3834} INFO - Setting next_dagrun for tutorial_objectstorage to None, run_after=None
[2025-11-10T20:52:22.985+0000] {processor.py:183} INFO - Processing /home/airflow/.local/lib/python3.8/site-packages/airflow/example_dags/tutorial_objectstorage.py took 0.099 seconds
[2025-11-10T20:52:53.252+0000] {processor.py:161} INFO - Started process (PID=1892) to work on /home/airflow/.local/lib/python3.8/site-packages/airflow/example_dags/tutorial_objectstorage.py
[2025-11-10T20:52:53.254+0000] {processor.py:830} INFO - Processing file /home/airflow/.local/lib/python3.8/site-packages/airflow/example_dags/tutorial_objectstorage.py for tasks to queue
[2025-11-10T20:52:53.256+0000] {logging_mixin.py:188} INFO - [2025-11-10T20:52:53.256+0000] {dagbag.py:540} INFO - Filling up the DagBag from /home/airflow/.local/lib/python3.8/site-packages/airflow/example_dags/tutorial_objectstorage.py
[2025-11-10T20:52:53.265+0000] {processor.py:840} INFO - DAG(s) 'tutorial_objectstorage' retrieved from /home/airflow/.local/lib/python3.8/site-packages/airflow/example_dags/tutorial_objectstorage.py
[2025-11-10T20:52:53.291+0000] {logging_mixin.py:188} INFO - [2025-11-10T20:52:53.291+0000] {dag.py:3047} INFO - Sync 1 DAGs
[2025-11-10T20:52:53.308+0000] {logging_mixin.py:188} INFO - [2025-11-10T20:52:53.308+0000] {dag.py:3834} INFO - Setting next_dagrun for tutorial_objectstorage to None, run_after=None
[2025-11-10T20:52:53.344+0000] {processor.py:183} INFO - Processing /home/airflow/.local/lib/python3.8/site-packages/airflow/example_dags/tutorial_objectstorage.py took 0.095 seconds
[2025-11-10T20:53:23.671+0000] {processor.py:161} INFO - Started process (PID=1947) to work on /home/airflow/.local/lib/python3.8/site-packages/airflow/example_dags/tutorial_objectstorage.py
[2025-11-10T20:53:23.673+0000] {processor.py:830} INFO - Processing file /home/airflow/.local/lib/python3.8/site-packages/airflow/example_dags/tutorial_objectstorage.py for tasks to queue
[2025-11-10T20:53:23.676+0000] {logging_mixin.py:188} INFO - [2025-11-10T20:53:23.675+0000] {dagbag.py:540} INFO - Filling up the DagBag from /home/airflow/.local/lib/python3.8/site-packages/airflow/example_dags/tutorial_objectstorage.py
[2025-11-10T20:53:23.685+0000] {processor.py:840} INFO - DAG(s) 'tutorial_objectstorage' retrieved from /home/airflow/.local/lib/python3.8/site-packages/airflow/example_dags/tutorial_objectstorage.py
[2025-11-10T20:53:23.705+0000] {logging_mixin.py:188} INFO - [2025-11-10T20:53:23.704+0000] {dag.py:3047} INFO - Sync 1 DAGs
[2025-11-10T20:53:23.718+0000] {logging_mixin.py:188} INFO - [2025-11-10T20:53:23.717+0000] {dag.py:3834} INFO - Setting next_dagrun for tutorial_objectstorage to None, run_after=None
[2025-11-10T20:53:23.736+0000] {processor.py:183} INFO - Processing /home/airflow/.local/lib/python3.8/site-packages/airflow/example_dags/tutorial_objectstorage.py took 0.069 seconds
