[2025-11-10T20:36:06.853+0000] {processor.py:161} INFO - Started process (PID=69) to work on /home/airflow/.local/lib/python3.8/site-packages/airflow/example_dags/tutorial_dag.py
[2025-11-10T20:36:06.855+0000] {processor.py:830} INFO - Processing file /home/airflow/.local/lib/python3.8/site-packages/airflow/example_dags/tutorial_dag.py for tasks to queue
[2025-11-10T20:36:06.861+0000] {logging_mixin.py:188} INFO - [2025-11-10T20:36:06.860+0000] {dagbag.py:540} INFO - Filling up the DagBag from /home/airflow/.local/lib/python3.8/site-packages/airflow/example_dags/tutorial_dag.py
[2025-11-10T20:36:06.881+0000] {processor.py:840} INFO - DAG(s) 'tutorial_dag' retrieved from /home/airflow/.local/lib/python3.8/site-packages/airflow/example_dags/tutorial_dag.py
[2025-11-10T20:36:07.338+0000] {logging_mixin.py:188} INFO - [2025-11-10T20:36:07.336+0000] {override.py:1769} INFO - Created Permission View: can read on DAG:tutorial_dag
[2025-11-10T20:36:07.356+0000] {logging_mixin.py:188} INFO - [2025-11-10T20:36:07.356+0000] {override.py:1769} INFO - Created Permission View: can edit on DAG:tutorial_dag
[2025-11-10T20:36:07.370+0000] {logging_mixin.py:188} INFO - [2025-11-10T20:36:07.370+0000] {override.py:1769} INFO - Created Permission View: can delete on DAG:tutorial_dag
[2025-11-10T20:36:07.371+0000] {logging_mixin.py:188} INFO - [2025-11-10T20:36:07.371+0000] {dag.py:3047} INFO - Sync 1 DAGs
[2025-11-10T20:36:07.387+0000] {logging_mixin.py:188} INFO - [2025-11-10T20:36:07.387+0000] {dag.py:3069} INFO - Creating ORM DAG for tutorial_dag
[2025-11-10T20:36:07.389+0000] {logging_mixin.py:188} INFO - [2025-11-10T20:36:07.388+0000] {dag.py:3834} INFO - Setting next_dagrun for tutorial_dag to None, run_after=None
[2025-11-10T20:36:07.424+0000] {processor.py:183} INFO - Processing /home/airflow/.local/lib/python3.8/site-packages/airflow/example_dags/tutorial_dag.py took 0.581 seconds
[2025-11-10T20:36:37.982+0000] {processor.py:161} INFO - Started process (PID=124) to work on /home/airflow/.local/lib/python3.8/site-packages/airflow/example_dags/tutorial_dag.py
[2025-11-10T20:36:37.984+0000] {processor.py:830} INFO - Processing file /home/airflow/.local/lib/python3.8/site-packages/airflow/example_dags/tutorial_dag.py for tasks to queue
[2025-11-10T20:36:37.987+0000] {logging_mixin.py:188} INFO - [2025-11-10T20:36:37.986+0000] {dagbag.py:540} INFO - Filling up the DagBag from /home/airflow/.local/lib/python3.8/site-packages/airflow/example_dags/tutorial_dag.py
[2025-11-10T20:36:37.993+0000] {processor.py:840} INFO - DAG(s) 'tutorial_dag' retrieved from /home/airflow/.local/lib/python3.8/site-packages/airflow/example_dags/tutorial_dag.py
[2025-11-10T20:36:38.017+0000] {logging_mixin.py:188} INFO - [2025-11-10T20:36:38.017+0000] {dag.py:3047} INFO - Sync 1 DAGs
[2025-11-10T20:36:38.030+0000] {logging_mixin.py:188} INFO - [2025-11-10T20:36:38.030+0000] {dag.py:3834} INFO - Setting next_dagrun for tutorial_dag to None, run_after=None
[2025-11-10T20:36:38.049+0000] {processor.py:183} INFO - Processing /home/airflow/.local/lib/python3.8/site-packages/airflow/example_dags/tutorial_dag.py took 0.071 seconds
[2025-11-10T20:37:08.856+0000] {processor.py:161} INFO - Started process (PID=179) to work on /home/airflow/.local/lib/python3.8/site-packages/airflow/example_dags/tutorial_dag.py
[2025-11-10T20:37:08.858+0000] {processor.py:830} INFO - Processing file /home/airflow/.local/lib/python3.8/site-packages/airflow/example_dags/tutorial_dag.py for tasks to queue
[2025-11-10T20:37:08.862+0000] {logging_mixin.py:188} INFO - [2025-11-10T20:37:08.861+0000] {dagbag.py:540} INFO - Filling up the DagBag from /home/airflow/.local/lib/python3.8/site-packages/airflow/example_dags/tutorial_dag.py
[2025-11-10T20:37:08.875+0000] {processor.py:840} INFO - DAG(s) 'tutorial_dag' retrieved from /home/airflow/.local/lib/python3.8/site-packages/airflow/example_dags/tutorial_dag.py
[2025-11-10T20:37:08.922+0000] {logging_mixin.py:188} INFO - [2025-11-10T20:37:08.922+0000] {dag.py:3047} INFO - Sync 1 DAGs
[2025-11-10T20:37:08.947+0000] {logging_mixin.py:188} INFO - [2025-11-10T20:37:08.946+0000] {dag.py:3834} INFO - Setting next_dagrun for tutorial_dag to None, run_after=None
[2025-11-10T20:37:08.972+0000] {processor.py:183} INFO - Processing /home/airflow/.local/lib/python3.8/site-packages/airflow/example_dags/tutorial_dag.py took 0.126 seconds
[2025-11-10T20:37:39.074+0000] {processor.py:161} INFO - Started process (PID=234) to work on /home/airflow/.local/lib/python3.8/site-packages/airflow/example_dags/tutorial_dag.py
[2025-11-10T20:37:39.076+0000] {processor.py:830} INFO - Processing file /home/airflow/.local/lib/python3.8/site-packages/airflow/example_dags/tutorial_dag.py for tasks to queue
[2025-11-10T20:37:39.078+0000] {logging_mixin.py:188} INFO - [2025-11-10T20:37:39.078+0000] {dagbag.py:540} INFO - Filling up the DagBag from /home/airflow/.local/lib/python3.8/site-packages/airflow/example_dags/tutorial_dag.py
[2025-11-10T20:37:39.084+0000] {processor.py:840} INFO - DAG(s) 'tutorial_dag' retrieved from /home/airflow/.local/lib/python3.8/site-packages/airflow/example_dags/tutorial_dag.py
[2025-11-10T20:37:39.103+0000] {logging_mixin.py:188} INFO - [2025-11-10T20:37:39.103+0000] {dag.py:3047} INFO - Sync 1 DAGs
[2025-11-10T20:37:39.115+0000] {logging_mixin.py:188} INFO - [2025-11-10T20:37:39.115+0000] {dag.py:3834} INFO - Setting next_dagrun for tutorial_dag to None, run_after=None
[2025-11-10T20:37:39.133+0000] {processor.py:183} INFO - Processing /home/airflow/.local/lib/python3.8/site-packages/airflow/example_dags/tutorial_dag.py took 0.063 seconds
[2025-11-10T20:38:09.317+0000] {processor.py:161} INFO - Started process (PID=289) to work on /home/airflow/.local/lib/python3.8/site-packages/airflow/example_dags/tutorial_dag.py
[2025-11-10T20:38:09.318+0000] {processor.py:830} INFO - Processing file /home/airflow/.local/lib/python3.8/site-packages/airflow/example_dags/tutorial_dag.py for tasks to queue
[2025-11-10T20:38:09.321+0000] {logging_mixin.py:188} INFO - [2025-11-10T20:38:09.321+0000] {dagbag.py:540} INFO - Filling up the DagBag from /home/airflow/.local/lib/python3.8/site-packages/airflow/example_dags/tutorial_dag.py
[2025-11-10T20:38:09.328+0000] {processor.py:840} INFO - DAG(s) 'tutorial_dag' retrieved from /home/airflow/.local/lib/python3.8/site-packages/airflow/example_dags/tutorial_dag.py
[2025-11-10T20:38:09.351+0000] {logging_mixin.py:188} INFO - [2025-11-10T20:38:09.350+0000] {dag.py:3047} INFO - Sync 1 DAGs
[2025-11-10T20:38:09.363+0000] {logging_mixin.py:188} INFO - [2025-11-10T20:38:09.363+0000] {dag.py:3834} INFO - Setting next_dagrun for tutorial_dag to None, run_after=None
[2025-11-10T20:38:09.384+0000] {processor.py:183} INFO - Processing /home/airflow/.local/lib/python3.8/site-packages/airflow/example_dags/tutorial_dag.py took 0.074 seconds
[2025-11-10T20:38:39.727+0000] {processor.py:161} INFO - Started process (PID=344) to work on /home/airflow/.local/lib/python3.8/site-packages/airflow/example_dags/tutorial_dag.py
[2025-11-10T20:38:39.731+0000] {processor.py:830} INFO - Processing file /home/airflow/.local/lib/python3.8/site-packages/airflow/example_dags/tutorial_dag.py for tasks to queue
[2025-11-10T20:38:39.736+0000] {logging_mixin.py:188} INFO - [2025-11-10T20:38:39.736+0000] {dagbag.py:540} INFO - Filling up the DagBag from /home/airflow/.local/lib/python3.8/site-packages/airflow/example_dags/tutorial_dag.py
[2025-11-10T20:38:39.743+0000] {processor.py:840} INFO - DAG(s) 'tutorial_dag' retrieved from /home/airflow/.local/lib/python3.8/site-packages/airflow/example_dags/tutorial_dag.py
[2025-11-10T20:38:39.779+0000] {logging_mixin.py:188} INFO - [2025-11-10T20:38:39.778+0000] {dag.py:3047} INFO - Sync 1 DAGs
[2025-11-10T20:38:39.807+0000] {logging_mixin.py:188} INFO - [2025-11-10T20:38:39.806+0000] {dag.py:3834} INFO - Setting next_dagrun for tutorial_dag to None, run_after=None
[2025-11-10T20:38:39.843+0000] {processor.py:183} INFO - Processing /home/airflow/.local/lib/python3.8/site-packages/airflow/example_dags/tutorial_dag.py took 0.125 seconds
[2025-11-10T20:39:09.990+0000] {processor.py:161} INFO - Started process (PID=398) to work on /home/airflow/.local/lib/python3.8/site-packages/airflow/example_dags/tutorial_dag.py
[2025-11-10T20:39:09.992+0000] {processor.py:830} INFO - Processing file /home/airflow/.local/lib/python3.8/site-packages/airflow/example_dags/tutorial_dag.py for tasks to queue
[2025-11-10T20:39:09.994+0000] {logging_mixin.py:188} INFO - [2025-11-10T20:39:09.994+0000] {dagbag.py:540} INFO - Filling up the DagBag from /home/airflow/.local/lib/python3.8/site-packages/airflow/example_dags/tutorial_dag.py
[2025-11-10T20:39:10.008+0000] {processor.py:840} INFO - DAG(s) 'tutorial_dag' retrieved from /home/airflow/.local/lib/python3.8/site-packages/airflow/example_dags/tutorial_dag.py
[2025-11-10T20:39:10.028+0000] {logging_mixin.py:188} INFO - [2025-11-10T20:39:10.028+0000] {dag.py:3047} INFO - Sync 1 DAGs
[2025-11-10T20:39:10.040+0000] {logging_mixin.py:188} INFO - [2025-11-10T20:39:10.040+0000] {dag.py:3834} INFO - Setting next_dagrun for tutorial_dag to None, run_after=None
[2025-11-10T20:39:10.060+0000] {processor.py:183} INFO - Processing /home/airflow/.local/lib/python3.8/site-packages/airflow/example_dags/tutorial_dag.py took 0.076 seconds
[2025-11-10T20:39:40.860+0000] {processor.py:161} INFO - Started process (PID=460) to work on /home/airflow/.local/lib/python3.8/site-packages/airflow/example_dags/tutorial_dag.py
[2025-11-10T20:39:40.862+0000] {processor.py:830} INFO - Processing file /home/airflow/.local/lib/python3.8/site-packages/airflow/example_dags/tutorial_dag.py for tasks to queue
[2025-11-10T20:39:40.865+0000] {logging_mixin.py:188} INFO - [2025-11-10T20:39:40.865+0000] {dagbag.py:540} INFO - Filling up the DagBag from /home/airflow/.local/lib/python3.8/site-packages/airflow/example_dags/tutorial_dag.py
[2025-11-10T20:39:40.873+0000] {processor.py:840} INFO - DAG(s) 'tutorial_dag' retrieved from /home/airflow/.local/lib/python3.8/site-packages/airflow/example_dags/tutorial_dag.py
[2025-11-10T20:39:40.895+0000] {logging_mixin.py:188} INFO - [2025-11-10T20:39:40.895+0000] {dag.py:3047} INFO - Sync 1 DAGs
[2025-11-10T20:39:40.909+0000] {logging_mixin.py:188} INFO - [2025-11-10T20:39:40.908+0000] {dag.py:3834} INFO - Setting next_dagrun for tutorial_dag to None, run_after=None
[2025-11-10T20:39:40.930+0000] {processor.py:183} INFO - Processing /home/airflow/.local/lib/python3.8/site-packages/airflow/example_dags/tutorial_dag.py took 0.077 seconds
[2025-11-10T20:40:11.074+0000] {processor.py:161} INFO - Started process (PID=515) to work on /home/airflow/.local/lib/python3.8/site-packages/airflow/example_dags/tutorial_dag.py
[2025-11-10T20:40:11.076+0000] {processor.py:830} INFO - Processing file /home/airflow/.local/lib/python3.8/site-packages/airflow/example_dags/tutorial_dag.py for tasks to queue
[2025-11-10T20:40:11.078+0000] {logging_mixin.py:188} INFO - [2025-11-10T20:40:11.078+0000] {dagbag.py:540} INFO - Filling up the DagBag from /home/airflow/.local/lib/python3.8/site-packages/airflow/example_dags/tutorial_dag.py
[2025-11-10T20:40:11.085+0000] {processor.py:840} INFO - DAG(s) 'tutorial_dag' retrieved from /home/airflow/.local/lib/python3.8/site-packages/airflow/example_dags/tutorial_dag.py
[2025-11-10T20:40:11.105+0000] {logging_mixin.py:188} INFO - [2025-11-10T20:40:11.105+0000] {dag.py:3047} INFO - Sync 1 DAGs
[2025-11-10T20:40:11.116+0000] {logging_mixin.py:188} INFO - [2025-11-10T20:40:11.116+0000] {dag.py:3834} INFO - Setting next_dagrun for tutorial_dag to None, run_after=None
[2025-11-10T20:40:11.134+0000] {processor.py:183} INFO - Processing /home/airflow/.local/lib/python3.8/site-packages/airflow/example_dags/tutorial_dag.py took 0.063 seconds
[2025-11-10T20:40:41.383+0000] {processor.py:161} INFO - Started process (PID=570) to work on /home/airflow/.local/lib/python3.8/site-packages/airflow/example_dags/tutorial_dag.py
[2025-11-10T20:40:41.387+0000] {processor.py:830} INFO - Processing file /home/airflow/.local/lib/python3.8/site-packages/airflow/example_dags/tutorial_dag.py for tasks to queue
[2025-11-10T20:40:41.392+0000] {logging_mixin.py:188} INFO - [2025-11-10T20:40:41.391+0000] {dagbag.py:540} INFO - Filling up the DagBag from /home/airflow/.local/lib/python3.8/site-packages/airflow/example_dags/tutorial_dag.py
[2025-11-10T20:40:41.398+0000] {processor.py:840} INFO - DAG(s) 'tutorial_dag' retrieved from /home/airflow/.local/lib/python3.8/site-packages/airflow/example_dags/tutorial_dag.py
[2025-11-10T20:40:41.455+0000] {logging_mixin.py:188} INFO - [2025-11-10T20:40:41.454+0000] {dag.py:3047} INFO - Sync 1 DAGs
[2025-11-10T20:40:41.470+0000] {logging_mixin.py:188} INFO - [2025-11-10T20:40:41.470+0000] {dag.py:3834} INFO - Setting next_dagrun for tutorial_dag to None, run_after=None
[2025-11-10T20:40:41.495+0000] {processor.py:183} INFO - Processing /home/airflow/.local/lib/python3.8/site-packages/airflow/example_dags/tutorial_dag.py took 0.116 seconds
[2025-11-10T20:41:11.680+0000] {processor.py:161} INFO - Started process (PID=625) to work on /home/airflow/.local/lib/python3.8/site-packages/airflow/example_dags/tutorial_dag.py
[2025-11-10T20:41:11.683+0000] {processor.py:830} INFO - Processing file /home/airflow/.local/lib/python3.8/site-packages/airflow/example_dags/tutorial_dag.py for tasks to queue
[2025-11-10T20:41:11.687+0000] {logging_mixin.py:188} INFO - [2025-11-10T20:41:11.687+0000] {dagbag.py:540} INFO - Filling up the DagBag from /home/airflow/.local/lib/python3.8/site-packages/airflow/example_dags/tutorial_dag.py
[2025-11-10T20:41:11.694+0000] {processor.py:840} INFO - DAG(s) 'tutorial_dag' retrieved from /home/airflow/.local/lib/python3.8/site-packages/airflow/example_dags/tutorial_dag.py
[2025-11-10T20:41:11.723+0000] {logging_mixin.py:188} INFO - [2025-11-10T20:41:11.722+0000] {dag.py:3047} INFO - Sync 1 DAGs
[2025-11-10T20:41:11.740+0000] {logging_mixin.py:188} INFO - [2025-11-10T20:41:11.740+0000] {dag.py:3834} INFO - Setting next_dagrun for tutorial_dag to None, run_after=None
[2025-11-10T20:41:11.764+0000] {processor.py:183} INFO - Processing /home/airflow/.local/lib/python3.8/site-packages/airflow/example_dags/tutorial_dag.py took 0.095 seconds
[2025-11-10T20:41:42.179+0000] {processor.py:161} INFO - Started process (PID=680) to work on /home/airflow/.local/lib/python3.8/site-packages/airflow/example_dags/tutorial_dag.py
[2025-11-10T20:41:42.182+0000] {processor.py:830} INFO - Processing file /home/airflow/.local/lib/python3.8/site-packages/airflow/example_dags/tutorial_dag.py for tasks to queue
[2025-11-10T20:41:42.189+0000] {logging_mixin.py:188} INFO - [2025-11-10T20:41:42.188+0000] {dagbag.py:540} INFO - Filling up the DagBag from /home/airflow/.local/lib/python3.8/site-packages/airflow/example_dags/tutorial_dag.py
[2025-11-10T20:41:42.205+0000] {processor.py:840} INFO - DAG(s) 'tutorial_dag' retrieved from /home/airflow/.local/lib/python3.8/site-packages/airflow/example_dags/tutorial_dag.py
[2025-11-10T20:41:42.242+0000] {logging_mixin.py:188} INFO - [2025-11-10T20:41:42.242+0000] {dag.py:3047} INFO - Sync 1 DAGs
[2025-11-10T20:41:42.259+0000] {logging_mixin.py:188} INFO - [2025-11-10T20:41:42.258+0000] {dag.py:3834} INFO - Setting next_dagrun for tutorial_dag to None, run_after=None
[2025-11-10T20:41:42.280+0000] {processor.py:183} INFO - Processing /home/airflow/.local/lib/python3.8/site-packages/airflow/example_dags/tutorial_dag.py took 0.118 seconds
[2025-11-10T20:42:13.091+0000] {processor.py:161} INFO - Started process (PID=735) to work on /home/airflow/.local/lib/python3.8/site-packages/airflow/example_dags/tutorial_dag.py
[2025-11-10T20:42:13.097+0000] {processor.py:830} INFO - Processing file /home/airflow/.local/lib/python3.8/site-packages/airflow/example_dags/tutorial_dag.py for tasks to queue
[2025-11-10T20:42:13.106+0000] {logging_mixin.py:188} INFO - [2025-11-10T20:42:13.104+0000] {dagbag.py:540} INFO - Filling up the DagBag from /home/airflow/.local/lib/python3.8/site-packages/airflow/example_dags/tutorial_dag.py
[2025-11-10T20:42:13.126+0000] {processor.py:840} INFO - DAG(s) 'tutorial_dag' retrieved from /home/airflow/.local/lib/python3.8/site-packages/airflow/example_dags/tutorial_dag.py
[2025-11-10T20:42:13.185+0000] {logging_mixin.py:188} INFO - [2025-11-10T20:42:13.185+0000] {dag.py:3047} INFO - Sync 1 DAGs
[2025-11-10T20:42:13.205+0000] {logging_mixin.py:188} INFO - [2025-11-10T20:42:13.205+0000] {dag.py:3834} INFO - Setting next_dagrun for tutorial_dag to None, run_after=None
[2025-11-10T20:42:13.238+0000] {processor.py:183} INFO - Processing /home/airflow/.local/lib/python3.8/site-packages/airflow/example_dags/tutorial_dag.py took 0.159 seconds
[2025-11-10T20:42:43.818+0000] {processor.py:161} INFO - Started process (PID=790) to work on /home/airflow/.local/lib/python3.8/site-packages/airflow/example_dags/tutorial_dag.py
[2025-11-10T20:42:43.819+0000] {processor.py:830} INFO - Processing file /home/airflow/.local/lib/python3.8/site-packages/airflow/example_dags/tutorial_dag.py for tasks to queue
[2025-11-10T20:42:43.821+0000] {logging_mixin.py:188} INFO - [2025-11-10T20:42:43.821+0000] {dagbag.py:540} INFO - Filling up the DagBag from /home/airflow/.local/lib/python3.8/site-packages/airflow/example_dags/tutorial_dag.py
[2025-11-10T20:42:43.827+0000] {processor.py:840} INFO - DAG(s) 'tutorial_dag' retrieved from /home/airflow/.local/lib/python3.8/site-packages/airflow/example_dags/tutorial_dag.py
[2025-11-10T20:42:43.847+0000] {logging_mixin.py:188} INFO - [2025-11-10T20:42:43.847+0000] {dag.py:3047} INFO - Sync 1 DAGs
[2025-11-10T20:42:43.860+0000] {logging_mixin.py:188} INFO - [2025-11-10T20:42:43.859+0000] {dag.py:3834} INFO - Setting next_dagrun for tutorial_dag to None, run_after=None
[2025-11-10T20:42:43.877+0000] {processor.py:183} INFO - Processing /home/airflow/.local/lib/python3.8/site-packages/airflow/example_dags/tutorial_dag.py took 0.061 seconds
[2025-11-10T20:43:14.822+0000] {processor.py:161} INFO - Started process (PID=845) to work on /home/airflow/.local/lib/python3.8/site-packages/airflow/example_dags/tutorial_dag.py
[2025-11-10T20:43:14.826+0000] {processor.py:830} INFO - Processing file /home/airflow/.local/lib/python3.8/site-packages/airflow/example_dags/tutorial_dag.py for tasks to queue
[2025-11-10T20:43:14.833+0000] {logging_mixin.py:188} INFO - [2025-11-10T20:43:14.832+0000] {dagbag.py:540} INFO - Filling up the DagBag from /home/airflow/.local/lib/python3.8/site-packages/airflow/example_dags/tutorial_dag.py
[2025-11-10T20:43:14.846+0000] {processor.py:840} INFO - DAG(s) 'tutorial_dag' retrieved from /home/airflow/.local/lib/python3.8/site-packages/airflow/example_dags/tutorial_dag.py
[2025-11-10T20:43:14.877+0000] {logging_mixin.py:188} INFO - [2025-11-10T20:43:14.877+0000] {dag.py:3047} INFO - Sync 1 DAGs
[2025-11-10T20:43:14.892+0000] {logging_mixin.py:188} INFO - [2025-11-10T20:43:14.892+0000] {dag.py:3834} INFO - Setting next_dagrun for tutorial_dag to None, run_after=None
[2025-11-10T20:43:14.912+0000] {processor.py:183} INFO - Processing /home/airflow/.local/lib/python3.8/site-packages/airflow/example_dags/tutorial_dag.py took 0.101 seconds
[2025-11-10T20:43:45.232+0000] {processor.py:161} INFO - Started process (PID=899) to work on /home/airflow/.local/lib/python3.8/site-packages/airflow/example_dags/tutorial_dag.py
[2025-11-10T20:43:45.235+0000] {processor.py:830} INFO - Processing file /home/airflow/.local/lib/python3.8/site-packages/airflow/example_dags/tutorial_dag.py for tasks to queue
[2025-11-10T20:43:45.240+0000] {logging_mixin.py:188} INFO - [2025-11-10T20:43:45.239+0000] {dagbag.py:540} INFO - Filling up the DagBag from /home/airflow/.local/lib/python3.8/site-packages/airflow/example_dags/tutorial_dag.py
[2025-11-10T20:43:45.250+0000] {processor.py:840} INFO - DAG(s) 'tutorial_dag' retrieved from /home/airflow/.local/lib/python3.8/site-packages/airflow/example_dags/tutorial_dag.py
[2025-11-10T20:43:45.275+0000] {logging_mixin.py:188} INFO - [2025-11-10T20:43:45.274+0000] {dag.py:3047} INFO - Sync 1 DAGs
[2025-11-10T20:43:45.287+0000] {logging_mixin.py:188} INFO - [2025-11-10T20:43:45.286+0000] {dag.py:3834} INFO - Setting next_dagrun for tutorial_dag to None, run_after=None
[2025-11-10T20:43:45.305+0000] {processor.py:183} INFO - Processing /home/airflow/.local/lib/python3.8/site-packages/airflow/example_dags/tutorial_dag.py took 0.082 seconds
[2025-11-10T20:44:15.613+0000] {processor.py:161} INFO - Started process (PID=954) to work on /home/airflow/.local/lib/python3.8/site-packages/airflow/example_dags/tutorial_dag.py
[2025-11-10T20:44:15.615+0000] {processor.py:830} INFO - Processing file /home/airflow/.local/lib/python3.8/site-packages/airflow/example_dags/tutorial_dag.py for tasks to queue
[2025-11-10T20:44:15.617+0000] {logging_mixin.py:188} INFO - [2025-11-10T20:44:15.617+0000] {dagbag.py:540} INFO - Filling up the DagBag from /home/airflow/.local/lib/python3.8/site-packages/airflow/example_dags/tutorial_dag.py
[2025-11-10T20:44:15.622+0000] {processor.py:840} INFO - DAG(s) 'tutorial_dag' retrieved from /home/airflow/.local/lib/python3.8/site-packages/airflow/example_dags/tutorial_dag.py
[2025-11-10T20:44:15.642+0000] {logging_mixin.py:188} INFO - [2025-11-10T20:44:15.642+0000] {dag.py:3047} INFO - Sync 1 DAGs
[2025-11-10T20:44:15.655+0000] {logging_mixin.py:188} INFO - [2025-11-10T20:44:15.654+0000] {dag.py:3834} INFO - Setting next_dagrun for tutorial_dag to None, run_after=None
[2025-11-10T20:44:15.673+0000] {processor.py:183} INFO - Processing /home/airflow/.local/lib/python3.8/site-packages/airflow/example_dags/tutorial_dag.py took 0.064 seconds
[2025-11-10T20:44:46.162+0000] {processor.py:161} INFO - Started process (PID=1009) to work on /home/airflow/.local/lib/python3.8/site-packages/airflow/example_dags/tutorial_dag.py
[2025-11-10T20:44:46.163+0000] {processor.py:830} INFO - Processing file /home/airflow/.local/lib/python3.8/site-packages/airflow/example_dags/tutorial_dag.py for tasks to queue
[2025-11-10T20:44:46.166+0000] {logging_mixin.py:188} INFO - [2025-11-10T20:44:46.165+0000] {dagbag.py:540} INFO - Filling up the DagBag from /home/airflow/.local/lib/python3.8/site-packages/airflow/example_dags/tutorial_dag.py
[2025-11-10T20:44:46.172+0000] {processor.py:840} INFO - DAG(s) 'tutorial_dag' retrieved from /home/airflow/.local/lib/python3.8/site-packages/airflow/example_dags/tutorial_dag.py
[2025-11-10T20:44:46.196+0000] {logging_mixin.py:188} INFO - [2025-11-10T20:44:46.196+0000] {dag.py:3047} INFO - Sync 1 DAGs
[2025-11-10T20:44:46.208+0000] {logging_mixin.py:188} INFO - [2025-11-10T20:44:46.208+0000] {dag.py:3834} INFO - Setting next_dagrun for tutorial_dag to None, run_after=None
[2025-11-10T20:44:46.227+0000] {processor.py:183} INFO - Processing /home/airflow/.local/lib/python3.8/site-packages/airflow/example_dags/tutorial_dag.py took 0.070 seconds
[2025-11-10T20:45:16.394+0000] {processor.py:161} INFO - Started process (PID=1064) to work on /home/airflow/.local/lib/python3.8/site-packages/airflow/example_dags/tutorial_dag.py
[2025-11-10T20:45:16.397+0000] {processor.py:830} INFO - Processing file /home/airflow/.local/lib/python3.8/site-packages/airflow/example_dags/tutorial_dag.py for tasks to queue
[2025-11-10T20:45:16.401+0000] {logging_mixin.py:188} INFO - [2025-11-10T20:45:16.400+0000] {dagbag.py:540} INFO - Filling up the DagBag from /home/airflow/.local/lib/python3.8/site-packages/airflow/example_dags/tutorial_dag.py
[2025-11-10T20:45:16.413+0000] {processor.py:840} INFO - DAG(s) 'tutorial_dag' retrieved from /home/airflow/.local/lib/python3.8/site-packages/airflow/example_dags/tutorial_dag.py
[2025-11-10T20:45:16.439+0000] {logging_mixin.py:188} INFO - [2025-11-10T20:45:16.439+0000] {dag.py:3047} INFO - Sync 1 DAGs
[2025-11-10T20:45:16.455+0000] {logging_mixin.py:188} INFO - [2025-11-10T20:45:16.454+0000] {dag.py:3834} INFO - Setting next_dagrun for tutorial_dag to None, run_after=None
[2025-11-10T20:45:16.478+0000] {processor.py:183} INFO - Processing /home/airflow/.local/lib/python3.8/site-packages/airflow/example_dags/tutorial_dag.py took 0.092 seconds
[2025-11-10T20:45:46.605+0000] {processor.py:161} INFO - Started process (PID=1119) to work on /home/airflow/.local/lib/python3.8/site-packages/airflow/example_dags/tutorial_dag.py
[2025-11-10T20:45:46.609+0000] {processor.py:830} INFO - Processing file /home/airflow/.local/lib/python3.8/site-packages/airflow/example_dags/tutorial_dag.py for tasks to queue
[2025-11-10T20:45:46.613+0000] {logging_mixin.py:188} INFO - [2025-11-10T20:45:46.613+0000] {dagbag.py:540} INFO - Filling up the DagBag from /home/airflow/.local/lib/python3.8/site-packages/airflow/example_dags/tutorial_dag.py
[2025-11-10T20:45:46.621+0000] {processor.py:840} INFO - DAG(s) 'tutorial_dag' retrieved from /home/airflow/.local/lib/python3.8/site-packages/airflow/example_dags/tutorial_dag.py
[2025-11-10T20:45:46.641+0000] {logging_mixin.py:188} INFO - [2025-11-10T20:45:46.641+0000] {dag.py:3047} INFO - Sync 1 DAGs
[2025-11-10T20:45:46.654+0000] {logging_mixin.py:188} INFO - [2025-11-10T20:45:46.653+0000] {dag.py:3834} INFO - Setting next_dagrun for tutorial_dag to None, run_after=None
[2025-11-10T20:45:46.673+0000] {processor.py:183} INFO - Processing /home/airflow/.local/lib/python3.8/site-packages/airflow/example_dags/tutorial_dag.py took 0.072 seconds
[2025-11-10T20:46:16.828+0000] {processor.py:161} INFO - Started process (PID=1174) to work on /home/airflow/.local/lib/python3.8/site-packages/airflow/example_dags/tutorial_dag.py
[2025-11-10T20:46:16.830+0000] {processor.py:830} INFO - Processing file /home/airflow/.local/lib/python3.8/site-packages/airflow/example_dags/tutorial_dag.py for tasks to queue
[2025-11-10T20:46:16.833+0000] {logging_mixin.py:188} INFO - [2025-11-10T20:46:16.832+0000] {dagbag.py:540} INFO - Filling up the DagBag from /home/airflow/.local/lib/python3.8/site-packages/airflow/example_dags/tutorial_dag.py
[2025-11-10T20:46:16.840+0000] {processor.py:840} INFO - DAG(s) 'tutorial_dag' retrieved from /home/airflow/.local/lib/python3.8/site-packages/airflow/example_dags/tutorial_dag.py
[2025-11-10T20:46:16.861+0000] {logging_mixin.py:188} INFO - [2025-11-10T20:46:16.861+0000] {dag.py:3047} INFO - Sync 1 DAGs
[2025-11-10T20:46:16.873+0000] {logging_mixin.py:188} INFO - [2025-11-10T20:46:16.873+0000] {dag.py:3834} INFO - Setting next_dagrun for tutorial_dag to None, run_after=None
[2025-11-10T20:46:16.894+0000] {processor.py:183} INFO - Processing /home/airflow/.local/lib/python3.8/site-packages/airflow/example_dags/tutorial_dag.py took 0.073 seconds
[2025-11-10T20:46:47.080+0000] {processor.py:161} INFO - Started process (PID=1230) to work on /home/airflow/.local/lib/python3.8/site-packages/airflow/example_dags/tutorial_dag.py
[2025-11-10T20:46:47.083+0000] {processor.py:830} INFO - Processing file /home/airflow/.local/lib/python3.8/site-packages/airflow/example_dags/tutorial_dag.py for tasks to queue
[2025-11-10T20:46:47.088+0000] {logging_mixin.py:188} INFO - [2025-11-10T20:46:47.088+0000] {dagbag.py:540} INFO - Filling up the DagBag from /home/airflow/.local/lib/python3.8/site-packages/airflow/example_dags/tutorial_dag.py
[2025-11-10T20:46:47.103+0000] {processor.py:840} INFO - DAG(s) 'tutorial_dag' retrieved from /home/airflow/.local/lib/python3.8/site-packages/airflow/example_dags/tutorial_dag.py
[2025-11-10T20:46:47.144+0000] {logging_mixin.py:188} INFO - [2025-11-10T20:46:47.143+0000] {dag.py:3047} INFO - Sync 1 DAGs
[2025-11-10T20:46:47.157+0000] {logging_mixin.py:188} INFO - [2025-11-10T20:46:47.157+0000] {dag.py:3834} INFO - Setting next_dagrun for tutorial_dag to None, run_after=None
[2025-11-10T20:46:47.178+0000] {processor.py:183} INFO - Processing /home/airflow/.local/lib/python3.8/site-packages/airflow/example_dags/tutorial_dag.py took 0.106 seconds
[2025-11-10T20:47:17.599+0000] {processor.py:161} INFO - Started process (PID=1285) to work on /home/airflow/.local/lib/python3.8/site-packages/airflow/example_dags/tutorial_dag.py
[2025-11-10T20:47:17.602+0000] {processor.py:830} INFO - Processing file /home/airflow/.local/lib/python3.8/site-packages/airflow/example_dags/tutorial_dag.py for tasks to queue
[2025-11-10T20:47:17.607+0000] {logging_mixin.py:188} INFO - [2025-11-10T20:47:17.606+0000] {dagbag.py:540} INFO - Filling up the DagBag from /home/airflow/.local/lib/python3.8/site-packages/airflow/example_dags/tutorial_dag.py
[2025-11-10T20:47:17.619+0000] {processor.py:840} INFO - DAG(s) 'tutorial_dag' retrieved from /home/airflow/.local/lib/python3.8/site-packages/airflow/example_dags/tutorial_dag.py
[2025-11-10T20:47:17.642+0000] {logging_mixin.py:188} INFO - [2025-11-10T20:47:17.642+0000] {dag.py:3047} INFO - Sync 1 DAGs
[2025-11-10T20:47:17.654+0000] {logging_mixin.py:188} INFO - [2025-11-10T20:47:17.654+0000] {dag.py:3834} INFO - Setting next_dagrun for tutorial_dag to None, run_after=None
[2025-11-10T20:47:17.676+0000] {processor.py:183} INFO - Processing /home/airflow/.local/lib/python3.8/site-packages/airflow/example_dags/tutorial_dag.py took 0.085 seconds
[2025-11-10T20:47:47.775+0000] {processor.py:161} INFO - Started process (PID=1340) to work on /home/airflow/.local/lib/python3.8/site-packages/airflow/example_dags/tutorial_dag.py
[2025-11-10T20:47:47.777+0000] {processor.py:830} INFO - Processing file /home/airflow/.local/lib/python3.8/site-packages/airflow/example_dags/tutorial_dag.py for tasks to queue
[2025-11-10T20:47:47.780+0000] {logging_mixin.py:188} INFO - [2025-11-10T20:47:47.779+0000] {dagbag.py:540} INFO - Filling up the DagBag from /home/airflow/.local/lib/python3.8/site-packages/airflow/example_dags/tutorial_dag.py
[2025-11-10T20:47:47.786+0000] {processor.py:840} INFO - DAG(s) 'tutorial_dag' retrieved from /home/airflow/.local/lib/python3.8/site-packages/airflow/example_dags/tutorial_dag.py
[2025-11-10T20:47:47.805+0000] {logging_mixin.py:188} INFO - [2025-11-10T20:47:47.805+0000] {dag.py:3047} INFO - Sync 1 DAGs
[2025-11-10T20:47:47.817+0000] {logging_mixin.py:188} INFO - [2025-11-10T20:47:47.816+0000] {dag.py:3834} INFO - Setting next_dagrun for tutorial_dag to None, run_after=None
[2025-11-10T20:47:47.834+0000] {processor.py:183} INFO - Processing /home/airflow/.local/lib/python3.8/site-packages/airflow/example_dags/tutorial_dag.py took 0.063 seconds
[2025-11-10T20:48:18.233+0000] {processor.py:161} INFO - Started process (PID=1395) to work on /home/airflow/.local/lib/python3.8/site-packages/airflow/example_dags/tutorial_dag.py
[2025-11-10T20:48:18.235+0000] {processor.py:830} INFO - Processing file /home/airflow/.local/lib/python3.8/site-packages/airflow/example_dags/tutorial_dag.py for tasks to queue
[2025-11-10T20:48:18.238+0000] {logging_mixin.py:188} INFO - [2025-11-10T20:48:18.238+0000] {dagbag.py:540} INFO - Filling up the DagBag from /home/airflow/.local/lib/python3.8/site-packages/airflow/example_dags/tutorial_dag.py
[2025-11-10T20:48:18.248+0000] {processor.py:840} INFO - DAG(s) 'tutorial_dag' retrieved from /home/airflow/.local/lib/python3.8/site-packages/airflow/example_dags/tutorial_dag.py
[2025-11-10T20:48:18.271+0000] {logging_mixin.py:188} INFO - [2025-11-10T20:48:18.270+0000] {dag.py:3047} INFO - Sync 1 DAGs
[2025-11-10T20:48:18.284+0000] {logging_mixin.py:188} INFO - [2025-11-10T20:48:18.283+0000] {dag.py:3834} INFO - Setting next_dagrun for tutorial_dag to None, run_after=None
[2025-11-10T20:48:18.304+0000] {processor.py:183} INFO - Processing /home/airflow/.local/lib/python3.8/site-packages/airflow/example_dags/tutorial_dag.py took 0.078 seconds
[2025-11-10T20:48:48.670+0000] {processor.py:161} INFO - Started process (PID=1450) to work on /home/airflow/.local/lib/python3.8/site-packages/airflow/example_dags/tutorial_dag.py
[2025-11-10T20:48:48.673+0000] {processor.py:830} INFO - Processing file /home/airflow/.local/lib/python3.8/site-packages/airflow/example_dags/tutorial_dag.py for tasks to queue
[2025-11-10T20:48:48.676+0000] {logging_mixin.py:188} INFO - [2025-11-10T20:48:48.676+0000] {dagbag.py:540} INFO - Filling up the DagBag from /home/airflow/.local/lib/python3.8/site-packages/airflow/example_dags/tutorial_dag.py
[2025-11-10T20:48:48.684+0000] {processor.py:840} INFO - DAG(s) 'tutorial_dag' retrieved from /home/airflow/.local/lib/python3.8/site-packages/airflow/example_dags/tutorial_dag.py
[2025-11-10T20:48:48.703+0000] {logging_mixin.py:188} INFO - [2025-11-10T20:48:48.703+0000] {dag.py:3047} INFO - Sync 1 DAGs
[2025-11-10T20:48:48.716+0000] {logging_mixin.py:188} INFO - [2025-11-10T20:48:48.716+0000] {dag.py:3834} INFO - Setting next_dagrun for tutorial_dag to None, run_after=None
[2025-11-10T20:48:48.736+0000] {processor.py:183} INFO - Processing /home/airflow/.local/lib/python3.8/site-packages/airflow/example_dags/tutorial_dag.py took 0.073 seconds
[2025-11-10T20:49:19.344+0000] {processor.py:161} INFO - Started process (PID=1506) to work on /home/airflow/.local/lib/python3.8/site-packages/airflow/example_dags/tutorial_dag.py
[2025-11-10T20:49:19.347+0000] {processor.py:830} INFO - Processing file /home/airflow/.local/lib/python3.8/site-packages/airflow/example_dags/tutorial_dag.py for tasks to queue
[2025-11-10T20:49:19.350+0000] {logging_mixin.py:188} INFO - [2025-11-10T20:49:19.350+0000] {dagbag.py:540} INFO - Filling up the DagBag from /home/airflow/.local/lib/python3.8/site-packages/airflow/example_dags/tutorial_dag.py
[2025-11-10T20:49:19.357+0000] {processor.py:840} INFO - DAG(s) 'tutorial_dag' retrieved from /home/airflow/.local/lib/python3.8/site-packages/airflow/example_dags/tutorial_dag.py
[2025-11-10T20:49:19.379+0000] {logging_mixin.py:188} INFO - [2025-11-10T20:49:19.378+0000] {dag.py:3047} INFO - Sync 1 DAGs
[2025-11-10T20:49:19.393+0000] {logging_mixin.py:188} INFO - [2025-11-10T20:49:19.393+0000] {dag.py:3834} INFO - Setting next_dagrun for tutorial_dag to None, run_after=None
[2025-11-10T20:49:19.414+0000] {processor.py:183} INFO - Processing /home/airflow/.local/lib/python3.8/site-packages/airflow/example_dags/tutorial_dag.py took 0.076 seconds
[2025-11-10T20:49:49.917+0000] {processor.py:161} INFO - Started process (PID=1561) to work on /home/airflow/.local/lib/python3.8/site-packages/airflow/example_dags/tutorial_dag.py
[2025-11-10T20:49:49.918+0000] {processor.py:830} INFO - Processing file /home/airflow/.local/lib/python3.8/site-packages/airflow/example_dags/tutorial_dag.py for tasks to queue
[2025-11-10T20:49:49.920+0000] {logging_mixin.py:188} INFO - [2025-11-10T20:49:49.919+0000] {dagbag.py:540} INFO - Filling up the DagBag from /home/airflow/.local/lib/python3.8/site-packages/airflow/example_dags/tutorial_dag.py
[2025-11-10T20:49:49.926+0000] {processor.py:840} INFO - DAG(s) 'tutorial_dag' retrieved from /home/airflow/.local/lib/python3.8/site-packages/airflow/example_dags/tutorial_dag.py
[2025-11-10T20:49:49.945+0000] {logging_mixin.py:188} INFO - [2025-11-10T20:49:49.945+0000] {dag.py:3047} INFO - Sync 1 DAGs
[2025-11-10T20:49:49.957+0000] {logging_mixin.py:188} INFO - [2025-11-10T20:49:49.957+0000] {dag.py:3834} INFO - Setting next_dagrun for tutorial_dag to None, run_after=None
[2025-11-10T20:49:49.979+0000] {processor.py:183} INFO - Processing /home/airflow/.local/lib/python3.8/site-packages/airflow/example_dags/tutorial_dag.py took 0.066 seconds
[2025-11-10T20:50:20.098+0000] {processor.py:161} INFO - Started process (PID=1616) to work on /home/airflow/.local/lib/python3.8/site-packages/airflow/example_dags/tutorial_dag.py
[2025-11-10T20:50:20.099+0000] {processor.py:830} INFO - Processing file /home/airflow/.local/lib/python3.8/site-packages/airflow/example_dags/tutorial_dag.py for tasks to queue
[2025-11-10T20:50:20.102+0000] {logging_mixin.py:188} INFO - [2025-11-10T20:50:20.101+0000] {dagbag.py:540} INFO - Filling up the DagBag from /home/airflow/.local/lib/python3.8/site-packages/airflow/example_dags/tutorial_dag.py
[2025-11-10T20:50:20.113+0000] {processor.py:840} INFO - DAG(s) 'tutorial_dag' retrieved from /home/airflow/.local/lib/python3.8/site-packages/airflow/example_dags/tutorial_dag.py
[2025-11-10T20:50:20.149+0000] {logging_mixin.py:188} INFO - [2025-11-10T20:50:20.148+0000] {dag.py:3047} INFO - Sync 1 DAGs
[2025-11-10T20:50:20.166+0000] {logging_mixin.py:188} INFO - [2025-11-10T20:50:20.166+0000] {dag.py:3834} INFO - Setting next_dagrun for tutorial_dag to None, run_after=None
[2025-11-10T20:50:20.203+0000] {processor.py:183} INFO - Processing /home/airflow/.local/lib/python3.8/site-packages/airflow/example_dags/tutorial_dag.py took 0.110 seconds
[2025-11-10T20:50:50.752+0000] {processor.py:161} INFO - Started process (PID=1671) to work on /home/airflow/.local/lib/python3.8/site-packages/airflow/example_dags/tutorial_dag.py
[2025-11-10T20:50:50.754+0000] {processor.py:830} INFO - Processing file /home/airflow/.local/lib/python3.8/site-packages/airflow/example_dags/tutorial_dag.py for tasks to queue
[2025-11-10T20:50:50.759+0000] {logging_mixin.py:188} INFO - [2025-11-10T20:50:50.758+0000] {dagbag.py:540} INFO - Filling up the DagBag from /home/airflow/.local/lib/python3.8/site-packages/airflow/example_dags/tutorial_dag.py
[2025-11-10T20:50:50.767+0000] {processor.py:840} INFO - DAG(s) 'tutorial_dag' retrieved from /home/airflow/.local/lib/python3.8/site-packages/airflow/example_dags/tutorial_dag.py
[2025-11-10T20:50:50.789+0000] {logging_mixin.py:188} INFO - [2025-11-10T20:50:50.789+0000] {dag.py:3047} INFO - Sync 1 DAGs
[2025-11-10T20:50:50.803+0000] {logging_mixin.py:188} INFO - [2025-11-10T20:50:50.803+0000] {dag.py:3834} INFO - Setting next_dagrun for tutorial_dag to None, run_after=None
[2025-11-10T20:50:50.825+0000] {processor.py:183} INFO - Processing /home/airflow/.local/lib/python3.8/site-packages/airflow/example_dags/tutorial_dag.py took 0.085 seconds
[2025-11-10T20:51:21.108+0000] {processor.py:161} INFO - Started process (PID=1726) to work on /home/airflow/.local/lib/python3.8/site-packages/airflow/example_dags/tutorial_dag.py
[2025-11-10T20:51:21.110+0000] {processor.py:830} INFO - Processing file /home/airflow/.local/lib/python3.8/site-packages/airflow/example_dags/tutorial_dag.py for tasks to queue
[2025-11-10T20:51:21.113+0000] {logging_mixin.py:188} INFO - [2025-11-10T20:51:21.113+0000] {dagbag.py:540} INFO - Filling up the DagBag from /home/airflow/.local/lib/python3.8/site-packages/airflow/example_dags/tutorial_dag.py
[2025-11-10T20:51:21.121+0000] {processor.py:840} INFO - DAG(s) 'tutorial_dag' retrieved from /home/airflow/.local/lib/python3.8/site-packages/airflow/example_dags/tutorial_dag.py
[2025-11-10T20:51:21.143+0000] {logging_mixin.py:188} INFO - [2025-11-10T20:51:21.143+0000] {dag.py:3047} INFO - Sync 1 DAGs
[2025-11-10T20:51:21.156+0000] {logging_mixin.py:188} INFO - [2025-11-10T20:51:21.155+0000] {dag.py:3834} INFO - Setting next_dagrun for tutorial_dag to None, run_after=None
[2025-11-10T20:51:21.176+0000] {processor.py:183} INFO - Processing /home/airflow/.local/lib/python3.8/site-packages/airflow/example_dags/tutorial_dag.py took 0.073 seconds
[2025-11-10T20:51:51.451+0000] {processor.py:161} INFO - Started process (PID=1781) to work on /home/airflow/.local/lib/python3.8/site-packages/airflow/example_dags/tutorial_dag.py
[2025-11-10T20:51:51.453+0000] {processor.py:830} INFO - Processing file /home/airflow/.local/lib/python3.8/site-packages/airflow/example_dags/tutorial_dag.py for tasks to queue
[2025-11-10T20:51:51.457+0000] {logging_mixin.py:188} INFO - [2025-11-10T20:51:51.456+0000] {dagbag.py:540} INFO - Filling up the DagBag from /home/airflow/.local/lib/python3.8/site-packages/airflow/example_dags/tutorial_dag.py
[2025-11-10T20:51:51.465+0000] {processor.py:840} INFO - DAG(s) 'tutorial_dag' retrieved from /home/airflow/.local/lib/python3.8/site-packages/airflow/example_dags/tutorial_dag.py
[2025-11-10T20:51:51.487+0000] {logging_mixin.py:188} INFO - [2025-11-10T20:51:51.487+0000] {dag.py:3047} INFO - Sync 1 DAGs
[2025-11-10T20:51:51.499+0000] {logging_mixin.py:188} INFO - [2025-11-10T20:51:51.498+0000] {dag.py:3834} INFO - Setting next_dagrun for tutorial_dag to None, run_after=None
[2025-11-10T20:51:51.518+0000] {processor.py:183} INFO - Processing /home/airflow/.local/lib/python3.8/site-packages/airflow/example_dags/tutorial_dag.py took 0.074 seconds
[2025-11-10T20:52:21.769+0000] {processor.py:161} INFO - Started process (PID=1836) to work on /home/airflow/.local/lib/python3.8/site-packages/airflow/example_dags/tutorial_dag.py
[2025-11-10T20:52:21.771+0000] {processor.py:830} INFO - Processing file /home/airflow/.local/lib/python3.8/site-packages/airflow/example_dags/tutorial_dag.py for tasks to queue
[2025-11-10T20:52:21.774+0000] {logging_mixin.py:188} INFO - [2025-11-10T20:52:21.773+0000] {dagbag.py:540} INFO - Filling up the DagBag from /home/airflow/.local/lib/python3.8/site-packages/airflow/example_dags/tutorial_dag.py
[2025-11-10T20:52:21.781+0000] {processor.py:840} INFO - DAG(s) 'tutorial_dag' retrieved from /home/airflow/.local/lib/python3.8/site-packages/airflow/example_dags/tutorial_dag.py
[2025-11-10T20:52:21.802+0000] {logging_mixin.py:188} INFO - [2025-11-10T20:52:21.802+0000] {dag.py:3047} INFO - Sync 1 DAGs
[2025-11-10T20:52:21.814+0000] {logging_mixin.py:188} INFO - [2025-11-10T20:52:21.813+0000] {dag.py:3834} INFO - Setting next_dagrun for tutorial_dag to None, run_after=None
[2025-11-10T20:52:21.832+0000] {processor.py:183} INFO - Processing /home/airflow/.local/lib/python3.8/site-packages/airflow/example_dags/tutorial_dag.py took 0.069 seconds
[2025-11-10T20:52:52.144+0000] {processor.py:161} INFO - Started process (PID=1891) to work on /home/airflow/.local/lib/python3.8/site-packages/airflow/example_dags/tutorial_dag.py
[2025-11-10T20:52:52.145+0000] {processor.py:830} INFO - Processing file /home/airflow/.local/lib/python3.8/site-packages/airflow/example_dags/tutorial_dag.py for tasks to queue
[2025-11-10T20:52:52.147+0000] {logging_mixin.py:188} INFO - [2025-11-10T20:52:52.147+0000] {dagbag.py:540} INFO - Filling up the DagBag from /home/airflow/.local/lib/python3.8/site-packages/airflow/example_dags/tutorial_dag.py
[2025-11-10T20:52:52.152+0000] {processor.py:840} INFO - DAG(s) 'tutorial_dag' retrieved from /home/airflow/.local/lib/python3.8/site-packages/airflow/example_dags/tutorial_dag.py
[2025-11-10T20:52:52.173+0000] {logging_mixin.py:188} INFO - [2025-11-10T20:52:52.173+0000] {dag.py:3047} INFO - Sync 1 DAGs
[2025-11-10T20:52:52.185+0000] {logging_mixin.py:188} INFO - [2025-11-10T20:52:52.184+0000] {dag.py:3834} INFO - Setting next_dagrun for tutorial_dag to None, run_after=None
[2025-11-10T20:52:52.208+0000] {processor.py:183} INFO - Processing /home/airflow/.local/lib/python3.8/site-packages/airflow/example_dags/tutorial_dag.py took 0.067 seconds
[2025-11-10T20:53:22.550+0000] {processor.py:161} INFO - Started process (PID=1946) to work on /home/airflow/.local/lib/python3.8/site-packages/airflow/example_dags/tutorial_dag.py
[2025-11-10T20:53:22.552+0000] {processor.py:830} INFO - Processing file /home/airflow/.local/lib/python3.8/site-packages/airflow/example_dags/tutorial_dag.py for tasks to queue
[2025-11-10T20:53:22.555+0000] {logging_mixin.py:188} INFO - [2025-11-10T20:53:22.555+0000] {dagbag.py:540} INFO - Filling up the DagBag from /home/airflow/.local/lib/python3.8/site-packages/airflow/example_dags/tutorial_dag.py
[2025-11-10T20:53:22.562+0000] {processor.py:840} INFO - DAG(s) 'tutorial_dag' retrieved from /home/airflow/.local/lib/python3.8/site-packages/airflow/example_dags/tutorial_dag.py
[2025-11-10T20:53:22.590+0000] {logging_mixin.py:188} INFO - [2025-11-10T20:53:22.589+0000] {dag.py:3047} INFO - Sync 1 DAGs
[2025-11-10T20:53:22.604+0000] {logging_mixin.py:188} INFO - [2025-11-10T20:53:22.604+0000] {dag.py:3834} INFO - Setting next_dagrun for tutorial_dag to None, run_after=None
[2025-11-10T20:53:22.626+0000] {processor.py:183} INFO - Processing /home/airflow/.local/lib/python3.8/site-packages/airflow/example_dags/tutorial_dag.py took 0.080 seconds
